[2025-05-15T10:27:18.189+0000] {local_task_job_runner.py:120} INFO - ::group::Pre task execution logs
[2025-05-15T10:27:18.221+0000] {taskinstance.py:2076} INFO - Dependencies all met for dep_context=non-requeueable deps ti=<TaskInstance: vietnamnet_crawler_24h.crawl_giao-duc manual__2025-05-15T10:23:48.877890+00:00 [queued]>
[2025-05-15T10:27:18.234+0000] {taskinstance.py:2076} INFO - Dependencies all met for dep_context=requeueable deps ti=<TaskInstance: vietnamnet_crawler_24h.crawl_giao-duc manual__2025-05-15T10:23:48.877890+00:00 [queued]>
[2025-05-15T10:27:18.234+0000] {taskinstance.py:2306} INFO - Starting attempt 1 of 2
[2025-05-15T10:27:18.252+0000] {taskinstance.py:2330} INFO - Executing <Task(PythonOperator): crawl_giao-duc> on 2025-05-15 10:23:48.877890+00:00
[2025-05-15T10:27:18.260+0000] {warnings.py:112} WARNING - /home/***/.local/lib/python3.12/site-packages/***/task/task_runner/standard_task_runner.py:61: DeprecationWarning: This process (pid=4273) is multi-threaded, use of fork() may lead to deadlocks in the child.
  pid = os.fork()

[2025-05-15T10:27:18.262+0000] {standard_task_runner.py:63} INFO - Started process 4289 to run task
[2025-05-15T10:27:18.264+0000] {standard_task_runner.py:90} INFO - Running: ['***', 'tasks', 'run', 'vietnamnet_crawler_24h', 'crawl_giao-duc', 'manual__2025-05-15T10:23:48.877890+00:00', '--job-id', '13', '--raw', '--subdir', 'DAGS_FOLDER/dags.py', '--cfg-path', '/tmp/tmp0aaxxtjd']
[2025-05-15T10:27:18.267+0000] {standard_task_runner.py:91} INFO - Job 13: Subtask crawl_giao-duc
[2025-05-15T10:27:18.327+0000] {task_command.py:426} INFO - Running <TaskInstance: vietnamnet_crawler_24h.crawl_giao-duc manual__2025-05-15T10:23:48.877890+00:00 [running]> on host 45f6bdc6b965
[2025-05-15T10:27:18.455+0000] {taskinstance.py:2648} INFO - Exporting env vars: AIRFLOW_CTX_DAG_OWNER='***' AIRFLOW_CTX_DAG_ID='vietnamnet_crawler_24h' AIRFLOW_CTX_TASK_ID='crawl_giao-duc' AIRFLOW_CTX_EXECUTION_DATE='2025-05-15T10:23:48.877890+00:00' AIRFLOW_CTX_TRY_NUMBER='1' AIRFLOW_CTX_DAG_RUN_ID='manual__2025-05-15T10:23:48.877890+00:00'
[2025-05-15T10:27:18.458+0000] {taskinstance.py:430} INFO - ::endgroup::
[2025-05-15T10:27:18.792+0000] {crawler.py:54} INFO - Đã kết nối thành công với MongoDB: News
[2025-05-15T10:27:19.043+0000] {crawler.py:44} INFO - ArticleSummarizer đã được khởi tạo thành công
[2025-05-15T10:27:19.987+0000] {logging_mixin.py:188} INFO - [INIT].... → Crawl4AI 0.6.2
[2025-05-15T10:27:25.729+0000] {logging_mixin.py:188} INFO - [FETCH]... ↓ https://vietnamnet.vn/tin-tuc-24h?bydaterang=&cate=000006                                            | 
[2025-05-15T10:27:25.732+0000] {logging_mixin.py:188} INFO - ✓
[2025-05-15T10:27:25.734+0000] {logging_mixin.py:188} INFO -  | ⏱: 5.64s
[2025-05-15T10:27:26.194+0000] {logging_mixin.py:188} INFO - [SCRAPE].. ◆ https://vietnamnet.vn/tin-tuc-24h?bydaterang=&cate=000006                                            | 
[2025-05-15T10:27:26.195+0000] {logging_mixin.py:188} INFO - ✓
[2025-05-15T10:27:26.196+0000] {logging_mixin.py:188} INFO -  | ⏱: 0.46s
[2025-05-15T10:27:26.199+0000] {logging_mixin.py:188} INFO - [COMPLETE] ● https://vietnamnet.vn/tin-tuc-24h?bydaterang=&cate=000006                                            | 
[2025-05-15T10:27:26.199+0000] {logging_mixin.py:188} INFO - ✓
[2025-05-15T10:27:26.200+0000] {logging_mixin.py:188} INFO -  | ⏱: 6.11s
[2025-05-15T10:27:26.730+0000] {crawler.py:84} INFO - Tìm thấy 25 link bài viết cho danh mục giao-duc
[2025-05-15T10:27:28.823+0000] {crawler.py:103} INFO - Đã lọc: 25 URLs ban đầu -> 0 URLs mới
[2025-05-15T10:27:28.824+0000] {crawler.py:222} INFO - Không có bài viết mới nào trong danh mục giao-duc cần crawl.
[2025-05-15T10:27:28.824+0000] {crawler.py:257} INFO - Không có bài viết để lưu vào collection 'giao-duc'
[2025-05-15T10:27:28.885+0000] {python.py:237} INFO - Done. Returned value was: None
[2025-05-15T10:27:28.886+0000] {taskinstance.py:441} INFO - ::group::Post task execution logs
[2025-05-15T10:27:28.896+0000] {taskinstance.py:1206} INFO - Marking task as SUCCESS. dag_id=vietnamnet_crawler_24h, task_id=crawl_giao-duc, run_id=manual__2025-05-15T10:23:48.877890+00:00, execution_date=20250515T102348, start_date=20250515T102718, end_date=20250515T102728
[2025-05-15T10:27:28.937+0000] {local_task_job_runner.py:240} INFO - Task exited with return code 0
[2025-05-15T10:27:28.987+0000] {taskinstance.py:3503} INFO - 1 downstream tasks scheduled from follow-on schedule check
[2025-05-15T10:27:28.990+0000] {local_task_job_runner.py:222} INFO - ::endgroup::
