[2025-05-18T22:16:34.896+0000] {local_task_job_runner.py:120} INFO - ::group::Pre task execution logs
[2025-05-18T22:16:34.920+0000] {taskinstance.py:2076} INFO - Dependencies all met for dep_context=non-requeueable deps ti=<TaskInstance: vietnamnet_crawler_24h.crawl_cong-nghe scheduled__2025-05-18T21:30:00+00:00 [queued]>
[2025-05-18T22:16:34.932+0000] {taskinstance.py:2076} INFO - Dependencies all met for dep_context=requeueable deps ti=<TaskInstance: vietnamnet_crawler_24h.crawl_cong-nghe scheduled__2025-05-18T21:30:00+00:00 [queued]>
[2025-05-18T22:16:34.933+0000] {taskinstance.py:2306} INFO - Starting attempt 1 of 2
[2025-05-18T22:16:34.951+0000] {taskinstance.py:2330} INFO - Executing <Task(PythonOperator): crawl_cong-nghe> on 2025-05-18 21:30:00+00:00
[2025-05-18T22:16:34.959+0000] {warnings.py:112} WARNING - /home/***/.local/lib/python3.12/site-packages/***/task/task_runner/standard_task_runner.py:61: DeprecationWarning: This process (pid=19369) is multi-threaded, use of fork() may lead to deadlocks in the child.
  pid = os.fork()

[2025-05-18T22:16:34.960+0000] {standard_task_runner.py:63} INFO - Started process 19382 to run task
[2025-05-18T22:16:34.963+0000] {standard_task_runner.py:90} INFO - Running: ['***', 'tasks', 'run', 'vietnamnet_crawler_24h', 'crawl_cong-nghe', 'scheduled__2025-05-18T21:30:00+00:00', '--job-id', '64', '--raw', '--subdir', 'DAGS_FOLDER/dags.py', '--cfg-path', '/tmp/tmphjr2jf72']
[2025-05-18T22:16:34.966+0000] {standard_task_runner.py:91} INFO - Job 64: Subtask crawl_cong-nghe
[2025-05-18T22:16:35.020+0000] {task_command.py:426} INFO - Running <TaskInstance: vietnamnet_crawler_24h.crawl_cong-nghe scheduled__2025-05-18T21:30:00+00:00 [running]> on host a383b65f89e1
[2025-05-18T22:16:35.145+0000] {taskinstance.py:2648} INFO - Exporting env vars: AIRFLOW_CTX_DAG_OWNER='***' AIRFLOW_CTX_DAG_ID='vietnamnet_crawler_24h' AIRFLOW_CTX_TASK_ID='crawl_cong-nghe' AIRFLOW_CTX_EXECUTION_DATE='2025-05-18T21:30:00+00:00' AIRFLOW_CTX_TRY_NUMBER='1' AIRFLOW_CTX_DAG_RUN_ID='scheduled__2025-05-18T21:30:00+00:00'
[2025-05-18T22:16:35.146+0000] {taskinstance.py:430} INFO - ::endgroup::
[2025-05-18T22:16:35.571+0000] {crawler.py:55} INFO - Đã kết nối thành công với MongoDB: News
[2025-05-18T22:16:36.543+0000] {logging_mixin.py:188} INFO - [INIT].... → Crawl4AI 0.6.3
[2025-05-18T22:16:40.031+0000] {logging_mixin.py:188} INFO - [FETCH]... ↓ https://vietnamnet.vn/tin-tuc-24h?bydaterang=&cate=00MK8V          
| ✓ | ⏱: 3.37s
[2025-05-18T22:16:40.241+0000] {logging_mixin.py:188} INFO - [SCRAPE].. ◆ https://vietnamnet.vn/tin-tuc-24h?bydaterang=&cate=00MK8V          
| ✓ | ⏱: 0.21s
[2025-05-18T22:16:40.243+0000] {logging_mixin.py:188} INFO - [COMPLETE] ● https://vietnamnet.vn/tin-tuc-24h?bydaterang=&cate=00MK8V          
| ✓ | ⏱: 3.58s
[2025-05-18T22:16:40.539+0000] {crawler.py:85} INFO - Tìm thấy 25 link bài viết cho danh mục cong-nghe
[2025-05-18T22:16:41.184+0000] {crawler.py:110} INFO - Đã lọc: 25 URLs ban đầu -> 0 URLs sau xử lý live
[2025-05-18T22:16:41.185+0000] {crawler.py:252} INFO - Không có bài viết mới nào trong danh mục cong-nghe cần crawl.
[2025-05-18T22:16:41.256+0000] {crawler.py:294} INFO - Không có bài viết để lưu vào collection 'cong-nghe'
[2025-05-18T22:16:41.321+0000] {python.py:237} INFO - Done. Returned value was: None
[2025-05-18T22:16:41.323+0000] {taskinstance.py:441} INFO - ::group::Post task execution logs
[2025-05-18T22:16:41.331+0000] {taskinstance.py:1206} INFO - Marking task as SUCCESS. dag_id=vietnamnet_crawler_24h, task_id=crawl_cong-nghe, run_id=scheduled__2025-05-18T21:30:00+00:00, execution_date=20250518T213000, start_date=20250518T221634, end_date=20250518T221641
[2025-05-18T22:16:41.377+0000] {local_task_job_runner.py:240} INFO - Task exited with return code 0
[2025-05-18T22:16:41.403+0000] {taskinstance.py:3503} INFO - 1 downstream tasks scheduled from follow-on schedule check
[2025-05-18T22:16:41.406+0000] {local_task_job_runner.py:222} INFO - ::endgroup::
[2025-05-18T22:20:49.008+0000] {local_task_job_runner.py:120} INFO - ::group::Pre task execution logs
[2025-05-18T22:20:49.029+0000] {taskinstance.py:2076} INFO - Dependencies all met for dep_context=non-requeueable deps ti=<TaskInstance: vietnamnet_crawler_24h.crawl_cong-nghe scheduled__2025-05-18T21:30:00+00:00 [queued]>
[2025-05-18T22:20:49.035+0000] {taskinstance.py:2076} INFO - Dependencies all met for dep_context=requeueable deps ti=<TaskInstance: vietnamnet_crawler_24h.crawl_cong-nghe scheduled__2025-05-18T21:30:00+00:00 [queued]>
[2025-05-18T22:20:49.036+0000] {taskinstance.py:2306} INFO - Starting attempt 1 of 2
[2025-05-18T22:20:49.048+0000] {taskinstance.py:2330} INFO - Executing <Task(PythonOperator): crawl_cong-nghe> on 2025-05-18 21:30:00+00:00
[2025-05-18T22:20:49.053+0000] {warnings.py:112} WARNING - /home/***/.local/lib/python3.12/site-packages/***/task/task_runner/standard_task_runner.py:61: DeprecationWarning: This process (pid=187) is multi-threaded, use of fork() may lead to deadlocks in the child.
  pid = os.fork()

[2025-05-18T22:20:49.055+0000] {standard_task_runner.py:63} INFO - Started process 188 to run task
[2025-05-18T22:20:49.054+0000] {standard_task_runner.py:90} INFO - Running: ['***', 'tasks', 'run', 'vietnamnet_crawler_24h', 'crawl_cong-nghe', 'scheduled__2025-05-18T21:30:00+00:00', '--job-id', '3', '--raw', '--subdir', 'DAGS_FOLDER/dags.py', '--cfg-path', '/tmp/tmphonbe6py']
[2025-05-18T22:20:49.056+0000] {standard_task_runner.py:91} INFO - Job 3: Subtask crawl_cong-nghe
[2025-05-18T22:20:49.102+0000] {task_command.py:426} INFO - Running <TaskInstance: vietnamnet_crawler_24h.crawl_cong-nghe scheduled__2025-05-18T21:30:00+00:00 [running]> on host 77183253eef9
[2025-05-18T22:20:49.178+0000] {taskinstance.py:2648} INFO - Exporting env vars: AIRFLOW_CTX_DAG_OWNER='***' AIRFLOW_CTX_DAG_ID='vietnamnet_crawler_24h' AIRFLOW_CTX_TASK_ID='crawl_cong-nghe' AIRFLOW_CTX_EXECUTION_DATE='2025-05-18T21:30:00+00:00' AIRFLOW_CTX_TRY_NUMBER='1' AIRFLOW_CTX_DAG_RUN_ID='scheduled__2025-05-18T21:30:00+00:00'
[2025-05-18T22:20:49.179+0000] {taskinstance.py:430} INFO - ::endgroup::
[2025-05-18T22:20:49.588+0000] {crawler.py:55} INFO - Đã kết nối thành công với MongoDB: News
[2025-05-18T22:20:50.149+0000] {logging_mixin.py:188} INFO - [INIT].... → Crawl4AI 0.6.3
[2025-05-18T22:20:52.464+0000] {logging_mixin.py:188} INFO - [FETCH]... ↓ https://vietnamnet.vn/tin-tuc-24h?bydaterang=&cate=00MK8V          
| ✓ | ⏱: 2.25s
[2025-05-18T22:20:52.633+0000] {logging_mixin.py:188} INFO - [SCRAPE].. ◆ https://vietnamnet.vn/tin-tuc-24h?bydaterang=&cate=00MK8V          
| ✓ | ⏱: 0.17s
[2025-05-18T22:20:52.635+0000] {logging_mixin.py:188} INFO - [COMPLETE] ● https://vietnamnet.vn/tin-tuc-24h?bydaterang=&cate=00MK8V          
| ✓ | ⏱: 2.43s
[2025-05-18T22:20:52.959+0000] {crawler.py:85} INFO - Tìm thấy 25 link bài viết cho danh mục cong-nghe
[2025-05-18T22:20:53.568+0000] {crawler.py:110} INFO - Đã lọc: 25 URLs ban đầu -> 0 URLs sau xử lý live
[2025-05-18T22:20:53.568+0000] {crawler.py:252} INFO - Không có bài viết mới nào trong danh mục cong-nghe cần crawl.
[2025-05-18T22:20:53.640+0000] {crawler.py:294} INFO - Không có bài viết để lưu vào collection 'cong-nghe'
[2025-05-18T22:20:53.706+0000] {python.py:237} INFO - Done. Returned value was: None
[2025-05-18T22:20:53.707+0000] {taskinstance.py:441} INFO - ::group::Post task execution logs
[2025-05-18T22:20:53.715+0000] {taskinstance.py:1206} INFO - Marking task as SUCCESS. dag_id=vietnamnet_crawler_24h, task_id=crawl_cong-nghe, run_id=scheduled__2025-05-18T21:30:00+00:00, execution_date=20250518T213000, start_date=20250518T222049, end_date=20250518T222053
[2025-05-18T22:20:53.761+0000] {local_task_job_runner.py:240} INFO - Task exited with return code 0
[2025-05-18T22:20:53.791+0000] {taskinstance.py:3503} INFO - 1 downstream tasks scheduled from follow-on schedule check
[2025-05-18T22:20:53.794+0000] {local_task_job_runner.py:222} INFO - ::endgroup::
