[2025-05-16T17:42:05.531+0000] {local_task_job_runner.py:120} INFO - ::group::Pre task execution logs
[2025-05-16T17:42:05.556+0000] {taskinstance.py:2076} INFO - Dependencies all met for dep_context=non-requeueable deps ti=<TaskInstance: vietnamnet_crawler_24h.crawl_chinh-tri manual__2025-05-16T17:41:55.982804+00:00 [queued]>
[2025-05-16T17:42:05.567+0000] {taskinstance.py:2076} INFO - Dependencies all met for dep_context=requeueable deps ti=<TaskInstance: vietnamnet_crawler_24h.crawl_chinh-tri manual__2025-05-16T17:41:55.982804+00:00 [queued]>
[2025-05-16T17:42:05.568+0000] {taskinstance.py:2306} INFO - Starting attempt 1 of 2
[2025-05-16T17:42:05.583+0000] {taskinstance.py:2330} INFO - Executing <Task(PythonOperator): crawl_chinh-tri> on 2025-05-16 17:41:55.982804+00:00
[2025-05-16T17:42:05.589+0000] {warnings.py:112} WARNING - /home/***/.local/lib/python3.12/site-packages/***/task/task_runner/standard_task_runner.py:61: DeprecationWarning: This process (pid=281) is multi-threaded, use of fork() may lead to deadlocks in the child.
  pid = os.fork()

[2025-05-16T17:42:05.590+0000] {standard_task_runner.py:63} INFO - Started process 289 to run task
[2025-05-16T17:42:05.591+0000] {standard_task_runner.py:90} INFO - Running: ['***', 'tasks', 'run', 'vietnamnet_crawler_24h', 'crawl_chinh-tri', 'manual__2025-05-16T17:41:55.982804+00:00', '--job-id', '136', '--raw', '--subdir', 'DAGS_FOLDER/dags.py', '--cfg-path', '/tmp/tmpmag7g_03']
[2025-05-16T17:42:05.593+0000] {standard_task_runner.py:91} INFO - Job 136: Subtask crawl_chinh-tri
[2025-05-16T17:42:05.640+0000] {task_command.py:426} INFO - Running <TaskInstance: vietnamnet_crawler_24h.crawl_chinh-tri manual__2025-05-16T17:41:55.982804+00:00 [running]> on host 60d771d880eb
[2025-05-16T17:42:05.731+0000] {taskinstance.py:2648} INFO - Exporting env vars: AIRFLOW_CTX_DAG_OWNER='***' AIRFLOW_CTX_DAG_ID='vietnamnet_crawler_24h' AIRFLOW_CTX_TASK_ID='crawl_chinh-tri' AIRFLOW_CTX_EXECUTION_DATE='2025-05-16T17:41:55.982804+00:00' AIRFLOW_CTX_TRY_NUMBER='1' AIRFLOW_CTX_DAG_RUN_ID='manual__2025-05-16T17:41:55.982804+00:00'
[2025-05-16T17:42:05.733+0000] {taskinstance.py:430} INFO - ::endgroup::
[2025-05-16T17:42:05.909+0000] {crawler.py:55} INFO - Đã kết nối thành công với MongoDB: News
[2025-05-16T17:42:06.619+0000] {logging_mixin.py:188} INFO - [INIT].... → Crawl4AI 0.6.2
[2025-05-16T17:42:09.878+0000] {logging_mixin.py:188} INFO - [FETCH]... ↓ https://vietnamnet.vn/tin-tuc-24h?bydaterang=&cate=000001                                            | 
[2025-05-16T17:42:09.879+0000] {logging_mixin.py:188} INFO - ✓
[2025-05-16T17:42:09.879+0000] {logging_mixin.py:188} INFO -  | ⏱: 3.18s
[2025-05-16T17:42:10.083+0000] {logging_mixin.py:188} INFO - [SCRAPE].. ◆ https://vietnamnet.vn/tin-tuc-24h?bydaterang=&cate=000001                                            | 
[2025-05-16T17:42:10.084+0000] {logging_mixin.py:188} INFO - ✓
[2025-05-16T17:42:10.085+0000] {logging_mixin.py:188} INFO -  | ⏱: 0.20s
[2025-05-16T17:42:10.086+0000] {logging_mixin.py:188} INFO - [COMPLETE] ● https://vietnamnet.vn/tin-tuc-24h?bydaterang=&cate=000001                                            | 
[2025-05-16T17:42:10.087+0000] {logging_mixin.py:188} INFO - ✓
[2025-05-16T17:42:10.087+0000] {logging_mixin.py:188} INFO -  | ⏱: 3.39s
[2025-05-16T17:42:10.392+0000] {crawler.py:85} INFO - Tìm thấy 25 link bài viết cho danh mục chinh-tri
[2025-05-16T17:42:16.311+0000] {crawler.py:110} INFO - Đã lọc: 25 URLs ban đầu -> 2 URLs sau xử lý live
[2025-05-16T17:42:16.313+0000] {crawler.py:255} INFO - Đang crawl 2 bài viết mới từ danh mục chinh-tri...
[2025-05-16T17:42:16.315+0000] {crawler.py:258} INFO - --> Crawl: https://vietnamnet.vn/tuyen-bo-chung-ve-quan-he-doi-tac-chien-luoc-toan-dien-viet-nam-thai-lan-2401896.html
[2025-05-16T17:42:16.831+0000] {logging_mixin.py:188} INFO - [INIT].... → Crawl4AI 0.6.2
[2025-05-16T17:42:19.795+0000] {logging_mixin.py:188} INFO - [FETCH]... ↓ https://vietnamnet.vn/tuyen-bo-chung-ve-quan-he-...en-luoc-toan-dien-viet-nam-thai-lan-2401896.html  | 
[2025-05-16T17:42:19.796+0000] {logging_mixin.py:188} INFO - ✓
[2025-05-16T17:42:19.797+0000] {logging_mixin.py:188} INFO -  | ⏱: 2.90s
[2025-05-16T17:42:20.058+0000] {logging_mixin.py:188} INFO - [SCRAPE].. ◆ https://vietnamnet.vn/tuyen-bo-chung-ve-quan-he-...en-luoc-toan-dien-viet-nam-thai-lan-2401896.html  | 
[2025-05-16T17:42:20.059+0000] {logging_mixin.py:188} INFO - ✓
[2025-05-16T17:42:20.059+0000] {logging_mixin.py:188} INFO -  | ⏱: 
[2025-05-16T17:42:20.060+0000] {logging_mixin.py:188} INFO - 0.26
[2025-05-16T17:42:20.060+0000] {logging_mixin.py:188} INFO - s
[2025-05-16T17:42:20.061+0000] {logging_mixin.py:188} INFO - [COMPLETE] ● https://vietnamnet.vn/tuyen-bo-chung-ve-quan-he-...en-luoc-toan-dien-viet-nam-thai-lan-2401896.html  | 
[2025-05-16T17:42:20.062+0000] {logging_mixin.py:188} INFO - ✓
[2025-05-16T17:42:20.062+0000] {logging_mixin.py:188} INFO -  | ⏱: 3.16s
[2025-05-16T17:42:20.503+0000] {crawler.py:262} INFO -     ✓ Tuyên bố chung về quan hệ Đối tác Chiến lược toàn diện Việt ...

[2025-05-16T17:42:20.504+0000] {crawler.py:258} INFO - --> Crawl: https://vietnamnet.vn/ong-nguyen-trong-nghia-lan-toa-sau-rong-tam-voc-y-nghia-su-kien-tap-ket-ra-bac-2401961.html
[2025-05-16T17:42:21.127+0000] {logging_mixin.py:188} INFO - [INIT].... → Crawl4AI 0.6.2
[2025-05-16T17:42:23.983+0000] {logging_mixin.py:188} INFO - [FETCH]... ↓ https://vietnamnet.vn/ong-nguyen-trong-nghia-lan...-voc-y-nghia-su-kien-tap-ket-ra-bac-2401961.html  | 
[2025-05-16T17:42:23.984+0000] {logging_mixin.py:188} INFO - ✓
[2025-05-16T17:42:23.985+0000] {logging_mixin.py:188} INFO -  | ⏱: 2.80s
[2025-05-16T17:42:24.184+0000] {logging_mixin.py:188} INFO - [SCRAPE].. ◆ https://vietnamnet.vn/ong-nguyen-trong-nghia-lan...-voc-y-nghia-su-kien-tap-ket-ra-bac-2401961.html  | 
[2025-05-16T17:42:24.184+0000] {logging_mixin.py:188} INFO - ✓
[2025-05-16T17:42:24.185+0000] {logging_mixin.py:188} INFO -  | ⏱: 0.20s
[2025-05-16T17:42:24.187+0000] {logging_mixin.py:188} INFO - [COMPLETE] ● https://vietnamnet.vn/ong-nguyen-trong-nghia-lan...-voc-y-nghia-su-kien-tap-ket-ra-bac-2401961.html  | 
[2025-05-16T17:42:24.187+0000] {logging_mixin.py:188} INFO - ✓
[2025-05-16T17:42:24.188+0000] {logging_mixin.py:188} INFO -  | ⏱: 3.01s
[2025-05-16T17:42:24.731+0000] {crawler.py:262} INFO -     ✓ Ông Nguyễn Trọng Nghĩa: Lan tỏa sâu rộng tầm vóc, ý nghĩa sự...

[2025-05-16T17:42:24.731+0000] {crawler.py:265} INFO - ⏱️  Tổng thời gian crawl: 18.82 giây
[2025-05-16T17:42:25.181+0000] {crawler.py:292} INFO - Đã lưu 2 bài viết vào collection 'chinh-tri'
[2025-05-16T17:42:25.191+0000] {python.py:237} INFO - Done. Returned value was: None
[2025-05-16T17:42:25.192+0000] {taskinstance.py:441} INFO - ::group::Post task execution logs
[2025-05-16T17:42:25.203+0000] {taskinstance.py:1206} INFO - Marking task as SUCCESS. dag_id=vietnamnet_crawler_24h, task_id=crawl_chinh-tri, run_id=manual__2025-05-16T17:41:55.982804+00:00, execution_date=20250516T174155, start_date=20250516T174205, end_date=20250516T174225
[2025-05-16T17:42:25.276+0000] {local_task_job_runner.py:240} INFO - Task exited with return code 0
[2025-05-16T17:42:25.305+0000] {taskinstance.py:3503} INFO - 1 downstream tasks scheduled from follow-on schedule check
[2025-05-16T17:42:25.308+0000] {local_task_job_runner.py:222} INFO - ::endgroup::
