[2025-05-19T07:23:08.618+0000] {local_task_job_runner.py:120} INFO - ::group::Pre task execution logs
[2025-05-19T07:23:08.648+0000] {taskinstance.py:2076} INFO - Dependencies all met for dep_context=non-requeueable deps ti=<TaskInstance: vietnamnet_crawler_24h.crawl_chinh-tri scheduled__2025-05-19T06:30:00+00:00 [queued]>
[2025-05-19T07:23:08.659+0000] {taskinstance.py:2076} INFO - Dependencies all met for dep_context=requeueable deps ti=<TaskInstance: vietnamnet_crawler_24h.crawl_chinh-tri scheduled__2025-05-19T06:30:00+00:00 [queued]>
[2025-05-19T07:23:08.660+0000] {taskinstance.py:2306} INFO - Starting attempt 1 of 2
[2025-05-19T07:23:08.678+0000] {taskinstance.py:2330} INFO - Executing <Task(PythonOperator): crawl_chinh-tri> on 2025-05-19 06:30:00+00:00
[2025-05-19T07:23:08.686+0000] {warnings.py:112} WARNING - /home/***/.local/lib/python3.12/site-packages/***/task/task_runner/standard_task_runner.py:61: DeprecationWarning: This process (pid=2779) is multi-threaded, use of fork() may lead to deadlocks in the child.
  pid = os.fork()

[2025-05-19T07:23:08.688+0000] {standard_task_runner.py:63} INFO - Started process 2780 to run task
[2025-05-19T07:23:08.689+0000] {standard_task_runner.py:90} INFO - Running: ['***', 'tasks', 'run', 'vietnamnet_crawler_24h', 'crawl_chinh-tri', 'scheduled__2025-05-19T06:30:00+00:00', '--job-id', '12', '--raw', '--subdir', 'DAGS_FOLDER/dags.py', '--cfg-path', '/tmp/tmpxi793mxj']
[2025-05-19T07:23:08.692+0000] {standard_task_runner.py:91} INFO - Job 12: Subtask crawl_chinh-tri
[2025-05-19T07:23:08.756+0000] {task_command.py:426} INFO - Running <TaskInstance: vietnamnet_crawler_24h.crawl_chinh-tri scheduled__2025-05-19T06:30:00+00:00 [running]> on host 77183253eef9
[2025-05-19T07:23:08.881+0000] {taskinstance.py:2648} INFO - Exporting env vars: AIRFLOW_CTX_DAG_OWNER='***' AIRFLOW_CTX_DAG_ID='vietnamnet_crawler_24h' AIRFLOW_CTX_TASK_ID='crawl_chinh-tri' AIRFLOW_CTX_EXECUTION_DATE='2025-05-19T06:30:00+00:00' AIRFLOW_CTX_TRY_NUMBER='1' AIRFLOW_CTX_DAG_RUN_ID='scheduled__2025-05-19T06:30:00+00:00'
[2025-05-19T07:23:08.883+0000] {taskinstance.py:430} INFO - ::endgroup::
[2025-05-19T07:23:08.206+0000] {crawler.py:55} INFO - Đã kết nối thành công với MongoDB: News
[2025-05-19T07:23:09.006+0000] {logging_mixin.py:188} INFO - [INIT].... → Crawl4AI 0.6.3
[2025-05-19T07:23:12.087+0000] {logging_mixin.py:188} INFO - [FETCH]... ↓ https://vietnamnet.vn/tin-tuc-24h?bydaterang=&cate=000001          
| ✓ | ⏱: 3.00s
[2025-05-19T07:23:12.351+0000] {logging_mixin.py:188} INFO - [SCRAPE].. ◆ https://vietnamnet.vn/tin-tuc-24h?bydaterang=&cate=000001          
| ✓ | ⏱: 0.26s
[2025-05-19T07:23:12.353+0000] {logging_mixin.py:188} INFO - [COMPLETE] ● https://vietnamnet.vn/tin-tuc-24h?bydaterang=&cate=000001          
| ✓ | ⏱: 3.27s
[2025-05-19T07:23:12.602+0000] {crawler.py:85} INFO - Tìm thấy 25 link bài viết cho danh mục chinh-tri
[2025-05-19T07:23:13.172+0000] {crawler.py:110} INFO - Đã lọc: 25 URLs ban đầu -> 0 URLs sau xử lý live
[2025-05-19T07:23:13.173+0000] {crawler.py:252} INFO - Không có bài viết mới nào trong danh mục chinh-tri cần crawl.
[2025-05-19T07:23:13.233+0000] {crawler.py:294} INFO - Không có bài viết để lưu vào collection 'chinh-tri'
[2025-05-19T07:23:13.281+0000] {python.py:237} INFO - Done. Returned value was: None
[2025-05-19T07:23:13.283+0000] {taskinstance.py:441} INFO - ::group::Post task execution logs
[2025-05-19T07:23:13.294+0000] {taskinstance.py:1206} INFO - Marking task as SUCCESS. dag_id=vietnamnet_crawler_24h, task_id=crawl_chinh-tri, run_id=scheduled__2025-05-19T06:30:00+00:00, execution_date=20250519T063000, start_date=20250519T072308, end_date=20250519T072313
[2025-05-19T07:23:14.204+0000] {local_task_job_runner.py:240} INFO - Task exited with return code 0
[2025-05-19T07:23:14.212+0000] {local_task_job_runner.py:222} INFO - ::endgroup::
