[2025-05-19T07:23:29.009+0000] {local_task_job_runner.py:120} INFO - ::group::Pre task execution logs
[2025-05-19T07:23:29.036+0000] {taskinstance.py:2076} INFO - Dependencies all met for dep_context=non-requeueable deps ti=<TaskInstance: vietnamnet_crawler_24h.crawl_the-gioi scheduled__2025-05-19T06:30:00+00:00 [queued]>
[2025-05-19T07:23:29.046+0000] {taskinstance.py:2076} INFO - Dependencies all met for dep_context=requeueable deps ti=<TaskInstance: vietnamnet_crawler_24h.crawl_the-gioi scheduled__2025-05-19T06:30:00+00:00 [queued]>
[2025-05-19T07:23:29.047+0000] {taskinstance.py:2306} INFO - Starting attempt 1 of 2
[2025-05-19T07:23:29.066+0000] {taskinstance.py:2330} INFO - Executing <Task(PythonOperator): crawl_the-gioi> on 2025-05-19 06:30:00+00:00
[2025-05-19T07:23:29.073+0000] {warnings.py:112} WARNING - /home/***/.local/lib/python3.12/site-packages/***/task/task_runner/standard_task_runner.py:61: DeprecationWarning: This process (pid=3151) is multi-threaded, use of fork() may lead to deadlocks in the child.
  pid = os.fork()

[2025-05-19T07:23:29.075+0000] {standard_task_runner.py:63} INFO - Started process 3152 to run task
[2025-05-19T07:23:29.075+0000] {standard_task_runner.py:90} INFO - Running: ['***', 'tasks', 'run', 'vietnamnet_crawler_24h', 'crawl_the-gioi', 'scheduled__2025-05-19T06:30:00+00:00', '--job-id', '14', '--raw', '--subdir', 'DAGS_FOLDER/dags.py', '--cfg-path', '/tmp/tmpy2che90y']
[2025-05-19T07:23:29.078+0000] {standard_task_runner.py:91} INFO - Job 14: Subtask crawl_the-gioi
[2025-05-19T07:23:29.126+0000] {task_command.py:426} INFO - Running <TaskInstance: vietnamnet_crawler_24h.crawl_the-gioi scheduled__2025-05-19T06:30:00+00:00 [running]> on host 77183253eef9
[2025-05-19T07:23:29.243+0000] {taskinstance.py:2648} INFO - Exporting env vars: AIRFLOW_CTX_DAG_OWNER='***' AIRFLOW_CTX_DAG_ID='vietnamnet_crawler_24h' AIRFLOW_CTX_TASK_ID='crawl_the-gioi' AIRFLOW_CTX_EXECUTION_DATE='2025-05-19T06:30:00+00:00' AIRFLOW_CTX_TRY_NUMBER='1' AIRFLOW_CTX_DAG_RUN_ID='scheduled__2025-05-19T06:30:00+00:00'
[2025-05-19T07:23:29.245+0000] {taskinstance.py:430} INFO - ::endgroup::
[2025-05-19T07:23:29.475+0000] {crawler.py:55} INFO - Đã kết nối thành công với MongoDB: News
[2025-05-19T07:23:30.357+0000] {logging_mixin.py:188} INFO - [INIT].... → Crawl4AI 0.6.3
[2025-05-19T07:23:34.472+0000] {logging_mixin.py:188} INFO - [FETCH]... ↓ https://vietnamnet.vn/tin-tuc-24h?bydaterang=&cate=000005          
| ✓ | ⏱: 4.01s
[2025-05-19T07:23:34.718+0000] {logging_mixin.py:188} INFO - [SCRAPE].. ◆ https://vietnamnet.vn/tin-tuc-24h?bydaterang=&cate=000005          
| ✓ | ⏱: 0.24s
[2025-05-19T07:23:34.721+0000] {logging_mixin.py:188} INFO - [COMPLETE] ● https://vietnamnet.vn/tin-tuc-24h?bydaterang=&cate=000005          
| ✓ | ⏱: 4.27s
[2025-05-19T07:23:35.137+0000] {crawler.py:85} INFO - Tìm thấy 25 link bài viết cho danh mục the-gioi
[2025-05-19T07:23:35.734+0000] {crawler.py:110} INFO - Đã lọc: 25 URLs ban đầu -> 1 URLs sau xử lý live
[2025-05-19T07:23:35.735+0000] {crawler.py:255} INFO - Đang crawl 1 bài viết mới từ danh mục the-gioi...
[2025-05-19T07:23:35.735+0000] {crawler.py:258} INFO - --> Crawl: https://vietnamnet.vn/video-uav-ukraine-thieu-rui-so-khi-tai-tri-gia-4-trieu-usd-cua-nga-2400588.html
[2025-05-19T07:23:36.444+0000] {logging_mixin.py:188} INFO - [INIT].... → Crawl4AI 0.6.3
[2025-05-19T07:23:39.870+0000] {logging_mixin.py:188} INFO - [FETCH]... ↓ 
https://vietnamnet.vn/video-uav-ukraine-thieu-ru...khi-tai-tri-gia-4-trieu-usd-c
ua-nga-2400588.html  | ✓ | ⏱: 4.91s
[2025-05-19T07:23:40.181+0000] {logging_mixin.py:188} INFO - [SCRAPE].. ◆ 
https://vietnamnet.vn/video-uav-ukraine-thieu-ru...khi-tai-tri-gia-4-trieu-usd-c
ua-nga-2400588.html  | ✓ | ⏱: 0.31s
[2025-05-19T07:23:40.184+0000] {logging_mixin.py:188} INFO - [COMPLETE] ● 
https://vietnamnet.vn/video-uav-ukraine-thieu-ru...khi-tai-tri-gia-4-trieu-usd-c
ua-nga-2400588.html  | ✓ | ⏱: 5.23s
[2025-05-19T07:23:40.723+0000] {crawler.py:262} INFO -     ✓ Video UAV Ukraine thiêu rụi số khí tài trị giá 4 triệu USD c...

[2025-05-19T07:23:40.724+0000] {crawler.py:265} INFO - ⏱️  Tổng thời gian crawl: 11.25 giây
[2025-05-19T07:23:40.828+0000] {crawler.py:292} INFO - Đã lưu 1 bài viết vào collection 'the-gioi'
[2025-05-19T07:23:40.881+0000] {python.py:237} INFO - Done. Returned value was: None
[2025-05-19T07:23:40.882+0000] {taskinstance.py:441} INFO - ::group::Post task execution logs
[2025-05-19T07:23:40.894+0000] {taskinstance.py:1206} INFO - Marking task as SUCCESS. dag_id=vietnamnet_crawler_24h, task_id=crawl_the-gioi, run_id=scheduled__2025-05-19T06:30:00+00:00, execution_date=20250519T063000, start_date=20250519T072329, end_date=20250519T072340
[2025-05-19T07:23:40.970+0000] {local_task_job_runner.py:240} INFO - Task exited with return code 0
[2025-05-19T07:23:41.000+0000] {taskinstance.py:3503} INFO - 1 downstream tasks scheduled from follow-on schedule check
[2025-05-19T07:23:41.002+0000] {local_task_job_runner.py:222} INFO - ::endgroup::
