[2025-05-15T10:23:52.612+0000] {local_task_job_runner.py:120} INFO - ::group::Pre task execution logs
[2025-05-15T10:23:52.639+0000] {taskinstance.py:2076} INFO - Dependencies all met for dep_context=non-requeueable deps ti=<TaskInstance: vietnamnet_crawler_24h.crawl_chinh-tri scheduled__2025-05-15T08:00:00+00:00 [queued]>
[2025-05-15T10:23:52.647+0000] {taskinstance.py:2076} INFO - Dependencies all met for dep_context=requeueable deps ti=<TaskInstance: vietnamnet_crawler_24h.crawl_chinh-tri scheduled__2025-05-15T08:00:00+00:00 [queued]>
[2025-05-15T10:23:52.648+0000] {taskinstance.py:2306} INFO - Starting attempt 1 of 2
[2025-05-15T10:23:52.664+0000] {taskinstance.py:2330} INFO - Executing <Task(PythonOperator): crawl_chinh-tri> on 2025-05-15 08:00:00+00:00
[2025-05-15T10:23:52.674+0000] {warnings.py:112} WARNING - /home/***/.local/lib/python3.12/site-packages/***/task/task_runner/standard_task_runner.py:61: DeprecationWarning: This process (pid=3372) is multi-threaded, use of fork() may lead to deadlocks in the child.
  pid = os.fork()

[2025-05-15T10:23:52.676+0000] {standard_task_runner.py:63} INFO - Started process 3376 to run task
[2025-05-15T10:23:52.676+0000] {standard_task_runner.py:90} INFO - Running: ['***', 'tasks', 'run', 'vietnamnet_crawler_24h', 'crawl_chinh-tri', 'scheduled__2025-05-15T08:00:00+00:00', '--job-id', '7', '--raw', '--subdir', 'DAGS_FOLDER/dags.py', '--cfg-path', '/tmp/tmp_frqth4b']
[2025-05-15T10:23:52.680+0000] {standard_task_runner.py:91} INFO - Job 7: Subtask crawl_chinh-tri
[2025-05-15T10:23:52.731+0000] {task_command.py:426} INFO - Running <TaskInstance: vietnamnet_crawler_24h.crawl_chinh-tri scheduled__2025-05-15T08:00:00+00:00 [running]> on host 45f6bdc6b965
[2025-05-15T10:23:52.823+0000] {taskinstance.py:2648} INFO - Exporting env vars: AIRFLOW_CTX_DAG_OWNER='***' AIRFLOW_CTX_DAG_ID='vietnamnet_crawler_24h' AIRFLOW_CTX_TASK_ID='crawl_chinh-tri' AIRFLOW_CTX_EXECUTION_DATE='2025-05-15T08:00:00+00:00' AIRFLOW_CTX_TRY_NUMBER='1' AIRFLOW_CTX_DAG_RUN_ID='scheduled__2025-05-15T08:00:00+00:00'
[2025-05-15T10:23:52.825+0000] {taskinstance.py:430} INFO - ::endgroup::
[2025-05-15T10:23:53.226+0000] {crawler.py:54} INFO - Đã kết nối thành công với MongoDB: News
[2025-05-15T10:23:53.425+0000] {crawler.py:44} INFO - ArticleSummarizer đã được khởi tạo thành công
[2025-05-15T10:23:55.127+0000] {logging_mixin.py:188} INFO - [INIT].... → Crawl4AI 0.6.2
[2025-05-15T10:23:58.735+0000] {logging_mixin.py:188} INFO - [FETCH]... ↓ https://vietnamnet.vn/tin-tuc-24h?bydaterang=&cate=000001                                            | 
[2025-05-15T10:23:58.736+0000] {logging_mixin.py:188} INFO - ✓
[2025-05-15T10:23:58.737+0000] {logging_mixin.py:188} INFO -  | ⏱: 3.53s
[2025-05-15T10:23:59.091+0000] {logging_mixin.py:188} INFO - [SCRAPE].. ◆ https://vietnamnet.vn/tin-tuc-24h?bydaterang=&cate=000001                                            | 
[2025-05-15T10:23:59.092+0000] {logging_mixin.py:188} INFO - ✓
[2025-05-15T10:23:59.094+0000] {logging_mixin.py:188} INFO -  | ⏱: 0.35s
[2025-05-15T10:23:59.096+0000] {logging_mixin.py:188} INFO - [COMPLETE] ● https://vietnamnet.vn/tin-tuc-24h?bydaterang=&cate=000001                                            | 
[2025-05-15T10:23:59.099+0000] {logging_mixin.py:188} INFO - ✓
[2025-05-15T10:23:59.101+0000] {logging_mixin.py:188} INFO -  | ⏱: 3.89s
[2025-05-15T10:23:59.522+0000] {crawler.py:84} INFO - Tìm thấy 25 link bài viết cho danh mục chinh-tri
[2025-05-15T10:24:01.726+0000] {crawler.py:103} INFO - Đã lọc: 25 URLs ban đầu -> 0 URLs mới
[2025-05-15T10:24:01.727+0000] {crawler.py:222} INFO - Không có bài viết mới nào trong danh mục chinh-tri cần crawl.
[2025-05-15T10:24:01.727+0000] {crawler.py:257} INFO - Không có bài viết để lưu vào collection 'chinh-tri'
[2025-05-15T10:24:01.788+0000] {python.py:237} INFO - Done. Returned value was: None
[2025-05-15T10:24:01.788+0000] {taskinstance.py:441} INFO - ::group::Post task execution logs
[2025-05-15T10:24:01.801+0000] {taskinstance.py:1206} INFO - Marking task as SUCCESS. dag_id=vietnamnet_crawler_24h, task_id=crawl_chinh-tri, run_id=scheduled__2025-05-15T08:00:00+00:00, execution_date=20250515T080000, start_date=20250515T102352, end_date=20250515T102401
[2025-05-15T10:24:01.841+0000] {local_task_job_runner.py:240} INFO - Task exited with return code 0
[2025-05-15T10:24:01.885+0000] {taskinstance.py:3503} INFO - 1 downstream tasks scheduled from follow-on schedule check
[2025-05-15T10:24:01.890+0000] {local_task_job_runner.py:222} INFO - ::endgroup::
