[2025-05-03T21:00:02.073+0000] {local_task_job_runner.py:120} INFO - ::group::Pre task execution logs
[2025-05-03T21:00:02.089+0000] {taskinstance.py:2076} INFO - Dependencies all met for dep_context=non-requeueable deps ti=<TaskInstance: vietnamnet_crawler_with_summary.crawl_chinh-tri scheduled__2025-05-03T20:30:00+00:00 [queued]>
[2025-05-03T21:00:02.094+0000] {taskinstance.py:2076} INFO - Dependencies all met for dep_context=requeueable deps ti=<TaskInstance: vietnamnet_crawler_with_summary.crawl_chinh-tri scheduled__2025-05-03T20:30:00+00:00 [queued]>
[2025-05-03T21:00:02.095+0000] {taskinstance.py:2306} INFO - Starting attempt 1 of 2
[2025-05-03T21:00:02.106+0000] {taskinstance.py:2330} INFO - Executing <Task(PythonOperator): crawl_chinh-tri> on 2025-05-03 20:30:00+00:00
[2025-05-03T21:00:02.110+0000] {warnings.py:112} WARNING - /home/***/.local/lib/python3.12/site-packages/***/task/task_runner/standard_task_runner.py:61: DeprecationWarning: This process (pid=44769) is multi-threaded, use of fork() may lead to deadlocks in the child.
  pid = os.fork()

[2025-05-03T21:00:02.111+0000] {standard_task_runner.py:63} INFO - Started process 44770 to run task
[2025-05-03T21:00:02.112+0000] {standard_task_runner.py:90} INFO - Running: ['***', 'tasks', 'run', 'vietnamnet_crawler_with_summary', 'crawl_chinh-tri', 'scheduled__2025-05-03T20:30:00+00:00', '--job-id', '18', '--raw', '--subdir', 'DAGS_FOLDER/dags.py', '--cfg-path', '/tmp/tmpoij4fo4i']
[2025-05-03T21:00:02.114+0000] {standard_task_runner.py:91} INFO - Job 18: Subtask crawl_chinh-tri
[2025-05-03T21:00:02.147+0000] {task_command.py:426} INFO - Running <TaskInstance: vietnamnet_crawler_with_summary.crawl_chinh-tri scheduled__2025-05-03T20:30:00+00:00 [running]> on host 61b2c69a7af3
[2025-05-03T21:00:02.218+0000] {taskinstance.py:2648} INFO - Exporting env vars: AIRFLOW_CTX_DAG_OWNER='***' AIRFLOW_CTX_DAG_ID='vietnamnet_crawler_with_summary' AIRFLOW_CTX_TASK_ID='crawl_chinh-tri' AIRFLOW_CTX_EXECUTION_DATE='2025-05-03T20:30:00+00:00' AIRFLOW_CTX_TRY_NUMBER='1' AIRFLOW_CTX_DAG_RUN_ID='scheduled__2025-05-03T20:30:00+00:00'
[2025-05-03T21:00:02.219+0000] {taskinstance.py:430} INFO - ::endgroup::
[2025-05-03T21:00:02.442+0000] {crawler.py:61} INFO - Đã kết nối thành công với MongoDB: News
[2025-05-03T21:00:02.552+0000] {crawler.py:44} INFO - ArticleSummarizer đã được khởi tạo thành công
[2025-05-03T21:00:03.059+0000] {logging_mixin.py:188} INFO - [INIT].... → Crawl4AI 0.6.2
[2025-05-03T21:00:05.088+0000] {logging_mixin.py:188} INFO - [FETCH]... ↓ https://vietnamnet.vn/chinh-tri                                                                      | 
[2025-05-03T21:00:05.090+0000] {logging_mixin.py:188} INFO - ✓
[2025-05-03T21:00:05.091+0000] {logging_mixin.py:188} INFO -  | ⏱: 1.97s
[2025-05-03T21:00:05.527+0000] {logging_mixin.py:188} INFO - [SCRAPE].. ◆ https://vietnamnet.vn/chinh-tri                                                                      | 
[2025-05-03T21:00:05.528+0000] {logging_mixin.py:188} INFO - ✓
[2025-05-03T21:00:05.528+0000] {logging_mixin.py:188} INFO -  | ⏱: 0.43s
[2025-05-03T21:00:05.529+0000] {logging_mixin.py:188} INFO - [COMPLETE] ● https://vietnamnet.vn/chinh-tri                                                                      | 
[2025-05-03T21:00:05.530+0000] {logging_mixin.py:188} INFO - ✓
[2025-05-03T21:00:05.530+0000] {logging_mixin.py:188} INFO -  | ⏱: 2.41s
[2025-05-03T21:00:05.624+0000] {crawler.py:87} INFO - Tìm thấy 77 link bài viết
[2025-05-03T21:00:11.452+0000] {crawler.py:106} INFO - Đã lọc: 77 URLs ban đầu -> 0 URLs mới
[2025-05-03T21:00:11.453+0000] {crawler.py:225} INFO - Không có bài viết mới nào trong danh mục chinh-tri cần crawl.
[2025-05-03T21:00:11.454+0000] {crawler.py:260} INFO - Không có bài viết để lưu vào collection 'chinh-tri'
[2025-05-03T21:00:11.519+0000] {python.py:237} INFO - Done. Returned value was: None
[2025-05-03T21:00:11.520+0000] {taskinstance.py:441} INFO - ::group::Post task execution logs
[2025-05-03T21:00:11.527+0000] {taskinstance.py:1206} INFO - Marking task as SUCCESS. dag_id=vietnamnet_crawler_with_summary, task_id=crawl_chinh-tri, run_id=scheduled__2025-05-03T20:30:00+00:00, execution_date=20250503T203000, start_date=20250503T210002, end_date=20250503T210011
[2025-05-03T21:00:11.573+0000] {local_task_job_runner.py:240} INFO - Task exited with return code 0
[2025-05-03T21:00:11.595+0000] {taskinstance.py:3503} INFO - 1 downstream tasks scheduled from follow-on schedule check
[2025-05-03T21:00:11.597+0000] {local_task_job_runner.py:222} INFO - ::endgroup::
