[2025-05-16T17:41:58.415+0000] {local_task_job_runner.py:120} INFO - ::group::Pre task execution logs
[2025-05-16T17:41:58.435+0000] {taskinstance.py:2076} INFO - Dependencies all met for dep_context=non-requeueable deps ti=<TaskInstance: vietnamnet_crawler_24h.crawl_cong-nghe manual__2025-05-16T17:33:27.937010+00:00 [queued]>
[2025-05-16T17:41:58.443+0000] {taskinstance.py:2076} INFO - Dependencies all met for dep_context=requeueable deps ti=<TaskInstance: vietnamnet_crawler_24h.crawl_cong-nghe manual__2025-05-16T17:33:27.937010+00:00 [queued]>
[2025-05-16T17:41:58.443+0000] {taskinstance.py:2306} INFO - Starting attempt 1 of 2
[2025-05-16T17:41:58.457+0000] {taskinstance.py:2330} INFO - Executing <Task(PythonOperator): crawl_cong-nghe> on 2025-05-16 17:33:27.937010+00:00
[2025-05-16T17:41:58.463+0000] {warnings.py:112} WARNING - /home/***/.local/lib/python3.12/site-packages/***/task/task_runner/standard_task_runner.py:61: DeprecationWarning: This process (pid=134) is multi-threaded, use of fork() may lead to deadlocks in the child.
  pid = os.fork()

[2025-05-16T17:41:58.465+0000] {standard_task_runner.py:63} INFO - Started process 136 to run task
[2025-05-16T17:41:58.465+0000] {standard_task_runner.py:90} INFO - Running: ['***', 'tasks', 'run', 'vietnamnet_crawler_24h', 'crawl_cong-nghe', 'manual__2025-05-16T17:33:27.937010+00:00', '--job-id', '135', '--raw', '--subdir', 'DAGS_FOLDER/dags.py', '--cfg-path', '/tmp/tmp93ygobyj']
[2025-05-16T17:41:58.468+0000] {standard_task_runner.py:91} INFO - Job 135: Subtask crawl_cong-nghe
[2025-05-16T17:41:58.505+0000] {task_command.py:426} INFO - Running <TaskInstance: vietnamnet_crawler_24h.crawl_cong-nghe manual__2025-05-16T17:33:27.937010+00:00 [running]> on host 60d771d880eb
[2025-05-16T17:41:58.582+0000] {taskinstance.py:2648} INFO - Exporting env vars: AIRFLOW_CTX_DAG_OWNER='***' AIRFLOW_CTX_DAG_ID='vietnamnet_crawler_24h' AIRFLOW_CTX_TASK_ID='crawl_cong-nghe' AIRFLOW_CTX_EXECUTION_DATE='2025-05-16T17:33:27.937010+00:00' AIRFLOW_CTX_TRY_NUMBER='1' AIRFLOW_CTX_DAG_RUN_ID='manual__2025-05-16T17:33:27.937010+00:00'
[2025-05-16T17:41:58.583+0000] {taskinstance.py:430} INFO - ::endgroup::
[2025-05-16T17:41:58.845+0000] {crawler.py:55} INFO - Đã kết nối thành công với MongoDB: News
[2025-05-16T17:41:59.466+0000] {logging_mixin.py:188} INFO - [INIT].... → Crawl4AI 0.6.2
[2025-05-16T17:42:02.381+0000] {logging_mixin.py:188} INFO - [FETCH]... ↓ https://vietnamnet.vn/tin-tuc-24h?bydaterang=&cate=00MK8V                                            | 
[2025-05-16T17:42:02.382+0000] {logging_mixin.py:188} INFO - ✓
[2025-05-16T17:42:02.384+0000] {logging_mixin.py:188} INFO -  | ⏱: 2.86s
[2025-05-16T17:42:02.693+0000] {logging_mixin.py:188} INFO - [SCRAPE].. ◆ https://vietnamnet.vn/tin-tuc-24h?bydaterang=&cate=00MK8V                                            | 
[2025-05-16T17:42:02.694+0000] {logging_mixin.py:188} INFO - ✓
[2025-05-16T17:42:02.695+0000] {logging_mixin.py:188} INFO -  | ⏱: 0.31s
[2025-05-16T17:42:02.697+0000] {logging_mixin.py:188} INFO - [COMPLETE] ● https://vietnamnet.vn/tin-tuc-24h?bydaterang=&cate=00MK8V                                            | 
[2025-05-16T17:42:02.699+0000] {logging_mixin.py:188} INFO - ✓
[2025-05-16T17:42:02.699+0000] {logging_mixin.py:188} INFO -  | ⏱: 3.18s
[2025-05-16T17:42:03.170+0000] {crawler.py:85} INFO - Tìm thấy 25 link bài viết cho danh mục cong-nghe
[2025-05-16T17:42:04.953+0000] {crawler.py:110} INFO - Đã lọc: 25 URLs ban đầu -> 0 URLs sau xử lý live
[2025-05-16T17:42:04.954+0000] {crawler.py:252} INFO - Không có bài viết mới nào trong danh mục cong-nghe cần crawl.
[2025-05-16T17:42:05.049+0000] {crawler.py:294} INFO - Không có bài viết để lưu vào collection 'cong-nghe'
[2025-05-16T17:42:05.454+0000] {python.py:237} INFO - Done. Returned value was: None
[2025-05-16T17:42:05.454+0000] {taskinstance.py:441} INFO - ::group::Post task execution logs
[2025-05-16T17:42:05.464+0000] {taskinstance.py:1206} INFO - Marking task as SUCCESS. dag_id=vietnamnet_crawler_24h, task_id=crawl_cong-nghe, run_id=manual__2025-05-16T17:33:27.937010+00:00, execution_date=20250516T173327, start_date=20250516T174158, end_date=20250516T174205
[2025-05-16T17:42:05.534+0000] {local_task_job_runner.py:240} INFO - Task exited with return code 0
[2025-05-16T17:42:05.561+0000] {taskinstance.py:3503} INFO - 1 downstream tasks scheduled from follow-on schedule check
[2025-05-16T17:42:05.564+0000] {local_task_job_runner.py:222} INFO - ::endgroup::
