[2025-05-16T17:29:34.160+0000] {local_task_job_runner.py:120} INFO - ::group::Pre task execution logs
[2025-05-16T17:29:34.182+0000] {taskinstance.py:2076} INFO - Dependencies all met for dep_context=non-requeueable deps ti=<TaskInstance: vietnamnet_crawler_24h.crawl_chinh-tri manual__2025-05-16T17:29:24.402809+00:00 [queued]>
[2025-05-16T17:29:34.190+0000] {taskinstance.py:2076} INFO - Dependencies all met for dep_context=requeueable deps ti=<TaskInstance: vietnamnet_crawler_24h.crawl_chinh-tri manual__2025-05-16T17:29:24.402809+00:00 [queued]>
[2025-05-16T17:29:34.191+0000] {taskinstance.py:2306} INFO - Starting attempt 1 of 2
[2025-05-16T17:29:34.205+0000] {taskinstance.py:2330} INFO - Executing <Task(PythonOperator): crawl_chinh-tri> on 2025-05-16 17:29:24.402809+00:00
[2025-05-16T17:29:34.210+0000] {warnings.py:112} WARNING - /home/***/.local/lib/python3.12/site-packages/***/task/task_runner/standard_task_runner.py:61: DeprecationWarning: This process (pid=1848) is multi-threaded, use of fork() may lead to deadlocks in the child.
  pid = os.fork()

[2025-05-16T17:29:34.212+0000] {standard_task_runner.py:63} INFO - Started process 1849 to run task
[2025-05-16T17:29:34.212+0000] {standard_task_runner.py:90} INFO - Running: ['***', 'tasks', 'run', 'vietnamnet_crawler_24h', 'crawl_chinh-tri', 'manual__2025-05-16T17:29:24.402809+00:00', '--job-id', '115', '--raw', '--subdir', 'DAGS_FOLDER/dags.py', '--cfg-path', '/tmp/tmp2e87iko8']
[2025-05-16T17:29:34.215+0000] {standard_task_runner.py:91} INFO - Job 115: Subtask crawl_chinh-tri
[2025-05-16T17:29:34.257+0000] {task_command.py:426} INFO - Running <TaskInstance: vietnamnet_crawler_24h.crawl_chinh-tri manual__2025-05-16T17:29:24.402809+00:00 [running]> on host 60d771d880eb
[2025-05-16T17:29:34.348+0000] {taskinstance.py:2648} INFO - Exporting env vars: AIRFLOW_CTX_DAG_OWNER='***' AIRFLOW_CTX_DAG_ID='vietnamnet_crawler_24h' AIRFLOW_CTX_TASK_ID='crawl_chinh-tri' AIRFLOW_CTX_EXECUTION_DATE='2025-05-16T17:29:24.402809+00:00' AIRFLOW_CTX_TRY_NUMBER='1' AIRFLOW_CTX_DAG_RUN_ID='manual__2025-05-16T17:29:24.402809+00:00'
[2025-05-16T17:29:34.349+0000] {taskinstance.py:430} INFO - ::endgroup::
[2025-05-16T17:29:34.561+0000] {crawler.py:55} INFO - Đã kết nối thành công với MongoDB: News
[2025-05-16T17:29:35.129+0000] {logging_mixin.py:188} INFO - [INIT].... → Crawl4AI 0.6.2
[2025-05-16T17:29:37.540+0000] {logging_mixin.py:188} INFO - [FETCH]... ↓ https://vietnamnet.vn/tin-tuc-24h?bydaterang=&cate=000001                                            | 
[2025-05-16T17:29:37.540+0000] {logging_mixin.py:188} INFO - ✓
[2025-05-16T17:29:37.541+0000] {logging_mixin.py:188} INFO -  | ⏱: 2.35s
[2025-05-16T17:29:37.708+0000] {logging_mixin.py:188} INFO - [SCRAPE].. ◆ https://vietnamnet.vn/tin-tuc-24h?bydaterang=&cate=000001                                            | 
[2025-05-16T17:29:37.709+0000] {logging_mixin.py:188} INFO - ✓
[2025-05-16T17:29:37.709+0000] {logging_mixin.py:188} INFO -  | ⏱: 0.17s
[2025-05-16T17:29:37.710+0000] {logging_mixin.py:188} INFO - [COMPLETE] ● https://vietnamnet.vn/tin-tuc-24h?bydaterang=&cate=000001                                            | 
[2025-05-16T17:29:37.711+0000] {logging_mixin.py:188} INFO - ✓
[2025-05-16T17:29:37.711+0000] {logging_mixin.py:188} INFO -  | ⏱: 2.52s
[2025-05-16T17:29:37.957+0000] {crawler.py:85} INFO - Tìm thấy 25 link bài viết cho danh mục chinh-tri
[2025-05-16T17:29:38.559+0000] {crawler.py:110} INFO - Đã lọc: 25 URLs ban đầu -> 1 URLs sau xử lý live
[2025-05-16T17:29:38.560+0000] {crawler.py:255} INFO - Đang crawl 1 bài viết mới từ danh mục chinh-tri...
[2025-05-16T17:29:38.560+0000] {crawler.py:258} INFO - --> Crawl: https://vietnamnet.vn/ong-nguyen-trong-nghia-lan-toa-sau-rong-tam-voc-y-nghia-su-kien-tap-ket-ra-bac-2401961.html
[2025-05-16T17:29:39.066+0000] {logging_mixin.py:188} INFO - [INIT].... → Crawl4AI 0.6.2
[2025-05-16T17:29:41.348+0000] {logging_mixin.py:188} INFO - [FETCH]... ↓ https://vietnamnet.vn/ong-nguyen-trong-nghia-lan...-voc-y-nghia-su-kien-tap-ket-ra-bac-2401961.html  | 
[2025-05-16T17:29:41.349+0000] {logging_mixin.py:188} INFO - ✓
[2025-05-16T17:29:41.350+0000] {logging_mixin.py:188} INFO -  | ⏱: 2.22s
[2025-05-16T17:29:41.566+0000] {logging_mixin.py:188} INFO - [SCRAPE].. ◆ https://vietnamnet.vn/ong-nguyen-trong-nghia-lan...-voc-y-nghia-su-kien-tap-ket-ra-bac-2401961.html  | 
[2025-05-16T17:29:41.567+0000] {logging_mixin.py:188} INFO - ✓
[2025-05-16T17:29:41.567+0000] {logging_mixin.py:188} INFO -  | ⏱: 0.21s
[2025-05-16T17:29:41.568+0000] {logging_mixin.py:188} INFO - [COMPLETE] ● https://vietnamnet.vn/ong-nguyen-trong-nghia-lan...-voc-y-nghia-su-kien-tap-ket-ra-bac-2401961.html  | 
[2025-05-16T17:29:41.569+0000] {logging_mixin.py:188} INFO - ✓
[2025-05-16T17:29:41.570+0000] {logging_mixin.py:188} INFO -  | ⏱: 2.44s
[2025-05-16T17:29:41.987+0000] {crawler.py:241} ERROR - Lỗi khi crawl https://vietnamnet.vn/ong-nguyen-trong-nghia-lan-toa-sau-rong-tam-voc-y-nghia-su-kien-tap-ket-ra-bac-2401961.html: 'module' object is not callable
[2025-05-16T17:29:41.987+0000] {crawler.py:265} INFO - ⏱️  Tổng thời gian crawl: 7.43 giây
[2025-05-16T17:29:42.056+0000] {crawler.py:294} INFO - Không có bài viết để lưu vào collection 'chinh-tri'
[2025-05-16T17:29:42.120+0000] {python.py:237} INFO - Done. Returned value was: None
[2025-05-16T17:29:42.121+0000] {taskinstance.py:441} INFO - ::group::Post task execution logs
[2025-05-16T17:29:42.129+0000] {taskinstance.py:1206} INFO - Marking task as SUCCESS. dag_id=vietnamnet_crawler_24h, task_id=crawl_chinh-tri, run_id=manual__2025-05-16T17:29:24.402809+00:00, execution_date=20250516T172924, start_date=20250516T172934, end_date=20250516T172942
[2025-05-16T17:29:42.167+0000] {local_task_job_runner.py:240} INFO - Task exited with return code 0
[2025-05-16T17:29:42.193+0000] {taskinstance.py:3503} INFO - 1 downstream tasks scheduled from follow-on schedule check
[2025-05-16T17:29:42.195+0000] {local_task_job_runner.py:222} INFO - ::endgroup::
