[2025-05-17T23:18:41.974+0000] {local_task_job_runner.py:120} INFO - ::group::Pre task execution logs
[2025-05-17T23:18:42.023+0000] {taskinstance.py:2076} INFO - Dependencies all met for dep_context=non-requeueable deps ti=<TaskInstance: vietnamnet_crawler_24h.crawl_the-gioi scheduled__2025-05-17T22:30:00+00:00 [queued]>
[2025-05-17T23:18:42.043+0000] {taskinstance.py:2076} INFO - Dependencies all met for dep_context=requeueable deps ti=<TaskInstance: vietnamnet_crawler_24h.crawl_the-gioi scheduled__2025-05-17T22:30:00+00:00 [queued]>
[2025-05-17T23:18:42.044+0000] {taskinstance.py:2306} INFO - Starting attempt 1 of 2
[2025-05-17T23:18:42.070+0000] {taskinstance.py:2330} INFO - Executing <Task(PythonOperator): crawl_the-gioi> on 2025-05-17 22:30:00+00:00
[2025-05-17T23:18:42.077+0000] {warnings.py:112} WARNING - /home/***/.local/lib/python3.12/site-packages/***/task/task_runner/standard_task_runner.py:61: DeprecationWarning: This process (pid=597) is multi-threaded, use of fork() may lead to deadlocks in the child.
  pid = os.fork()

[2025-05-17T23:18:42.079+0000] {standard_task_runner.py:63} INFO - Started process 598 to run task
[2025-05-17T23:18:42.080+0000] {standard_task_runner.py:90} INFO - Running: ['***', 'tasks', 'run', 'vietnamnet_crawler_24h', 'crawl_the-gioi', 'scheduled__2025-05-17T22:30:00+00:00', '--job-id', '261', '--raw', '--subdir', 'DAGS_FOLDER/dags.py', '--cfg-path', '/tmp/tmp12lx41mc']
[2025-05-17T23:18:42.084+0000] {standard_task_runner.py:91} INFO - Job 261: Subtask crawl_the-gioi
[2025-05-17T23:18:42.143+0000] {task_command.py:426} INFO - Running <TaskInstance: vietnamnet_crawler_24h.crawl_the-gioi scheduled__2025-05-17T22:30:00+00:00 [running]> on host 60d771d880eb
[2025-05-17T23:18:42.264+0000] {taskinstance.py:2648} INFO - Exporting env vars: AIRFLOW_CTX_DAG_OWNER='***' AIRFLOW_CTX_DAG_ID='vietnamnet_crawler_24h' AIRFLOW_CTX_TASK_ID='crawl_the-gioi' AIRFLOW_CTX_EXECUTION_DATE='2025-05-17T22:30:00+00:00' AIRFLOW_CTX_TRY_NUMBER='1' AIRFLOW_CTX_DAG_RUN_ID='scheduled__2025-05-17T22:30:00+00:00'
[2025-05-17T23:18:42.266+0000] {taskinstance.py:430} INFO - ::endgroup::
[2025-05-17T23:18:42.504+0000] {crawler.py:55} INFO - Đã kết nối thành công với MongoDB: News
[2025-05-17T23:18:43.394+0000] {logging_mixin.py:188} INFO - [INIT].... → Crawl4AI 0.6.2
[2025-05-17T23:18:49.146+0000] {logging_mixin.py:188} INFO - [FETCH]... ↓ https://vietnamnet.vn/tin-tuc-24h?bydaterang=&cate=000005                                            | 
[2025-05-17T23:18:49.147+0000] {logging_mixin.py:188} INFO - ✓
[2025-05-17T23:18:49.147+0000] {logging_mixin.py:188} INFO -  | ⏱: 5.66s
[2025-05-17T23:18:49.377+0000] {logging_mixin.py:188} INFO - [SCRAPE].. ◆ https://vietnamnet.vn/tin-tuc-24h?bydaterang=&cate=000005                                            | 
[2025-05-17T23:18:49.378+0000] {logging_mixin.py:188} INFO - ✓
[2025-05-17T23:18:49.378+0000] {logging_mixin.py:188} INFO -  | ⏱: 0.23s
[2025-05-17T23:18:49.380+0000] {logging_mixin.py:188} INFO - [COMPLETE] ● https://vietnamnet.vn/tin-tuc-24h?bydaterang=&cate=000005                                            | 
[2025-05-17T23:18:49.381+0000] {logging_mixin.py:188} INFO - ✓
[2025-05-17T23:18:49.381+0000] {logging_mixin.py:188} INFO -  | ⏱: 5.90s
[2025-05-17T23:18:49.663+0000] {crawler.py:85} INFO - Tìm thấy 25 link bài viết cho danh mục the-gioi
[2025-05-17T23:18:50.299+0000] {crawler.py:110} INFO - Đã lọc: 25 URLs ban đầu -> 2 URLs sau xử lý live
[2025-05-17T23:18:50.302+0000] {crawler.py:255} INFO - Đang crawl 2 bài viết mới từ danh mục the-gioi...
[2025-05-17T23:18:50.307+0000] {crawler.py:258} INFO - --> Crawl: https://vietnamnet.vn/video-phao-binh-nga-doi-ten-lua-vao-vi-tri-quan-ukraine-o-mat-tran-chasiv-yar-2401651.html
[2025-05-17T23:18:51.106+0000] {logging_mixin.py:188} INFO - [INIT].... → Crawl4AI 0.6.2
[2025-05-17T23:18:57.299+0000] {logging_mixin.py:188} INFO - [FETCH]... ↓ https://vietnamnet.vn/video-phao-binh-nga-doi-te...-quan-ukraine-o-mat-tran-chasiv-yar-2401651.html  | 
[2025-05-17T23:18:57.300+0000] {logging_mixin.py:188} INFO - ✓
[2025-05-17T23:18:57.301+0000] {logging_mixin.py:188} INFO -  | ⏱: 6.11s
[2025-05-17T23:18:57.632+0000] {logging_mixin.py:188} INFO - [SCRAPE].. ◆ https://vietnamnet.vn/video-phao-binh-nga-doi-te...-quan-ukraine-o-mat-tran-chasiv-yar-2401651.html  | 
[2025-05-17T23:18:57.633+0000] {logging_mixin.py:188} INFO - ✓
[2025-05-17T23:18:57.633+0000] {logging_mixin.py:188} INFO -  | ⏱: 0.34s
[2025-05-17T23:18:57.635+0000] {logging_mixin.py:188} INFO - [COMPLETE] ● https://vietnamnet.vn/video-phao-binh-nga-doi-te...-quan-ukraine-o-mat-tran-chasiv-yar-2401651.html  | 
[2025-05-17T23:18:57.636+0000] {logging_mixin.py:188} INFO - ✓
[2025-05-17T23:18:57.637+0000] {logging_mixin.py:188} INFO -  | ⏱: 6.46s
[2025-05-17T23:18:58.326+0000] {crawler.py:262} INFO -     ✓ Video pháo binh Nga dội tên lửa vào vị trí quân Ukraine ở mặ...

[2025-05-17T23:18:58.326+0000] {crawler.py:258} INFO - --> Crawl: https://vietnamnet.vn/cai-tien-moi-cua-ukraine-khien-uav-gia-tang-muc-do-nguy-hiem-voi-quan-doi-nga-2401292.html
[2025-05-17T23:18:59.079+0000] {logging_mixin.py:188} INFO - [INIT].... → Crawl4AI 0.6.2
[2025-05-17T23:19:04.645+0000] {logging_mixin.py:188} INFO - [FETCH]... ↓ https://vietnamnet.vn/cai-tien-moi-cua-ukraine-k...g-muc-do-nguy-hiem-voi-quan-doi-nga-2401292.html  | 
[2025-05-17T23:19:04.646+0000] {logging_mixin.py:188} INFO - ✓
[2025-05-17T23:19:04.647+0000] {logging_mixin.py:188} INFO -  | ⏱: 5.46s
[2025-05-17T23:19:04.982+0000] {logging_mixin.py:188} INFO - [SCRAPE].. ◆ https://vietnamnet.vn/cai-tien-moi-cua-ukraine-k...g-muc-do-nguy-hiem-voi-quan-doi-nga-2401292.html  | 
[2025-05-17T23:19:04.982+0000] {logging_mixin.py:188} INFO - ✓
[2025-05-17T23:19:04.983+0000] {logging_mixin.py:188} INFO -  | ⏱: 0.33s
[2025-05-17T23:19:04.985+0000] {logging_mixin.py:188} INFO - [COMPLETE] ● https://vietnamnet.vn/cai-tien-moi-cua-ukraine-k...g-muc-do-nguy-hiem-voi-quan-doi-nga-2401292.html  | 
[2025-05-17T23:19:04.986+0000] {logging_mixin.py:188} INFO - ✓
[2025-05-17T23:19:04.987+0000] {logging_mixin.py:188} INFO -  | ⏱: 5.80s
[2025-05-17T23:19:05.596+0000] {crawler.py:262} INFO -     ✓ Cải tiến mới của Ukraine khiến UAV gia tăng mức độ nguy hiểm...

[2025-05-17T23:19:05.597+0000] {crawler.py:265} INFO - ⏱️  Tổng thời gian crawl: 23.09 giây
[2025-05-17T23:19:05.733+0000] {crawler.py:292} INFO - Đã lưu 2 bài viết vào collection 'the-gioi'
[2025-05-17T23:19:05.801+0000] {python.py:237} INFO - Done. Returned value was: None
[2025-05-17T23:19:05.802+0000] {taskinstance.py:441} INFO - ::group::Post task execution logs
[2025-05-17T23:19:05.814+0000] {taskinstance.py:1206} INFO - Marking task as SUCCESS. dag_id=vietnamnet_crawler_24h, task_id=crawl_the-gioi, run_id=scheduled__2025-05-17T22:30:00+00:00, execution_date=20250517T223000, start_date=20250517T231842, end_date=20250517T231905
[2025-05-17T23:19:05.877+0000] {local_task_job_runner.py:240} INFO - Task exited with return code 0
[2025-05-17T23:19:05.906+0000] {taskinstance.py:3503} INFO - 1 downstream tasks scheduled from follow-on schedule check
[2025-05-17T23:19:05.908+0000] {local_task_job_runner.py:222} INFO - ::endgroup::
