[2025-05-18T14:00:07.660+0000] {local_task_job_runner.py:120} INFO - ::group::Pre task execution logs
[2025-05-18T14:00:07.676+0000] {taskinstance.py:2076} INFO - Dependencies all met for dep_context=non-requeueable deps ti=<TaskInstance: vietnamnet_crawler_24h.crawl_chinh-tri scheduled__2025-05-18T13:30:00+00:00 [queued]>
[2025-05-18T14:00:07.683+0000] {taskinstance.py:2076} INFO - Dependencies all met for dep_context=requeueable deps ti=<TaskInstance: vietnamnet_crawler_24h.crawl_chinh-tri scheduled__2025-05-18T13:30:00+00:00 [queued]>
[2025-05-18T14:00:07.683+0000] {taskinstance.py:2306} INFO - Starting attempt 1 of 2
[2025-05-18T14:00:07.695+0000] {taskinstance.py:2330} INFO - Executing <Task(PythonOperator): crawl_chinh-tri> on 2025-05-18 13:30:00+00:00
[2025-05-18T14:00:07.701+0000] {warnings.py:112} WARNING - /home/***/.local/lib/python3.12/site-packages/***/task/task_runner/standard_task_runner.py:61: DeprecationWarning: This process (pid=10862) is multi-threaded, use of fork() may lead to deadlocks in the child.
  pid = os.fork()

[2025-05-18T14:00:07.702+0000] {standard_task_runner.py:63} INFO - Started process 10863 to run task
[2025-05-18T14:00:07.703+0000] {standard_task_runner.py:90} INFO - Running: ['***', 'tasks', 'run', 'vietnamnet_crawler_24h', 'crawl_chinh-tri', 'scheduled__2025-05-18T13:30:00+00:00', '--job-id', '34', '--raw', '--subdir', 'DAGS_FOLDER/dags.py', '--cfg-path', '/tmp/tmp15rfrqx8']
[2025-05-18T14:00:07.705+0000] {standard_task_runner.py:91} INFO - Job 34: Subtask crawl_chinh-tri
[2025-05-18T14:00:07.741+0000] {task_command.py:426} INFO - Running <TaskInstance: vietnamnet_crawler_24h.crawl_chinh-tri scheduled__2025-05-18T13:30:00+00:00 [running]> on host a383b65f89e1
[2025-05-18T14:00:07.813+0000] {taskinstance.py:2648} INFO - Exporting env vars: AIRFLOW_CTX_DAG_OWNER='***' AIRFLOW_CTX_DAG_ID='vietnamnet_crawler_24h' AIRFLOW_CTX_TASK_ID='crawl_chinh-tri' AIRFLOW_CTX_EXECUTION_DATE='2025-05-18T13:30:00+00:00' AIRFLOW_CTX_TRY_NUMBER='1' AIRFLOW_CTX_DAG_RUN_ID='scheduled__2025-05-18T13:30:00+00:00'
[2025-05-18T14:00:07.815+0000] {taskinstance.py:430} INFO - ::endgroup::
[2025-05-18T14:00:07.960+0000] {crawler.py:55} INFO - Đã kết nối thành công với MongoDB: News
[2025-05-18T14:00:08.474+0000] {logging_mixin.py:188} INFO - [INIT].... → Crawl4AI 0.6.3
[2025-05-18T14:00:10.563+0000] {logging_mixin.py:188} INFO - [FETCH]... ↓ https://vietnamnet.vn/tin-tuc-24h?bydaterang=&cate=000001          
| ✓ | ⏱: 2.04s
[2025-05-18T14:00:10.736+0000] {logging_mixin.py:188} INFO - [SCRAPE].. ◆ https://vietnamnet.vn/tin-tuc-24h?bydaterang=&cate=000001          
| ✓ | ⏱: 0.17s
[2025-05-18T14:00:10.739+0000] {logging_mixin.py:188} INFO - [COMPLETE] ● https://vietnamnet.vn/tin-tuc-24h?bydaterang=&cate=000001          
| ✓ | ⏱: 2.22s
[2025-05-18T14:00:10.964+0000] {crawler.py:85} INFO - Tìm thấy 25 link bài viết cho danh mục chinh-tri
[2025-05-18T14:00:11.555+0000] {crawler.py:110} INFO - Đã lọc: 25 URLs ban đầu -> 0 URLs sau xử lý live
[2025-05-18T14:00:11.555+0000] {crawler.py:252} INFO - Không có bài viết mới nào trong danh mục chinh-tri cần crawl.
[2025-05-18T14:00:11.625+0000] {crawler.py:294} INFO - Không có bài viết để lưu vào collection 'chinh-tri'
[2025-05-18T14:00:11.685+0000] {python.py:237} INFO - Done. Returned value was: None
[2025-05-18T14:00:11.686+0000] {taskinstance.py:441} INFO - ::group::Post task execution logs
[2025-05-18T14:00:11.694+0000] {taskinstance.py:1206} INFO - Marking task as SUCCESS. dag_id=vietnamnet_crawler_24h, task_id=crawl_chinh-tri, run_id=scheduled__2025-05-18T13:30:00+00:00, execution_date=20250518T133000, start_date=20250518T140007, end_date=20250518T140011
[2025-05-18T14:00:11.728+0000] {local_task_job_runner.py:240} INFO - Task exited with return code 0
[2025-05-18T14:00:11.780+0000] {taskinstance.py:3503} INFO - 1 downstream tasks scheduled from follow-on schedule check
[2025-05-18T14:00:11.785+0000] {local_task_job_runner.py:222} INFO - ::endgroup::
