[2025-05-18T09:19:22.591+0000] {local_task_job_runner.py:120} INFO - ::group::Pre task execution logs
[2025-05-18T09:19:22.611+0000] {taskinstance.py:2076} INFO - Dependencies all met for dep_context=non-requeueable deps ti=<TaskInstance: vietnamnet_crawler_24h.crawl_chinh-tri scheduled__2025-05-18T08:30:00+00:00 [queued]>
[2025-05-18T09:19:22.619+0000] {taskinstance.py:2076} INFO - Dependencies all met for dep_context=requeueable deps ti=<TaskInstance: vietnamnet_crawler_24h.crawl_chinh-tri scheduled__2025-05-18T08:30:00+00:00 [queued]>
[2025-05-18T09:19:22.620+0000] {taskinstance.py:2306} INFO - Starting attempt 1 of 2
[2025-05-18T09:19:22.634+0000] {taskinstance.py:2330} INFO - Executing <Task(PythonOperator): crawl_chinh-tri> on 2025-05-18 08:30:00+00:00
[2025-05-18T09:19:22.639+0000] {warnings.py:112} WARNING - /home/***/.local/lib/python3.12/site-packages/***/task/task_runner/standard_task_runner.py:61: DeprecationWarning: This process (pid=312) is multi-threaded, use of fork() may lead to deadlocks in the child.
  pid = os.fork()

[2025-05-18T09:19:22.640+0000] {standard_task_runner.py:63} INFO - Started process 313 to run task
[2025-05-18T09:19:22.641+0000] {standard_task_runner.py:90} INFO - Running: ['***', 'tasks', 'run', 'vietnamnet_crawler_24h', 'crawl_chinh-tri', 'scheduled__2025-05-18T08:30:00+00:00', '--job-id', '4', '--raw', '--subdir', 'DAGS_FOLDER/dags.py', '--cfg-path', '/tmp/tmprv_r4h4m']
[2025-05-18T09:19:22.643+0000] {standard_task_runner.py:91} INFO - Job 4: Subtask crawl_chinh-tri
[2025-05-18T09:19:22.685+0000] {task_command.py:426} INFO - Running <TaskInstance: vietnamnet_crawler_24h.crawl_chinh-tri scheduled__2025-05-18T08:30:00+00:00 [running]> on host 4a3ee431a987
[2025-05-18T09:19:22.766+0000] {taskinstance.py:2648} INFO - Exporting env vars: AIRFLOW_CTX_DAG_OWNER='***' AIRFLOW_CTX_DAG_ID='vietnamnet_crawler_24h' AIRFLOW_CTX_TASK_ID='crawl_chinh-tri' AIRFLOW_CTX_EXECUTION_DATE='2025-05-18T08:30:00+00:00' AIRFLOW_CTX_TRY_NUMBER='1' AIRFLOW_CTX_DAG_RUN_ID='scheduled__2025-05-18T08:30:00+00:00'
[2025-05-18T09:19:22.767+0000] {taskinstance.py:430} INFO - ::endgroup::
[2025-05-18T09:19:22.933+0000] {crawler.py:55} INFO - Đã kết nối thành công với MongoDB: News
[2025-05-18T09:19:23.569+0000] {logging_mixin.py:188} INFO - [INIT].... → Crawl4AI 0.6.3
[2025-05-18T09:19:26.141+0000] {logging_mixin.py:188} INFO - [FETCH]... ↓ https://vietnamnet.vn/tin-tuc-24h?bydaterang=&cate=000001          
| ✓ | ⏱: 2.51s
[2025-05-18T09:19:26.339+0000] {logging_mixin.py:188} INFO - [SCRAPE].. ◆ https://vietnamnet.vn/tin-tuc-24h?bydaterang=&cate=000001          
| ✓ | ⏱: 0.20s
[2025-05-18T09:19:26.341+0000] {logging_mixin.py:188} INFO - [COMPLETE] ● https://vietnamnet.vn/tin-tuc-24h?bydaterang=&cate=000001          
| ✓ | ⏱: 2.71s
[2025-05-18T09:19:26.410+0000] {crawler.py:85} INFO - Tìm thấy 25 link bài viết cho danh mục chinh-tri
[2025-05-18T09:19:27.013+0000] {crawler.py:110} INFO - Đã lọc: 25 URLs ban đầu -> 1 URLs sau xử lý live
[2025-05-18T09:19:27.014+0000] {crawler.py:255} INFO - Đang crawl 1 bài viết mới từ danh mục chinh-tri...
[2025-05-18T09:19:27.014+0000] {crawler.py:258} INFO - --> Crawl: https://vietnamnet.vn/tong-bi-thu-to-lam-bac-van-cung-chung-chau-hanh-quan-2402321.html
[2025-05-18T09:19:27.817+0000] {logging_mixin.py:188} INFO - [INIT].... → Crawl4AI 0.6.3
[2025-05-18T09:19:30.983+0000] {logging_mixin.py:188} INFO - [FETCH]... ↓ 
https://vietnamnet.vn/tong-bi-thu-to-lam-bac-van-cung-chung-chau-hanh-quan-24023
21.html              | ✓ | ⏱: 3.10s
[2025-05-18T09:19:31.264+0000] {logging_mixin.py:188} INFO - [SCRAPE].. ◆ 
https://vietnamnet.vn/tong-bi-thu-to-lam-bac-van-cung-chung-chau-hanh-quan-24023
21.html              | ✓ | ⏱: 0.28s
[2025-05-18T09:19:31.266+0000] {logging_mixin.py:188} INFO - [COMPLETE] ● 
https://vietnamnet.vn/tong-bi-thu-to-lam-bac-van-cung-chung-chau-hanh-quan-24023
21.html              | ✓ | ⏱: 3.39s
[2025-05-18T09:19:31.735+0000] {crawler.py:262} INFO -     ✓ Tổng Bí thư Tô Lâm: Bác vẫn cùng chúng cháu hành quân...

[2025-05-18T09:19:31.736+0000] {crawler.py:265} INFO - ⏱️  Tổng thời gian crawl: 8.80 giây
[2025-05-18T09:19:31.941+0000] {crawler.py:292} INFO - Đã lưu 1 bài viết vào collection 'chinh-tri'
[2025-05-18T09:19:32.010+0000] {python.py:237} INFO - Done. Returned value was: None
[2025-05-18T09:19:32.014+0000] {taskinstance.py:441} INFO - ::group::Post task execution logs
[2025-05-18T09:19:32.028+0000] {taskinstance.py:1206} INFO - Marking task as SUCCESS. dag_id=vietnamnet_crawler_24h, task_id=crawl_chinh-tri, run_id=scheduled__2025-05-18T08:30:00+00:00, execution_date=20250518T083000, start_date=20250518T091922, end_date=20250518T091932
[2025-05-18T09:19:32.081+0000] {local_task_job_runner.py:240} INFO - Task exited with return code 0
[2025-05-18T09:19:32.104+0000] {taskinstance.py:3503} INFO - 1 downstream tasks scheduled from follow-on schedule check
[2025-05-18T09:19:32.107+0000] {local_task_job_runner.py:222} INFO - ::endgroup::
