[2025-05-16T11:00:17.679+0000] {local_task_job_runner.py:120} INFO - ::group::Pre task execution logs
[2025-05-16T11:00:17.716+0000] {taskinstance.py:2076} INFO - Dependencies all met for dep_context=non-requeueable deps ti=<TaskInstance: vietnamnet_crawler_24h.crawl_chinh-tri scheduled__2025-05-16T10:30:00+00:00 [queued]>
[2025-05-16T11:00:17.737+0000] {taskinstance.py:2076} INFO - Dependencies all met for dep_context=requeueable deps ti=<TaskInstance: vietnamnet_crawler_24h.crawl_chinh-tri scheduled__2025-05-16T10:30:00+00:00 [queued]>
[2025-05-16T11:00:17.737+0000] {taskinstance.py:2306} INFO - Starting attempt 1 of 2
[2025-05-16T11:00:17.763+0000] {taskinstance.py:2330} INFO - Executing <Task(PythonOperator): crawl_chinh-tri> on 2025-05-16 10:30:00+00:00
[2025-05-16T11:00:17.773+0000] {warnings.py:112} WARNING - /home/***/.local/lib/python3.12/site-packages/***/task/task_runner/standard_task_runner.py:61: DeprecationWarning: This process (pid=4614) is multi-threaded, use of fork() may lead to deadlocks in the child.
  pid = os.fork()

[2025-05-16T11:00:17.775+0000] {standard_task_runner.py:63} INFO - Started process 4724 to run task
[2025-05-16T11:00:17.776+0000] {standard_task_runner.py:90} INFO - Running: ['***', 'tasks', 'run', 'vietnamnet_crawler_24h', 'crawl_chinh-tri', 'scheduled__2025-05-16T10:30:00+00:00', '--job-id', '41', '--raw', '--subdir', 'DAGS_FOLDER/dags.py', '--cfg-path', '/tmp/tmp9ismt0vk']
[2025-05-16T11:00:17.780+0000] {standard_task_runner.py:91} INFO - Job 41: Subtask crawl_chinh-tri
[2025-05-16T11:00:17.853+0000] {task_command.py:426} INFO - Running <TaskInstance: vietnamnet_crawler_24h.crawl_chinh-tri scheduled__2025-05-16T10:30:00+00:00 [running]> on host 71b827885e5f
[2025-05-16T11:00:18.001+0000] {taskinstance.py:2648} INFO - Exporting env vars: AIRFLOW_CTX_DAG_OWNER='***' AIRFLOW_CTX_DAG_ID='vietnamnet_crawler_24h' AIRFLOW_CTX_TASK_ID='crawl_chinh-tri' AIRFLOW_CTX_EXECUTION_DATE='2025-05-16T10:30:00+00:00' AIRFLOW_CTX_TRY_NUMBER='1' AIRFLOW_CTX_DAG_RUN_ID='scheduled__2025-05-16T10:30:00+00:00'
[2025-05-16T11:00:18.004+0000] {taskinstance.py:430} INFO - ::endgroup::
[2025-05-16T11:00:18.450+0000] {crawler.py:54} INFO - Đã kết nối thành công với MongoDB: News
[2025-05-16T11:00:20.061+0000] {logging_mixin.py:188} INFO - [INIT].... → Crawl4AI 0.6.2
[2025-05-16T11:00:25.380+0000] {logging_mixin.py:188} INFO - [FETCH]... ↓ https://vietnamnet.vn/tin-tuc-24h?bydaterang=&cate=000001                                            | 
[2025-05-16T11:00:25.381+0000] {logging_mixin.py:188} INFO - ✓
[2025-05-16T11:00:25.386+0000] {logging_mixin.py:188} INFO -  | ⏱: 5.13s
[2025-05-16T11:00:25.873+0000] {logging_mixin.py:188} INFO - [SCRAPE].. ◆ https://vietnamnet.vn/tin-tuc-24h?bydaterang=&cate=000001                                            | 
[2025-05-16T11:00:25.874+0000] {logging_mixin.py:188} INFO - ✓
[2025-05-16T11:00:25.875+0000] {logging_mixin.py:188} INFO -  | ⏱: 0.48s
[2025-05-16T11:00:25.878+0000] {logging_mixin.py:188} INFO - [COMPLETE] ● https://vietnamnet.vn/tin-tuc-24h?bydaterang=&cate=000001                                            | 
[2025-05-16T11:00:25.879+0000] {logging_mixin.py:188} INFO - ✓
[2025-05-16T11:00:25.881+0000] {logging_mixin.py:188} INFO -  | ⏱: 5.63s
[2025-05-16T11:00:26.384+0000] {crawler.py:84} INFO - Tìm thấy 25 link bài viết cho danh mục chinh-tri
[2025-05-16T11:00:27.034+0000] {crawler.py:108} INFO - Đã lọc: 25 URLs ban đầu -> 0 URLs mới
[2025-05-16T11:00:27.035+0000] {crawler.py:229} INFO - Không có bài viết mới nào trong danh mục chinh-tri cần crawl.
[2025-05-16T11:00:27.044+0000] {crawler.py:269} INFO - Không có bài viết để lưu vào collection 'chinh-tri'
[2025-05-16T11:00:27.113+0000] {python.py:237} INFO - Done. Returned value was: None
[2025-05-16T11:00:27.115+0000] {taskinstance.py:441} INFO - ::group::Post task execution logs
[2025-05-16T11:00:27.132+0000] {taskinstance.py:1206} INFO - Marking task as SUCCESS. dag_id=vietnamnet_crawler_24h, task_id=crawl_chinh-tri, run_id=scheduled__2025-05-16T10:30:00+00:00, execution_date=20250516T103000, start_date=20250516T110017, end_date=20250516T110027
[2025-05-16T11:00:27.188+0000] {local_task_job_runner.py:240} INFO - Task exited with return code 0
[2025-05-16T11:00:27.242+0000] {taskinstance.py:3503} INFO - 1 downstream tasks scheduled from follow-on schedule check
[2025-05-16T11:00:27.245+0000] {local_task_job_runner.py:222} INFO - ::endgroup::
