[2025-05-11T18:00:06.885+0000] {local_task_job_runner.py:120} INFO - ::group::Pre task execution logs
[2025-05-11T18:00:06.905+0000] {taskinstance.py:2076} INFO - Dependencies all met for dep_context=non-requeueable deps ti=<TaskInstance: vietnamnet_crawler_24h.crawl_chinh-tri scheduled__2025-05-11T17:30:00+00:00 [queued]>
[2025-05-11T18:00:06.914+0000] {taskinstance.py:2076} INFO - Dependencies all met for dep_context=requeueable deps ti=<TaskInstance: vietnamnet_crawler_24h.crawl_chinh-tri scheduled__2025-05-11T17:30:00+00:00 [queued]>
[2025-05-11T18:00:06.915+0000] {taskinstance.py:2306} INFO - Starting attempt 1 of 2
[2025-05-11T18:00:06.926+0000] {taskinstance.py:2330} INFO - Executing <Task(PythonOperator): crawl_chinh-tri> on 2025-05-11 17:30:00+00:00
[2025-05-11T18:00:06.933+0000] {warnings.py:112} WARNING - /home/***/.local/lib/python3.12/site-packages/***/task/task_runner/standard_task_runner.py:61: DeprecationWarning: This process (pid=25761) is multi-threaded, use of fork() may lead to deadlocks in the child.
  pid = os.fork()

[2025-05-11T18:00:06.934+0000] {standard_task_runner.py:63} INFO - Started process 25762 to run task
[2025-05-11T18:00:06.934+0000] {standard_task_runner.py:90} INFO - Running: ['***', 'tasks', 'run', 'vietnamnet_crawler_24h', 'crawl_chinh-tri', 'scheduled__2025-05-11T17:30:00+00:00', '--job-id', '18', '--raw', '--subdir', 'DAGS_FOLDER/dags.py', '--cfg-path', '/tmp/tmpoegetog0']
[2025-05-11T18:00:06.937+0000] {standard_task_runner.py:91} INFO - Job 18: Subtask crawl_chinh-tri
[2025-05-11T18:00:06.976+0000] {task_command.py:426} INFO - Running <TaskInstance: vietnamnet_crawler_24h.crawl_chinh-tri scheduled__2025-05-11T17:30:00+00:00 [running]> on host 2e5e0a2a1f8e
[2025-05-11T18:00:07.056+0000] {taskinstance.py:2648} INFO - Exporting env vars: AIRFLOW_CTX_DAG_OWNER='***' AIRFLOW_CTX_DAG_ID='vietnamnet_crawler_24h' AIRFLOW_CTX_TASK_ID='crawl_chinh-tri' AIRFLOW_CTX_EXECUTION_DATE='2025-05-11T17:30:00+00:00' AIRFLOW_CTX_TRY_NUMBER='1' AIRFLOW_CTX_DAG_RUN_ID='scheduled__2025-05-11T17:30:00+00:00'
[2025-05-11T18:00:07.058+0000] {taskinstance.py:430} INFO - ::endgroup::
[2025-05-11T18:00:07.216+0000] {crawler.py:54} INFO - Đã kết nối thành công với MongoDB: News
[2025-05-11T18:00:07.340+0000] {crawler.py:44} INFO - ArticleSummarizer đã được khởi tạo thành công
[2025-05-11T18:00:07.858+0000] {logging_mixin.py:188} INFO - [INIT].... → Crawl4AI 0.6.2
[2025-05-11T18:00:10.187+0000] {logging_mixin.py:188} INFO - [FETCH]... ↓ https://vietnamnet.vn/tin-tuc-24h?bydaterang=&cate=000001                                            | 
[2025-05-11T18:00:10.187+0000] {logging_mixin.py:188} INFO - ✓
[2025-05-11T18:00:10.188+0000] {logging_mixin.py:188} INFO -  | ⏱: 2.31s
[2025-05-11T18:00:10.473+0000] {logging_mixin.py:188} INFO - [SCRAPE].. ◆ https://vietnamnet.vn/tin-tuc-24h?bydaterang=&cate=000001                                            | 
[2025-05-11T18:00:10.474+0000] {logging_mixin.py:188} INFO - ✓
[2025-05-11T18:00:10.475+0000] {logging_mixin.py:188} INFO -  | ⏱: 0.28s
[2025-05-11T18:00:10.476+0000] {logging_mixin.py:188} INFO - [COMPLETE] ● https://vietnamnet.vn/tin-tuc-24h?bydaterang=&cate=000001                                            | 
[2025-05-11T18:00:10.477+0000] {logging_mixin.py:188} INFO - ✓
[2025-05-11T18:00:10.477+0000] {logging_mixin.py:188} INFO -  | ⏱: 2.60s
[2025-05-11T18:00:10.537+0000] {crawler.py:84} INFO - Tìm thấy 25 link bài viết cho danh mục chinh-tri
[2025-05-11T18:00:12.676+0000] {crawler.py:103} INFO - Đã lọc: 25 URLs ban đầu -> 0 URLs mới
[2025-05-11T18:00:12.677+0000] {crawler.py:222} INFO - Không có bài viết mới nào trong danh mục chinh-tri cần crawl.
[2025-05-11T18:00:12.677+0000] {crawler.py:257} INFO - Không có bài viết để lưu vào collection 'chinh-tri'
[2025-05-11T18:00:12.741+0000] {python.py:237} INFO - Done. Returned value was: None
[2025-05-11T18:00:12.742+0000] {taskinstance.py:441} INFO - ::group::Post task execution logs
[2025-05-11T18:00:12.749+0000] {taskinstance.py:1206} INFO - Marking task as SUCCESS. dag_id=vietnamnet_crawler_24h, task_id=crawl_chinh-tri, run_id=scheduled__2025-05-11T17:30:00+00:00, execution_date=20250511T173000, start_date=20250511T180006, end_date=20250511T180012
[2025-05-11T18:00:12.806+0000] {local_task_job_runner.py:240} INFO - Task exited with return code 0
[2025-05-11T18:00:12.826+0000] {taskinstance.py:3503} INFO - 1 downstream tasks scheduled from follow-on schedule check
[2025-05-11T18:00:12.829+0000] {local_task_job_runner.py:222} INFO - ::endgroup::
