[2025-05-16T12:20:31.495+0000] {local_task_job_runner.py:120} INFO - ::group::Pre task execution logs
[2025-05-16T12:20:31.516+0000] {taskinstance.py:2076} INFO - Dependencies all met for dep_context=non-requeueable deps ti=<TaskInstance: vietnamnet_crawler_24h.crawl_giao-duc scheduled__2025-05-16T11:30:00+00:00 [queued]>
[2025-05-16T12:20:31.527+0000] {taskinstance.py:2076} INFO - Dependencies all met for dep_context=requeueable deps ti=<TaskInstance: vietnamnet_crawler_24h.crawl_giao-duc scheduled__2025-05-16T11:30:00+00:00 [queued]>
[2025-05-16T12:20:31.528+0000] {taskinstance.py:2306} INFO - Starting attempt 1 of 2
[2025-05-16T12:20:31.543+0000] {taskinstance.py:2330} INFO - Executing <Task(PythonOperator): crawl_giao-duc> on 2025-05-16 11:30:00+00:00
[2025-05-16T12:20:31.548+0000] {warnings.py:112} WARNING - /home/***/.local/lib/python3.12/site-packages/***/task/task_runner/standard_task_runner.py:61: DeprecationWarning: This process (pid=257) is multi-threaded, use of fork() may lead to deadlocks in the child.
  pid = os.fork()

[2025-05-16T12:20:31.550+0000] {standard_task_runner.py:63} INFO - Started process 258 to run task
[2025-05-16T12:20:31.550+0000] {standard_task_runner.py:90} INFO - Running: ['***', 'tasks', 'run', 'vietnamnet_crawler_24h', 'crawl_giao-duc', 'scheduled__2025-05-16T11:30:00+00:00', '--job-id', '62', '--raw', '--subdir', 'DAGS_FOLDER/dags.py', '--cfg-path', '/tmp/tmp7mtair3q']
[2025-05-16T12:20:31.552+0000] {standard_task_runner.py:91} INFO - Job 62: Subtask crawl_giao-duc
[2025-05-16T12:20:31.588+0000] {task_command.py:426} INFO - Running <TaskInstance: vietnamnet_crawler_24h.crawl_giao-duc scheduled__2025-05-16T11:30:00+00:00 [running]> on host 71b827885e5f
[2025-05-16T12:20:31.670+0000] {taskinstance.py:2648} INFO - Exporting env vars: AIRFLOW_CTX_DAG_OWNER='***' AIRFLOW_CTX_DAG_ID='vietnamnet_crawler_24h' AIRFLOW_CTX_TASK_ID='crawl_giao-duc' AIRFLOW_CTX_EXECUTION_DATE='2025-05-16T11:30:00+00:00' AIRFLOW_CTX_TRY_NUMBER='1' AIRFLOW_CTX_DAG_RUN_ID='scheduled__2025-05-16T11:30:00+00:00'
[2025-05-16T12:20:31.671+0000] {taskinstance.py:430} INFO - ::endgroup::
[2025-05-16T12:20:31.837+0000] {crawler.py:54} INFO - Đã kết nối thành công với MongoDB: News
[2025-05-16T12:20:32.520+0000] {logging_mixin.py:188} INFO - [INIT].... → Crawl4AI 0.6.2
[2025-05-16T12:20:33.329+0000] {logging_mixin.py:188} INFO - [FETCH]... ↓ https://vietnamnet.vn/tin-tuc-24h?bydaterang=&cate=000006                                            | 
[2025-05-16T12:20:33.329+0000] {logging_mixin.py:188} INFO - ✓
[2025-05-16T12:20:33.330+0000] {logging_mixin.py:188} INFO -  | ⏱: 0.74s
[2025-05-16T12:20:33.336+0000] {logging_mixin.py:188} INFO - [SCRAPE].. ◆ https://vietnamnet.vn/tin-tuc-24h?bydaterang=&cate=000006                                            | 
[2025-05-16T12:20:33.337+0000] {logging_mixin.py:188} INFO - ✓
[2025-05-16T12:20:33.338+0000] {logging_mixin.py:188} INFO -  | ⏱: 0.00s
[2025-05-16T12:20:33.341+0000] {logging_mixin.py:188} INFO - [COMPLETE] ● https://vietnamnet.vn/tin-tuc-24h?bydaterang=&cate=000006                                            | 
[2025-05-16T12:20:33.343+0000] {logging_mixin.py:188} INFO - ✓
[2025-05-16T12:20:33.346+0000] {logging_mixin.py:188} INFO -  | ⏱: 0.75s
[2025-05-16T12:20:33.348+0000] {crawler.py:84} INFO - Tìm thấy 0 link bài viết cho danh mục giao-duc
[2025-05-16T12:20:34.053+0000] {crawler.py:108} INFO - Đã lọc: 0 URLs ban đầu -> 0 URLs mới
[2025-05-16T12:20:34.053+0000] {crawler.py:229} INFO - Không có bài viết mới nào trong danh mục giao-duc cần crawl.
[2025-05-16T12:20:34.053+0000] {crawler.py:269} INFO - Không có bài viết để lưu vào collection 'giao-duc'
[2025-05-16T12:20:34.116+0000] {python.py:237} INFO - Done. Returned value was: None
[2025-05-16T12:20:34.116+0000] {taskinstance.py:441} INFO - ::group::Post task execution logs
[2025-05-16T12:20:34.123+0000] {taskinstance.py:1206} INFO - Marking task as SUCCESS. dag_id=vietnamnet_crawler_24h, task_id=crawl_giao-duc, run_id=scheduled__2025-05-16T11:30:00+00:00, execution_date=20250516T113000, start_date=20250516T122031, end_date=20250516T122034
[2025-05-16T12:20:34.176+0000] {local_task_job_runner.py:240} INFO - Task exited with return code 0
[2025-05-16T12:20:34.195+0000] {taskinstance.py:3503} INFO - 1 downstream tasks scheduled from follow-on schedule check
[2025-05-16T12:20:34.197+0000] {local_task_job_runner.py:222} INFO - ::endgroup::
