[2025-05-16T17:09:26.723+0000] {local_task_job_runner.py:120} INFO - ::group::Pre task execution logs
[2025-05-16T17:09:26.746+0000] {taskinstance.py:2076} INFO - Dependencies all met for dep_context=non-requeueable deps ti=<TaskInstance: vietnamnet_crawler_24h.crawl_doi-song manual__2025-05-16T17:08:32.746655+00:00 [queued]>
[2025-05-16T17:09:26.755+0000] {taskinstance.py:2076} INFO - Dependencies all met for dep_context=requeueable deps ti=<TaskInstance: vietnamnet_crawler_24h.crawl_doi-song manual__2025-05-16T17:08:32.746655+00:00 [queued]>
[2025-05-16T17:09:26.756+0000] {taskinstance.py:2306} INFO - Starting attempt 1 of 2
[2025-05-16T17:09:26.770+0000] {taskinstance.py:2330} INFO - Executing <Task(PythonOperator): crawl_doi-song> on 2025-05-16 17:08:32.746655+00:00
[2025-05-16T17:09:26.776+0000] {warnings.py:112} WARNING - /home/***/.local/lib/python3.12/site-packages/***/task/task_runner/standard_task_runner.py:61: DeprecationWarning: This process (pid=1803) is multi-threaded, use of fork() may lead to deadlocks in the child.
  pid = os.fork()

[2025-05-16T17:09:26.777+0000] {standard_task_runner.py:63} INFO - Started process 1804 to run task
[2025-05-16T17:09:26.778+0000] {standard_task_runner.py:90} INFO - Running: ['***', 'tasks', 'run', 'vietnamnet_crawler_24h', 'crawl_doi-song', 'manual__2025-05-16T17:08:32.746655+00:00', '--job-id', '89', '--raw', '--subdir', 'DAGS_FOLDER/dags.py', '--cfg-path', '/tmp/tmp79d4vmk5']
[2025-05-16T17:09:26.781+0000] {standard_task_runner.py:91} INFO - Job 89: Subtask crawl_doi-song
[2025-05-16T17:09:26.827+0000] {task_command.py:426} INFO - Running <TaskInstance: vietnamnet_crawler_24h.crawl_doi-song manual__2025-05-16T17:08:32.746655+00:00 [running]> on host 60d771d880eb
[2025-05-16T17:09:26.931+0000] {taskinstance.py:2648} INFO - Exporting env vars: AIRFLOW_CTX_DAG_OWNER='***' AIRFLOW_CTX_DAG_ID='vietnamnet_crawler_24h' AIRFLOW_CTX_TASK_ID='crawl_doi-song' AIRFLOW_CTX_EXECUTION_DATE='2025-05-16T17:08:32.746655+00:00' AIRFLOW_CTX_TRY_NUMBER='1' AIRFLOW_CTX_DAG_RUN_ID='manual__2025-05-16T17:08:32.746655+00:00'
[2025-05-16T17:09:26.933+0000] {taskinstance.py:430} INFO - ::endgroup::
[2025-05-16T17:09:27.156+0000] {crawler.py:55} INFO - Đã kết nối thành công với MongoDB: News
[2025-05-16T17:09:27.920+0000] {logging_mixin.py:188} INFO - [INIT].... → Crawl4AI 0.6.2
[2025-05-16T17:09:30.914+0000] {logging_mixin.py:188} INFO - [FETCH]... ↓ https://vietnamnet.vn/tin-tuc-24h?bydaterang=&cate=000007                                            | 
[2025-05-16T17:09:30.915+0000] {logging_mixin.py:188} INFO - ✓
[2025-05-16T17:09:30.915+0000] {logging_mixin.py:188} INFO -  | ⏱: 2.94s
[2025-05-16T17:09:31.134+0000] {logging_mixin.py:188} INFO - [SCRAPE].. ◆ https://vietnamnet.vn/tin-tuc-24h?bydaterang=&cate=000007                                            | 
[2025-05-16T17:09:31.135+0000] {logging_mixin.py:188} INFO - ✓
[2025-05-16T17:09:31.135+0000] {logging_mixin.py:188} INFO -  | ⏱: 0.22s
[2025-05-16T17:09:31.137+0000] {logging_mixin.py:188} INFO - [COMPLETE] ● https://vietnamnet.vn/tin-tuc-24h?bydaterang=&cate=000007                                            | 
[2025-05-16T17:09:31.137+0000] {logging_mixin.py:188} INFO - ✓
[2025-05-16T17:09:31.138+0000] {logging_mixin.py:188} INFO -  | ⏱: 3.16s
[2025-05-16T17:09:31.376+0000] {crawler.py:85} INFO - Tìm thấy 25 link bài viết cho danh mục doi-song
[2025-05-16T17:09:31.974+0000] {crawler.py:110} INFO - Đã lọc: 25 URLs ban đầu -> 1 URLs sau xử lý live
[2025-05-16T17:09:31.975+0000] {crawler.py:247} INFO - Đang crawl 1 bài viết mới từ danh mục doi-song...
[2025-05-16T17:09:31.975+0000] {crawler.py:250} INFO - --> Crawl: https://vietnamnet.vn/vi-cai-dieu-hoa-dong-nghiep-bat-hoa-me-chong-gian-nang-dau-3-ngay-2401650.html
[2025-05-16T17:09:32.666+0000] {logging_mixin.py:188} INFO - [INIT].... → Crawl4AI 0.6.2
[2025-05-16T17:09:36.424+0000] {logging_mixin.py:188} INFO - [FETCH]... ↓ https://vietnamnet.vn/vi-cai-dieu-hoa-dong-nghiep-bat-hoa-me-chong-gian-nang-dau-3-ngay-2401650.html | 
[2025-05-16T17:09:36.425+0000] {logging_mixin.py:188} INFO - ✓
[2025-05-16T17:09:36.426+0000] {logging_mixin.py:188} INFO -  | ⏱: 3.68s
[2025-05-16T17:09:36.641+0000] {logging_mixin.py:188} INFO - [SCRAPE].. ◆ https://vietnamnet.vn/vi-cai-dieu-hoa-dong-nghiep-bat-hoa-me-chong-gian-nang-dau-3-ngay-2401650.html | 
[2025-05-16T17:09:36.642+0000] {logging_mixin.py:188} INFO - ✓
[2025-05-16T17:09:36.642+0000] {logging_mixin.py:188} INFO -  | ⏱: 0.21s
[2025-05-16T17:09:36.643+0000] {logging_mixin.py:188} INFO - [COMPLETE] ● https://vietnamnet.vn/vi-cai-dieu-hoa-dong-nghiep-bat-hoa-me-chong-gian-nang-dau-3-ngay-2401650.html | 
[2025-05-16T17:09:36.644+0000] {logging_mixin.py:188} INFO - ✓
[2025-05-16T17:09:36.644+0000] {logging_mixin.py:188} INFO -  | ⏱: 3.90s
[2025-05-16T17:09:37.073+0000] {crawler.py:254} INFO -     ✓ Vì cái điều hòa, đồng nghiệp bất hòa, mẹ chồng giận nàng dâu...

[2025-05-16T17:09:37.074+0000] {crawler.py:257} INFO - ⏱️  Tổng thời gian crawl: 9.92 giây
[2025-05-16T17:09:37.142+0000] {crawler.py:289} ERROR - Lỗi khi lưu dữ liệu vào MongoDB: batch op errors occurred, full error: {'writeErrors': [{'index': 0, 'code': 11000, 'errmsg': 'E11000 duplicate key error collection: News.doi-song index: _id_ dup key: { _id: "2401650" }', 'keyPattern': {'_id': 1}, 'keyValue': {'_id': '2401650'}, 'op': {'title': 'Vì cái điều hòa, đồng nghiệp bất hòa, mẹ chồng giận nàng dâu 3 ngày', 'author': 'Không có thông tin tác giả', 'publish_date': '2025-05-16T19:10:00.000 +07:00', 'views': None, 'tags': [], 'description': 'Chỉ vì chuyện cái điều hòa mà mỗi lần đi làm về, tôi lại thêm bực dọc. Bực từ cơ quan chưa hết, về đến nhà tôi lại bị mẹ chồng mắng cũng vì chuyện… cái điều hòa.', 'main_image': 'https://static-images.vnncdn.net/vps_images_publish/000001/000003/2025/5/16/anhdd-28-85044.jpg?width=0&s=KOiDsiU-ivvznZkm_-F7ZQ', 'content': 'Tôi là người kém chịu lạnh. Hoặc cũng có thể không chỉ mình tôi như vậy, vì tôi thấy nhiều người trong phòng cũng lạnh run lên mỗi khi điều hòa bật 21 độ. Các anh chị đến trước thường bật nhiệt độ rất thấp, gió để nấc cao nhất.\n\nTôi thường phải dùng một cái chăn mỏng, đắp kín người. Lạnh quá tôi trùm cả lên đầu, quấn kín như tổ kén. Có lúc đang làm, tay tôi lạnh buốt đến mức tê rần, không gõ nổi bàn phím. Sếp xuống, thấy tôi như thế thì nhắc: “Em trùm kín thế nhìn phản cảm lắm, mất mỹ quan văn phòng”. Nhưng tôi cũng không thể làm khác vì bỏ ra thì rét buốt cả đầu, cả người.\n\nTôi không tăng nhiệt độ vì sợ mất lòng các chị em khác, vả lại tôi còn mang thêm chăn. Nhưng lần này sếp nhắc chuyện trùm chăn khiến tôi bức xúc. Cứ ai bật điều hòa 21 độ là tôi ra tăng lên 26-27 độ.\n\nHôm đó, tôi vừa ra tăng nhiệt thì chị trưởng phòng nói: “Em để yên đấy đi, phòng đông người thế mà bật cao thì có mà hít hơi nhau à”. Chị nói vậy ai mà cãi được. Chị khó tính và gần như là "quyền lực" ở phòng tôi. Ai cũng ngại va chạm nên đa số đành im lặng chịu lạnh.\n\nThỉnh thoảng tranh thủ lúc chị ra ngoài, tôi lén chỉnh nhiệt độ lên một chút, nhưng cũng chẳng được bao lâu, lại có người ra chỉnh xuống. Và vòng lặp lại tiếp diễn.\n\nChưa kể chuyện... cái cửa. Mỗi lần tôi đi vệ sinh hay ra ngoài nghe điện thoại, chỉ cần quên hoặc chưa kịp đóng cửa là y như rằng có tiếng quát: “Đi đâu thì đóng cửa vào, đang bật điều hòa đấy không biết à?”. Âm lượng to đủ để cả tầng nghe thấy. Cảm giác lúc đó vừa xấu hổ, vừa bực mà tôi chẳng dám cãi.\n\nVề nhà tôi cũng không thoát được áp lực từ cái điều hòa. Mẹ chồng tôi cực kỳ tiết kiệm. Bà quát cháu mỗi khi ra vào quên đóng cửa, quát luôn cả tôi và chồng tôi vì "tốn điện". Tôi uất ức quá, một hôm bật lại: “Tốn thì tiền điện con chịu, chứ mẹ chịu đâu mà mẹ lo”.\n\nVì câu nói đó, mẹ chồng giận tôi 3 ngày trời, không nói năng gì với tôi. Bà còn không nấu cơm cho chúng tôi ăn. Sau đó, tôi phải chủ động làm lành nhưng thực sự không cam tâm.\n\nTôi không ghét điều hòa, nhưng cái thứ máy lạnh ấy đang làm “nóng” mọi mối quan hệ xung quanh tôi. Từ công sở về đến gia đình, nó cứ len lỏi, ảnh hưởng đến tâm trạng và cuộc sống của tôi lúc nào không hay. Chuyện nhỏ mà biến thành nỗi lo lớn, khiến tôi làm việc kém hiệu quả hẳn.\n\nCó lần bực quá, tôi lên công ty, chỉnh điều hòa xuống tận 18 độ, để xem ai chịu nổi. Tôi mang hẳn chăn to, đội mũ len như giữa mùa đông. Ai nhìn cũng buồn cười, nhưng tôi không quan tâm. Sếp xuống hỏi, tôi trình bày mọi chuyện. Sếp nghe xong cũng chỉ thở dài rồi lắc đầu bỏ đi.\n\nChị trưởng phòng và mấy chị thích để nhiêt độ thấp thấy lạnh quá, liền ra tăng lên. Nhưng cứ một lúc tôi lại hạ xuống. Các chị ngày nào thích lạnh giờ kêu rét run, còn tôi thì ung dung trong chiếc chăn ấm của mình. Hôm sau, vài người cũng phải mang chăn đi đắp.\n\nTôi muốn cho các chị ấy hiểu rằng, đừng khăng khăng với ý kiến của mình và đừng cho mình là đúng.\n\nChuyện nhỏ thật đấy, nhưng nếu không ai chịu nhường ai, thì chuyện nhỏ cũng hóa lớn.\n\nĐộc giả Nguyễn Trúc (Hà Nội)\n\nMời độc giả chia sẻ quan điểm và gửi tâm sự của mình đến chúng tôi. Biết đâu, câu chuyện của bạn có thể giúp ai đó tìm thấy sự đồng cảm, hoặc đơn giản là giúp chính bạn vơi đi những muộn phiền.\n\nTâm sự gửi về email:Bandoisong@vietnamnet.vnhoặc bình luận phía cuối bài.', 'url': 'https://vietnamnet.vn/vi-cai-dieu-hoa-dong-nghiep-bat-hoa-me-chong-gian-nang-dau-3-ngay-2401650.html', 'category': 'doi-song', 'crawled_at': '2025-05-17T00:09:36.898895+07:00', '_id': '2401650'}}], 'writeConcernErrors': [], 'nInserted': 0, 'nUpserted': 0, 'nMatched': 0, 'nModified': 0, 'nRemoved': 0, 'upserted': []}
[2025-05-16T17:09:37.209+0000] {python.py:237} INFO - Done. Returned value was: None
[2025-05-16T17:09:37.210+0000] {taskinstance.py:441} INFO - ::group::Post task execution logs
[2025-05-16T17:09:37.217+0000] {taskinstance.py:1206} INFO - Marking task as SUCCESS. dag_id=vietnamnet_crawler_24h, task_id=crawl_doi-song, run_id=manual__2025-05-16T17:08:32.746655+00:00, execution_date=20250516T170832, start_date=20250516T170926, end_date=20250516T170937
[2025-05-16T17:09:37.248+0000] {local_task_job_runner.py:240} INFO - Task exited with return code 0
[2025-05-16T17:09:37.261+0000] {taskinstance.py:3503} INFO - 0 downstream tasks scheduled from follow-on schedule check
[2025-05-16T17:09:37.263+0000] {local_task_job_runner.py:222} INFO - ::endgroup::
