[2025-05-03T22:00:01.850+0000] {local_task_job_runner.py:120} INFO - ::group::Pre task execution logs
[2025-05-03T22:00:01.866+0000] {taskinstance.py:2076} INFO - Dependencies all met for dep_context=non-requeueable deps ti=<TaskInstance: vietnamnet_crawler_with_summary.crawl_chinh-tri scheduled__2025-05-03T21:30:00+00:00 [queued]>
[2025-05-03T22:00:01.872+0000] {taskinstance.py:2076} INFO - Dependencies all met for dep_context=requeueable deps ti=<TaskInstance: vietnamnet_crawler_with_summary.crawl_chinh-tri scheduled__2025-05-03T21:30:00+00:00 [queued]>
[2025-05-03T22:00:01.873+0000] {taskinstance.py:2306} INFO - Starting attempt 1 of 2
[2025-05-03T22:00:01.883+0000] {taskinstance.py:2330} INFO - Executing <Task(PythonOperator): crawl_chinh-tri> on 2025-05-03 21:30:00+00:00
[2025-05-03T22:00:01.889+0000] {warnings.py:112} WARNING - /home/***/.local/lib/python3.12/site-packages/***/task/task_runner/standard_task_runner.py:61: DeprecationWarning: This process (pid=48477) is multi-threaded, use of fork() may lead to deadlocks in the child.
  pid = os.fork()

[2025-05-03T22:00:01.890+0000] {standard_task_runner.py:63} INFO - Started process 48485 to run task
[2025-05-03T22:00:01.890+0000] {standard_task_runner.py:90} INFO - Running: ['***', 'tasks', 'run', 'vietnamnet_crawler_with_summary', 'crawl_chinh-tri', 'scheduled__2025-05-03T21:30:00+00:00', '--job-id', '28', '--raw', '--subdir', 'DAGS_FOLDER/dags.py', '--cfg-path', '/tmp/tmp107jhkix']
[2025-05-03T22:00:01.893+0000] {standard_task_runner.py:91} INFO - Job 28: Subtask crawl_chinh-tri
[2025-05-03T22:00:01.934+0000] {task_command.py:426} INFO - Running <TaskInstance: vietnamnet_crawler_with_summary.crawl_chinh-tri scheduled__2025-05-03T21:30:00+00:00 [running]> on host 61b2c69a7af3
[2025-05-03T22:00:02.006+0000] {taskinstance.py:2648} INFO - Exporting env vars: AIRFLOW_CTX_DAG_OWNER='***' AIRFLOW_CTX_DAG_ID='vietnamnet_crawler_with_summary' AIRFLOW_CTX_TASK_ID='crawl_chinh-tri' AIRFLOW_CTX_EXECUTION_DATE='2025-05-03T21:30:00+00:00' AIRFLOW_CTX_TRY_NUMBER='1' AIRFLOW_CTX_DAG_RUN_ID='scheduled__2025-05-03T21:30:00+00:00'
[2025-05-03T22:00:02.007+0000] {taskinstance.py:430} INFO - ::endgroup::
[2025-05-03T22:00:02.256+0000] {crawler.py:61} INFO - Đã kết nối thành công với MongoDB: News
[2025-05-03T22:00:02.364+0000] {crawler.py:44} INFO - ArticleSummarizer đã được khởi tạo thành công
[2025-05-03T22:00:02.907+0000] {logging_mixin.py:188} INFO - [INIT].... → Crawl4AI 0.6.2
[2025-05-03T22:00:04.888+0000] {logging_mixin.py:188} INFO - [FETCH]... ↓ https://vietnamnet.vn/chinh-tri                                                                      | 
[2025-05-03T22:00:04.888+0000] {logging_mixin.py:188} INFO - ✓
[2025-05-03T22:00:04.889+0000] {logging_mixin.py:188} INFO -  | ⏱: 1.90s
[2025-05-03T22:00:05.302+0000] {logging_mixin.py:188} INFO - [SCRAPE].. ◆ https://vietnamnet.vn/chinh-tri                                                                      | 
[2025-05-03T22:00:05.303+0000] {logging_mixin.py:188} INFO - ✓
[2025-05-03T22:00:05.303+0000] {logging_mixin.py:188} INFO -  | ⏱: 0.41s
[2025-05-03T22:00:05.305+0000] {logging_mixin.py:188} INFO - [COMPLETE] ● https://vietnamnet.vn/chinh-tri                                                                      | 
[2025-05-03T22:00:05.305+0000] {logging_mixin.py:188} INFO - ✓
[2025-05-03T22:00:05.306+0000] {logging_mixin.py:188} INFO -  | ⏱: 2.31s
[2025-05-03T22:00:05.404+0000] {crawler.py:87} INFO - Tìm thấy 77 link bài viết
[2025-05-03T22:00:10.830+0000] {crawler.py:106} INFO - Đã lọc: 77 URLs ban đầu -> 0 URLs mới
[2025-05-03T22:00:10.831+0000] {crawler.py:225} INFO - Không có bài viết mới nào trong danh mục chinh-tri cần crawl.
[2025-05-03T22:00:10.831+0000] {crawler.py:260} INFO - Không có bài viết để lưu vào collection 'chinh-tri'
[2025-05-03T22:00:10.892+0000] {python.py:237} INFO - Done. Returned value was: None
[2025-05-03T22:00:10.893+0000] {taskinstance.py:441} INFO - ::group::Post task execution logs
[2025-05-03T22:00:10.900+0000] {taskinstance.py:1206} INFO - Marking task as SUCCESS. dag_id=vietnamnet_crawler_with_summary, task_id=crawl_chinh-tri, run_id=scheduled__2025-05-03T21:30:00+00:00, execution_date=20250503T213000, start_date=20250503T220001, end_date=20250503T220010
[2025-05-03T22:00:10.952+0000] {local_task_job_runner.py:240} INFO - Task exited with return code 0
[2025-05-03T22:00:10.972+0000] {taskinstance.py:3503} INFO - 1 downstream tasks scheduled from follow-on schedule check
[2025-05-03T22:00:10.974+0000] {local_task_job_runner.py:222} INFO - ::endgroup::
