[2025-05-16T17:42:26.145+0000] {local_task_job_runner.py:120} INFO - ::group::Pre task execution logs
[2025-05-16T17:42:26.186+0000] {taskinstance.py:2076} INFO - Dependencies all met for dep_context=non-requeueable deps ti=<TaskInstance: vietnamnet_crawler_24h.crawl_doi-song manual__2025-05-16T17:33:27.937010+00:00 [queued]>
[2025-05-16T17:42:26.197+0000] {taskinstance.py:2076} INFO - Dependencies all met for dep_context=requeueable deps ti=<TaskInstance: vietnamnet_crawler_24h.crawl_doi-song manual__2025-05-16T17:33:27.937010+00:00 [queued]>
[2025-05-16T17:42:26.197+0000] {taskinstance.py:2306} INFO - Starting attempt 1 of 2
[2025-05-16T17:42:26.213+0000] {taskinstance.py:2330} INFO - Executing <Task(PythonOperator): crawl_doi-song> on 2025-05-16 17:33:27.937010+00:00
[2025-05-16T17:42:26.219+0000] {warnings.py:112} WARNING - /home/***/.local/lib/python3.12/site-packages/***/task/task_runner/standard_task_runner.py:61: DeprecationWarning: This process (pid=820) is multi-threaded, use of fork() may lead to deadlocks in the child.
  pid = os.fork()

[2025-05-16T17:42:26.221+0000] {standard_task_runner.py:63} INFO - Started process 822 to run task
[2025-05-16T17:42:26.222+0000] {standard_task_runner.py:90} INFO - Running: ['***', 'tasks', 'run', 'vietnamnet_crawler_24h', 'crawl_doi-song', 'manual__2025-05-16T17:33:27.937010+00:00', '--job-id', '138', '--raw', '--subdir', 'DAGS_FOLDER/dags.py', '--cfg-path', '/tmp/tmplb3kyo24']
[2025-05-16T17:42:26.224+0000] {standard_task_runner.py:91} INFO - Job 138: Subtask crawl_doi-song
[2025-05-16T17:42:26.268+0000] {task_command.py:426} INFO - Running <TaskInstance: vietnamnet_crawler_24h.crawl_doi-song manual__2025-05-16T17:33:27.937010+00:00 [running]> on host 60d771d880eb
[2025-05-16T17:42:26.408+0000] {taskinstance.py:2648} INFO - Exporting env vars: AIRFLOW_CTX_DAG_OWNER='***' AIRFLOW_CTX_DAG_ID='vietnamnet_crawler_24h' AIRFLOW_CTX_TASK_ID='crawl_doi-song' AIRFLOW_CTX_EXECUTION_DATE='2025-05-16T17:33:27.937010+00:00' AIRFLOW_CTX_TRY_NUMBER='1' AIRFLOW_CTX_DAG_RUN_ID='manual__2025-05-16T17:33:27.937010+00:00'
[2025-05-16T17:42:26.410+0000] {taskinstance.py:430} INFO - ::endgroup::
[2025-05-16T17:42:26.636+0000] {crawler.py:55} INFO - Đã kết nối thành công với MongoDB: News
[2025-05-16T17:42:27.375+0000] {logging_mixin.py:188} INFO - [INIT].... → Crawl4AI 0.6.2
[2025-05-16T17:42:30.565+0000] {logging_mixin.py:188} INFO - [FETCH]... ↓ https://vietnamnet.vn/tin-tuc-24h?bydaterang=&cate=000007                                            | 
[2025-05-16T17:42:30.566+0000] {logging_mixin.py:188} INFO - ✓
[2025-05-16T17:42:30.567+0000] {logging_mixin.py:188} INFO -  | ⏱: 3.12s
[2025-05-16T17:42:30.792+0000] {logging_mixin.py:188} INFO - [SCRAPE].. ◆ https://vietnamnet.vn/tin-tuc-24h?bydaterang=&cate=000007                                            | 
[2025-05-16T17:42:30.793+0000] {logging_mixin.py:188} INFO - ✓
[2025-05-16T17:42:30.793+0000] {logging_mixin.py:188} INFO -  | ⏱: 0.22s
[2025-05-16T17:42:30.795+0000] {logging_mixin.py:188} INFO - [COMPLETE] ● https://vietnamnet.vn/tin-tuc-24h?bydaterang=&cate=000007                                            | 
[2025-05-16T17:42:30.796+0000] {logging_mixin.py:188} INFO - ✓
[2025-05-16T17:42:30.797+0000] {logging_mixin.py:188} INFO -  | ⏱: 3.35s
[2025-05-16T17:42:31.205+0000] {crawler.py:85} INFO - Tìm thấy 25 link bài viết cho danh mục doi-song
[2025-05-16T17:42:31.818+0000] {crawler.py:110} INFO - Đã lọc: 25 URLs ban đầu -> 1 URLs sau xử lý live
[2025-05-16T17:42:31.819+0000] {crawler.py:255} INFO - Đang crawl 1 bài viết mới từ danh mục doi-song...
[2025-05-16T17:42:31.819+0000] {crawler.py:258} INFO - --> Crawl: https://vietnamnet.vn/kiem-700-trieu-dong-moi-nam-co-gai-van-khong-co-nguoi-yeu-vi-lam-nghe-la-2400283.html
[2025-05-16T17:42:32.815+0000] {logging_mixin.py:188} INFO - [INIT].... → Crawl4AI 0.6.2
[2025-05-16T17:42:36.643+0000] {logging_mixin.py:188} INFO - [FETCH]... ↓ https://vietnamnet.vn/kiem-700-trieu-dong-moi-na...n-khong-co-nguoi-yeu-vi-lam-nghe-la-2400283.html  | 
[2025-05-16T17:42:36.644+0000] {logging_mixin.py:188} INFO - ✓
[2025-05-16T17:42:36.645+0000] {logging_mixin.py:188} INFO -  | ⏱: 3.73s
[2025-05-16T17:42:36.883+0000] {logging_mixin.py:188} INFO - [SCRAPE].. ◆ https://vietnamnet.vn/kiem-700-trieu-dong-moi-na...n-khong-co-nguoi-yeu-vi-lam-nghe-la-2400283.html  | 
[2025-05-16T17:42:36.883+0000] {logging_mixin.py:188} INFO - ✓
[2025-05-16T17:42:36.884+0000] {logging_mixin.py:188} INFO -  | ⏱: 0.24s
[2025-05-16T17:42:36.886+0000] {logging_mixin.py:188} INFO - [COMPLETE] ● https://vietnamnet.vn/kiem-700-trieu-dong-moi-na...n-khong-co-nguoi-yeu-vi-lam-nghe-la-2400283.html  | 
[2025-05-16T17:42:36.886+0000] {logging_mixin.py:188} INFO - ✓
[2025-05-16T17:42:36.887+0000] {logging_mixin.py:188} INFO -  | ⏱: 3.97s
[2025-05-16T17:42:37.311+0000] {crawler.py:262} INFO -     ✓ Kiếm 700 triệu đồng mỗi năm, cô gái vẫn không có người yêu v...

[2025-05-16T17:42:37.312+0000] {crawler.py:265} INFO - ⏱️  Tổng thời gian crawl: 10.68 giây
[2025-05-16T17:42:37.457+0000] {crawler.py:292} INFO - Đã lưu 1 bài viết vào collection 'doi-song'
[2025-05-16T17:42:37.521+0000] {python.py:237} INFO - Done. Returned value was: None
[2025-05-16T17:42:37.522+0000] {taskinstance.py:441} INFO - ::group::Post task execution logs
[2025-05-16T17:42:37.531+0000] {taskinstance.py:1206} INFO - Marking task as SUCCESS. dag_id=vietnamnet_crawler_24h, task_id=crawl_doi-song, run_id=manual__2025-05-16T17:33:27.937010+00:00, execution_date=20250516T173327, start_date=20250516T174226, end_date=20250516T174237
[2025-05-16T17:42:37.563+0000] {local_task_job_runner.py:240} INFO - Task exited with return code 0
[2025-05-16T17:42:37.583+0000] {taskinstance.py:3503} INFO - 0 downstream tasks scheduled from follow-on schedule check
[2025-05-16T17:42:37.586+0000] {local_task_job_runner.py:222} INFO - ::endgroup::
