[2025-05-17T23:30:31.259+0000] {local_task_job_runner.py:120} INFO - ::group::Pre task execution logs
[2025-05-17T23:30:31.280+0000] {taskinstance.py:2076} INFO - Dependencies all met for dep_context=non-requeueable deps ti=<TaskInstance: vietnamnet_crawler_24h.crawl_giao-duc scheduled__2025-05-17T23:00:00+00:00 [queued]>
[2025-05-17T23:30:31.289+0000] {taskinstance.py:2076} INFO - Dependencies all met for dep_context=requeueable deps ti=<TaskInstance: vietnamnet_crawler_24h.crawl_giao-duc scheduled__2025-05-17T23:00:00+00:00 [queued]>
[2025-05-17T23:30:31.289+0000] {taskinstance.py:2306} INFO - Starting attempt 1 of 2
[2025-05-17T23:30:31.304+0000] {taskinstance.py:2330} INFO - Executing <Task(PythonOperator): crawl_giao-duc> on 2025-05-17 23:00:00+00:00
[2025-05-17T23:30:31.310+0000] {warnings.py:112} WARNING - /home/***/.local/lib/python3.12/site-packages/***/task/task_runner/standard_task_runner.py:61: DeprecationWarning: This process (pid=2481) is multi-threaded, use of fork() may lead to deadlocks in the child.
  pid = os.fork()

[2025-05-17T23:30:31.311+0000] {standard_task_runner.py:63} INFO - Started process 2482 to run task
[2025-05-17T23:30:31.312+0000] {standard_task_runner.py:90} INFO - Running: ['***', 'tasks', 'run', 'vietnamnet_crawler_24h', 'crawl_giao-duc', 'scheduled__2025-05-17T23:00:00+00:00', '--job-id', '267', '--raw', '--subdir', 'DAGS_FOLDER/dags.py', '--cfg-path', '/tmp/tmpgza2n2vp']
[2025-05-17T23:30:31.314+0000] {standard_task_runner.py:91} INFO - Job 267: Subtask crawl_giao-duc
[2025-05-17T23:30:31.354+0000] {task_command.py:426} INFO - Running <TaskInstance: vietnamnet_crawler_24h.crawl_giao-duc scheduled__2025-05-17T23:00:00+00:00 [running]> on host 60d771d880eb
[2025-05-17T23:30:31.445+0000] {taskinstance.py:2648} INFO - Exporting env vars: AIRFLOW_CTX_DAG_OWNER='***' AIRFLOW_CTX_DAG_ID='vietnamnet_crawler_24h' AIRFLOW_CTX_TASK_ID='crawl_giao-duc' AIRFLOW_CTX_EXECUTION_DATE='2025-05-17T23:00:00+00:00' AIRFLOW_CTX_TRY_NUMBER='1' AIRFLOW_CTX_DAG_RUN_ID='scheduled__2025-05-17T23:00:00+00:00'
[2025-05-17T23:30:31.446+0000] {taskinstance.py:430} INFO - ::endgroup::
[2025-05-17T23:30:31.638+0000] {crawler.py:55} INFO - Đã kết nối thành công với MongoDB: News
[2025-05-17T23:30:32.427+0000] {logging_mixin.py:188} INFO - [INIT].... → Crawl4AI 0.6.2
[2025-05-17T23:30:35.130+0000] {logging_mixin.py:188} INFO - [FETCH]... ↓ https://vietnamnet.vn/tin-tuc-24h?bydaterang=&cate=000006                                            | 
[2025-05-17T23:30:35.130+0000] {logging_mixin.py:188} INFO - ✓
[2025-05-17T23:30:35.131+0000] {logging_mixin.py:188} INFO -  | ⏱: 2.64s
[2025-05-17T23:30:35.325+0000] {logging_mixin.py:188} INFO - [SCRAPE].. ◆ https://vietnamnet.vn/tin-tuc-24h?bydaterang=&cate=000006                                            | 
[2025-05-17T23:30:35.326+0000] {logging_mixin.py:188} INFO - ✓
[2025-05-17T23:30:35.326+0000] {logging_mixin.py:188} INFO -  | ⏱: 0.19s
[2025-05-17T23:30:35.327+0000] {logging_mixin.py:188} INFO - [COMPLETE] ● https://vietnamnet.vn/tin-tuc-24h?bydaterang=&cate=000006                                            | 
[2025-05-17T23:30:35.328+0000] {logging_mixin.py:188} INFO - ✓
[2025-05-17T23:30:35.328+0000] {logging_mixin.py:188} INFO -  | ⏱: 2.84s
[2025-05-17T23:30:35.590+0000] {crawler.py:85} INFO - Tìm thấy 25 link bài viết cho danh mục giao-duc
[2025-05-17T23:30:36.983+0000] {crawler.py:110} INFO - Đã lọc: 25 URLs ban đầu -> 1 URLs sau xử lý live
[2025-05-17T23:30:36.984+0000] {crawler.py:255} INFO - Đang crawl 1 bài viết mới từ danh mục giao-duc...
[2025-05-17T23:30:36.984+0000] {crawler.py:258} INFO - --> Crawl: https://vietnamnet.vn/chia-se-cay-dang-cua-nu-sinh-vien-o-ha-noi-bi-lua-lien-hoan-mat-gan-1-ty-dong-2402106.html
[2025-05-17T23:30:37.548+0000] {logging_mixin.py:188} INFO - [INIT].... → Crawl4AI 0.6.2
[2025-05-17T23:30:40.433+0000] {logging_mixin.py:188} INFO - [FETCH]... ↓ https://vietnamnet.vn/chia-se-cay-dang-cua-nu-si...-bi-lua-lien-hoan-mat-gan-1-ty-dong-2402106.html  | 
[2025-05-17T23:30:40.434+0000] {logging_mixin.py:188} INFO - ✓
[2025-05-17T23:30:40.435+0000] {logging_mixin.py:188} INFO -  | ⏱: 2.83s
[2025-05-17T23:30:40.647+0000] {logging_mixin.py:188} INFO - [SCRAPE].. ◆ https://vietnamnet.vn/chia-se-cay-dang-cua-nu-si...-bi-lua-lien-hoan-mat-gan-1-ty-dong-2402106.html  | 
[2025-05-17T23:30:40.648+0000] {logging_mixin.py:188} INFO - ✓
[2025-05-17T23:30:40.649+0000] {logging_mixin.py:188} INFO -  | ⏱: 0.21s
[2025-05-17T23:30:40.650+0000] {logging_mixin.py:188} INFO - [COMPLETE] ● https://vietnamnet.vn/chia-se-cay-dang-cua-nu-si...-bi-lua-lien-hoan-mat-gan-1-ty-dong-2402106.html  | 
[2025-05-17T23:30:40.650+0000] {logging_mixin.py:188} INFO - ✓
[2025-05-17T23:30:40.651+0000] {logging_mixin.py:188} INFO -  | ⏱: 3.04s
[2025-05-17T23:30:44.369+0000] {crawler.py:262} INFO -     ✓ Chia sẻ cay đắng của nữ sinh viên ở Hà Nội bị lừa liên hoàn ...

[2025-05-17T23:30:44.370+0000] {crawler.py:265} INFO - ⏱️  Tổng thời gian crawl: 12.73 giây
[2025-05-17T23:30:44.523+0000] {crawler.py:292} INFO - Đã lưu 1 bài viết vào collection 'giao-duc'
[2025-05-17T23:30:44.589+0000] {python.py:237} INFO - Done. Returned value was: None
[2025-05-17T23:30:44.590+0000] {taskinstance.py:441} INFO - ::group::Post task execution logs
[2025-05-17T23:30:44.601+0000] {taskinstance.py:1206} INFO - Marking task as SUCCESS. dag_id=vietnamnet_crawler_24h, task_id=crawl_giao-duc, run_id=scheduled__2025-05-17T23:00:00+00:00, execution_date=20250517T230000, start_date=20250517T233031, end_date=20250517T233044
[2025-05-17T23:30:44.659+0000] {local_task_job_runner.py:240} INFO - Task exited with return code 0
[2025-05-17T23:30:44.689+0000] {taskinstance.py:3503} INFO - 1 downstream tasks scheduled from follow-on schedule check
[2025-05-17T23:30:44.692+0000] {local_task_job_runner.py:222} INFO - ::endgroup::
