[2025-05-16T09:44:02.034+0000] {local_task_job_runner.py:120} INFO - ::group::Pre task execution logs
[2025-05-16T09:44:02.079+0000] {taskinstance.py:2076} INFO - Dependencies all met for dep_context=non-requeueable deps ti=<TaskInstance: vietnamnet_crawler_24h.crawl_giao-duc scheduled__2025-05-16T09:00:00+00:00 [queued]>
[2025-05-16T09:44:02.094+0000] {taskinstance.py:2076} INFO - Dependencies all met for dep_context=requeueable deps ti=<TaskInstance: vietnamnet_crawler_24h.crawl_giao-duc scheduled__2025-05-16T09:00:00+00:00 [queued]>
[2025-05-16T09:44:02.095+0000] {taskinstance.py:2306} INFO - Starting attempt 1 of 2
[2025-05-16T09:44:02.114+0000] {taskinstance.py:2330} INFO - Executing <Task(PythonOperator): crawl_giao-duc> on 2025-05-16 09:00:00+00:00
[2025-05-16T09:44:02.123+0000] {warnings.py:112} WARNING - /home/***/.local/lib/python3.12/site-packages/***/task/task_runner/standard_task_runner.py:61: DeprecationWarning: This process (pid=16432) is multi-threaded, use of fork() may lead to deadlocks in the child.
  pid = os.fork()

[2025-05-16T09:44:02.126+0000] {standard_task_runner.py:63} INFO - Started process 16652 to run task
[2025-05-16T09:44:02.126+0000] {standard_task_runner.py:90} INFO - Running: ['***', 'tasks', 'run', 'vietnamnet_crawler_24h', 'crawl_giao-duc', 'scheduled__2025-05-16T09:00:00+00:00', '--job-id', '18', '--raw', '--subdir', 'DAGS_FOLDER/dags.py', '--cfg-path', '/tmp/tmp3rjp5vsj']
[2025-05-16T09:44:02.130+0000] {standard_task_runner.py:91} INFO - Job 18: Subtask crawl_giao-duc
[2025-05-16T09:44:02.201+0000] {task_command.py:426} INFO - Running <TaskInstance: vietnamnet_crawler_24h.crawl_giao-duc scheduled__2025-05-16T09:00:00+00:00 [running]> on host 8aef10b8fcb6
[2025-05-16T09:44:02.394+0000] {taskinstance.py:2648} INFO - Exporting env vars: AIRFLOW_CTX_DAG_OWNER='***' AIRFLOW_CTX_DAG_ID='vietnamnet_crawler_24h' AIRFLOW_CTX_TASK_ID='crawl_giao-duc' AIRFLOW_CTX_EXECUTION_DATE='2025-05-16T09:00:00+00:00' AIRFLOW_CTX_TRY_NUMBER='1' AIRFLOW_CTX_DAG_RUN_ID='scheduled__2025-05-16T09:00:00+00:00'
[2025-05-16T09:44:02.397+0000] {taskinstance.py:430} INFO - ::endgroup::
[2025-05-16T09:44:02.845+0000] {crawler.py:54} INFO - Đã kết nối thành công với MongoDB: News
[2025-05-16T09:44:04.314+0000] {logging_mixin.py:188} INFO - [INIT].... → Crawl4AI 0.6.2
[2025-05-16T09:44:08.664+0000] {logging_mixin.py:188} INFO - [FETCH]... ↓ https://vietnamnet.vn/tin-tuc-24h?bydaterang=&cate=000006                                            | 
[2025-05-16T09:44:08.665+0000] {logging_mixin.py:188} INFO - ✓
[2025-05-16T09:44:08.666+0000] {logging_mixin.py:188} INFO -  | ⏱: 4.19s
[2025-05-16T09:44:09.088+0000] {logging_mixin.py:188} INFO - [SCRAPE].. ◆ https://vietnamnet.vn/tin-tuc-24h?bydaterang=&cate=000006                                            | 
[2025-05-16T09:44:09.089+0000] {logging_mixin.py:188} INFO - ✓
[2025-05-16T09:44:09.090+0000] {logging_mixin.py:188} INFO -  | ⏱: 0.42s
[2025-05-16T09:44:09.092+0000] {logging_mixin.py:188} INFO - [COMPLETE] ● https://vietnamnet.vn/tin-tuc-24h?bydaterang=&cate=000006                                            | 
[2025-05-16T09:44:09.093+0000] {logging_mixin.py:188} INFO - ✓
[2025-05-16T09:44:09.094+0000] {logging_mixin.py:188} INFO -  | ⏱: 4.61s
[2025-05-16T09:44:09.509+0000] {crawler.py:84} INFO - Tìm thấy 25 link bài viết cho danh mục giao-duc
[2025-05-16T09:44:11.726+0000] {crawler.py:110} INFO - Đã lọc: 25 URLs ban đầu -> 12 URLs mới
[2025-05-16T09:44:11.727+0000] {crawler.py:234} INFO - Đang crawl 12 bài viết mới từ danh mục giao-duc...
[2025-05-16T09:44:11.728+0000] {crawler.py:237} INFO - --> Crawl: https://vietnamnet.vn/du-kien-bo-quy-dinh-chia-hang-chuc-danh-nha-giao-2401647.html
[2025-05-16T09:44:12.941+0000] {logging_mixin.py:188} INFO - [INIT].... → Crawl4AI 0.6.2
[2025-05-16T09:44:17.861+0000] {logging_mixin.py:188} INFO - [FETCH]... ↓ https://vietnamnet.vn/du-kien-bo-quy-dinh-chia-hang-chuc-danh-nha-giao-2401647.html                  | 
[2025-05-16T09:44:17.863+0000] {logging_mixin.py:188} INFO - ✓
[2025-05-16T09:44:17.864+0000] {logging_mixin.py:188} INFO -  | ⏱: 4.78s
[2025-05-16T09:44:18.318+0000] {logging_mixin.py:188} INFO - [SCRAPE].. ◆ https://vietnamnet.vn/du-kien-bo-quy-dinh-chia-hang-chuc-danh-nha-giao-2401647.html                  | 
[2025-05-16T09:44:18.320+0000] {logging_mixin.py:188} INFO - ✓
[2025-05-16T09:44:18.322+0000] {logging_mixin.py:188} INFO -  | ⏱: 0.45s
[2025-05-16T09:44:18.324+0000] {logging_mixin.py:188} INFO - [COMPLETE] ● https://vietnamnet.vn/du-kien-bo-quy-dinh-chia-hang-chuc-danh-nha-giao-2401647.html                  | 
[2025-05-16T09:44:18.326+0000] {logging_mixin.py:188} INFO - ✓
[2025-05-16T09:44:18.327+0000] {logging_mixin.py:188} INFO -  | ⏱: 5.24s
[2025-05-16T09:44:19.017+0000] {crawler.py:241} INFO -     ✓ Dự kiến bỏ quy định chia hạng chức danh nhà giáo...

[2025-05-16T09:44:19.019+0000] {crawler.py:237} INFO - --> Crawl: https://vietnamnet.vn/cuoc-thi-viet-thu-upu-nhan-1-5-trieu-bai-thi-nu-sinh-da-nang-gianh-giai-nhat-2401594.html
[2025-05-16T09:44:20.225+0000] {logging_mixin.py:188} INFO - [INIT].... → Crawl4AI 0.6.2
[2025-05-16T09:44:25.988+0000] {logging_mixin.py:188} INFO - [FETCH]... ↓ https://vietnamnet.vn/cuoc-thi-viet-thu-upu-nhan...thi-nu-sinh-da-nang-gianh-giai-nhat-2401594.html  | 
[2025-05-16T09:44:25.989+0000] {logging_mixin.py:188} INFO - ✓
[2025-05-16T09:44:25.992+0000] {logging_mixin.py:188} INFO -  | ⏱: 5.63s
[2025-05-16T09:44:26.540+0000] {logging_mixin.py:188} INFO - [SCRAPE].. ◆ https://vietnamnet.vn/cuoc-thi-viet-thu-upu-nhan...thi-nu-sinh-da-nang-gianh-giai-nhat-2401594.html  | 
[2025-05-16T09:44:26.542+0000] {logging_mixin.py:188} INFO - ✓
[2025-05-16T09:44:26.543+0000] {logging_mixin.py:188} INFO -  | ⏱: 0.55s
[2025-05-16T09:44:26.545+0000] {logging_mixin.py:188} INFO - [COMPLETE] ● https://vietnamnet.vn/cuoc-thi-viet-thu-upu-nhan...thi-nu-sinh-da-nang-gianh-giai-nhat-2401594.html  | 
[2025-05-16T09:44:26.546+0000] {logging_mixin.py:188} INFO - ✓
[2025-05-16T09:44:26.547+0000] {logging_mixin.py:188} INFO -  | ⏱: 6.18s
[2025-05-16T09:44:27.598+0000] {crawler.py:241} INFO -     ✓ Cuộc thi viết thư UPU nhận 1,5 triệu bài thi, nữ sinh Đà Nẵn...

[2025-05-16T09:44:27.599+0000] {crawler.py:237} INFO - --> Crawl: https://vietnamnet.vn/cac-thu-khoa-thi-tuyen-sinh-lop-10-chia-se-cach-giu-binh-tinh-trong-phong-thi-2399539.html
[2025-05-16T09:44:28.663+0000] {logging_mixin.py:188} INFO - [INIT].... → Crawl4AI 0.6.2
[2025-05-16T09:44:32.434+0000] {logging_mixin.py:188} INFO - [FETCH]... ↓ https://vietnamnet.vn/cac-thu-khoa-thi-tuyen-sin...-cach-giu-binh-tinh-trong-phong-thi-2399539.html  | 
[2025-05-16T09:44:32.435+0000] {logging_mixin.py:188} INFO - ✓
[2025-05-16T09:44:32.436+0000] {logging_mixin.py:188} INFO -  | ⏱: 3.62s
[2025-05-16T09:44:32.726+0000] {logging_mixin.py:188} INFO - [SCRAPE].. ◆ https://vietnamnet.vn/cac-thu-khoa-thi-tuyen-sin...-cach-giu-binh-tinh-trong-phong-thi-2399539.html  | 
[2025-05-16T09:44:32.727+0000] {logging_mixin.py:188} INFO - ✓
[2025-05-16T09:44:32.728+0000] {logging_mixin.py:188} INFO -  | ⏱: 0.27s
[2025-05-16T09:44:32.729+0000] {logging_mixin.py:188} INFO - [COMPLETE] ● https://vietnamnet.vn/cac-thu-khoa-thi-tuyen-sin...-cach-giu-binh-tinh-trong-phong-thi-2399539.html  | 
[2025-05-16T09:44:32.730+0000] {logging_mixin.py:188} INFO - ✓
[2025-05-16T09:44:32.731+0000] {logging_mixin.py:188} INFO -  | ⏱: 3.92s
[2025-05-16T09:44:33.180+0000] {crawler.py:241} INFO -     ✓ Thủ khoa thi vào lớp 10 tiết lộ bí quyết giúp thí sinh bình ...

[2025-05-16T09:44:33.181+0000] {crawler.py:237} INFO - --> Crawl: https://vietnamnet.vn/tranh-luan-hoi-dong-truong-ton-tai-o-muc-hinh-thuc-can-hoat-dong-thuc-chat-hon-2401360.html
[2025-05-16T09:44:34.168+0000] {logging_mixin.py:188} INFO - [INIT].... → Crawl4AI 0.6.2
[2025-05-16T09:44:37.903+0000] {logging_mixin.py:188} INFO - [FETCH]... ↓ https://vietnamnet.vn/tranh-luan-hoi-dong-truong...nh-thuc-can-hoat-dong-thuc-chat-hon-2401360.html  | 
[2025-05-16T09:44:37.905+0000] {logging_mixin.py:188} INFO - ✓
[2025-05-16T09:44:37.906+0000] {logging_mixin.py:188} INFO -  | ⏱: 3.56s
[2025-05-16T09:44:38.170+0000] {logging_mixin.py:188} INFO - [SCRAPE].. ◆ https://vietnamnet.vn/tranh-luan-hoi-dong-truong...nh-thuc-can-hoat-dong-thuc-chat-hon-2401360.html  | 
[2025-05-16T09:44:38.171+0000] {logging_mixin.py:188} INFO - ✓
[2025-05-16T09:44:38.171+0000] {logging_mixin.py:188} INFO -  | ⏱: 0.26s
[2025-05-16T09:44:38.172+0000] {logging_mixin.py:188} INFO - [COMPLETE] ● https://vietnamnet.vn/tranh-luan-hoi-dong-truong...nh-thuc-can-hoat-dong-thuc-chat-hon-2401360.html  | 
[2025-05-16T09:44:38.173+0000] {logging_mixin.py:188} INFO - ✓
[2025-05-16T09:44:38.173+0000] {logging_mixin.py:188} INFO -  | ⏱: 3.83s
[2025-05-16T09:44:38.651+0000] {crawler.py:241} INFO -     ✓ Tranh luận hội đồng trường tồn tại ở mức hình thức, cần hoạt...

[2025-05-16T09:44:38.651+0000] {crawler.py:237} INFO - --> Crawl: https://vietnamnet.vn/giam-doc-trung-tam-anh-ngu-o-tphcm-bat-ngo-bien-mat-phu-huynh-hoang-mang-2401724.html
[2025-05-16T09:44:39.389+0000] {logging_mixin.py:188} INFO - [INIT].... → Crawl4AI 0.6.2
[2025-05-16T09:44:42.625+0000] {logging_mixin.py:188} INFO - [FETCH]... ↓ https://vietnamnet.vn/giam-doc-trung-tam-anh-ngu...t-ngo-bien-mat-phu-huynh-hoang-mang-2401724.html  | 
[2025-05-16T09:44:42.626+0000] {logging_mixin.py:188} INFO - ✓
[2025-05-16T09:44:42.626+0000] {logging_mixin.py:188} INFO -  | ⏱: 3.09s
[2025-05-16T09:44:43.030+0000] {logging_mixin.py:188} INFO - [SCRAPE].. ◆ https://vietnamnet.vn/giam-doc-trung-tam-anh-ngu...t-ngo-bien-mat-phu-huynh-hoang-mang-2401724.html  | 
[2025-05-16T09:44:43.031+0000] {logging_mixin.py:188} INFO - ✓
[2025-05-16T09:44:43.031+0000] {logging_mixin.py:188} INFO -  | ⏱: 0.40s
[2025-05-16T09:44:43.032+0000] {logging_mixin.py:188} INFO - [COMPLETE] ● https://vietnamnet.vn/giam-doc-trung-tam-anh-ngu...t-ngo-bien-mat-phu-huynh-hoang-mang-2401724.html  | 
[2025-05-16T09:44:43.033+0000] {logging_mixin.py:188} INFO - ✓
[2025-05-16T09:44:43.033+0000] {logging_mixin.py:188} INFO -  | ⏱: 3.50s
[2025-05-16T09:44:43.514+0000] {crawler.py:241} INFO -     ✓ Giám đốc trung tâm Anh ngữ ở TPHCM bất ngờ biến mất, phụ huy...

[2025-05-16T09:44:43.515+0000] {crawler.py:237} INFO - --> Crawl: https://vietnamnet.vn/quoc-gia-nao-co-toan-trieu-phu-2401576.html
[2025-05-16T09:44:44.291+0000] {logging_mixin.py:188} INFO - [INIT].... → Crawl4AI 0.6.2
[2025-05-16T09:44:48.273+0000] {logging_mixin.py:188} INFO - [FETCH]... ↓ https://vietnamnet.vn/quoc-gia-nao-co-toan-trieu-phu-2401576.html                                    | 
[2025-05-16T09:44:48.274+0000] {logging_mixin.py:188} INFO - ✓
[2025-05-16T09:44:48.274+0000] {logging_mixin.py:188} INFO -  | ⏱: 3.80s
[2025-05-16T09:44:48.497+0000] {logging_mixin.py:188} INFO - [SCRAPE].. ◆ https://vietnamnet.vn/quoc-gia-nao-co-toan-trieu-phu-2401576.html                                    | 
[2025-05-16T09:44:48.498+0000] {logging_mixin.py:188} INFO - ✓
[2025-05-16T09:44:48.498+0000] {logging_mixin.py:188} INFO -  | ⏱: 
[2025-05-16T09:44:48.499+0000] {logging_mixin.py:188} INFO - 0.27
[2025-05-16T09:44:48.499+0000] {logging_mixin.py:188} INFO - s
[2025-05-16T09:44:48.501+0000] {logging_mixin.py:188} INFO - [COMPLETE] ● https://vietnamnet.vn/quoc-gia-nao-co-toan-trieu-phu-2401576.html                                    | 
[2025-05-16T09:44:48.501+0000] {logging_mixin.py:188} INFO - ✓
[2025-05-16T09:44:48.502+0000] {logging_mixin.py:188} INFO -  | ⏱: 4.08s
[2025-05-16T09:44:49.000+0000] {crawler.py:241} INFO -     ✓ Quốc gia nào có toàn triệu phú?...

[2025-05-16T09:44:49.001+0000] {crawler.py:237} INFO - --> Crawl: https://vietnamnet.vn/sau-22-nam-quy-hoach-mang-luoi-truong-hoc-ha-noi-van-thieu-truong-cong-2401301.html
[2025-05-16T09:44:49.869+0000] {logging_mixin.py:188} INFO - [INIT].... → Crawl4AI 0.6.2
[2025-05-16T09:44:53.145+0000] {logging_mixin.py:188} INFO - [FETCH]... ↓ https://vietnamnet.vn/sau-22-nam-quy-hoach-mang-...ng-hoc-ha-noi-van-thieu-truong-cong-2401301.html  | 
[2025-05-16T09:44:53.146+0000] {logging_mixin.py:188} INFO - ✓
[2025-05-16T09:44:53.146+0000] {logging_mixin.py:188} INFO -  | ⏱: 3.18s
[2025-05-16T09:44:53.403+0000] {logging_mixin.py:188} INFO - [SCRAPE].. ◆ https://vietnamnet.vn/sau-22-nam-quy-hoach-mang-...ng-hoc-ha-noi-van-thieu-truong-cong-2401301.html  | 
[2025-05-16T09:44:53.404+0000] {logging_mixin.py:188} INFO - ✓
[2025-05-16T09:44:53.404+0000] {logging_mixin.py:188} INFO -  | ⏱: 0.26s
[2025-05-16T09:44:53.406+0000] {logging_mixin.py:188} INFO - [COMPLETE] ● https://vietnamnet.vn/sau-22-nam-quy-hoach-mang-...ng-hoc-ha-noi-van-thieu-truong-cong-2401301.html  | 
[2025-05-16T09:44:53.406+0000] {logging_mixin.py:188} INFO - ✓
[2025-05-16T09:44:53.407+0000] {logging_mixin.py:188} INFO -  | ⏱: 3.44s
[2025-05-16T09:44:53.801+0000] {crawler.py:241} INFO -     ✓ Sau 22 năm quy hoạch mạng lưới trường học, Hà Nội vẫn thiếu ...

[2025-05-16T09:44:53.801+0000] {crawler.py:237} INFO - --> Crawl: https://vietnamnet.vn/pho-truong-khoa-bi-cach-chuc-vi-gian-lan-de-nang-thanh-tich-cho-con-gai-2401466.html
[2025-05-16T09:44:54.515+0000] {logging_mixin.py:188} INFO - [INIT].... → Crawl4AI 0.6.2
[2025-05-16T09:44:58.079+0000] {logging_mixin.py:188} INFO - [FETCH]... ↓ https://vietnamnet.vn/pho-truong-khoa-bi-cach-ch...-lan-de-nang-thanh-tich-cho-con-gai-2401466.html  | 
[2025-05-16T09:44:58.080+0000] {logging_mixin.py:188} INFO - ✓
[2025-05-16T09:44:58.081+0000] {logging_mixin.py:188} INFO -  | ⏱: 3.45s
[2025-05-16T09:44:58.305+0000] {logging_mixin.py:188} INFO - [SCRAPE].. ◆ https://vietnamnet.vn/pho-truong-khoa-bi-cach-ch...-lan-de-nang-thanh-tich-cho-con-gai-2401466.html  | 
[2025-05-16T09:44:58.306+0000] {logging_mixin.py:188} INFO - ✓
[2025-05-16T09:44:58.306+0000] {logging_mixin.py:188} INFO -  | ⏱: 0.22s
[2025-05-16T09:44:58.308+0000] {logging_mixin.py:188} INFO - [COMPLETE] ● https://vietnamnet.vn/pho-truong-khoa-bi-cach-ch...-lan-de-nang-thanh-tich-cho-con-gai-2401466.html  | 
[2025-05-16T09:44:58.309+0000] {logging_mixin.py:188} INFO - ✓
[2025-05-16T09:44:58.309+0000] {logging_mixin.py:188} INFO -  | ⏱: 3.68s
[2025-05-16T09:44:58.778+0000] {crawler.py:241} INFO -     ✓ Phó trưởng khoa đại học bị cách chức vì gian lận để nâng thà...

[2025-05-16T09:44:58.779+0000] {crawler.py:237} INFO - --> Crawl: https://vietnamnet.vn/nguyen-giam-doc-so-y-te-lam-chu-tich-hoi-dong-giao-su-dh-y-khoa-pham-ngoc-thach-2401677.html
[2025-05-16T09:44:59.520+0000] {logging_mixin.py:188} INFO - [INIT].... → Crawl4AI 0.6.2
[2025-05-16T09:45:03.097+0000] {logging_mixin.py:188} INFO - [FETCH]... ↓ https://vietnamnet.vn/nguyen-giam-doc-so-y-te-la...g-giao-su-dh-y-khoa-pham-ngoc-thach-2401677.html  | 
[2025-05-16T09:45:03.098+0000] {logging_mixin.py:188} INFO - ✓
[2025-05-16T09:45:03.099+0000] {logging_mixin.py:188} INFO -  | ⏱: 3.49s
[2025-05-16T09:45:03.331+0000] {logging_mixin.py:188} INFO - [SCRAPE].. ◆ https://vietnamnet.vn/nguyen-giam-doc-so-y-te-la...g-giao-su-dh-y-khoa-pham-ngoc-thach-2401677.html  | 
[2025-05-16T09:45:03.331+0000] {logging_mixin.py:188} INFO - ✓
[2025-05-16T09:45:03.332+0000] {logging_mixin.py:188} INFO -  | ⏱: 0.23s
[2025-05-16T09:45:03.333+0000] {logging_mixin.py:188} INFO - [COMPLETE] ● https://vietnamnet.vn/nguyen-giam-doc-so-y-te-la...g-giao-su-dh-y-khoa-pham-ngoc-thach-2401677.html  | 
[2025-05-16T09:45:03.334+0000] {logging_mixin.py:188} INFO - ✓
[2025-05-16T09:45:03.335+0000] {logging_mixin.py:188} INFO -  | ⏱: 3.72s
[2025-05-16T09:45:03.938+0000] {crawler.py:241} INFO -     ✓ Nguyên Giám đốc Sở Y tế làm Chủ tịch Hội đồng giáo sư ĐH Y k...

[2025-05-16T09:45:03.939+0000] {crawler.py:237} INFO - --> Crawl: https://vietnamnet.vn/de-thi-thu-tot-nghiep-thpt-nam-2025-mon-van-tham-khao-2401282.html
[2025-05-16T09:45:04.646+0000] {logging_mixin.py:188} INFO - [INIT].... → Crawl4AI 0.6.2
[2025-05-16T09:45:08.726+0000] {logging_mixin.py:188} INFO - [FETCH]... ↓ https://vietnamnet.vn/de-thi-thu-tot-nghiep-thpt-nam-2025-mon-van-tham-khao-2401282.html             | 
[2025-05-16T09:45:08.728+0000] {logging_mixin.py:188} INFO - ✓
[2025-05-16T09:45:08.728+0000] {logging_mixin.py:188} INFO -  | ⏱: 4.01s
[2025-05-16T09:45:08.977+0000] {logging_mixin.py:188} INFO - [SCRAPE].. ◆ https://vietnamnet.vn/de-thi-thu-tot-nghiep-thpt-nam-2025-mon-van-tham-khao-2401282.html             | 
[2025-05-16T09:45:08.978+0000] {logging_mixin.py:188} INFO - ✓
[2025-05-16T09:45:08.979+0000] {logging_mixin.py:188} INFO -  | ⏱: 0.25s
[2025-05-16T09:45:08.981+0000] {logging_mixin.py:188} INFO - [COMPLETE] ● https://vietnamnet.vn/de-thi-thu-tot-nghiep-thpt-nam-2025-mon-van-tham-khao-2401282.html             | 
[2025-05-16T09:45:08.982+0000] {logging_mixin.py:188} INFO - ✓
[2025-05-16T09:45:08.983+0000] {logging_mixin.py:188} INFO -  | ⏱: 4.26s
[2025-05-16T09:45:09.457+0000] {crawler.py:241} INFO -     ✓ Đề thi thử tốt nghiệp THPT môn Văn năm 2025 của Hà Nội...

[2025-05-16T09:45:09.458+0000] {crawler.py:237} INFO - --> Crawl: https://vietnamnet.vn/bo-gd-dt-sua-quy-dinh-tra-luong-day-them-gio-cua-giao-vien-2401538.html
[2025-05-16T09:45:10.315+0000] {logging_mixin.py:188} INFO - [INIT].... → Crawl4AI 0.6.2
[2025-05-16T09:45:14.511+0000] {logging_mixin.py:188} INFO - [FETCH]... ↓ https://vietnamnet.vn/bo-gd-dt-sua-quy-dinh-tra-luong-day-them-gio-cua-giao-vien-2401538.html        | 
[2025-05-16T09:45:14.511+0000] {logging_mixin.py:188} INFO - ✓
[2025-05-16T09:45:14.512+0000] {logging_mixin.py:188} INFO -  | ⏱: 4.10s
[2025-05-16T09:45:14.768+0000] {logging_mixin.py:188} INFO - [SCRAPE].. ◆ https://vietnamnet.vn/bo-gd-dt-sua-quy-dinh-tra-luong-day-them-gio-cua-giao-vien-2401538.html        | 
[2025-05-16T09:45:14.768+0000] {logging_mixin.py:188} INFO - ✓
[2025-05-16T09:45:14.769+0000] {logging_mixin.py:188} INFO -  | ⏱: 0.25s
[2025-05-16T09:45:14.770+0000] {logging_mixin.py:188} INFO - [COMPLETE] ● https://vietnamnet.vn/bo-gd-dt-sua-quy-dinh-tra-luong-day-them-gio-cua-giao-vien-2401538.html        | 
[2025-05-16T09:45:14.771+0000] {logging_mixin.py:188} INFO - ✓
[2025-05-16T09:45:14.771+0000] {logging_mixin.py:188} INFO -  | ⏱: 4.36s
[2025-05-16T09:45:15.262+0000] {crawler.py:241} INFO -     ✓ Bộ GD-ĐT sửa quy định trả lương dạy thêm giờ cho giáo viên...

[2025-05-16T09:45:15.269+0000] {crawler.py:237} INFO - --> Crawl: https://vietnamnet.vn/hon-1-trieu-hoc-sinh-chon-cung-nhom-nghe-hot-nhat-o-to-cong-nghe-thong-tin-2401718.html
[2025-05-16T09:45:16.095+0000] {logging_mixin.py:188} INFO - [INIT].... → Crawl4AI 0.6.2
[2025-05-16T09:45:20.277+0000] {logging_mixin.py:188} INFO - [FETCH]... ↓ https://vietnamnet.vn/hon-1-trieu-hoc-sinh-chon-...e-hot-nhat-o-to-cong-nghe-thong-tin-2401718.html  | 
[2025-05-16T09:45:20.279+0000] {logging_mixin.py:188} INFO - ✓
[2025-05-16T09:45:20.279+0000] {logging_mixin.py:188} INFO -  | ⏱: 4.00s
[2025-05-16T09:45:20.498+0000] {logging_mixin.py:188} INFO - [SCRAPE].. ◆ https://vietnamnet.vn/hon-1-trieu-hoc-sinh-chon-...e-hot-nhat-o-to-cong-nghe-thong-tin-2401718.html  | 
[2025-05-16T09:45:20.499+0000] {logging_mixin.py:188} INFO - ✓
[2025-05-16T09:45:20.500+0000] {logging_mixin.py:188} INFO -  | ⏱: 0.22s
[2025-05-16T09:45:20.501+0000] {logging_mixin.py:188} INFO - [COMPLETE] ● https://vietnamnet.vn/hon-1-trieu-hoc-sinh-chon-...e-hot-nhat-o-to-cong-nghe-thong-tin-2401718.html  | 
[2025-05-16T09:45:20.502+0000] {logging_mixin.py:188} INFO - ✓
[2025-05-16T09:45:20.503+0000] {logging_mixin.py:188} INFO -  | ⏱: 4.22s
[2025-05-16T09:45:21.406+0000] {crawler.py:241} INFO -     ✓ Hơn 1 triệu học sinh chọn cùng nhóm nghề, hot nhất ô tô, côn...

[2025-05-16T09:45:21.407+0000] {crawler.py:244} INFO - ⏱️  Tổng thời gian crawl: 78.56 giây
[2025-05-16T09:45:21.545+0000] {crawler.py:276} ERROR - Lỗi khi lưu dữ liệu vào MongoDB: batch op errors occurred, full error: {'writeErrors': [{'index': 0, 'code': 11000, 'errmsg': 'E11000 duplicate key error collection: News.giao-duc index: _id_ dup key: { _id: "2401647" }', 'keyPattern': {'_id': 1}, 'keyValue': {'_id': '2401647'}, 'op': {'title': 'Dự kiến bỏ quy định chia hạng chức danh nhà giáo', 'author': 'Không có thông tin tác giả', 'publish_date': '2025-05-16T09:28:20.000 +07:00', 'views': None, 'tags': [], 'description': 'Theo bản dự thảo Luật Nhà giáo mới nhất trình Quốc hội thông qua tại kỳ họp thứ 9, dự kiến sẽ bỏ việc chia hạng nhà giáo.', 'main_image': 'https://static-images.vnncdn.net/vps_images_publish/000001/000003/2025/5/16/du-kien-bo-quy-dinh-chia-hang-chuc-danh-nha-giao-39009.jpg?width=0&s=KSug0JYqF5jmDGc_Ye-ijQ', 'content': 'Thanh Hùng\n\nHiện, chức danh nghề nghiệp giáo viên mầm non, phổ thông đang được chia thành các hạng I, II, III với các hệ số lương của từng hạng khác nhau.\n\nTại các phiên bản dự thảo Luật Nhà giáo những lần trước, nhà giáo vẫn còn chia thành các hạng I, II, III.\n\nTuy nhiên, trong bản dự thảo Luật Nhà giáo mới nhất trình Quốc hội thông qua tại kỳ họp thứ 9, dự kiến sẽ bỏ chia hạng nhà giáo.\n\nCụ thể, ở dự thảo phiên bản mới nhất, Điều 12 quy định chức danh nhà giáo như sau:\n\n1. Chức danh nhà giáo là tên gọi thể hiện trình độ, năng lực chuyên môn, nghiệp vụ của nhà giáo trong từng cấp học, trình độ đào tạo.\n\n2. Chức danh nhà giáo được xác định theo yêu cầu của hoạt động nghề nghiệp trong từng cấp học, trình độ đào tạo.\n\n3. Việc bổ nhiệm, thay đổi chức danh nhà giáo được thực hiện phù hợp với loại hình cơ sở giáo dục trong hệ thống giáo dục quốc dân.\n\n4. Các chức danh nhà giáo trong từng cấp học, trình độ đào tạo được xác định tương đương khi đáp ứng đủ điều kiện theo quy định của Bộ trưởng Bộ Giáo dục và Đào tạo.\n\n5. Chính phủ quy định chi tiết Điều này.\n\nNhư vậy, dự thảo mới này đã không còn quy định chức danh nhà giáo theo các hạng mà sẽ được xác định theo yêu cầu của hoạt động nghề nghiệp của từng cấp học, trình độ đào tạo.\n\nNếu điều này được thông qua, đồng nghĩa với việc cũng sẽ không còn việc xét thăng hạng giáo viên từ thấp lên hạng cao như hiện nay (hạng III lên hạng II, hoặc hạng II lên hạng I).\n\nViệc chia hạng giáo viên trước nay khiến không ít giáo viên cho rằng bất cập, thiếu công bằng khi có những nhà giáo có năng lực giỏi nhưng vẫn xếp hạng thấp, trong khi người làm việc kém hiệu quả nhưng có thể xếp ở hạng cao,...\n\nTheo nhiều nhà giáo, việc trả lương theo vị trí việc làm, khả năng đáp ứng yêu cầu của hoạt động nghề nghiệp có thể giúp mọi giáo viên làm việc hiệu quả hơn và thấy được ghi nhận xứng đáng.\n\nTrao đổi với VietNamNet, đại diện Cục Nhà giáo (Bộ GD-ĐT) cho hay, việc thay đổi này phù hợp, thống nhất với định hướng sửa đổi Luật Viên chức, tuyển dụng theo vị trí việc làm.\n\nDự thảo Luật Nhà giáo phiên bản mới nhất cũng quy định về tiền lương và phụ cấp đối với nhà giáo ở Điều 25.\n\nTheo đó, tiền lương nhà giáo ở cơ sở giáo dục công lập được quy định:\n\n- Lương của nhà giáo được xếp cao nhất trong hệ thống thang bậc lương hành chính sự nghiệp;\n\n- Phụ cấp ưu đãi nghề và các phụ cấp khác tùy theo tính chất công việc, theo vùng theo quy định của pháp luật;\n\n- Nhà giáo cấp học mầm non; nhà giáo công tác ở vùng đồng bào dân tộc thiểu số, miền núi, biên giới, hải đảo và vùng có điều kiện kinh tế - xã hội đặc biệt khó khăn; nhà giáo dạy trường chuyên biệt; nhà giáo thực hiện giáo dục hòa nhập; nhà giáo ở một số ngành, nghề đặc thù được hưởng chế độ tiền lương và phụ cấp cao hơn so với nhà giáo làm việc trong điều kiện bình thường.\n\nTiền lương của nhà giáo trong cơ sở giáo dục ngoài công lập thực hiện theo quy định của pháp luật về lao động.\n\nNhà giáo công tác ở các ngành, nghề có chế độ đặc thù thì được hưởng chế độ đặc thù theo quy định và chỉ được hưởng ở một mức cao nhất nếu chính sách đó trùng với chính sách dành cho nhà giáo.', 'bullet_summary': 'Không có tóm tắt dạng bullet points', 'url': 'https://vietnamnet.vn/du-kien-bo-quy-dinh-chia-hang-chuc-danh-nha-giao-2401647.html', 'category': 'giao-duc', 'crawled_at': '2025-05-16T09:44:18.807625', '_id': '2401647'}}, {'index': 1, 'code': 11000, 'errmsg': 'E11000 duplicate key error collection: News.giao-duc index: _id_ dup key: { _id: "2401594" }', 'keyPattern': {'_id': 1}, 'keyValue': {'_id': '2401594'}, 'op': {'title': 'Cuộc thi viết thư UPU nhận 1,5 triệu bài thi, nữ sinh Đà Nẵng giành giải Nhất', 'author': 'Không có thông tin tác giả', 'publish_date': '2025-05-16T11:42:52.000 +07:00', 'views': None, 'tags': [], 'description': 'Bức thư giành giải Nhất trong cuộc thi viết thư UPU năm 2025 của em Phạm Đoàn Minh Khuê được dịch sang tiếng Pháp, gửi Liên minh Bưu chính Thế giới tại Thuỵ Sĩ để thi vòng quốc tế.', 'main_image': 'https://static-images.vnncdn.net/vps_images_publish/000001/000003/2025/5/16/cuoc-thi-viet-thu-upu-nhan-15-trieu-bai-thi-nu-sinh-da-nang-gianh-giai-nhat-54827.jpg?width=0&s=GO9QIzBpgvBWiXamc9-8Rw', 'content': 'Ngày 16/5, Bộ Khoa học và Công nghệ phối hợp với Bộ GD-ĐT, Hội Nhà văn Việt Nam, Trung ương Đoàn TNCS Hồ Chí Minh, Tổng Công ty Bưu điện Việt Nam, Báo Thiếu niên Tiền phong và Nhi đồng, Báo VietNamNet tổ chức Lễ tổng kết và trao giải cuộc thi viết thư quốc tế UPU lần thứ 54 - năm 2025.\n\nCuộc thi năm nay có chủ đề:“Tưởng tượng bạn là đại dương. Hãy viết một bức thư cho ai đó giải thích lý do và cách họ nên làm để chăm sóc, bảo vệ bạn thật tốt”.\n\nPhát biểu tại buổi lễ, Thứ trưởng Bộ Khoa học và Công nghệ Phạm Đức Long, Trưởng ban tổ chức cho hay, cuộc thi viết thư quốc tế UPU đã trở thành hoạt động thường niên, có ý nghĩa sâu sắc với học sinh Việt Nam trong suốt hơn ba thập kỷ qua.\n\n“Chủ đề năm nay không chỉ khơi dậy trí tưởng tượng, khả năng viết văn của học sinh mà còn góp phần nuôi dưỡng tinh thần trách nhiệm đối với môi trường - một trong những vấn đề toàn cầu cấp thiết hiện nay.\n\nĐiều đáng mừng là cuộc thi đã nhận được sự hưởng ứng tích cực của học sinh trên khắp mọi miền Tổ quốc với khoảng 1,5 triệu bài thi - một con số ấn tượng, thể hiện sức lan tỏa và sự quan tâm ngày càng lớn của thế hệ trẻ với các vấn đề toàn cầu”, Thứ trưởng Phạm Đức Long nói.\n\nThứ trưởng cũng khẳng định, những kết quả này là minh chứng cho sự phối hợp hiệu quả, bền bỉ giữa các đơn vị tổ chức, ban giám khảo cuộc thi. Ngoài ra, các thầy cô giáo cũng là những người đã vun đắp cảm hứng cho học sinh - những nhà lãnh đạo tương lai của đất nước và toàn cầu - tham gia cuộc thi chủ động, sáng tạo.\n\nÔng kỳ vọng trong thời gian tới, cuộc thi tiếp tục nhận được sự quan tâm, phối hợp để lan tỏa sâu rộng, trở thành sân chơi lành mạnh, bổ ích cho học sinh. Thông qua đó, các em sẽ được rèn luyện tư duy, cảm xúc, tuyên truyền chủ đề chung của thế giới gắn với các vấn đề xã hội của Việt Nam.\n\nĐánh giá về chất lượng các bài dự thi, nhà báo Đỗ Thị Thanh Bình, Phó Trưởng ban giám khảo cuộc thi cho hay, chủ đề năm nay khá rộng, các em có cơ hội thể hiện kiến thức, hiểu biết đa dạng về biển đảo và vai trò của đại dương với đời sống con người, đặc biệt là các vấn đề ô nhiễm môi trường biển, rác thải nhựa, băng tan, mức biển dâng, biến đổi khí hậu, axit hóa đại dương, tẩy trắng san hô...\n\nThông qua đó, các bài viết đã đưa ra giải pháp bảo vệ đại dương, đồng thời tôn vinh những nhân vật truyền cảm hứng, cảnh tỉnh sự vô tâm, thờ ơ của con người trước các vấn đề khẩn cấp trong việc bảo vệ môi trường biển.\n\n“Bức thư được các em thể hiện sâu sắc về tình yêu, niềm tự hào và trăn trở với biển đảo quê hương, gửi tới những người giữ trọng trách quan trọng trong tổ chức quốc tế như Tổng Thư ký Liên Hợp Quốc, các nguyên thủ quốc gia, những người có tầm ảnh hưởng như nghệ sĩ, ca sĩ, đạo diễn, nhà văn, nhà thơ...\n\nCó em lại gửi thư cho tỷ phú công nghệ Elon Musk với thông điệp \'Trước khi vươn tay tới các vì sao, mong ông hãy quan tâm tới các vấn đề cấp thiết của đại dương, ứng dụng những thành tựu công nghệ vào việc chăm sóc và bảo vệ đại dương\', gây ấn tượng sâu sắc cho ban giám khảo”, nhà báo Đỗ Thị Thanh Bình chia sẻ.\n\nTại buổi lễ, Ban tổ chức đã trao giải Nhất quốc gia cho em Phạm Đoàn Minh Khuê, học sinh lớp 10C2, Trường THPT chuyên Lê Quý Đôn (Đà Nẵng). Năm ngoái, Đà Nẵng cũng là địa phương có học sinh đạt giải cao nhất trong cuộc thi.\n\nChủ nhân của bức thư đạt giải Nhất quốc gia cho biết em đã hóa thân thành Đại dương, viết thư gửi đạo diễn James Cameron, người đứng sau loạt phim đình đám như Titanic (1997), The Abyss (1989), Avatar (2009)... Đại dương nói mình đang bị loài người tàn phá, đau đớn quằn quại khiến trái tim “sắp ngừng đập”. Vì thế, Đại dương khẩn cầu vị đạo diễn nổi tiếng làm một bộ phim để thức tỉnh nhân loại.\n\nBên cạnh giải Nhất, Ban tổ chức, Ban giám khảo cuộc thi cũng trao giải cho các giải cá nhân, tập thể, trong đó có 3 giải Nhì, 5 giải Ba, 30 giải Khuyến khích, 61 giải “Cây bút triển vọng”; 10 giải "Khơi nguồn ý tưởng"; 10 giải tập thể. Các em đạt giải Nhất, Nhì cuộc thi cũng đã được Trung ương Đoàn TNCS Hồ Chí Minh trao tặng huy hiệu “Tuổi trẻ sáng tạo”.\n\nXem bức thư giải nhất cuộc thi viết thư UPU lần thứ 54tại đây.', 'bullet_summary': 'Không có tóm tắt dạng bullet points', 'url': 'https://vietnamnet.vn/cuoc-thi-viet-thu-upu-nhan-1-5-trieu-bai-thi-nu-sinh-da-nang-gianh-giai-nhat-2401594.html', 'category': 'giao-duc', 'crawled_at': '2025-05-16T09:44:27.272754', '_id': '2401594'}}, {'index': 2, 'code': 11000, 'errmsg': 'E11000 duplicate key error collection: News.giao-duc index: _id_ dup key: { _id: "2399539" }', 'keyPattern': {'_id': 1}, 'keyValue': {'_id': '2399539'}, 'op': {'title': 'Thủ khoa thi vào lớp 10 tiết lộ bí quyết giúp thí sinh bình tĩnh trong phòng thi', 'author': 'Không có thông tin tác giả', 'publish_date': '2025-05-16T13:00:00.000 +07:00', 'views': None, 'tags': [], 'description': 'Các thủ khoa thi tuyển sinh lớp 10 Hà Nội những năm trước đã chia sẻ bí quyết để có thể giữ được sự bình tĩnh, tự tin trong phòng thi và quá trình làm bài.', 'main_image': 'https://static-images.vnncdn.net/vps_images_publish/000001/000003/2025/5/16/thu-khoa-thi-vao-lop-10-tiet-lo-bi-quyet-giup-thi-sinh-binh-tinh-trong-phong-thi-37237.jpg?width=0&s=Cd60c8LGoIbpJo2DRWDs6w', 'content': 'Thanh Hùng\n\nGiữ được sự bình tĩnh, tự tin trong phòng thi là một trong những yếu tố góp phần quan trọng vào kết quảthi lớp 10. Theo các thủ khoa, ngoài việc ôn luyện kiến thức, sĩ tử cũng cần giữ được “cái đầu lạnh”.\n\nTrần Minh An (nữ sinh lớp 11 chuyên Văn, Trường THPT Chuyên Hà Nội - Amsterdam) là thủ khoa khối chuyên Văn của cả 3 trường chuyên ở mùa tuyển sinh lớp 10 năm 2023, gồm: Trường THPT Chuyên Hà Nội - Amsterdam; THPT Chuyên ĐH Sư phạm Hà Nội; THPT chuyên Khoa học Xã hội và Nhân văn.\n\nỞ kỳ thi vào lớp 10 công lập chung của Hà Nội năm đó, Minh An đạt 10 điểm Toán; 9 điểm Văn và 9,75 điểm môn tiếng Anh.\n\nMinh An chia sẻ: “Để giữ bình tĩnh trong phòng thi, em nghĩ việc quan trọng nhất là không để tâm đến người khác quá nhiều. Chúng ta cũng không nên chú ý đến bài làm của các bạn xung quanh, hãy tập trung vào bài làm của mình”.\n\nKhi bắt tay vào làm bài thi, nữ sinh thường cố gắng trình bày sự tổng kết tất cả những kiến thức đã học. “Ở trong phòng thi, các bạn hãy viết tất cả những gì mình cảm thấy yêu thích nhất, thấy tốt nhất, điều đó sẽ giúp bài thi đạt kết quả khả quan hơn”, Minh An chia sẻ.\n\nNguyễn Hoàng Minh Quân(học sinh lớp 10A2 Tin, Trường THPT Chuyên Khoa học Tự nhiên (thuộc Trường ĐH Khoa học Tự nhiên - ĐH Quốc gia Hà Nội) từng là thủ khoa ở kỳ thi tuyển sinh vào lớp 10 năm 2024 với tổng điểm 48,5 (trong đó Toán và Tiếng Anh đạt điểm 10; môn Ngữ văn đạt 9,25 điểm). Minh Quân cũng trúng tuyển vào cả 2 khối chuyên Tin và chuyên Tiếng Anh của 4 trường chuyên.\n\nTheo Minh Quân, trong quá trình làm bài, nếu thấy bài nào suy nghĩ khá lâu vẫn chưa tìm ra cách làm thì cần chuyển sang bài khác và quay lại sau, nếu còn thời gian.\n\n“Vướng vào giải quyết một bài như vậy gây mất quá nhiều thời gian và sẽ khiến căng thẳng tâm lý. Thực ra đôi lúc không phải một bài nào đó khó hay dễ mà có thể do đúng thời điểm đầu óc mình căng thẳng. Nếu đã nghĩ một lúc, thấy bản thân rối cả đầu lên thì không nên tiếp tục ở vòng luẩn quẩn đó và nên chuyển sang bài khác. Khi mình giải quyết được bài khác, tinh thần tốt lên, có khi quay lại bài trước lại tìm ra cách giải. Trong quá trình làm bài, nếu tâm lý căng thẳng quá, các bạn có thể thả bút xuống, ngồi hít sâu bình tĩnh một chút và có thể uống một ngụm nước”, Minh Quân chia sẻ.\n\nMinh Quân cho rằng, cần chuẩn bị tâm lý kỹ lưỡng. Những vật dụng phục vụ cho bài thi như thước kẻ, compa, máy tính… và giấy tờ cá nhân cần thiết cho thủ tục thi nên được chuẩn bị từ hôm trước, tránh để ngày thi mới bắt đầu cuống cuồng, rất dễ ảnh hưởng tâm lý. "Các em cũng lưu ý về điện thoại, phải cất trong cặp để ngoài khu vực thi, bởi rất dễ quên để trong túi quần và khi vào thi sẽ bị lập biên bản và không thể giải thích bằng bất cứ lý do gì”, Minh Quân nói.\n\nTrước ngày thi, theo nam sinh, các sĩ tử cũng cần chủ động đặt báo thức căn giờ thức dậy.\n\n“Một điều quan trọng nữa là nên đến điểm thi đúng giờ, thậm chí sớm hơn một chút để có khoảng thời gian ngồi ở phòng thi với tâm thế bình tĩnh. Đến muộn rất dễ khiến chúng ta bị cuống, ảnh hưởng đến việc làm bài và kết quả thi”, thủ khoa thi lớp 10 năm 2024 chia sẻ.', 'bullet_summary': 'Không có tóm tắt dạng bullet points', 'url': 'https://vietnamnet.vn/cac-thu-khoa-thi-tuyen-sinh-lop-10-chia-se-cach-giu-binh-tinh-trong-phong-thi-2399539.html', 'category': 'giao-duc', 'crawled_at': '2025-05-16T09:44:32.997180', '_id': '2399539'}}, {'index': 3, 'code': 11000, 'errmsg': 'E11000 duplicate key error collection: News.giao-duc index: _id_ dup key: { _id: "2401360" }', 'keyPattern': {'_id': 1}, 'keyValue': {'_id': '2401360'}, 'op': {'title': 'Tranh luận hội đồng trường tồn tại ở mức hình thức, cần hoạt động thực chất hơn', 'author': 'Không có thông tin tác giả', 'publish_date': '2025-05-16T11:30:00.000 +07:00', 'views': None, 'tags': [], 'description': 'Tại tọa đàm tham vấn chính sách xây dựng dự án Luật Giáo dục đại học (sửa đổi), nhiều ý kiến chỉ ra bất cập về hoạt động thực chất của hội đồng trường hiện nay.', 'main_image': 'https://static-images.vnncdn.net/vps_images_publish/000001/000003/2025/5/16/tranh-luan-hoi-dong-truong-ton-tai-o-muc-hinh-thuc-can-hoat-dong-thuc-chat-hon-37019.jpg?width=0&s=uOSdjaTEPTubYXde5JAiHw', 'content': 'Thanh Hùng\n\nVề hội đồng trường trong cơ sở giáo dục đại học, ông Vũ Hoàng Linh, Chủ tịch Hội đồng Trường ĐH Khoa học Tự nhiên - ĐH Quốc gia Hà Nội nhận định, trong quá trình tự chủ đại học, đây là một mô hình quản trị phù hợp, nhưng phải được đi vào thực chất.\n\nSong, ông cho rằng, hiện ở rất nhiều cơ sở giáo dục đại học, việc hội đồng trường tồn tại còn ở mức hình thức, chưa thực sự đóng vai trò quản trị.\n\n“Ở trường tôi, trong hội đồng trường có các thành viên ngoài trường là những cán bộ lãnh đạo, chủ doanh nghiệp, cựu sinh viên, nhưng vì công việc quá bận nên những cuộc họp của hội đồng trường hầu như không xuất hiện, có đến cũng làm những công việc hình thức. Ngay cả những công việc quan trọng như bầu chủ tịch hội đồng trường hay hiệu trưởng cũng thường chỉ có từ 1-2 trong số 6 thành viên ngoài tham gia”, ông Linh nói.\n\nÔng Linh cho rằng, các hội đồng trường cần hoạt động một cách thực chất hơn và các cá nhân tham gia hội đồng trường phải thực sự có kinh nghiệm về quản trị đại học. “Những người lãnh đạo hội đồng trường phải từng kinh qua các công việc quản lý ở trường đại học thì mới hỗ trợ tốt hơn cho việc quản trị. Các thành viên hội đồng trường, đặc biệt là những người ngoài trường cần quan tâm hơn”, ông Linh nói.\n\nÔng Linh cũng kỳ vọng sau khi có Luật Giáo dục đại học sửa đổi, hoạt động của các hội đồng trường sẽ đi vào thực chất hơn, thực sự đóng góp và hiệu quả.\n\nGS.TS Trần Trung, Giám đốc Học viện Dân tộc cho rằng, nên có thêm tiêu chí xác định mức độ tự chủ của cơ sở giáo dục đại học theo phân cấp trong việc thành lập hội đồng trường.\n\n“Cơ sở đại học có thể phân cấp ở nhiều mức độ tự chủ khác nhau. Nếu trường được phân mức độ tự chủ nhiều thì vai trò của hội đồng trường sẽ rất lớn và ngược lại. Chẳng hạn, nếu một trường đại học là đơn vị tự chủ nhóm 4, theo nguyên tắc cơ quan chủ quản sẽ quản lý trực tiếp và phê duyệt toàn bộ. Như vậy, vai trò của hội đồng trường không còn quyết định được điều gì”, ông Trung nói.\n\nTại dự thảo báo cáo đánh giá tác động của chính sách Luật Giáo dục đại học (sửa đổi), Bộ GD-ĐT cũng đánh giá hội đồng trường của một số cơ sở giáo dục đại học hoạt động chưa hiệu quả, chưa thực hiện đúng, đầy đủ chức năng, nhiệm vụ và quyền hạn, hình thức.\n\nĐặc biệt, quy định về tổ chức hội đồng trường tại các cơ sở giáo dục đại học thuộc Bộ Công an, Bộ Quốc phòng là không phù hợp và không khả thi.\n\nTheo Thứ trưởng Bộ GD-ĐT Hoàng Minh Sơn, hiện, hầu hết hội đồng trường của các trường đại học đang trong nhiệm kỳ đầu tiên.\n\n“Vì vậy, rất nhiều thứ, kể cả cách hiểu, quy định về quyền hạn, trách nhiệm của hội đồng trường trong luật chưa được giải thích, hướng dẫn rõ cũng khó. Chưa kể, chúng ta chuyển sang một mô hình lần đầu tiên trong vòng mấy năm, rồi việc lựa chọn nhân sự của hội đồng trường cũng không có kinh nghiệm, thời gian nên có những bất cập”, ông Sơn nói.\n\nBên cạnh đó, Bộ GD-ĐT cũng nhìn nhận còn những chồng chéo giữa triển khai phương thức lãnh đạo, tổ chức quản trị, hoạt động điều hành trong cơ sở giáo dục đại học.', 'bullet_summary': 'Không có tóm tắt dạng bullet points', 'url': 'https://vietnamnet.vn/tranh-luan-hoi-dong-truong-ton-tai-o-muc-hinh-thuc-can-hoat-dong-thuc-chat-hon-2401360.html', 'category': 'giao-duc', 'crawled_at': '2025-05-16T09:44:38.455847', '_id': '2401360'}}, {'index': 4, 'code': 11000, 'errmsg': 'E11000 duplicate key error collection: News.giao-duc index: _id_ dup key: { _id: "2401724" }', 'keyPattern': {'_id': 1}, 'keyValue': {'_id': '2401724'}, 'op': {'title': 'Giám đốc trung tâm Anh ngữ ở TPHCM bất ngờ biến mất, phụ huynh hoang mang', 'author': 'Không có thông tin tác giả', 'publish_date': '2025-05-16T13:26:00.000 +07:00', 'views': None, 'tags': [], 'description': 'Phụ huynh có con học tại Trung tâm Anh ngữ Úc Châu TPHCM (AIES) đang hoang mang vì trung tâm đóng cửa. Giám đốc biến mất và không thể liên lạc.', 'main_image': 'https://static-images.vnncdn.net/vps_images_publish/000001/000003/2025/5/16/giam-doc-trung-tam-anh-ngu-o-tphcm-bat-ngo-bien-mat-phu-huynh-hoang-mang-63190.jpeg?width=0&s=dMSizrGnCXK9Yd5048EkAQ', 'content': 'Lê Huyền\n\nKhông thể liên lạc với giám đốc, gia đình báo đi nước ngoài\n\nNhiều phụ huynh có con theo học tại Trung tâm Anh ngữ Úc Châu (AIES) cơ sở Kha Vạn Cân (TP Thủ Đức, TPHCM) đang hoang mang vì trung tâm thông báo sửa chữa rồi đóng cửa. Trong khi đó phụ huynh đã đóng vào đây hàng chục triệu đồng.\n\nSự việc vỡ lở khi các nhân viên của Trung tâm Anh ngữ Úc Châu gửi thư vào tất cả các nhóm phụ huynh, thông báo rằng không liên hệ được với giám đốc.\n\nTrong thư, nhân viên Trung tâm Anh ngữ Úc Châu cho biết, mọi hoạt động của trung tâm đang diễn ra bình thường thì sáng 8/5, họ nhận được thông báo từ Ban giám đốc với nội dung: Tạm ngừng dạy học và làm việc trong 1 tuần, bắt đầu từ 12h ngày 8/5.\n\nĐến khoảng 11h cùng ngày, toàn bộ nhân viên tất cả các chi nhánh trong hệ thống trung tâm đều không liên hệ được với giám đốc và bắt đầu nhận ra sự bất ổn. Khi nhân viên gọi được cho vợ giám đốc, họ nhận câu trả lời rằng ông đã đi nước ngoài vài ngày, gia đình cũng không liên hệ được với ông.\n\nĐến ngày 9/5, nhân viên trung tâm liên hệ lại với vợ giám đốc thì thấy số điện thoại đã bị khóa. Sau đó các trang web, facebook của hệ thống trung tâm đều bị xóa. Trang làm việc của công ty cũng không truy cập được, mọi tài khoản đăng nhập của nhân viên đều bị xóa. Nhận ra sự bất thường, nhân viên Trung tâm Anh ngữ Úc Châu báo lên Công an phường Tăng Nhơn Phú B để được tư vấn.\n\n12h ngày 15/5, nhân viên trung tâm vẫn chưa liên lạc được hay nhận thông báo về việc hoạt động trở lại từ phía giám đốc.\n\n“Trước tình hình này, chúng tôi rất lấy làm tiếc khi không biết chính xác rằng liệu trung tâm có thể tiếp tục hoạt động nữa hay không. Chúng tôi rất xin lỗi và mong phụ huynh hãy hết sức bình tĩnh. Nhân viên và giáo viên tại trung tâm cũng đang ở trong hoàn cảnh bị động, bị gián đoạn hợp đồng lao động, lương chưa được thanh toán nhưng sẵn sàng hợp tác với cơ quan chức năng để giải quyết sự việc”, thư nhân viên gửi phụ huynh nêu.\n\nPhụ huynh hoang mang vì đã "xuống tiền" cho trung tâm hàng chục triệu đồng\n\nTrong thông báo ngày 8/5 dán ở cơ sở Kha Vạn Cân và thông báo trong nhóm Zalo các phụ huynh, Trung tâm Anh ngữ Úc Châu nêu: Do ảnh hưởng của thời tiết có mưa lớn trên diện rộng, cơ sở vật chất có sự cố lớn chưa được khắc phục kịp thời nên để đảm bảo an toàn cho học viên, trung tâm sẽ tạm ngưng giảng dạy trong một tuần, từ ngày 8 đến hết 14/5 để sửa chữa toàn hệ thống.\n\nĐến nay đã quá 2 ngày nhưng trung tâm vẫn đóng cửa. Các phụ huynh Trung tâm Anh ngữ Úc Châu\xa0đang gửi đơn trình báo tới cơ quan công an và Sở GD-ĐT TPHCM.\n\nChia sẻ vớiVietNamNet, anh H - một phụ huynh cho biết, 8 ngày trước, anh đăng ký khóa học tiếng Anh chương trình Kid 1-Kid 6 kéo dài 3 năm cho con tại Trung tâm Anh ngữ Úc Châu. Anh đã chuyển khoản đóng phí 31 triệu đồng. Sau khi anh đăng ký và nộp học phí, trung tâm cam kết tổ chức lớp học đúng lộ trình. Tuy nhiên, đến nay trung tâm đột ngột đóng cửa, không thể liên lạc được với giám đốc và nhân viên, biển hiệu cũng bị tháo dỡ.\n\n“Tôi và nhiều phụ huynh khác không nhận được bất kỳ thông báo nào hay được hoàn trả học phí. Đây là dấu hiệu bỏ trốn, tôi sẽ làm đơn gửi lên cơ quan chức năng”, anh H nêu.\n\nHiện hơn 200 phụ huynh của Trung tâm Anh ngữ Úc Châu đã thống kê số tiền đóng cho trung tâm này. Người ít thì chục triệu, người nhiều lên tới gần 100 triệu đồng.\n\nTrung tâm Anh ngữ Úc Châu (AIES) trực thuộc Công ty TNHH giáo dục - đào tạo Duy Khang, do ông Hồ Đăng Duy làm giám đốc, hoạt động từ năm 2007 tới nay. Trụ sở của công ty đặt tại số 182-184-186 Lê Văn Việt, TP.Thủ Đức, TPHCM.\n\nHiện website chính thức của hệ thống AIES không thể truy cập.VietNamNetđã liên hệ với Sở GD-ĐT TPHCM. Một lãnh đạo Sở cho biết đã nắm được thông tin này.', 'bullet_summary': 'Không có tóm tắt dạng bullet points', 'url': 'https://vietnamnet.vn/giam-doc-trung-tam-anh-ngu-o-tphcm-bat-ngo-bien-mat-phu-huynh-hoang-mang-2401724.html', 'category': 'giao-duc', 'crawled_at': '2025-05-16T09:44:43.338861', '_id': '2401724'}}, {'index': 5, 'code': 11000, 'errmsg': 'E11000 duplicate key error collection: News.giao-duc index: _id_ dup key: { _id: "2401576" }', 'keyPattern': {'_id': 1}, 'keyValue': {'_id': '2401576'}, 'op': {'title': 'Quốc gia nào có toàn triệu phú?', 'author': 'Không có thông tin tác giả', 'publish_date': '2025-05-16T07:40:24.000 +07:00', 'views': None, 'tags': [], 'description': 'Cứ 3 người ở quốc gia này lại có một người là triệu phú USD. Nơi đây hầu như không có người nghèo.', 'main_image': 'https://static-images.vnncdn.net/vps_images_publish/000001/000003/2025/5/16/quoc-gia-nao-co-toan-trieu-phu-26011.jpg?width=0&s=C44PI9GthcX1xlKULWU8oA', 'content': 'Thúy Nga\n\nMonaco là đất nước nằm bên bờ biển Riviera với ba mặt giáp Pháp, một mặt giáp biển Địa Trung Hải, dân số khoảng 38.000 người. Cứ 3 người dân tại đây lại có 1 người là triệu phú. Monaco trở thành quốc gia có số lượng triệu phú và tỷ phú trên đầu người cao nhất thế giới.\n\nGiá nhà trung bình tại Monaco cao hơn cả ở những thành phố xa hoa bậc nhất như New York (Mỹ) hay Hồng Kông (Trung Quốc). Business Insider cho rằng Monaco gần như không có người nghèo. Để góp mặt trong top 1% dân số giàu nhất Monaco, một người cần sở hữu tối thiểu 12,4 triệu USD.\n\nVới diện tích 2,2km, Monaco được xem là quốc gia nhỏ thứ hai thế giới, chỉ lớn hơn Vatican - quốc gia rộng 0,5km2. Trung tâm thành phố cách Italy chỉ khoảng 16km.\n\nTheo thống kê của Tổ chức Du lịch Thế giới, Monaco là nơi có mật độ khách du lịch lớn nhất châu lục. Có thời điểm, lượng khách du lịch đến Monaco cao gấp 10 lần dân bản địa, khoảng 360.000 người. Cứ 10 người tại Monaco thì đến 9 người là du khách.\n\nMonaco không đánh thuế thu nhập cá nhân kể từ năm 1869. Mọi người dân nước này được sở hữu toàn bộ số tiền họ kiếm được, do vậy nơi đây thu hút rất nhiều đại gia tới sinh sống. Tuy nhiên, trên thực tế để có quốc tịch và hộ chiếu Monaco rất khó. Phần lớn những người sống ở đây chỉ có giấy phép cư trú. Công dân chính hiệu tại Monaco được gọi là Monegasques.\n\nQuốc kỳ Monaco có tỷ lệ hai cạnh là 4:5 với màu đỏ và trắng tượng trưng cho hai màu truyền thống của gia đình Grimaldi quyền lực trong lịch sử Monaco. Lá cờ này được thông qua vào ngày 4/4/1881.\n\nQuốc kỳ Monaco có kiểu dáng, màu sắc giống của Indonesia vì đều có màu đỏ ở nửa trên và màu trắng ở nửa dưới. Sự phân biệt giữa cờ của hai quốc gia này dựa vào tỷ lệ. Quốc kỳ Indonesia có tỷ lệ hai cạnh 2:3.\n\nMonaco không phải là thành viên Liên minh châu Âu nhưng vẫn sử dụng đồng euro làm tiền tệ. Theo số liệu của Ngân hàng Thế giới, đây là một trong những quốc gia có sự cân bằng chính trị và xã hội hàng đầu.', 'bullet_summary': 'Không có tóm tắt dạng bullet points', 'url': 'https://vietnamnet.vn/quoc-gia-nao-co-toan-trieu-phu-2401576.html', 'category': 'giao-duc', 'crawled_at': '2025-05-16T09:44:48.814178', '_id': '2401576'}}, {'index': 6, 'code': 11000, 'errmsg': 'E11000 duplicate key error collection: News.giao-duc index: _id_ dup key: { _id: "2401301" }', 'keyPattern': {'_id': 1}, 'keyValue': {'_id': '2401301'}, 'op': {'title': 'Sau 22 năm quy hoạch mạng lưới trường học, Hà Nội vẫn thiếu trường công', 'author': 'Không có thông tin tác giả', 'publish_date': '2025-05-16T05:30:00.000 +07:00', 'views': None, 'tags': [], 'description': "Việc dự báo dân số sai lệch, công cụ quy hoạch lạc hậu và hàng trăm dự án bất động sản bỏ hoang đã khiến giấc mơ vào trường công lập trở thành 'cuộc đua' với học sinh Thủ đô.", 'main_image': 'https://static-images.vnncdn.net/vps_images_publish/000001/000003/2025/5/15/sau-22-nam-quy-hoach-mang-luoi-truong-hoc-ha-noi-van-thieu-truong-cong-90633.jpg?width=0&s=udf-YthkdQDbATVcxKm2rA', 'content': 'Trần Huy ÁnhỦy viên thường vụ Hội KTS Hà Nội\n\nTrong những năm qua, tỷ lệ học sinh đỗ vào lớp 10 công lập tại Hà Nội cao nhất chỉ hơn 60%. Một suất học công lập giữa lòng Thủ đô trở thành “cuộc đua nóng” khiến nhiều phụ huynh, học sinh như “ngồi trên đống lửa”. Thực tế này có nguyên nhân tồn tại nhiều năm do hệ thống trường công ở Hà Nội chưa đáp ứng được nhu cầu. VietNamNet thực hiện tuyến bài về thực trạng và giải pháp tháo gỡ vấn đề này trong bối cảnh bỏ cấp huyện, sáp nhập phường xã và sắp xếp trụ sở dôi dư.\n\nSau bài viết thực trạngGần 30.000 học sinh Hà Nội không có chỗ vào lớp 10 công lập,và phân tích nguyên nhân sốHọc sinh tăng nhưng ít trường công Hà Nội được mở thêm, VietNamNet đã nhận được nhiều bình luận, ý kiến của quan tâm của các chuyên gia, độc giả.\n\nBài viết dưới đây là góc nhìn của ông Trần Huy Ánh, Ủy viên Thường vụ Hội Kiến trúc sư Hà Nội, về vấn đề này.\n\nThiếu đất xây trường ngay từ Bản Quy hoạch mạng lưới trường học Hà Nội\n\nNgày 23/5/2002, Hà Nội thành lập Sở Quy hoạch - Kiến trúc trên cơ sở tổ chức lại Văn phòng Kiến trúc sư trưởng, với nhiệm vụ tham mưu UBND TP quản lý Nhà nước về quy hoạch - kiến trúc. Giám đốc đầu tiên là ông Đào Ngọc Nghiêm. Ngay sau khi thành lập, Sở đã công bố quy hoạch sử dụng đất cho 14 quận, huyện.\n\nNăm 2003, Viện Quy hoạch Xây Dựng - Sở Quy hoạch Kiến trúc đã lập, trình “Quy hoạch mạng lưới trường học Thủ đô Hà Nội đến năm 2010 và định hướng đến năm 2020”, được UBND Thành phố phê duyệt. Quy hoạch căn cứ vào số dân hiện trạng quá thấp nên đề xuất thiếu đất xây trường... Vì vậy, đất thừa ra không xây trường, cấp cho các tổ chức cá nhân khai thác bất động sản tràn lan, có cả hàng chục, hàng trăm dự án để hoang hàng chục năm không sử dụng. Nhiều khu đô thị chỉ tập trung xây nhà bán, không xây trường, nên Hà Nội thiếu hàng trăm trường học, hàng ngàn phòng học.\n\nKhảo sát tại quận Cầu Giấy sau 5 năm thực hiện “Quy hoạch mạng lưới trường học” cho thấy: Quận có diện tích hơn 1.200ha, số dân năm 1997 là 9 vạn, lên đến 14 vạn năm 2001. Tài liệu quy hoạch này lại viện dẫn dân số hiện trạng (2003) vẫn là 9 vạn, số học sinh 4 cấp gần 2 vạn; dự báo đến 2020 có gần 15 vạn dân với hơn 4 vạn học sinh. Từ số học sinh ấy, quy hoạch gần 60 ha đất xây trường đã là thừa, còn đâu tha hồ làm nhà ở chia lô, cao tầng, trung tâm thương mại, khách sạn nhà hàng…\n\nThực tế, năm 2008, dân số quận Cầu Giấy đã trên 20 vạn, số học sinh 4 cấp gần 5 vạn em. Chưa qua nửa thời gian, quỹ đất quy hoạch dự trù cho cả chục năm sau đã xây hết mà vẫn thiếu hàng chục ha, tính đến năm 2020 thì cần gấp đôi diện tích đất xây trường. Quỹ đất dự trữ để xây dựng trường học hết từ lâu, trong khi hơn 20 ha đất ven đường vành đai 3 được cấp cho làm trụ sở các tổng công ty. Sau hơn 20 năm (2003-2025) phần lớn khu đất này vẫn để hoang.\n\nKhông chỉ quận Cầu Giấy gặp vấn nạn thiếu trường học vì không còn đất xây trường do dự báo dân số thấp khó hiểu, các quận huyện khác cũng vậy.\n\nQuy hoạch bằng công cụ lạc hậu sẽ làm Thủ đô tiếp tục thiếu đất xây trường học\n\nSau khi Hà Nội mở rộng địa giới hành chính, lập Quy hoạch chung xây dựng Thủ đô, công bố năm 2011 (gọi tắt là QH 1259), thực trạng thiếu đất xây dựng trường học vẫn không được cải thiện: Nhiều huyện vùng xa còn thiếu từ cấp mầm non đến THPT… Tuy vậy, những thông tin này không được phản ánh toàn diện trong báo cáo đánh giá 10 năm thực hiện Quy hoạch 1259 (2011-2021).\n\nTrong quá trình lập Quy hoạch Thủ đô, ngày 4/8/2023, Sở GD-ĐT Hà Nội phối hợp cùng Viện Nghiên cứu phát triển kinh tế - xã hội Hà Nội tổ chức tọa đàm, lấy ý kiến về phương án phát triển của giáo dục và nguyên tắc, cách thức tích hợp vào Quy hoạch Thủ đô Hà Nội thời kỳ 2012-2030, tầm nhìn đến năm 2050.\n\nKhi chủ trì tọa đàm này, Phó Chủ tịch UBND TP Hà Nội lúc đó là ông Hà Minh Hải đã nhấn mạnh: Công tác đánh giá thực trạng ngành Giáo dục Thủ đô hiện nay phải trung thực, thẳng thắn, khách quan, khoa học và sáng tạo. Toàn bộ số liệu phải được cập nhật đến năm 2022 và có so sánh với thủ đô một quốc gia có nền giáo dục tương đồng để đặt mục tiêu hướng đến, xây dựng kế hoạch thực hiện. Các kịch bản phát triển đưa ra cần đánh giá hiệu quả cụ thể, tránh nêu chung chung, thiếu những phân tích xác đáng, thuyết phục…\n\nMặc dù được lãnh đạo Thành phố chỉ đạo sát sao, nhưng tài liệu quy hoạch vẫn làm thủ công, các bản đồ minh họa vẫn vẽ bằng máy mà không gắn các thông tin thuộc tính lên bản đồ số thành hệ thống thông tin địa lý (GIS -Geographic Information System). Điều này gây khó khăn cho việc theo dõi quản lý tài nguyên đất đai nói chung và đất dành cho giáo dục nói riêng.\n\nViệc thiếu đất xây dựng trường học trong quá trình lập quy hoạch có nguyên nhân từ Sở GD-ĐT Hà Nội - là cơ quan xây dựng nhu cầu đất trường học công lập từ bậc mầm non đến THPT và cơ quan lập, thẩm định quy hoạch, quản lý đất đai - là các đơn vị bố trí tài nguyên đất đai công sản cho nhu cầu này.\n\nQuy hoạch mạng lưới trường học không thể tách rời với dữ liệu dân cư hiện hữu và mạng lưới giao thông an toàn vì đối tượng là trẻ em - học sinh, do vậy sử dụng hệ thống GIS sẽ hỗ trợ tối đa để bố trí quỹ đất giáo dục tối ưu. Việc ứng dụng công nghệ số cho các cơ quan quản lý lâu nay đã không đạt hiệu quả thì tốt nhất nên giao cho các doanh nghiệp công nghệ thực hiện, Thành phố mua lại kết quả như đã mua lại nhiều giải pháp ứng dụng công nghệ số.\n\nTrong công cuộc chống lãng phí hiện nay, việc rà soát các quỹ đất bỏ hoang, phù hợp với việc xây dựng trường học mới, đặc biệt trường THPT công lập là việc làm thiết thực, đáp ứng mong mỏi của xã hội hôm nay cũng như chuẩn bị nguồn nhân lực chất lượng cao cho Thủ đô ngày mai. Đó cũng là việc làm cụ thể hóa, đánh giá thực chất sự đổi mới - sáng tạo của ngành Giáo dục đào tạo cũng như quản lý quy hoạch, đất đai thành phố.\n\nHà Nội và cả nước đang trong cuộc cách mạng tinh giản bộ máy và sắp xếp lại đơn vị hành chính, đi kèm với đó là công tác hiện đại hóa công cụ quản lý cũng như tối ưu hóa trong việc khai thác nhà đất công dôi dư. Đây là cơ hội để bổ cập thiếu hụt đất đai, dành trụ sở dôi dư sau sắp xếp phường, xã cho cơ sở giáo dục công lập, ưu tiên đầu tư khắc phục sự thiếu hụt trường công lập cho bậc THPT.', 'bullet_summary': 'Không có tóm tắt dạng bullet points', 'url': 'https://vietnamnet.vn/sau-22-nam-quy-hoach-mang-luoi-truong-hoc-ha-noi-van-thieu-truong-cong-2401301.html', 'category': 'giao-duc', 'crawled_at': '2025-05-16T09:44:53.675371', '_id': '2401301'}}, {'index': 7, 'code': 11000, 'errmsg': 'E11000 duplicate key error collection: News.giao-duc index: _id_ dup key: { _id: "2401466" }', 'keyPattern': {'_id': 1}, 'keyValue': {'_id': '2401466'}, 'op': {'title': 'Phó trưởng khoa đại học bị cách chức vì gian lận để nâng thành tích cho con gái', 'author': 'Không có thông tin tác giả', 'publish_date': '2025-05-16T05:20:00.000 +07:00', 'views': None, 'tags': [], 'description': 'Một phó trưởng khoa của Đại học Trùng Khánh (Trung Quốc) vừa bị cách chức và cảnh cáo vì đã lợi dụng công trình nghiên cứu của mình để giúp con gái đạt nhiều thành tích vượt trội.', 'main_image': 'https://static-images.vnncdn.net/vps_images_publish/000001/000003/2025/5/15/pho-truong-khoa-dai-hoc-bi-cach-chuc-vi-gian-lan-de-nang-thanh-tich-cho-con-gai-90042.jpg?width=0&s=KzC5Rmwj6sgamZ0t5ufZWw', 'content': 'Hoàng Linh\n\nTheo thông báo được trường Đại học Trùng Khánh công bố cuối tuần trước, ông Lưu Mỗ Hoa (tên đã được thay đổi), Phó trưởng khoa sau đại học của trường này, đã bị kỷ luật và miễn nhiệm chức vụ vì hành vi vi phạm đạo đức học thuật.\n\nCon gái ông, sinh viên Lưu Mỗ Kiều (tên đã được thay đổi), cũng sẽ bị thu hồi học bổng quốc gia cùng các danh hiệu, giải thưởng liên quan theo quy định.\n\nLưu Mỗ Kiều hiện là sinh viên đại học tại trường và từng gây chú ý với bảng thành tích “khủng” - 14 bài báo khoa học thuộc hệ thống SCI (Chỉ số trích dẫn khoa học) và ba bằng sáng chế cấp quốc gia. Thành tích này càng thu hút sự quan tâm khi cô được vinh danh là một trong 100 sinh viên xuất sắc nhận học bổng quốc gia.\n\nTuy nhiên, sau khi dư luận đặt dấu hỏi về tính xác thực của những kết quả trên, nhà trường đã vào cuộc điều tra và phát hiện cô là con gái của Phó trưởng khoa Lưu Mỗ Hoa. Kết quả điều tra cho thấy ông Lưu đã cho con gái tham gia vào các đề tài nghiên cứu của mình và đứng tên cùng trong các bài báo, sáng chế - hành vi bị xác định là vi phạm nghiêm trọng quy định về tác quyền trong nghiên cứu khoa học.\n\nBên cạnh đó, các bài báo của ông Lưu còn bị phát hiện có sai sót về chuyên môn, chẳng hạn như sử dụng hình ảnh không chính xác.\n\nĐại học Trùng Khánh cho biết sẽ rút kinh nghiệm sâu sắc từ vụ việc này, đồng thời khẳng định sẽ tiếp tục siết chặt công tác quản lý, nâng cao chuẩn mực đạo đức học thuật và giữ vững môi trường giáo dục trong sạch, lành mạnh.', 'bullet_summary': 'Không có tóm tắt dạng bullet points', 'url': 'https://vietnamnet.vn/pho-truong-khoa-bi-cach-chuc-vi-gian-lan-de-nang-thanh-tich-cho-con-gai-2401466.html', 'category': 'giao-duc', 'crawled_at': '2025-05-16T09:44:58.606911', '_id': '2401466'}}, {'index': 8, 'code': 11000, 'errmsg': 'E11000 duplicate key error collection: News.giao-duc index: _id_ dup key: { _id: "2401677" }', 'keyPattern': {'_id': 1}, 'keyValue': {'_id': '2401677'}, 'op': {'title': 'Nguyên Giám đốc Sở Y tế làm Chủ tịch Hội đồng giáo sư ĐH Y khoa Phạm Ngọc Thạch', 'author': 'Không có thông tin tác giả', 'publish_date': '2025-05-16T11:20:06.000 +07:00', 'views': None, 'tags': [], 'description': 'Sau nhiều lùm xùm, Trường Đại học Y khoa Phạm Ngọc Thạch có Hội đồng giáo sư cơ sở năm 2025 với 12 thành viên. Ông Nguyễn Tấn Bỉnh, nguyên Giám đốc Sở Y tế TPHCM làm chủ tịch.\xa0', 'main_image': 'https://static-images.vnncdn.net/vps_images_publish/000001/000003/2025/5/16/nguyen-giam-doc-so-y-te-lam-chu-tich-hoi-dong-giao-su-dh-y-khoa-pham-ngoc-thach-52435.jpg?width=0&s=VZHGyFAOFxBOW_w4LMskpw', 'content': 'Lê Huyền\n\nPGS.TS Nguyễn Đăng Thoại, Phó hiệu trưởng phụ trách Trường Đại học Y khoa Phạm Ngọc Thạch đã ký quyết định bổ nhiệm chức danh Hội đồng Giáo sư cơ sở năm 2025 với 12 thành viên.\xa0GS.TS Nguyễn Tấn Bỉnh làm Chủ tịch Hội đồng.\n\nÔng Nguyễn Tấn Bỉnh từng làm Hiệu trưởng Trường Đại học Y khoa Phạm Ngọc Thạch, Giám đốc Bệnh viện Truyền máu và huyết học TPHCM, Giám đốc Sở Y tế TPHCM. PGS.TS Nguyễn Trọng Hào là Phó Chủ tịch Hội đồng. Ông Nguyễn Trọng Hào hiện là Bí thư Đảng ủy Trường Đại học Y khoa Phạm Ngọc Thạch.\n\nCác ủy viên Hội đồng gồm: GS.TS Nguyễn Văn Khôi, GS.TS Bùi Tùng Hiệp, GS.TS Nguyễn Đức Công, PGS.TS Nguyễn Thị Ngọc Dung, PGS.TS Tăng Chí Thượng, PGS.TS Trần Vĩnh Hưng, PGS.TS Nguyễn Đăng Thoại, PGS.TS Phạm Đăng Diệu, PGS.TS Tăng Kim Hồng, PGS.TS Huỳnh Quang Huy - ủy viên thư ký.\n\nTrong quá trình thành lập Hội đồng Giáo sư cơ sở, Trường Đại học Y khoa Phạm Ngọc Thạch đã báo cáo lên các cơ quan của Thành ủy và UBND TPHCM. Nhà trường cũng đã gửi các quyết định thành lập Hội đồng Giáo sư cơ sở, quyết định bổ nhiệm các chức danh trong Hội đồng, biên bản bầu chủ tịch, phó chủ tịch, ủy viên thư ký, danh sách thành viên tham gia, lý lịch thành viên, danh sách ứng viên đăng ký xét công nhận đạt chuẩn chức danh GS- PGS... lên Văn phòng Hội đồng giáo sư nhà nước.', 'bullet_summary': 'Không có tóm tắt dạng bullet points', 'url': 'https://vietnamnet.vn/nguyen-giam-doc-so-y-te-lam-chu-tich-hoi-dong-giao-su-dh-y-khoa-pham-ngoc-thach-2401677.html', 'category': 'giao-duc', 'crawled_at': '2025-05-16T09:45:03.765951', '_id': '2401677'}}, {'index': 9, 'code': 11000, 'errmsg': 'E11000 duplicate key error collection: News.giao-duc index: _id_ dup key: { _id: "2401282" }', 'keyPattern': {'_id': 1}, 'keyValue': {'_id': '2401282'}, 'op': {'title': 'Đề thi thử tốt nghiệp THPT môn Văn năm 2025 của Hà Nội', 'author': 'Không có thông tin tác giả', 'publish_date': '2025-05-16T16:01:00.000 +07:00', 'views': None, 'tags': [], 'description': 'Đề thi thử tốt nghiệp THPT 2025 môn Văn do Sở GD-ĐT Hà Nội xây dựng để khảo sát chất lượng học sinh lớp 12 được VietNamNet cập nhật nhanh chóng, chi tiết.\n', 'main_image': 'https://static-images.vnncdn.net/vps_images_publish/000001/000003/2025/5/16/de-thi-thu-tot-nghiep-thpt-mon-van-nam-2025-cua-ha-noi-37166.jpg?width=0&s=qo5zZ5uekxzUjYCFx0jHMg', 'content': 'Thanh Hùng\n\nĐề thi khảo sát chất lượng lớp 12 môn Văn do Sở GD-ĐT Hà Nội xây dựng với thời gian làm bài trong 120 phút như sau:\n\nBộ GD-ĐT cho biết đến 17h ngày 28/4 - hạn cuối đăng ký dự thi tốt nghiệp THPT năm 2025, tổng số thí sinh đăng ký dự thi là 1.165.289; tăng 93.894 lượt đăng ký so với năm ngoái (năm 2024, tổng số thí sinh đăng ký dự thi tốt nghiệp THPT là 1.071.395).\n\nTrong đó, thí sinh lớp 12 theo Chương trình Giáo dục phổ thông 2018 là 1.122.507 (chiếm 96,33%); thí sinh tự do là 42.782 (chiếm 3,67%).\n\nKỳ thi tốt nghiệp THPT năm 2025diễn ra trong 2 ngày 26/6 và 27/6.\n\nKể từ năm 2025, các thí sinh theo học Chương trình phổ thông 2018 dự thi tốt nghiệp THPT sẽ chỉ thi 4 môn, bao gồm 2 môn thi bắt buộc (Ngữ văn, Toán) và 2 môn lựa chọn (trong số các môn còn lại được học ở lớp 12 gồm: Ngoại ngữ, Lịch sử, Vật lý, Hóa học, Sinh học, Địa lý, Giáo dục kinh tế và pháp luật, Tin học, Công nghệ.\n\nMôn Ngữ văn sẽ thi theo hình thức tự luận với thời gian làm bài 120 phút. Đề thi gồm 2 phần Đọc hiểu (4 điểm) và Viết (6 điểm).\n\nCác môn còn lại sẽ thi theo hình thức trắc nghiệm, trong đó môn Toán có thời gian làm bài 90 phút, những môn còn lại có thời gian làm bài 50 phút.', 'bullet_summary': 'Không có tóm tắt dạng bullet points', 'url': 'https://vietnamnet.vn/de-thi-thu-tot-nghiep-thpt-nam-2025-mon-van-tham-khao-2401282.html', 'category': 'giao-duc', 'crawled_at': '2025-05-16T09:45:09.276531', '_id': '2401282'}}, {'index': 10, 'code': 11000, 'errmsg': 'E11000 duplicate key error collection: News.giao-duc index: _id_ dup key: { _id: "2401538" }', 'keyPattern': {'_id': 1}, 'keyValue': {'_id': '2401538'}, 'op': {'title': 'Bộ GD-ĐT sửa quy định trả lương dạy thêm giờ cho giáo viên', 'author': 'Không có thông tin tác giả', 'publish_date': '2025-05-15T19:39:18.000 +07:00', 'views': None, 'tags': [], 'description': 'Bộ GD-ĐT vừa công bố dự thảo thông tư quy định chế độ trả lương dạy thêm giờ đối với nhà giáo trong các cơ sở giáo dục công lập để lấy ý kiến góp ý.', 'main_image': 'https://static-images.vnncdn.net/vps_images_publish/000001/000003/2025/5/15/bo-gd-dt-sua-quy-dinh-tra-luong-day-them-gio-cho-giao-vien-94339.jpg?width=0&s=sc2PNGUzcZ_MtPJERULtzQ', 'content': 'Thanh Hùng\n\nDự thảo thông tư này nếu được thông qua sẽ thay thế Thông tư liên tịch số 07/2013/TTLT-BGDĐT-BNV-BTC (Thông tư liên tịch số 07) hiện hành, nhằm khắc phục những khó khăn, vướng mắc trong việc thực hiện các chế độ trả lương dạy thêm giờ đối với nhà giáo trong các cơ sở giáo dục công lập thời gian qua.\n\nMột trong những điểm mới đáng chú ý là việc điều chỉnh điều kiện chi trả chế độ thêm giờ. Dự thảo thông tư bỏ quy định về điều kiện chi trả chế độ thêm giờ cho nhà giáo tại khoản 6 Điều 3 Thông tư liên tịch số 07, thay vào đó chỉ quy định tổng số giờ dạy tối đa trong một năm học mà mỗi cơ sở giáo dục được chi trả tiền lương dạy thêm giờ.\n\nĐồng thời, dự thảo bổ sung quy định tổng số giờ dạy thêm trong một năm học của tất cả nhà giáo không được cao hơn tổng số giờ dạy thêm giờ tối đa trong một năm học của cơ sở giáo dục; trường hợp môn học không thể bố trí đủ người giảng dạy, nhà giáo phải dạy vượt quá số giờ tối đa được thanh toán, thì người đứng đầu cơ sở giáo dục báo cáo cơ quan quản lý có thẩm quyền để thực hiện chi trả tiền lương dạy thêm giờ đối với nhà giáo đó.\n\nTheo Bộ GD-ĐT, quy định này nhằm tháo gỡ vướng mắc của các cơ sở giáo dục, đồng thời bảo đảm việc nhà giáo được hưởng chế độ làm thêm giờ theo quy định của Luật Viên chức và Bộ luật Lao động.\n\nBên cạnh đó, căn cứ quy định này, hiệu trưởng nhà trường phải phân công nhiệm vụ cho giáo viên phù hợp, đảm bảo công bằng, hạn chế tối đa tình trạng trong một cơ sở giáo dục vừa có giáo viên dạy vượt giờ, vừa có giáo viên dạy thiếu giờ.\n\nMột điểm mới khác là điều chỉnh tổng số giờ dạy thêm trong một năm học đối với nhà giáo được chi trả tiền lương dạy thêm giờ. Thông tư liên tịch số 07 quy định tổng số giờ dạy thêm được tính trả tiền lương dạy thêm giờ trong một năm học không quá số giờ làm thêm theo quy định của pháp luật. Tuy nhiên, với dự thảo thông tư mới, quy định chi tiết tổng số giờ được chi trả tiền lương dạy thêm giờ như sau: (1) đối với giáo viên mầm non không quá số giờ làm thêm theo quy định của pháp luật; (2) đối với nhà giáo khác không quá 150 giờ dạy.\n\nBộ GD-ĐT cho hay, quy định này bảo đảm phù hợp với đặc thù về hoạt động nghề nghiệp của nhà giáo. Để có 1 giờ dạy trực tiếp trên lớp, nhà giáo phải có thời gian chuẩn bị trước và thời gian sau giờ giảng để đánh giá, xếp loại người học. Quy định này cũng nhằm bảo đảm nhà giáo không phải làm việc quá tải, có thời gian nghỉ ngơi tái tạo sức lao động.\n\nĐiểm mới thứ ba là quy định rõ trách nhiệm chi trả tiền dạy thêm giờ đối với nhà giáo dạy liên trường hoặc biệt phái. Theo dự thảo thông tư mới: Giáo viên được cử biệt phái sẽ do cơ sở giáo dục tiếp nhận chi trả tiền dạy thêm giờ; Giáo viên dạy liên trường sẽ do cơ sở giáo dục nơi họ đến dạy chi trả; Trường hợp giáo viên dạy liên trường tại từ 3 cơ sở trở lên (kể cả nơi công tác chính), thì các cơ sở nơi giáo viên đến dạy sẽ cùng chi trả tiền dạy thêm giờ, trên cơ sở chia đều số giờ dạy.\n\nDự thảo mới bổ sung quy định những nhiệm vụ đã được trả thù lao bằng tiền hoặc phụ cấp thì không được quy đổi ra giờ dạy hoặc giảm định mức tiết dạy để tính tiền lương dạy thêm giờ trừ trường hợp pháp luật có quy định khác. Việc này theo Bộ GD-ĐT nhằm bảo đảm thống nhất, đồng bộ với các quy định khác về chế độ làm việc của giáo viên, giảng viên.\n\nDự thảo cũng quy định về thời điểm chi trả chế độ tiền lương dạy thêm giờ đối với nhà giáo. Theo đó, cơ sở giáo dục mầm non, phổ thông, thường xuyên, dự bị đại học, trường chuyên biệt và cơ sở giáo dục nghề nghiệp chi trả khoản này khi kết thúc năm học.\n\nTheo dự thảo mới, các cơ sở giáo dục đại học, cao đẳng; cơ sở đào tạo, bồi dưỡng của Bộ, cơ quan ngang Bộ, cơ quan thuộc Chính phủ; Trường Chính trị tỉnh, thành phố trực thuộc Trung ương căn cứ vào thông tư này và điều kiện thực tế để quy định mức trả lương dạy thêm giờ cho nhà giáo thuộc thẩm quyền quản lý, không thấp hơn mức quy định tại thông tư.\n\nNgoài ra, dự thảo bổ sung quy định về việc chi trả tiền lương dạy thêm giờ cho nhà giáo công tác không đủ 1 năm học. Những nhà giáo do nghỉ hưu, nghỉ ốm đau, thai sản vượt quá quy định của pháp luật, nghỉ việc không lương hoặc các trường hợp nghỉ khác không trực tiếp tham gia giảng dạy thì được hưởng tiền lương dạy thêm giờ đối với thời gian thực tế công tác.', 'bullet_summary': 'Không có tóm tắt dạng bullet points', 'url': 'https://vietnamnet.vn/bo-gd-dt-sua-quy-dinh-tra-luong-day-them-gio-cua-giao-vien-2401538.html', 'category': 'giao-duc', 'crawled_at': '2025-05-16T09:45:15.074101', '_id': '2401538'}}, {'index': 11, 'code': 11000, 'errmsg': 'E11000 duplicate key error collection: News.giao-duc index: _id_ dup key: { _id: "2401718" }', 'keyPattern': {'_id': 1}, 'keyValue': {'_id': '2401718'}, 'op': {'title': 'Hơn 1 triệu học sinh chọn cùng nhóm nghề, hot nhất ô tô, công nghệ thông tin', 'author': 'Không có thông tin tác giả', 'publish_date': '2025-05-16T13:01:31.000 +07:00', 'views': None, 'tags': [], 'description': 'Trong số 2,43 triệu học sinh chọn học nghề năm 2024 chủ yếu tập trung vào ngành công nghệ ô tô, công nghệ điện, công nghệ thông tin.', 'main_image': 'https://static-images.vnncdn.net/vps_images_publish/000001/000003/2025/5/16/hon-1-trieu-hoc-sinh-chon-cung-nhom-nghe-hot-nhat-o-to-cong-nghe-thong-tin-61283.jpg?width=0&s=-wqCM7Hkror-vlcV23HjYg', 'content': 'Thúy Nga\n\nTại hội nghị tuyển sinh giáo dục nghề nghiệp, giáo dục thường xuyên diễn ra ngày 16/5, Bộ GD-ĐT cho biết, tính đến 12/2024, cả nước có 1.886 cơ sở giáo dục nghề nghiệp, gồm 399 trường cao đẳng, 429 trường trung cấp.\n\nNăm 2024, khối trường này tuyển sinh được 2,43 triệu người, trong đó tuyển sinh cao đẳng, trung cấp là 430.000 người. Nhóm ngành Kỹ thuật - công nghệ được người học lựa chọn nhiều nhất - chiếm 46%, đặc biệt tập trung vào các ngành công nghệ ô tô, công nghệ điện, công nghệ thông tin.\n\nNhóm ngành Nông lâm nghiệp và thuỷ sản chiếm 12%, tăng 4% so với năm 2023 nhờ đẩy mạnh đào tạo nông nghiệp công nghệ cao.\n\nNhóm ngành Y dược, chăm sóc sức khỏe chiếm 10%, có xu hướng tăng do già hóa dân số và nhu cầu chăm sóc sức khỏe cộng đồng.\n\nBộ GD-ĐT đánh giá các ngành, nghề có kết quả tuyển sinh cao tập trung chủ yếu vào các lĩnh vực ngành, nghề phổ biến, có nhu cầu sử dụng lao động cao trong xã hội như: kỹ thuật công nghệ, công nghệ thông tin; du lịch, dịch vụ, nhà hàng, khách sạn... Trong những năm gần dây, các ngành nghề mới nổi, đào tạo xanh cũng được nhiều cơ sở giáo dục nghề nghiệp quan tâm, chuyển hướng đào tạo.\n\nBên cạnh những ngành, nghề tuyển sinh tốt còn có những ngành, nghề khó tuyển sinh, tập trung ở những lĩnh vực ngành, nghề học nặng nhọc, độc hại, nguy hiểm như: khai khoáng, mỏ, hầm lò; xử lý chất thải, môi trường,....\n\nBộ GD-ĐT cho hay trong thời gian qua, mặc dù nhận thức của người dân, người học về tầm quan trọng của giáo dục nghề nghiệp đã được nâng lên, nhưng tâm lý coi trọng bằng cấp và tư tưởng thích học đại học hơn học nghề, coi học nghề là con đường cuối cùng trong lựa chọn của học sinh vẫn còn nặng nề.\n\nCùng với việc tuyển sinh đại học với quy mô và số lượng lớn (luôn chiếm khoảng 50-70%% số lượng học sinh tốt nghiệp THPT hằng năm), phương thức tuyển sinh đại học đa dạng, dễ dàng cũng tạo ra nhiều khó khăn cho tuyển sinh cao đẳng, trung cấp, tạo ra áp lực cho cơ sở giáo dục nghề nghiệp trong công tác tuyển sinh.\n\nĐể đảm bảo ổn định hoạt động tuyển sinh, Bộ GD-ĐT đề nghị các cơ sở tăng cường tổ chức đào tạo chương trình chất lượng cao; quan tâm, chú trọng tuyển sinh những lĩnh vực ngành, nghề yêu cầu nguồn nhân lực công nghệ cao, công nghệ mới, công nghiệp phụ trợ đáp ứng yêu cầu hội nhập quốc tế.\n\nNgoài ra, các trường cần phối hợp với doanh nghiệp để việc tuyển sinh gắn với tuyển dụng và việc làm sau tốt nghiệp của người học.', 'bullet_summary': 'Không có tóm tắt dạng bullet points', 'url': 'https://vietnamnet.vn/hon-1-trieu-hoc-sinh-chon-cung-nhom-nghe-hot-nhat-o-to-cong-nghe-thong-tin-2401718.html', 'category': 'giao-duc', 'crawled_at': '2025-05-16T09:45:20.724450', '_id': '2401718'}}], 'writeConcernErrors': [], 'nInserted': 0, 'nUpserted': 0, 'nMatched': 0, 'nModified': 0, 'nRemoved': 0, 'upserted': []}
[2025-05-16T09:45:21.609+0000] {python.py:237} INFO - Done. Returned value was: None
[2025-05-16T09:45:21.610+0000] {taskinstance.py:441} INFO - ::group::Post task execution logs
[2025-05-16T09:45:21.618+0000] {taskinstance.py:1206} INFO - Marking task as SUCCESS. dag_id=vietnamnet_crawler_24h, task_id=crawl_giao-duc, run_id=scheduled__2025-05-16T09:00:00+00:00, execution_date=20250516T090000, start_date=20250516T094402, end_date=20250516T094521
[2025-05-16T09:45:21.683+0000] {local_task_job_runner.py:240} INFO - Task exited with return code 0
[2025-05-16T09:45:21.705+0000] {taskinstance.py:3503} INFO - 1 downstream tasks scheduled from follow-on schedule check
[2025-05-16T09:45:21.726+0000] {local_task_job_runner.py:222} INFO - ::endgroup::
[2025-05-16T09:49:27.420+0000] {local_task_job_runner.py:120} INFO - ::group::Pre task execution logs
[2025-05-16T09:49:27.443+0000] {taskinstance.py:2076} INFO - Dependencies all met for dep_context=non-requeueable deps ti=<TaskInstance: vietnamnet_crawler_24h.crawl_giao-duc scheduled__2025-05-16T09:00:00+00:00 [queued]>
[2025-05-16T09:49:27.451+0000] {taskinstance.py:2076} INFO - Dependencies all met for dep_context=requeueable deps ti=<TaskInstance: vietnamnet_crawler_24h.crawl_giao-duc scheduled__2025-05-16T09:00:00+00:00 [queued]>
[2025-05-16T09:49:27.451+0000] {taskinstance.py:2306} INFO - Starting attempt 1 of 2
[2025-05-16T09:49:27.466+0000] {taskinstance.py:2330} INFO - Executing <Task(PythonOperator): crawl_giao-duc> on 2025-05-16 09:00:00+00:00
[2025-05-16T09:49:27.475+0000] {warnings.py:112} WARNING - /home/***/.local/lib/python3.12/site-packages/***/task/task_runner/standard_task_runner.py:61: DeprecationWarning: This process (pid=829) is multi-threaded, use of fork() may lead to deadlocks in the child.
  pid = os.fork()

[2025-05-16T09:49:27.477+0000] {standard_task_runner.py:63} INFO - Started process 844 to run task
[2025-05-16T09:49:27.476+0000] {standard_task_runner.py:90} INFO - Running: ['***', 'tasks', 'run', 'vietnamnet_crawler_24h', 'crawl_giao-duc', 'scheduled__2025-05-16T09:00:00+00:00', '--job-id', '7', '--raw', '--subdir', 'DAGS_FOLDER/dags.py', '--cfg-path', '/tmp/tmpc9fjz8_1']
[2025-05-16T09:49:27.478+0000] {standard_task_runner.py:91} INFO - Job 7: Subtask crawl_giao-duc
[2025-05-16T09:49:27.524+0000] {task_command.py:426} INFO - Running <TaskInstance: vietnamnet_crawler_24h.crawl_giao-duc scheduled__2025-05-16T09:00:00+00:00 [running]> on host 71b827885e5f
[2025-05-16T09:49:27.608+0000] {taskinstance.py:2648} INFO - Exporting env vars: AIRFLOW_CTX_DAG_OWNER='***' AIRFLOW_CTX_DAG_ID='vietnamnet_crawler_24h' AIRFLOW_CTX_TASK_ID='crawl_giao-duc' AIRFLOW_CTX_EXECUTION_DATE='2025-05-16T09:00:00+00:00' AIRFLOW_CTX_TRY_NUMBER='1' AIRFLOW_CTX_DAG_RUN_ID='scheduled__2025-05-16T09:00:00+00:00'
[2025-05-16T09:49:27.609+0000] {taskinstance.py:430} INFO - ::endgroup::
[2025-05-16T09:49:27.792+0000] {crawler.py:54} INFO - Đã kết nối thành công với MongoDB: News
[2025-05-16T09:49:28.453+0000] {logging_mixin.py:188} INFO - [INIT].... → Crawl4AI 0.6.2
[2025-05-16T09:49:31.737+0000] {logging_mixin.py:188} INFO - [FETCH]... ↓ https://vietnamnet.vn/tin-tuc-24h?bydaterang=&cate=000006                                            | 
[2025-05-16T09:49:31.738+0000] {logging_mixin.py:188} INFO - ✓
[2025-05-16T09:49:31.740+0000] {logging_mixin.py:188} INFO -  | ⏱: 3.20s
[2025-05-16T09:49:31.999+0000] {logging_mixin.py:188} INFO - [SCRAPE].. ◆ https://vietnamnet.vn/tin-tuc-24h?bydaterang=&cate=000006                                            | 
[2025-05-16T09:49:31.999+0000] {logging_mixin.py:188} INFO - ✓
[2025-05-16T09:49:32.000+0000] {logging_mixin.py:188} INFO -  | ⏱: 0.26s
[2025-05-16T09:49:32.002+0000] {logging_mixin.py:188} INFO - [COMPLETE] ● https://vietnamnet.vn/tin-tuc-24h?bydaterang=&cate=000006                                            | 
[2025-05-16T09:49:32.003+0000] {logging_mixin.py:188} INFO - ✓
[2025-05-16T09:49:32.003+0000] {logging_mixin.py:188} INFO -  | ⏱: 3.46s
[2025-05-16T09:49:32.090+0000] {crawler.py:84} INFO - Tìm thấy 25 link bài viết cho danh mục giao-duc
[2025-05-16T09:49:34.360+0000] {crawler.py:110} INFO - Đã lọc: 25 URLs ban đầu -> 0 URLs mới
[2025-05-16T09:49:34.361+0000] {crawler.py:231} INFO - Không có bài viết mới nào trong danh mục giao-duc cần crawl.
[2025-05-16T09:49:34.361+0000] {crawler.py:271} INFO - Không có bài viết để lưu vào collection 'giao-duc'
[2025-05-16T09:49:34.429+0000] {python.py:237} INFO - Done. Returned value was: None
[2025-05-16T09:49:34.430+0000] {taskinstance.py:441} INFO - ::group::Post task execution logs
[2025-05-16T09:49:34.439+0000] {taskinstance.py:1206} INFO - Marking task as SUCCESS. dag_id=vietnamnet_crawler_24h, task_id=crawl_giao-duc, run_id=scheduled__2025-05-16T09:00:00+00:00, execution_date=20250516T090000, start_date=20250516T094927, end_date=20250516T094934
[2025-05-16T09:49:34.475+0000] {local_task_job_runner.py:240} INFO - Task exited with return code 0
[2025-05-16T09:49:34.503+0000] {taskinstance.py:3503} INFO - 0 downstream tasks scheduled from follow-on schedule check
[2025-05-16T09:49:34.506+0000] {local_task_job_runner.py:222} INFO - ::endgroup::
