[2025-05-18T01:18:18.857+0000] {local_task_job_runner.py:120} INFO - ::group::Pre task execution logs
[2025-05-18T01:18:18.903+0000] {taskinstance.py:2076} INFO - Dependencies all met for dep_context=non-requeueable deps ti=<TaskInstance: vietnamnet_crawler_24h.crawl_cong-nghe manual__2025-05-18T01:17:35.027615+00:00 [queued]>
[2025-05-18T01:18:18.919+0000] {taskinstance.py:2076} INFO - Dependencies all met for dep_context=requeueable deps ti=<TaskInstance: vietnamnet_crawler_24h.crawl_cong-nghe manual__2025-05-18T01:17:35.027615+00:00 [queued]>
[2025-05-18T01:18:18.921+0000] {taskinstance.py:2306} INFO - Starting attempt 1 of 2
[2025-05-18T01:18:18.953+0000] {taskinstance.py:2330} INFO - Executing <Task(PythonOperator): crawl_cong-nghe> on 2025-05-18 01:17:35.027615+00:00
[2025-05-18T01:18:18.963+0000] {warnings.py:112} WARNING - /home/***/.local/lib/python3.12/site-packages/***/task/task_runner/standard_task_runner.py:61: DeprecationWarning: This process (pid=1394) is multi-threaded, use of fork() may lead to deadlocks in the child.
  pid = os.fork()

[2025-05-18T01:18:18.966+0000] {standard_task_runner.py:63} INFO - Started process 1395 to run task
[2025-05-18T01:18:18.967+0000] {standard_task_runner.py:90} INFO - Running: ['***', 'tasks', 'run', 'vietnamnet_crawler_24h', 'crawl_cong-nghe', 'manual__2025-05-18T01:17:35.027615+00:00', '--job-id', '13', '--raw', '--subdir', 'DAGS_FOLDER/dags.py', '--cfg-path', '/tmp/tmp51ap9_jr']
[2025-05-18T01:18:18.971+0000] {standard_task_runner.py:91} INFO - Job 13: Subtask crawl_cong-nghe
[2025-05-18T01:18:19.048+0000] {task_command.py:426} INFO - Running <TaskInstance: vietnamnet_crawler_24h.crawl_cong-nghe manual__2025-05-18T01:17:35.027615+00:00 [running]> on host fa0f5fb7e7ff
[2025-05-18T01:18:19.190+0000] {taskinstance.py:2648} INFO - Exporting env vars: AIRFLOW_CTX_DAG_OWNER='***' AIRFLOW_CTX_DAG_ID='vietnamnet_crawler_24h' AIRFLOW_CTX_TASK_ID='crawl_cong-nghe' AIRFLOW_CTX_EXECUTION_DATE='2025-05-18T01:17:35.027615+00:00' AIRFLOW_CTX_TRY_NUMBER='1' AIRFLOW_CTX_DAG_RUN_ID='manual__2025-05-18T01:17:35.027615+00:00'
[2025-05-18T01:18:19.192+0000] {taskinstance.py:430} INFO - ::endgroup::
[2025-05-18T01:18:19.714+0000] {crawler.py:55} INFO - Đã kết nối thành công với MongoDB: News
[2025-05-18T01:18:22.542+0000] {logging_mixin.py:188} INFO - [INIT].... → Crawl4AI 0.6.3
[2025-05-18T01:18:30.832+0000] {logging_mixin.py:188} INFO - [FETCH]... ↓ https://vietnamnet.vn/tin-tuc-24h?bydaterang=&cate=00MK8V          
| ✓ | ⏱: 8.76s
[2025-05-18T01:18:31.223+0000] {logging_mixin.py:188} INFO - [SCRAPE].. ◆ https://vietnamnet.vn/tin-tuc-24h?bydaterang=&cate=00MK8V          
| ✓ | ⏱: 0.39s
[2025-05-18T01:18:31.227+0000] {logging_mixin.py:188} INFO - [COMPLETE] ● https://vietnamnet.vn/tin-tuc-24h?bydaterang=&cate=00MK8V          
| ✓ | ⏱: 9.16s
[2025-05-18T01:18:31.341+0000] {crawler.py:85} INFO - Tìm thấy 25 link bài viết cho danh mục cong-nghe
[2025-05-18T01:18:32.046+0000] {crawler.py:110} INFO - Đã lọc: 25 URLs ban đầu -> 0 URLs sau xử lý live
[2025-05-18T01:18:32.047+0000] {crawler.py:252} INFO - Không có bài viết mới nào trong danh mục cong-nghe cần crawl.
[2025-05-18T01:18:32.123+0000] {crawler.py:294} INFO - Không có bài viết để lưu vào collection 'cong-nghe'
[2025-05-18T01:18:32.188+0000] {python.py:237} INFO - Done. Returned value was: None
[2025-05-18T01:18:32.191+0000] {taskinstance.py:441} INFO - ::group::Post task execution logs
[2025-05-18T01:18:32.205+0000] {taskinstance.py:1206} INFO - Marking task as SUCCESS. dag_id=vietnamnet_crawler_24h, task_id=crawl_cong-nghe, run_id=manual__2025-05-18T01:17:35.027615+00:00, execution_date=20250518T011735, start_date=20250518T011818, end_date=20250518T011832
[2025-05-18T01:18:32.267+0000] {local_task_job_runner.py:240} INFO - Task exited with return code 0
[2025-05-18T01:18:32.302+0000] {taskinstance.py:3503} INFO - 1 downstream tasks scheduled from follow-on schedule check
[2025-05-18T01:18:32.306+0000] {local_task_job_runner.py:222} INFO - ::endgroup::
