[2025-05-18T11:09:21.479+0000] {local_task_job_runner.py:120} INFO - ::group::Pre task execution logs
[2025-05-18T11:09:21.497+0000] {taskinstance.py:2076} INFO - Dependencies all met for dep_context=non-requeueable deps ti=<TaskInstance: vietnamnet_crawler_24h.crawl_cong-nghe manual__2025-05-18T11:09:19.316219+00:00 [queued]>
[2025-05-18T11:09:21.505+0000] {taskinstance.py:2076} INFO - Dependencies all met for dep_context=requeueable deps ti=<TaskInstance: vietnamnet_crawler_24h.crawl_cong-nghe manual__2025-05-18T11:09:19.316219+00:00 [queued]>
[2025-05-18T11:09:21.505+0000] {taskinstance.py:2306} INFO - Starting attempt 1 of 2
[2025-05-18T11:09:21.519+0000] {taskinstance.py:2330} INFO - Executing <Task(PythonOperator): crawl_cong-nghe> on 2025-05-18 11:09:19.316219+00:00
[2025-05-18T11:09:21.524+0000] {warnings.py:112} WARNING - /home/***/.local/lib/python3.12/site-packages/***/task/task_runner/standard_task_runner.py:61: DeprecationWarning: This process (pid=32447) is multi-threaded, use of fork() may lead to deadlocks in the child.
  pid = os.fork()

[2025-05-18T11:09:21.526+0000] {standard_task_runner.py:63} INFO - Started process 32448 to run task
[2025-05-18T11:09:21.526+0000] {standard_task_runner.py:90} INFO - Running: ['***', 'tasks', 'run', 'vietnamnet_crawler_24h', 'crawl_cong-nghe', 'manual__2025-05-18T11:09:19.316219+00:00', '--job-id', '21', '--raw', '--subdir', 'DAGS_FOLDER/dags.py', '--cfg-path', '/tmp/tmpu9ze1oxs']
[2025-05-18T11:09:21.529+0000] {standard_task_runner.py:91} INFO - Job 21: Subtask crawl_cong-nghe
[2025-05-18T11:09:21.569+0000] {task_command.py:426} INFO - Running <TaskInstance: vietnamnet_crawler_24h.crawl_cong-nghe manual__2025-05-18T11:09:19.316219+00:00 [running]> on host cc92a118fd3e
[2025-05-18T11:09:21.648+0000] {taskinstance.py:2648} INFO - Exporting env vars: AIRFLOW_CTX_DAG_OWNER='***' AIRFLOW_CTX_DAG_ID='vietnamnet_crawler_24h' AIRFLOW_CTX_TASK_ID='crawl_cong-nghe' AIRFLOW_CTX_EXECUTION_DATE='2025-05-18T11:09:19.316219+00:00' AIRFLOW_CTX_TRY_NUMBER='1' AIRFLOW_CTX_DAG_RUN_ID='manual__2025-05-18T11:09:19.316219+00:00'
[2025-05-18T11:09:21.649+0000] {taskinstance.py:430} INFO - ::endgroup::
[2025-05-18T11:09:21.989+0000] {crawler.py:55} INFO - Đã kết nối thành công với MongoDB: News
[2025-05-18T11:09:22.566+0000] {logging_mixin.py:188} INFO - [INIT].... → Crawl4AI 0.6.3
[2025-05-18T11:09:24.764+0000] {logging_mixin.py:188} INFO - [FETCH]... ↓ https://vietnamnet.vn/tin-tuc-24h?bydaterang=&cate=00MK8V          
| ✓ | ⏱: 2.13s
[2025-05-18T11:09:24.944+0000] {logging_mixin.py:188} INFO - [SCRAPE].. ◆ https://vietnamnet.vn/tin-tuc-24h?bydaterang=&cate=00MK8V          
| ✓ | ⏱: 0.18s
[2025-05-18T11:09:24.946+0000] {logging_mixin.py:188} INFO - [COMPLETE] ● https://vietnamnet.vn/tin-tuc-24h?bydaterang=&cate=00MK8V          
| ✓ | ⏱: 2.32s
[2025-05-18T11:09:25.166+0000] {crawler.py:85} INFO - Tìm thấy 25 link bài viết cho danh mục cong-nghe
[2025-05-18T11:09:25.747+0000] {crawler.py:110} INFO - Đã lọc: 25 URLs ban đầu -> 0 URLs sau xử lý live
[2025-05-18T11:09:25.747+0000] {crawler.py:252} INFO - Không có bài viết mới nào trong danh mục cong-nghe cần crawl.
[2025-05-18T11:09:25.812+0000] {crawler.py:294} INFO - Không có bài viết để lưu vào collection 'cong-nghe'
[2025-05-18T11:09:25.873+0000] {python.py:237} INFO - Done. Returned value was: None
[2025-05-18T11:09:25.874+0000] {taskinstance.py:441} INFO - ::group::Post task execution logs
[2025-05-18T11:09:25.882+0000] {taskinstance.py:1206} INFO - Marking task as SUCCESS. dag_id=vietnamnet_crawler_24h, task_id=crawl_cong-nghe, run_id=manual__2025-05-18T11:09:19.316219+00:00, execution_date=20250518T110919, start_date=20250518T110921, end_date=20250518T110925
[2025-05-18T11:09:25.917+0000] {local_task_job_runner.py:240} INFO - Task exited with return code 0
[2025-05-18T11:09:25.940+0000] {taskinstance.py:3503} INFO - 1 downstream tasks scheduled from follow-on schedule check
[2025-05-18T11:09:25.943+0000] {local_task_job_runner.py:222} INFO - ::endgroup::
