[2025-05-16T17:42:43.654+0000] {local_task_job_runner.py:120} INFO - ::group::Pre task execution logs
[2025-05-16T17:42:43.677+0000] {taskinstance.py:2076} INFO - Dependencies all met for dep_context=non-requeueable deps ti=<TaskInstance: vietnamnet_crawler_24h.crawl_cong-nghe manual__2025-05-16T17:41:55.982804+00:00 [queued]>
[2025-05-16T17:42:43.685+0000] {taskinstance.py:2076} INFO - Dependencies all met for dep_context=requeueable deps ti=<TaskInstance: vietnamnet_crawler_24h.crawl_cong-nghe manual__2025-05-16T17:41:55.982804+00:00 [queued]>
[2025-05-16T17:42:43.685+0000] {taskinstance.py:2306} INFO - Starting attempt 1 of 2
[2025-05-16T17:42:43.698+0000] {taskinstance.py:2330} INFO - Executing <Task(PythonOperator): crawl_cong-nghe> on 2025-05-16 17:41:55.982804+00:00
[2025-05-16T17:42:43.704+0000] {warnings.py:112} WARNING - /home/***/.local/lib/python3.12/site-packages/***/task/task_runner/standard_task_runner.py:61: DeprecationWarning: This process (pid=1384) is multi-threaded, use of fork() may lead to deadlocks in the child.
  pid = os.fork()

[2025-05-16T17:42:43.705+0000] {standard_task_runner.py:63} INFO - Started process 1385 to run task
[2025-05-16T17:42:43.705+0000] {standard_task_runner.py:90} INFO - Running: ['***', 'tasks', 'run', 'vietnamnet_crawler_24h', 'crawl_cong-nghe', 'manual__2025-05-16T17:41:55.982804+00:00', '--job-id', '141', '--raw', '--subdir', 'DAGS_FOLDER/dags.py', '--cfg-path', '/tmp/tmp4ix1s50b']
[2025-05-16T17:42:43.707+0000] {standard_task_runner.py:91} INFO - Job 141: Subtask crawl_cong-nghe
[2025-05-16T17:42:43.745+0000] {task_command.py:426} INFO - Running <TaskInstance: vietnamnet_crawler_24h.crawl_cong-nghe manual__2025-05-16T17:41:55.982804+00:00 [running]> on host 60d771d880eb
[2025-05-16T17:42:43.824+0000] {taskinstance.py:2648} INFO - Exporting env vars: AIRFLOW_CTX_DAG_OWNER='***' AIRFLOW_CTX_DAG_ID='vietnamnet_crawler_24h' AIRFLOW_CTX_TASK_ID='crawl_cong-nghe' AIRFLOW_CTX_EXECUTION_DATE='2025-05-16T17:41:55.982804+00:00' AIRFLOW_CTX_TRY_NUMBER='1' AIRFLOW_CTX_DAG_RUN_ID='manual__2025-05-16T17:41:55.982804+00:00'
[2025-05-16T17:42:43.825+0000] {taskinstance.py:430} INFO - ::endgroup::
[2025-05-16T17:42:43.982+0000] {crawler.py:55} INFO - Đã kết nối thành công với MongoDB: News
[2025-05-16T17:42:44.532+0000] {logging_mixin.py:188} INFO - [INIT].... → Crawl4AI 0.6.2
[2025-05-16T17:42:46.974+0000] {logging_mixin.py:188} INFO - [FETCH]... ↓ https://vietnamnet.vn/tin-tuc-24h?bydaterang=&cate=00MK8V                                            | 
[2025-05-16T17:42:46.975+0000] {logging_mixin.py:188} INFO - ✓
[2025-05-16T17:42:46.975+0000] {logging_mixin.py:188} INFO -  | ⏱: 2.39s
[2025-05-16T17:42:47.141+0000] {logging_mixin.py:188} INFO - [SCRAPE].. ◆ https://vietnamnet.vn/tin-tuc-24h?bydaterang=&cate=00MK8V                                            | 
[2025-05-16T17:42:47.142+0000] {logging_mixin.py:188} INFO - ✓
[2025-05-16T17:42:47.142+0000] {logging_mixin.py:188} INFO -  | ⏱: 0.17s
[2025-05-16T17:42:47.144+0000] {logging_mixin.py:188} INFO - [COMPLETE] ● https://vietnamnet.vn/tin-tuc-24h?bydaterang=&cate=00MK8V                                            | 
[2025-05-16T17:42:47.144+0000] {logging_mixin.py:188} INFO - ✓
[2025-05-16T17:42:47.145+0000] {logging_mixin.py:188} INFO -  | ⏱: 2.56s
[2025-05-16T17:42:47.362+0000] {crawler.py:85} INFO - Tìm thấy 25 link bài viết cho danh mục cong-nghe
[2025-05-16T17:42:47.961+0000] {crawler.py:110} INFO - Đã lọc: 25 URLs ban đầu -> 0 URLs sau xử lý live
[2025-05-16T17:42:47.961+0000] {crawler.py:252} INFO - Không có bài viết mới nào trong danh mục cong-nghe cần crawl.
[2025-05-16T17:42:48.028+0000] {crawler.py:294} INFO - Không có bài viết để lưu vào collection 'cong-nghe'
[2025-05-16T17:42:48.089+0000] {python.py:237} INFO - Done. Returned value was: None
[2025-05-16T17:42:48.090+0000] {taskinstance.py:441} INFO - ::group::Post task execution logs
[2025-05-16T17:42:48.098+0000] {taskinstance.py:1206} INFO - Marking task as SUCCESS. dag_id=vietnamnet_crawler_24h, task_id=crawl_cong-nghe, run_id=manual__2025-05-16T17:41:55.982804+00:00, execution_date=20250516T174155, start_date=20250516T174243, end_date=20250516T174248
[2025-05-16T17:42:48.137+0000] {local_task_job_runner.py:240} INFO - Task exited with return code 0
[2025-05-16T17:42:48.158+0000] {taskinstance.py:3503} INFO - 1 downstream tasks scheduled from follow-on schedule check
[2025-05-16T17:42:48.160+0000] {local_task_job_runner.py:222} INFO - ::endgroup::
