[2025-06-22T00:00:07.812+0000] {local_task_job_runner.py:120} INFO - ::group::Pre task execution logs
[2025-06-22T00:00:07.834+0000] {taskinstance.py:2076} INFO - Dependencies all met for dep_context=non-requeueable deps ti=<TaskInstance: deepai_crawler_10min.crawl_hardware scheduled__2025-06-21T23:50:00+00:00 [queued]>
[2025-06-22T00:00:07.846+0000] {taskinstance.py:2076} INFO - Dependencies all met for dep_context=requeueable deps ti=<TaskInstance: deepai_crawler_10min.crawl_hardware scheduled__2025-06-21T23:50:00+00:00 [queued]>
[2025-06-22T00:00:07.847+0000] {taskinstance.py:2306} INFO - Starting attempt 1 of 3
[2025-06-22T00:00:07.868+0000] {taskinstance.py:2330} INFO - Executing <Task(PythonOperator): crawl_hardware> on 2025-06-21 23:50:00+00:00
[2025-06-22T00:00:07.884+0000] {warnings.py:112} WARNING - /home/***/.local/lib/python3.12/site-packages/***/task/task_runner/standard_task_runner.py:61: DeprecationWarning: This process (pid=6036) is multi-threaded, use of fork() may lead to deadlocks in the child.
  pid = os.fork()

[2025-06-22T00:00:07.887+0000] {standard_task_runner.py:63} INFO - Started process 6056 to run task
[2025-06-22T00:00:07.888+0000] {standard_task_runner.py:90} INFO - Running: ['***', 'tasks', 'run', 'deepai_crawler_10min', 'crawl_hardware', 'scheduled__2025-06-21T23:50:00+00:00', '--job-id', '114', '--raw', '--subdir', 'DAGS_FOLDER/dags.py', '--cfg-path', '/tmp/tmp1zf72ly_']
[2025-06-22T00:00:07.892+0000] {standard_task_runner.py:91} INFO - Job 114: Subtask crawl_hardware
[2025-06-22T00:00:07.955+0000] {task_command.py:426} INFO - Running <TaskInstance: deepai_crawler_10min.crawl_hardware scheduled__2025-06-21T23:50:00+00:00 [running]> on host 5471b5a2dbbe
[2025-06-22T00:00:08.079+0000] {taskinstance.py:2648} INFO - Exporting env vars: AIRFLOW_CTX_DAG_OWNER='***' AIRFLOW_CTX_DAG_ID='deepai_crawler_10min' AIRFLOW_CTX_TASK_ID='crawl_hardware' AIRFLOW_CTX_EXECUTION_DATE='2025-06-21T23:50:00+00:00' AIRFLOW_CTX_TRY_NUMBER='1' AIRFLOW_CTX_DAG_RUN_ID='scheduled__2025-06-21T23:50:00+00:00'
[2025-06-22T00:00:08.081+0000] {taskinstance.py:430} INFO - ::endgroup::
[2025-06-22T00:00:08.101+0000] {dags.py:167} INFO - Bắt đầu crawl category: hardware
[2025-06-22T00:00:08.277+0000] {crawler_deeplai.py:49} INFO - Đã kết nối thành công với MongoDB: deeplearning_ai_news
[2025-06-22T00:00:08.316+0000] {crawler_deeplai.py:463} INFO - 🚀 Đang bắt đầu quá trình crawl với Load More...
[2025-06-22T00:00:09.108+0000] {logging_mixin.py:188} INFO - [INIT].... → Crawl4AI 0.6.3
[2025-06-22T00:00:09.109+0000] {crawler_deeplai.py:177} INFO - 🌐 Đang truy cập: https://www.deeplearning.ai/the-batch/tag/hardware/
[2025-06-22T00:00:09.110+0000] {crawler_deeplai.py:178} INFO - ⚙️ Cấu hình: max_articles=100, min_threshold=5, max_clicks=1
[2025-06-22T00:00:12.975+0000] {logging_mixin.py:188} INFO - [FETCH]... ↓ https://www.deeplearning.ai/the-batch/tag/hardware/                
| ✓ | ⏱: 3.86s
[2025-06-22T00:00:13.096+0000] {logging_mixin.py:188} INFO - [SCRAPE].. ◆ https://www.deeplearning.ai/the-batch/tag/hardware/                
| ✓ | ⏱: 0.12s
[2025-06-22T00:00:13.099+0000] {logging_mixin.py:188} INFO - [COMPLETE] ● https://www.deeplearning.ai/the-batch/tag/hardware/                
| ✓ | ⏱: 3.99s
[2025-06-22T00:00:13.101+0000] {crawler_deeplai.py:182} INFO - 📋 JavaScript execution result: {'success': True, 'results': [{'success': True, 'result': {}}]}
[2025-06-22T00:00:13.184+0000] {crawler_deeplai.py:202} INFO - 🎯 Tổng cộng tìm thấy 30 link bài viết unique
[2025-06-22T00:00:13.185+0000] {crawler_deeplai.py:206} INFO - 🔍 Một vài URL đầu tiên:
[2025-06-22T00:00:13.186+0000] {crawler_deeplai.py:208} INFO -   1. https://www.deeplearning.ai/the-batch/ai-creates-an-interactive-minecraft-like-world-in-real-time/
[2025-06-22T00:00:13.187+0000] {crawler_deeplai.py:208} INFO -   2. https://www.deeplearning.ai/the-batch/ai-electricity-demands-spur-an-expansion-of-power-sources/
[2025-06-22T00:00:13.187+0000] {crawler_deeplai.py:208} INFO -   3. https://www.deeplearning.ai/the-batch/all-about-nvidia-gpu-shortage/
[2025-06-22T00:00:13.188+0000] {crawler_deeplai.py:208} INFO -   4. https://www.deeplearning.ai/the-batch/all-about-nvidias-new-blackwell-architecture-and-b200-gpu/
[2025-06-22T00:00:13.188+0000] {crawler_deeplai.py:208} INFO -   5. https://www.deeplearning.ai/the-batch/amazon-google-and-microsoft-bet-on-nuclear-power-to-meet-ai-energy-demands/
[2025-06-22T00:00:13.189+0000] {crawler_deeplai.py:212} INFO - 📊 Sẽ crawl 30 bài viết
[2025-06-22T00:00:13.941+0000] {crawler_deeplai.py:456} INFO - Đã lọc: 30 URLs ban đầu -> 0 URLs mới
[2025-06-22T00:00:13.942+0000] {crawler_deeplai.py:474} INFO - ℹ️ Không có bài viết mới nào trong danh mục hardware cần crawl.
[2025-06-22T00:00:13.943+0000] {crawler_deeplai.py:531} INFO - ℹ️ Không có bài viết để lưu vào collection 'hardware'
[2025-06-22T00:00:13.997+0000] {dags.py:172} INFO - Hoàn thành crawl category: hardware
[2025-06-22T00:00:13.998+0000] {python.py:237} INFO - Done. Returned value was: None
[2025-06-22T00:00:13.999+0000] {taskinstance.py:441} INFO - ::group::Post task execution logs
[2025-06-22T00:00:14.017+0000] {taskinstance.py:1206} INFO - Marking task as SUCCESS. dag_id=deepai_crawler_10min, task_id=crawl_hardware, run_id=scheduled__2025-06-21T23:50:00+00:00, execution_date=20250621T235000, start_date=20250622T000007, end_date=20250622T000014
[2025-06-22T00:00:14.113+0000] {local_task_job_runner.py:240} INFO - Task exited with return code 0
[2025-06-22T00:00:14.166+0000] {taskinstance.py:3503} INFO - 1 downstream tasks scheduled from follow-on schedule check
[2025-06-22T00:00:14.176+0000] {local_task_job_runner.py:222} INFO - ::endgroup::
