[2025-05-04T17:46:06.409+0000] {local_task_job_runner.py:120} INFO - ::group::Pre task execution logs
[2025-05-04T17:46:06.434+0000] {taskinstance.py:2076} INFO - Dependencies all met for dep_context=non-requeueable deps ti=<TaskInstance: vietnamnet_crawler_24h.clean_old_articles scheduled__2025-05-04T17:00:00+00:00 [queued]>
[2025-05-04T17:46:06.442+0000] {taskinstance.py:2076} INFO - Dependencies all met for dep_context=requeueable deps ti=<TaskInstance: vietnamnet_crawler_24h.clean_old_articles scheduled__2025-05-04T17:00:00+00:00 [queued]>
[2025-05-04T17:46:06.443+0000] {taskinstance.py:2306} INFO - Starting attempt 1 of 2
[2025-05-04T17:46:06.458+0000] {taskinstance.py:2330} INFO - Executing <Task(PythonOperator): clean_old_articles> on 2025-05-04 17:00:00+00:00
[2025-05-04T17:46:06.465+0000] {warnings.py:112} WARNING - /home/***/.local/lib/python3.12/site-packages/***/task/task_runner/standard_task_runner.py:61: DeprecationWarning: This process (pid=182) is multi-threaded, use of fork() may lead to deadlocks in the child.
  pid = os.fork()

[2025-05-04T17:46:06.467+0000] {standard_task_runner.py:63} INFO - Started process 183 to run task
[2025-05-04T17:46:06.466+0000] {standard_task_runner.py:90} INFO - Running: ['***', 'tasks', 'run', 'vietnamnet_crawler_24h', 'clean_old_articles', 'scheduled__2025-05-04T17:00:00+00:00', '--job-id', '3', '--raw', '--subdir', 'DAGS_FOLDER/dags.py', '--cfg-path', '/tmp/tmpvfnviza9']
[2025-05-04T17:46:06.469+0000] {standard_task_runner.py:91} INFO - Job 3: Subtask clean_old_articles
[2025-05-04T17:46:06.517+0000] {task_command.py:426} INFO - Running <TaskInstance: vietnamnet_crawler_24h.clean_old_articles scheduled__2025-05-04T17:00:00+00:00 [running]> on host 9f13ced5b14d
[2025-05-04T17:46:06.599+0000] {taskinstance.py:2648} INFO - Exporting env vars: AIRFLOW_CTX_DAG_OWNER='***' AIRFLOW_CTX_DAG_ID='vietnamnet_crawler_24h' AIRFLOW_CTX_TASK_ID='clean_old_articles' AIRFLOW_CTX_EXECUTION_DATE='2025-05-04T17:00:00+00:00' AIRFLOW_CTX_TRY_NUMBER='1' AIRFLOW_CTX_DAG_RUN_ID='scheduled__2025-05-04T17:00:00+00:00'
[2025-05-04T17:46:06.601+0000] {taskinstance.py:430} INFO - ::endgroup::
[2025-05-04T17:46:07.157+0000] {database_cleaner.py:33} INFO - Đã kết nối MongoDB: News
[2025-05-04T17:46:07.158+0000] {database_cleaner.py:102} INFO - Xóa các bài viết trước: 2025-04-04T00:46:07.158054+07:00
[2025-05-04T17:46:09.329+0000] {database_cleaner.py:117} INFO - 10 bài đã xóa từ 'cong-nghe'
[2025-05-04T17:46:10.007+0000] {database_cleaner.py:117} INFO - 20 bài đã xóa từ 'cong-nghe'
[2025-05-04T17:46:10.702+0000] {database_cleaner.py:117} INFO - 30 bài đã xóa từ 'cong-nghe'
[2025-05-04T17:46:11.355+0000] {database_cleaner.py:117} INFO - 40 bài đã xóa từ 'cong-nghe'
[2025-05-04T17:46:12.038+0000] {database_cleaner.py:117} INFO - 50 bài đã xóa từ 'cong-nghe'
[2025-05-04T17:46:12.689+0000] {database_cleaner.py:117} INFO - 60 bài đã xóa từ 'cong-nghe'
[2025-05-04T17:46:13.345+0000] {database_cleaner.py:117} INFO - 70 bài đã xóa từ 'cong-nghe'
[2025-05-04T17:46:13.459+0000] {database_cleaner.py:125} INFO - Collection 'cong-nghe': 72 bài bị xóa
[2025-05-04T17:46:14.043+0000] {database_cleaner.py:125} INFO - Collection 'the-gioi': 0 bài bị xóa
[2025-05-04T17:46:14.723+0000] {database_cleaner.py:125} INFO - Collection 'chinh-tri': 1 bài bị xóa
[2025-05-04T17:46:14.809+0000] {database_cleaner.py:125} INFO - Collection 'doi-song': 0 bài bị xóa
[2025-05-04T17:46:15.246+0000] {database_cleaner.py:125} INFO - Collection 'giao-duc': 0 bài bị xóa
[2025-05-04T17:46:15.311+0000] {database_cleaner.py:42} INFO - Đã đóng kết nối MongoDB
[2025-05-04T17:46:15.312+0000] {database_cleaner.py:142} INFO - Đã xóa tổng cộng 73 bài, còn lại 1818
[2025-05-04T17:46:15.313+0000] {python.py:237} INFO - Done. Returned value was: {'cong-nghe': {'total': 275, 'deleted': 72, 'remaining': 203}, 'the-gioi': {'total': 506, 'deleted': 0, 'remaining': 506}, 'chinh-tri': {'total': 678, 'deleted': 1, 'remaining': 677}, 'doi-song': {'total': 67, 'deleted': 0, 'remaining': 67}, 'giao-duc': {'total': 365, 'deleted': 0, 'remaining': 365}}
[2025-05-04T17:46:15.313+0000] {taskinstance.py:441} INFO - ::group::Post task execution logs
[2025-05-04T17:46:15.333+0000] {taskinstance.py:1206} INFO - Marking task as SUCCESS. dag_id=vietnamnet_crawler_24h, task_id=clean_old_articles, run_id=scheduled__2025-05-04T17:00:00+00:00, execution_date=20250504T170000, start_date=20250504T174606, end_date=20250504T174615
[2025-05-04T17:46:15.378+0000] {local_task_job_runner.py:240} INFO - Task exited with return code 0
[2025-05-04T17:46:15.404+0000] {taskinstance.py:3503} INFO - 1 downstream tasks scheduled from follow-on schedule check
[2025-05-04T17:46:15.406+0000] {local_task_job_runner.py:222} INFO - ::endgroup::
