[2025-05-17T20:56:42.114+0000] {local_task_job_runner.py:120} INFO - ::group::Pre task execution logs
[2025-05-17T20:56:42.136+0000] {taskinstance.py:2076} INFO - Dependencies all met for dep_context=non-requeueable deps ti=<TaskInstance: vietnamnet_crawler_24h.crawl_giao-duc manual__2025-05-17T20:56:28.356431+00:00 [queued]>
[2025-05-17T20:56:42.146+0000] {taskinstance.py:2076} INFO - Dependencies all met for dep_context=requeueable deps ti=<TaskInstance: vietnamnet_crawler_24h.crawl_giao-duc manual__2025-05-17T20:56:28.356431+00:00 [queued]>
[2025-05-17T20:56:42.146+0000] {taskinstance.py:2306} INFO - Starting attempt 1 of 2
[2025-05-17T20:56:42.160+0000] {taskinstance.py:2330} INFO - Executing <Task(PythonOperator): crawl_giao-duc> on 2025-05-17 20:56:28.356431+00:00
[2025-05-17T20:56:42.166+0000] {warnings.py:112} WARNING - /home/***/.local/lib/python3.12/site-packages/***/task/task_runner/standard_task_runner.py:61: DeprecationWarning: This process (pid=12037) is multi-threaded, use of fork() may lead to deadlocks in the child.
  pid = os.fork()

[2025-05-17T20:56:42.167+0000] {standard_task_runner.py:63} INFO - Started process 12049 to run task
[2025-05-17T20:56:42.168+0000] {standard_task_runner.py:90} INFO - Running: ['***', 'tasks', 'run', 'vietnamnet_crawler_24h', 'crawl_giao-duc', 'manual__2025-05-17T20:56:28.356431+00:00', '--job-id', '216', '--raw', '--subdir', 'DAGS_FOLDER/dags.py', '--cfg-path', '/tmp/tmpweu4q2ow']
[2025-05-17T20:56:42.170+0000] {standard_task_runner.py:91} INFO - Job 216: Subtask crawl_giao-duc
[2025-05-17T20:56:42.213+0000] {task_command.py:426} INFO - Running <TaskInstance: vietnamnet_crawler_24h.crawl_giao-duc manual__2025-05-17T20:56:28.356431+00:00 [running]> on host 60d771d880eb
[2025-05-17T20:56:42.302+0000] {taskinstance.py:2648} INFO - Exporting env vars: AIRFLOW_CTX_DAG_OWNER='***' AIRFLOW_CTX_DAG_ID='vietnamnet_crawler_24h' AIRFLOW_CTX_TASK_ID='crawl_giao-duc' AIRFLOW_CTX_EXECUTION_DATE='2025-05-17T20:56:28.356431+00:00' AIRFLOW_CTX_TRY_NUMBER='1' AIRFLOW_CTX_DAG_RUN_ID='manual__2025-05-17T20:56:28.356431+00:00'
[2025-05-17T20:56:42.304+0000] {taskinstance.py:430} INFO - ::endgroup::
[2025-05-17T20:56:42.474+0000] {crawler.py:55} INFO - Đã kết nối thành công với MongoDB: News
[2025-05-17T20:56:43.126+0000] {logging_mixin.py:188} INFO - [INIT].... → Crawl4AI 0.6.2
[2025-05-17T20:56:45.606+0000] {logging_mixin.py:188} INFO - [FETCH]... ↓ https://vietnamnet.vn/tin-tuc-24h?bydaterang=&cate=000006                                            | 
[2025-05-17T20:56:45.607+0000] {logging_mixin.py:188} INFO - ✓
[2025-05-17T20:56:45.608+0000] {logging_mixin.py:188} INFO -  | ⏱: 2.41s
[2025-05-17T20:56:45.801+0000] {logging_mixin.py:188} INFO - [SCRAPE].. ◆ https://vietnamnet.vn/tin-tuc-24h?bydaterang=&cate=000006                                            | 
[2025-05-17T20:56:45.802+0000] {logging_mixin.py:188} INFO - ✓
[2025-05-17T20:56:45.802+0000] {logging_mixin.py:188} INFO -  | ⏱: 0.19s
[2025-05-17T20:56:45.803+0000] {logging_mixin.py:188} INFO - [COMPLETE] ● https://vietnamnet.vn/tin-tuc-24h?bydaterang=&cate=000006                                            | 
[2025-05-17T20:56:45.804+0000] {logging_mixin.py:188} INFO - ✓
[2025-05-17T20:56:45.804+0000] {logging_mixin.py:188} INFO -  | ⏱: 2.61s
[2025-05-17T20:56:45.891+0000] {crawler.py:85} INFO - Tìm thấy 25 link bài viết cho danh mục giao-duc
[2025-05-17T20:56:46.489+0000] {crawler.py:110} INFO - Đã lọc: 25 URLs ban đầu -> 0 URLs sau xử lý live
[2025-05-17T20:56:46.490+0000] {crawler.py:252} INFO - Không có bài viết mới nào trong danh mục giao-duc cần crawl.
[2025-05-17T20:56:46.556+0000] {crawler.py:294} INFO - Không có bài viết để lưu vào collection 'giao-duc'
[2025-05-17T20:56:46.618+0000] {python.py:237} INFO - Done. Returned value was: None
[2025-05-17T20:56:46.620+0000] {taskinstance.py:441} INFO - ::group::Post task execution logs
[2025-05-17T20:56:46.637+0000] {taskinstance.py:1206} INFO - Marking task as SUCCESS. dag_id=vietnamnet_crawler_24h, task_id=crawl_giao-duc, run_id=manual__2025-05-17T20:56:28.356431+00:00, execution_date=20250517T205628, start_date=20250517T205642, end_date=20250517T205646
[2025-05-17T20:56:46.684+0000] {local_task_job_runner.py:240} INFO - Task exited with return code 0
[2025-05-17T20:56:46.708+0000] {taskinstance.py:3503} INFO - 1 downstream tasks scheduled from follow-on schedule check
[2025-05-17T20:56:46.710+0000] {local_task_job_runner.py:222} INFO - ::endgroup::
