[2025-05-16T13:38:18.007+0000] {local_task_job_runner.py:120} INFO - ::group::Pre task execution logs
[2025-05-16T13:38:18.027+0000] {taskinstance.py:2076} INFO - Dependencies all met for dep_context=non-requeueable deps ti=<TaskInstance: vietnamnet_crawler_24h.clean_old_articles manual__2025-05-16T13:38:15.773981+00:00 [queued]>
[2025-05-16T13:38:18.035+0000] {taskinstance.py:2076} INFO - Dependencies all met for dep_context=requeueable deps ti=<TaskInstance: vietnamnet_crawler_24h.clean_old_articles manual__2025-05-16T13:38:15.773981+00:00 [queued]>
[2025-05-16T13:38:18.036+0000] {taskinstance.py:2306} INFO - Starting attempt 1 of 2
[2025-05-16T13:38:18.051+0000] {taskinstance.py:2330} INFO - Executing <Task(PythonOperator): clean_old_articles> on 2025-05-16 13:38:15.773981+00:00
[2025-05-16T13:38:18.056+0000] {warnings.py:112} WARNING - /home/***/.local/lib/python3.12/site-packages/***/task/task_runner/standard_task_runner.py:61: DeprecationWarning: This process (pid=12493) is multi-threaded, use of fork() may lead to deadlocks in the child.
  pid = os.fork()

[2025-05-16T13:38:18.058+0000] {standard_task_runner.py:63} INFO - Started process 12494 to run task
[2025-05-16T13:38:18.062+0000] {standard_task_runner.py:90} INFO - Running: ['***', 'tasks', 'run', 'vietnamnet_crawler_24h', 'clean_old_articles', 'manual__2025-05-16T13:38:15.773981+00:00', '--job-id', '52', '--raw', '--subdir', 'DAGS_FOLDER/dags.py', '--cfg-path', '/tmp/tmpgcajdwme']
[2025-05-16T13:38:18.064+0000] {standard_task_runner.py:91} INFO - Job 52: Subtask clean_old_articles
[2025-05-16T13:38:18.105+0000] {task_command.py:426} INFO - Running <TaskInstance: vietnamnet_crawler_24h.clean_old_articles manual__2025-05-16T13:38:15.773981+00:00 [running]> on host 60d771d880eb
[2025-05-16T13:38:18.186+0000] {taskinstance.py:2648} INFO - Exporting env vars: AIRFLOW_CTX_DAG_OWNER='***' AIRFLOW_CTX_DAG_ID='vietnamnet_crawler_24h' AIRFLOW_CTX_TASK_ID='clean_old_articles' AIRFLOW_CTX_EXECUTION_DATE='2025-05-16T13:38:15.773981+00:00' AIRFLOW_CTX_TRY_NUMBER='1' AIRFLOW_CTX_DAG_RUN_ID='manual__2025-05-16T13:38:15.773981+00:00'
[2025-05-16T13:38:18.187+0000] {taskinstance.py:430} INFO - ::endgroup::
[2025-05-16T13:38:18.482+0000] {database_cleaner.py:33} INFO - Đã kết nối MongoDB: News
[2025-05-16T13:38:18.482+0000] {database_cleaner.py:102} INFO - Xóa các bài viết trước: 2025-04-15T20:38:18.482690+07:00
[2025-05-16T13:38:19.544+0000] {database_cleaner.py:125} INFO - Collection 'cong-nghe': 0 bài bị xóa
[2025-05-16T13:38:20.027+0000] {database_cleaner.py:125} INFO - Collection 'the-gioi': 0 bài bị xóa
[2025-05-16T13:38:20.432+0000] {database_cleaner.py:125} INFO - Collection 'chinh-tri': 0 bài bị xóa
[2025-05-16T13:38:20.650+0000] {database_cleaner.py:125} INFO - Collection 'phap-luat': 0 bài bị xóa
[2025-05-16T13:38:20.880+0000] {database_cleaner.py:125} INFO - Collection 'doi-song': 0 bài bị xóa
[2025-05-16T13:38:21.458+0000] {database_cleaner.py:125} INFO - Collection 'giao-duc': 1 bài bị xóa
[2025-05-16T13:38:21.525+0000] {database_cleaner.py:42} INFO - Đã đóng kết nối MongoDB
[2025-05-16T13:38:21.527+0000] {database_cleaner.py:142} INFO - Đã xóa tổng cộng 1 bài, còn lại 1781
[2025-05-16T13:38:21.528+0000] {python.py:237} INFO - Done. Returned value was: {'cong-nghe': {'total': 26, 'deleted': 0, 'remaining': 26}, 'the-gioi': {'total': 413, 'deleted': 0, 'remaining': 413}, 'chinh-tri': {'total': 521, 'deleted': 0, 'remaining': 521}, 'phap-luat': {'total': 222, 'deleted': 0, 'remaining': 222}, 'doi-song': {'total': 291, 'deleted': 0, 'remaining': 291}, 'giao-duc': {'total': 309, 'deleted': 1, 'remaining': 308}}
[2025-05-16T13:38:21.529+0000] {taskinstance.py:441} INFO - ::group::Post task execution logs
[2025-05-16T13:38:21.550+0000] {taskinstance.py:1206} INFO - Marking task as SUCCESS. dag_id=vietnamnet_crawler_24h, task_id=clean_old_articles, run_id=manual__2025-05-16T13:38:15.773981+00:00, execution_date=20250516T133815, start_date=20250516T133818, end_date=20250516T133821
[2025-05-16T13:38:21.576+0000] {local_task_job_runner.py:240} INFO - Task exited with return code 0
[2025-05-16T13:38:21.598+0000] {taskinstance.py:3503} INFO - 1 downstream tasks scheduled from follow-on schedule check
[2025-05-16T13:38:21.600+0000] {local_task_job_runner.py:222} INFO - ::endgroup::
