[2025-06-22T18:20:09.519+0000] {local_task_job_runner.py:120} INFO - ::group::Pre task execution logs
[2025-06-22T18:20:09.541+0000] {taskinstance.py:2076} INFO - Dependencies all met for dep_context=non-requeueable deps ti=<TaskInstance: deepai_crawler_10min.crawl_hardware scheduled__2025-06-22T18:10:00+00:00 [queued]>
[2025-06-22T18:20:09.554+0000] {taskinstance.py:2076} INFO - Dependencies all met for dep_context=requeueable deps ti=<TaskInstance: deepai_crawler_10min.crawl_hardware scheduled__2025-06-22T18:10:00+00:00 [queued]>
[2025-06-22T18:20:09.555+0000] {taskinstance.py:2306} INFO - Starting attempt 1 of 3
[2025-06-22T18:20:09.581+0000] {taskinstance.py:2330} INFO - Executing <Task(PythonOperator): crawl_hardware> on 2025-06-22 18:10:00+00:00
[2025-06-22T18:20:09.595+0000] {warnings.py:112} WARNING - /home/***/.local/lib/python3.12/site-packages/***/task/task_runner/standard_task_runner.py:61: DeprecationWarning: This process (pid=5421) is multi-threaded, use of fork() may lead to deadlocks in the child.
  pid = os.fork()

[2025-06-22T18:20:09.598+0000] {standard_task_runner.py:63} INFO - Started process 5446 to run task
[2025-06-22T18:20:09.601+0000] {standard_task_runner.py:90} INFO - Running: ['***', 'tasks', 'run', 'deepai_crawler_10min', 'crawl_hardware', 'scheduled__2025-06-22T18:10:00+00:00', '--job-id', '1039', '--raw', '--subdir', 'DAGS_FOLDER/dags.py', '--cfg-path', '/tmp/tmpgrd9wp81']
[2025-06-22T18:20:09.606+0000] {standard_task_runner.py:91} INFO - Job 1039: Subtask crawl_hardware
[2025-06-22T18:20:09.676+0000] {task_command.py:426} INFO - Running <TaskInstance: deepai_crawler_10min.crawl_hardware scheduled__2025-06-22T18:10:00+00:00 [running]> on host 790accd10d36
[2025-06-22T18:20:09.818+0000] {taskinstance.py:2648} INFO - Exporting env vars: AIRFLOW_CTX_DAG_OWNER='***' AIRFLOW_CTX_DAG_ID='deepai_crawler_10min' AIRFLOW_CTX_TASK_ID='crawl_hardware' AIRFLOW_CTX_EXECUTION_DATE='2025-06-22T18:10:00+00:00' AIRFLOW_CTX_TRY_NUMBER='1' AIRFLOW_CTX_DAG_RUN_ID='scheduled__2025-06-22T18:10:00+00:00'
[2025-06-22T18:20:09.821+0000] {taskinstance.py:430} INFO - ::endgroup::
[2025-06-22T18:20:09.849+0000] {dags.py:183} INFO - Bắt đầu crawl category: hardware
[2025-06-22T18:20:10.174+0000] {media_manager.py:52} DEBUG - Queue: Media upload queue is empty, waiting for new jobs
[2025-06-22T18:20:10.232+0000] {crawler_deeplai.py:51} INFO - Đã kết nối thành công với MongoDB: deeplearning_ai_news
[2025-06-22T18:20:10.277+0000] {crawler_deeplai.py:465} INFO - 🚀 Đang bắt đầu quá trình crawl với Load More...
[2025-06-22T18:20:11.175+0000] {media_manager.py:52} DEBUG - Queue: Media upload queue is empty, waiting for new jobs
[2025-06-22T18:20:11.242+0000] {logging_mixin.py:188} INFO - [INIT].... → Crawl4AI 0.6.3
[2025-06-22T18:20:11.243+0000] {crawler_deeplai.py:179} INFO - 🌐 Đang truy cập: https://www.deeplearning.ai/the-batch/tag/hardware/
[2025-06-22T18:20:11.244+0000] {crawler_deeplai.py:180} INFO - ⚙️ Cấu hình: max_articles=100, min_threshold=5, max_clicks=1
[2025-06-22T18:20:12.176+0000] {media_manager.py:52} DEBUG - Queue: Media upload queue is empty, waiting for new jobs
[2025-06-22T18:20:13.177+0000] {media_manager.py:52} DEBUG - Queue: Media upload queue is empty, waiting for new jobs
[2025-06-22T18:20:14.178+0000] {media_manager.py:52} DEBUG - Queue: Media upload queue is empty, waiting for new jobs
[2025-06-22T18:20:15.179+0000] {media_manager.py:52} DEBUG - Queue: Media upload queue is empty, waiting for new jobs
[2025-06-22T18:20:15.721+0000] {logging_mixin.py:188} INFO - [FETCH]... ↓ https://www.deeplearning.ai/the-batch/tag/hardware/                
| ✓ | ⏱: 4.47s
[2025-06-22T18:20:15.814+0000] {logging_mixin.py:188} INFO - [SCRAPE].. ◆ https://www.deeplearning.ai/the-batch/tag/hardware/                
| ✓ | ⏱: 0.09s
[2025-06-22T18:20:15.816+0000] {logging_mixin.py:188} INFO - [COMPLETE] ● https://www.deeplearning.ai/the-batch/tag/hardware/                
| ✓ | ⏱: 4.57s
[2025-06-22T18:20:15.817+0000] {crawler_deeplai.py:184} INFO - 📋 JavaScript execution result: {'success': True, 'results': [{'success': True, 'result': {}}]}
[2025-06-22T18:20:15.860+0000] {crawler_deeplai.py:204} INFO - 🎯 Tổng cộng tìm thấy 30 link bài viết unique
[2025-06-22T18:20:15.865+0000] {crawler_deeplai.py:208} INFO - 🔍 Một vài URL đầu tiên:
[2025-06-22T18:20:15.865+0000] {crawler_deeplai.py:210} INFO -   1. https://www.deeplearning.ai/the-batch/ai-creates-an-interactive-minecraft-like-world-in-real-time/
[2025-06-22T18:20:15.870+0000] {crawler_deeplai.py:210} INFO -   2. https://www.deeplearning.ai/the-batch/ai-electricity-demands-spur-an-expansion-of-power-sources/
[2025-06-22T18:20:15.871+0000] {crawler_deeplai.py:210} INFO -   3. https://www.deeplearning.ai/the-batch/all-about-nvidia-gpu-shortage/
[2025-06-22T18:20:15.872+0000] {crawler_deeplai.py:210} INFO -   4. https://www.deeplearning.ai/the-batch/all-about-nvidias-new-blackwell-architecture-and-b200-gpu/
[2025-06-22T18:20:15.872+0000] {crawler_deeplai.py:210} INFO -   5. https://www.deeplearning.ai/the-batch/amazon-google-and-microsoft-bet-on-nuclear-power-to-meet-ai-energy-demands/
[2025-06-22T18:20:15.873+0000] {crawler_deeplai.py:214} INFO - 📊 Sẽ crawl 30 bài viết
[2025-06-22T18:20:16.180+0000] {media_manager.py:52} DEBUG - Queue: Media upload queue is empty, waiting for new jobs
[2025-06-22T18:20:16.579+0000] {crawler_deeplai.py:458} INFO - Đã lọc: 30 URLs ban đầu -> 0 URLs mới
[2025-06-22T18:20:16.579+0000] {crawler_deeplai.py:476} INFO - ℹ️ Không có bài viết mới nào trong danh mục hardware cần crawl.
[2025-06-22T18:20:16.580+0000] {crawler_deeplai.py:533} INFO - ℹ️ Không có bài viết để lưu vào collection 'hardware'
[2025-06-22T18:20:16.641+0000] {dags.py:188} INFO - Hoàn thành crawl category: hardware
[2025-06-22T18:20:16.642+0000] {python.py:237} INFO - Done. Returned value was: None
[2025-06-22T18:20:16.642+0000] {taskinstance.py:441} INFO - ::group::Post task execution logs
[2025-06-22T18:20:16.650+0000] {taskinstance.py:1206} INFO - Marking task as SUCCESS. dag_id=deepai_crawler_10min, task_id=crawl_hardware, run_id=scheduled__2025-06-22T18:10:00+00:00, execution_date=20250622T181000, start_date=20250622T182009, end_date=20250622T182016
[2025-06-22T18:20:16.688+0000] {local_task_job_runner.py:240} INFO - Task exited with return code 0
[2025-06-22T18:20:16.714+0000] {taskinstance.py:3503} INFO - 1 downstream tasks scheduled from follow-on schedule check
[2025-06-22T18:20:16.719+0000] {local_task_job_runner.py:222} INFO - ::endgroup::
