[2025-05-03T15:07:41.146+0000] {local_task_job_runner.py:120} INFO - ::group::Pre task execution logs
[2025-05-03T15:07:41.166+0000] {taskinstance.py:2076} INFO - Dependencies all met for dep_context=non-requeueable deps ti=<TaskInstance: vietnamnet_multi_category_crawler.crawl_doi-song scheduled__2025-05-02T00:00:00+00:00 [queued]>
[2025-05-03T15:07:41.174+0000] {taskinstance.py:2076} INFO - Dependencies all met for dep_context=requeueable deps ti=<TaskInstance: vietnamnet_multi_category_crawler.crawl_doi-song scheduled__2025-05-02T00:00:00+00:00 [queued]>
[2025-05-03T15:07:41.174+0000] {taskinstance.py:2306} INFO - Starting attempt 1 of 2
[2025-05-03T15:07:41.187+0000] {taskinstance.py:2330} INFO - Executing <Task(PythonOperator): crawl_doi-song> on 2025-05-02 00:00:00+00:00
[2025-05-03T15:07:41.193+0000] {warnings.py:112} WARNING - /home/***/.local/lib/python3.12/site-packages/***/task/task_runner/standard_task_runner.py:61: DeprecationWarning: This process (pid=3517) is multi-threaded, use of fork() may lead to deadlocks in the child.
  pid = os.fork()

[2025-05-03T15:07:41.195+0000] {standard_task_runner.py:63} INFO - Started process 3525 to run task
[2025-05-03T15:07:41.195+0000] {standard_task_runner.py:90} INFO - Running: ['***', 'tasks', 'run', 'vietnamnet_multi_category_crawler', 'crawl_doi-song', 'scheduled__2025-05-02T00:00:00+00:00', '--job-id', '9', '--raw', '--subdir', 'DAGS_FOLDER/dags.py', '--cfg-path', '/tmp/tmpwi5gt_5f']
[2025-05-03T15:07:41.197+0000] {standard_task_runner.py:91} INFO - Job 9: Subtask crawl_doi-song
[2025-05-03T15:07:41.245+0000] {task_command.py:426} INFO - Running <TaskInstance: vietnamnet_multi_category_crawler.crawl_doi-song scheduled__2025-05-02T00:00:00+00:00 [running]> on host bc2513595922
[2025-05-03T15:07:41.327+0000] {taskinstance.py:2648} INFO - Exporting env vars: AIRFLOW_CTX_DAG_OWNER='***' AIRFLOW_CTX_DAG_ID='vietnamnet_multi_category_crawler' AIRFLOW_CTX_TASK_ID='crawl_doi-song' AIRFLOW_CTX_EXECUTION_DATE='2025-05-02T00:00:00+00:00' AIRFLOW_CTX_TRY_NUMBER='1' AIRFLOW_CTX_DAG_RUN_ID='scheduled__2025-05-02T00:00:00+00:00'
[2025-05-03T15:07:41.328+0000] {taskinstance.py:430} INFO - ::endgroup::
[2025-05-03T15:07:41.971+0000] {logging_mixin.py:188} INFO - [INIT].... → Crawl4AI 0.6.2
[2025-05-03T15:07:44.605+0000] {logging_mixin.py:188} INFO - [FETCH]... ↓ https://vietnamnet.vn/doi-song                                                                       | 
[2025-05-03T15:07:44.606+0000] {logging_mixin.py:188} INFO - ✓
[2025-05-03T15:07:44.606+0000] {logging_mixin.py:188} INFO -  | ⏱: 2.54s
[2025-05-03T15:07:44.859+0000] {logging_mixin.py:188} INFO - [SCRAPE].. ◆ https://vietnamnet.vn/doi-song                                                                       | 
[2025-05-03T15:07:44.859+0000] {logging_mixin.py:188} INFO - ✓
[2025-05-03T15:07:44.860+0000] {logging_mixin.py:188} INFO -  | ⏱: 0.25s
[2025-05-03T15:07:44.861+0000] {logging_mixin.py:188} INFO - [COMPLETE] ● https://vietnamnet.vn/doi-song                                                                       | 
[2025-05-03T15:07:44.862+0000] {logging_mixin.py:188} INFO - ✓
[2025-05-03T15:07:44.862+0000] {logging_mixin.py:188} INFO -  | ⏱: 2.80s
[2025-05-03T15:07:44.963+0000] {logging_mixin.py:188} INFO - Tìm thấy 64 link bài viết
[2025-05-03T15:07:45.138+0000] {logging_mixin.py:188} INFO - Đang crawl 5 bài viết từ danh mục doi-song...
[2025-05-03T15:07:45.139+0000] {logging_mixin.py:188} INFO - --> Crawl: https://vietnamnet.vn/cu-ong-u90-bi-phan-doi-kich-liet-vi-nen-duyen-cung-ban-gai-cua-con-trai-2397098.html
[2025-05-03T15:07:45.628+0000] {logging_mixin.py:188} INFO - [INIT].... → Crawl4AI 0.6.2
[2025-05-03T15:07:48.085+0000] {logging_mixin.py:188} INFO - [FETCH]... ↓ https://vietnamnet.vn/cu-ong-u90-bi-phan-doi-kic...nen-duyen-cung-ban-gai-cua-con-trai-2397098.html  | 
[2025-05-03T15:07:48.085+0000] {logging_mixin.py:188} INFO - ✓
[2025-05-03T15:07:48.086+0000] {logging_mixin.py:188} INFO -  | ⏱: 2.40s
[2025-05-03T15:07:48.267+0000] {logging_mixin.py:188} INFO - [SCRAPE].. ◆ https://vietnamnet.vn/cu-ong-u90-bi-phan-doi-kic...nen-duyen-cung-ban-gai-cua-con-trai-2397098.html  | 
[2025-05-03T15:07:48.267+0000] {logging_mixin.py:188} INFO - ✓
[2025-05-03T15:07:48.268+0000] {logging_mixin.py:188} INFO -  | ⏱: 0.18s
[2025-05-03T15:07:48.269+0000] {logging_mixin.py:188} INFO - [COMPLETE] ● https://vietnamnet.vn/cu-ong-u90-bi-phan-doi-kic...nen-duyen-cung-ban-gai-cua-con-trai-2397098.html  | 
[2025-05-03T15:07:48.269+0000] {logging_mixin.py:188} INFO - ✓
[2025-05-03T15:07:48.270+0000] {logging_mixin.py:188} INFO -  | ⏱: 2.59s
[2025-05-03T15:07:48.652+0000] {logging_mixin.py:188} INFO -     ✓ Cụ ông U90 bị phản đối kịch liệt vì nên duyên cùng bạn gái c...
[2025-05-03T15:07:48.653+0000] {logging_mixin.py:188} INFO - --> Crawl: https://vietnamnet.vn/vo-chong-dum-tum-di-xe-may-ve-que-bo-me-da-gia-chang-con-nhieu-dip-30-4-nua-2395198.html#comment
[2025-05-03T15:07:49.158+0000] {logging_mixin.py:188} INFO - [INIT].... → Crawl4AI 0.6.2
[2025-05-03T15:07:51.968+0000] {logging_mixin.py:188} INFO - [FETCH]... ↓ https://vietnamnet.vn/vo-chong-dum-tum-di-xe-may...hang-con-nhieu-dip-30-4-nua-2395198.html#comment  | 
[2025-05-03T15:07:51.970+0000] {logging_mixin.py:188} INFO - ✓
[2025-05-03T15:07:51.970+0000] {logging_mixin.py:188} INFO -  | ⏱: 2.74s
[2025-05-03T15:07:52.324+0000] {logging_mixin.py:188} INFO - [SCRAPE].. ◆ https://vietnamnet.vn/vo-chong-dum-tum-di-xe-may...hang-con-nhieu-dip-30-4-nua-2395198.html#comment  | 
[2025-05-03T15:07:52.325+0000] {logging_mixin.py:188} INFO - ✓
[2025-05-03T15:07:52.325+0000] {logging_mixin.py:188} INFO -  | ⏱: 0.35s
[2025-05-03T15:07:52.326+0000] {logging_mixin.py:188} INFO - [COMPLETE] ● https://vietnamnet.vn/vo-chong-dum-tum-di-xe-may...hang-con-nhieu-dip-30-4-nua-2395198.html#comment  | 
[2025-05-03T15:07:52.327+0000] {logging_mixin.py:188} INFO - ✓
[2025-05-03T15:07:52.327+0000] {logging_mixin.py:188} INFO -  | ⏱: 3.09s
[2025-05-03T15:07:52.717+0000] {logging_mixin.py:188} INFO -     ✓ Vợ chồng đùm túm đi xe máy về quê: Bố mẹ đã già, chẳng còn n...
[2025-05-03T15:07:52.717+0000] {logging_mixin.py:188} INFO - --> Crawl: https://vietnamnet.vn/viet-nhat-ky-luc-cho-xem-dieu-binh-nguoi-phu-nu-u70-khien-nghin-nguoi-to-mo-2396654.html
[2025-05-03T15:07:53.247+0000] {logging_mixin.py:188} INFO - [INIT].... → Crawl4AI 0.6.2
[2025-05-03T15:07:55.922+0000] {logging_mixin.py:188} INFO - [FETCH]... ↓ https://vietnamnet.vn/viet-nhat-ky-luc-cho-xem-d...-phu-nu-u70-khien-nghin-nguoi-to-mo-2396654.html  | 
[2025-05-03T15:07:55.923+0000] {logging_mixin.py:188} INFO - ✓
[2025-05-03T15:07:55.924+0000] {logging_mixin.py:188} INFO -  | ⏱: 2.61s
[2025-05-03T15:07:56.121+0000] {logging_mixin.py:188} INFO - [SCRAPE].. ◆ https://vietnamnet.vn/viet-nhat-ky-luc-cho-xem-d...-phu-nu-u70-khien-nghin-nguoi-to-mo-2396654.html  | 
[2025-05-03T15:07:56.122+0000] {logging_mixin.py:188} INFO - ✓
[2025-05-03T15:07:56.122+0000] {logging_mixin.py:188} INFO -  | ⏱: 0.20s
[2025-05-03T15:07:56.124+0000] {logging_mixin.py:188} INFO - [COMPLETE] ● https://vietnamnet.vn/viet-nhat-ky-luc-cho-xem-d...-phu-nu-u70-khien-nghin-nguoi-to-mo-2396654.html  | 
[2025-05-03T15:07:56.124+0000] {logging_mixin.py:188} INFO - ✓
[2025-05-03T15:07:56.125+0000] {logging_mixin.py:188} INFO -  | ⏱: 2.81s
[2025-05-03T15:07:56.502+0000] {logging_mixin.py:188} INFO -     ✓ Viết nhật ký lúc chờ xem diễu binh, người phụ nữ U70 khiến n...
[2025-05-03T15:07:56.503+0000] {logging_mixin.py:188} INFO - --> Crawl: https://vietnamnet.vn/co-gai-quang-ngai-mua-tay-ra-tien-tiet-lo-ly-do-khong-mo-nap-chai-be-vac-nang-2388940.html
[2025-05-03T15:07:57.060+0000] {logging_mixin.py:188} INFO - [INIT].... → Crawl4AI 0.6.2
[2025-05-03T15:08:00.265+0000] {logging_mixin.py:188} INFO - [FETCH]... ↓ https://vietnamnet.vn/co-gai-quang-ngai-mua-tay-...ly-do-khong-mo-nap-chai-be-vac-nang-2388940.html  | 
[2025-05-03T15:08:00.266+0000] {logging_mixin.py:188} INFO - ✓
[2025-05-03T15:08:00.266+0000] {logging_mixin.py:188} INFO -  | ⏱: 3.13s
[2025-05-03T15:08:00.469+0000] {logging_mixin.py:188} INFO - [SCRAPE].. ◆ https://vietnamnet.vn/co-gai-quang-ngai-mua-tay-...ly-do-khong-mo-nap-chai-be-vac-nang-2388940.html  | 
[2025-05-03T15:08:00.470+0000] {logging_mixin.py:188} INFO - ✓
[2025-05-03T15:08:00.471+0000] {logging_mixin.py:188} INFO -  | ⏱: 0.20s
[2025-05-03T15:08:00.472+0000] {logging_mixin.py:188} INFO - [COMPLETE] ● https://vietnamnet.vn/co-gai-quang-ngai-mua-tay-...ly-do-khong-mo-nap-chai-be-vac-nang-2388940.html  | 
[2025-05-03T15:08:00.473+0000] {logging_mixin.py:188} INFO - ✓
[2025-05-03T15:08:00.473+0000] {logging_mixin.py:188} INFO -  | ⏱: 3.33s
[2025-05-03T15:08:00.903+0000] {logging_mixin.py:188} INFO -     ✓ Cô gái Quảng Ngãi ‘múa tay ra tiền’ tiết lộ lý do không mở n...
[2025-05-03T15:08:00.903+0000] {logging_mixin.py:188} INFO - --> Crawl: https://vietnamnet.vn/chi-dau-bat-ngo-doi-vang-cho-muon-em-chong-dung-ngoi-khong-yen-2397067.html#comment
[2025-05-03T15:08:01.639+0000] {logging_mixin.py:188} INFO - [INIT].... → Crawl4AI 0.6.2
[2025-05-03T15:08:04.851+0000] {logging_mixin.py:188} INFO - [FETCH]... ↓ https://vietnamnet.vn/chi-dau-bat-ngo-doi-vang-c...m-chong-dung-ngoi-khong-yen-2397067.html#comment  | 
[2025-05-03T15:08:04.852+0000] {logging_mixin.py:188} INFO - ✓
[2025-05-03T15:08:04.852+0000] {logging_mixin.py:188} INFO -  | ⏱: 3.14s
[2025-05-03T15:08:05.047+0000] {logging_mixin.py:188} INFO - [SCRAPE].. ◆ https://vietnamnet.vn/chi-dau-bat-ngo-doi-vang-c...m-chong-dung-ngoi-khong-yen-2397067.html#comment  | 
[2025-05-03T15:08:05.048+0000] {logging_mixin.py:188} INFO - ✓
[2025-05-03T15:08:05.048+0000] {logging_mixin.py:188} INFO -  | ⏱: 0.19s
[2025-05-03T15:08:05.050+0000] {logging_mixin.py:188} INFO - [COMPLETE] ● https://vietnamnet.vn/chi-dau-bat-ngo-doi-vang-c...m-chong-dung-ngoi-khong-yen-2397067.html#comment  | 
[2025-05-03T15:08:05.051+0000] {logging_mixin.py:188} INFO - ✓
[2025-05-03T15:08:05.052+0000] {logging_mixin.py:188} INFO -  | ⏱: 3.34s
[2025-05-03T15:08:06.101+0000] {logging_mixin.py:188} INFO -     ✓ Chị dâu bất ngờ đòi vàng cho mượn, em chồng đứng ngồi không ...
[2025-05-03T15:08:07.015+0000] {logging_mixin.py:188} INFO - Đã lưu 5 bài viết vào collection 'doi-song'
[2025-05-03T15:08:07.079+0000] {python.py:237} INFO - Done. Returned value was: None
[2025-05-03T15:08:07.080+0000] {taskinstance.py:441} INFO - ::group::Post task execution logs
[2025-05-03T15:08:07.088+0000] {taskinstance.py:1206} INFO - Marking task as SUCCESS. dag_id=vietnamnet_multi_category_crawler, task_id=crawl_doi-song, run_id=scheduled__2025-05-02T00:00:00+00:00, execution_date=20250502T000000, start_date=20250503T150741, end_date=20250503T150807
[2025-05-03T15:08:07.129+0000] {local_task_job_runner.py:240} INFO - Task exited with return code 0
[2025-05-03T15:08:07.145+0000] {taskinstance.py:3503} INFO - 0 downstream tasks scheduled from follow-on schedule check
[2025-05-03T15:08:07.164+0000] {local_task_job_runner.py:222} INFO - ::endgroup::
[2025-05-03T15:22:08.087+0000] {local_task_job_runner.py:120} INFO - ::group::Pre task execution logs
[2025-05-03T15:22:08.105+0000] {taskinstance.py:2076} INFO - Dependencies all met for dep_context=non-requeueable deps ti=<TaskInstance: vietnamnet_multi_category_crawler.crawl_doi-song scheduled__2025-05-02T00:00:00+00:00 [queued]>
[2025-05-03T15:22:08.112+0000] {taskinstance.py:2076} INFO - Dependencies all met for dep_context=requeueable deps ti=<TaskInstance: vietnamnet_multi_category_crawler.crawl_doi-song scheduled__2025-05-02T00:00:00+00:00 [queued]>
[2025-05-03T15:22:08.112+0000] {taskinstance.py:2306} INFO - Starting attempt 1 of 2
[2025-05-03T15:22:08.124+0000] {taskinstance.py:2330} INFO - Executing <Task(PythonOperator): crawl_doi-song> on 2025-05-02 00:00:00+00:00
[2025-05-03T15:22:08.129+0000] {warnings.py:112} WARNING - /home/***/.local/lib/python3.12/site-packages/***/task/task_runner/standard_task_runner.py:61: DeprecationWarning: This process (pid=7810) is multi-threaded, use of fork() may lead to deadlocks in the child.
  pid = os.fork()

[2025-05-03T15:22:08.131+0000] {standard_task_runner.py:63} INFO - Started process 7811 to run task
[2025-05-03T15:22:08.131+0000] {standard_task_runner.py:90} INFO - Running: ['***', 'tasks', 'run', 'vietnamnet_multi_category_crawler', 'crawl_doi-song', 'scheduled__2025-05-02T00:00:00+00:00', '--job-id', '13', '--raw', '--subdir', 'DAGS_FOLDER/dags.py', '--cfg-path', '/tmp/tmpeoemje6q']
[2025-05-03T15:22:08.133+0000] {standard_task_runner.py:91} INFO - Job 13: Subtask crawl_doi-song
[2025-05-03T15:22:08.175+0000] {task_command.py:426} INFO - Running <TaskInstance: vietnamnet_multi_category_crawler.crawl_doi-song scheduled__2025-05-02T00:00:00+00:00 [running]> on host fdbcedb99356
[2025-05-03T15:22:08.247+0000] {taskinstance.py:2648} INFO - Exporting env vars: AIRFLOW_CTX_DAG_OWNER='***' AIRFLOW_CTX_DAG_ID='vietnamnet_multi_category_crawler' AIRFLOW_CTX_TASK_ID='crawl_doi-song' AIRFLOW_CTX_EXECUTION_DATE='2025-05-02T00:00:00+00:00' AIRFLOW_CTX_TRY_NUMBER='1' AIRFLOW_CTX_DAG_RUN_ID='scheduled__2025-05-02T00:00:00+00:00'
[2025-05-03T15:22:08.249+0000] {taskinstance.py:430} INFO - ::endgroup::
[2025-05-03T15:22:08.777+0000] {logging_mixin.py:188} INFO - [INIT].... → Crawl4AI 0.6.2
[2025-05-03T15:22:11.517+0000] {logging_mixin.py:188} INFO - [FETCH]... ↓ https://vietnamnet.vn/doi-song                                                                       | 
[2025-05-03T15:22:11.518+0000] {logging_mixin.py:188} INFO - ✓
[2025-05-03T15:22:11.518+0000] {logging_mixin.py:188} INFO -  | ⏱: 2.68s
[2025-05-03T15:22:11.766+0000] {logging_mixin.py:188} INFO - [SCRAPE].. ◆ https://vietnamnet.vn/doi-song                                                                       | 
[2025-05-03T15:22:11.766+0000] {logging_mixin.py:188} INFO - ✓
[2025-05-03T15:22:11.767+0000] {logging_mixin.py:188} INFO -  | ⏱: 0.25s
[2025-05-03T15:22:11.768+0000] {logging_mixin.py:188} INFO - [COMPLETE] ● https://vietnamnet.vn/doi-song                                                                       | 
[2025-05-03T15:22:11.768+0000] {logging_mixin.py:188} INFO - ✓
[2025-05-03T15:22:11.769+0000] {logging_mixin.py:188} INFO -  | ⏱: 2.93s
[2025-05-03T15:22:11.874+0000] {logging_mixin.py:188} INFO - Tìm thấy 64 link bài viết
[2025-05-03T15:22:12.069+0000] {logging_mixin.py:188} INFO - Đang crawl 5 bài viết từ danh mục doi-song...
[2025-05-03T15:22:12.070+0000] {logging_mixin.py:188} INFO - --> Crawl: https://vietnamnet.vn/nguoi-dan-ong-tu-tay-dot-nha-2-lan-trong-1-dem-vi-ly-do-ky-quac-2397259.html
[2025-05-03T15:22:12.580+0000] {logging_mixin.py:188} INFO - [INIT].... → Crawl4AI 0.6.2
[2025-05-03T15:22:15.250+0000] {logging_mixin.py:188} INFO - [FETCH]... ↓ https://vietnamnet.vn/nguoi-dan-ong-tu-tay-dot-nha-2-lan-trong-1-dem-vi-ly-do-ky-quac-2397259.html   | 
[2025-05-03T15:22:15.250+0000] {logging_mixin.py:188} INFO - ✓
[2025-05-03T15:22:15.251+0000] {logging_mixin.py:188} INFO -  | ⏱: 2.61s
[2025-05-03T15:22:15.434+0000] {logging_mixin.py:188} INFO - [SCRAPE].. ◆ https://vietnamnet.vn/nguoi-dan-ong-tu-tay-dot-nha-2-lan-trong-1-dem-vi-ly-do-ky-quac-2397259.html   | 
[2025-05-03T15:22:15.435+0000] {logging_mixin.py:188} INFO - ✓
[2025-05-03T15:22:15.436+0000] {logging_mixin.py:188} INFO -  | ⏱: 0.18s
[2025-05-03T15:22:15.437+0000] {logging_mixin.py:188} INFO - [COMPLETE] ● https://vietnamnet.vn/nguoi-dan-ong-tu-tay-dot-nha-2-lan-trong-1-dem-vi-ly-do-ky-quac-2397259.html   | 
[2025-05-03T15:22:15.437+0000] {logging_mixin.py:188} INFO - ✓
[2025-05-03T15:22:15.438+0000] {logging_mixin.py:188} INFO -  | ⏱: 2.79s
[2025-05-03T15:22:15.818+0000] {logging_mixin.py:188} INFO -     ✓ Người đàn ông tự tay đốt nhà 2 lần trong 1 đêm vì lý do kỳ q...
[2025-05-03T15:22:15.819+0000] {logging_mixin.py:188} INFO - --> Crawl: https://vietnamnet.vn/bi-ban-cu-doi-no-quy-tu-thien-chuyen-tien-cho-be-khac-me-be-bap-noi-gi-2377156.html
[2025-05-03T15:22:16.368+0000] {logging_mixin.py:188} INFO - [INIT].... → Crawl4AI 0.6.2
[2025-05-03T15:22:19.148+0000] {logging_mixin.py:188} INFO - [FETCH]... ↓ https://vietnamnet.vn/bi-ban-cu-doi-no-quy-tu-th...n-tien-cho-be-khac-me-be-bap-noi-gi-2377156.html  | 
[2025-05-03T15:22:19.149+0000] {logging_mixin.py:188} INFO - ✓
[2025-05-03T15:22:19.150+0000] {logging_mixin.py:188} INFO -  | ⏱: 2.71s
[2025-05-03T15:22:19.494+0000] {logging_mixin.py:188} INFO - [SCRAPE].. ◆ https://vietnamnet.vn/bi-ban-cu-doi-no-quy-tu-th...n-tien-cho-be-khac-me-be-bap-noi-gi-2377156.html  | 
[2025-05-03T15:22:19.495+0000] {logging_mixin.py:188} INFO - ✓
[2025-05-03T15:22:19.495+0000] {logging_mixin.py:188} INFO -  | ⏱: 0.34s
[2025-05-03T15:22:19.496+0000] {logging_mixin.py:188} INFO - [COMPLETE] ● https://vietnamnet.vn/bi-ban-cu-doi-no-quy-tu-th...n-tien-cho-be-khac-me-be-bap-noi-gi-2377156.html  | 
[2025-05-03T15:22:19.496+0000] {logging_mixin.py:188} INFO - ✓
[2025-05-03T15:22:19.497+0000] {logging_mixin.py:188} INFO -  | ⏱: 3.06s
[2025-05-03T15:22:19.886+0000] {logging_mixin.py:188} INFO -     ✓ Bị đồng nghiệp cũ đòi nợ, quỹ từ thiện chuyển tiền cho bé kh...
[2025-05-03T15:22:19.886+0000] {logging_mixin.py:188} INFO - --> Crawl: https://vietnamnet.vn/co-gai-bac-giang-lai-xe-tai-may-xuc-dieu-luyen-khien-nhieu-nguoi-tram-tro-2389378.html
[2025-05-03T15:22:20.484+0000] {logging_mixin.py:188} INFO - [INIT].... → Crawl4AI 0.6.2
[2025-05-03T15:22:24.137+0000] {logging_mixin.py:188} INFO - [FETCH]... ↓ https://vietnamnet.vn/co-gai-bac-giang-lai-xe-ta...eu-luyen-khien-nhieu-nguoi-tram-tro-2389378.html  | 
[2025-05-03T15:22:24.138+0000] {logging_mixin.py:188} INFO - ✓
[2025-05-03T15:22:24.139+0000] {logging_mixin.py:188} INFO -  | ⏱: 3.60s
[2025-05-03T15:22:24.393+0000] {logging_mixin.py:188} INFO - [SCRAPE].. ◆ https://vietnamnet.vn/co-gai-bac-giang-lai-xe-ta...eu-luyen-khien-nhieu-nguoi-tram-tro-2389378.html  | 
[2025-05-03T15:22:24.394+0000] {logging_mixin.py:188} INFO - ✓
[2025-05-03T15:22:24.394+0000] {logging_mixin.py:188} INFO -  | ⏱: 0.25s
[2025-05-03T15:22:24.395+0000] {logging_mixin.py:188} INFO - [COMPLETE] ● https://vietnamnet.vn/co-gai-bac-giang-lai-xe-ta...eu-luyen-khien-nhieu-nguoi-tram-tro-2389378.html  | 
[2025-05-03T15:22:24.396+0000] {logging_mixin.py:188} INFO - ✓
[2025-05-03T15:22:24.396+0000] {logging_mixin.py:188} INFO -  | ⏱: 3.85s
[2025-05-03T15:22:24.830+0000] {logging_mixin.py:188} INFO -     ✓ Cô gái Bắc Giang lái xe tải, máy xúc điêu luyện khiến nhiều ...
[2025-05-03T15:22:24.830+0000] {logging_mixin.py:188} INFO - --> Crawl: https://vietnamnet.vn/chi-dau-bat-ngo-doi-vang-cho-muon-em-chong-dung-ngoi-khong-yen-2397067.html#comment
[2025-05-03T15:22:25.426+0000] {logging_mixin.py:188} INFO - [INIT].... → Crawl4AI 0.6.2
[2025-05-03T15:22:28.609+0000] {logging_mixin.py:188} INFO - [FETCH]... ↓ https://vietnamnet.vn/chi-dau-bat-ngo-doi-vang-c...m-chong-dung-ngoi-khong-yen-2397067.html#comment  | 
[2025-05-03T15:22:28.610+0000] {logging_mixin.py:188} INFO - ✓
[2025-05-03T15:22:28.610+0000] {logging_mixin.py:188} INFO -  | ⏱: 3.13s
[2025-05-03T15:22:28.826+0000] {logging_mixin.py:188} INFO - [SCRAPE].. ◆ https://vietnamnet.vn/chi-dau-bat-ngo-doi-vang-c...m-chong-dung-ngoi-khong-yen-2397067.html#comment  | 
[2025-05-03T15:22:28.826+0000] {logging_mixin.py:188} INFO - ✓
[2025-05-03T15:22:28.827+0000] {logging_mixin.py:188} INFO -  | ⏱: 0.21s
[2025-05-03T15:22:28.828+0000] {logging_mixin.py:188} INFO - [COMPLETE] ● https://vietnamnet.vn/chi-dau-bat-ngo-doi-vang-c...m-chong-dung-ngoi-khong-yen-2397067.html#comment  | 
[2025-05-03T15:22:28.829+0000] {logging_mixin.py:188} INFO - ✓
[2025-05-03T15:22:28.829+0000] {logging_mixin.py:188} INFO -  | ⏱: 3.35s
[2025-05-03T15:22:29.244+0000] {logging_mixin.py:188} INFO -     ✓ Chị dâu bất ngờ đòi vàng cho mượn, em chồng đứng ngồi không ...
[2025-05-03T15:22:29.244+0000] {logging_mixin.py:188} INFO - --> Crawl: https://vietnamnet.vn/tai-xe-cuoi-tit-mat-khi-thay-me-don-than-bam-nut-tai-ban-muon-hen-ho-2396522.html
[2025-05-03T15:22:29.908+0000] {logging_mixin.py:188} INFO - [INIT].... → Crawl4AI 0.6.2
[2025-05-03T15:22:33.288+0000] {logging_mixin.py:188} INFO - [FETCH]... ↓ https://vietnamnet.vn/tai-xe-cuoi-tit-mat-khi-th...on-than-bam-nut-tai-ban-muon-hen-ho-2396522.html  | 
[2025-05-03T15:22:33.289+0000] {logging_mixin.py:188} INFO - ✓
[2025-05-03T15:22:33.290+0000] {logging_mixin.py:188} INFO -  | ⏱: 3.31s
[2025-05-03T15:22:33.533+0000] {logging_mixin.py:188} INFO - [SCRAPE].. ◆ https://vietnamnet.vn/tai-xe-cuoi-tit-mat-khi-th...on-than-bam-nut-tai-ban-muon-hen-ho-2396522.html  | 
[2025-05-03T15:22:33.534+0000] {logging_mixin.py:188} INFO - ✓
[2025-05-03T15:22:33.535+0000] {logging_mixin.py:188} INFO -  | ⏱: 0.24s
[2025-05-03T15:22:33.536+0000] {logging_mixin.py:188} INFO - [COMPLETE] ● https://vietnamnet.vn/tai-xe-cuoi-tit-mat-khi-th...on-than-bam-nut-tai-ban-muon-hen-ho-2396522.html  | 
[2025-05-03T15:22:33.536+0000] {logging_mixin.py:188} INFO - ✓
[2025-05-03T15:22:33.537+0000] {logging_mixin.py:188} INFO -  | ⏱: 3.56s
[2025-05-03T15:22:34.126+0000] {logging_mixin.py:188} INFO -     ✓ Tài xế Kiên Giang 'cười tít mắt' khi được mẹ đơn thân đồng ý...
[2025-05-03T15:22:34.127+0000] {logging_mixin.py:188} INFO - ⏱️  Tổng thời gian crawl: 25.86 giây
[2025-05-03T15:22:35.054+0000] {logging_mixin.py:188} INFO - Lỗi khi lưu dữ liệu vào MongoDB: batch op errors occurred, full error: {'writeErrors': [{'index': 0, 'code': 11000, 'errmsg': 'E11000 duplicate key error collection: News.doi-song index: _id_ dup key: { _id: "https://vietnamnet.vn/nguoi-dan-ong-tu-tay-dot-nha-2-lan-trong-1-dem-vi-ly-do-ky-quac-2397259.html" }', 'keyPattern': {'_id': 1}, 'keyValue': {'_id': 'https://vietnamnet.vn/nguoi-dan-ong-tu-tay-dot-nha-2-lan-trong-1-dem-vi-ly-do-ky-quac-2397259.html'}, 'op': {'title': 'Người đàn ông tự tay đốt nhà 2 lần trong 1 đêm vì lý do kỳ quặc', 'author': 'Không có thông tin tác giả', 'publish_date': '2025-05-03T13:45:59.000 +07:00', 'views': None, 'tags': [], 'description': 'Mới đây, một người đàn ông ở Northumberland, đã bị tòa án tuyên phạt 8 tháng tù treo sau hành vi tự tay phóng hỏa chính ngôi nhà của mình tới 2 lần chỉ trong vòng 1 đêm.', 'main_image': 'https://static-images.vnncdn.net/vps_images_publish/000001/000003/2025/5/3/nguoi-dan-ong-tu-tay-dot-nha-2-lan-trong-1-dem-vi-ly-do-ky-quac-61551.jpg?width=0&s=8mMkPk0xfEVqDd88SBS6gw', 'content': 'Đỗ An\n\nTheo tài liệu được công bố tại tòa, vào đêm 9/9/2023, lực lượng cứu hỏa nhận được cuộc gọi từ James Brown, báo rằng bị nổ công tơ điện khiến ngọn lửa lan cả vào tủ quần áo. Khi đến hiện trường, họ nhanh chóng kiểm soát được tình hình và ngắt nguồn điện trong nhà để đảm bảo an toàn.\n\nTuy nhiên, chỉ 90 phút sau, lực lượng chức năng lại nhận được cuộc gọi báo cháy từ cùng một địa chỉ. Lần này, đám cháy nghiêm trọng hơn. Khi được hỏi vì sao ngọn lửa lại bùng lên lần nữa, Brown không thể đưa ra lời giải thích hợp lý.\n\nĐiều khiến Brown được đặt trong "tầm ngắm nghi vấn" là anh này không hề tỏ vẻ lo lắng hay hoảng sợ khi tài sản bị cháy mà thay vào đó là thái độ nhiệt tình, hồ hởi, thậm chí còn dùng điện thoại quay lại cảnh lực lượng chức năng làm nhiệm vụ.\n\nTrong quá trình điều tra về vụ cháy sau đó, Brown bị phát hiện đã gọi điện cho sở cứu hỏa tới 80 lần trong 12 tháng trước đó.\n\nTại phiên tòa xét xử mới đây, Brown đã thừa nhận tội phóng hỏa và khai rằng anh thực hiện hành vi tự tay đốt nhà chỉ vì muốn được nhìn thấy các “thần tượng” cứu hỏa hành động.\n\nChàng trai 26 tuổi nhấn mạnh: "Tôi chỉ muốn thấy họ làm việc. Tôi ngưỡng mộ họ rất nhiều".\n\nMay mắn thay, không ai bị thương trong cả 2 vụ cháy và thiệt hại về tài sản ở mức tối thiểu. Dù vậy, thẩm phán vẫn nhấn mạnh rằng hành vi của bị cáo là "nguy hiểm và vô trách nhiệm", có thể gây hậu quả nghiêm trọng nếu không xử lý kịp thời.\n\nJames Brown bị tuyên 8 tháng tù treo và 150 giờ lao động công ích cùng điều kiện phải tham gia tư vấn tâm lý và giám sát chặt chẽ trong cộng đồng. Tòa cũng ra lệnh cấm anh ta gọi đến các dịch vụ khẩn cấp nếu không có lý do chính đáng.\n\nSự việc hy hữu này là lời cảnh tỉnh về hậu quả của những hành động bốc đồng xuất phát từ sự ám ảnh lệch lạc, đồng thời nhấn mạnh vai trò quan trọng của việc phát hiện và điều trị sớm các vấn đề tâm lý trong cộng đồng.', 'url': 'https://vietnamnet.vn/nguoi-dan-ong-tu-tay-dot-nha-2-lan-trong-1-dem-vi-ly-do-ky-quac-2397259.html', 'category': 'doi-song', 'crawled_at': '2025-05-03T15:22:15.655518', '_id': 'https://vietnamnet.vn/nguoi-dan-ong-tu-tay-dot-nha-2-lan-trong-1-dem-vi-ly-do-ky-quac-2397259.html'}}, {'index': 1, 'code': 11000, 'errmsg': 'E11000 duplicate key error collection: News.doi-song index: _id_ dup key: { _id: "https://vietnamnet.vn/bi-ban-cu-doi-no-quy-tu-thien-chuyen-tien-cho-be-khac-me-be-bap-noi-gi-2377156.html" }', 'keyPattern': {'_id': 1}, 'keyValue': {'_id': 'https://vietnamnet.vn/bi-ban-cu-doi-no-quy-tu-thien-chuyen-tien-cho-be-khac-me-be-bap-noi-gi-2377156.html'}, 'op': {'title': 'Bị đồng nghiệp cũ đòi nợ, quỹ từ thiện chuyển tiền cho bé khác, mẹ bé Bắp nói gì?', 'author': 'Không có thông tin tác giả', 'publish_date': '2025-03-04T13:49:00.000 +07:00', 'views': None, 'tags': [], 'description': 'Mẹ bé Bắp vẫn bị réo gọi trên mạng xã hội về những sự việc ồn ào liên quan, gần đây nhất là clip bị đồng nghiệp cũ đòi nợ.', 'main_image': 'https://static-images.vnncdn.net/vps_images_publish/000001/000003/2025/3/4/bi-dong-nghiep-cu-doi-no-quy-tu-thien-chuyen-tien-cho-be-khac-me-be-bap-noi-gi-71778.jpg?width=0&s=4VAj2B96F1dCC3bq-f4akw', 'content': 'Thanh Minh\n\nGây xôn xao bởi “món nợ cũ”\n\nNgoàivụ lùm xùm sao kê số tiền các nhà hảo tâm ủng hộ con trai chữa bệnh, mẹ bé Bắp – chị Lê Thị Thu Hòa (SN 1997, Ninh Thuận) liên tục bị gọi tên trong những sự việc khác. Gần đây nhất là clip bị đồng nghiệp cũ đòi nợ.\n\nVideo được một nam TikToker chia sẻ trên trang cá nhân, ghi lại cảnh một phụ nữ gọi điện cho chị Hòa đòi nợ khoản tiền chị đã vay trước đó. Người phụ nữ này còn nhắc đến khoản tiền 500 triệu đồng một mạnh thường quân gửi tặng bé Bắp và muốn chị Hòa nhân đó trả nợ luôn.\n\nĐáp trả việc đòi nợ, chị Hòa khẳng định bản thân chưa có điều kiện trả. “Em có là em trả liền chứ nợ chị 1 triệu, 2 triệu làm gì”, chị Hòa trả lời người phụ nữ.\n\nNgoài ra, trong cuộc gọi này, chị nhấn mạnh không hề có chuyện dùng tiền của các nhà hảo tâm để trả nợ 2 tỷ đồng cho bố mẹ. Toàn bộ số tiền từ thiện nhận được đều được dùng để chi trả chi phí chữa bệnh cho bé Bắp.\n\n“Em mà có thì 2 triệu em chẳng tiếc, chẳng qua là em không có thôi. Mấy hôm nay em phải chống cự với cộng đồng mạng rất đau đầu... Chuyện bé Bắp xong xuôi, em về nhà em sao kê đầy đủ. Em quá mệt mỏi rồi”, chị nói.\n\nCũng trong video, chị Hòa có một số câu nói gay gắt như: “Chị muốn thì chị lên cộng đồng mạng kêu tụi nó trả cho chị...”; “Chị làm như vậy thì xác định là em sẽ không bao giờ trả cho chị luôn”...\n\nVideo ngay sau khi đăng tải được chia sẻ rộng rãi trên mạng xã hội.\n\nTrao đổi với PVVietNamNet, chị Hòa cho hay, chị nhận được cuộc gọi từ người đồng nghiệp cũ vào ngày 26/2. Tuy nhiên, chị không ngờ cuộc trò chuyện này bị quay lại và đăng tải trên mạng xã hội.\n\n“Tôi không hiểu ý đồ của họ là gì, tôi rất mệt mỏi”, chị Hòa nói.\n\nNgười phụ nữ trong video là đồng nghiệp cũ của chị Hòa. Cách đây 3 năm, trong quá trình làm việc chung, đôi bên phải bỏ tự bỏ tiền túi ra để xử lý một vài sự cố. Chị Hòa từng được đồng nghiệp ứng trước một số tiền và hứa sẽ trả dần.\n\n“Tôi không nhớ cụ thể số tiền vì mỗi lần chị ấy nói ra một con số. Tôi khẳng định không có chuyện dùng tiền của các mạnh thường quân để trả nợ riêng. Nếu tôi làm vậy thì người ta đâu có cơ hội quay video này”, chị Hòa nói.\n\nCác thành viên trong gia đình kêu gọi ủng hộ bé Bắp\n\nMạng xã hội những ngày gần đây cũng lan truyền thông tin không chỉ chị Hòa, mà các thành viên khác trong gia đình cũng đem số tài khoản cá nhân lên mạng xã hội để kêu gọi ủng hộ bé Bắp.\n\nThông tin này khiến cộng đồng mạng xôn xao. Nhiều người để lại bình luận gay gắt, cho rằng việc một em bé bị bệnh, cả gia đình đứng lên kêu gọi từ thiện là vô lý.\n\nVề sự việc này, chị Hòa giải thích: “Thời điểm đó, bé Bắp mới phát bệnh. Chị gái tôi có nhắn tin cho bạn bè thân quen, nhờ mọi người giúp đỡ để có tiền cho Bắp nhập viện. Thế rồi mọi người truyền tay nhau, các bạn của chị đăng bài nhờ bạn bè giúp và có đăng kèm số tài khoản của chị.\n\nSố tiền chị tôi nhận được là hơn 12 triệu đồng. Bạn bè em trai tôi hùn lại được hơn 4 triệu đồng, chứ không có chuyện nhận được số tiền khổng lồ như đồn đoán”.\n\nGive.Asia chuyển tiền quyên góp ủng hộ bé Bắp cho em bé khác\n\nChiến dịch "A Mother\'s Fight for M.H.: A Story of Love, Sacrifice, and Hope" (tạm dịch: Cuộc chiến của một bà mẹ vì M.H.: Câu chuyện của tình yêu, sự hy sinh và hy vọng) đã được khởi xướng trên Give.Asia. Theo đó, số tiền mục tiêu là 1,8 tỷ đồng và số tiền đạt được là gần 400 triệu đồng.\n\nTuy nhiên, trưa 25/2, trước phiên livestream sao kê của Phạm Thoại, Fanpage của Give bất ngờ thông báo dừng chiến dịch với lý do “Trước sự tiến triển của cậu bé, mẹ của M.H. đã thông báo với chúng tôi rằng không cần phải gây quỹ thêm nữa”.\n\nMới đây, trên website chính thức, Give.Asia thông báo, do tình huống bất ngờ và tranh cãi liên quan đến mẹ bé Bắp, số tiền quyên góp được từ chiến dịch này sẽ được chuyển sang cho một em bé Việt Nam khác cũng đang điều trị tại Singapore.\n\nChị Hòa đã biết thông tin này.\n\n“Họ nói vậy thì chẳng khác nào nói bé Bắp không điều trị bệnh. Họ cũng tự ý chia sẻ hình ảnh của con tôi mà không thông báo với tôi bất kỳ điều gì.\n\nCòn số tiền từ thiện được chuyển cho bệnh nhi nào cũng là tốt đẹp. Tôi xem như đó là cái duyên bé Bắp được cô chú cho và Bắp chia sẻ lại cho bạn khác”, chị Hòa nói.\n\nChị Hòa phủ nhận việc yêu cầu Give.Asia dừng chiến dịch gây quỹ. Trước đó, sự việc lùm xùm sao kê từ thiện đã được bình luận trực tiếp vào trang Fanpage của Give.Asia. Một y tá của bệnh viện đã hỏi chị có phải lừa đảo hay không khiến chị suy sụp tinh thần.\n\nLo lắng bị các bác sĩ, y tá hiểu lầm, ảnh hưởng đến quá trình điều trị của bé Bắp, chị đã xin Fanpage khóa bình luận. Khi biết họ không thể khóa bình luận, chị đã xin gỡ bài kêu gọi.\n\nĐến nay, sự việc ồn ào liên quan đến mẹ bé Bắp vẫn nhận được nhiều sự quan tâm.', 'url': 'https://vietnamnet.vn/bi-ban-cu-doi-no-quy-tu-thien-chuyen-tien-cho-be-khac-me-be-bap-noi-gi-2377156.html', 'category': 'doi-song', 'crawled_at': '2025-05-03T15:22:19.723757', '_id': 'https://vietnamnet.vn/bi-ban-cu-doi-no-quy-tu-thien-chuyen-tien-cho-be-khac-me-be-bap-noi-gi-2377156.html'}}, {'index': 2, 'code': 11000, 'errmsg': 'E11000 duplicate key error collection: News.doi-song index: _id_ dup key: { _id: "https://vietnamnet.vn/co-gai-bac-giang-lai-xe-tai-may-xuc-dieu-luyen-khien-nhieu-nguoi-tram-tro-2389378.html" }', 'keyPattern': {'_id': 1}, 'keyValue': {'_id': 'https://vietnamnet.vn/co-gai-bac-giang-lai-xe-tai-may-xuc-dieu-luyen-khien-nhieu-nguoi-tram-tro-2389378.html'}, 'op': {'title': 'Cô gái Bắc Giang lái xe tải, máy xúc điêu luyện khiến nhiều người trầm trồ', 'author': 'Không có thông tin tác giả', 'publish_date': '2025-04-12T05:30:00.000 +07:00', 'views': None, 'tags': [], 'description': 'Cô gái xinh đẹp lái máy xúc, xe tải một cách thuần thục ở Bắc Giang khiến cánh mày râu thán phục, phong làm thần tượng. Nhiều người còn đua nhau “nộp đơn” xin được làm chồng.', 'main_image': 'https://static-images.vnncdn.net/vps_images_publish/000001/000003/2025/4/11/co-gai-o-bac-giang-lai-xe-tai-may-xuc-dieu-luyen-khien-nhieu-nguoi-tram-tro-115582.png?width=0&s=tCX5O5yUBc_U53irON_PmA', 'content': 'Hà Nguyễn\n\nNgày càng có nhiều phụ nữ quyết tâm theo đuổi những công việc “khó nhằn” vì đam mê. Họ không chỉ kiếm được tiền, được xã hội công nhận mà còn góp phần phá bỏ những định kiến về giới trong lĩnh vực nghề nghiệp.\n\nVietNamNet trân trọng giới thiệu tuyến bàiNghề lạ, chị em hái ra tiền, chia sẻ câu chuyện về những phụ nữ "dám" làm các công việc vốn bị xem là của phái mạnh, thậm chí cả những nghề không dành cho người yếu bóng vía.\n\nBài 1:Người phụ nữ miền Tây làm nghề \'lạ\', kể chuyện xót xa ở 1 gia đình\n\nBài 2:Cô gáilàm nghề ‘múa tay ra tiền’ tiết lộ lý do không mở nắp chai, bê vác nặng\n\nBài 3:Cô gái Kiên Giang miệt mài lái máy cày: Chỉ mong cha mẹ được sung sướng\n\nClip cô gái xinh đẹp ở Bắc Giang lái xe tải, máy xúc khiến cánh mày râu thán phục\n\nLái máy xúc, chạy xe tải\n\nThời gian qua, hình ảnh cô gái xinh đẹp lái xe tải 34 tấn, điều khiển xe máy xúc khổng lồ gắp gỗ ở xưởng bóc gỗ khiến nhiều người thích thú, thán phục.\n\nCô gái đó tên là Nguyễn Thị Hậu (SN 2002, Bắc Giang). Hậu đã có 2 năm kinh nghiệm lái máy xúc và nhiều tháng lái xe tải. Cô đến với công việc này một cách tình cờ.\n\nTháng 2/2023, Hậu nói với bố muốn thi bằng lái xe ô tô hạng C. Tuy nhiên lúc này, cô chưa đủ tuổi để đi thi.\xa0Do gia đình sản xuất, chế biến gỗ, có sẵn xe máy xúc lắp cần gắp gỗ, bố Hậu hỏi con gái có thích lái xe này không. Nếu muốn, ông sẽ dạy.\n\nThấy gia đình chưa thuê được tài xế lái máy xúc, bố vất vả gắp gỗ một mình, Hậu đồng ý. Sau đó, cô được bố cho làm quen với xe máy xúc hiệu Doosan 140 có chiều dài tay gắp lên đến 4,3m.\n\nBan đầu, cô gặp khó khăn trong việc làm quen, điều khiển tay gắp. Sau một thời gian kiên trì học tập, Hậu quen dần, dễ dàng kết hợp các động tác tay gắp. Cô có thể thay bố đến xưởng gắp gỗ bằng chiếc xe máy xúc khổng lồ của gia đình.\n\nNgoài việc điều khiển máy xúc, Hậu còn học lái xe tải lớn để chở gỗ. Tháng 7/2024, cô có bằng lái xe tải, trở thành tài xế vận chuyển ván bóc chuyên nghiệp cho gia đình.\n\nHậu chia sẻ: “Khi biết tôi có ý định học lái xe tải, máy xúc, bố mẹ rất vui. Ông bà ủng hộ nhiệt tình vì gia đình sẽ không cần phải thuê, phụ thuộc vào tài xế bên ngoài nữa”.\n\nMột ngày làm việc của Hậu thường bắt đầu từ 5h30 hoặc 6h. Cô lái xe tải đi bốc ván bóc. Trưa, Hậu tạm nghỉ về nhà nấu cơm. Hôm nào bố bận gắp gỗ, Hậu sẽ đến xưởng thay ca để ông về nhà nghỉ trưa.\n\nChiều, cô gái tiếp tục lái xe tải đi bốc ván. Đêm, nếu bố bận không thể gắp gỗ, Hậu lại một mình điều khiển xe máy xúc đến làm thay ông.\n\n“Thần tượng"\n\nTheo nghề dường như chỉ dành cho phái mạnh, cô gái trẻ gặp nhiều vất vả. Bất kể đêm muộn hay sáng sớm tinh sương, khi có xe chở gỗ đến, Hậu phải đến xưởng để gắp gỗ từ xe xuống bãi.\n\nSau khi gắp gỗ, Hậu điều khiển xe tải vượt những đoạn đường hẹp, nhiều ổ gà chở về kho. Nhiều hôm, cô phải lái xe một mình trong đêm vắng. Những lần như vậy, Hậu chọn cách khóa cửa cabin để đỡ sợ, rồi bình tĩnh lái xe về nhà.\n\n“Với tôi, công việc không nặng nhọc. Tôi cũng không lo công việc ảnh hưởng đến ngoại hình, nhan sắc. Sau ngày dài làm việc ngoài công trường, tối về tôi lại chăm sóc da, sắc đẹp tại nhà.\n\nSong, công việc không có giờ giấc khiến chế độ sinh hoạt bị thay đổi nên đôi khi tôi cũng thấy hơi mệt. Dù vậy, tôi chưa từng nghĩ đến chuyện tìm công việc khác. Bởi tôi yêu thích và thấy công việc này phù hợp với mình”, Hậutâm sự.\n\nLàm việc từ 6-18h, Hậu gần như không có thời gian cho việc yêu đương. Cô nói vui sẵn sàng sống độc thân để được làm công việc mình yêu thích, phụ giúp gia đình.\n\nHình ảnh Hậu lái xe tải, máy xúc khiến nhiều người đàn ông thích thú, khâm phục. Nhiều thanh niên còn coi Hậu là thần tượng, thậm chí đòi “nộp đơn” xin được làm chồng.\n\nHậu chia sẻ: “Công việc chính của tôi là đi mua ván bóc. Vì vậy, tôi thường xuyên chia sẻ hình ảnh cá nhân lúc làm việc lên mạng xã hội. Mục đích của tôi là để những người cùng nghề biết đến, liên hệ, hợp tác.\n\nTôi rất bất ngờ khi thấy mọi người thích thú với công việc của mình. Ở huyện, chỉ có mỗi tôi là con gái biết lái máy gắp nên mọi người đều ủng hộ.\n\nBan đầu, khi được nhiều người, đặc biệt là những người đàn ông cùng nghề gọi vui là thần tượng, tôi ngại lắm. Nhưng sau đó, tôi thấy vui và tự hào. Bởi tôi nghĩ mọi người yêu quý mình thì mới gọi thế”.\n\nVideo, ảnh: Nhân vật cung cấp', 'url': 'https://vietnamnet.vn/co-gai-bac-giang-lai-xe-tai-may-xuc-dieu-luyen-khien-nhieu-nguoi-tram-tro-2389378.html', 'category': 'doi-song', 'crawled_at': '2025-05-03T15:22:24.639171', '_id': 'https://vietnamnet.vn/co-gai-bac-giang-lai-xe-tai-may-xuc-dieu-luyen-khien-nhieu-nguoi-tram-tro-2389378.html'}}, {'index': 3, 'code': 11000, 'errmsg': 'E11000 duplicate key error collection: News.doi-song index: _id_ dup key: { _id: "https://vietnamnet.vn/chi-dau-bat-ngo-doi-vang-cho-muon-em-chong-dung-ngoi-khong-yen-2397067.html#comment" }', 'keyPattern': {'_id': 1}, 'keyValue': {'_id': 'https://vietnamnet.vn/chi-dau-bat-ngo-doi-vang-cho-muon-em-chong-dung-ngoi-khong-yen-2397067.html#comment'}, 'op': {'title': 'Chị dâu bất ngờ đòi vàng cho mượn, em chồng đứng ngồi không yên', 'author': 'Không có thông tin tác giả', 'publish_date': '2025-05-02T11:38:13.000 +07:00', 'views': None, 'tags': [], 'description': 'Tôi bị chị dâu đòi vàng dù chưa đến hạn trả, hơn nữa còn đúng vào thời điểm vàng đang lên giá cao ngất. Tôi không biết xoay tiền ở đâu để mua vàng trả lại chị.', 'main_image': 'https://static-images.vnncdn.net/vps_images_publish/000001/000003/2025/5/2/vaytien-fp-51540.jpg?width=0&s=yY_9sNuDaRtTVvOIRuw8-w', 'content': 'Cuối năm 2023, tôi mượn chị dâu 1 cây vàng để mua nhà và hẹn trả sau 3 năm. Vì là người trong nhà nên mọi thứ rất thoải mái, không viết giấy vay, không lãi suất. Theo lịch hẹn, cuối năm 2026 tôi mới phải tính chuyện trả lại.\n\nHôm trước, chị dâu bất ngờ gọi điện cho tôi nói khéo: “Trước chị hứa cho cô chú vay vàng 3 năm trả nhưng thực tình bây giờ anh chị khó khăn quá. Cháu lớn sắp đi nước ngoài du học, anh chị cần tiền để lo cho cháu.\n\nChị cũng cố gắng xoay mấy chỗ nhưng chưa đủ. Biết là đòi trước cũng làm khó các em nhưng mong cô chú hiểu. Cô chú xoay tiền giúp anh chị trong tháng này nhé”.\n\nTôi thực sự không biết nói gì. Vốn nghĩ phải hơn 1 năm nữa mới phải lo số tiền trả anh chị nhưng giờ tình hình thế này, tôi biết tính sao. Giá vàng hiện quá cao. Trong khi vợ chồng tôi không có tiền tiết kiệm.\n\nTôi nói với chồng mà nước mắt rưng rưng. Giờ tôi đã hiểu lời bạn bè nói: “Vay tiền của người thân tốt hiện tại nhưng khó về sau. Đùng một cái, người nhà có việc, mình không thể không trả. Nếu bị đòi gấp thì khổ hơn vay ngân hàng”.\n\nChồng tôi nghe xong thì rất bực. Chồng tôi cho rằng chị dâu làm vậy là cố tình gây khó dễ cho vợ chồng tôi.\n\nNgày chúng tôi mua nhà, các anh chị bên chồng đều gom góp mỗi người một ít giúp các em. Bên nhà vợ không ai góp tiền, chỉ có chị dâu cho mượn 1 cây vàng. Điều này vốn đã khiến chồng tôi luôn không hài lòng với nhà vợ.\n\nAnh lập tức gọi cho mẹ tôi, nói hết sự bức xúc của mình. Anh nhất quyết không trả trước hạn, kể cả anh chị có không hài lòng, có nói chúng tôi không biết điều.\n\nThật ra, tôi cũng chưa tính được đến thời hạn 3 năm sẽ trả bằng cách nào nhưng ít ra, có thời gian chuẩn bị vẫn tốt hơn. Vả lại, nhỡ đâu lúc đó vàng không cao như hiện tại thì vợ chồng tôi cũng dễ bề xoay chuyển.\n\nTôi bần thần suốt mấy ngày, ngồi tính toán như người mất hồn. Nếu giờ đi mua vàng để trả thì tôi phải vay tiền ngân hàng hoặc vay bạn bè.\n\nNhưng bạn bè xung quanh cũng không ai có điều kiện cho tôi vay một khoản lớn như vậy, còn vay ngân hàng thì thủ tục rất lằng nhằng, phải thế chấp tài sản. Mà tài sản tôi có duy nhất lúc này là ngôi nhà. Tôi nên làm gì đây?\n\nĐộc giả giấu tên', 'url': 'https://vietnamnet.vn/chi-dau-bat-ngo-doi-vang-cho-muon-em-chong-dung-ngoi-khong-yen-2397067.html#comment', 'category': 'doi-song', 'crawled_at': '2025-05-03T15:22:29.054252', '_id': 'https://vietnamnet.vn/chi-dau-bat-ngo-doi-vang-cho-muon-em-chong-dung-ngoi-khong-yen-2397067.html#comment'}}, {'index': 4, 'code': 11000, 'errmsg': 'E11000 duplicate key error collection: News.doi-song index: _id_ dup key: { _id: "https://vietnamnet.vn/tai-xe-cuoi-tit-mat-khi-thay-me-don-than-bam-nut-tai-ban-muon-hen-ho-2396522.html" }', 'keyPattern': {'_id': 1}, 'keyValue': {'_id': 'https://vietnamnet.vn/tai-xe-cuoi-tit-mat-khi-thay-me-don-than-bam-nut-tai-ban-muon-hen-ho-2396522.html'}, 'op': {'title': "Tài xế Kiên Giang 'cười tít mắt' khi được mẹ đơn thân đồng ý hẹn hò", 'author': 'Không có thông tin tác giả', 'publish_date': '2025-05-01T20:46:18.000 +07:00', 'views': None, 'tags': [], 'description': 'Cùng trải qua hôn nhân đổ vỡ, cặp đôi đến chương trình Bạn muốn hẹn hò mong tìm được một nửa phù hợp, biết yêu thương, chia sẻ. ', 'main_image': 'https://static-images.vnncdn.net/vps_images_publish/000001/000003/2025/5/1/anhdd-6-82150.png?width=0&s=ScnpG4hkOWaYWWWJ5qsHjQ', 'content': 'Tú Linh\n\nChương trìnhBạn muốn hẹn hòtập 1002 chứng kiến mối duyên ngọt ngào giữa anh tài xế Đặng Văn Giỏi (36 tuổi) đến từ Kiên Giang và chị Nguyễn Thị Cẩm Chi (36 tuổi) - trợ lý quản lý nhà hàng tiệc cưới tại Sóc Trăng.\n\nĐều trải qua những đổ vỡ trong hôn nhân, cả hai đến chương trình với mong muốn tìm được một nửa chân thành, biết chia sẻ và có thể đồng hành cùng nhau trong cuộc sống.\n\nAnh Giỏi là người hiền lành, chịu khó, từng có cuộc hôn nhân kéo dài 7 năm và có một con trai. Sau ly hôn, con trai ở với mẹ nhưng anh cho biết vẫn luôn thực hiện trách nhiệm của người làm cha.\n\nAnh mong muốn tìm được người phụ nữ biết quan tâm, chia sẻ và tôn trọng lẫn nhau. Dù có phần nhút nhát, anh vẫn cho thấy sự chân thành qua từng lời nói khiến đàng gái ấn tượng.\n\nChị Cẩm Chi cũng có hoàn cảnh hôn nhân khá éo le. Chị từng trải qua một cuộc hôn nhân chỉ vỏn vẹn hơn 1 năm rồi chia tay. Chị hiện là một bà mẹ đơn thân có con trai hơn 6 tuổi.\n\nSau ly hôn, chị mở lòng đón nhận tình yêu mới với một nhạc công. Tuy nhiên, vì tính chất công việc của hai người không hợp nhau nên chị quyết định dừng lại.\n\nDù không khéo ăn nói nhưng chị Chi tự tin với sự độc lập và khả năng làm chủ cuộc sống của mình. Chị mong tìm được người đàn ông đủ vững vàng để làm điểm tựa cho hai mẹ con.\n\nKhi cánh cửa tình yêu được mở, anh Giỏi không giấu được niềm vui khi nhìn thấy đàng gái với vẻ ngoài dịu dàng, đúng mẫu người anh tìm kiếm.\n\nChị Chi cũng bày tỏ sự ấn tượng với anh Giỏi, khen anh hiền lành, chất phác.\n\nTấm chân tình của anh Giỏi càng khiến chị Chi xúc động khi anh bày tỏ: "Con của em cũng như con anh. Nếu anh không thể thương con như cha ruột thì anh cũng sẽ thương bằng tất cả tình yêu thương của mình".\n\nAnh cũng khẳng định thu nhập ổn định, có thể lo được cho hai mẹ con chị Chi.\n\nKhi được MC mời tiến gần nhau để lắng nghe nhịp đập con tim, cả hai không giấu được cảm xúc bồi hồi. Anh Giỏi hơi run khi nắm tay chị Chi. Đàng gái cũng tỏ ra đồng lòng khi nói rằng chỉ cần nơi nào thuận tiện cho công việc của anh thì chị sẵn sàng tính toán tương lai chung.\n\nSau phần trò chuyện và màn song ca ngọt ngào, cả hai không do dự, cùng bấm nút hẹn hò. Khoảnh khắc nắm tay nhau đầy xúc động đã mở ra hành trình mới cho cặp đôi từng đi qua nhiều tổn thương.\n\nTrước tràng pháo tay của khán giả và người thân đi cùng, anh Giỏi cười tít mắt, hạnh phúc vì gặp được người bạn gái ưng ý.', 'url': 'https://vietnamnet.vn/tai-xe-cuoi-tit-mat-khi-thay-me-don-than-bam-nut-tai-ban-muon-hen-ho-2396522.html', 'category': 'doi-song', 'crawled_at': '2025-05-03T15:22:33.821044', '_id': 'https://vietnamnet.vn/tai-xe-cuoi-tit-mat-khi-thay-me-don-than-bam-nut-tai-ban-muon-hen-ho-2396522.html'}}], 'writeConcernErrors': [], 'nInserted': 0, 'nUpserted': 0, 'nMatched': 0, 'nModified': 0, 'nRemoved': 0, 'upserted': []}
[2025-05-03T15:22:35.058+0000] {python.py:237} INFO - Done. Returned value was: None
[2025-05-03T15:22:35.060+0000] {taskinstance.py:441} INFO - ::group::Post task execution logs
[2025-05-03T15:22:35.072+0000] {taskinstance.py:1206} INFO - Marking task as SUCCESS. dag_id=vietnamnet_multi_category_crawler, task_id=crawl_doi-song, run_id=scheduled__2025-05-02T00:00:00+00:00, execution_date=20250502T000000, start_date=20250503T152208, end_date=20250503T152235
[2025-05-03T15:22:35.145+0000] {local_task_job_runner.py:240} INFO - Task exited with return code 0
[2025-05-03T15:22:35.157+0000] {taskinstance.py:3503} INFO - 0 downstream tasks scheduled from follow-on schedule check
[2025-05-03T15:22:35.160+0000] {local_task_job_runner.py:222} INFO - ::endgroup::
[2025-05-03T15:29:02.471+0000] {local_task_job_runner.py:120} INFO - ::group::Pre task execution logs
[2025-05-03T15:29:02.497+0000] {taskinstance.py:2076} INFO - Dependencies all met for dep_context=non-requeueable deps ti=<TaskInstance: vietnamnet_multi_category_crawler.crawl_doi-song scheduled__2025-05-02T00:00:00+00:00 [queued]>
[2025-05-03T15:29:02.507+0000] {taskinstance.py:2076} INFO - Dependencies all met for dep_context=requeueable deps ti=<TaskInstance: vietnamnet_multi_category_crawler.crawl_doi-song scheduled__2025-05-02T00:00:00+00:00 [queued]>
[2025-05-03T15:29:02.507+0000] {taskinstance.py:2306} INFO - Starting attempt 1 of 2
[2025-05-03T15:29:02.523+0000] {taskinstance.py:2330} INFO - Executing <Task(PythonOperator): crawl_doi-song> on 2025-05-02 00:00:00+00:00
[2025-05-03T15:29:02.529+0000] {warnings.py:112} WARNING - /home/***/.local/lib/python3.12/site-packages/***/task/task_runner/standard_task_runner.py:61: DeprecationWarning: This process (pid=7004) is multi-threaded, use of fork() may lead to deadlocks in the child.
  pid = os.fork()

[2025-05-03T15:29:02.531+0000] {standard_task_runner.py:63} INFO - Started process 7006 to run task
[2025-05-03T15:29:02.531+0000] {standard_task_runner.py:90} INFO - Running: ['***', 'tasks', 'run', 'vietnamnet_multi_category_crawler', 'crawl_doi-song', 'scheduled__2025-05-02T00:00:00+00:00', '--job-id', '11', '--raw', '--subdir', 'DAGS_FOLDER/dags.py', '--cfg-path', '/tmp/tmpzi37ynjt']
[2025-05-03T15:29:02.534+0000] {standard_task_runner.py:91} INFO - Job 11: Subtask crawl_doi-song
[2025-05-03T15:29:02.587+0000] {task_command.py:426} INFO - Running <TaskInstance: vietnamnet_multi_category_crawler.crawl_doi-song scheduled__2025-05-02T00:00:00+00:00 [running]> on host 35c23d20a97a
[2025-05-03T15:29:02.674+0000] {taskinstance.py:2648} INFO - Exporting env vars: AIRFLOW_CTX_DAG_OWNER='***' AIRFLOW_CTX_DAG_ID='vietnamnet_multi_category_crawler' AIRFLOW_CTX_TASK_ID='crawl_doi-song' AIRFLOW_CTX_EXECUTION_DATE='2025-05-02T00:00:00+00:00' AIRFLOW_CTX_TRY_NUMBER='1' AIRFLOW_CTX_DAG_RUN_ID='scheduled__2025-05-02T00:00:00+00:00'
[2025-05-03T15:29:02.675+0000] {taskinstance.py:430} INFO - ::endgroup::
[2025-05-03T15:29:03.351+0000] {logging_mixin.py:188} INFO - [INIT].... → Crawl4AI 0.6.2
[2025-05-03T15:29:07.035+0000] {logging_mixin.py:188} INFO - [FETCH]... ↓ https://vietnamnet.vn/doi-song                                                                       | 
[2025-05-03T15:29:07.036+0000] {logging_mixin.py:188} INFO - ✓
[2025-05-03T15:29:07.037+0000] {logging_mixin.py:188} INFO -  | ⏱: 3.61s
[2025-05-03T15:29:07.365+0000] {logging_mixin.py:188} INFO - [SCRAPE].. ◆ https://vietnamnet.vn/doi-song                                                                       | 
[2025-05-03T15:29:07.366+0000] {logging_mixin.py:188} INFO - ✓
[2025-05-03T15:29:07.367+0000] {logging_mixin.py:188} INFO -  | ⏱: 0.33s
[2025-05-03T15:29:07.368+0000] {logging_mixin.py:188} INFO - [COMPLETE] ● https://vietnamnet.vn/doi-song                                                                       | 
[2025-05-03T15:29:07.369+0000] {logging_mixin.py:188} INFO - ✓
[2025-05-03T15:29:07.369+0000] {logging_mixin.py:188} INFO -  | ⏱: 3.94s
[2025-05-03T15:29:07.495+0000] {logging_mixin.py:188} INFO - Tìm thấy 64 link bài viết (trước khi lọc trùng trong DB)
[2025-05-03T15:29:08.415+0000] {logging_mixin.py:188} INFO - 55 bài viết mới cần crawl
[2025-05-03T15:29:09.276+0000] {logging_mixin.py:188} INFO - Đang crawl 5 bài viết từ danh mục doi-song...
[2025-05-03T15:29:09.276+0000] {logging_mixin.py:188} INFO - --> Crawl: https://vietnamnet.vn/co-gai-kien-giang-miet-mai-lai-may-cay-chi-mong-cha-me-duoc-sung-suong-2388862.html
[2025-05-03T15:29:09.832+0000] {logging_mixin.py:188} INFO - [INIT].... → Crawl4AI 0.6.2
[2025-05-03T15:29:14.714+0000] {logging_mixin.py:188} INFO - [FETCH]... ↓ https://vietnamnet.vn/co-gai-kien-giang-miet-mai...cay-chi-mong-cha-me-duoc-sung-suong-2388862.html  | 
[2025-05-03T15:29:14.717+0000] {logging_mixin.py:188} INFO - ✓
[2025-05-03T15:29:14.718+0000] {logging_mixin.py:188} INFO -  | ⏱: 4.81s
[2025-05-03T15:29:15.017+0000] {logging_mixin.py:188} INFO - [SCRAPE].. ◆ https://vietnamnet.vn/co-gai-kien-giang-miet-mai...cay-chi-mong-cha-me-duoc-sung-suong-2388862.html  | 
[2025-05-03T15:29:15.018+0000] {logging_mixin.py:188} INFO - ✓
[2025-05-03T15:29:15.019+0000] {logging_mixin.py:188} INFO -  | ⏱: 0.30s
[2025-05-03T15:29:15.020+0000] {logging_mixin.py:188} INFO - [COMPLETE] ● https://vietnamnet.vn/co-gai-kien-giang-miet-mai...cay-chi-mong-cha-me-duoc-sung-suong-2388862.html  | 
[2025-05-03T15:29:15.020+0000] {logging_mixin.py:188} INFO - ✓
[2025-05-03T15:29:15.021+0000] {logging_mixin.py:188} INFO -  | ⏱: 5.12s
[2025-05-03T15:29:16.425+0000] {logging_mixin.py:188} INFO -     ✓ Cô gái Kiên Giang miệt mài lái máy cày: Chỉ mong cha mẹ được...
[2025-05-03T15:29:16.425+0000] {logging_mixin.py:188} INFO - --> Crawl: https://vietnamnet.vn/co-gai-dak-lak-tu-mua-dat-lam-nha-go-tao-khong-gian-song-dep-me-man-2396730.html#comment
[2025-05-03T15:29:17.005+0000] {logging_mixin.py:188} INFO - [INIT].... → Crawl4AI 0.6.2
[2025-05-03T15:29:22.911+0000] {logging_mixin.py:188} INFO - [FETCH]... ↓ https://vietnamnet.vn/co-gai-dak-lak-tu-mua-dat-...-khong-gian-song-dep-me-man-2396730.html#comment  | 
[2025-05-03T15:29:22.912+0000] {logging_mixin.py:188} INFO - ✓
[2025-05-03T15:29:22.913+0000] {logging_mixin.py:188} INFO -  | ⏱: 5.82s
[2025-05-03T15:29:23.257+0000] {logging_mixin.py:188} INFO - [SCRAPE].. ◆ https://vietnamnet.vn/co-gai-dak-lak-tu-mua-dat-...-khong-gian-song-dep-me-man-2396730.html#comment  | 
[2025-05-03T15:29:23.257+0000] {logging_mixin.py:188} INFO - ✓
[2025-05-03T15:29:23.258+0000] {logging_mixin.py:188} INFO -  | ⏱: 0.34s
[2025-05-03T15:29:23.260+0000] {logging_mixin.py:188} INFO - [COMPLETE] ● https://vietnamnet.vn/co-gai-dak-lak-tu-mua-dat-...-khong-gian-song-dep-me-man-2396730.html#comment  | 
[2025-05-03T15:29:23.261+0000] {logging_mixin.py:188} INFO - ✓
[2025-05-03T15:29:23.262+0000] {logging_mixin.py:188} INFO -  | ⏱: 6.16s
[2025-05-03T15:29:23.755+0000] {logging_mixin.py:188} INFO -     ✓ Cô gái Đắk Lắk tự mua đất, làm nhà gỗ, tạo không gian sống đ...
[2025-05-03T15:29:23.756+0000] {logging_mixin.py:188} INFO - --> Crawl: https://vietnamnet.vn/vo-chong-di-du-lich-quen-tat-dieu-hoa-hang-xom-kho-so-xu-ly-hau-qua-2396383.html#comment
[2025-05-03T15:29:24.525+0000] {logging_mixin.py:188} INFO - [INIT].... → Crawl4AI 0.6.2
[2025-05-03T15:29:28.552+0000] {logging_mixin.py:188} INFO - [FETCH]... ↓ https://vietnamnet.vn/vo-chong-di-du-lich-quen-t...ng-xom-kho-so-xu-ly-hau-qua-2396383.html#comment  | 
[2025-05-03T15:29:28.553+0000] {logging_mixin.py:188} INFO - ✓
[2025-05-03T15:29:28.553+0000] {logging_mixin.py:188} INFO -  | ⏱: 3.94s
[2025-05-03T15:29:28.839+0000] {logging_mixin.py:188} INFO - [SCRAPE].. ◆ https://vietnamnet.vn/vo-chong-di-du-lich-quen-t...ng-xom-kho-so-xu-ly-hau-qua-2396383.html#comment  | 
[2025-05-03T15:29:28.840+0000] {logging_mixin.py:188} INFO - ✓
[2025-05-03T15:29:28.841+0000] {logging_mixin.py:188} INFO -  | ⏱: 0.28s
[2025-05-03T15:29:28.843+0000] {logging_mixin.py:188} INFO - [COMPLETE] ● https://vietnamnet.vn/vo-chong-di-du-lich-quen-t...ng-xom-kho-so-xu-ly-hau-qua-2396383.html#comment  | 
[2025-05-03T15:29:28.844+0000] {logging_mixin.py:188} INFO - ✓
[2025-05-03T15:29:28.844+0000] {logging_mixin.py:188} INFO -  | ⏱: 4.23s
[2025-05-03T15:29:29.363+0000] {logging_mixin.py:188} INFO -     ✓ Vợ chồng đi du lịch quên tắt điều hòa, hàng xóm khổ sở xử lý...
[2025-05-03T15:29:29.364+0000] {logging_mixin.py:188} INFO - --> Crawl: https://vietnamnet.vn/tai-xe-thoat-chet-khi-thanh-sat-dam-xuyen-kinh-chan-gio-2394345.html
[2025-05-03T15:29:30.071+0000] {logging_mixin.py:188} INFO - [INIT].... → Crawl4AI 0.6.2
[2025-05-03T15:29:35.202+0000] {logging_mixin.py:188} INFO - [FETCH]... ↓ https://vietnamnet.vn/tai-xe-thoat-chet-khi-thanh-sat-dam-xuyen-kinh-chan-gio-2394345.html           | 
[2025-05-03T15:29:35.203+0000] {logging_mixin.py:188} INFO - ✓
[2025-05-03T15:29:35.204+0000] {logging_mixin.py:188} INFO -  | ⏱: 5.06s
[2025-05-03T15:29:35.409+0000] {logging_mixin.py:188} INFO - [SCRAPE].. ◆ https://vietnamnet.vn/tai-xe-thoat-chet-khi-thanh-sat-dam-xuyen-kinh-chan-gio-2394345.html           | 
[2025-05-03T15:29:35.410+0000] {logging_mixin.py:188} INFO - ✓
[2025-05-03T15:29:35.411+0000] {logging_mixin.py:188} INFO -  | ⏱: 0.20s
[2025-05-03T15:29:35.412+0000] {logging_mixin.py:188} INFO - [COMPLETE] ● https://vietnamnet.vn/tai-xe-thoat-chet-khi-thanh-sat-dam-xuyen-kinh-chan-gio-2394345.html           | 
[2025-05-03T15:29:35.413+0000] {logging_mixin.py:188} INFO - ✓
[2025-05-03T15:29:35.413+0000] {logging_mixin.py:188} INFO -  | ⏱: 5.26s
[2025-05-03T15:29:35.737+0000] {logging_mixin.py:188} INFO -     ✓ Tài xế thoát chết khi thanh sắt đâm xuyên kính chắn gió...
[2025-05-03T15:29:35.737+0000] {logging_mixin.py:188} INFO - --> Crawl: https://vietnamnet.vn/ky-3-nha-giao-te-va-nhung-ky-uc-ve-duong-ong-xang-dau-truong-son-huyen-thoai-2393884.html
[2025-05-03T15:29:36.350+0000] {logging_mixin.py:188} INFO - [INIT].... → Crawl4AI 0.6.2
[2025-05-03T15:29:41.047+0000] {logging_mixin.py:188} INFO - [FETCH]... ↓ https://vietnamnet.vn/ky-3-nha-giao-te-va-nhung-...ong-xang-dau-truong-son-huyen-thoai-2393884.html  | 
[2025-05-03T15:29:41.048+0000] {logging_mixin.py:188} INFO - ✓
[2025-05-03T15:29:41.049+0000] {logging_mixin.py:188} INFO -  | ⏱: 4.60s
[2025-05-03T15:29:41.220+0000] {logging_mixin.py:188} INFO - [SCRAPE].. ◆ https://vietnamnet.vn/ky-3-nha-giao-te-va-nhung-...ong-xang-dau-truong-son-huyen-thoai-2393884.html  | 
[2025-05-03T15:29:41.221+0000] {logging_mixin.py:188} INFO - ✓
[2025-05-03T15:29:41.221+0000] {logging_mixin.py:188} INFO -  | ⏱: 0.17s
[2025-05-03T15:29:41.223+0000] {logging_mixin.py:188} INFO - [COMPLETE] ● https://vietnamnet.vn/ky-3-nha-giao-te-va-nhung-...ong-xang-dau-truong-son-huyen-thoai-2393884.html  | 
[2025-05-03T15:29:41.223+0000] {logging_mixin.py:188} INFO - ✓
[2025-05-03T15:29:41.224+0000] {logging_mixin.py:188} INFO -  | ⏱: 4.78s
[2025-05-03T15:29:41.561+0000] {logging_mixin.py:188} INFO -     ✓ Nhà giao tế và những ký ức về đường ống xăng dầu Trường Sơn ...
[2025-05-03T15:29:41.562+0000] {logging_mixin.py:188} INFO - ⏱️  Tổng thời gian crawl: 38.87 giây
[2025-05-03T15:29:42.392+0000] {logging_mixin.py:188} INFO - Đã lưu 5 bài viết vào collection 'doi-song'
[2025-05-03T15:29:42.455+0000] {python.py:237} INFO - Done. Returned value was: None
[2025-05-03T15:29:42.457+0000] {taskinstance.py:441} INFO - ::group::Post task execution logs
[2025-05-03T15:29:42.466+0000] {taskinstance.py:1206} INFO - Marking task as SUCCESS. dag_id=vietnamnet_multi_category_crawler, task_id=crawl_doi-song, run_id=scheduled__2025-05-02T00:00:00+00:00, execution_date=20250502T000000, start_date=20250503T152902, end_date=20250503T152942
[2025-05-03T15:29:42.514+0000] {local_task_job_runner.py:240} INFO - Task exited with return code 0
[2025-05-03T15:29:42.527+0000] {taskinstance.py:3503} INFO - 0 downstream tasks scheduled from follow-on schedule check
[2025-05-03T15:29:42.529+0000] {local_task_job_runner.py:222} INFO - ::endgroup::
[2025-05-03T15:39:39.400+0000] {local_task_job_runner.py:120} INFO - ::group::Pre task execution logs
[2025-05-03T15:39:39.443+0000] {taskinstance.py:2076} INFO - Dependencies all met for dep_context=non-requeueable deps ti=<TaskInstance: vietnamnet_multi_category_crawler.crawl_doi-song scheduled__2025-05-02T00:00:00+00:00 [queued]>
[2025-05-03T15:39:39.458+0000] {taskinstance.py:2076} INFO - Dependencies all met for dep_context=requeueable deps ti=<TaskInstance: vietnamnet_multi_category_crawler.crawl_doi-song scheduled__2025-05-02T00:00:00+00:00 [queued]>
[2025-05-03T15:39:39.459+0000] {taskinstance.py:2306} INFO - Starting attempt 1 of 2
[2025-05-03T15:39:39.484+0000] {taskinstance.py:2330} INFO - Executing <Task(PythonOperator): crawl_doi-song> on 2025-05-02 00:00:00+00:00
[2025-05-03T15:39:39.495+0000] {warnings.py:112} WARNING - /home/***/.local/lib/python3.12/site-packages/***/task/task_runner/standard_task_runner.py:61: DeprecationWarning: This process (pid=172) is multi-threaded, use of fork() may lead to deadlocks in the child.
  pid = os.fork()

[2025-05-03T15:39:39.500+0000] {standard_task_runner.py:63} INFO - Started process 173 to run task
[2025-05-03T15:39:39.501+0000] {standard_task_runner.py:90} INFO - Running: ['***', 'tasks', 'run', 'vietnamnet_multi_category_crawler', 'crawl_doi-song', 'scheduled__2025-05-02T00:00:00+00:00', '--job-id', '4', '--raw', '--subdir', 'DAGS_FOLDER/dags.py', '--cfg-path', '/tmp/tmphndh23pl']
[2025-05-03T15:39:39.507+0000] {standard_task_runner.py:91} INFO - Job 4: Subtask crawl_doi-song
[2025-05-03T15:39:39.645+0000] {task_command.py:426} INFO - Running <TaskInstance: vietnamnet_multi_category_crawler.crawl_doi-song scheduled__2025-05-02T00:00:00+00:00 [running]> on host 4b7373746518
[2025-05-03T15:39:39.847+0000] {taskinstance.py:2648} INFO - Exporting env vars: AIRFLOW_CTX_DAG_OWNER='***' AIRFLOW_CTX_DAG_ID='vietnamnet_multi_category_crawler' AIRFLOW_CTX_TASK_ID='crawl_doi-song' AIRFLOW_CTX_EXECUTION_DATE='2025-05-02T00:00:00+00:00' AIRFLOW_CTX_TRY_NUMBER='1' AIRFLOW_CTX_DAG_RUN_ID='scheduled__2025-05-02T00:00:00+00:00'
[2025-05-03T15:39:39.849+0000] {taskinstance.py:430} INFO - ::endgroup::
[2025-05-03T15:39:40.050+0000] {taskinstance.py:441} INFO - ::group::Post task execution logs
[2025-05-03T15:39:40.052+0000] {taskinstance.py:2905} ERROR - Task failed with exception
Traceback (most recent call last):
  File "/home/airflow/.local/lib/python3.12/site-packages/airflow/models/taskinstance.py", line 465, in _execute_task
    result = _execute_callable(context=context, **execute_callable_kwargs)
             ^^^^^^^^^^^^^^^^^^^^^^^^^^^^^^^^^^^^^^^^^^^^^^^^^^^^^^^^^^^^^
  File "/home/airflow/.local/lib/python3.12/site-packages/airflow/models/taskinstance.py", line 432, in _execute_callable
    return execute_callable(context=context, **execute_callable_kwargs)
           ^^^^^^^^^^^^^^^^^^^^^^^^^^^^^^^^^^^^^^^^^^^^^^^^^^^^^^^^^^^^
  File "/home/airflow/.local/lib/python3.12/site-packages/airflow/models/baseoperator.py", line 401, in wrapper
    return func(self, *args, **kwargs)
           ^^^^^^^^^^^^^^^^^^^^^^^^^^^
  File "/home/airflow/.local/lib/python3.12/site-packages/airflow/operators/python.py", line 235, in execute
    return_value = self.execute_callable()
                   ^^^^^^^^^^^^^^^^^^^^^^^
  File "/home/airflow/.local/lib/python3.12/site-packages/airflow/operators/python.py", line 252, in execute_callable
    return self.python_callable(*self.op_args, **self.op_kwargs)
           ^^^^^^^^^^^^^^^^^^^^^^^^^^^^^^^^^^^^^^^^^^^^^^^^^^^^^
  File "/opt/airflow/dags/dags.py", line 35, in crawl_category
    asyncio.run(_crawl_category(category_url, max_articles))
  File "/home/airflow/.local/lib/python3.12/site-packages/nest_asyncio.py", line 30, in run
    return loop.run_until_complete(task)
           ^^^^^^^^^^^^^^^^^^^^^^^^^^^^^
  File "/home/airflow/.local/lib/python3.12/site-packages/nest_asyncio.py", line 98, in run_until_complete
    return f.result()
           ^^^^^^^^^^
  File "/usr/local/lib/python3.12/asyncio/futures.py", line 203, in result
    raise self._exception.with_traceback(self._exception_tb)
  File "/usr/local/lib/python3.12/asyncio/tasks.py", line 314, in __step_run_and_handle_result
    result = coro.send(None)
             ^^^^^^^^^^^^^^^
  File "/opt/airflow/dags/dags.py", line 45, in _crawl_category
    await crawler.crawl_all_articles()
  File "/opt/airflow/dags/crawler.py", line 147, in crawl_all_articles
    article_links = await self.get_article_links()
                    ^^^^^^^^^^^^^^^^^^^^^^^^^^^^^^
  File "/opt/airflow/dags/crawler.py", line 37, in get_article_links
    async with AsyncWebCrawler() as crawler:
               ^^^^^^^^^^^^^^^^^
  File "/home/airflow/.local/lib/python3.12/site-packages/crawl4ai/async_webcrawler.py", line 161, in __init__
    self.robots_parser = RobotsParser()
                         ^^^^^^^^^^^^^^
  File "/home/airflow/.local/lib/python3.12/site-packages/crawl4ai/utils.py", line 224, in __init__
    self._init_db()
  File "/home/airflow/.local/lib/python3.12/site-packages/crawl4ai/utils.py", line 229, in _init_db
    conn.execute("PRAGMA journal_mode=WAL")
sqlite3.OperationalError: database is locked
[2025-05-03T15:39:40.076+0000] {taskinstance.py:1206} INFO - Marking task as UP_FOR_RETRY. dag_id=vietnamnet_multi_category_crawler, task_id=crawl_doi-song, run_id=scheduled__2025-05-02T00:00:00+00:00, execution_date=20250502T000000, start_date=20250503T153939, end_date=20250503T153940
[2025-05-03T15:39:40.120+0000] {standard_task_runner.py:110} ERROR - Failed to execute job 4 for task crawl_doi-song (database is locked; 173)
[2025-05-03T15:39:40.165+0000] {local_task_job_runner.py:240} INFO - Task exited with return code 1
[2025-05-03T15:39:40.191+0000] {local_task_job_runner.py:222} INFO - ::endgroup::
[2025-05-03T16:56:55.659+0000] {local_task_job_runner.py:120} INFO - ::group::Pre task execution logs
[2025-05-03T16:56:55.682+0000] {taskinstance.py:2076} INFO - Dependencies all met for dep_context=non-requeueable deps ti=<TaskInstance: vietnamnet_multi_category_crawler.crawl_doi-song scheduled__2025-05-02T00:00:00+00:00 [queued]>
[2025-05-03T16:56:55.691+0000] {taskinstance.py:2076} INFO - Dependencies all met for dep_context=requeueable deps ti=<TaskInstance: vietnamnet_multi_category_crawler.crawl_doi-song scheduled__2025-05-02T00:00:00+00:00 [queued]>
[2025-05-03T16:56:55.692+0000] {taskinstance.py:2306} INFO - Starting attempt 1 of 2
[2025-05-03T16:56:55.706+0000] {taskinstance.py:2330} INFO - Executing <Task(PythonOperator): crawl_doi-song> on 2025-05-02 00:00:00+00:00
[2025-05-03T16:56:55.712+0000] {warnings.py:112} WARNING - /home/***/.local/lib/python3.12/site-packages/***/task/task_runner/standard_task_runner.py:61: DeprecationWarning: This process (pid=8595) is multi-threaded, use of fork() may lead to deadlocks in the child.
  pid = os.fork()

[2025-05-03T16:56:55.714+0000] {standard_task_runner.py:63} INFO - Started process 8597 to run task
[2025-05-03T16:56:55.714+0000] {standard_task_runner.py:90} INFO - Running: ['***', 'tasks', 'run', 'vietnamnet_multi_category_crawler', 'crawl_doi-song', 'scheduled__2025-05-02T00:00:00+00:00', '--job-id', '11', '--raw', '--subdir', 'DAGS_FOLDER/dags.py', '--cfg-path', '/tmp/tmph3ddcbzc']
[2025-05-03T16:56:55.716+0000] {standard_task_runner.py:91} INFO - Job 11: Subtask crawl_doi-song
[2025-05-03T16:56:55.763+0000] {task_command.py:426} INFO - Running <TaskInstance: vietnamnet_multi_category_crawler.crawl_doi-song scheduled__2025-05-02T00:00:00+00:00 [running]> on host 3ca514faf7bb
[2025-05-03T16:56:55.848+0000] {taskinstance.py:2648} INFO - Exporting env vars: AIRFLOW_CTX_DAG_OWNER='***' AIRFLOW_CTX_DAG_ID='vietnamnet_multi_category_crawler' AIRFLOW_CTX_TASK_ID='crawl_doi-song' AIRFLOW_CTX_EXECUTION_DATE='2025-05-02T00:00:00+00:00' AIRFLOW_CTX_TRY_NUMBER='1' AIRFLOW_CTX_DAG_RUN_ID='scheduled__2025-05-02T00:00:00+00:00'
[2025-05-03T16:56:55.849+0000] {taskinstance.py:430} INFO - ::endgroup::
[2025-05-03T16:56:56.664+0000] {logging_mixin.py:188} INFO - [INIT].... → Crawl4AI 0.6.2
[2025-05-03T16:56:59.876+0000] {logging_mixin.py:188} INFO - [FETCH]... ↓ https://vietnamnet.vn/doi-song                                                                       | 
[2025-05-03T16:56:59.877+0000] {logging_mixin.py:188} INFO - ✓
[2025-05-03T16:56:59.878+0000] {logging_mixin.py:188} INFO -  | ⏱: 3.15s
[2025-05-03T16:57:00.204+0000] {logging_mixin.py:188} INFO - [SCRAPE].. ◆ https://vietnamnet.vn/doi-song                                                                       | 
[2025-05-03T16:57:00.205+0000] {logging_mixin.py:188} INFO - ✓
[2025-05-03T16:57:00.205+0000] {logging_mixin.py:188} INFO -  | ⏱: 0.33s
[2025-05-03T16:57:00.207+0000] {logging_mixin.py:188} INFO - [COMPLETE] ● https://vietnamnet.vn/doi-song                                                                       | 
[2025-05-03T16:57:00.207+0000] {logging_mixin.py:188} INFO - ✓
[2025-05-03T16:57:00.207+0000] {logging_mixin.py:188} INFO -  | ⏱: 3.48s
[2025-05-03T16:57:00.324+0000] {logging_mixin.py:188} INFO - Tìm thấy 63 link bài viết
[2025-05-03T16:57:00.474+0000] {logging_mixin.py:188} INFO - Đang crawl 5 bài viết từ danh mục doi-song...
[2025-05-03T16:57:00.474+0000] {logging_mixin.py:188} INFO - --> Crawl: https://vietnamnet.vn/da-mat-canh-nguoi-mien-tay-tat-dia-bat-ca-loc-khung-nuong-trui-thom-lung-2396942.html
[2025-05-03T16:57:01.208+0000] {logging_mixin.py:188} INFO - [INIT].... → Crawl4AI 0.6.2
[2025-05-03T16:57:05.146+0000] {logging_mixin.py:188} INFO - [FETCH]... ↓ https://vietnamnet.vn/da-mat-canh-nguoi-mien-tay...t-ca-loc-khung-nuong-trui-thom-lung-2396942.html  | 
[2025-05-03T16:57:05.147+0000] {logging_mixin.py:188} INFO - ✓
[2025-05-03T16:57:05.148+0000] {logging_mixin.py:188} INFO -  | ⏱: 3.80s
[2025-05-03T16:57:05.441+0000] {logging_mixin.py:188} INFO - [SCRAPE].. ◆ https://vietnamnet.vn/da-mat-canh-nguoi-mien-tay...t-ca-loc-khung-nuong-trui-thom-lung-2396942.html  | 
[2025-05-03T16:57:05.442+0000] {logging_mixin.py:188} INFO - ✓
[2025-05-03T16:57:05.442+0000] {logging_mixin.py:188} INFO -  | ⏱: 0.29s
[2025-05-03T16:57:05.444+0000] {logging_mixin.py:188} INFO - [COMPLETE] ● https://vietnamnet.vn/da-mat-canh-nguoi-mien-tay...t-ca-loc-khung-nuong-trui-thom-lung-2396942.html  | 
[2025-05-03T16:57:05.444+0000] {logging_mixin.py:188} INFO - ✓
[2025-05-03T16:57:05.445+0000] {logging_mixin.py:188} INFO -  | ⏱: 4.10s
[2025-05-03T16:57:05.970+0000] {logging_mixin.py:188} INFO -     ✓ Đã mắt cảnh người miền Tây tát đìa bắt cá lóc 'khủng', nướng...
[2025-05-03T16:57:05.971+0000] {logging_mixin.py:188} INFO - --> Crawl: https://vietnamnet.vn/doc-het-tai-san-cho-vo-lap-nghiep-luc-ly-hon-chong-lam-canh-trang-tay-2392831.html
[2025-05-03T16:57:06.549+0000] {logging_mixin.py:188} INFO - [INIT].... → Crawl4AI 0.6.2
[2025-05-03T16:57:10.559+0000] {logging_mixin.py:188} INFO - [FETCH]... ↓ https://vietnamnet.vn/doc-het-tai-san-cho-vo-lap...luc-ly-hon-chong-lam-canh-trang-tay-2392831.html  | 
[2025-05-03T16:57:10.560+0000] {logging_mixin.py:188} INFO - ✓
[2025-05-03T16:57:10.560+0000] {logging_mixin.py:188} INFO -  | ⏱: 3.94s
[2025-05-03T16:57:10.802+0000] {logging_mixin.py:188} INFO - [SCRAPE].. ◆ https://vietnamnet.vn/doc-het-tai-san-cho-vo-lap...luc-ly-hon-chong-lam-canh-trang-tay-2392831.html  | 
[2025-05-03T16:57:10.803+0000] {logging_mixin.py:188} INFO - ✓
[2025-05-03T16:57:10.803+0000] {logging_mixin.py:188} INFO -  | ⏱: 
[2025-05-03T16:57:10.804+0000] {logging_mixin.py:188} INFO - 0.24
[2025-05-03T16:57:10.804+0000] {logging_mixin.py:188} INFO - s
[2025-05-03T16:57:10.805+0000] {logging_mixin.py:188} INFO - [COMPLETE] ● https://vietnamnet.vn/doc-het-tai-san-cho-vo-lap...luc-ly-hon-chong-lam-canh-trang-tay-2392831.html  | 
[2025-05-03T16:57:10.806+0000] {logging_mixin.py:188} INFO - ✓
[2025-05-03T16:57:10.807+0000] {logging_mixin.py:188} INFO -  | ⏱: 4.19s
[2025-05-03T16:57:11.228+0000] {logging_mixin.py:188} INFO -     ✓ Dốc hết tài sản cho vợ lập nghiệp, lúc ly hôn, chồng lâm cản...
[2025-05-03T16:57:11.229+0000] {logging_mixin.py:188} INFO - --> Crawl: https://vietnamnet.vn/me-bo-di-bo-doi-xu-te-co-gai-soc-khi-xem-ket-qua-xet-nghiem-adn-2396101.html
[2025-05-03T16:57:11.869+0000] {logging_mixin.py:188} INFO - [INIT].... → Crawl4AI 0.6.2
[2025-05-03T16:57:16.124+0000] {logging_mixin.py:188} INFO - [FETCH]... ↓ https://vietnamnet.vn/me-bo-di-bo-doi-xu-te-co-gai-soc-khi-xem-ket-qua-xet-nghiem-adn-2396101.html   | 
[2025-05-03T16:57:16.126+0000] {logging_mixin.py:188} INFO - ✓
[2025-05-03T16:57:16.127+0000] {logging_mixin.py:188} INFO -  | ⏱: 4.20s
[2025-05-03T16:57:16.411+0000] {logging_mixin.py:188} INFO - [SCRAPE].. ◆ https://vietnamnet.vn/me-bo-di-bo-doi-xu-te-co-gai-soc-khi-xem-ket-qua-xet-nghiem-adn-2396101.html   | 
[2025-05-03T16:57:16.412+0000] {logging_mixin.py:188} INFO - ✓
[2025-05-03T16:57:16.413+0000] {logging_mixin.py:188} INFO -  | ⏱: 
[2025-05-03T16:57:16.413+0000] {logging_mixin.py:188} INFO - 0.28
[2025-05-03T16:57:16.414+0000] {logging_mixin.py:188} INFO - s
[2025-05-03T16:57:16.415+0000] {logging_mixin.py:188} INFO - [COMPLETE] ● https://vietnamnet.vn/me-bo-di-bo-doi-xu-te-co-gai-soc-khi-xem-ket-qua-xet-nghiem-adn-2396101.html   | 
[2025-05-03T16:57:16.415+0000] {logging_mixin.py:188} INFO - ✓
[2025-05-03T16:57:16.416+0000] {logging_mixin.py:188} INFO -  | ⏱: 4.49s
[2025-05-03T16:57:16.927+0000] {logging_mixin.py:188} INFO -     ✓ Mẹ bỏ đi, bố đối xử tệ, cô gái sốc khi xem kết quả xét nghiệ...
[2025-05-03T16:57:16.928+0000] {logging_mixin.py:188} INFO - --> Crawl: https://vietnamnet.vn/lam-ra-mon-moi-la-tu-loai-qua-quen-thuoc-chang-trai-mien-tay-thu-tien-ty-2396836.html
[2025-05-03T16:57:17.851+0000] {logging_mixin.py:188} INFO - [INIT].... → Crawl4AI 0.6.2
[2025-05-03T16:57:22.241+0000] {logging_mixin.py:188} INFO - [FETCH]... ↓ https://vietnamnet.vn/lam-ra-mon-moi-la-tu-loai-...uoc-chang-trai-mien-tay-thu-tien-ty-2396836.html  | 
[2025-05-03T16:57:22.242+0000] {logging_mixin.py:188} INFO - ✓
[2025-05-03T16:57:22.243+0000] {logging_mixin.py:188} INFO -  | ⏱: 4.31s
[2025-05-03T16:57:22.522+0000] {logging_mixin.py:188} INFO - [SCRAPE].. ◆ https://vietnamnet.vn/lam-ra-mon-moi-la-tu-loai-...uoc-chang-trai-mien-tay-thu-tien-ty-2396836.html  | 
[2025-05-03T16:57:22.523+0000] {logging_mixin.py:188} INFO - ✓
[2025-05-03T16:57:22.524+0000] {logging_mixin.py:188} INFO -  | ⏱: 0.28s
[2025-05-03T16:57:22.526+0000] {logging_mixin.py:188} INFO - [COMPLETE] ● https://vietnamnet.vn/lam-ra-mon-moi-la-tu-loai-...uoc-chang-trai-mien-tay-thu-tien-ty-2396836.html  | 
[2025-05-03T16:57:22.527+0000] {logging_mixin.py:188} INFO - ✓
[2025-05-03T16:57:22.528+0000] {logging_mixin.py:188} INFO -  | ⏱: 4.60s
[2025-05-03T16:57:22.971+0000] {logging_mixin.py:188} INFO -     ✓ Làm ra món 'mới lạ' từ loại quả quen thuộc, chàng trai miền ...
[2025-05-03T16:57:22.972+0000] {logging_mixin.py:188} INFO - --> Crawl: https://vietnamnet.vn/chuyen-bay-vietjet-chao-don-nhung-nguoi-viet-nen-lich-su-2397317.html
[2025-05-03T16:57:23.621+0000] {logging_mixin.py:188} INFO - [INIT].... → Crawl4AI 0.6.2
[2025-05-03T16:57:27.818+0000] {logging_mixin.py:188} INFO - [FETCH]... ↓ https://vietnamnet.vn/chuyen-bay-vietjet-chao-don-nhung-nguoi-viet-nen-lich-su-2397317.html          | 
[2025-05-03T16:57:27.823+0000] {logging_mixin.py:188} INFO - ✓
[2025-05-03T16:57:27.824+0000] {logging_mixin.py:188} INFO -  | ⏱: 4.13s
[2025-05-03T16:57:28.298+0000] {logging_mixin.py:188} INFO - [SCRAPE].. ◆ https://vietnamnet.vn/chuyen-bay-vietjet-chao-don-nhung-nguoi-viet-nen-lich-su-2397317.html          | 
[2025-05-03T16:57:28.299+0000] {logging_mixin.py:188} INFO - ✓
[2025-05-03T16:57:28.299+0000] {logging_mixin.py:188} INFO -  | ⏱: 0.47s
[2025-05-03T16:57:28.300+0000] {logging_mixin.py:188} INFO - [COMPLETE] ● https://vietnamnet.vn/chuyen-bay-vietjet-chao-don-nhung-nguoi-viet-nen-lich-su-2397317.html          | 
[2025-05-03T16:57:28.301+0000] {logging_mixin.py:188} INFO - ✓
[2025-05-03T16:57:28.301+0000] {logging_mixin.py:188} INFO -  | ⏱: 4.61s
[2025-05-03T16:57:29.518+0000] {logging_mixin.py:188} INFO -     ✓ Chuyến bay Vietjet chào đón những người viết nên lịch sử...
[2025-05-03T16:57:29.518+0000] {logging_mixin.py:188} INFO - ⏱️  Tổng thời gian crawl: 33.66 giây
[2025-05-03T16:57:30.615+0000] {logging_mixin.py:188} INFO - Lỗi khi lưu dữ liệu vào MongoDB: batch op errors occurred, full error: {'writeErrors': [{'index': 0, 'code': 11000, 'errmsg': 'E11000 duplicate key error collection: News.doi-song index: _id_ dup key: { _id: "https://vietnamnet.vn/da-mat-canh-nguoi-mien-tay-tat-dia-bat-ca-loc-khung-nuong-trui-thom-lung-2396942.html" }', 'keyPattern': {'_id': 1}, 'keyValue': {'_id': 'https://vietnamnet.vn/da-mat-canh-nguoi-mien-tay-tat-dia-bat-ca-loc-khung-nuong-trui-thom-lung-2396942.html'}, 'op': {'title': "Đã mắt cảnh người miền Tây tát đìa bắt cá lóc 'khủng', nướng trui thơm lừng", 'author': 'Không có thông tin tác giả', 'publish_date': '2025-05-01T13:42:59.000 +07:00', 'views': None, 'tags': [], 'description': 'Nông dân ở miền Tây tranh thủ tát đìa bắt cá.\xa0Tát đìa xong, chủ đìa lấy mớ cá ngon làm nhiều món, trong đó cá lóc nướng trui thơm nức.', 'main_image': 'https://static-images.vnncdn.net/vps_images_publish/000001/000003/2025/5/1/da-mat-canh-nguoi-mien-tay-tat-dia-bat-ca-loc-khung-nuong-trui-thom-lung-54121.jpg?width=0&s=1S6lArq4bosSIvAL4wgkCw', 'content': 'Tờ mờ sáng, anh Võ Bé Sáu (ngụ huyện Trần Văn Thời, Cà Mau) đã chuẩn bị châm xăng vào chiếc máy để chuẩn bị tát đìa. Vợ anh thì sửa soạn xô, thau, rổ, vợt để chờ đìa cạn bắt cá. Các con, cháu của anh cũng tề tựu rất đông để cùng tát đìa. Ngồi chờ đìa cạn, anh Sáu kể lại chuyện tát đìa thuở trước.\n\nAnh nói, ở xóm hầu như nhà nào cũng có đìa, nó như một nét văn hóa đặc thù ở vùng này. Người dân Cà Mau thu hoạch cá bằng nhiều cách như tát đìa, chụp đìa, kéo lưới, mò…\n\n“Ngày trước, vùng này cá đồng tự nhiên nhiều vô kể nên người ta chỉ cần đào đìa, đợi nắng hạn là cá từ ngoài đồng vào trú ẩn đầy ắp. Hồi xưa tát đìa là cả xóm lại phụ, đắp đập và tát nước bằng tay, bằng gàu sòng rất lâu nước mới cạn, dù đã xả nước ra bọng từ đêm trước.\n\nCánh thanh niên lực điền thay nhau tát nước đến mấy tiếng đồng hồ, đìa mới trơ đáy. Bây giờ thì đã có máy, dụng cụ bơm nước nên rất tiện, chỉ tốn vài lít xăng là đìa cạn nước”, anh kể.\n\nAnh Sáu nói thêm, cá trong đìa rất đa dạng, nhiều nhất là cá rô, cá lóc, sặc, cá chốt, thát lát… Khi nước đìa cạn hết, mọi người xúm lại bắt cá. Cá đồng thường chui sâu dưới bùn nên mọi người phải ngâm mình trong bùn, mò trong cỏ, trong hang mới bắt được cá lớn. Dân bắt cá đìa sợ nhất là cá chốt bởi chúng có ngạnh đâm rất đau.\n\n"Mỗi đìa thường có khoảng 4-6 người bắt cá và 2-3 người rửa cá. Cá sau khi bắt lên được rửa sạch để trữ lại, còn cá nhỏ thì thả về các ao đìa khác để làm giống. Bây giờ cá ít nên người ta chỉ thu hoạch vào những dịp lễ, Tết. Cá không còn là nguồn thu chính như ngày xưa nữa. Bây giờ tát cái đìa chỉ thu được vài chục ký cá, chứ hồi xưa tát đìa là mấy trăm ký cá lận”, anh Sáu nói và cho biết, tát đìa xong thường chia cá cho anh em để đem về ăn.\n\n“Những con cá lóc, cá rô bự nhất sẽ mang nướng để anh em nhậu lai rai…”, anh Sáu cười nói.\n\nAnh Nguyễn Hoàng Vũ (ngụ huyện Trần Văn Thời, tỉnh Cà Mau) chia sẻ, việc tát đìa thường diễn ra vào mùa khô, khoảng tháng 2–3 âm lịch, khi ruộng và các kênh mương bắt đầu cạn nước, khiến cá dồn về đìa.\n\n“Anh em trong xóm, nhà nào tát đìa thì mấy đứa kéo nhau tới phụ bắt cá rồi nhậu chơi. Ở đây tụi tôi chỉ bắt cá bằng tay, không dùng điện hay xung điện gì hết. Nước cạn, cá lẩn dưới lớp bùn nên phải mò, cá chạy đụng người là mình chộp liền. Nếu đìa trúng cá, có thể bán được 3-4 triệu đồng,” anh Vũ nói.\n\nTát đìa xong, chủ đìa lấy mớ cá ngon làm nhiều món, đãi bà con hàng xóm để cảm ơn mọi người phụ mình. Người dân miền Tây quan niệm “con cá bán ra tiền xài cũng hết, nhưng có lòng lựa cá ngon đãi khách thì tình nghĩa lâu dài khó phai”.\n\nTrong các món ngon từ cá đồng phải kể đến cá lóc nướng. Cá lóc nướng có thịt ngọt lịm, thơm nồng phảng phất mùi lửa than, ăn với mớ rau đồng tuy đơn giản nhưng nồng nàn hương vị đồng quê. Tát đìa được nhiều cá, người ta còn làm khô, làm mắm để ăn dần.\n\nNhững năm gần đây lượng cá đồng giảm đáng kể, nhưng giá trị kinh tế cao hơn. Hiện giá cá lóc đồng vào khoảng 100.000-120.000 đồng/kg, cá rô, thác lác khoảng 80.000 đồng/kg.', 'url': 'https://vietnamnet.vn/da-mat-canh-nguoi-mien-tay-tat-dia-bat-ca-loc-khung-nuong-trui-thom-lung-2396942.html', 'category': 'doi-song', 'crawled_at': '2025-05-03T16:57:05.715060', '_id': 'https://vietnamnet.vn/da-mat-canh-nguoi-mien-tay-tat-dia-bat-ca-loc-khung-nuong-trui-thom-lung-2396942.html'}}, {'index': 1, 'code': 11000, 'errmsg': 'E11000 duplicate key error collection: News.doi-song index: _id_ dup key: { _id: "https://vietnamnet.vn/doc-het-tai-san-cho-vo-lap-nghiep-luc-ly-hon-chong-lam-canh-trang-tay-2392831.html" }', 'keyPattern': {'_id': 1}, 'keyValue': {'_id': 'https://vietnamnet.vn/doc-het-tai-san-cho-vo-lap-nghiep-luc-ly-hon-chong-lam-canh-trang-tay-2392831.html'}, 'op': {'title': 'Dốc hết tài sản cho vợ lập nghiệp, lúc ly hôn, chồng lâm cảnh trắng tay', 'author': 'Không có thông tin tác giả', 'publish_date': '2025-05-03T06:00:00.000 +07:00', 'views': None, 'tags': [], 'description': 'Ngày ra tòa ly hôn, người đàn ông bàng hoàng khi biết có thể phải ra đi tay trắng. Trước đó anh đã dốc hết tài sản cho vợ làm ăn, tạo dựng sự nghiệp.', 'main_image': 'https://static-images.vnncdn.net/vps_images_publish/000001/000003/2025/5/2/doc-het-tai-san-cho-vo-lap-nghiep-luc-ly-hon-chong-lam-canh-trang-tay-102346.jpg?width=0&s=Tn7WbfF5bQ91EEpo-BXB_Q', 'content': 'Hà Nguyễn\n\nNiềm tin mù quáng\n\nNgồi trong quán cà phê, anh Lê Thanh Trung (45 tuổi, quận Bình Thạnh, TPHCM) liên tục thở dài. Anh lộ rõ nỗi chua xót khi kể lại sự việc đau lòng với người bạn thân là luật sư của một văn phòng luật uy tín tại TPHCM.\n\nSau gần 10 năm xây dựng gia đình, vợ chồng anh Trung nắm trong tay khối tài sản trị giá hàng chục tỷ đồng. Thế nhưng, giờ đây, anh lại đứng trước nguy cơ mất tất cả sau khi nộp đơn ly hôn vợ.\n\nAnh Trung vốn là công chức. Trước khi lập gia đình, anh sống bình dị, không đua chen làm giàu. Sau khi lấy vợ, cuộc sống của anh có nhiều thay đổi. Vợ anh được đánh giá là giỏi giang, hoạt bát.\n\nChị không chấp nhận cuộc sống giản đơn, bình dị trong ngôi nhà cấp 4 ở ngoại thành nên quyết định đầu tư vào lĩnh vực bất động sản. Để có vốn, chị ngỏ lời, mong chồng chuyển hết tài sản sang cho mình.\n\nAnh Trung kể: “Cô ấy nói tôi thiếu quyết đoán, quá cẩn trọng, lại làm việc nhà nước nên không phù hợp kinh doanh. Cô ấy muốn tôi viết cam kết tất cả tài sản chung của hai vợ chồng là tài sản riêng của vợ để cô ấy thuận tiện làm ăn.\n\nLúc đó tình cảm vợ chồng tôi rất tốt. Tôi hoàn toàn tin tưởng vợ, thậm chí còn nghĩ rằng đây là cách giúp vợ kinh doanh, tạo thu nhập cho gia đình nên đồng ý”.\n\nNgoài căn nhà đang ở, anh Trung còn làm giấy cam kết, chuyển nền đất trị giá 4 tỷ đồng của hai vợ chồng sang cho vợ. Có vốn trong tay, vợ anh mạnh dạn đầu tư.\n\nViệc kinh doanh thuận lợi, vợ chồng anh nhanh chóng phất lên, sở hữu nhiều bất động sản trị giá hàng trăm tỷ đồng. Thấy tin tưởng vợ là đúng đắn, anh Trung yên tâm làm việc, giao toàn bộ việc kinh doanh cho vợ.\n\n“Vì nhiều lý do, tôi không tham gia việc kinh doanh, đầu tư bất động sản của vợ. Sau này, mỗi khi mua một căn nhà, miếng đất… vợ đều nhờ tôi làm giấy khước từ tài sản để cô ấy dễ dàng hơn trong việc bán lại”, anh Trung chia sẻ thêm.\n\nSự thật phũ phàng\n\nSau 10 năm chung sống, vợ chồng anh Trung xảy ra những mâu thuẫn dẫn đến tình cảm vợ chồng rạn nứt. Ban đầu, anh Trung phát hiện vợ nhiều lần bí mật đưa tiền cho người thân bên ngoại.\n\nKhông chỉ xây nhà mới cho bố mẹ đẻ, nuôi cháu, vợ anh Trung còn giấu chồng mua nhà, sắm xe cho chị em ruột. Điều này khiến anh không vui.\n\nAnh yêu cầu mỗi khi muốn hỗ trợ người thân, chị phải bàn bạc với mình. Dù vậy, anh vẫn thấy mình không được tôn trọng. Thậm chí, anh còn bị mắng là “bám váy vợ”, “làm không ra tiền”.\n\nMâu thuẫn lên đỉnh điểm khi anh Trung phát hiện vợ ngoại tình, quan hệ yêu đương với người đàn ông từng là đối tác. Tủi nhục, lòng tự trọng bị chà đạp, anh viết đơn ly hôn.\n\nAnh Trung chua xót kể: “Ngày ra tòa, tôi bàng hoàng, không dám tin vào tai mình khi được thông báo giữa tôi và vợ không có tài sản chung. Tất cả tài sản của hai vợ chồng hiện chỉ có tên của vợ tôi.\n\nVì vậy theo luật, tôi không được chia bất cứ tài sản nào khily hôn. Tôi có thể sẽ ra đi tay trắng, dù đang sở hữu nhiều bất động sản”.\n\nKhông chấp nhận sự thật, anh cầm hồ sơ đến gặp luật sư, hy vọng có thể đòi lại công bằng. Anh nhiều lần chứng minh, giải thích việc tài sản hiện có đều đến từ số vốn đầu tư ban đầu do anh đưa cho vợ sử dụng.\n\nDù vậy, anh được luật sư cho biết, khả năng chiến thắng trong việc tranh chấp tài sản với vợ rất thấp. Bởi trước tòa, người vợ đã đưa ra nhiều giấy tờ, tài liệu cho thấy anh cam kết các tài sản trong gia đình đều là tài sản riêng của vợ.\n\nThông tin về việc này, luật sư Bùi Quốc Tuấn, Đoàn Luật sư TPHCM cho biết: “Căn cứ theo quy định của Luật Hôn nhân và Gia đình, vợ anh Trung đã chứng minh được rằng khối tài sản mà chị ấy đứng tên là tài sản riêng của mình.\n\nDo đó, khi ly hôn, anh Trung không được chia tài sản trên. Trong trường hợp này, khi ly hôn, anh Trung nên tìm cách thỏa thuận, không nhất thiết phải tranh chấp về khối tài sản trên".\n\nCũng theo luật sư Tuấn, để hạn chế việc vợ/chồng ra tòa tranh chấp tài sản khi ly hôn, trong thời kỳ hôn nhân, vợ/chồng có quyền thỏa thuận chia một phần hoặc toàn bộ tài sản chung.\n\nThỏa thuận về việc chia tài sản chung phải lập thành văn bản. Văn bản này được công chứng theo yêu cầu của vợ chồng hoặc theo quy định của pháp luật.\n\nVới văn bản này, khi ly hôn, vợ/chồng sẽ tránh được việc tranh chấp tài sản bởi lúc này mọi thứ đã rạch ròi.\n\n*Tên nhân vật đã được thay đổi', 'url': 'https://vietnamnet.vn/doc-het-tai-san-cho-vo-lap-nghiep-luc-ly-hon-chong-lam-canh-trang-tay-2392831.html', 'category': 'doi-song', 'crawled_at': '2025-05-03T16:57:11.088613', '_id': 'https://vietnamnet.vn/doc-het-tai-san-cho-vo-lap-nghiep-luc-ly-hon-chong-lam-canh-trang-tay-2392831.html'}}, {'index': 2, 'code': 11000, 'errmsg': 'E11000 duplicate key error collection: News.doi-song index: _id_ dup key: { _id: "https://vietnamnet.vn/me-bo-di-bo-doi-xu-te-co-gai-soc-khi-xem-ket-qua-xet-nghiem-adn-2396101.html" }', 'keyPattern': {'_id': 1}, 'keyValue': {'_id': 'https://vietnamnet.vn/me-bo-di-bo-doi-xu-te-co-gai-soc-khi-xem-ket-qua-xet-nghiem-adn-2396101.html'}, 'op': {'title': 'Mẹ bỏ đi, bố đối xử tệ, cô gái sốc khi xem kết quả xét nghiệm ADN', 'author': 'Không có thông tin tác giả', 'publish_date': '2025-05-01T09:20:00.000 +07:00', 'views': None, 'tags': [], 'description': 'Trải qua nỗi đau thời thơ ấu vì sự khác biệt, người phụ nữ cuối cùng cũng có được hạnh phúc sau khi gỡ nút thắt cuộc đời, tìm được bố đẻ nhờ xét nghiệm ADN.', 'main_image': 'https://static-images.vnncdn.net/vps_images_publish/000001/000003/2025/4/29/me-bo-di-bo-doi-xu-te-co-gai-soc-khi-xem-ket-qua-xet-nghiem-adn-76663.jpg?width=0&s=J7CzpLUB3KQtk7e14TQGrQ', 'content': 'Hoàng Dung\n\nTừ bé tới lớn, Christie Werts (ở Ohio, Mỹ) luôn luôn cảm thấy mình khác biệt với những người khác trong gia đình. Mãi tới năm 50 tuổi, cô mới tìm được lời giải cho những thắc mắc dai dẳng đó.\n\nTuổi thơ lạc lõng\n\nTừ khi còn nhỏ, Christie đã cảm thấy mình không giống những thành viên khác trong gia đình. Không ai trong nhà có cằm chẻ, tóc vàng, da sáng màu như cô. Cô luôn thắc mắc tại sao mình không có đặc điểm gì giống bố.\n\n"Mỗi lần tôi đi chơi cùng bố, mọi người đều tỏ ý nghi ngờ vì tôi không hề giống ông ấy", cô chia sẻ.\n\nSau khi mẹ bỏ rơi cô và em trai ở nhà trẻ, bố phải gồng gánh việc nuôi dưỡng. Nhưng cô chưa bao giờ cảm thấy gắn bó với bố và bố cũng không thực sự đối xử tốt với cô. Đôi khi mẹ cô quay về thăm rồi lại rời đi.\n\nNăm Christie 14 tuổi, bố đã đưa cô vào trung tâm chăm sóc trẻ vì cả bố mẹ đều bị nghiện nặng. Cuộc sống ở trung tâm là nỗi ám ảnh với cô, mà mãi sau này khi đã trở thành mẹ, cô vẫn cảm thấy đau đớn.\n\nMẹ qua đời khi cô 28 tuổi. Bố đối xử tệ bạc với cô cho đến tận lúc ông nhắm mắt xuôi tay. Ông bỏ tên cô ra khỏi di chúc, để lại tất cả mọi thứ cho em trai cô, người rất giống ông.\n\nSau khi bố qua đời vào tháng 3/2024, cô quyết định đi tìm lời giải.\xa0"Tôi tò mò không biết mình có gia đình nào khác ngoài ông ấy không. Nhưng quả thật, tôi không nghĩ sẽ có điều gì bất ngờ xuất hiện", cô chia sẻ.\n\nPhát hiện gây chấn động\n\nSau cái chết của bố, Christie quyết định làm xét nghiệm ADN với mong muốn tìm hiểu thêm về gia đình bên nội và cũng bởi một nỗi nghi ngờ âm ỉ từ lâu: Liệu ông ấy có thực sự là bố đẻ của cô không?\n\nKết quả xét nghiệm ADN khiến cô choáng váng. Cô nhớ mình đã run rẩy khi mở phong bì kết quả. Người đàn ông mà cô gọi là bố suốt bao năm qua không hề có quan hệ huyết thống với cô.\n\n"Tôi như chết lặng khi thấy tên một người xa lạ xuất hiện dưới mục bố đẻ. Cả cuộc đời tôi hiện ra trước mắt. Người đã đẩy tôi vào trung tâm chăm sóc trẻ, người đối xử tệ bạc với tôi, hóa ra không phải là bố đẻ của tôi.\n\nTôi đoán mẹ tôi biết điều này nhưng cuối cùng, bà ấy cũng bỏ tôi lại với bố nuôi. Thật đau lòng. Tuy nhiên, dù bị ông ấy đối xử tệ, tôi vẫn yêu ông ấy. Ông ấy đã nuôi tôi khi mẹ bỏ đi", cô nghẹn ngào.\n\nSự thật về bố đẻ\n\nKhông lâu sau khi nhận được kết quả xét nghiệm, Werts quyết định gọi điện thoại tới người đàn ông được cho là bố đẻ của cô. Người đàn ông ấy đã ngoài 70 tuổi, hoàn toàn không biết đến sự tồn tại của cô.\n\n"Ông ấy không biết tôi, cũng không nhớ mẹ tôi là ai. Tôi là kết quả của câu chuyện tình một đêm giữa ông ấy và mẹ tôi. Họ gặp nhau cuối năm 1973 tại một quán bar. Sau đó, ông ấy lập gia đình và không hề biết có một đứa con là tôi.\n\nÔng ấy gần như suy sụp khi biết sự thật, vì ông là một người bố tốt với các con của mình", cô tâm sự.\n\n"Tôi và bố đẻ có nhiều đặc điểm chung. Ông cũng là người rất nhạy cảm và chu đáo. Thậm chí, chiếc cằm chẻ cũng giống nhau.\n\nChúng tôi gửi ảnh thời trẻ và gia đình cho nhau. Nhìn ảnh của ông và gia đình, tôi nhận thấy mình giống họ nhiều thế nào. Cảm giác thật lạ lùng, vừa vui, vừa buồn, vừa như được chữa lành", cô chia sẻ.\n\nTừ tổn thương đến chữa lành\n\nPhải mất một thời gian sau, Christie mới tiết lộ toàn bộ sự thật với em trai và những người họ hàng bên cô từ bé.\n\nCô bất ngờ khi mình vẫn nhận được tình yêu thương và sự chấp nhận của mọi người. Em trai cô nói một câu khiến cô xúc động: "Dù thế nào, chị cũng vẫn là một phần của gia đình".\n\nChương mới của cuộc đời cô mở ra, khép lại những vết thương cũ. Christie đã vượt qua những cảm xúc lẫn lộn. Cô gác lại tổn thương quá khứ, hướng tới tương lai.\n\nCô kết hôn với người mình yêu. Cô cùng chồng nhận nuôi bé Levi là con riêng của vợ cũ anh ấy. Giống như bố mẹ của cô, mẹ của Levi cũng từng nghiện ngập rồi qua đời. Điều này khiến cô càng đồng cảm với đứa bé.\n\nCô không muốn đứa trẻ vô tội bị đưa vào trung tâm chăm sóc trẻ, phải chịu những nỗi đau mà cô đã từng trải qua. Hiện tại, cô đang tận hưởng cuộc sống đầy niềm vui, hạnh phúc.\n\nKhi được hỏi liệu có muốn thay đổi quá khứ không, Christie thẳng thắn nói: "Nếu như không trải qua những nỗi đau ấy, đi qua quãng đường ấy, tôi sẽ không có được những gì hôm nay".\n\nVà sau tất cả, cô hy vọng một ngày nào đó sẽ được gặp trực tiếp bố đẻ của mình.', 'url': 'https://vietnamnet.vn/me-bo-di-bo-doi-xu-te-co-gai-soc-khi-xem-ket-qua-xet-nghiem-adn-2396101.html', 'category': 'doi-song', 'crawled_at': '2025-05-03T16:57:16.766056', '_id': 'https://vietnamnet.vn/me-bo-di-bo-doi-xu-te-co-gai-soc-khi-xem-ket-qua-xet-nghiem-adn-2396101.html'}}, {'index': 3, 'code': 11000, 'errmsg': 'E11000 duplicate key error collection: News.doi-song index: _id_ dup key: { _id: "https://vietnamnet.vn/lam-ra-mon-moi-la-tu-loai-qua-quen-thuoc-chang-trai-mien-tay-thu-tien-ty-2396836.html" }', 'keyPattern': {'_id': 1}, 'keyValue': {'_id': 'https://vietnamnet.vn/lam-ra-mon-moi-la-tu-loai-qua-quen-thuoc-chang-trai-mien-tay-thu-tien-ty-2396836.html'}, 'op': {'title': "Làm ra món 'mới lạ' từ loại quả quen thuộc, chàng trai miền Tây thu tiền tỷ", 'author': 'Không có thông tin tác giả', 'publish_date': '2025-05-02T14:57:40.000 +07:00', 'views': None, 'tags': [], 'description': 'Chàng trai kiếm được hơn 1 tỷ đồng/năm nhờ làm ra món đặc biệt từ loại quả gắn liền với tuổi thơ của nhiều người dân miền Tây.', 'main_image': 'https://static-images.vnncdn.net/vps_images_publish/000001/000003/2025/5/2/lam-ra-mon-moi-la-tu-loai-qua-quen-thuoc-chang-trai-mien-tay-thu-tien-ty-68052.webp?width=0&s=Ng7eoVHlfuc2ZQDLeoycqA', 'content': 'Hoài Thanh\n\nAnh Ngô Tuấn Thanh (36 tuổi), sinh ra và lớn lên ở Sóc Trăng. Sau khi tốt nghiệp đại học, anh làm việc tại một cơ quan nhà nước, nên có cơ hội tiếp xúc với nhiều bạn trẻ đam mê khởi nghiệp. Từ đó, anh ấp ủ khát vọng làm giàu từ sản vật miền Tây.\n\nThị trường tiềm năng\n\nNăm 2020, dịch Covid-19 bùng phát, anh Thanh phải ở nhà 8 tháng. Lúc này, thấy trong vườn của gia đình có những cây cà na cho quả nhưng rụng rất nhiều, anh Thanh nảy ra ý tưởng làm cà na muối chua ngọt để bán.\n\nQuả cà na gắn liền với tuổi thơ của nhiều người dân miền Tây. Trước đây, nhắc đến cây cà na, nhiều người nghĩ đến giống cây dại mọc tự nhiên ở vùng đất trũng ven kênh, rạch… Cây cà na dại cho quả theo mùa nhưng nhiều nhất là mùa nước nổi.\n\nAnh Thanh chia sẻ, thị trường tiêu thụ cà na chua ngọt rất tiềm năng, nhất là bởi đặc sản này còn khá mới lạ ở các khu vực miền Bắc và Trung.\n\n“Ngoài ra, các loại cà na chế biến trên thị trường không đủ cung ứng do khó bảo quản, chưa tiện dụng. Cái khó là làm sao để món ăn quen thuộc trở thành sản phẩm chất lượng nhưng vẫn giữ được hương vị truyền thống", anh Thanh chia sẻ.\n\nAnh Thanh mạnh dạn đầu tư 400 triệu đồng để mua sắm hàng loạt máy móc hiện đại như máy rửa ozone, máy dập, máy sấy, đóng hộp.\n\n“Cà na vẫn được trồng tự nhiên, quả sạch nhưng giờ nhiều nơi, họ phun thuốc để cho quả cà na đẹp hơn. Cũng thể do trồng cà na xen kẽ cây ăn quả khác nên người ta phun thuốc dính cả vào cà na. Do đó, tôi đầu tư máy rửa ozone để khử thuốc trừ sâu, đảm bảo chất lượng quả cà na tốt nhất khi đến tay người tiêu dùng”.\n\nSau khi có được sản phẩm ưng ý, anh Thanh đi chào hàng ở Sóc Trăng nhưng bị từ chối, vì giá cao hơn thị trường. Không bỏ cuộc, anh quyết định dùng gần 100 triệu đồng để mở cửa hàng giới thiệu sản phẩm ở TP Cần Thơ.\n\nNhiều người ưa chuộng\n\nAnh Thanh nhớ lại: “Những ngày đầu chỉ bán được vài hộp cà na ngâm nhưng tôi không nản lòng, mà suy nghĩ phải tìm ra cách tiếp thị mới. Sau đó, tôi chuyển hướng bán cà na qua mạng xã hội để tiếp cận số đông người tiêu dùng.\n\nVài tháng sau đó, cà na dập chua ngọt của tôi được mọi người ở khắp nơi biết đến. Họ liên hệ, gọi điện nhập hàng về bán”.\n\nMột số khách hàng phản hồi rằng, cà na của anh Thanh ngon nhưng còn hạt. Lập tức, anh bắt tay vào nghiên cứu cách tách hạt.\n\nAnh Thanh tự tham khảo trên mạng rồi mày mò và chi 80 triệu đồng để cùng 1 kỹ sư, chủ xưởng cơ khí làm ra máy tách hạt cà na. Đây là máy tách hạt cà na đầu tiên trên thị trường, giúp anh làm ra sản phẩm được khách hàng ưa chuộng.\n\nAnh Thanh tiết lộ, khâu chọn nguyên liệu rất quan trọng, phải chọn các quả cà na còn tươi vừa thu hoạch, được ướp đá và vận chuyển đến xưởng trong khoảng 6 tiếng. Mục đích của việc này là giữ được màu xanh của loại quả đặc sản.\n\nVề đến xưởng, quả cà na sẽ được nhân công tách hạt ngay, rồi rửa bằng máy ozone, ướp đường và trữ đông. Khi có người đặt hàng, anh Thanh mới đóng gói sản phẩm và gửi đi trong ngày. “Với cách làm này, cà na muối truyền thống có vị chua, ngọt quen thuộc nhưng không chát, quả còn màu xanh và đẹp mắt”, anh nói.\n\nHiện sản phẩm cà na được anh Thanh được bán với giá 80.000-90.000 đồng/hộp. Mỗi tháng, cơ sở của anh làm ra hơn 2 tấn cà na tách hạt. Anh còn làm cà na sấy cho khách mang đi nước ngoài. Sau khi trừ chi phí, anh thu lãi hơn 1 tỷ đồng/năm.\n\nNgoài ra, anh Thanh còn tận dụng hột cà na để làm tranh mỹ nghệ và chuỗi hạt...', 'url': 'https://vietnamnet.vn/lam-ra-mon-moi-la-tu-loai-qua-quen-thuoc-chang-trai-mien-tay-thu-tien-ty-2396836.html', 'category': 'doi-song', 'crawled_at': '2025-05-03T16:57:22.813090', '_id': 'https://vietnamnet.vn/lam-ra-mon-moi-la-tu-loai-qua-quen-thuoc-chang-trai-mien-tay-thu-tien-ty-2396836.html'}}, {'index': 4, 'code': 11000, 'errmsg': 'E11000 duplicate key error collection: News.doi-song index: _id_ dup key: { _id: "https://vietnamnet.vn/chuyen-bay-vietjet-chao-don-nhung-nguoi-viet-nen-lich-su-2397317.html" }', 'keyPattern': {'_id': 1}, 'keyValue': {'_id': 'https://vietnamnet.vn/chuyen-bay-vietjet-chao-don-nhung-nguoi-viet-nen-lich-su-2397317.html'}, 'op': {'title': 'Chuyến bay Vietjet chào đón những người viết nên lịch sử', 'author': 'Không có thông tin tác giả', 'publish_date': '2025-05-03T15:15:00.000 +07:00', 'views': None, 'tags': [], 'description': 'Chuyến bay VJ190 của Vietjet đã trở thành một hành trình đầy xúc cảm khi chào đón đoàn cựu chiến binh Đại đội 4, Tiểu đoàn 1, Lữ đoàn xe tăng 203.', 'main_image': 'https://static-images.vnncdn.net/vps_images_publish/000001/000003/2025/5/3/chuyen-bay-vietjet-chao-don-nhung-nguoi-viet-nen-lich-su-69242.jpg?width=0&s=kxAnFGs-Nbeha3UIvdn6hA', 'content': 'Khi nhận được thông tin sẽ chào đón những hành khách đặc biệt trên chuyến bay, tổ bay đã chuẩn bị chu đáo việc đón tiếp như một lời cảm ơn và tri ân chân thành của Vietjet đối với những người đã hy sinh xương máu vì độc lập, tự do cho Tổ Quốc.\n\nTiếp viên trưởng Nguyễn Thị Hoàng Giang chia sẻ: “Tôi thực sự xúc động và tự hào khi được gặp gỡ, lắng nghe những câu chuyện từ các chú cựu chiến binh là những người đã chiến đấu, cống hiến vì nền hòa bình, độc lập hôm nay. Những ngày qua, trên các chuyến bay Vietjet, chúng tôi có cơ hội chào đón nhiều nhân chứng lịch sử, những người đã góp phần làm nên ngày thống nhất thiêng liêng của dân tộc. Với tôi, đây không chỉ là các chuyến bay thông thường, mà là dịp để tri ân và cảm nhận sâu sắc hơn về những giá trị lịch sử mà thế hệ cha anh đã để lại”.\n\nGiữa không gian ấm cúng trên máy bay, cựu chiến binh Đỗ Phúc Vinh đã thay mặt đoàn chia sẻ lại những ký ức lịch sử của ngày 30/4/1975. Mỗi lời kể của ông như một thước phim quay chậm, khiến không khí trên máy bay lặng đi trong sự xúc động.\n\nKhoảnh khắc đặc biệt nhất là khi cựu chiến binh Lữ Văn Hỏa, người trực tiếp điều khiển xe tăng 843 húc đổ cánh cổng Dinh Độc Lập trưa ngày 30/4 lịch sử, đứng dậy chào mọi người. Dáng vẻ ông vẫn cương nghị, nhưng ánh mắt lại chất chứa bao cảm xúc.\n\nKhông ai bảo ai, khi giai điệu ca khúc “Như có Bác trong ngày vui đại thắng” vang lên từ loa phát thanh, tất cả cùng hát theo, gần gũi và thiêng liêng đến lạ. Tiếng hát vang lên không cần hòa âm, không cần chỉ huy bởi mọi người đều đang hát bằng cả trái tim.\n\nVới Vietjet và các hành khách trên chuyến bay, đó không chỉ là một chuyến bay mà là một hành trình cảm xúc, nơi ký ức và hiện tại giao nhau, nơi lòng biết ơn được nâng niu trong từng hành động. Đó là một vinh dự, một kỷ niệm khó quên khi được đồng hành cùng những người lính đã viết nên trang sử vàng của dân tộc và nay sống giữa bầu trời hòa bình, cùng thế hệ mai sau hướng về tương lai.\n\nKhi máy bay hạ cánh xuốngsân bayNội Bài, trong lòng mỗi người, từ hành khách đến phi hành đoàn vẫn còn đọng lại âm vang của những giai điệu quen thuộc và hình ảnh những người lính năm xưa trên chuyến bay. Một ngày đặc biệt, một hành trình đặc biệt, để nhắc nhau nhớ mãi: Hòa bình hôm nay được đánh đổi bằng sự hy sinh thầm lặng của bao thế hệ đi trước.\n\nThu Loan', 'url': 'https://vietnamnet.vn/chuyen-bay-vietjet-chao-don-nhung-nguoi-viet-nen-lich-su-2397317.html', 'category': 'doi-song', 'crawled_at': '2025-05-03T16:57:28.604920', '_id': 'https://vietnamnet.vn/chuyen-bay-vietjet-chao-don-nhung-nguoi-viet-nen-lich-su-2397317.html'}}], 'writeConcernErrors': [], 'nInserted': 0, 'nUpserted': 0, 'nMatched': 0, 'nModified': 0, 'nRemoved': 0, 'upserted': []}
[2025-05-03T16:57:30.616+0000] {python.py:237} INFO - Done. Returned value was: None
[2025-05-03T16:57:30.617+0000] {taskinstance.py:441} INFO - ::group::Post task execution logs
[2025-05-03T16:57:30.623+0000] {taskinstance.py:1206} INFO - Marking task as SUCCESS. dag_id=vietnamnet_multi_category_crawler, task_id=crawl_doi-song, run_id=scheduled__2025-05-02T00:00:00+00:00, execution_date=20250502T000000, start_date=20250503T165655, end_date=20250503T165730
[2025-05-03T16:57:30.656+0000] {local_task_job_runner.py:240} INFO - Task exited with return code 0
[2025-05-03T16:57:30.663+0000] {local_task_job_runner.py:222} INFO - ::endgroup::
