[2025-05-18T13:30:27.040+0000] {local_task_job_runner.py:120} INFO - ::group::Pre task execution logs
[2025-05-18T13:30:27.057+0000] {taskinstance.py:2076} INFO - Dependencies all met for dep_context=non-requeueable deps ti=<TaskInstance: vietnamnet_crawler_24h.crawl_phap-luat scheduled__2025-05-18T13:00:00+00:00 [queued]>
[2025-05-18T13:30:27.064+0000] {taskinstance.py:2076} INFO - Dependencies all met for dep_context=requeueable deps ti=<TaskInstance: vietnamnet_crawler_24h.crawl_phap-luat scheduled__2025-05-18T13:00:00+00:00 [queued]>
[2025-05-18T13:30:27.065+0000] {taskinstance.py:2306} INFO - Starting attempt 1 of 2
[2025-05-18T13:30:27.077+0000] {taskinstance.py:2330} INFO - Executing <Task(PythonOperator): crawl_phap-luat> on 2025-05-18 13:00:00+00:00
[2025-05-18T13:30:27.082+0000] {warnings.py:112} WARNING - /home/***/.local/lib/python3.12/site-packages/***/task/task_runner/standard_task_runner.py:61: DeprecationWarning: This process (pid=9478) is multi-threaded, use of fork() may lead to deadlocks in the child.
  pid = os.fork()

[2025-05-18T13:30:27.084+0000] {standard_task_runner.py:63} INFO - Started process 9479 to run task
[2025-05-18T13:30:27.083+0000] {standard_task_runner.py:90} INFO - Running: ['***', 'tasks', 'run', 'vietnamnet_crawler_24h', 'crawl_phap-luat', 'scheduled__2025-05-18T13:00:00+00:00', '--job-id', '31', '--raw', '--subdir', 'DAGS_FOLDER/dags.py', '--cfg-path', '/tmp/tmp0yxfmjog']
[2025-05-18T13:30:27.085+0000] {standard_task_runner.py:91} INFO - Job 31: Subtask crawl_phap-luat
[2025-05-18T13:30:27.120+0000] {task_command.py:426} INFO - Running <TaskInstance: vietnamnet_crawler_24h.crawl_phap-luat scheduled__2025-05-18T13:00:00+00:00 [running]> on host a383b65f89e1
[2025-05-18T13:30:27.194+0000] {taskinstance.py:2648} INFO - Exporting env vars: AIRFLOW_CTX_DAG_OWNER='***' AIRFLOW_CTX_DAG_ID='vietnamnet_crawler_24h' AIRFLOW_CTX_TASK_ID='crawl_phap-luat' AIRFLOW_CTX_EXECUTION_DATE='2025-05-18T13:00:00+00:00' AIRFLOW_CTX_TRY_NUMBER='1' AIRFLOW_CTX_DAG_RUN_ID='scheduled__2025-05-18T13:00:00+00:00'
[2025-05-18T13:30:27.195+0000] {taskinstance.py:430} INFO - ::endgroup::
[2025-05-18T13:30:27.347+0000] {crawler.py:55} INFO - Đã kết nối thành công với MongoDB: News
[2025-05-18T13:30:27.846+0000] {logging_mixin.py:188} INFO - [INIT].... → Crawl4AI 0.6.3
[2025-05-18T13:30:29.781+0000] {logging_mixin.py:188} INFO - [FETCH]... ↓ https://vietnamnet.vn/tin-tuc-24h?bydaterang=&cate=000008          
| ✓ | ⏱: 1.96s
[2025-05-18T13:30:29.951+0000] {logging_mixin.py:188} INFO - [SCRAPE].. ◆ https://vietnamnet.vn/tin-tuc-24h?bydaterang=&cate=000008          
| ✓ | ⏱: 0.17s
[2025-05-18T13:30:29.953+0000] {logging_mixin.py:188} INFO - [COMPLETE] ● https://vietnamnet.vn/tin-tuc-24h?bydaterang=&cate=000008          
| ✓ | ⏱: 2.13s
[2025-05-18T13:30:30.153+0000] {crawler.py:85} INFO - Tìm thấy 25 link bài viết cho danh mục phap-luat
[2025-05-18T13:30:30.702+0000] {crawler.py:110} INFO - Đã lọc: 25 URLs ban đầu -> 0 URLs sau xử lý live
[2025-05-18T13:30:30.705+0000] {crawler.py:252} INFO - Không có bài viết mới nào trong danh mục phap-luat cần crawl.
[2025-05-18T13:30:30.766+0000] {crawler.py:294} INFO - Không có bài viết để lưu vào collection 'phap-luat'
[2025-05-18T13:30:30.820+0000] {python.py:237} INFO - Done. Returned value was: None
[2025-05-18T13:30:30.821+0000] {taskinstance.py:441} INFO - ::group::Post task execution logs
[2025-05-18T13:30:30.828+0000] {taskinstance.py:1206} INFO - Marking task as SUCCESS. dag_id=vietnamnet_crawler_24h, task_id=crawl_phap-luat, run_id=scheduled__2025-05-18T13:00:00+00:00, execution_date=20250518T130000, start_date=20250518T133027, end_date=20250518T133030
[2025-05-18T13:30:30.876+0000] {local_task_job_runner.py:240} INFO - Task exited with return code 0
[2025-05-18T13:30:30.884+0000] {local_task_job_runner.py:222} INFO - ::endgroup::
