[2025-05-18T09:30:01.369+0000] {local_task_job_runner.py:120} INFO - ::group::Pre task execution logs
[2025-05-18T09:30:01.387+0000] {taskinstance.py:2076} INFO - Dependencies all met for dep_context=non-requeueable deps ti=<TaskInstance: vietnamnet_crawler_24h.crawl_cong-nghe scheduled__2025-05-18T09:00:00+00:00 [queued]>
[2025-05-18T09:30:01.395+0000] {taskinstance.py:2076} INFO - Dependencies all met for dep_context=requeueable deps ti=<TaskInstance: vietnamnet_crawler_24h.crawl_cong-nghe scheduled__2025-05-18T09:00:00+00:00 [queued]>
[2025-05-18T09:30:01.396+0000] {taskinstance.py:2306} INFO - Starting attempt 1 of 2
[2025-05-18T09:30:01.409+0000] {taskinstance.py:2330} INFO - Executing <Task(PythonOperator): crawl_cong-nghe> on 2025-05-18 09:00:00+00:00
[2025-05-18T09:30:01.414+0000] {warnings.py:112} WARNING - /home/***/.local/lib/python3.12/site-packages/***/task/task_runner/standard_task_runner.py:61: DeprecationWarning: This process (pid=2539) is multi-threaded, use of fork() may lead to deadlocks in the child.
  pid = os.fork()

[2025-05-18T09:30:01.416+0000] {standard_task_runner.py:63} INFO - Started process 2540 to run task
[2025-05-18T09:30:01.416+0000] {standard_task_runner.py:90} INFO - Running: ['***', 'tasks', 'run', 'vietnamnet_crawler_24h', 'crawl_cong-nghe', 'scheduled__2025-05-18T09:00:00+00:00', '--job-id', '15', '--raw', '--subdir', 'DAGS_FOLDER/dags.py', '--cfg-path', '/tmp/tmpcit1tm6y']
[2025-05-18T09:30:01.418+0000] {standard_task_runner.py:91} INFO - Job 15: Subtask crawl_cong-nghe
[2025-05-18T09:30:01.457+0000] {task_command.py:426} INFO - Running <TaskInstance: vietnamnet_crawler_24h.crawl_cong-nghe scheduled__2025-05-18T09:00:00+00:00 [running]> on host 4a3ee431a987
[2025-05-18T09:30:01.531+0000] {taskinstance.py:2648} INFO - Exporting env vars: AIRFLOW_CTX_DAG_OWNER='***' AIRFLOW_CTX_DAG_ID='vietnamnet_crawler_24h' AIRFLOW_CTX_TASK_ID='crawl_cong-nghe' AIRFLOW_CTX_EXECUTION_DATE='2025-05-18T09:00:00+00:00' AIRFLOW_CTX_TRY_NUMBER='1' AIRFLOW_CTX_DAG_RUN_ID='scheduled__2025-05-18T09:00:00+00:00'
[2025-05-18T09:30:01.532+0000] {taskinstance.py:430} INFO - ::endgroup::
[2025-05-18T09:30:01.769+0000] {crawler.py:55} INFO - Đã kết nối thành công với MongoDB: News
[2025-05-18T09:30:02.354+0000] {logging_mixin.py:188} INFO - [INIT].... → Crawl4AI 0.6.3
[2025-05-18T09:30:04.797+0000] {logging_mixin.py:188} INFO - [FETCH]... ↓ https://vietnamnet.vn/tin-tuc-24h?bydaterang=&cate=00MK8V          
| ✓ | ⏱: 2.38s
[2025-05-18T09:30:05.045+0000] {logging_mixin.py:188} INFO - [SCRAPE].. ◆ https://vietnamnet.vn/tin-tuc-24h?bydaterang=&cate=00MK8V          
| ✓ | ⏱: 0.24s
[2025-05-18T09:30:05.048+0000] {logging_mixin.py:188} INFO - [COMPLETE] ● https://vietnamnet.vn/tin-tuc-24h?bydaterang=&cate=00MK8V          
| ✓ | ⏱: 2.63s
[2025-05-18T09:30:05.333+0000] {crawler.py:85} INFO - Tìm thấy 25 link bài viết cho danh mục cong-nghe
[2025-05-18T09:30:05.962+0000] {crawler.py:110} INFO - Đã lọc: 25 URLs ban đầu -> 2 URLs sau xử lý live
[2025-05-18T09:30:05.963+0000] {crawler.py:255} INFO - Đang crawl 2 bài viết mới từ danh mục cong-nghe...
[2025-05-18T09:30:05.963+0000] {crawler.py:258} INFO - --> Crawl: https://vietnamnet.vn/xem-robot-hinh-nguoi-trung-quoc-tung-2-cu-dam-sam-set-nhu-vo-su-2402380.html
[2025-05-18T09:30:06.579+0000] {logging_mixin.py:188} INFO - [INIT].... → Crawl4AI 0.6.3
[2025-05-18T09:30:10.961+0000] {logging_mixin.py:188} INFO - [FETCH]... ↓ 
https://vietnamnet.vn/xem-robot-hinh-nguoi-trung-quoc-tung-2-cu-dam-sam-set-nhu-
vo-su-2402380.html   | ✓ | ⏱: 4.31s
[2025-05-18T09:30:11.266+0000] {logging_mixin.py:188} INFO - [SCRAPE].. ◆ 
https://vietnamnet.vn/xem-robot-hinh-nguoi-trung-quoc-tung-2-cu-dam-sam-set-nhu-
vo-su-2402380.html   | ✓ | ⏱: 0.30s
[2025-05-18T09:30:11.269+0000] {logging_mixin.py:188} INFO - [COMPLETE] ● 
https://vietnamnet.vn/xem-robot-hinh-nguoi-trung-quoc-tung-2-cu-dam-sam-set-nhu-
vo-su-2402380.html   | ✓ | ⏱: 4.62s
[2025-05-18T09:30:11.722+0000] {crawler.py:262} INFO -     ✓ Xem robot hình người Trung Quốc tung 2 cú đấm sấm sét như võ...

[2025-05-18T09:30:11.728+0000] {crawler.py:258} INFO - --> Crawl: https://vietnamnet.vn/lap-trung-tam-de-nghien-cuu-kinh-te-so-quan-tri-chuyen-doi-thong-minh-2402362.html
[2025-05-18T09:30:12.450+0000] {logging_mixin.py:188} INFO - [INIT].... → Crawl4AI 0.6.3
[2025-05-18T09:30:15.395+0000] {logging_mixin.py:188} INFO - [FETCH]... ↓ 
https://vietnamnet.vn/lap-trung-tam-de-nghien-cu...e-so-quan-tri-chuyen-doi-thon
g-minh-2402362.html  | ✓ | ⏱: 2.87s
[2025-05-18T09:30:15.606+0000] {logging_mixin.py:188} INFO - [SCRAPE].. ◆ 
https://vietnamnet.vn/lap-trung-tam-de-nghien-cu...e-so-quan-tri-chuyen-doi-thon
g-minh-2402362.html  | ✓ | ⏱: 0.21s
[2025-05-18T09:30:15.608+0000] {logging_mixin.py:188} INFO - [COMPLETE] ● 
https://vietnamnet.vn/lap-trung-tam-de-nghien-cu...e-so-quan-tri-chuyen-doi-thon
g-minh-2402362.html  | ✓ | ⏱: 3.08s
[2025-05-18T09:30:15.961+0000] {crawler.py:262} INFO -     ✓ Lập trung tâm để nghiên cứu kinh tế số, quản trị chuyển đổi ...

[2025-05-18T09:30:15.961+0000] {crawler.py:265} INFO - ⏱️  Tổng thời gian crawl: 14.19 giây
[2025-05-18T09:30:16.107+0000] {crawler.py:292} INFO - Đã lưu 2 bài viết vào collection 'cong-nghe'
[2025-05-18T09:30:16.176+0000] {python.py:237} INFO - Done. Returned value was: None
[2025-05-18T09:30:16.179+0000] {taskinstance.py:441} INFO - ::group::Post task execution logs
[2025-05-18T09:30:16.188+0000] {taskinstance.py:1206} INFO - Marking task as SUCCESS. dag_id=vietnamnet_crawler_24h, task_id=crawl_cong-nghe, run_id=scheduled__2025-05-18T09:00:00+00:00, execution_date=20250518T090000, start_date=20250518T093001, end_date=20250518T093016
[2025-05-18T09:30:16.239+0000] {local_task_job_runner.py:240} INFO - Task exited with return code 0
[2025-05-18T09:30:16.259+0000] {taskinstance.py:3503} INFO - 1 downstream tasks scheduled from follow-on schedule check
[2025-05-18T09:30:16.261+0000] {local_task_job_runner.py:222} INFO - ::endgroup::
