[2025-05-16T17:26:03.390+0000] {local_task_job_runner.py:120} INFO - ::group::Pre task execution logs
[2025-05-16T17:26:03.417+0000] {taskinstance.py:2076} INFO - Dependencies all met for dep_context=non-requeueable deps ti=<TaskInstance: vietnamnet_crawler_24h.crawl_phap-luat manual__2025-05-16T17:25:30.581136+00:00 [queued]>
[2025-05-16T17:26:03.427+0000] {taskinstance.py:2076} INFO - Dependencies all met for dep_context=requeueable deps ti=<TaskInstance: vietnamnet_crawler_24h.crawl_phap-luat manual__2025-05-16T17:25:30.581136+00:00 [queued]>
[2025-05-16T17:26:03.427+0000] {taskinstance.py:2306} INFO - Starting attempt 1 of 2
[2025-05-16T17:26:03.444+0000] {taskinstance.py:2330} INFO - Executing <Task(PythonOperator): crawl_phap-luat> on 2025-05-16 17:25:30.581136+00:00
[2025-05-16T17:26:03.450+0000] {warnings.py:112} WARNING - /home/***/.local/lib/python3.12/site-packages/***/task/task_runner/standard_task_runner.py:61: DeprecationWarning: This process (pid=696) is multi-threaded, use of fork() may lead to deadlocks in the child.
  pid = os.fork()

[2025-05-16T17:26:03.451+0000] {standard_task_runner.py:63} INFO - Started process 697 to run task
[2025-05-16T17:26:03.452+0000] {standard_task_runner.py:90} INFO - Running: ['***', 'tasks', 'run', 'vietnamnet_crawler_24h', 'crawl_phap-luat', 'manual__2025-05-16T17:25:30.581136+00:00', '--job-id', '105', '--raw', '--subdir', 'DAGS_FOLDER/dags.py', '--cfg-path', '/tmp/tmpvrgaje9x']
[2025-05-16T17:26:03.455+0000] {standard_task_runner.py:91} INFO - Job 105: Subtask crawl_phap-luat
[2025-05-16T17:26:03.499+0000] {task_command.py:426} INFO - Running <TaskInstance: vietnamnet_crawler_24h.crawl_phap-luat manual__2025-05-16T17:25:30.581136+00:00 [running]> on host 60d771d880eb
[2025-05-16T17:26:03.601+0000] {taskinstance.py:2648} INFO - Exporting env vars: AIRFLOW_CTX_DAG_OWNER='***' AIRFLOW_CTX_DAG_ID='vietnamnet_crawler_24h' AIRFLOW_CTX_TASK_ID='crawl_phap-luat' AIRFLOW_CTX_EXECUTION_DATE='2025-05-16T17:25:30.581136+00:00' AIRFLOW_CTX_TRY_NUMBER='1' AIRFLOW_CTX_DAG_RUN_ID='manual__2025-05-16T17:25:30.581136+00:00'
[2025-05-16T17:26:03.603+0000] {taskinstance.py:430} INFO - ::endgroup::
[2025-05-16T17:26:03.777+0000] {crawler.py:55} INFO - Đã kết nối thành công với MongoDB: News
[2025-05-16T17:26:04.461+0000] {logging_mixin.py:188} INFO - [INIT].... → Crawl4AI 0.6.2
[2025-05-16T17:26:06.852+0000] {logging_mixin.py:188} INFO - [FETCH]... ↓ https://vietnamnet.vn/tin-tuc-24h?bydaterang=&cate=000008                                            | 
[2025-05-16T17:26:06.853+0000] {logging_mixin.py:188} INFO - ✓
[2025-05-16T17:26:06.853+0000] {logging_mixin.py:188} INFO -  | ⏱: 2.33s
[2025-05-16T17:26:07.096+0000] {logging_mixin.py:188} INFO - [SCRAPE].. ◆ https://vietnamnet.vn/tin-tuc-24h?bydaterang=&cate=000008                                            | 
[2025-05-16T17:26:07.097+0000] {logging_mixin.py:188} INFO - ✓
[2025-05-16T17:26:07.097+0000] {logging_mixin.py:188} INFO -  | ⏱: 0.24s
[2025-05-16T17:26:07.099+0000] {logging_mixin.py:188} INFO - [COMPLETE] ● https://vietnamnet.vn/tin-tuc-24h?bydaterang=&cate=000008                                            | 
[2025-05-16T17:26:07.099+0000] {logging_mixin.py:188} INFO - ✓
[2025-05-16T17:26:07.100+0000] {logging_mixin.py:188} INFO -  | ⏱: 2.58s
[2025-05-16T17:26:07.358+0000] {crawler.py:85} INFO - Tìm thấy 25 link bài viết cho danh mục phap-luat
[2025-05-16T17:26:07.955+0000] {crawler.py:110} INFO - Đã lọc: 25 URLs ban đầu -> 0 URLs sau xử lý live
[2025-05-16T17:26:07.955+0000] {crawler.py:252} INFO - Không có bài viết mới nào trong danh mục phap-luat cần crawl.
[2025-05-16T17:26:08.068+0000] {crawler.py:294} INFO - Không có bài viết để lưu vào collection 'phap-luat'
[2025-05-16T17:26:08.132+0000] {python.py:237} INFO - Done. Returned value was: None
[2025-05-16T17:26:08.133+0000] {taskinstance.py:441} INFO - ::group::Post task execution logs
[2025-05-16T17:26:08.143+0000] {taskinstance.py:1206} INFO - Marking task as SUCCESS. dag_id=vietnamnet_crawler_24h, task_id=crawl_phap-luat, run_id=manual__2025-05-16T17:25:30.581136+00:00, execution_date=20250516T172530, start_date=20250516T172603, end_date=20250516T172608
[2025-05-16T17:26:08.202+0000] {local_task_job_runner.py:240} INFO - Task exited with return code 0
[2025-05-16T17:26:08.229+0000] {taskinstance.py:3503} INFO - 1 downstream tasks scheduled from follow-on schedule check
[2025-05-16T17:26:08.233+0000] {local_task_job_runner.py:222} INFO - ::endgroup::
