[2025-05-16T09:50:00.716+0000] {local_task_job_runner.py:120} INFO - ::group::Pre task execution logs
[2025-05-16T09:50:00.737+0000] {taskinstance.py:2076} INFO - Dependencies all met for dep_context=non-requeueable deps ti=<TaskInstance: vietnamnet_crawler_24h.crawl_phap-luat scheduled__2025-05-16T09:00:00+00:00 [queued]>
[2025-05-16T09:50:00.744+0000] {taskinstance.py:2076} INFO - Dependencies all met for dep_context=requeueable deps ti=<TaskInstance: vietnamnet_crawler_24h.crawl_phap-luat scheduled__2025-05-16T09:00:00+00:00 [queued]>
[2025-05-16T09:50:00.745+0000] {taskinstance.py:2306} INFO - Starting attempt 1 of 2
[2025-05-16T09:50:00.759+0000] {taskinstance.py:2330} INFO - Executing <Task(PythonOperator): crawl_phap-luat> on 2025-05-16 09:00:00+00:00
[2025-05-16T09:50:00.765+0000] {warnings.py:112} WARNING - /home/***/.local/lib/python3.12/site-packages/***/task/task_runner/standard_task_runner.py:61: DeprecationWarning: This process (pid=1939) is multi-threaded, use of fork() may lead to deadlocks in the child.
  pid = os.fork()

[2025-05-16T09:50:00.766+0000] {standard_task_runner.py:63} INFO - Started process 1940 to run task
[2025-05-16T09:50:00.767+0000] {standard_task_runner.py:90} INFO - Running: ['***', 'tasks', 'run', 'vietnamnet_crawler_24h', 'crawl_phap-luat', 'scheduled__2025-05-16T09:00:00+00:00', '--job-id', '13', '--raw', '--subdir', 'DAGS_FOLDER/dags.py', '--cfg-path', '/tmp/tmpon_69svf']
[2025-05-16T09:50:00.769+0000] {standard_task_runner.py:91} INFO - Job 13: Subtask crawl_phap-luat
[2025-05-16T09:50:00.810+0000] {task_command.py:426} INFO - Running <TaskInstance: vietnamnet_crawler_24h.crawl_phap-luat scheduled__2025-05-16T09:00:00+00:00 [running]> on host 71b827885e5f
[2025-05-16T09:50:00.890+0000] {taskinstance.py:2648} INFO - Exporting env vars: AIRFLOW_CTX_DAG_OWNER='***' AIRFLOW_CTX_DAG_ID='vietnamnet_crawler_24h' AIRFLOW_CTX_TASK_ID='crawl_phap-luat' AIRFLOW_CTX_EXECUTION_DATE='2025-05-16T09:00:00+00:00' AIRFLOW_CTX_TRY_NUMBER='1' AIRFLOW_CTX_DAG_RUN_ID='scheduled__2025-05-16T09:00:00+00:00'
[2025-05-16T09:50:00.892+0000] {taskinstance.py:430} INFO - ::endgroup::
[2025-05-16T09:50:01.064+0000] {crawler.py:54} INFO - Đã kết nối thành công với MongoDB: News
[2025-05-16T09:50:01.691+0000] {logging_mixin.py:188} INFO - [INIT].... → Crawl4AI 0.6.2
[2025-05-16T09:50:05.083+0000] {logging_mixin.py:188} INFO - [FETCH]... ↓ https://vietnamnet.vn/tin-tuc-24h?bydaterang=&cate=000008                                            | 
[2025-05-16T09:50:05.084+0000] {logging_mixin.py:188} INFO - ✓
[2025-05-16T09:50:05.085+0000] {logging_mixin.py:188} INFO -  | ⏱: 3.30s
[2025-05-16T09:50:05.317+0000] {logging_mixin.py:188} INFO - [SCRAPE].. ◆ https://vietnamnet.vn/tin-tuc-24h?bydaterang=&cate=000008                                            | 
[2025-05-16T09:50:05.318+0000] {logging_mixin.py:188} INFO - ✓
[2025-05-16T09:50:05.319+0000] {logging_mixin.py:188} INFO -  | ⏱: 0.23s
[2025-05-16T09:50:05.321+0000] {logging_mixin.py:188} INFO - [COMPLETE] ● https://vietnamnet.vn/tin-tuc-24h?bydaterang=&cate=000008                                            | 
[2025-05-16T09:50:05.322+0000] {logging_mixin.py:188} INFO - ✓
[2025-05-16T09:50:05.323+0000] {logging_mixin.py:188} INFO -  | ⏱: 3.54s
[2025-05-16T09:50:05.419+0000] {crawler.py:84} INFO - Tìm thấy 25 link bài viết cho danh mục phap-luat
[2025-05-16T09:50:08.443+0000] {crawler.py:110} INFO - Đã lọc: 25 URLs ban đầu -> 1 URLs mới
[2025-05-16T09:50:08.444+0000] {crawler.py:234} INFO - Đang crawl 1 bài viết mới từ danh mục phap-luat...
[2025-05-16T09:50:08.444+0000] {crawler.py:237} INFO - --> Crawl: https://vietnamnet.vn/lat-tay-man-lua-dao-tinh-vi-cua-vo-chong-doanh-nhan-o-da-nang-2401522.html
[2025-05-16T09:50:09.371+0000] {logging_mixin.py:188} INFO - [INIT].... → Crawl4AI 0.6.2
[2025-05-16T09:50:12.851+0000] {logging_mixin.py:188} INFO - [FETCH]... ↓ https://vietnamnet.vn/lat-tay-man-lua-dao-tinh-vi-cua-vo-chong-doanh-nhan-o-da-nang-2401522.html     | 
[2025-05-16T09:50:12.851+0000] {logging_mixin.py:188} INFO - ✓
[2025-05-16T09:50:12.852+0000] {logging_mixin.py:188} INFO -  | ⏱: 3.39s
[2025-05-16T09:50:13.085+0000] {logging_mixin.py:188} INFO - [SCRAPE].. ◆ https://vietnamnet.vn/lat-tay-man-lua-dao-tinh-vi-cua-vo-chong-doanh-nhan-o-da-nang-2401522.html     | 
[2025-05-16T09:50:13.085+0000] {logging_mixin.py:188} INFO - ✓
[2025-05-16T09:50:13.086+0000] {logging_mixin.py:188} INFO -  | ⏱: 
[2025-05-16T09:50:13.087+0000] {logging_mixin.py:188} INFO - 0.23
[2025-05-16T09:50:13.087+0000] {logging_mixin.py:188} INFO - s
[2025-05-16T09:50:13.089+0000] {logging_mixin.py:188} INFO - [COMPLETE] ● https://vietnamnet.vn/lat-tay-man-lua-dao-tinh-vi-cua-vo-chong-doanh-nhan-o-da-nang-2401522.html     | 
[2025-05-16T09:50:13.090+0000] {logging_mixin.py:188} INFO - ✓
[2025-05-16T09:50:13.090+0000] {logging_mixin.py:188} INFO -  | ⏱: 3.63s
[2025-05-16T09:50:14.292+0000] {crawler.py:241} INFO -     ✓ Lật tẩy màn lừa đảo tinh vi của vợ chồng doanh nhân ở Đà Nẵn...

[2025-05-16T09:50:14.292+0000] {crawler.py:244} INFO - ⏱️  Tổng thời gian crawl: 13.23 giây
[2025-05-16T09:50:14.365+0000] {crawler.py:269} INFO - Đã lưu 1 bài viết vào collection 'phap-luat'
[2025-05-16T09:50:14.432+0000] {python.py:237} INFO - Done. Returned value was: None
[2025-05-16T09:50:14.433+0000] {taskinstance.py:441} INFO - ::group::Post task execution logs
[2025-05-16T09:50:14.446+0000] {taskinstance.py:1206} INFO - Marking task as SUCCESS. dag_id=vietnamnet_crawler_24h, task_id=crawl_phap-luat, run_id=scheduled__2025-05-16T09:00:00+00:00, execution_date=20250516T090000, start_date=20250516T095000, end_date=20250516T095014
[2025-05-16T09:50:14.528+0000] {local_task_job_runner.py:240} INFO - Task exited with return code 0
[2025-05-16T09:50:14.553+0000] {taskinstance.py:3503} INFO - 1 downstream tasks scheduled from follow-on schedule check
[2025-05-16T09:50:14.581+0000] {local_task_job_runner.py:222} INFO - ::endgroup::
