[2025-05-16T12:20:41.276+0000] {local_task_job_runner.py:120} INFO - ::group::Pre task execution logs
[2025-05-16T12:20:41.297+0000] {taskinstance.py:2076} INFO - Dependencies all met for dep_context=non-requeueable deps ti=<TaskInstance: vietnamnet_crawler_24h.crawl_cong-nghe scheduled__2025-05-16T11:30:00+00:00 [queued]>
[2025-05-16T12:20:41.306+0000] {taskinstance.py:2076} INFO - Dependencies all met for dep_context=requeueable deps ti=<TaskInstance: vietnamnet_crawler_24h.crawl_cong-nghe scheduled__2025-05-16T11:30:00+00:00 [queued]>
[2025-05-16T12:20:41.307+0000] {taskinstance.py:2306} INFO - Starting attempt 1 of 2
[2025-05-16T12:20:41.322+0000] {taskinstance.py:2330} INFO - Executing <Task(PythonOperator): crawl_cong-nghe> on 2025-05-16 11:30:00+00:00
[2025-05-16T12:20:41.329+0000] {warnings.py:112} WARNING - /home/***/.local/lib/python3.12/site-packages/***/task/task_runner/standard_task_runner.py:61: DeprecationWarning: This process (pid=470) is multi-threaded, use of fork() may lead to deadlocks in the child.
  pid = os.fork()

[2025-05-16T12:20:41.330+0000] {standard_task_runner.py:63} INFO - Started process 471 to run task
[2025-05-16T12:20:41.330+0000] {standard_task_runner.py:90} INFO - Running: ['***', 'tasks', 'run', 'vietnamnet_crawler_24h', 'crawl_cong-nghe', 'scheduled__2025-05-16T11:30:00+00:00', '--job-id', '64', '--raw', '--subdir', 'DAGS_FOLDER/dags.py', '--cfg-path', '/tmp/tmpn9e2xe1e']
[2025-05-16T12:20:41.332+0000] {standard_task_runner.py:91} INFO - Job 64: Subtask crawl_cong-nghe
[2025-05-16T12:20:41.374+0000] {task_command.py:426} INFO - Running <TaskInstance: vietnamnet_crawler_24h.crawl_cong-nghe scheduled__2025-05-16T11:30:00+00:00 [running]> on host 71b827885e5f
[2025-05-16T12:20:41.461+0000] {taskinstance.py:2648} INFO - Exporting env vars: AIRFLOW_CTX_DAG_OWNER='***' AIRFLOW_CTX_DAG_ID='vietnamnet_crawler_24h' AIRFLOW_CTX_TASK_ID='crawl_cong-nghe' AIRFLOW_CTX_EXECUTION_DATE='2025-05-16T11:30:00+00:00' AIRFLOW_CTX_TRY_NUMBER='1' AIRFLOW_CTX_DAG_RUN_ID='scheduled__2025-05-16T11:30:00+00:00'
[2025-05-16T12:20:41.462+0000] {taskinstance.py:430} INFO - ::endgroup::
[2025-05-16T12:20:41.661+0000] {crawler.py:54} INFO - Đã kết nối thành công với MongoDB: News
[2025-05-16T12:20:42.518+0000] {logging_mixin.py:188} INFO - [INIT].... → Crawl4AI 0.6.2
[2025-05-16T12:20:43.139+0000] {logging_mixin.py:188} INFO - [FETCH]... ↓ https://vietnamnet.vn/tin-tuc-24h?bydaterang=&cate=00MK8V                                            | 
[2025-05-16T12:20:43.139+0000] {logging_mixin.py:188} INFO - ✓
[2025-05-16T12:20:43.140+0000] {logging_mixin.py:188} INFO -  | ⏱: 0.56s
[2025-05-16T12:20:43.143+0000] {logging_mixin.py:188} INFO - [SCRAPE].. ◆ https://vietnamnet.vn/tin-tuc-24h?bydaterang=&cate=00MK8V                                            | 
[2025-05-16T12:20:43.144+0000] {logging_mixin.py:188} INFO - ✓
[2025-05-16T12:20:43.144+0000] {logging_mixin.py:188} INFO -  | ⏱: 0.00s
[2025-05-16T12:20:43.145+0000] {logging_mixin.py:188} INFO - [COMPLETE] ● https://vietnamnet.vn/tin-tuc-24h?bydaterang=&cate=00MK8V                                            | 
[2025-05-16T12:20:43.145+0000] {logging_mixin.py:188} INFO - ✓
[2025-05-16T12:20:43.146+0000] {logging_mixin.py:188} INFO -  | ⏱: 0.57s
[2025-05-16T12:20:43.147+0000] {crawler.py:84} INFO - Tìm thấy 0 link bài viết cho danh mục cong-nghe
[2025-05-16T12:20:43.818+0000] {crawler.py:108} INFO - Đã lọc: 0 URLs ban đầu -> 0 URLs mới
[2025-05-16T12:20:43.819+0000] {crawler.py:229} INFO - Không có bài viết mới nào trong danh mục cong-nghe cần crawl.
[2025-05-16T12:20:43.820+0000] {crawler.py:269} INFO - Không có bài viết để lưu vào collection 'cong-nghe'
[2025-05-16T12:20:43.887+0000] {python.py:237} INFO - Done. Returned value was: None
[2025-05-16T12:20:43.888+0000] {taskinstance.py:441} INFO - ::group::Post task execution logs
[2025-05-16T12:20:43.895+0000] {taskinstance.py:1206} INFO - Marking task as SUCCESS. dag_id=vietnamnet_crawler_24h, task_id=crawl_cong-nghe, run_id=scheduled__2025-05-16T11:30:00+00:00, execution_date=20250516T113000, start_date=20250516T122041, end_date=20250516T122043
[2025-05-16T12:20:43.912+0000] {local_task_job_runner.py:240} INFO - Task exited with return code 0
[2025-05-16T12:20:43.932+0000] {taskinstance.py:3503} INFO - 1 downstream tasks scheduled from follow-on schedule check
[2025-05-16T12:20:43.935+0000] {local_task_job_runner.py:222} INFO - ::endgroup::
