[2025-05-16T08:57:49.682+0000] {local_task_job_runner.py:120} INFO - ::group::Pre task execution logs
[2025-05-16T08:57:49.705+0000] {taskinstance.py:2076} INFO - Dependencies all met for dep_context=non-requeueable deps ti=<TaskInstance: vietnamnet_crawler_24h.clean_old_articles manual__2025-05-16T08:57:47.172260+00:00 [queued]>
[2025-05-16T08:57:49.714+0000] {taskinstance.py:2076} INFO - Dependencies all met for dep_context=requeueable deps ti=<TaskInstance: vietnamnet_crawler_24h.clean_old_articles manual__2025-05-16T08:57:47.172260+00:00 [queued]>
[2025-05-16T08:57:49.714+0000] {taskinstance.py:2306} INFO - Starting attempt 1 of 2
[2025-05-16T08:57:49.732+0000] {taskinstance.py:2330} INFO - Executing <Task(PythonOperator): clean_old_articles> on 2025-05-16 08:57:47.172260+00:00
[2025-05-16T08:57:49.738+0000] {warnings.py:112} WARNING - /home/***/.local/lib/python3.12/site-packages/***/task/task_runner/standard_task_runner.py:61: DeprecationWarning: This process (pid=11532) is multi-threaded, use of fork() may lead to deadlocks in the child.
  pid = os.fork()

[2025-05-16T08:57:49.741+0000] {standard_task_runner.py:63} INFO - Started process 11535 to run task
[2025-05-16T08:57:49.742+0000] {standard_task_runner.py:90} INFO - Running: ['***', 'tasks', 'run', 'vietnamnet_crawler_24h', 'clean_old_articles', 'manual__2025-05-16T08:57:47.172260+00:00', '--job-id', '36', '--raw', '--subdir', 'DAGS_FOLDER/dags.py', '--cfg-path', '/tmp/tmpxbfx688c']
[2025-05-16T08:57:49.745+0000] {standard_task_runner.py:91} INFO - Job 36: Subtask clean_old_articles
[2025-05-16T08:57:49.791+0000] {task_command.py:426} INFO - Running <TaskInstance: vietnamnet_crawler_24h.clean_old_articles manual__2025-05-16T08:57:47.172260+00:00 [running]> on host 3e0aeda9ad24
[2025-05-16T08:57:49.900+0000] {taskinstance.py:2648} INFO - Exporting env vars: AIRFLOW_CTX_DAG_OWNER='***' AIRFLOW_CTX_DAG_ID='vietnamnet_crawler_24h' AIRFLOW_CTX_TASK_ID='clean_old_articles' AIRFLOW_CTX_EXECUTION_DATE='2025-05-16T08:57:47.172260+00:00' AIRFLOW_CTX_TRY_NUMBER='1' AIRFLOW_CTX_DAG_RUN_ID='manual__2025-05-16T08:57:47.172260+00:00'
[2025-05-16T08:57:49.902+0000] {taskinstance.py:430} INFO - ::endgroup::
[2025-05-16T08:57:50.118+0000] {database_cleaner.py:33} INFO - Đã kết nối MongoDB: News
[2025-05-16T08:57:50.119+0000] {database_cleaner.py:102} INFO - Xóa các bài viết trước: 2025-04-15T15:57:50.119032+07:00
[2025-05-16T08:57:51.470+0000] {database_cleaner.py:125} INFO - Collection 'cong-nghe': 1 bài bị xóa
[2025-05-16T08:57:51.825+0000] {database_cleaner.py:125} INFO - Collection 'the-gioi': 0 bài bị xóa
[2025-05-16T08:57:52.465+0000] {database_cleaner.py:125} INFO - Collection 'chinh-tri': 0 bài bị xóa
[2025-05-16T08:57:52.694+0000] {database_cleaner.py:125} INFO - Collection 'phap-luat': 0 bài bị xóa
[2025-05-16T08:57:52.931+0000] {database_cleaner.py:125} INFO - Collection 'doi-song': 0 bài bị xóa
[2025-05-16T08:57:53.285+0000] {database_cleaner.py:125} INFO - Collection 'giao-duc': 0 bài bị xóa
[2025-05-16T08:57:53.366+0000] {database_cleaner.py:42} INFO - Đã đóng kết nối MongoDB
[2025-05-16T08:57:53.367+0000] {database_cleaner.py:142} INFO - Đã xóa tổng cộng 1 bài, còn lại 1913
[2025-05-16T08:57:53.368+0000] {python.py:237} INFO - Done. Returned value was: {'cong-nghe': {'total': 186, 'deleted': 1, 'remaining': 185}, 'the-gioi': {'total': 413, 'deleted': 0, 'remaining': 413}, 'chinh-tri': {'total': 520, 'deleted': 0, 'remaining': 520}, 'phap-luat': {'total': 212, 'deleted': 0, 'remaining': 212}, 'doi-song': {'total': 284, 'deleted': 0, 'remaining': 284}, 'giao-duc': {'total': 299, 'deleted': 0, 'remaining': 299}}
[2025-05-16T08:57:53.369+0000] {taskinstance.py:441} INFO - ::group::Post task execution logs
[2025-05-16T08:57:53.407+0000] {taskinstance.py:1206} INFO - Marking task as SUCCESS. dag_id=vietnamnet_crawler_24h, task_id=clean_old_articles, run_id=manual__2025-05-16T08:57:47.172260+00:00, execution_date=20250516T085747, start_date=20250516T085749, end_date=20250516T085753
[2025-05-16T08:57:53.450+0000] {local_task_job_runner.py:240} INFO - Task exited with return code 0
[2025-05-16T08:57:53.498+0000] {taskinstance.py:3503} INFO - 1 downstream tasks scheduled from follow-on schedule check
[2025-05-16T08:57:53.504+0000] {local_task_job_runner.py:222} INFO - ::endgroup::
