[2025-05-03T22:31:33.320+0000] {local_task_job_runner.py:120} INFO - ::group::Pre task execution logs
[2025-05-03T22:31:33.344+0000] {taskinstance.py:2076} INFO - Dependencies all met for dep_context=non-requeueable deps ti=<TaskInstance: vietnamnet_crawler_with_summary.crawl_doi-song scheduled__2025-05-03T22:00:00+00:00 [queued]>
[2025-05-03T22:31:33.351+0000] {taskinstance.py:2076} INFO - Dependencies all met for dep_context=requeueable deps ti=<TaskInstance: vietnamnet_crawler_with_summary.crawl_doi-song scheduled__2025-05-03T22:00:00+00:00 [queued]>
[2025-05-03T22:31:33.352+0000] {taskinstance.py:2306} INFO - Starting attempt 1 of 2
[2025-05-03T22:31:33.370+0000] {taskinstance.py:2330} INFO - Executing <Task(PythonOperator): crawl_doi-song> on 2025-05-03 22:00:00+00:00
[2025-05-03T22:31:33.375+0000] {warnings.py:112} WARNING - /home/***/.local/lib/python3.12/site-packages/***/task/task_runner/standard_task_runner.py:61: DeprecationWarning: This process (pid=52391) is multi-threaded, use of fork() may lead to deadlocks in the child.
  pid = os.fork()

[2025-05-03T22:31:33.376+0000] {standard_task_runner.py:63} INFO - Started process 52392 to run task
[2025-05-03T22:31:33.376+0000] {standard_task_runner.py:90} INFO - Running: ['***', 'tasks', 'run', 'vietnamnet_crawler_with_summary', 'crawl_doi-song', 'scheduled__2025-05-03T22:00:00+00:00', '--job-id', '37', '--raw', '--subdir', 'DAGS_FOLDER/dags.py', '--cfg-path', '/tmp/tmpltcqo9k_']
[2025-05-03T22:31:33.381+0000] {standard_task_runner.py:91} INFO - Job 37: Subtask crawl_doi-song
[2025-05-03T22:31:33.425+0000] {task_command.py:426} INFO - Running <TaskInstance: vietnamnet_crawler_with_summary.crawl_doi-song scheduled__2025-05-03T22:00:00+00:00 [running]> on host 61b2c69a7af3
[2025-05-03T22:31:33.511+0000] {taskinstance.py:2648} INFO - Exporting env vars: AIRFLOW_CTX_DAG_OWNER='***' AIRFLOW_CTX_DAG_ID='vietnamnet_crawler_with_summary' AIRFLOW_CTX_TASK_ID='crawl_doi-song' AIRFLOW_CTX_EXECUTION_DATE='2025-05-03T22:00:00+00:00' AIRFLOW_CTX_TRY_NUMBER='1' AIRFLOW_CTX_DAG_RUN_ID='scheduled__2025-05-03T22:00:00+00:00'
[2025-05-03T22:31:33.512+0000] {taskinstance.py:430} INFO - ::endgroup::
[2025-05-03T22:31:33.684+0000] {crawler.py:61} INFO - Đã kết nối thành công với MongoDB: News
[2025-05-03T22:31:33.812+0000] {crawler.py:44} INFO - ArticleSummarizer đã được khởi tạo thành công
[2025-05-03T22:31:34.378+0000] {logging_mixin.py:188} INFO - [INIT].... → Crawl4AI 0.6.2
[2025-05-03T22:31:36.990+0000] {logging_mixin.py:188} INFO - [FETCH]... ↓ https://vietnamnet.vn/doi-song                                                                       | 
[2025-05-03T22:31:36.990+0000] {logging_mixin.py:188} INFO - ✓
[2025-05-03T22:31:36.991+0000] {logging_mixin.py:188} INFO -  | ⏱: 2.54s
[2025-05-03T22:31:37.333+0000] {logging_mixin.py:188} INFO - [SCRAPE].. ◆ https://vietnamnet.vn/doi-song                                                                       | 
[2025-05-03T22:31:37.333+0000] {logging_mixin.py:188} INFO - ✓
[2025-05-03T22:31:37.334+0000] {logging_mixin.py:188} INFO -  | ⏱: 
[2025-05-03T22:31:37.334+0000] {logging_mixin.py:188} INFO - 0.34
[2025-05-03T22:31:37.335+0000] {logging_mixin.py:188} INFO - s
[2025-05-03T22:31:37.336+0000] {logging_mixin.py:188} INFO - [COMPLETE] ● https://vietnamnet.vn/doi-song                                                                       | 
[2025-05-03T22:31:37.336+0000] {logging_mixin.py:188} INFO - ✓
[2025-05-03T22:31:37.337+0000] {logging_mixin.py:188} INFO -  | ⏱: 2.89s
[2025-05-03T22:31:37.432+0000] {crawler.py:87} INFO - Tìm thấy 63 link bài viết
[2025-05-03T22:31:41.889+0000] {crawler.py:106} INFO - Đã lọc: 63 URLs ban đầu -> 0 URLs mới
[2025-05-03T22:31:41.891+0000] {crawler.py:225} INFO - Không có bài viết mới nào trong danh mục doi-song cần crawl.
[2025-05-03T22:31:41.893+0000] {crawler.py:260} INFO - Không có bài viết để lưu vào collection 'doi-song'
[2025-05-03T22:31:41.959+0000] {python.py:237} INFO - Done. Returned value was: None
[2025-05-03T22:31:41.962+0000] {taskinstance.py:441} INFO - ::group::Post task execution logs
[2025-05-03T22:31:41.971+0000] {taskinstance.py:1206} INFO - Marking task as SUCCESS. dag_id=vietnamnet_crawler_with_summary, task_id=crawl_doi-song, run_id=scheduled__2025-05-03T22:00:00+00:00, execution_date=20250503T220000, start_date=20250503T223133, end_date=20250503T223141
[2025-05-03T22:31:42.025+0000] {local_task_job_runner.py:240} INFO - Task exited with return code 0
[2025-05-03T22:31:42.036+0000] {taskinstance.py:3503} INFO - 0 downstream tasks scheduled from follow-on schedule check
[2025-05-03T22:31:42.039+0000] {local_task_job_runner.py:222} INFO - ::endgroup::
