[2025-05-18T11:34:38.377+0000] {local_task_job_runner.py:120} INFO - ::group::Pre task execution logs
[2025-05-18T11:34:38.404+0000] {taskinstance.py:2076} INFO - Dependencies all met for dep_context=non-requeueable deps ti=<TaskInstance: vietnamnet_crawler_24h.crawl_giao-duc scheduled__2025-05-18T11:00:00+00:00 [queued]>
[2025-05-18T11:34:38.415+0000] {taskinstance.py:2076} INFO - Dependencies all met for dep_context=requeueable deps ti=<TaskInstance: vietnamnet_crawler_24h.crawl_giao-duc scheduled__2025-05-18T11:00:00+00:00 [queued]>
[2025-05-18T11:34:38.415+0000] {taskinstance.py:2306} INFO - Starting attempt 1 of 2
[2025-05-18T11:34:38.433+0000] {taskinstance.py:2330} INFO - Executing <Task(PythonOperator): crawl_giao-duc> on 2025-05-18 11:00:00+00:00
[2025-05-18T11:34:38.439+0000] {warnings.py:112} WARNING - /home/***/.local/lib/python3.12/site-packages/***/task/task_runner/standard_task_runner.py:61: DeprecationWarning: This process (pid=1551) is multi-threaded, use of fork() may lead to deadlocks in the child.
  pid = os.fork()

[2025-05-18T11:34:38.441+0000] {standard_task_runner.py:63} INFO - Started process 1559 to run task
[2025-05-18T11:34:38.441+0000] {standard_task_runner.py:90} INFO - Running: ['***', 'tasks', 'run', 'vietnamnet_crawler_24h', 'crawl_giao-duc', 'scheduled__2025-05-18T11:00:00+00:00', '--job-id', '5', '--raw', '--subdir', 'DAGS_FOLDER/dags.py', '--cfg-path', '/tmp/tmpzr69u7a7']
[2025-05-18T11:34:38.444+0000] {standard_task_runner.py:91} INFO - Job 5: Subtask crawl_giao-duc
[2025-05-18T11:34:38.501+0000] {task_command.py:426} INFO - Running <TaskInstance: vietnamnet_crawler_24h.crawl_giao-duc scheduled__2025-05-18T11:00:00+00:00 [running]> on host a383b65f89e1
[2025-05-18T11:34:38.628+0000] {taskinstance.py:2648} INFO - Exporting env vars: AIRFLOW_CTX_DAG_OWNER='***' AIRFLOW_CTX_DAG_ID='vietnamnet_crawler_24h' AIRFLOW_CTX_TASK_ID='crawl_giao-duc' AIRFLOW_CTX_EXECUTION_DATE='2025-05-18T11:00:00+00:00' AIRFLOW_CTX_TRY_NUMBER='1' AIRFLOW_CTX_DAG_RUN_ID='scheduled__2025-05-18T11:00:00+00:00'
[2025-05-18T11:34:38.630+0000] {taskinstance.py:430} INFO - ::endgroup::
[2025-05-18T11:34:38.988+0000] {crawler.py:55} INFO - Đã kết nối thành công với MongoDB: News
[2025-05-18T11:34:39.854+0000] {logging_mixin.py:188} INFO - [INIT].... → Crawl4AI 0.6.3
[2025-05-18T11:34:43.798+0000] {logging_mixin.py:188} INFO - [FETCH]... ↓ https://vietnamnet.vn/tin-tuc-24h?bydaterang=&cate=000006          
| ✓ | ⏱: 3.83s
[2025-05-18T11:34:44.424+0000] {logging_mixin.py:188} INFO - [SCRAPE].. ◆ https://vietnamnet.vn/tin-tuc-24h?bydaterang=&cate=000006          
| ✓ | ⏱: 0.62s
[2025-05-18T11:34:44.429+0000] {logging_mixin.py:188} INFO - [COMPLETE] ● https://vietnamnet.vn/tin-tuc-24h?bydaterang=&cate=000006          
| ✓ | ⏱: 4.46s
[2025-05-18T11:34:44.637+0000] {crawler.py:85} INFO - Tìm thấy 25 link bài viết cho danh mục giao-duc
[2025-05-18T11:34:45.448+0000] {crawler.py:110} INFO - Đã lọc: 25 URLs ban đầu -> 2 URLs sau xử lý live
[2025-05-18T11:34:45.450+0000] {crawler.py:255} INFO - Đang crawl 2 bài viết mới từ danh mục giao-duc...
[2025-05-18T11:34:45.452+0000] {crawler.py:258} INFO - --> Crawl: https://vietnamnet.vn/danh-sach-852-hoc-sinh-tieu-bieu-xuat-sac-cua-ha-noi-nam-2025-2402327.html
[2025-05-18T11:34:47.000+0000] {logging_mixin.py:188} INFO - [INIT].... → Crawl4AI 0.6.3
[2025-05-18T11:34:57.066+0000] {logging_mixin.py:188} INFO - [FETCH]... ↓ 
https://vietnamnet.vn/danh-sach-852-hoc-sinh-tieu-bieu-xuat-sac-cua-ha-noi-nam-2
025-2402327.html     | ✓ | ⏱: 9.95s
[2025-05-18T11:34:58.144+0000] {logging_mixin.py:188} INFO - [SCRAPE].. ◆ 
https://vietnamnet.vn/danh-sach-852-hoc-sinh-tieu-bieu-xuat-sac-cua-ha-noi-nam-2
025-2402327.html     | ✓ | ⏱: 1.07s
[2025-05-18T11:34:58.153+0000] {logging_mixin.py:188} INFO - [COMPLETE] ● 
https://vietnamnet.vn/danh-sach-852-hoc-sinh-tieu-bieu-xuat-sac-cua-ha-noi-nam-2
025-2402327.html     | ✓ | ⏱: 11.04s
[2025-05-18T11:34:59.145+0000] {crawler.py:262} INFO -     ✓ Danh sách 852 học sinh được tuyên dương tiêu biểu, xuất sắc ...

[2025-05-18T11:34:59.146+0000] {crawler.py:258} INFO - --> Crawl: https://vietnamnet.vn/37-tien-si-tot-nghiep-o-nuoc-ngoai-muon-ve-viet-nam-day-hoc-2402280.html
[2025-05-18T11:34:59.954+0000] {logging_mixin.py:188} INFO - [INIT].... → Crawl4AI 0.6.3
[2025-05-18T11:35:04.673+0000] {logging_mixin.py:188} INFO - [FETCH]... ↓ 
https://vietnamnet.vn/37-tien-si-tot-nghiep-o-nuoc-ngoai-muon-ve-viet-nam-day-ho
c-2402280.html       | ✓ | ⏱: 4.63s
[2025-05-18T11:35:04.992+0000] {logging_mixin.py:188} INFO - [SCRAPE].. ◆ 
https://vietnamnet.vn/37-tien-si-tot-nghiep-o-nuoc-ngoai-muon-ve-viet-nam-day-ho
c-2402280.html       | ✓ | ⏱: 0.32s
[2025-05-18T11:35:04.994+0000] {logging_mixin.py:188} INFO - [COMPLETE] ● 
https://vietnamnet.vn/37-tien-si-tot-nghiep-o-nuoc-ngoai-muon-ve-viet-nam-day-ho
c-2402280.html       | ✓ | ⏱: 4.95s
[2025-05-18T11:35:05.574+0000] {crawler.py:262} INFO -     ✓ 37 tiến sĩ tốt nghiệp ở nước ngoài muốn về Việt Nam dạy học...

[2025-05-18T11:35:05.575+0000] {crawler.py:265} INFO - ⏱️  Tổng thời gian crawl: 26.58 giây
[2025-05-18T11:35:05.729+0000] {crawler.py:292} INFO - Đã lưu 2 bài viết vào collection 'giao-duc'
[2025-05-18T11:35:05.801+0000] {python.py:237} INFO - Done. Returned value was: None
[2025-05-18T11:35:05.803+0000] {taskinstance.py:441} INFO - ::group::Post task execution logs
[2025-05-18T11:35:05.822+0000] {taskinstance.py:1206} INFO - Marking task as SUCCESS. dag_id=vietnamnet_crawler_24h, task_id=crawl_giao-duc, run_id=scheduled__2025-05-18T11:00:00+00:00, execution_date=20250518T110000, start_date=20250518T113438, end_date=20250518T113505
[2025-05-18T11:35:05.871+0000] {local_task_job_runner.py:240} INFO - Task exited with return code 0
[2025-05-18T11:35:05.918+0000] {taskinstance.py:3503} INFO - 1 downstream tasks scheduled from follow-on schedule check
[2025-05-18T11:35:05.921+0000] {local_task_job_runner.py:222} INFO - ::endgroup::
