[2025-05-16T09:50:03.056+0000] {local_task_job_runner.py:120} INFO - ::group::Pre task execution logs
[2025-05-16T09:50:03.089+0000] {taskinstance.py:2076} INFO - Dependencies all met for dep_context=non-requeueable deps ti=<TaskInstance: vietnamnet_crawler_24h.crawl_phap-luat manual__2025-05-16T09:48:57.718399+00:00 [queued]>
[2025-05-16T09:50:03.104+0000] {taskinstance.py:2076} INFO - Dependencies all met for dep_context=requeueable deps ti=<TaskInstance: vietnamnet_crawler_24h.crawl_phap-luat manual__2025-05-16T09:48:57.718399+00:00 [queued]>
[2025-05-16T09:50:03.105+0000] {taskinstance.py:2306} INFO - Starting attempt 1 of 2
[2025-05-16T09:50:03.131+0000] {taskinstance.py:2330} INFO - Executing <Task(PythonOperator): crawl_phap-luat> on 2025-05-16 09:48:57.718399+00:00
[2025-05-16T09:50:03.138+0000] {warnings.py:112} WARNING - /home/***/.local/lib/python3.12/site-packages/***/task/task_runner/standard_task_runner.py:61: DeprecationWarning: This process (pid=1955) is multi-threaded, use of fork() may lead to deadlocks in the child.
  pid = os.fork()

[2025-05-16T09:50:03.140+0000] {standard_task_runner.py:63} INFO - Started process 2048 to run task
[2025-05-16T09:50:03.141+0000] {standard_task_runner.py:90} INFO - Running: ['***', 'tasks', 'run', 'vietnamnet_crawler_24h', 'crawl_phap-luat', 'manual__2025-05-16T09:48:57.718399+00:00', '--job-id', '14', '--raw', '--subdir', 'DAGS_FOLDER/dags.py', '--cfg-path', '/tmp/tmpxw8b6sy0']
[2025-05-16T09:50:03.144+0000] {standard_task_runner.py:91} INFO - Job 14: Subtask crawl_phap-luat
[2025-05-16T09:50:03.228+0000] {task_command.py:426} INFO - Running <TaskInstance: vietnamnet_crawler_24h.crawl_phap-luat manual__2025-05-16T09:48:57.718399+00:00 [running]> on host 71b827885e5f
[2025-05-16T09:50:03.428+0000] {taskinstance.py:2648} INFO - Exporting env vars: AIRFLOW_CTX_DAG_OWNER='***' AIRFLOW_CTX_DAG_ID='vietnamnet_crawler_24h' AIRFLOW_CTX_TASK_ID='crawl_phap-luat' AIRFLOW_CTX_EXECUTION_DATE='2025-05-16T09:48:57.718399+00:00' AIRFLOW_CTX_TRY_NUMBER='1' AIRFLOW_CTX_DAG_RUN_ID='manual__2025-05-16T09:48:57.718399+00:00'
[2025-05-16T09:50:03.430+0000] {taskinstance.py:430} INFO - ::endgroup::
[2025-05-16T09:50:03.785+0000] {crawler.py:54} INFO - Đã kết nối thành công với MongoDB: News
[2025-05-16T09:50:04.570+0000] {logging_mixin.py:188} INFO - [INIT].... → Crawl4AI 0.6.2
[2025-05-16T09:50:07.498+0000] {logging_mixin.py:188} INFO - [FETCH]... ↓ https://vietnamnet.vn/tin-tuc-24h?bydaterang=&cate=000008                                            | 
[2025-05-16T09:50:07.499+0000] {logging_mixin.py:188} INFO - ✓
[2025-05-16T09:50:07.500+0000] {logging_mixin.py:188} INFO -  | ⏱: 2.83s
[2025-05-16T09:50:07.726+0000] {logging_mixin.py:188} INFO - [SCRAPE].. ◆ https://vietnamnet.vn/tin-tuc-24h?bydaterang=&cate=000008                                            | 
[2025-05-16T09:50:07.726+0000] {logging_mixin.py:188} INFO - ✓
[2025-05-16T09:50:07.727+0000] {logging_mixin.py:188} INFO -  | ⏱: 0.22s
[2025-05-16T09:50:07.729+0000] {logging_mixin.py:188} INFO - [COMPLETE] ● https://vietnamnet.vn/tin-tuc-24h?bydaterang=&cate=000008                                            | 
[2025-05-16T09:50:07.730+0000] {logging_mixin.py:188} INFO - ✓
[2025-05-16T09:50:07.731+0000] {logging_mixin.py:188} INFO -  | ⏱: 3.06s
[2025-05-16T09:50:07.823+0000] {crawler.py:84} INFO - Tìm thấy 25 link bài viết cho danh mục phap-luat
[2025-05-16T09:50:10.651+0000] {crawler.py:110} INFO - Đã lọc: 25 URLs ban đầu -> 1 URLs mới
[2025-05-16T09:50:10.652+0000] {crawler.py:234} INFO - Đang crawl 1 bài viết mới từ danh mục phap-luat...
[2025-05-16T09:50:10.653+0000] {crawler.py:237} INFO - --> Crawl: https://vietnamnet.vn/lat-tay-man-lua-dao-tinh-vi-cua-vo-chong-doanh-nhan-o-da-nang-2401522.html
[2025-05-16T09:50:11.715+0000] {logging_mixin.py:188} INFO - [INIT].... → Crawl4AI 0.6.2
[2025-05-16T09:50:15.208+0000] {logging_mixin.py:188} INFO - [FETCH]... ↓ https://vietnamnet.vn/lat-tay-man-lua-dao-tinh-vi-cua-vo-chong-doanh-nhan-o-da-nang-2401522.html     | 
[2025-05-16T09:50:15.209+0000] {logging_mixin.py:188} INFO - ✓
[2025-05-16T09:50:15.210+0000] {logging_mixin.py:188} INFO -  | ⏱: 3.39s
[2025-05-16T09:50:15.412+0000] {logging_mixin.py:188} INFO - [SCRAPE].. ◆ https://vietnamnet.vn/lat-tay-man-lua-dao-tinh-vi-cua-vo-chong-doanh-nhan-o-da-nang-2401522.html     | 
[2025-05-16T09:50:15.412+0000] {logging_mixin.py:188} INFO - ✓
[2025-05-16T09:50:15.413+0000] {logging_mixin.py:188} INFO -  | ⏱: 
[2025-05-16T09:50:15.414+0000] {logging_mixin.py:188} INFO - 0.2
[2025-05-16T09:50:15.414+0000] {logging_mixin.py:188} INFO - 0s
[2025-05-16T09:50:15.415+0000] {logging_mixin.py:188} INFO - [COMPLETE] ● https://vietnamnet.vn/lat-tay-man-lua-dao-tinh-vi-cua-vo-chong-doanh-nhan-o-da-nang-2401522.html     | 
[2025-05-16T09:50:15.416+0000] {logging_mixin.py:188} INFO - ✓
[2025-05-16T09:50:15.417+0000] {logging_mixin.py:188} INFO -  | ⏱: 3.59s
[2025-05-16T09:50:15.848+0000] {crawler.py:241} INFO -     ✓ Lật tẩy màn lừa đảo tinh vi của vợ chồng doanh nhân ở Đà Nẵn...

[2025-05-16T09:50:15.849+0000] {crawler.py:244} INFO - ⏱️  Tổng thời gian crawl: 12.06 giây
[2025-05-16T09:50:15.916+0000] {crawler.py:276} ERROR - Lỗi khi lưu dữ liệu vào MongoDB: batch op errors occurred, full error: {'writeErrors': [{'index': 0, 'code': 11000, 'errmsg': 'E11000 duplicate key error collection: News.phap-luat index: _id_ dup key: { _id: "2401522" }', 'keyPattern': {'_id': 1}, 'keyValue': {'_id': '2401522'}, 'op': {'title': 'Lật tẩy màn lừa đảo tinh vi của vợ chồng doanh nhân ở Đà Nẵng', 'author': 'Không có thông tin tác giả', 'publish_date': '2025-05-15T18:34:00.000 +07:00', 'views': None, 'tags': [], 'description': 'Vợ chồng giám đốc Công ty THT 79 ở Đà Nẵng đã dựng hàng loạt giao dịch chuyển nhượng, ủy quyền và thế chấp một bất động sản duy nhất, chiếm đoạt hàng tỷ đồng', 'main_image': 'https://static-images.vnncdn.net/vps_images_publish/000001/000003/2025/5/15/lat-tay-man-lua-dao-tinh-vi-cua-vo-chong-doanh-nhan-o-da-nang-90769.jpg?width=0&s=LfJrGbttupnyVMFSGh8n9A', 'content': 'Hồ Giáp\n\nNgày 15/5, TAND TP Đà Nẵng xét xử sơ thẩm vụ án “Lừa đảochiếm đoạt tài sản” đối với 2 bị cáo Hồ Thủy Tiên (SN 1978) và Lê Phước Quý Châu (SN 1972, cùng trú tại quận Hải Châu). Hai bị cáo là vợ chồng, điều hành Công ty THT 79.\n\nTheo cáo trạng, ngày 16/8/2022, vợ chồng Châu - Tiên dùng tài sản là nhà, đất tại số 89 Nguyễn Trác (phường Hòa Cường Bắc), có diện tích 155m2 để thế chấp vay hơn 9,7 tỷ đồng tại ngân hàng. Đây là khoản vay đứng tên Công ty THT 79 do ông Châu làm giám đốc.\n\nTuy nhiên, chỉ 6 ngày sau, bà Tiên tiếp tục ký hợp đồng ủy quyền chính tài sản này cho ông Nguyễn Văn T. (SN 1985, trú tại thị xã Điện Bàn, Quảng Nam) nhằm bảo đảm khoản nợ 2,99 tỷ đồng mà bà Tiên vay trước đó. Việc ủy quyền diễn ra trong khi tài sản đang bị thế chấp tại ngân hàng.\n\nĐến ngày 24/11/2022, dù khoản nợ với ông T. chưa được tất toán nhưng vợ chồng Châu - Tiên lại phát sinh thêm khoản nợ 6,8 tỷ đồng với bà Nguyễn Thị Bích Ch. (SN 1974, trú tại quận Hải Châu).\n\nTrước áp lực tài chính, ông Châu lại viết giấy bàn giao nhà, đất trên cho bà Ch. Đây tiếp tục là hành vi vi phạm vì tài sản đang thế chấp và đã được ủy quyền cho người khác.\n\nNgày 3/12/2022, vợ chồng Châu tiếp tục cam kết bằng văn bản với bà Ch. rằng nếu không trả được nợ, sẽ bàn giao tài sản để bà rút sổ đỏ khỏi ngân hàng và thực hiện chuyển nhượng...\n\nCao trào của chuỗi hành vi gian dối là vào ngày 3/7/2023, vợ chồng Châu ký thỏa thuận bán lô đất trên cho vợ chồng bà L.V.T. (trú tại quận Hải Châu) với giá 11 tỷ đồng. Bà T. đã chuyển 9,798 tỷ đồng trực tiếp cho ngân hàng để xóa thế chấp và thêm 300 triệu đồng để cấn trừ khoản nợ cá nhân giữa bà Tiên và bà L.V.T.\n\nSau khi hoàn tất thanh toán, vợ chồng bà L.V.T. làm thủ tục công chứng thì bất ngờ phát hiện tài sản đã được bà Tiên ủy quyền cho người khác từ gần một năm trước. Do đó việc mua bán không thể hoàn tất, trong khi tiền đã chuyển.\n\nTại phiên tòa, đại diện Viện KSND TP Đà Nẵng khẳng định hành vi của các bị cáo mang tính gian dối có chủ đích, được thực hiện nhiều lần, có sự phân công vai trò. Trong đó, bị cáo Tiên là người đứng tên sổ đỏ, trực tiếp ký các hợp đồng, được xác định là chủ mưu. Bị cáo Châu là người cùng bàn bạc, lập giấy tờ, thúc đẩy giao dịch mập mờ.\n\nHĐXX nhận định, hành vi của các bị cáo là có tổ chức, cố ý lặp đi lặp lại, nhằm qua mặt ngân hàng, cơ quan công chứng và người mua. Các bị cáo biết rõ tình trạng pháp lý của tài sản nhưng vẫn tiếp tục ký hợp đồng đặt cọc để nhận tiền.\n\nSau thời gian xét xử, HĐXX tuyên phạt bị cáo Tiên 20 năm tù, bị cáo Châu 16 năm tù.', 'url': 'https://vietnamnet.vn/lat-tay-man-lua-dao-tinh-vi-cua-vo-chong-doanh-nhan-o-da-nang-2401522.html', 'category': 'phap-luat', 'crawled_at': '2025-05-16T09:50:15.664075', '_id': '2401522'}}], 'writeConcernErrors': [], 'nInserted': 0, 'nUpserted': 0, 'nMatched': 0, 'nModified': 0, 'nRemoved': 0, 'upserted': []}
[2025-05-16T09:50:15.978+0000] {python.py:237} INFO - Done. Returned value was: None
[2025-05-16T09:50:15.979+0000] {taskinstance.py:441} INFO - ::group::Post task execution logs
[2025-05-16T09:50:15.988+0000] {taskinstance.py:1206} INFO - Marking task as SUCCESS. dag_id=vietnamnet_crawler_24h, task_id=crawl_phap-luat, run_id=manual__2025-05-16T09:48:57.718399+00:00, execution_date=20250516T094857, start_date=20250516T095003, end_date=20250516T095015
[2025-05-16T09:50:16.043+0000] {local_task_job_runner.py:240} INFO - Task exited with return code 0
[2025-05-16T09:50:16.061+0000] {taskinstance.py:3503} INFO - 1 downstream tasks scheduled from follow-on schedule check
[2025-05-16T09:50:16.063+0000] {local_task_job_runner.py:222} INFO - ::endgroup::
