[2025-05-16T12:51:12.999+0000] {local_task_job_runner.py:120} INFO - ::group::Pre task execution logs
[2025-05-16T12:51:13.020+0000] {taskinstance.py:2076} INFO - Dependencies all met for dep_context=non-requeueable deps ti=<TaskInstance: vietnamnet_crawler_24h.crawl_cong-nghe manual__2025-05-16T12:47:46.341223+00:00 [queued]>
[2025-05-16T12:51:13.028+0000] {taskinstance.py:2076} INFO - Dependencies all met for dep_context=requeueable deps ti=<TaskInstance: vietnamnet_crawler_24h.crawl_cong-nghe manual__2025-05-16T12:47:46.341223+00:00 [queued]>
[2025-05-16T12:51:13.029+0000] {taskinstance.py:2306} INFO - Starting attempt 1 of 2
[2025-05-16T12:51:13.041+0000] {taskinstance.py:2330} INFO - Executing <Task(PythonOperator): crawl_cong-nghe> on 2025-05-16 12:47:46.341223+00:00
[2025-05-16T12:51:13.047+0000] {warnings.py:112} WARNING - /home/***/.local/lib/python3.12/site-packages/***/task/task_runner/standard_task_runner.py:61: DeprecationWarning: This process (pid=1442) is multi-threaded, use of fork() may lead to deadlocks in the child.
  pid = os.fork()

[2025-05-16T12:51:13.048+0000] {standard_task_runner.py:63} INFO - Started process 1444 to run task
[2025-05-16T12:51:13.049+0000] {standard_task_runner.py:90} INFO - Running: ['***', 'tasks', 'run', 'vietnamnet_crawler_24h', 'crawl_cong-nghe', 'manual__2025-05-16T12:47:46.341223+00:00', '--job-id', '11', '--raw', '--subdir', 'DAGS_FOLDER/dags.py', '--cfg-path', '/tmp/tmpb8o8b8ij']
[2025-05-16T12:51:13.051+0000] {standard_task_runner.py:91} INFO - Job 11: Subtask crawl_cong-nghe
[2025-05-16T12:51:13.090+0000] {task_command.py:426} INFO - Running <TaskInstance: vietnamnet_crawler_24h.crawl_cong-nghe manual__2025-05-16T12:47:46.341223+00:00 [running]> on host 60d771d880eb
[2025-05-16T12:51:13.169+0000] {taskinstance.py:2648} INFO - Exporting env vars: AIRFLOW_CTX_DAG_OWNER='***' AIRFLOW_CTX_DAG_ID='vietnamnet_crawler_24h' AIRFLOW_CTX_TASK_ID='crawl_cong-nghe' AIRFLOW_CTX_EXECUTION_DATE='2025-05-16T12:47:46.341223+00:00' AIRFLOW_CTX_TRY_NUMBER='1' AIRFLOW_CTX_DAG_RUN_ID='manual__2025-05-16T12:47:46.341223+00:00'
[2025-05-16T12:51:13.171+0000] {taskinstance.py:430} INFO - ::endgroup::
[2025-05-16T12:51:13.344+0000] {crawler.py:54} INFO - Đã kết nối thành công với MongoDB: News
[2025-05-16T12:51:13.418+0000] {logging_mixin.py:188} INFO - [INIT].... → Crawl4AI 0.6.2
[2025-05-16T12:51:16.461+0000] {logging_mixin.py:188} INFO - [FETCH]... ↓ https://vietnamnet.vn/tin-tuc-24h?bydaterang=&cate=00MK8V                                            | 
[2025-05-16T12:51:16.463+0000] {logging_mixin.py:188} INFO - ✓
[2025-05-16T12:51:16.464+0000] {logging_mixin.py:188} INFO -  | ⏱: 2.96s
[2025-05-16T12:51:16.688+0000] {logging_mixin.py:188} INFO - [SCRAPE].. ◆ https://vietnamnet.vn/tin-tuc-24h?bydaterang=&cate=00MK8V                                            | 
[2025-05-16T12:51:16.689+0000] {logging_mixin.py:188} INFO - ✓
[2025-05-16T12:51:16.690+0000] {logging_mixin.py:188} INFO -  | ⏱: 0.22s
[2025-05-16T12:51:16.692+0000] {logging_mixin.py:188} INFO - [COMPLETE] ● https://vietnamnet.vn/tin-tuc-24h?bydaterang=&cate=00MK8V                                            | 
[2025-05-16T12:51:16.693+0000] {logging_mixin.py:188} INFO - ✓
[2025-05-16T12:51:16.693+0000] {logging_mixin.py:188} INFO -  | ⏱: 3.19s
[2025-05-16T12:51:16.786+0000] {crawler.py:84} INFO - Tìm thấy 25 link bài viết cho danh mục cong-nghe
[2025-05-16T12:51:17.457+0000] {crawler.py:108} INFO - Đã lọc: 25 URLs ban đầu -> 0 URLs mới
[2025-05-16T12:51:17.458+0000] {crawler.py:229} INFO - Không có bài viết mới nào trong danh mục cong-nghe cần crawl.
[2025-05-16T12:51:17.458+0000] {crawler.py:269} INFO - Không có bài viết để lưu vào collection 'cong-nghe'
[2025-05-16T12:51:17.526+0000] {python.py:237} INFO - Done. Returned value was: None
[2025-05-16T12:51:17.528+0000] {taskinstance.py:441} INFO - ::group::Post task execution logs
[2025-05-16T12:51:17.554+0000] {taskinstance.py:1206} INFO - Marking task as SUCCESS. dag_id=vietnamnet_crawler_24h, task_id=crawl_cong-nghe, run_id=manual__2025-05-16T12:47:46.341223+00:00, execution_date=20250516T124746, start_date=20250516T125113, end_date=20250516T125117
[2025-05-16T12:51:17.971+0000] {local_task_job_runner.py:240} INFO - Task exited with return code 0
[2025-05-16T12:51:18.002+0000] {taskinstance.py:3503} INFO - 0 downstream tasks scheduled from follow-on schedule check
[2025-05-16T12:51:18.005+0000] {local_task_job_runner.py:222} INFO - ::endgroup::
