[2025-05-03T21:30:25.040+0000] {local_task_job_runner.py:120} INFO - ::group::Pre task execution logs
[2025-05-03T21:30:25.057+0000] {taskinstance.py:2076} INFO - Dependencies all met for dep_context=non-requeueable deps ti=<TaskInstance: vietnamnet_crawler_with_summary.crawl_kinh-doanh scheduled__2025-05-03T21:00:00+00:00 [queued]>
[2025-05-03T21:30:25.063+0000] {taskinstance.py:2076} INFO - Dependencies all met for dep_context=requeueable deps ti=<TaskInstance: vietnamnet_crawler_with_summary.crawl_kinh-doanh scheduled__2025-05-03T21:00:00+00:00 [queued]>
[2025-05-03T21:30:25.064+0000] {taskinstance.py:2306} INFO - Starting attempt 1 of 2
[2025-05-03T21:30:25.077+0000] {taskinstance.py:2330} INFO - Executing <Task(PythonOperator): crawl_kinh-doanh> on 2025-05-03 21:00:00+00:00
[2025-05-03T21:30:25.083+0000] {warnings.py:112} WARNING - /home/***/.local/lib/python3.12/site-packages/***/task/task_runner/standard_task_runner.py:61: DeprecationWarning: This process (pid=47086) is multi-threaded, use of fork() may lead to deadlocks in the child.
  pid = os.fork()

[2025-05-03T21:30:25.084+0000] {standard_task_runner.py:63} INFO - Started process 47087 to run task
[2025-05-03T21:30:25.084+0000] {standard_task_runner.py:90} INFO - Running: ['***', 'tasks', 'run', 'vietnamnet_crawler_with_summary', 'crawl_kinh-doanh', 'scheduled__2025-05-03T21:00:00+00:00', '--job-id', '25', '--raw', '--subdir', 'DAGS_FOLDER/dags.py', '--cfg-path', '/tmp/tmpv2xtf5lt']
[2025-05-03T21:30:25.086+0000] {standard_task_runner.py:91} INFO - Job 25: Subtask crawl_kinh-doanh
[2025-05-03T21:30:25.138+0000] {task_command.py:426} INFO - Running <TaskInstance: vietnamnet_crawler_with_summary.crawl_kinh-doanh scheduled__2025-05-03T21:00:00+00:00 [running]> on host 61b2c69a7af3
[2025-05-03T21:30:25.230+0000] {taskinstance.py:2648} INFO - Exporting env vars: AIRFLOW_CTX_DAG_OWNER='***' AIRFLOW_CTX_DAG_ID='vietnamnet_crawler_with_summary' AIRFLOW_CTX_TASK_ID='crawl_kinh-doanh' AIRFLOW_CTX_EXECUTION_DATE='2025-05-03T21:00:00+00:00' AIRFLOW_CTX_TRY_NUMBER='1' AIRFLOW_CTX_DAG_RUN_ID='scheduled__2025-05-03T21:00:00+00:00'
[2025-05-03T21:30:25.231+0000] {taskinstance.py:430} INFO - ::endgroup::
[2025-05-03T21:30:25.377+0000] {crawler.py:61} INFO - Đã kết nối thành công với MongoDB: News
[2025-05-03T21:30:25.489+0000] {crawler.py:44} INFO - ArticleSummarizer đã được khởi tạo thành công
[2025-05-03T21:30:25.982+0000] {logging_mixin.py:188} INFO - [INIT].... → Crawl4AI 0.6.2
[2025-05-03T21:30:27.964+0000] {logging_mixin.py:188} INFO - [FETCH]... ↓ https://vietnamnet.vn/kinh-doanh                                                                     | 
[2025-05-03T21:30:27.965+0000] {logging_mixin.py:188} INFO - ✓
[2025-05-03T21:30:27.965+0000] {logging_mixin.py:188} INFO -  | ⏱: 1.94s
[2025-05-03T21:30:28.287+0000] {logging_mixin.py:188} INFO - [SCRAPE].. ◆ https://vietnamnet.vn/kinh-doanh                                                                     | 
[2025-05-03T21:30:28.288+0000] {logging_mixin.py:188} INFO - ✓
[2025-05-03T21:30:28.288+0000] {logging_mixin.py:188} INFO -  | ⏱: 0.32s
[2025-05-03T21:30:28.289+0000] {logging_mixin.py:188} INFO - [COMPLETE] ● https://vietnamnet.vn/kinh-doanh                                                                     | 
[2025-05-03T21:30:28.290+0000] {logging_mixin.py:188} INFO - ✓
[2025-05-03T21:30:28.290+0000] {logging_mixin.py:188} INFO -  | ⏱: 2.26s
[2025-05-03T21:30:28.378+0000] {crawler.py:87} INFO - Tìm thấy 49 link bài viết
[2025-05-03T21:30:32.225+0000] {crawler.py:106} INFO - Đã lọc: 49 URLs ban đầu -> 0 URLs mới
[2025-05-03T21:30:32.226+0000] {crawler.py:225} INFO - Không có bài viết mới nào trong danh mục kinh-doanh cần crawl.
[2025-05-03T21:30:32.226+0000] {crawler.py:260} INFO - Không có bài viết để lưu vào collection 'kinh-doanh'
[2025-05-03T21:30:32.296+0000] {python.py:237} INFO - Done. Returned value was: None
[2025-05-03T21:30:32.299+0000] {taskinstance.py:441} INFO - ::group::Post task execution logs
[2025-05-03T21:30:32.310+0000] {taskinstance.py:1206} INFO - Marking task as SUCCESS. dag_id=vietnamnet_crawler_with_summary, task_id=crawl_kinh-doanh, run_id=scheduled__2025-05-03T21:00:00+00:00, execution_date=20250503T210000, start_date=20250503T213025, end_date=20250503T213032
[2025-05-03T21:30:32.360+0000] {local_task_job_runner.py:240} INFO - Task exited with return code 0
[2025-05-03T21:30:32.378+0000] {taskinstance.py:3503} INFO - 1 downstream tasks scheduled from follow-on schedule check
[2025-05-03T21:30:32.380+0000] {local_task_job_runner.py:222} INFO - ::endgroup::
