[2025-05-03T15:16:39.922+0000] {local_task_job_runner.py:120} INFO - ::group::Pre task execution logs
[2025-05-03T15:16:39.940+0000] {taskinstance.py:2076} INFO - Dependencies all met for dep_context=non-requeueable deps ti=<TaskInstance: vietnamnet_multi_category_crawler.crawl_giao-duc manual__2025-05-03T15:15:13.250242+00:00 [queued]>
[2025-05-03T15:16:39.946+0000] {taskinstance.py:2076} INFO - Dependencies all met for dep_context=requeueable deps ti=<TaskInstance: vietnamnet_multi_category_crawler.crawl_giao-duc manual__2025-05-03T15:15:13.250242+00:00 [queued]>
[2025-05-03T15:16:39.947+0000] {taskinstance.py:2306} INFO - Starting attempt 1 of 2
[2025-05-03T15:16:39.958+0000] {taskinstance.py:2330} INFO - Executing <Task(PythonOperator): crawl_giao-duc> on 2025-05-03 15:15:13.250242+00:00
[2025-05-03T15:16:39.964+0000] {warnings.py:112} WARNING - /home/***/.local/lib/python3.12/site-packages/***/task/task_runner/standard_task_runner.py:61: DeprecationWarning: This process (pid=2736) is multi-threaded, use of fork() may lead to deadlocks in the child.
  pid = os.fork()

[2025-05-03T15:16:39.965+0000] {standard_task_runner.py:63} INFO - Started process 2737 to run task
[2025-05-03T15:16:39.965+0000] {standard_task_runner.py:90} INFO - Running: ['***', 'tasks', 'run', 'vietnamnet_multi_category_crawler', 'crawl_giao-duc', 'manual__2025-05-03T15:15:13.250242+00:00', '--job-id', '7', '--raw', '--subdir', 'DAGS_FOLDER/dags.py', '--cfg-path', '/tmp/tmp96lcii8m']
[2025-05-03T15:16:39.967+0000] {standard_task_runner.py:91} INFO - Job 7: Subtask crawl_giao-duc
[2025-05-03T15:16:40.012+0000] {task_command.py:426} INFO - Running <TaskInstance: vietnamnet_multi_category_crawler.crawl_giao-duc manual__2025-05-03T15:15:13.250242+00:00 [running]> on host fdbcedb99356
[2025-05-03T15:16:40.079+0000] {taskinstance.py:2648} INFO - Exporting env vars: AIRFLOW_CTX_DAG_OWNER='***' AIRFLOW_CTX_DAG_ID='vietnamnet_multi_category_crawler' AIRFLOW_CTX_TASK_ID='crawl_giao-duc' AIRFLOW_CTX_EXECUTION_DATE='2025-05-03T15:15:13.250242+00:00' AIRFLOW_CTX_TRY_NUMBER='1' AIRFLOW_CTX_DAG_RUN_ID='manual__2025-05-03T15:15:13.250242+00:00'
[2025-05-03T15:16:40.080+0000] {taskinstance.py:430} INFO - ::endgroup::
[2025-05-03T15:16:40.625+0000] {logging_mixin.py:188} INFO - [INIT].... → Crawl4AI 0.6.2
[2025-05-03T15:16:43.401+0000] {logging_mixin.py:188} INFO - [FETCH]... ↓ https://vietnamnet.vn/giao-duc                                                                       | 
[2025-05-03T15:16:43.401+0000] {logging_mixin.py:188} INFO - ✓
[2025-05-03T15:16:43.402+0000] {logging_mixin.py:188} INFO -  | ⏱: 2.72s
[2025-05-03T15:16:43.638+0000] {logging_mixin.py:188} INFO - [SCRAPE].. ◆ https://vietnamnet.vn/giao-duc                                                                       | 
[2025-05-03T15:16:43.639+0000] {logging_mixin.py:188} INFO - ✓
[2025-05-03T15:16:43.639+0000] {logging_mixin.py:188} INFO -  | ⏱: 0.23s
[2025-05-03T15:16:43.640+0000] {logging_mixin.py:188} INFO - [COMPLETE] ● https://vietnamnet.vn/giao-duc                                                                       | 
[2025-05-03T15:16:43.641+0000] {logging_mixin.py:188} INFO - ✓
[2025-05-03T15:16:43.641+0000] {logging_mixin.py:188} INFO -  | ⏱: 2.96s
[2025-05-03T15:16:43.750+0000] {logging_mixin.py:188} INFO - Tìm thấy 58 link bài viết
[2025-05-03T15:16:43.913+0000] {logging_mixin.py:188} INFO - Đang crawl 5 bài viết từ danh mục giao-duc...
[2025-05-03T15:16:43.913+0000] {logging_mixin.py:188} INFO - --> Crawl: https://vietnamnet.vn/de-thi-thu-tot-nghiep-thpt-2025-mon-toan-tham-khao-2396830.html
[2025-05-03T15:16:44.463+0000] {logging_mixin.py:188} INFO - [INIT].... → Crawl4AI 0.6.2
[2025-05-03T15:16:47.232+0000] {logging_mixin.py:188} INFO - [FETCH]... ↓ https://vietnamnet.vn/de-thi-thu-tot-nghiep-thpt-2025-mon-toan-tham-khao-2396830.html                | 
[2025-05-03T15:16:47.232+0000] {logging_mixin.py:188} INFO - ✓
[2025-05-03T15:16:47.233+0000] {logging_mixin.py:188} INFO -  | ⏱: 2.71s
[2025-05-03T15:16:47.389+0000] {logging_mixin.py:188} INFO - [SCRAPE].. ◆ https://vietnamnet.vn/de-thi-thu-tot-nghiep-thpt-2025-mon-toan-tham-khao-2396830.html                | 
[2025-05-03T15:16:47.390+0000] {logging_mixin.py:188} INFO - ✓
[2025-05-03T15:16:47.391+0000] {logging_mixin.py:188} INFO -  | ⏱: 0.15s
[2025-05-03T15:16:47.392+0000] {logging_mixin.py:188} INFO - [COMPLETE] ● https://vietnamnet.vn/de-thi-thu-tot-nghiep-thpt-2025-mon-toan-tham-khao-2396830.html                | 
[2025-05-03T15:16:47.392+0000] {logging_mixin.py:188} INFO - ✓
[2025-05-03T15:16:47.393+0000] {logging_mixin.py:188} INFO -  | ⏱: 2.87s
[2025-05-03T15:16:47.745+0000] {logging_mixin.py:188} INFO -     ✓ Đề thi thử tốt nghiệp THPT môn Toán năm 2025 kèm đáp án...
[2025-05-03T15:16:47.746+0000] {logging_mixin.py:188} INFO - --> Crawl: https://vietnamnet.vn/5-nam-dau-sau-1975-tphcm-co-4-giam-doc-so-gd-dt-2396452.html
[2025-05-03T15:16:48.333+0000] {logging_mixin.py:188} INFO - [INIT].... → Crawl4AI 0.6.2
[2025-05-03T15:16:51.892+0000] {logging_mixin.py:188} INFO - [FETCH]... ↓ https://vietnamnet.vn/5-nam-dau-sau-1975-tphcm-co-4-giam-doc-so-gd-dt-2396452.html                   | 
[2025-05-03T15:16:51.893+0000] {logging_mixin.py:188} INFO - ✓
[2025-05-03T15:16:51.894+0000] {logging_mixin.py:188} INFO -  | ⏱: 3.49s
[2025-05-03T15:16:52.304+0000] {logging_mixin.py:188} INFO - [SCRAPE].. ◆ https://vietnamnet.vn/5-nam-dau-sau-1975-tphcm-co-4-giam-doc-so-gd-dt-2396452.html                   | 
[2025-05-03T15:16:52.304+0000] {logging_mixin.py:188} INFO - ✓
[2025-05-03T15:16:52.305+0000] {logging_mixin.py:188} INFO -  | ⏱: 0.41s
[2025-05-03T15:16:52.306+0000] {logging_mixin.py:188} INFO - [COMPLETE] ● https://vietnamnet.vn/5-nam-dau-sau-1975-tphcm-co-4-giam-doc-so-gd-dt-2396452.html                   | 
[2025-05-03T15:16:52.306+0000] {logging_mixin.py:188} INFO - ✓
[2025-05-03T15:16:52.307+0000] {logging_mixin.py:188} INFO -  | ⏱: 3.91s
[2025-05-03T15:16:52.776+0000] {logging_mixin.py:188} INFO -     ✓ 5 năm đầu sau 1975, TPHCM có 4 Giám đốc Sở GD-ĐT...
[2025-05-03T15:16:52.777+0000] {logging_mixin.py:188} INFO - --> Crawl: https://vietnamnet.vn/thu-khoa-thi-lop-10-ha-noi-chi-cach-on-tap-lam-bai-thi-diem-cao-2397294.html
[2025-05-03T15:16:53.555+0000] {logging_mixin.py:188} INFO - [INIT].... → Crawl4AI 0.6.2
[2025-05-03T15:16:56.530+0000] {logging_mixin.py:188} INFO - [FETCH]... ↓ https://vietnamnet.vn/thu-khoa-thi-lop-10-ha-noi-chi-cach-on-tap-lam-bai-thi-diem-cao-2397294.html   | 
[2025-05-03T15:16:56.531+0000] {logging_mixin.py:188} INFO - ✓
[2025-05-03T15:16:56.532+0000] {logging_mixin.py:188} INFO -  | ⏱: 2.88s
[2025-05-03T15:16:56.730+0000] {logging_mixin.py:188} INFO - [SCRAPE].. ◆ https://vietnamnet.vn/thu-khoa-thi-lop-10-ha-noi-chi-cach-on-tap-lam-bai-thi-diem-cao-2397294.html   | 
[2025-05-03T15:16:56.730+0000] {logging_mixin.py:188} INFO - ✓
[2025-05-03T15:16:56.731+0000] {logging_mixin.py:188} INFO -  | ⏱: 0.20s
[2025-05-03T15:16:56.732+0000] {logging_mixin.py:188} INFO - [COMPLETE] ● https://vietnamnet.vn/thu-khoa-thi-lop-10-ha-noi-chi-cach-on-tap-lam-bai-thi-diem-cao-2397294.html   | 
[2025-05-03T15:16:56.732+0000] {logging_mixin.py:188} INFO - ✓
[2025-05-03T15:16:56.733+0000] {logging_mixin.py:188} INFO -  | ⏱: 3.09s
[2025-05-03T15:16:57.112+0000] {logging_mixin.py:188} INFO -     ✓ Thủ khoa thi lớp 10 Hà Nội chỉ cách ôn tập, làm bài thi điểm...
[2025-05-03T15:16:57.113+0000] {logging_mixin.py:188} INFO - --> Crawl: https://vietnamnet.vn/tre-khong-noi-chuyen-duoc-voi-cha-me-phai-lam-sao-2396191.html
[2025-05-03T15:16:57.644+0000] {logging_mixin.py:188} INFO - [INIT].... → Crawl4AI 0.6.2
[2025-05-03T15:17:01.036+0000] {logging_mixin.py:188} INFO - [FETCH]... ↓ https://vietnamnet.vn/tre-khong-noi-chuyen-duoc-voi-cha-me-phai-lam-sao-2396191.html                 | 
[2025-05-03T15:17:01.037+0000] {logging_mixin.py:188} INFO - ✓
[2025-05-03T15:17:01.038+0000] {logging_mixin.py:188} INFO -  | ⏱: 3.32s
[2025-05-03T15:17:01.312+0000] {logging_mixin.py:188} INFO - [SCRAPE].. ◆ https://vietnamnet.vn/tre-khong-noi-chuyen-duoc-voi-cha-me-phai-lam-sao-2396191.html                 | 
[2025-05-03T15:17:01.313+0000] {logging_mixin.py:188} INFO - ✓
[2025-05-03T15:17:01.313+0000] {logging_mixin.py:188} INFO -  | ⏱: 0.27s
[2025-05-03T15:17:01.315+0000] {logging_mixin.py:188} INFO - [COMPLETE] ● https://vietnamnet.vn/tre-khong-noi-chuyen-duoc-voi-cha-me-phai-lam-sao-2396191.html                 | 
[2025-05-03T15:17:01.315+0000] {logging_mixin.py:188} INFO - ✓
[2025-05-03T15:17:01.316+0000] {logging_mixin.py:188} INFO -  | ⏱: 3.60s
[2025-05-03T15:17:01.756+0000] {logging_mixin.py:188} INFO -     ✓ Trẻ 'không nói chuyện được với cha mẹ', phải làm sao?...
[2025-05-03T15:17:01.757+0000] {logging_mixin.py:188} INFO - --> Crawl: https://vietnamnet.vn/dh-cong-nghe-tphcm-xu-ly-sinh-vien-vo-le-voi-cuu-chien-binh-xem-dieu-binh-30-4-2397312.html
[2025-05-03T15:17:02.346+0000] {logging_mixin.py:188} INFO - [INIT].... → Crawl4AI 0.6.2
[2025-05-03T15:17:05.576+0000] {logging_mixin.py:188} INFO - [FETCH]... ↓ https://vietnamnet.vn/dh-cong-nghe-tphcm-xu-ly-s...i-cuu-chien-binh-xem-dieu-binh-30-4-2397312.html  | 
[2025-05-03T15:17:05.577+0000] {logging_mixin.py:188} INFO - ✓
[2025-05-03T15:17:05.578+0000] {logging_mixin.py:188} INFO -  | ⏱: 3.15s
[2025-05-03T15:17:05.773+0000] {logging_mixin.py:188} INFO - [SCRAPE].. ◆ https://vietnamnet.vn/dh-cong-nghe-tphcm-xu-ly-s...i-cuu-chien-binh-xem-dieu-binh-30-4-2397312.html  | 
[2025-05-03T15:17:05.774+0000] {logging_mixin.py:188} INFO - ✓
[2025-05-03T15:17:05.774+0000] {logging_mixin.py:188} INFO -  | ⏱: 0.19s
[2025-05-03T15:17:05.776+0000] {logging_mixin.py:188} INFO - [COMPLETE] ● https://vietnamnet.vn/dh-cong-nghe-tphcm-xu-ly-s...i-cuu-chien-binh-xem-dieu-binh-30-4-2397312.html  | 
[2025-05-03T15:17:05.776+0000] {logging_mixin.py:188} INFO - ✓
[2025-05-03T15:17:05.777+0000] {logging_mixin.py:188} INFO -  | ⏱: 3.35s
[2025-05-03T15:17:06.190+0000] {logging_mixin.py:188} INFO -     ✓ Thêm một đại học xử lý sinh viên vô lễ với cựu chiến binh đi...
[2025-05-03T15:17:06.191+0000] {logging_mixin.py:188} INFO - ⏱️  Tổng thời gian crawl: 26.10 giây
[2025-05-03T15:17:07.351+0000] {logging_mixin.py:188} INFO - Đã lưu 5 bài viết vào collection 'giao-duc'
[2025-05-03T15:17:07.412+0000] {python.py:237} INFO - Done. Returned value was: None
[2025-05-03T15:17:07.413+0000] {taskinstance.py:441} INFO - ::group::Post task execution logs
[2025-05-03T15:17:07.421+0000] {taskinstance.py:1206} INFO - Marking task as SUCCESS. dag_id=vietnamnet_multi_category_crawler, task_id=crawl_giao-duc, run_id=manual__2025-05-03T15:15:13.250242+00:00, execution_date=20250503T151513, start_date=20250503T151639, end_date=20250503T151707
[2025-05-03T15:17:07.468+0000] {local_task_job_runner.py:240} INFO - Task exited with return code 0
[2025-05-03T15:17:07.487+0000] {taskinstance.py:3503} INFO - 1 downstream tasks scheduled from follow-on schedule check
[2025-05-03T15:17:07.489+0000] {local_task_job_runner.py:222} INFO - ::endgroup::
