[2025-05-16T12:20:21.223+0000] {local_task_job_runner.py:120} INFO - ::group::Pre task execution logs
[2025-05-16T12:20:21.240+0000] {taskinstance.py:2076} INFO - Dependencies all met for dep_context=non-requeueable deps ti=<TaskInstance: vietnamnet_crawler_24h.clean_old_articles scheduled__2025-05-16T11:30:00+00:00 [queued]>
[2025-05-16T12:20:21.246+0000] {taskinstance.py:2076} INFO - Dependencies all met for dep_context=requeueable deps ti=<TaskInstance: vietnamnet_crawler_24h.clean_old_articles scheduled__2025-05-16T11:30:00+00:00 [queued]>
[2025-05-16T12:20:21.247+0000] {taskinstance.py:2306} INFO - Starting attempt 1 of 2
[2025-05-16T12:20:21.258+0000] {taskinstance.py:2330} INFO - Executing <Task(PythonOperator): clean_old_articles> on 2025-05-16 11:30:00+00:00
[2025-05-16T12:20:21.262+0000] {warnings.py:112} WARNING - /home/***/.local/lib/python3.12/site-packages/***/task/task_runner/standard_task_runner.py:61: DeprecationWarning: This process (pid=144) is multi-threaded, use of fork() may lead to deadlocks in the child.
  pid = os.fork()

[2025-05-16T12:20:21.264+0000] {standard_task_runner.py:63} INFO - Started process 145 to run task
[2025-05-16T12:20:21.263+0000] {standard_task_runner.py:90} INFO - Running: ['***', 'tasks', 'run', 'vietnamnet_crawler_24h', 'clean_old_articles', 'scheduled__2025-05-16T11:30:00+00:00', '--job-id', '60', '--raw', '--subdir', 'DAGS_FOLDER/dags.py', '--cfg-path', '/tmp/tmpegpzt5xh']
[2025-05-16T12:20:21.265+0000] {standard_task_runner.py:91} INFO - Job 60: Subtask clean_old_articles
[2025-05-16T12:20:21.299+0000] {task_command.py:426} INFO - Running <TaskInstance: vietnamnet_crawler_24h.clean_old_articles scheduled__2025-05-16T11:30:00+00:00 [running]> on host 71b827885e5f
[2025-05-16T12:20:21.371+0000] {taskinstance.py:2648} INFO - Exporting env vars: AIRFLOW_CTX_DAG_OWNER='***' AIRFLOW_CTX_DAG_ID='vietnamnet_crawler_24h' AIRFLOW_CTX_TASK_ID='clean_old_articles' AIRFLOW_CTX_EXECUTION_DATE='2025-05-16T11:30:00+00:00' AIRFLOW_CTX_TRY_NUMBER='1' AIRFLOW_CTX_DAG_RUN_ID='scheduled__2025-05-16T11:30:00+00:00'
[2025-05-16T12:20:21.372+0000] {taskinstance.py:430} INFO - ::endgroup::
[2025-05-16T12:20:21.720+0000] {database_cleaner.py:33} INFO - Đã kết nối MongoDB: News
[2025-05-16T12:20:21.722+0000] {database_cleaner.py:102} INFO - Xóa các bài viết trước: 2025-04-15T19:20:21.722029+07:00
[2025-05-16T12:20:23.148+0000] {database_cleaner.py:125} INFO - Collection 'cong-nghe': 1 bài bị xóa
[2025-05-16T12:20:23.516+0000] {database_cleaner.py:125} INFO - Collection 'the-gioi': 1 bài bị xóa
[2025-05-16T12:20:24.092+0000] {database_cleaner.py:125} INFO - Collection 'chinh-tri': 2 bài bị xóa
[2025-05-16T12:20:24.298+0000] {database_cleaner.py:125} INFO - Collection 'phap-luat': 0 bài bị xóa
[2025-05-16T12:20:24.502+0000] {database_cleaner.py:125} INFO - Collection 'doi-song': 0 bài bị xóa
[2025-05-16T12:20:24.852+0000] {database_cleaner.py:125} INFO - Collection 'giao-duc': 1 bài bị xóa
[2025-05-16T12:20:24.913+0000] {database_cleaner.py:42} INFO - Đã đóng kết nối MongoDB
[2025-05-16T12:20:24.914+0000] {database_cleaner.py:142} INFO - Đã xóa tổng cộng 5 bài, còn lại 1938
[2025-05-16T12:20:24.914+0000] {python.py:237} INFO - Done. Returned value was: {'cong-nghe': {'total': 185, 'deleted': 1, 'remaining': 184}, 'the-gioi': {'total': 413, 'deleted': 1, 'remaining': 412}, 'chinh-tri': {'total': 521, 'deleted': 2, 'remaining': 519}, 'phap-luat': {'total': 223, 'deleted': 0, 'remaining': 223}, 'doi-song': {'total': 291, 'deleted': 0, 'remaining': 291}, 'giao-duc': {'total': 310, 'deleted': 1, 'remaining': 309}}
[2025-05-16T12:20:24.915+0000] {taskinstance.py:441} INFO - ::group::Post task execution logs
[2025-05-16T12:20:24.943+0000] {taskinstance.py:1206} INFO - Marking task as SUCCESS. dag_id=vietnamnet_crawler_24h, task_id=clean_old_articles, run_id=scheduled__2025-05-16T11:30:00+00:00, execution_date=20250516T113000, start_date=20250516T122021, end_date=20250516T122024
[2025-05-16T12:20:24.997+0000] {local_task_job_runner.py:240} INFO - Task exited with return code 0
[2025-05-16T12:20:25.017+0000] {taskinstance.py:3503} INFO - 1 downstream tasks scheduled from follow-on schedule check
[2025-05-16T12:20:25.019+0000] {local_task_job_runner.py:222} INFO - ::endgroup::
