[2025-06-23T07:00:45.922+0000] {local_task_job_runner.py:120} INFO - ::group::Pre task execution logs
[2025-06-23T07:00:45.937+0000] {taskinstance.py:2076} INFO - Dependencies all met for dep_context=non-requeueable deps ti=<TaskInstance: deepai_crawler_10min.crawl_science scheduled__2025-06-23T06:50:00+00:00 [queued]>
[2025-06-23T07:00:45.946+0000] {taskinstance.py:2076} INFO - Dependencies all met for dep_context=requeueable deps ti=<TaskInstance: deepai_crawler_10min.crawl_science scheduled__2025-06-23T06:50:00+00:00 [queued]>
[2025-06-23T07:00:45.947+0000] {taskinstance.py:2306} INFO - Starting attempt 1 of 3
[2025-06-23T07:00:45.961+0000] {taskinstance.py:2330} INFO - Executing <Task(PythonOperator): crawl_science> on 2025-06-23 06:50:00+00:00
[2025-06-23T07:00:45.969+0000] {warnings.py:112} WARNING - /home/***/.local/lib/python3.12/site-packages/***/task/task_runner/standard_task_runner.py:61: DeprecationWarning: This process (pid=5896) is multi-threaded, use of fork() may lead to deadlocks in the child.
  pid = os.fork()

[2025-06-23T07:00:45.971+0000] {standard_task_runner.py:63} INFO - Started process 5918 to run task
[2025-06-23T07:00:45.972+0000] {standard_task_runner.py:90} INFO - Running: ['***', 'tasks', 'run', 'deepai_crawler_10min', 'crawl_science', 'scheduled__2025-06-23T06:50:00+00:00', '--job-id', '1197', '--raw', '--subdir', 'DAGS_FOLDER/dags.py', '--cfg-path', '/tmp/tmp9x6jue7e']
[2025-06-23T07:00:45.974+0000] {standard_task_runner.py:91} INFO - Job 1197: Subtask crawl_science
[2025-06-23T07:00:46.021+0000] {task_command.py:426} INFO - Running <TaskInstance: deepai_crawler_10min.crawl_science scheduled__2025-06-23T06:50:00+00:00 [running]> on host 13e6c13b5a13
[2025-06-23T07:00:46.122+0000] {taskinstance.py:2648} INFO - Exporting env vars: AIRFLOW_CTX_DAG_OWNER='***' AIRFLOW_CTX_DAG_ID='deepai_crawler_10min' AIRFLOW_CTX_TASK_ID='crawl_science' AIRFLOW_CTX_EXECUTION_DATE='2025-06-23T06:50:00+00:00' AIRFLOW_CTX_TRY_NUMBER='1' AIRFLOW_CTX_DAG_RUN_ID='scheduled__2025-06-23T06:50:00+00:00'
[2025-06-23T07:00:46.124+0000] {taskinstance.py:430} INFO - ::endgroup::
[2025-06-23T07:00:46.139+0000] {dags.py:178} INFO - Bắt đầu crawl category: science
[2025-06-23T07:00:46.267+0000] {crawler_deeplai.py:51} INFO - Đã kết nối thành công với MongoDB: deeplearning_ai_news
[2025-06-23T07:00:46.294+0000] {client.py:1980} DEBUG - Getting prompt '3 Points-label:production'
[2025-06-23T07:00:46.294+0000] {client.py:1984} DEBUG - Prompt '3 Points-label:production' not found in cache or caching disabled.
[2025-06-23T07:00:46.295+0000] {client.py:2068} DEBUG - Fetching prompt '3 Points-label:production' from server...
[2025-06-23T07:00:46.314+0000] {log.py:232} WARNING - 2025-06-23 07:00:46,314 - httpx - INFO - HTTP Request: GET http://host.docker.internal:4000/api/public/v2/prompts/3%20Points?label=production "HTTP/1.1 200 OK"
[2025-06-23T07:00:46.314+0000] {_client.py:1025} INFO - HTTP Request: GET http://host.docker.internal:4000/api/public/v2/prompts/3%20Points?label=production "HTTP/1.1 200 OK"
[2025-06-23T07:00:46.318+0000] {crawler_deeplai.py:465} INFO - 🚀 Đang bắt đầu quá trình crawl với Load More...
[2025-06-23T07:00:46.707+0000] {media_manager.py:52} DEBUG - Queue: Media upload queue is empty, waiting for new jobs
[2025-06-23T07:00:47.315+0000] {logging_mixin.py:188} INFO - [INIT].... → Crawl4AI 0.6.3
[2025-06-23T07:00:47.324+0000] {crawler_deeplai.py:179} INFO - 🌐 Đang truy cập: https://www.deeplearning.ai/the-batch/tag/science/
[2025-06-23T07:00:47.326+0000] {crawler_deeplai.py:180} INFO - ⚙️ Cấu hình: max_articles=100, min_threshold=5, max_clicks=1
[2025-06-23T07:00:47.708+0000] {media_manager.py:52} DEBUG - Queue: Media upload queue is empty, waiting for new jobs
[2025-06-23T07:00:48.709+0000] {media_manager.py:52} DEBUG - Queue: Media upload queue is empty, waiting for new jobs
[2025-06-23T07:00:49.711+0000] {media_manager.py:52} DEBUG - Queue: Media upload queue is empty, waiting for new jobs
[2025-06-23T07:00:50.711+0000] {media_manager.py:52} DEBUG - Queue: Media upload queue is empty, waiting for new jobs
[2025-06-23T07:00:51.316+0000] {logging_mixin.py:188} INFO - [FETCH]... ↓ https://www.deeplearning.ai/the-batch/tag/science/                 
| ✓ | ⏱: 3.99s
[2025-06-23T07:00:51.457+0000] {logging_mixin.py:188} INFO - [SCRAPE].. ◆ https://www.deeplearning.ai/the-batch/tag/science/                 
| ✓ | ⏱: 0.14s
[2025-06-23T07:00:51.459+0000] {logging_mixin.py:188} INFO - [COMPLETE] ● https://www.deeplearning.ai/the-batch/tag/science/                 
| ✓ | ⏱: 4.13s
[2025-06-23T07:00:51.460+0000] {crawler_deeplai.py:184} INFO - 📋 JavaScript execution result: {'success': True, 'results': [{'success': True, 'result': {}}]}
[2025-06-23T07:00:51.505+0000] {crawler_deeplai.py:204} INFO - 🎯 Tổng cộng tìm thấy 30 link bài viết unique
[2025-06-23T07:00:51.505+0000] {crawler_deeplai.py:208} INFO - 🔍 Một vài URL đầu tiên:
[2025-06-23T07:00:51.506+0000] {crawler_deeplai.py:210} INFO -   1. https://www.deeplearning.ai/the-batch/a-neural-network-shows-remarkable-accuracy-in-forecasting-risk-of-pancreatic-cancer/
[2025-06-23T07:00:51.506+0000] {crawler_deeplai.py:210} INFO -   2. https://www.deeplearning.ai/the-batch/a-roadmap-explores-how-ai-can-detect-and-mitigate-greenhouse-gases/
[2025-06-23T07:00:51.507+0000] {crawler_deeplai.py:210} INFO -   3. https://www.deeplearning.ai/the-batch/agentic-workflow-generates-novel-scientific-research-papers/
[2025-06-23T07:00:51.507+0000] {crawler_deeplai.py:210} INFO -   4. https://www.deeplearning.ai/the-batch/ai-and-data-center-boom-challenges-big-techs-emissions-targets/
[2025-06-23T07:00:51.508+0000] {crawler_deeplai.py:210} INFO -   5. https://www.deeplearning.ai/the-batch/ai-co-scientist-an-agent-that-generates-research-hypotheses-aiding-drug-discovery/
[2025-06-23T07:00:51.508+0000] {crawler_deeplai.py:214} INFO - 📊 Sẽ crawl 30 bài viết
[2025-06-23T07:00:51.712+0000] {media_manager.py:52} DEBUG - Queue: Media upload queue is empty, waiting for new jobs
[2025-06-23T07:00:52.055+0000] {crawler_deeplai.py:458} INFO - Đã lọc: 30 URLs ban đầu -> 0 URLs mới
[2025-06-23T07:00:52.056+0000] {crawler_deeplai.py:476} INFO - ℹ️ Không có bài viết mới nào trong danh mục science cần crawl.
[2025-06-23T07:00:52.056+0000] {crawler_deeplai.py:533} INFO - ℹ️ Không có bài viết để lưu vào collection 'science'
[2025-06-23T07:00:52.105+0000] {dags.py:183} INFO - Hoàn thành crawl category: science
[2025-06-23T07:00:52.106+0000] {python.py:237} INFO - Done. Returned value was: None
[2025-06-23T07:00:52.106+0000] {taskinstance.py:441} INFO - ::group::Post task execution logs
[2025-06-23T07:00:52.114+0000] {taskinstance.py:1206} INFO - Marking task as SUCCESS. dag_id=deepai_crawler_10min, task_id=crawl_science, run_id=scheduled__2025-06-23T06:50:00+00:00, execution_date=20250623T065000, start_date=20250623T070045, end_date=20250623T070052
[2025-06-23T07:00:52.163+0000] {local_task_job_runner.py:240} INFO - Task exited with return code 0
[2025-06-23T07:00:52.186+0000] {taskinstance.py:3503} INFO - 1 downstream tasks scheduled from follow-on schedule check
[2025-06-23T07:00:52.189+0000] {local_task_job_runner.py:222} INFO - ::endgroup::
