[2025-05-15T10:23:52.607+0000] {local_task_job_runner.py:120} INFO - ::group::Pre task execution logs
[2025-05-15T10:23:52.634+0000] {taskinstance.py:2076} INFO - Dependencies all met for dep_context=non-requeueable deps ti=<TaskInstance: vietnamnet_crawler_24h.crawl_chinh-tri manual__2025-05-15T08:49:42.688674+00:00 [queued]>
[2025-05-15T10:23:52.643+0000] {taskinstance.py:2076} INFO - Dependencies all met for dep_context=requeueable deps ti=<TaskInstance: vietnamnet_crawler_24h.crawl_chinh-tri manual__2025-05-15T08:49:42.688674+00:00 [queued]>
[2025-05-15T10:23:52.643+0000] {taskinstance.py:2306} INFO - Starting attempt 1 of 2
[2025-05-15T10:23:52.660+0000] {taskinstance.py:2330} INFO - Executing <Task(PythonOperator): crawl_chinh-tri> on 2025-05-15 08:49:42.688674+00:00
[2025-05-15T10:23:52.667+0000] {warnings.py:112} WARNING - /home/***/.local/lib/python3.12/site-packages/***/task/task_runner/standard_task_runner.py:61: DeprecationWarning: This process (pid=3371) is multi-threaded, use of fork() may lead to deadlocks in the child.
  pid = os.fork()

[2025-05-15T10:23:52.669+0000] {standard_task_runner.py:63} INFO - Started process 3375 to run task
[2025-05-15T10:23:52.670+0000] {standard_task_runner.py:90} INFO - Running: ['***', 'tasks', 'run', 'vietnamnet_crawler_24h', 'crawl_chinh-tri', 'manual__2025-05-15T08:49:42.688674+00:00', '--job-id', '6', '--raw', '--subdir', 'DAGS_FOLDER/dags.py', '--cfg-path', '/tmp/tmp5ppfy_zi']
[2025-05-15T10:23:52.672+0000] {standard_task_runner.py:91} INFO - Job 6: Subtask crawl_chinh-tri
[2025-05-15T10:23:52.726+0000] {task_command.py:426} INFO - Running <TaskInstance: vietnamnet_crawler_24h.crawl_chinh-tri manual__2025-05-15T08:49:42.688674+00:00 [running]> on host 45f6bdc6b965
[2025-05-15T10:23:52.814+0000] {taskinstance.py:2648} INFO - Exporting env vars: AIRFLOW_CTX_DAG_OWNER='***' AIRFLOW_CTX_DAG_ID='vietnamnet_crawler_24h' AIRFLOW_CTX_TASK_ID='crawl_chinh-tri' AIRFLOW_CTX_EXECUTION_DATE='2025-05-15T08:49:42.688674+00:00' AIRFLOW_CTX_TRY_NUMBER='1' AIRFLOW_CTX_DAG_RUN_ID='manual__2025-05-15T08:49:42.688674+00:00'
[2025-05-15T10:23:52.816+0000] {taskinstance.py:430} INFO - ::endgroup::
[2025-05-15T10:23:53.208+0000] {crawler.py:54} INFO - Đã kết nối thành công với MongoDB: News
[2025-05-15T10:23:53.413+0000] {crawler.py:44} INFO - ArticleSummarizer đã được khởi tạo thành công
[2025-05-15T10:23:55.125+0000] {logging_mixin.py:188} INFO - [INIT].... → Crawl4AI 0.6.2
[2025-05-15T10:23:59.363+0000] {logging_mixin.py:188} INFO - [FETCH]... ↓ https://vietnamnet.vn/tin-tuc-24h?bydaterang=&cate=000001                                            | 
[2025-05-15T10:23:59.364+0000] {logging_mixin.py:188} INFO - ✓
[2025-05-15T10:23:59.364+0000] {logging_mixin.py:188} INFO -  | ⏱: 4.16s
[2025-05-15T10:23:59.636+0000] {logging_mixin.py:188} INFO - [SCRAPE].. ◆ https://vietnamnet.vn/tin-tuc-24h?bydaterang=&cate=000001                                            | 
[2025-05-15T10:23:59.637+0000] {logging_mixin.py:188} INFO - ✓
[2025-05-15T10:23:59.638+0000] {logging_mixin.py:188} INFO -  | ⏱: 
[2025-05-15T10:23:59.638+0000] {logging_mixin.py:188} INFO - 0.27
[2025-05-15T10:23:59.639+0000] {logging_mixin.py:188} INFO - s
[2025-05-15T10:23:59.640+0000] {logging_mixin.py:188} INFO - [COMPLETE] ● https://vietnamnet.vn/tin-tuc-24h?bydaterang=&cate=000001                                            | 
[2025-05-15T10:23:59.641+0000] {logging_mixin.py:188} INFO - ✓
[2025-05-15T10:23:59.641+0000] {logging_mixin.py:188} INFO -  | ⏱: 4.43s
[2025-05-15T10:23:59.976+0000] {crawler.py:84} INFO - Tìm thấy 25 link bài viết cho danh mục chinh-tri
[2025-05-15T10:24:02.147+0000] {crawler.py:103} INFO - Đã lọc: 25 URLs ban đầu -> 0 URLs mới
[2025-05-15T10:24:02.148+0000] {crawler.py:222} INFO - Không có bài viết mới nào trong danh mục chinh-tri cần crawl.
[2025-05-15T10:24:02.149+0000] {crawler.py:257} INFO - Không có bài viết để lưu vào collection 'chinh-tri'
[2025-05-15T10:24:02.210+0000] {python.py:237} INFO - Done. Returned value was: None
[2025-05-15T10:24:02.211+0000] {taskinstance.py:441} INFO - ::group::Post task execution logs
[2025-05-15T10:24:02.228+0000] {taskinstance.py:1206} INFO - Marking task as SUCCESS. dag_id=vietnamnet_crawler_24h, task_id=crawl_chinh-tri, run_id=manual__2025-05-15T08:49:42.688674+00:00, execution_date=20250515T084942, start_date=20250515T102352, end_date=20250515T102402
[2025-05-15T10:24:02.313+0000] {local_task_job_runner.py:240} INFO - Task exited with return code 0
[2025-05-15T10:24:02.394+0000] {taskinstance.py:3503} INFO - 1 downstream tasks scheduled from follow-on schedule check
[2025-05-15T10:24:02.403+0000] {local_task_job_runner.py:222} INFO - ::endgroup::
