[2025-05-16T17:29:58.087+0000] {local_task_job_runner.py:120} INFO - ::group::Pre task execution logs
[2025-05-16T17:29:58.107+0000] {taskinstance.py:2076} INFO - Dependencies all met for dep_context=non-requeueable deps ti=<TaskInstance: vietnamnet_crawler_24h.crawl_cong-nghe manual__2025-05-16T17:29:24.402809+00:00 [queued]>
[2025-05-16T17:29:58.115+0000] {taskinstance.py:2076} INFO - Dependencies all met for dep_context=requeueable deps ti=<TaskInstance: vietnamnet_crawler_24h.crawl_cong-nghe manual__2025-05-16T17:29:24.402809+00:00 [queued]>
[2025-05-16T17:29:58.115+0000] {taskinstance.py:2306} INFO - Starting attempt 1 of 2
[2025-05-16T17:29:58.129+0000] {taskinstance.py:2330} INFO - Executing <Task(PythonOperator): crawl_cong-nghe> on 2025-05-16 17:29:24.402809+00:00
[2025-05-16T17:29:58.134+0000] {warnings.py:112} WARNING - /home/***/.local/lib/python3.12/site-packages/***/task/task_runner/standard_task_runner.py:61: DeprecationWarning: This process (pid=2369) is multi-threaded, use of fork() may lead to deadlocks in the child.
  pid = os.fork()

[2025-05-16T17:29:58.136+0000] {standard_task_runner.py:63} INFO - Started process 2370 to run task
[2025-05-16T17:29:58.136+0000] {standard_task_runner.py:90} INFO - Running: ['***', 'tasks', 'run', 'vietnamnet_crawler_24h', 'crawl_cong-nghe', 'manual__2025-05-16T17:29:24.402809+00:00', '--job-id', '118', '--raw', '--subdir', 'DAGS_FOLDER/dags.py', '--cfg-path', '/tmp/tmpsbp5wad7']
[2025-05-16T17:29:58.138+0000] {standard_task_runner.py:91} INFO - Job 118: Subtask crawl_cong-nghe
[2025-05-16T17:29:58.177+0000] {task_command.py:426} INFO - Running <TaskInstance: vietnamnet_crawler_24h.crawl_cong-nghe manual__2025-05-16T17:29:24.402809+00:00 [running]> on host 60d771d880eb
[2025-05-16T17:29:58.254+0000] {taskinstance.py:2648} INFO - Exporting env vars: AIRFLOW_CTX_DAG_OWNER='***' AIRFLOW_CTX_DAG_ID='vietnamnet_crawler_24h' AIRFLOW_CTX_TASK_ID='crawl_cong-nghe' AIRFLOW_CTX_EXECUTION_DATE='2025-05-16T17:29:24.402809+00:00' AIRFLOW_CTX_TRY_NUMBER='1' AIRFLOW_CTX_DAG_RUN_ID='manual__2025-05-16T17:29:24.402809+00:00'
[2025-05-16T17:29:58.255+0000] {taskinstance.py:430} INFO - ::endgroup::
[2025-05-16T17:29:58.408+0000] {crawler.py:55} INFO - Đã kết nối thành công với MongoDB: News
[2025-05-16T17:29:58.974+0000] {logging_mixin.py:188} INFO - [INIT].... → Crawl4AI 0.6.2
[2025-05-16T17:30:01.607+0000] {logging_mixin.py:188} INFO - [FETCH]... ↓ https://vietnamnet.vn/tin-tuc-24h?bydaterang=&cate=00MK8V                                            | 
[2025-05-16T17:30:01.608+0000] {logging_mixin.py:188} INFO - ✓
[2025-05-16T17:30:01.609+0000] {logging_mixin.py:188} INFO -  | ⏱: 2.58s
[2025-05-16T17:30:01.820+0000] {logging_mixin.py:188} INFO - [SCRAPE].. ◆ https://vietnamnet.vn/tin-tuc-24h?bydaterang=&cate=00MK8V                                            | 
[2025-05-16T17:30:01.821+0000] {logging_mixin.py:188} INFO - ✓
[2025-05-16T17:30:01.822+0000] {logging_mixin.py:188} INFO -  | ⏱: 
[2025-05-16T17:30:01.822+0000] {logging_mixin.py:188} INFO - 0.21
[2025-05-16T17:30:01.823+0000] {logging_mixin.py:188} INFO - s
[2025-05-16T17:30:01.824+0000] {logging_mixin.py:188} INFO - [COMPLETE] ● https://vietnamnet.vn/tin-tuc-24h?bydaterang=&cate=00MK8V                                            | 
[2025-05-16T17:30:01.825+0000] {logging_mixin.py:188} INFO - ✓
[2025-05-16T17:30:01.825+0000] {logging_mixin.py:188} INFO -  | ⏱: 2.80s
[2025-05-16T17:30:02.143+0000] {crawler.py:85} INFO - Tìm thấy 25 link bài viết cho danh mục cong-nghe
[2025-05-16T17:30:03.383+0000] {crawler.py:110} INFO - Đã lọc: 25 URLs ban đầu -> 0 URLs sau xử lý live
[2025-05-16T17:30:03.383+0000] {crawler.py:252} INFO - Không có bài viết mới nào trong danh mục cong-nghe cần crawl.
[2025-05-16T17:30:04.107+0000] {crawler.py:294} INFO - Không có bài viết để lưu vào collection 'cong-nghe'
[2025-05-16T17:30:04.500+0000] {python.py:237} INFO - Done. Returned value was: None
[2025-05-16T17:30:04.503+0000] {taskinstance.py:441} INFO - ::group::Post task execution logs
[2025-05-16T17:30:04.515+0000] {taskinstance.py:1206} INFO - Marking task as SUCCESS. dag_id=vietnamnet_crawler_24h, task_id=crawl_cong-nghe, run_id=manual__2025-05-16T17:29:24.402809+00:00, execution_date=20250516T172924, start_date=20250516T172958, end_date=20250516T173004
[2025-05-16T17:30:04.600+0000] {local_task_job_runner.py:240} INFO - Task exited with return code 0
[2025-05-16T17:30:04.632+0000] {taskinstance.py:3503} INFO - 1 downstream tasks scheduled from follow-on schedule check
[2025-05-16T17:30:04.635+0000] {local_task_job_runner.py:222} INFO - ::endgroup::
