[2025-05-03T16:56:22.847+0000] {local_task_job_runner.py:120} INFO - ::group::Pre task execution logs
[2025-05-03T16:56:22.867+0000] {taskinstance.py:2076} INFO - Dependencies all met for dep_context=non-requeueable deps ti=<TaskInstance: vietnamnet_multi_category_crawler.crawl_giao-duc manual__2025-05-03T16:54:46.316743+00:00 [queued]>
[2025-05-03T16:56:22.874+0000] {taskinstance.py:2076} INFO - Dependencies all met for dep_context=requeueable deps ti=<TaskInstance: vietnamnet_multi_category_crawler.crawl_giao-duc manual__2025-05-03T16:54:46.316743+00:00 [queued]>
[2025-05-03T16:56:22.875+0000] {taskinstance.py:2306} INFO - Starting attempt 1 of 2
[2025-05-03T16:56:22.888+0000] {taskinstance.py:2330} INFO - Executing <Task(PythonOperator): crawl_giao-duc> on 2025-05-03 16:54:46.316743+00:00
[2025-05-03T16:56:22.893+0000] {warnings.py:112} WARNING - /home/***/.local/lib/python3.12/site-packages/***/task/task_runner/standard_task_runner.py:61: DeprecationWarning: This process (pid=6954) is multi-threaded, use of fork() may lead to deadlocks in the child.
  pid = os.fork()

[2025-05-03T16:56:22.894+0000] {standard_task_runner.py:63} INFO - Started process 6956 to run task
[2025-05-03T16:56:22.895+0000] {standard_task_runner.py:90} INFO - Running: ['***', 'tasks', 'run', 'vietnamnet_multi_category_crawler', 'crawl_giao-duc', 'manual__2025-05-03T16:54:46.316743+00:00', '--job-id', '9', '--raw', '--subdir', 'DAGS_FOLDER/dags.py', '--cfg-path', '/tmp/tmp1jhm97k_']
[2025-05-03T16:56:22.897+0000] {standard_task_runner.py:91} INFO - Job 9: Subtask crawl_giao-duc
[2025-05-03T16:56:22.939+0000] {task_command.py:426} INFO - Running <TaskInstance: vietnamnet_multi_category_crawler.crawl_giao-duc manual__2025-05-03T16:54:46.316743+00:00 [running]> on host 3ca514faf7bb
[2025-05-03T16:56:23.012+0000] {taskinstance.py:2648} INFO - Exporting env vars: AIRFLOW_CTX_DAG_OWNER='***' AIRFLOW_CTX_DAG_ID='vietnamnet_multi_category_crawler' AIRFLOW_CTX_TASK_ID='crawl_giao-duc' AIRFLOW_CTX_EXECUTION_DATE='2025-05-03T16:54:46.316743+00:00' AIRFLOW_CTX_TRY_NUMBER='1' AIRFLOW_CTX_DAG_RUN_ID='manual__2025-05-03T16:54:46.316743+00:00'
[2025-05-03T16:56:23.013+0000] {taskinstance.py:430} INFO - ::endgroup::
[2025-05-03T16:56:23.651+0000] {logging_mixin.py:188} INFO - [INIT].... → Crawl4AI 0.6.2
[2025-05-03T16:56:27.069+0000] {logging_mixin.py:188} INFO - [FETCH]... ↓ https://vietnamnet.vn/giao-duc                                                                       | 
[2025-05-03T16:56:27.069+0000] {logging_mixin.py:188} INFO - ✓
[2025-05-03T16:56:27.070+0000] {logging_mixin.py:188} INFO -  | ⏱: 3.35s
[2025-05-03T16:56:27.421+0000] {logging_mixin.py:188} INFO - [SCRAPE].. ◆ https://vietnamnet.vn/giao-duc                                                                       | 
[2025-05-03T16:56:27.422+0000] {logging_mixin.py:188} INFO - ✓
[2025-05-03T16:56:27.422+0000] {logging_mixin.py:188} INFO -  | ⏱: 
[2025-05-03T16:56:27.423+0000] {logging_mixin.py:188} INFO - 0.35
[2025-05-03T16:56:27.424+0000] {logging_mixin.py:188} INFO - s
[2025-05-03T16:56:27.425+0000] {logging_mixin.py:188} INFO - [COMPLETE] ● https://vietnamnet.vn/giao-duc                                                                       | 
[2025-05-03T16:56:27.426+0000] {logging_mixin.py:188} INFO - ✓
[2025-05-03T16:56:27.426+0000] {logging_mixin.py:188} INFO -  | ⏱: 3.71s
[2025-05-03T16:56:27.551+0000] {logging_mixin.py:188} INFO - Tìm thấy 55 link bài viết
[2025-05-03T16:56:27.697+0000] {logging_mixin.py:188} INFO - Đang crawl 5 bài viết từ danh mục giao-duc...
[2025-05-03T16:56:27.698+0000] {logging_mixin.py:188} INFO - --> Crawl: https://vietnamnet.vn/buc-anh-nu-cuoi-chien-thang-chup-nguoi-phu-nu-nao-2397183.html
[2025-05-03T16:56:28.316+0000] {logging_mixin.py:188} INFO - [INIT].... → Crawl4AI 0.6.2
[2025-05-03T16:56:31.704+0000] {logging_mixin.py:188} INFO - [FETCH]... ↓ https://vietnamnet.vn/buc-anh-nu-cuoi-chien-thang-chup-nguoi-phu-nu-nao-2397183.html                 | 
[2025-05-03T16:56:31.704+0000] {logging_mixin.py:188} INFO - ✓
[2025-05-03T16:56:31.705+0000] {logging_mixin.py:188} INFO -  | ⏱: 3.32s
[2025-05-03T16:56:31.956+0000] {logging_mixin.py:188} INFO - [SCRAPE].. ◆ https://vietnamnet.vn/buc-anh-nu-cuoi-chien-thang-chup-nguoi-phu-nu-nao-2397183.html                 | 
[2025-05-03T16:56:31.957+0000] {logging_mixin.py:188} INFO - ✓
[2025-05-03T16:56:31.957+0000] {logging_mixin.py:188} INFO -  | ⏱: 0.25s
[2025-05-03T16:56:31.958+0000] {logging_mixin.py:188} INFO - [COMPLETE] ● https://vietnamnet.vn/buc-anh-nu-cuoi-chien-thang-chup-nguoi-phu-nu-nao-2397183.html                 | 
[2025-05-03T16:56:31.959+0000] {logging_mixin.py:188} INFO - ✓
[2025-05-03T16:56:31.959+0000] {logging_mixin.py:188} INFO -  | ⏱: 3.58s
[2025-05-03T16:56:32.349+0000] {logging_mixin.py:188} INFO -     ✓ Bức ảnh "nụ cười chiến thắng" chụp người phụ nữ nào?...
[2025-05-03T16:56:32.350+0000] {logging_mixin.py:188} INFO - --> Crawl: https://vietnamnet.vn/nhung-phu-huynh-truc-chien-cung-con-on-thi-trong-ky-nghi-le-2396915.html
[2025-05-03T16:56:32.952+0000] {logging_mixin.py:188} INFO - [INIT].... → Crawl4AI 0.6.2
[2025-05-03T16:56:36.532+0000] {logging_mixin.py:188} INFO - [FETCH]... ↓ https://vietnamnet.vn/nhung-phu-huynh-truc-chien-cung-con-on-thi-trong-ky-nghi-le-2396915.html       | 
[2025-05-03T16:56:36.533+0000] {logging_mixin.py:188} INFO - ✓
[2025-05-03T16:56:36.534+0000] {logging_mixin.py:188} INFO -  | ⏱: 3.52s
[2025-05-03T16:56:36.949+0000] {logging_mixin.py:188} INFO - [SCRAPE].. ◆ https://vietnamnet.vn/nhung-phu-huynh-truc-chien-cung-con-on-thi-trong-ky-nghi-le-2396915.html       | 
[2025-05-03T16:56:36.949+0000] {logging_mixin.py:188} INFO - ✓
[2025-05-03T16:56:36.950+0000] {logging_mixin.py:188} INFO -  | ⏱: 0.41s
[2025-05-03T16:56:36.951+0000] {logging_mixin.py:188} INFO - [COMPLETE] ● https://vietnamnet.vn/nhung-phu-huynh-truc-chien-cung-con-on-thi-trong-ky-nghi-le-2396915.html       | 
[2025-05-03T16:56:36.952+0000] {logging_mixin.py:188} INFO - ✓
[2025-05-03T16:56:36.952+0000] {logging_mixin.py:188} INFO -  | ⏱: 3.94s
[2025-05-03T16:56:37.324+0000] {logging_mixin.py:188} INFO -     ✓ Những phụ huynh 'trực chiến' cùng con ôn thi trong kỳ nghỉ l...
[2025-05-03T16:56:37.325+0000] {logging_mixin.py:188} INFO - --> Crawl: https://vietnamnet.vn/thi-vao-nganh-y-sau-khi-nghi-huu-cu-ong-tro-thanh-bac-si-o-tuoi-70-2304823.html#comment
[2025-05-03T16:56:37.931+0000] {logging_mixin.py:188} INFO - [INIT].... → Crawl4AI 0.6.2
[2025-05-03T16:56:42.330+0000] {logging_mixin.py:188} INFO - [FETCH]... ↓ https://vietnamnet.vn/thi-vao-nganh-y-sau-khi-ng...-tro-thanh-bac-si-o-tuoi-70-2304823.html#comment  | 
[2025-05-03T16:56:42.331+0000] {logging_mixin.py:188} INFO - ✓
[2025-05-03T16:56:42.332+0000] {logging_mixin.py:188} INFO -  | ⏱: 4.33s
[2025-05-03T16:56:42.625+0000] {logging_mixin.py:188} INFO - [SCRAPE].. ◆ https://vietnamnet.vn/thi-vao-nganh-y-sau-khi-ng...-tro-thanh-bac-si-o-tuoi-70-2304823.html#comment  | 
[2025-05-03T16:56:42.626+0000] {logging_mixin.py:188} INFO - ✓
[2025-05-03T16:56:42.627+0000] {logging_mixin.py:188} INFO -  | ⏱: 0.29s
[2025-05-03T16:56:42.628+0000] {logging_mixin.py:188} INFO - [COMPLETE] ● https://vietnamnet.vn/thi-vao-nganh-y-sau-khi-ng...-tro-thanh-bac-si-o-tuoi-70-2304823.html#comment  | 
[2025-05-03T16:56:42.629+0000] {logging_mixin.py:188} INFO - ✓
[2025-05-03T16:56:42.629+0000] {logging_mixin.py:188} INFO -  | ⏱: 4.63s
[2025-05-03T16:56:42.949+0000] {logging_mixin.py:188} INFO -     ✓ Thi vào ngành y sau khi nghỉ hưu, cụ ông trở thành bác sĩ ở ...
[2025-05-03T16:56:42.950+0000] {logging_mixin.py:188} INFO - --> Crawl: https://vietnamnet.vn/3-hoc-sinh-mat-tich-khi-tam-bien-o-quang-ngai-co-2-anh-em-ruot-2397037.html
[2025-05-03T16:56:43.533+0000] {logging_mixin.py:188} INFO - [INIT].... → Crawl4AI 0.6.2
[2025-05-03T16:56:46.853+0000] {logging_mixin.py:188} INFO - [FETCH]... ↓ https://vietnamnet.vn/3-hoc-sinh-mat-tich-khi-tam-bien-o-quang-ngai-co-2-anh-em-ruot-2397037.html    | 
[2025-05-03T16:56:46.854+0000] {logging_mixin.py:188} INFO - ✓
[2025-05-03T16:56:46.854+0000] {logging_mixin.py:188} INFO -  | ⏱: 3.26s
[2025-05-03T16:56:47.129+0000] {logging_mixin.py:188} INFO - [SCRAPE].. ◆ https://vietnamnet.vn/3-hoc-sinh-mat-tich-khi-tam-bien-o-quang-ngai-co-2-anh-em-ruot-2397037.html    | 
[2025-05-03T16:56:47.129+0000] {logging_mixin.py:188} INFO - ✓
[2025-05-03T16:56:47.130+0000] {logging_mixin.py:188} INFO -  | ⏱: 0.27s
[2025-05-03T16:56:47.131+0000] {logging_mixin.py:188} INFO - [COMPLETE] ● https://vietnamnet.vn/3-hoc-sinh-mat-tich-khi-tam-bien-o-quang-ngai-co-2-anh-em-ruot-2397037.html    | 
[2025-05-03T16:56:47.131+0000] {logging_mixin.py:188} INFO - ✓
[2025-05-03T16:56:47.132+0000] {logging_mixin.py:188} INFO -  | ⏱: 3.54s
[2025-05-03T16:56:47.528+0000] {logging_mixin.py:188} INFO -     ✓ 3 học sinh mất tích khi tắm biển ở Quảng Ngãi, có 2 anh em r...
[2025-05-03T16:56:47.529+0000] {logging_mixin.py:188} INFO - --> Crawl: https://vietnamnet.vn/nhung-sieu-nhan-dat-1-600-diem-sat-chia-se-bi-quyet-hoc-tap-va-chien-thuat-thi-2396933.html
[2025-05-03T16:56:48.132+0000] {logging_mixin.py:188} INFO - [INIT].... → Crawl4AI 0.6.2
[2025-05-03T16:56:52.503+0000] {logging_mixin.py:188} INFO - [FETCH]... ↓ https://vietnamnet.vn/nhung-sieu-nhan-dat-1-600-...bi-quyet-hoc-tap-va-chien-thuat-thi-2396933.html  | 
[2025-05-03T16:56:52.503+0000] {logging_mixin.py:188} INFO - ✓
[2025-05-03T16:56:52.504+0000] {logging_mixin.py:188} INFO -  | ⏱: 4.29s
[2025-05-03T16:56:52.788+0000] {logging_mixin.py:188} INFO - [SCRAPE].. ◆ https://vietnamnet.vn/nhung-sieu-nhan-dat-1-600-...bi-quyet-hoc-tap-va-chien-thuat-thi-2396933.html  | 
[2025-05-03T16:56:52.788+0000] {logging_mixin.py:188} INFO - ✓
[2025-05-03T16:56:52.789+0000] {logging_mixin.py:188} INFO -  | ⏱: 0.28s
[2025-05-03T16:56:52.790+0000] {logging_mixin.py:188} INFO - [COMPLETE] ● https://vietnamnet.vn/nhung-sieu-nhan-dat-1-600-...bi-quyet-hoc-tap-va-chien-thuat-thi-2396933.html  | 
[2025-05-03T16:56:52.791+0000] {logging_mixin.py:188} INFO - ✓
[2025-05-03T16:56:52.791+0000] {logging_mixin.py:188} INFO -  | ⏱: 4.58s
[2025-05-03T16:56:53.294+0000] {logging_mixin.py:188} INFO -     ✓ Những 'siêu nhân' đạt 1.600 điểm SAT chia sẻ bí quyết học tậ...
[2025-05-03T16:56:53.294+0000] {logging_mixin.py:188} INFO - ⏱️  Tổng thời gian crawl: 30.27 giây
[2025-05-03T16:56:54.367+0000] {logging_mixin.py:188} INFO - Đã lưu 5 bài viết vào collection 'giao-duc'
[2025-05-03T16:56:54.428+0000] {python.py:237} INFO - Done. Returned value was: None
[2025-05-03T16:56:54.429+0000] {taskinstance.py:441} INFO - ::group::Post task execution logs
[2025-05-03T16:56:54.436+0000] {taskinstance.py:1206} INFO - Marking task as SUCCESS. dag_id=vietnamnet_multi_category_crawler, task_id=crawl_giao-duc, run_id=manual__2025-05-03T16:54:46.316743+00:00, execution_date=20250503T165446, start_date=20250503T165622, end_date=20250503T165654
[2025-05-03T16:56:54.472+0000] {local_task_job_runner.py:240} INFO - Task exited with return code 0
[2025-05-03T16:56:54.485+0000] {taskinstance.py:3503} INFO - 1 downstream tasks scheduled from follow-on schedule check
[2025-05-03T16:56:54.488+0000] {local_task_job_runner.py:222} INFO - ::endgroup::
