[2025-05-16T09:58:34.688+0000] {local_task_job_runner.py:120} INFO - ::group::Pre task execution logs
[2025-05-16T09:58:34.709+0000] {taskinstance.py:2076} INFO - Dependencies all met for dep_context=non-requeueable deps ti=<TaskInstance: vietnamnet_crawler_24h.crawl_doi-song manual__2025-05-16T09:57:51.162214+00:00 [queued]>
[2025-05-16T09:58:34.718+0000] {taskinstance.py:2076} INFO - Dependencies all met for dep_context=requeueable deps ti=<TaskInstance: vietnamnet_crawler_24h.crawl_doi-song manual__2025-05-16T09:57:51.162214+00:00 [queued]>
[2025-05-16T09:58:34.719+0000] {taskinstance.py:2306} INFO - Starting attempt 1 of 2
[2025-05-16T09:58:34.733+0000] {taskinstance.py:2330} INFO - Executing <Task(PythonOperator): crawl_doi-song> on 2025-05-16 09:57:51.162214+00:00
[2025-05-16T09:58:34.739+0000] {warnings.py:112} WARNING - /home/***/.local/lib/python3.12/site-packages/***/task/task_runner/standard_task_runner.py:61: DeprecationWarning: This process (pid=831) is multi-threaded, use of fork() may lead to deadlocks in the child.
  pid = os.fork()

[2025-05-16T09:58:34.741+0000] {standard_task_runner.py:63} INFO - Started process 832 to run task
[2025-05-16T09:58:34.741+0000] {standard_task_runner.py:90} INFO - Running: ['***', 'tasks', 'run', 'vietnamnet_crawler_24h', 'crawl_doi-song', 'manual__2025-05-16T09:57:51.162214+00:00', '--job-id', '25', '--raw', '--subdir', 'DAGS_FOLDER/dags.py', '--cfg-path', '/tmp/tmpvmxb5_tg']
[2025-05-16T09:58:34.744+0000] {standard_task_runner.py:91} INFO - Job 25: Subtask crawl_doi-song
[2025-05-16T09:58:34.788+0000] {task_command.py:426} INFO - Running <TaskInstance: vietnamnet_crawler_24h.crawl_doi-song manual__2025-05-16T09:57:51.162214+00:00 [running]> on host 71b827885e5f
[2025-05-16T09:58:34.880+0000] {taskinstance.py:2648} INFO - Exporting env vars: AIRFLOW_CTX_DAG_OWNER='***' AIRFLOW_CTX_DAG_ID='vietnamnet_crawler_24h' AIRFLOW_CTX_TASK_ID='crawl_doi-song' AIRFLOW_CTX_EXECUTION_DATE='2025-05-16T09:57:51.162214+00:00' AIRFLOW_CTX_TRY_NUMBER='1' AIRFLOW_CTX_DAG_RUN_ID='manual__2025-05-16T09:57:51.162214+00:00'
[2025-05-16T09:58:34.881+0000] {taskinstance.py:430} INFO - ::endgroup::
[2025-05-16T09:58:35.056+0000] {crawler.py:54} INFO - Đã kết nối thành công với MongoDB: News
[2025-05-16T09:58:35.659+0000] {logging_mixin.py:188} INFO - [INIT].... → Crawl4AI 0.6.2
[2025-05-16T09:58:38.644+0000] {logging_mixin.py:188} INFO - [FETCH]... ↓ https://vietnamnet.vn/tin-tuc-24h?bydaterang=&cate=000007                                            | 
[2025-05-16T09:58:38.644+0000] {logging_mixin.py:188} INFO - ✓
[2025-05-16T09:58:38.645+0000] {logging_mixin.py:188} INFO -  | ⏱: 2.82s
[2025-05-16T09:58:38.813+0000] {logging_mixin.py:188} INFO - [SCRAPE].. ◆ https://vietnamnet.vn/tin-tuc-24h?bydaterang=&cate=000007                                            | 
[2025-05-16T09:58:38.813+0000] {logging_mixin.py:188} INFO - ✓
[2025-05-16T09:58:38.814+0000] {logging_mixin.py:188} INFO -  | ⏱: 0.17s
[2025-05-16T09:58:38.815+0000] {logging_mixin.py:188} INFO - [COMPLETE] ● https://vietnamnet.vn/tin-tuc-24h?bydaterang=&cate=000007                                            | 
[2025-05-16T09:58:38.816+0000] {logging_mixin.py:188} INFO - ✓
[2025-05-16T09:58:38.817+0000] {logging_mixin.py:188} INFO -  | ⏱: 2.99s
[2025-05-16T09:58:39.046+0000] {crawler.py:84} INFO - Tìm thấy 25 link bài viết cho danh mục doi-song
[2025-05-16T09:58:39.601+0000] {crawler.py:108} INFO - Đã lọc: 25 URLs ban đầu -> 0 URLs mới
[2025-05-16T09:58:39.601+0000] {crawler.py:229} INFO - Không có bài viết mới nào trong danh mục doi-song cần crawl.
[2025-05-16T09:58:39.602+0000] {crawler.py:269} INFO - Không có bài viết để lưu vào collection 'doi-song'
[2025-05-16T09:58:39.661+0000] {python.py:237} INFO - Done. Returned value was: None
[2025-05-16T09:58:39.662+0000] {taskinstance.py:441} INFO - ::group::Post task execution logs
[2025-05-16T09:58:39.672+0000] {taskinstance.py:1206} INFO - Marking task as SUCCESS. dag_id=vietnamnet_crawler_24h, task_id=crawl_doi-song, run_id=manual__2025-05-16T09:57:51.162214+00:00, execution_date=20250516T095751, start_date=20250516T095834, end_date=20250516T095839
[2025-05-16T09:58:39.696+0000] {local_task_job_runner.py:240} INFO - Task exited with return code 0
[2025-05-16T09:58:39.709+0000] {taskinstance.py:3503} INFO - 0 downstream tasks scheduled from follow-on schedule check
[2025-05-16T09:58:39.712+0000] {local_task_job_runner.py:222} INFO - ::endgroup::
