[2025-05-16T09:50:16.445+0000] {local_task_job_runner.py:120} INFO - ::group::Pre task execution logs
[2025-05-16T09:50:16.468+0000] {taskinstance.py:2076} INFO - Dependencies all met for dep_context=non-requeueable deps ti=<TaskInstance: vietnamnet_crawler_24h.crawl_doi-song scheduled__2025-05-16T09:00:00+00:00 [queued]>
[2025-05-16T09:50:16.477+0000] {taskinstance.py:2076} INFO - Dependencies all met for dep_context=requeueable deps ti=<TaskInstance: vietnamnet_crawler_24h.crawl_doi-song scheduled__2025-05-16T09:00:00+00:00 [queued]>
[2025-05-16T09:50:16.477+0000] {taskinstance.py:2306} INFO - Starting attempt 1 of 2
[2025-05-16T09:50:16.492+0000] {taskinstance.py:2330} INFO - Executing <Task(PythonOperator): crawl_doi-song> on 2025-05-16 09:00:00+00:00
[2025-05-16T09:50:16.499+0000] {warnings.py:112} WARNING - /home/***/.local/lib/python3.12/site-packages/***/task/task_runner/standard_task_runner.py:61: DeprecationWarning: This process (pid=2472) is multi-threaded, use of fork() may lead to deadlocks in the child.
  pid = os.fork()

[2025-05-16T09:50:16.500+0000] {standard_task_runner.py:63} INFO - Started process 2482 to run task
[2025-05-16T09:50:16.501+0000] {standard_task_runner.py:90} INFO - Running: ['***', 'tasks', 'run', 'vietnamnet_crawler_24h', 'crawl_doi-song', 'scheduled__2025-05-16T09:00:00+00:00', '--job-id', '15', '--raw', '--subdir', 'DAGS_FOLDER/dags.py', '--cfg-path', '/tmp/tmpe04n8k3b']
[2025-05-16T09:50:16.503+0000] {standard_task_runner.py:91} INFO - Job 15: Subtask crawl_doi-song
[2025-05-16T09:50:16.549+0000] {task_command.py:426} INFO - Running <TaskInstance: vietnamnet_crawler_24h.crawl_doi-song scheduled__2025-05-16T09:00:00+00:00 [running]> on host 71b827885e5f
[2025-05-16T09:50:16.633+0000] {taskinstance.py:2648} INFO - Exporting env vars: AIRFLOW_CTX_DAG_OWNER='***' AIRFLOW_CTX_DAG_ID='vietnamnet_crawler_24h' AIRFLOW_CTX_TASK_ID='crawl_doi-song' AIRFLOW_CTX_EXECUTION_DATE='2025-05-16T09:00:00+00:00' AIRFLOW_CTX_TRY_NUMBER='1' AIRFLOW_CTX_DAG_RUN_ID='scheduled__2025-05-16T09:00:00+00:00'
[2025-05-16T09:50:16.635+0000] {taskinstance.py:430} INFO - ::endgroup::
[2025-05-16T09:50:16.818+0000] {crawler.py:54} INFO - Đã kết nối thành công với MongoDB: News
[2025-05-16T09:50:17.510+0000] {logging_mixin.py:188} INFO - [INIT].... → Crawl4AI 0.6.2
[2025-05-16T09:50:20.727+0000] {logging_mixin.py:188} INFO - [FETCH]... ↓ https://vietnamnet.vn/tin-tuc-24h?bydaterang=&cate=000007                                            | 
[2025-05-16T09:50:20.728+0000] {logging_mixin.py:188} INFO - ✓
[2025-05-16T09:50:20.729+0000] {logging_mixin.py:188} INFO -  | ⏱: 3.17s
[2025-05-16T09:50:21.112+0000] {logging_mixin.py:188} INFO - [SCRAPE].. ◆ https://vietnamnet.vn/tin-tuc-24h?bydaterang=&cate=000007                                            | 
[2025-05-16T09:50:21.113+0000] {logging_mixin.py:188} INFO - ✓
[2025-05-16T09:50:21.114+0000] {logging_mixin.py:188} INFO -  | ⏱: 0.38s
[2025-05-16T09:50:21.115+0000] {logging_mixin.py:188} INFO - [COMPLETE] ● https://vietnamnet.vn/tin-tuc-24h?bydaterang=&cate=000007                                            | 
[2025-05-16T09:50:21.116+0000] {logging_mixin.py:188} INFO - ✓
[2025-05-16T09:50:21.116+0000] {logging_mixin.py:188} INFO -  | ⏱: 3.56s
[2025-05-16T09:50:21.231+0000] {crawler.py:84} INFO - Tìm thấy 25 link bài viết cho danh mục doi-song
[2025-05-16T09:50:23.490+0000] {crawler.py:110} INFO - Đã lọc: 25 URLs ban đầu -> 1 URLs mới
[2025-05-16T09:50:23.490+0000] {crawler.py:234} INFO - Đang crawl 1 bài viết mới từ danh mục doi-song...
[2025-05-16T09:50:23.491+0000] {crawler.py:237} INFO - --> Crawl: https://vietnamnet.vn/ngoi-chua-co-tuong-gach-do-mai-cong-chi-danh-cho-phu-nu-chua-lanh-tam-hon-2400711.html
[2025-05-16T09:50:24.268+0000] {logging_mixin.py:188} INFO - [INIT].... → Crawl4AI 0.6.2
[2025-05-16T09:50:27.600+0000] {logging_mixin.py:188} INFO - [FETCH]... ↓ https://vietnamnet.vn/ngoi-chua-co-tuong-gach-do...i-danh-cho-phu-nu-chua-lanh-tam-hon-2400711.html  | 
[2025-05-16T09:50:27.601+0000] {logging_mixin.py:188} INFO - ✓
[2025-05-16T09:50:27.602+0000] {logging_mixin.py:188} INFO -  | ⏱: 3.26s
[2025-05-16T09:50:27.864+0000] {logging_mixin.py:188} INFO - [SCRAPE].. ◆ https://vietnamnet.vn/ngoi-chua-co-tuong-gach-do...i-danh-cho-phu-nu-chua-lanh-tam-hon-2400711.html  | 
[2025-05-16T09:50:27.865+0000] {logging_mixin.py:188} INFO - ✓
[2025-05-16T09:50:27.865+0000] {logging_mixin.py:188} INFO -  | ⏱: 0.26s
[2025-05-16T09:50:27.867+0000] {logging_mixin.py:188} INFO - [COMPLETE] ● https://vietnamnet.vn/ngoi-chua-co-tuong-gach-do...i-danh-cho-phu-nu-chua-lanh-tam-hon-2400711.html  | 
[2025-05-16T09:50:27.867+0000] {logging_mixin.py:188} INFO - ✓
[2025-05-16T09:50:27.868+0000] {logging_mixin.py:188} INFO -  | ⏱: 3.53s
[2025-05-16T09:50:28.417+0000] {crawler.py:241} INFO -     ✓ Ngôi chùa có tường gạch đỏ, mái cong, chỉ dành cho phụ nữ 'c...

[2025-05-16T09:50:28.418+0000] {crawler.py:244} INFO - ⏱️  Tổng thời gian crawl: 11.60 giây
[2025-05-16T09:50:28.499+0000] {crawler.py:269} INFO - Đã lưu 1 bài viết vào collection 'doi-song'
[2025-05-16T09:50:28.572+0000] {python.py:237} INFO - Done. Returned value was: None
[2025-05-16T09:50:28.573+0000] {taskinstance.py:441} INFO - ::group::Post task execution logs
[2025-05-16T09:50:28.589+0000] {taskinstance.py:1206} INFO - Marking task as SUCCESS. dag_id=vietnamnet_crawler_24h, task_id=crawl_doi-song, run_id=scheduled__2025-05-16T09:00:00+00:00, execution_date=20250516T090000, start_date=20250516T095016, end_date=20250516T095028
[2025-05-16T09:50:28.681+0000] {local_task_job_runner.py:240} INFO - Task exited with return code 0
[2025-05-16T09:50:28.703+0000] {taskinstance.py:3503} INFO - 0 downstream tasks scheduled from follow-on schedule check
[2025-05-16T09:50:28.706+0000] {local_task_job_runner.py:222} INFO - ::endgroup::
