[2025-05-05T09:02:39.065+0000] {local_task_job_runner.py:120} INFO - ::group::Pre task execution logs
[2025-05-05T09:02:39.089+0000] {taskinstance.py:2076} INFO - Dependencies all met for dep_context=non-requeueable deps ti=<TaskInstance: vietnamnet_crawler_24h.crawl_cong-nghe manual__2025-05-05T09:01:58.894564+00:00 [queued]>
[2025-05-05T09:02:39.098+0000] {taskinstance.py:2076} INFO - Dependencies all met for dep_context=requeueable deps ti=<TaskInstance: vietnamnet_crawler_24h.crawl_cong-nghe manual__2025-05-05T09:01:58.894564+00:00 [queued]>
[2025-05-05T09:02:39.098+0000] {taskinstance.py:2306} INFO - Starting attempt 1 of 2
[2025-05-05T09:02:39.115+0000] {taskinstance.py:2330} INFO - Executing <Task(PythonOperator): crawl_cong-nghe> on 2025-05-05 09:01:58.894564+00:00
[2025-05-05T09:02:39.128+0000] {warnings.py:112} WARNING - /home/***/.local/lib/python3.12/site-packages/***/task/task_runner/standard_task_runner.py:61: DeprecationWarning: This process (pid=1100) is multi-threaded, use of fork() may lead to deadlocks in the child.
  pid = os.fork()

[2025-05-05T09:02:39.131+0000] {standard_task_runner.py:63} INFO - Started process 1135 to run task
[2025-05-05T09:02:39.131+0000] {standard_task_runner.py:90} INFO - Running: ['***', 'tasks', 'run', 'vietnamnet_crawler_24h', 'crawl_cong-nghe', 'manual__2025-05-05T09:01:58.894564+00:00', '--job-id', '12', '--raw', '--subdir', 'DAGS_FOLDER/dags.py', '--cfg-path', '/tmp/tmpujeqk17j']
[2025-05-05T09:02:39.134+0000] {standard_task_runner.py:91} INFO - Job 12: Subtask crawl_cong-nghe
[2025-05-05T09:02:39.223+0000] {task_command.py:426} INFO - Running <TaskInstance: vietnamnet_crawler_24h.crawl_cong-nghe manual__2025-05-05T09:01:58.894564+00:00 [running]> on host 61334513b462
[2025-05-05T09:02:39.349+0000] {taskinstance.py:2648} INFO - Exporting env vars: AIRFLOW_CTX_DAG_OWNER='***' AIRFLOW_CTX_DAG_ID='vietnamnet_crawler_24h' AIRFLOW_CTX_TASK_ID='crawl_cong-nghe' AIRFLOW_CTX_EXECUTION_DATE='2025-05-05T09:01:58.894564+00:00' AIRFLOW_CTX_TRY_NUMBER='1' AIRFLOW_CTX_DAG_RUN_ID='manual__2025-05-05T09:01:58.894564+00:00'
[2025-05-05T09:02:39.353+0000] {taskinstance.py:430} INFO - ::endgroup::
[2025-05-05T09:02:39.568+0000] {crawler.py:54} INFO - Đã kết nối thành công với MongoDB: News
[2025-05-05T09:02:39.726+0000] {crawler.py:44} INFO - ArticleSummarizer đã được khởi tạo thành công
[2025-05-05T09:02:40.372+0000] {logging_mixin.py:188} INFO - [INIT].... → Crawl4AI 0.6.2
[2025-05-05T09:02:43.609+0000] {logging_mixin.py:188} INFO - [FETCH]... ↓ https://vietnamnet.vn/tin-tuc-24h?bydaterang=&cate=00MK8V                                            | 
[2025-05-05T09:02:43.610+0000] {logging_mixin.py:188} INFO - ✓
[2025-05-05T09:02:43.611+0000] {logging_mixin.py:188} INFO -  | ⏱: 3.11s
[2025-05-05T09:02:43.832+0000] {logging_mixin.py:188} INFO - [SCRAPE].. ◆ https://vietnamnet.vn/tin-tuc-24h?bydaterang=&cate=00MK8V                                            | 
[2025-05-05T09:02:43.833+0000] {logging_mixin.py:188} INFO - ✓
[2025-05-05T09:02:43.833+0000] {logging_mixin.py:188} INFO -  | ⏱: 
[2025-05-05T09:02:43.834+0000] {logging_mixin.py:188} INFO - 0.22
[2025-05-05T09:02:43.835+0000] {logging_mixin.py:188} INFO - s
[2025-05-05T09:02:43.836+0000] {logging_mixin.py:188} INFO - [COMPLETE] ● https://vietnamnet.vn/tin-tuc-24h?bydaterang=&cate=00MK8V                                            | 
[2025-05-05T09:02:43.837+0000] {logging_mixin.py:188} INFO - ✓
[2025-05-05T09:02:43.837+0000] {logging_mixin.py:188} INFO -  | ⏱: 3.34s
[2025-05-05T09:02:44.108+0000] {crawler.py:84} INFO - Tìm thấy 25 link bài viết cho danh mục cong-nghe
[2025-05-05T09:02:45.736+0000] {crawler.py:103} INFO - Đã lọc: 25 URLs ban đầu -> 0 URLs mới
[2025-05-05T09:02:45.736+0000] {crawler.py:222} INFO - Không có bài viết mới nào trong danh mục cong-nghe cần crawl.
[2025-05-05T09:02:45.737+0000] {crawler.py:257} INFO - Không có bài viết để lưu vào collection 'cong-nghe'
[2025-05-05T09:02:45.782+0000] {python.py:237} INFO - Done. Returned value was: None
[2025-05-05T09:02:45.783+0000] {taskinstance.py:441} INFO - ::group::Post task execution logs
[2025-05-05T09:02:45.792+0000] {taskinstance.py:1206} INFO - Marking task as SUCCESS. dag_id=vietnamnet_crawler_24h, task_id=crawl_cong-nghe, run_id=manual__2025-05-05T09:01:58.894564+00:00, execution_date=20250505T090158, start_date=20250505T090239, end_date=20250505T090245
[2025-05-05T09:02:45.849+0000] {local_task_job_runner.py:240} INFO - Task exited with return code 0
[2025-05-05T09:02:45.875+0000] {taskinstance.py:3503} INFO - 1 downstream tasks scheduled from follow-on schedule check
[2025-05-05T09:02:45.878+0000] {local_task_job_runner.py:222} INFO - ::endgroup::
