[2025-06-22T20:15:41.225+0000] {local_task_job_runner.py:120} INFO - ::group::Pre task execution logs
[2025-06-22T20:15:41.240+0000] {taskinstance.py:2076} INFO - Dependencies all met for dep_context=non-requeueable deps ti=<TaskInstance: deepai_crawler_10min.crawl_hardware scheduled__2025-06-22T20:00:00+00:00 [queued]>
[2025-06-22T20:15:41.248+0000] {taskinstance.py:2076} INFO - Dependencies all met for dep_context=requeueable deps ti=<TaskInstance: deepai_crawler_10min.crawl_hardware scheduled__2025-06-22T20:00:00+00:00 [queued]>
[2025-06-22T20:15:41.249+0000] {taskinstance.py:2306} INFO - Starting attempt 2 of 3
[2025-06-22T20:15:41.266+0000] {taskinstance.py:2330} INFO - Executing <Task(PythonOperator): crawl_hardware> on 2025-06-22 20:00:00+00:00
[2025-06-22T20:15:41.279+0000] {warnings.py:112} WARNING - /home/***/.local/lib/python3.12/site-packages/***/task/task_runner/standard_task_runner.py:61: DeprecationWarning: This process (pid=15976) is multi-threaded, use of fork() may lead to deadlocks in the child.
  pid = os.fork()

[2025-06-22T20:15:41.281+0000] {standard_task_runner.py:63} INFO - Started process 16005 to run task
[2025-06-22T20:15:41.282+0000] {standard_task_runner.py:90} INFO - Running: ['***', 'tasks', 'run', 'deepai_crawler_10min', 'crawl_hardware', 'scheduled__2025-06-22T20:00:00+00:00', '--job-id', '1125', '--raw', '--subdir', 'DAGS_FOLDER/dags.py', '--cfg-path', '/tmp/tmpv1p_jwb6']
[2025-06-22T20:15:41.286+0000] {standard_task_runner.py:91} INFO - Job 1125: Subtask crawl_hardware
[2025-06-22T20:15:41.331+0000] {task_command.py:426} INFO - Running <TaskInstance: deepai_crawler_10min.crawl_hardware scheduled__2025-06-22T20:00:00+00:00 [running]> on host 1b87ed59931b
[2025-06-22T20:15:41.425+0000] {taskinstance.py:2648} INFO - Exporting env vars: AIRFLOW_CTX_DAG_OWNER='***' AIRFLOW_CTX_DAG_ID='deepai_crawler_10min' AIRFLOW_CTX_TASK_ID='crawl_hardware' AIRFLOW_CTX_EXECUTION_DATE='2025-06-22T20:00:00+00:00' AIRFLOW_CTX_TRY_NUMBER='2' AIRFLOW_CTX_DAG_RUN_ID='scheduled__2025-06-22T20:00:00+00:00'
[2025-06-22T20:15:41.426+0000] {taskinstance.py:430} INFO - ::endgroup::
[2025-06-22T20:15:41.440+0000] {dags.py:183} INFO - Bắt đầu crawl category: hardware
[2025-06-22T20:15:41.646+0000] {crawler_deeplai.py:51} INFO - Đã kết nối thành công với MongoDB: deeplearning_ai_news
[2025-06-22T20:15:41.673+0000] {crawler_deeplai.py:465} INFO - 🚀 Đang bắt đầu quá trình crawl với Load More...
[2025-06-22T20:15:41.987+0000] {media_manager.py:52} DEBUG - Queue: Media upload queue is empty, waiting for new jobs
[2025-06-22T20:15:42.461+0000] {logging_mixin.py:188} INFO - [INIT].... → Crawl4AI 0.6.3
[2025-06-22T20:15:42.462+0000] {crawler_deeplai.py:179} INFO - 🌐 Đang truy cập: https://www.deeplearning.ai/the-batch/tag/hardware/
[2025-06-22T20:15:42.462+0000] {crawler_deeplai.py:180} INFO - ⚙️ Cấu hình: max_articles=100, min_threshold=5, max_clicks=1
[2025-06-22T20:15:42.988+0000] {media_manager.py:52} DEBUG - Queue: Media upload queue is empty, waiting for new jobs
[2025-06-22T20:15:43.989+0000] {media_manager.py:52} DEBUG - Queue: Media upload queue is empty, waiting for new jobs
[2025-06-22T20:15:44.990+0000] {media_manager.py:52} DEBUG - Queue: Media upload queue is empty, waiting for new jobs
[2025-06-22T20:15:45.990+0000] {media_manager.py:52} DEBUG - Queue: Media upload queue is empty, waiting for new jobs
[2025-06-22T20:15:46.376+0000] {logging_mixin.py:188} INFO - [FETCH]... ↓ https://www.deeplearning.ai/the-batch/tag/hardware/                
| ✓ | ⏱: 3.91s
[2025-06-22T20:15:46.485+0000] {logging_mixin.py:188} INFO - [SCRAPE].. ◆ https://www.deeplearning.ai/the-batch/tag/hardware/                
| ✓ | ⏱: 0.11s
[2025-06-22T20:15:46.487+0000] {logging_mixin.py:188} INFO - [COMPLETE] ● https://www.deeplearning.ai/the-batch/tag/hardware/                
| ✓ | ⏱: 4.02s
[2025-06-22T20:15:46.488+0000] {crawler_deeplai.py:184} INFO - 📋 JavaScript execution result: {'success': True, 'results': [{'success': True, 'result': {}}]}
[2025-06-22T20:15:46.527+0000] {crawler_deeplai.py:204} INFO - 🎯 Tổng cộng tìm thấy 30 link bài viết unique
[2025-06-22T20:15:46.528+0000] {crawler_deeplai.py:208} INFO - 🔍 Một vài URL đầu tiên:
[2025-06-22T20:15:46.529+0000] {crawler_deeplai.py:210} INFO -   1. https://www.deeplearning.ai/the-batch/ai-creates-an-interactive-minecraft-like-world-in-real-time/
[2025-06-22T20:15:46.529+0000] {crawler_deeplai.py:210} INFO -   2. https://www.deeplearning.ai/the-batch/ai-electricity-demands-spur-an-expansion-of-power-sources/
[2025-06-22T20:15:46.530+0000] {crawler_deeplai.py:210} INFO -   3. https://www.deeplearning.ai/the-batch/all-about-nvidia-gpu-shortage/
[2025-06-22T20:15:46.530+0000] {crawler_deeplai.py:210} INFO -   4. https://www.deeplearning.ai/the-batch/all-about-nvidias-new-blackwell-architecture-and-b200-gpu/
[2025-06-22T20:15:46.531+0000] {crawler_deeplai.py:210} INFO -   5. https://www.deeplearning.ai/the-batch/amazon-google-and-microsoft-bet-on-nuclear-power-to-meet-ai-energy-demands/
[2025-06-22T20:15:46.532+0000] {crawler_deeplai.py:214} INFO - 📊 Sẽ crawl 30 bài viết
[2025-06-22T20:15:46.991+0000] {media_manager.py:52} DEBUG - Queue: Media upload queue is empty, waiting for new jobs
[2025-06-22T20:15:47.293+0000] {crawler_deeplai.py:458} INFO - Đã lọc: 30 URLs ban đầu -> 0 URLs mới
[2025-06-22T20:15:47.294+0000] {crawler_deeplai.py:476} INFO - ℹ️ Không có bài viết mới nào trong danh mục hardware cần crawl.
[2025-06-22T20:15:47.294+0000] {crawler_deeplai.py:533} INFO - ℹ️ Không có bài viết để lưu vào collection 'hardware'
[2025-06-22T20:15:47.352+0000] {dags.py:188} INFO - Hoàn thành crawl category: hardware
[2025-06-22T20:15:47.353+0000] {python.py:237} INFO - Done. Returned value was: None
[2025-06-22T20:15:47.353+0000] {taskinstance.py:441} INFO - ::group::Post task execution logs
[2025-06-22T20:15:47.361+0000] {taskinstance.py:1206} INFO - Marking task as SUCCESS. dag_id=deepai_crawler_10min, task_id=crawl_hardware, run_id=scheduled__2025-06-22T20:00:00+00:00, execution_date=20250622T200000, start_date=20250622T201541, end_date=20250622T201547
[2025-06-22T20:15:47.401+0000] {local_task_job_runner.py:240} INFO - Task exited with return code 0
[2025-06-22T20:15:47.426+0000] {taskinstance.py:3503} INFO - 1 downstream tasks scheduled from follow-on schedule check
[2025-06-22T20:15:47.429+0000] {local_task_job_runner.py:222} INFO - ::endgroup::
