[2025-05-16T17:33:35.180+0000] {local_task_job_runner.py:120} INFO - ::group::Pre task execution logs
[2025-05-16T17:33:35.204+0000] {taskinstance.py:2076} INFO - Dependencies all met for dep_context=non-requeueable deps ti=<TaskInstance: vietnamnet_crawler_24h.crawl_chinh-tri manual__2025-05-16T17:33:27.937010+00:00 [queued]>
[2025-05-16T17:33:35.216+0000] {taskinstance.py:2076} INFO - Dependencies all met for dep_context=requeueable deps ti=<TaskInstance: vietnamnet_crawler_24h.crawl_chinh-tri manual__2025-05-16T17:33:27.937010+00:00 [queued]>
[2025-05-16T17:33:35.217+0000] {taskinstance.py:2306} INFO - Starting attempt 1 of 2
[2025-05-16T17:33:35.232+0000] {taskinstance.py:2330} INFO - Executing <Task(PythonOperator): crawl_chinh-tri> on 2025-05-16 17:33:27.937010+00:00
[2025-05-16T17:33:35.237+0000] {warnings.py:112} WARNING - /home/***/.local/lib/python3.12/site-packages/***/task/task_runner/standard_task_runner.py:61: DeprecationWarning: This process (pid=4171) is multi-threaded, use of fork() may lead to deadlocks in the child.
  pid = os.fork()

[2025-05-16T17:33:35.238+0000] {standard_task_runner.py:63} INFO - Started process 4183 to run task
[2025-05-16T17:33:35.239+0000] {standard_task_runner.py:90} INFO - Running: ['***', 'tasks', 'run', 'vietnamnet_crawler_24h', 'crawl_chinh-tri', 'manual__2025-05-16T17:33:27.937010+00:00', '--job-id', '129', '--raw', '--subdir', 'DAGS_FOLDER/dags.py', '--cfg-path', '/tmp/tmp4icyxuab']
[2025-05-16T17:33:35.241+0000] {standard_task_runner.py:91} INFO - Job 129: Subtask crawl_chinh-tri
[2025-05-16T17:33:35.289+0000] {task_command.py:426} INFO - Running <TaskInstance: vietnamnet_crawler_24h.crawl_chinh-tri manual__2025-05-16T17:33:27.937010+00:00 [running]> on host 60d771d880eb
[2025-05-16T17:33:35.383+0000] {taskinstance.py:2648} INFO - Exporting env vars: AIRFLOW_CTX_DAG_OWNER='***' AIRFLOW_CTX_DAG_ID='vietnamnet_crawler_24h' AIRFLOW_CTX_TASK_ID='crawl_chinh-tri' AIRFLOW_CTX_EXECUTION_DATE='2025-05-16T17:33:27.937010+00:00' AIRFLOW_CTX_TRY_NUMBER='1' AIRFLOW_CTX_DAG_RUN_ID='manual__2025-05-16T17:33:27.937010+00:00'
[2025-05-16T17:33:35.384+0000] {taskinstance.py:430} INFO - ::endgroup::
[2025-05-16T17:33:35.552+0000] {crawler.py:55} INFO - Đã kết nối thành công với MongoDB: News
[2025-05-16T17:33:36.213+0000] {logging_mixin.py:188} INFO - [INIT].... → Crawl4AI 0.6.2
[2025-05-16T17:33:38.879+0000] {logging_mixin.py:188} INFO - [FETCH]... ↓ https://vietnamnet.vn/tin-tuc-24h?bydaterang=&cate=000001                                            | 
[2025-05-16T17:33:38.879+0000] {logging_mixin.py:188} INFO - ✓
[2025-05-16T17:33:38.880+0000] {logging_mixin.py:188} INFO -  | ⏱: 2.61s
[2025-05-16T17:33:39.062+0000] {logging_mixin.py:188} INFO - [SCRAPE].. ◆ https://vietnamnet.vn/tin-tuc-24h?bydaterang=&cate=000001                                            | 
[2025-05-16T17:33:39.062+0000] {logging_mixin.py:188} INFO - ✓
[2025-05-16T17:33:39.063+0000] {logging_mixin.py:188} INFO -  | ⏱: 
[2025-05-16T17:33:39.064+0000] {logging_mixin.py:188} INFO - 0.18
[2025-05-16T17:33:39.064+0000] {logging_mixin.py:188} INFO - s
[2025-05-16T17:33:39.066+0000] {logging_mixin.py:188} INFO - [COMPLETE] ● https://vietnamnet.vn/tin-tuc-24h?bydaterang=&cate=000001                                            | 
[2025-05-16T17:33:39.066+0000] {logging_mixin.py:188} INFO - ✓
[2025-05-16T17:33:39.067+0000] {logging_mixin.py:188} INFO -  | ⏱: 2.80s
[2025-05-16T17:33:39.338+0000] {crawler.py:85} INFO - Tìm thấy 25 link bài viết cho danh mục chinh-tri
[2025-05-16T17:33:40.002+0000] {crawler.py:110} INFO - Đã lọc: 25 URLs ban đầu -> 2 URLs sau xử lý live
[2025-05-16T17:33:40.003+0000] {crawler.py:255} INFO - Đang crawl 2 bài viết mới từ danh mục chinh-tri...
[2025-05-16T17:33:40.003+0000] {crawler.py:258} INFO - --> Crawl: https://vietnamnet.vn/tuyen-bo-chung-ve-quan-he-doi-tac-chien-luoc-toan-dien-viet-nam-thai-lan-2401896.html
[2025-05-16T17:33:40.535+0000] {logging_mixin.py:188} INFO - [INIT].... → Crawl4AI 0.6.2
[2025-05-16T17:33:43.469+0000] {logging_mixin.py:188} INFO - [FETCH]... ↓ https://vietnamnet.vn/tuyen-bo-chung-ve-quan-he-...en-luoc-toan-dien-viet-nam-thai-lan-2401896.html  | 
[2025-05-16T17:33:43.470+0000] {logging_mixin.py:188} INFO - ✓
[2025-05-16T17:33:43.470+0000] {logging_mixin.py:188} INFO -  | ⏱: 2.86s
[2025-05-16T17:33:43.675+0000] {logging_mixin.py:188} INFO - [SCRAPE].. ◆ https://vietnamnet.vn/tuyen-bo-chung-ve-quan-he-...en-luoc-toan-dien-viet-nam-thai-lan-2401896.html  | 
[2025-05-16T17:33:43.676+0000] {logging_mixin.py:188} INFO - ✓
[2025-05-16T17:33:43.676+0000] {logging_mixin.py:188} INFO -  | ⏱: 0.20s
[2025-05-16T17:33:43.678+0000] {logging_mixin.py:188} INFO - [COMPLETE] ● https://vietnamnet.vn/tuyen-bo-chung-ve-quan-he-...en-luoc-toan-dien-viet-nam-thai-lan-2401896.html  | 
[2025-05-16T17:33:43.678+0000] {logging_mixin.py:188} INFO - ✓
[2025-05-16T17:33:43.679+0000] {logging_mixin.py:188} INFO -  | ⏱: 3.07s
[2025-05-16T17:33:44.104+0000] {crawler.py:241} ERROR - Lỗi khi crawl https://vietnamnet.vn/tuyen-bo-chung-ve-quan-he-doi-tac-chien-luoc-toan-dien-viet-nam-thai-lan-2401896.html: 'module' object is not callable
[2025-05-16T17:33:44.105+0000] {crawler.py:258} INFO - --> Crawl: https://vietnamnet.vn/ong-nguyen-trong-nghia-lan-toa-sau-rong-tam-voc-y-nghia-su-kien-tap-ket-ra-bac-2401961.html
[2025-05-16T17:33:44.632+0000] {logging_mixin.py:188} INFO - [INIT].... → Crawl4AI 0.6.2
[2025-05-16T17:33:47.331+0000] {logging_mixin.py:188} INFO - [FETCH]... ↓ https://vietnamnet.vn/ong-nguyen-trong-nghia-lan...-voc-y-nghia-su-kien-tap-ket-ra-bac-2401961.html  | 
[2025-05-16T17:33:47.332+0000] {logging_mixin.py:188} INFO - ✓
[2025-05-16T17:33:47.333+0000] {logging_mixin.py:188} INFO -  | ⏱: 2.65s
[2025-05-16T17:33:47.507+0000] {logging_mixin.py:188} INFO - [SCRAPE].. ◆ https://vietnamnet.vn/ong-nguyen-trong-nghia-lan...-voc-y-nghia-su-kien-tap-ket-ra-bac-2401961.html  | 
[2025-05-16T17:33:47.508+0000] {logging_mixin.py:188} INFO - ✓
[2025-05-16T17:33:47.509+0000] {logging_mixin.py:188} INFO -  | ⏱: 0.17s
[2025-05-16T17:33:47.510+0000] {logging_mixin.py:188} INFO - [COMPLETE] ● https://vietnamnet.vn/ong-nguyen-trong-nghia-lan...-voc-y-nghia-su-kien-tap-ket-ra-bac-2401961.html  | 
[2025-05-16T17:33:47.511+0000] {logging_mixin.py:188} INFO - ✓
[2025-05-16T17:33:47.511+0000] {logging_mixin.py:188} INFO -  | ⏱: 2.83s
[2025-05-16T17:33:47.860+0000] {crawler.py:241} ERROR - Lỗi khi crawl https://vietnamnet.vn/ong-nguyen-trong-nghia-lan-toa-sau-rong-tam-voc-y-nghia-su-kien-tap-ket-ra-bac-2401961.html: 'module' object is not callable
[2025-05-16T17:33:47.861+0000] {crawler.py:265} INFO - ⏱️  Tổng thời gian crawl: 12.31 giây
[2025-05-16T17:33:47.930+0000] {crawler.py:294} INFO - Không có bài viết để lưu vào collection 'chinh-tri'
[2025-05-16T17:33:47.996+0000] {python.py:237} INFO - Done. Returned value was: None
[2025-05-16T17:33:47.998+0000] {taskinstance.py:441} INFO - ::group::Post task execution logs
[2025-05-16T17:33:48.009+0000] {taskinstance.py:1206} INFO - Marking task as SUCCESS. dag_id=vietnamnet_crawler_24h, task_id=crawl_chinh-tri, run_id=manual__2025-05-16T17:33:27.937010+00:00, execution_date=20250516T173327, start_date=20250516T173335, end_date=20250516T173348
[2025-05-16T17:33:48.055+0000] {local_task_job_runner.py:240} INFO - Task exited with return code 0
[2025-05-16T17:33:48.077+0000] {taskinstance.py:3503} INFO - 1 downstream tasks scheduled from follow-on schedule check
[2025-05-16T17:33:48.080+0000] {local_task_job_runner.py:222} INFO - ::endgroup::
