[2025-05-16T12:56:28.085+0000] {local_task_job_runner.py:120} INFO - ::group::Pre task execution logs
[2025-05-16T12:56:28.104+0000] {taskinstance.py:2076} INFO - Dependencies all met for dep_context=non-requeueable deps ti=<TaskInstance: vietnamnet_crawler_24h.crawl_doi-song manual__2025-05-16T12:54:01.730358+00:00 [queued]>
[2025-05-16T12:56:28.112+0000] {taskinstance.py:2076} INFO - Dependencies all met for dep_context=requeueable deps ti=<TaskInstance: vietnamnet_crawler_24h.crawl_doi-song manual__2025-05-16T12:54:01.730358+00:00 [queued]>
[2025-05-16T12:56:28.112+0000] {taskinstance.py:2306} INFO - Starting attempt 1 of 2
[2025-05-16T12:56:28.126+0000] {taskinstance.py:2330} INFO - Executing <Task(PythonOperator): crawl_doi-song> on 2025-05-16 12:54:01.730358+00:00
[2025-05-16T12:56:28.132+0000] {warnings.py:112} WARNING - /home/***/.local/lib/python3.12/site-packages/***/task/task_runner/standard_task_runner.py:61: DeprecationWarning: This process (pid=6549) is multi-threaded, use of fork() may lead to deadlocks in the child.
  pid = os.fork()

[2025-05-16T12:56:28.134+0000] {standard_task_runner.py:63} INFO - Started process 6550 to run task
[2025-05-16T12:56:28.133+0000] {standard_task_runner.py:90} INFO - Running: ['***', 'tasks', 'run', 'vietnamnet_crawler_24h', 'crawl_doi-song', 'manual__2025-05-16T12:54:01.730358+00:00', '--job-id', '23', '--raw', '--subdir', 'DAGS_FOLDER/dags.py', '--cfg-path', '/tmp/tmptzdj699m']
[2025-05-16T12:56:28.135+0000] {standard_task_runner.py:91} INFO - Job 23: Subtask crawl_doi-song
[2025-05-16T12:56:28.174+0000] {task_command.py:426} INFO - Running <TaskInstance: vietnamnet_crawler_24h.crawl_doi-song manual__2025-05-16T12:54:01.730358+00:00 [running]> on host 60d771d880eb
[2025-05-16T12:56:28.255+0000] {taskinstance.py:2648} INFO - Exporting env vars: AIRFLOW_CTX_DAG_OWNER='***' AIRFLOW_CTX_DAG_ID='vietnamnet_crawler_24h' AIRFLOW_CTX_TASK_ID='crawl_doi-song' AIRFLOW_CTX_EXECUTION_DATE='2025-05-16T12:54:01.730358+00:00' AIRFLOW_CTX_TRY_NUMBER='1' AIRFLOW_CTX_DAG_RUN_ID='manual__2025-05-16T12:54:01.730358+00:00'
[2025-05-16T12:56:28.257+0000] {taskinstance.py:430} INFO - ::endgroup::
[2025-05-16T12:56:28.414+0000] {crawler.py:54} INFO - Đã kết nối thành công với MongoDB: News
[2025-05-16T12:56:29.013+0000] {logging_mixin.py:188} INFO - [INIT].... → Crawl4AI 0.6.2
[2025-05-16T12:56:31.333+0000] {logging_mixin.py:188} INFO - [FETCH]... ↓ https://vietnamnet.vn/tin-tuc-24h?bydaterang=&cate=000007                                            | 
[2025-05-16T12:56:31.334+0000] {logging_mixin.py:188} INFO - ✓
[2025-05-16T12:56:31.334+0000] {logging_mixin.py:188} INFO -  | ⏱: 2.26s
[2025-05-16T12:56:31.526+0000] {logging_mixin.py:188} INFO - [SCRAPE].. ◆ https://vietnamnet.vn/tin-tuc-24h?bydaterang=&cate=000007                                            | 
[2025-05-16T12:56:31.526+0000] {logging_mixin.py:188} INFO - ✓
[2025-05-16T12:56:31.527+0000] {logging_mixin.py:188} INFO -  | ⏱: 
[2025-05-16T12:56:31.528+0000] {logging_mixin.py:188} INFO - 0.19
[2025-05-16T12:56:31.528+0000] {logging_mixin.py:188} INFO - s
[2025-05-16T12:56:31.530+0000] {logging_mixin.py:188} INFO - [COMPLETE] ● https://vietnamnet.vn/tin-tuc-24h?bydaterang=&cate=000007                                            | 
[2025-05-16T12:56:31.531+0000] {logging_mixin.py:188} INFO - ✓
[2025-05-16T12:56:31.531+0000] {logging_mixin.py:188} INFO -  | ⏱: 2.45s
[2025-05-16T12:56:31.752+0000] {crawler.py:84} INFO - Tìm thấy 25 link bài viết cho danh mục doi-song
[2025-05-16T12:56:32.372+0000] {crawler.py:108} INFO - Đã lọc: 25 URLs ban đầu -> 0 URLs mới
[2025-05-16T12:56:32.373+0000] {crawler.py:229} INFO - Không có bài viết mới nào trong danh mục doi-song cần crawl.
[2025-05-16T12:56:32.373+0000] {crawler.py:269} INFO - Không có bài viết để lưu vào collection 'doi-song'
[2025-05-16T12:56:32.441+0000] {python.py:237} INFO - Done. Returned value was: None
[2025-05-16T12:56:32.442+0000] {taskinstance.py:441} INFO - ::group::Post task execution logs
[2025-05-16T12:56:32.449+0000] {taskinstance.py:1206} INFO - Marking task as SUCCESS. dag_id=vietnamnet_crawler_24h, task_id=crawl_doi-song, run_id=manual__2025-05-16T12:54:01.730358+00:00, execution_date=20250516T125401, start_date=20250516T125628, end_date=20250516T125632
[2025-05-16T12:56:32.498+0000] {local_task_job_runner.py:240} INFO - Task exited with return code 0
[2025-05-16T12:56:32.511+0000] {taskinstance.py:3503} INFO - 0 downstream tasks scheduled from follow-on schedule check
[2025-05-16T12:56:32.513+0000] {local_task_job_runner.py:222} INFO - ::endgroup::
