[2025-05-17T21:00:24.459+0000] {local_task_job_runner.py:120} INFO - ::group::Pre task execution logs
[2025-05-17T21:00:24.481+0000] {taskinstance.py:2076} INFO - Dependencies all met for dep_context=non-requeueable deps ti=<TaskInstance: vietnamnet_crawler_24h.crawl_the-gioi scheduled__2025-05-17T20:30:00+00:00 [queued]>
[2025-05-17T21:00:24.489+0000] {taskinstance.py:2076} INFO - Dependencies all met for dep_context=requeueable deps ti=<TaskInstance: vietnamnet_crawler_24h.crawl_the-gioi scheduled__2025-05-17T20:30:00+00:00 [queued]>
[2025-05-17T21:00:24.490+0000] {taskinstance.py:2306} INFO - Starting attempt 1 of 2
[2025-05-17T21:00:24.504+0000] {taskinstance.py:2330} INFO - Executing <Task(PythonOperator): crawl_the-gioi> on 2025-05-17 20:30:00+00:00
[2025-05-17T21:00:24.511+0000] {warnings.py:112} WARNING - /home/***/.local/lib/python3.12/site-packages/***/task/task_runner/standard_task_runner.py:61: DeprecationWarning: This process (pid=16586) is multi-threaded, use of fork() may lead to deadlocks in the child.
  pid = os.fork()

[2025-05-17T21:00:24.513+0000] {standard_task_runner.py:63} INFO - Started process 16587 to run task
[2025-05-17T21:00:24.512+0000] {standard_task_runner.py:90} INFO - Running: ['***', 'tasks', 'run', 'vietnamnet_crawler_24h', 'crawl_the-gioi', 'scheduled__2025-05-17T20:30:00+00:00', '--job-id', '224', '--raw', '--subdir', 'DAGS_FOLDER/dags.py', '--cfg-path', '/tmp/tmp6mfqi9w3']
[2025-05-17T21:00:24.515+0000] {standard_task_runner.py:91} INFO - Job 224: Subtask crawl_the-gioi
[2025-05-17T21:00:24.555+0000] {task_command.py:426} INFO - Running <TaskInstance: vietnamnet_crawler_24h.crawl_the-gioi scheduled__2025-05-17T20:30:00+00:00 [running]> on host 60d771d880eb
[2025-05-17T21:00:24.636+0000] {taskinstance.py:2648} INFO - Exporting env vars: AIRFLOW_CTX_DAG_OWNER='***' AIRFLOW_CTX_DAG_ID='vietnamnet_crawler_24h' AIRFLOW_CTX_TASK_ID='crawl_the-gioi' AIRFLOW_CTX_EXECUTION_DATE='2025-05-17T20:30:00+00:00' AIRFLOW_CTX_TRY_NUMBER='1' AIRFLOW_CTX_DAG_RUN_ID='scheduled__2025-05-17T20:30:00+00:00'
[2025-05-17T21:00:24.637+0000] {taskinstance.py:430} INFO - ::endgroup::
[2025-05-17T21:00:24.797+0000] {crawler.py:55} INFO - Đã kết nối thành công với MongoDB: News
[2025-05-17T21:00:25.426+0000] {logging_mixin.py:188} INFO - [INIT].... → Crawl4AI 0.6.2
[2025-05-17T21:00:28.029+0000] {logging_mixin.py:188} INFO - [FETCH]... ↓ https://vietnamnet.vn/tin-tuc-24h?bydaterang=&cate=000005                                            | 
[2025-05-17T21:00:28.029+0000] {logging_mixin.py:188} INFO - ✓
[2025-05-17T21:00:28.030+0000] {logging_mixin.py:188} INFO -  | ⏱: 2.54s
[2025-05-17T21:00:28.204+0000] {logging_mixin.py:188} INFO - [SCRAPE].. ◆ https://vietnamnet.vn/tin-tuc-24h?bydaterang=&cate=000005                                            | 
[2025-05-17T21:00:28.205+0000] {logging_mixin.py:188} INFO - ✓
[2025-05-17T21:00:28.205+0000] {logging_mixin.py:188} INFO -  | ⏱: 0.17s
[2025-05-17T21:00:28.207+0000] {logging_mixin.py:188} INFO - [COMPLETE] ● https://vietnamnet.vn/tin-tuc-24h?bydaterang=&cate=000005                                            | 
[2025-05-17T21:00:28.207+0000] {logging_mixin.py:188} INFO - ✓
[2025-05-17T21:00:28.208+0000] {logging_mixin.py:188} INFO -  | ⏱: 2.72s
[2025-05-17T21:00:28.447+0000] {crawler.py:85} INFO - Tìm thấy 25 link bài viết cho danh mục the-gioi
[2025-05-17T21:00:29.025+0000] {crawler.py:110} INFO - Đã lọc: 25 URLs ban đầu -> 0 URLs sau xử lý live
[2025-05-17T21:00:29.026+0000] {crawler.py:252} INFO - Không có bài viết mới nào trong danh mục the-gioi cần crawl.
[2025-05-17T21:00:29.093+0000] {crawler.py:294} INFO - Không có bài viết để lưu vào collection 'the-gioi'
[2025-05-17T21:00:29.154+0000] {python.py:237} INFO - Done. Returned value was: None
[2025-05-17T21:00:29.155+0000] {taskinstance.py:441} INFO - ::group::Post task execution logs
[2025-05-17T21:00:29.163+0000] {taskinstance.py:1206} INFO - Marking task as SUCCESS. dag_id=vietnamnet_crawler_24h, task_id=crawl_the-gioi, run_id=scheduled__2025-05-17T20:30:00+00:00, execution_date=20250517T203000, start_date=20250517T210024, end_date=20250517T210029
[2025-05-17T21:00:29.218+0000] {local_task_job_runner.py:240} INFO - Task exited with return code 0
[2025-05-17T21:00:29.243+0000] {taskinstance.py:3503} INFO - 1 downstream tasks scheduled from follow-on schedule check
[2025-05-17T21:00:29.245+0000] {local_task_job_runner.py:222} INFO - ::endgroup::
