[2025-05-16T17:09:26.766+0000] {local_task_job_runner.py:120} INFO - ::group::Pre task execution logs
[2025-05-16T17:09:26.790+0000] {taskinstance.py:2076} INFO - Dependencies all met for dep_context=non-requeueable deps ti=<TaskInstance: vietnamnet_crawler_24h.crawl_doi-song scheduled__2025-05-16T16:30:00+00:00 [queued]>
[2025-05-16T17:09:26.800+0000] {taskinstance.py:2076} INFO - Dependencies all met for dep_context=requeueable deps ti=<TaskInstance: vietnamnet_crawler_24h.crawl_doi-song scheduled__2025-05-16T16:30:00+00:00 [queued]>
[2025-05-16T17:09:26.801+0000] {taskinstance.py:2306} INFO - Starting attempt 1 of 2
[2025-05-16T17:09:26.816+0000] {taskinstance.py:2330} INFO - Executing <Task(PythonOperator): crawl_doi-song> on 2025-05-16 16:30:00+00:00
[2025-05-16T17:09:26.823+0000] {warnings.py:112} WARNING - /home/***/.local/lib/python3.12/site-packages/***/task/task_runner/standard_task_runner.py:61: DeprecationWarning: This process (pid=1802) is multi-threaded, use of fork() may lead to deadlocks in the child.
  pid = os.fork()

[2025-05-16T17:09:26.825+0000] {standard_task_runner.py:63} INFO - Started process 1805 to run task
[2025-05-16T17:09:26.826+0000] {standard_task_runner.py:90} INFO - Running: ['***', 'tasks', 'run', 'vietnamnet_crawler_24h', 'crawl_doi-song', 'scheduled__2025-05-16T16:30:00+00:00', '--job-id', '90', '--raw', '--subdir', 'DAGS_FOLDER/dags.py', '--cfg-path', '/tmp/tmpnqyqf1vm']
[2025-05-16T17:09:26.828+0000] {standard_task_runner.py:91} INFO - Job 90: Subtask crawl_doi-song
[2025-05-16T17:09:26.875+0000] {task_command.py:426} INFO - Running <TaskInstance: vietnamnet_crawler_24h.crawl_doi-song scheduled__2025-05-16T16:30:00+00:00 [running]> on host 60d771d880eb
[2025-05-16T17:09:26.984+0000] {taskinstance.py:2648} INFO - Exporting env vars: AIRFLOW_CTX_DAG_OWNER='***' AIRFLOW_CTX_DAG_ID='vietnamnet_crawler_24h' AIRFLOW_CTX_TASK_ID='crawl_doi-song' AIRFLOW_CTX_EXECUTION_DATE='2025-05-16T16:30:00+00:00' AIRFLOW_CTX_TRY_NUMBER='1' AIRFLOW_CTX_DAG_RUN_ID='scheduled__2025-05-16T16:30:00+00:00'
[2025-05-16T17:09:26.986+0000] {taskinstance.py:430} INFO - ::endgroup::
[2025-05-16T17:09:27.206+0000] {crawler.py:55} INFO - Đã kết nối thành công với MongoDB: News
[2025-05-16T17:09:27.979+0000] {logging_mixin.py:188} INFO - [INIT].... → Crawl4AI 0.6.2
[2025-05-16T17:09:30.971+0000] {logging_mixin.py:188} INFO - [FETCH]... ↓ https://vietnamnet.vn/tin-tuc-24h?bydaterang=&cate=000007                                            | 
[2025-05-16T17:09:30.972+0000] {logging_mixin.py:188} INFO - ✓
[2025-05-16T17:09:30.972+0000] {logging_mixin.py:188} INFO -  | ⏱: 2.95s
[2025-05-16T17:09:31.179+0000] {logging_mixin.py:188} INFO - [SCRAPE].. ◆ https://vietnamnet.vn/tin-tuc-24h?bydaterang=&cate=000007                                            | 
[2025-05-16T17:09:31.180+0000] {logging_mixin.py:188} INFO - ✓
[2025-05-16T17:09:31.180+0000] {logging_mixin.py:188} INFO -  | ⏱: 0.21s
[2025-05-16T17:09:31.182+0000] {logging_mixin.py:188} INFO - [COMPLETE] ● https://vietnamnet.vn/tin-tuc-24h?bydaterang=&cate=000007                                            | 
[2025-05-16T17:09:31.182+0000] {logging_mixin.py:188} INFO - ✓
[2025-05-16T17:09:31.183+0000] {logging_mixin.py:188} INFO -  | ⏱: 3.16s
[2025-05-16T17:09:31.412+0000] {crawler.py:85} INFO - Tìm thấy 25 link bài viết cho danh mục doi-song
[2025-05-16T17:09:32.009+0000] {crawler.py:110} INFO - Đã lọc: 25 URLs ban đầu -> 1 URLs sau xử lý live
[2025-05-16T17:09:32.009+0000] {crawler.py:247} INFO - Đang crawl 1 bài viết mới từ danh mục doi-song...
[2025-05-16T17:09:32.010+0000] {crawler.py:250} INFO - --> Crawl: https://vietnamnet.vn/vi-cai-dieu-hoa-dong-nghiep-bat-hoa-me-chong-gian-nang-dau-3-ngay-2401650.html
[2025-05-16T17:09:32.697+0000] {logging_mixin.py:188} INFO - [INIT].... → Crawl4AI 0.6.2
[2025-05-16T17:09:36.203+0000] {logging_mixin.py:188} INFO - [FETCH]... ↓ https://vietnamnet.vn/vi-cai-dieu-hoa-dong-nghiep-bat-hoa-me-chong-gian-nang-dau-3-ngay-2401650.html | 
[2025-05-16T17:09:36.204+0000] {logging_mixin.py:188} INFO - ✓
[2025-05-16T17:09:36.205+0000] {logging_mixin.py:188} INFO -  | ⏱: 3.43s
[2025-05-16T17:09:36.461+0000] {logging_mixin.py:188} INFO - [SCRAPE].. ◆ https://vietnamnet.vn/vi-cai-dieu-hoa-dong-nghiep-bat-hoa-me-chong-gian-nang-dau-3-ngay-2401650.html | 
[2025-05-16T17:09:36.461+0000] {logging_mixin.py:188} INFO - ✓
[2025-05-16T17:09:36.462+0000] {logging_mixin.py:188} INFO -  | ⏱: 0.25s
[2025-05-16T17:09:36.463+0000] {logging_mixin.py:188} INFO - [COMPLETE] ● https://vietnamnet.vn/vi-cai-dieu-hoa-dong-nghiep-bat-hoa-me-chong-gian-nang-dau-3-ngay-2401650.html | 
[2025-05-16T17:09:36.464+0000] {logging_mixin.py:188} INFO - ✓
[2025-05-16T17:09:36.465+0000] {logging_mixin.py:188} INFO -  | ⏱: 3.69s
[2025-05-16T17:09:36.856+0000] {crawler.py:254} INFO -     ✓ Vì cái điều hòa, đồng nghiệp bất hòa, mẹ chồng giận nàng dâu...

[2025-05-16T17:09:36.857+0000] {crawler.py:257} INFO - ⏱️  Tổng thời gian crawl: 9.65 giây
[2025-05-16T17:09:36.925+0000] {crawler.py:282} INFO - Đã lưu 1 bài viết vào collection 'doi-song'
[2025-05-16T17:09:36.989+0000] {python.py:237} INFO - Done. Returned value was: None
[2025-05-16T17:09:36.990+0000] {taskinstance.py:441} INFO - ::group::Post task execution logs
[2025-05-16T17:09:37.000+0000] {taskinstance.py:1206} INFO - Marking task as SUCCESS. dag_id=vietnamnet_crawler_24h, task_id=crawl_doi-song, run_id=scheduled__2025-05-16T16:30:00+00:00, execution_date=20250516T163000, start_date=20250516T170926, end_date=20250516T170937
[2025-05-16T17:09:37.046+0000] {local_task_job_runner.py:240} INFO - Task exited with return code 0
[2025-05-16T17:09:37.062+0000] {taskinstance.py:3503} INFO - 0 downstream tasks scheduled from follow-on schedule check
[2025-05-16T17:09:37.064+0000] {local_task_job_runner.py:222} INFO - ::endgroup::
