[2025-05-18T13:00:20.288+0000] {local_task_job_runner.py:120} INFO - ::group::Pre task execution logs
[2025-05-18T13:00:20.306+0000] {taskinstance.py:2076} INFO - Dependencies all met for dep_context=non-requeueable deps ti=<TaskInstance: vietnamnet_crawler_24h.crawl_the-gioi scheduled__2025-05-18T12:30:00+00:00 [queued]>
[2025-05-18T13:00:20.312+0000] {taskinstance.py:2076} INFO - Dependencies all met for dep_context=requeueable deps ti=<TaskInstance: vietnamnet_crawler_24h.crawl_the-gioi scheduled__2025-05-18T12:30:00+00:00 [queued]>
[2025-05-18T13:00:20.313+0000] {taskinstance.py:2306} INFO - Starting attempt 1 of 2
[2025-05-18T13:00:20.324+0000] {taskinstance.py:2330} INFO - Executing <Task(PythonOperator): crawl_the-gioi> on 2025-05-18 12:30:00+00:00
[2025-05-18T13:00:20.329+0000] {warnings.py:112} WARNING - /home/***/.local/lib/python3.12/site-packages/***/task/task_runner/standard_task_runner.py:61: DeprecationWarning: This process (pid=7439) is multi-threaded, use of fork() may lead to deadlocks in the child.
  pid = os.fork()

[2025-05-18T13:00:20.331+0000] {standard_task_runner.py:63} INFO - Started process 7440 to run task
[2025-05-18T13:00:20.332+0000] {standard_task_runner.py:90} INFO - Running: ['***', 'tasks', 'run', 'vietnamnet_crawler_24h', 'crawl_the-gioi', 'scheduled__2025-05-18T12:30:00+00:00', '--job-id', '24', '--raw', '--subdir', 'DAGS_FOLDER/dags.py', '--cfg-path', '/tmp/tmpme9anedp']
[2025-05-18T13:00:20.334+0000] {standard_task_runner.py:91} INFO - Job 24: Subtask crawl_the-gioi
[2025-05-18T13:00:20.370+0000] {task_command.py:426} INFO - Running <TaskInstance: vietnamnet_crawler_24h.crawl_the-gioi scheduled__2025-05-18T12:30:00+00:00 [running]> on host a383b65f89e1
[2025-05-18T13:00:20.439+0000] {taskinstance.py:2648} INFO - Exporting env vars: AIRFLOW_CTX_DAG_OWNER='***' AIRFLOW_CTX_DAG_ID='vietnamnet_crawler_24h' AIRFLOW_CTX_TASK_ID='crawl_the-gioi' AIRFLOW_CTX_EXECUTION_DATE='2025-05-18T12:30:00+00:00' AIRFLOW_CTX_TRY_NUMBER='1' AIRFLOW_CTX_DAG_RUN_ID='scheduled__2025-05-18T12:30:00+00:00'
[2025-05-18T13:00:20.441+0000] {taskinstance.py:430} INFO - ::endgroup::
[2025-05-18T13:00:20.578+0000] {crawler.py:55} INFO - Đã kết nối thành công với MongoDB: News
[2025-05-18T13:00:21.108+0000] {logging_mixin.py:188} INFO - [INIT].... → Crawl4AI 0.6.3
[2025-05-18T13:00:23.432+0000] {logging_mixin.py:188} INFO - [FETCH]... ↓ https://vietnamnet.vn/tin-tuc-24h?bydaterang=&cate=000005          
| ✓ | ⏱: 2.27s
[2025-05-18T13:00:23.613+0000] {logging_mixin.py:188} INFO - [SCRAPE].. ◆ https://vietnamnet.vn/tin-tuc-24h?bydaterang=&cate=000005          
| ✓ | ⏱: 0.18s
[2025-05-18T13:00:23.615+0000] {logging_mixin.py:188} INFO - [COMPLETE] ● https://vietnamnet.vn/tin-tuc-24h?bydaterang=&cate=000005          
| ✓ | ⏱: 2.46s
[2025-05-18T13:00:23.829+0000] {crawler.py:85} INFO - Tìm thấy 25 link bài viết cho danh mục the-gioi
[2025-05-18T13:00:25.302+0000] {crawler.py:110} INFO - Đã lọc: 25 URLs ban đầu -> 1 URLs sau xử lý live
[2025-05-18T13:00:25.303+0000] {crawler.py:255} INFO - Đang crawl 1 bài viết mới từ danh mục the-gioi...
[2025-05-18T13:00:25.303+0000] {crawler.py:258} INFO - --> Crawl: https://vietnamnet.vn/tong-thong-iran-noi-ong-trump-mau-thuan-ve-dam-phan-hat-nhan-2402403.html
[2025-05-18T13:00:25.804+0000] {logging_mixin.py:188} INFO - [INIT].... → Crawl4AI 0.6.3
[2025-05-18T13:00:28.840+0000] {logging_mixin.py:188} INFO - [FETCH]... ↓ 
https://vietnamnet.vn/tong-thong-iran-noi-ong-trump-mau-thuan-ve-dam-phan-hat-nh
an-2402403.html      | ✓ | ⏱: 2.98s
[2025-05-18T13:00:29.128+0000] {logging_mixin.py:188} INFO - [SCRAPE].. ◆ 
https://vietnamnet.vn/tong-thong-iran-noi-ong-trump-mau-thuan-ve-dam-phan-hat-nh
an-2402403.html      | ✓ | ⏱: 0.28s
[2025-05-18T13:00:29.130+0000] {logging_mixin.py:188} INFO - [COMPLETE] ● 
https://vietnamnet.vn/tong-thong-iran-noi-ong-trump-mau-thuan-ve-dam-phan-hat-nh
an-2402403.html      | ✓ | ⏱: 3.27s
[2025-05-18T13:00:29.593+0000] {crawler.py:262} INFO -     ✓ Tổng thống Iran nói ông Trump 'mâu thuẫn' về đàm phán hạt nh...

[2025-05-18T13:00:29.594+0000] {crawler.py:265} INFO - ⏱️  Tổng thời gian crawl: 9.02 giây
[2025-05-18T13:00:29.728+0000] {crawler.py:292} INFO - Đã lưu 1 bài viết vào collection 'the-gioi'
[2025-05-18T13:00:29.788+0000] {python.py:237} INFO - Done. Returned value was: None
[2025-05-18T13:00:29.789+0000] {taskinstance.py:441} INFO - ::group::Post task execution logs
[2025-05-18T13:00:29.798+0000] {taskinstance.py:1206} INFO - Marking task as SUCCESS. dag_id=vietnamnet_crawler_24h, task_id=crawl_the-gioi, run_id=scheduled__2025-05-18T12:30:00+00:00, execution_date=20250518T123000, start_date=20250518T130020, end_date=20250518T130029
[2025-05-18T13:00:29.858+0000] {local_task_job_runner.py:240} INFO - Task exited with return code 0
[2025-05-18T13:00:29.886+0000] {taskinstance.py:3503} INFO - 1 downstream tasks scheduled from follow-on schedule check
[2025-05-18T13:00:29.888+0000] {local_task_job_runner.py:222} INFO - ::endgroup::
