[2025-07-13T00:49:03.137+0000] {processor.py:161} INFO - Started process (PID=64) to work on /opt/airflow/dags/dags.py
[2025-07-13T00:49:03.138+0000] {processor.py:830} INFO - Processing file /opt/airflow/dags/dags.py for tasks to queue
[2025-07-13T00:49:03.139+0000] {logging_mixin.py:188} INFO - [2025-07-13T00:49:03.139+0000] {dagbag.py:545} INFO - Filling up the DagBag from /opt/airflow/dags/dags.py
[2025-07-13T00:49:06.857+0000] {logging_mixin.py:188} INFO - [2025-07-13T00:49:06.857+0000] {summary_gemini.py:20} INFO - 3.1.3
[2025-07-13T00:49:10.461+0000] {logging_mixin.py:188} INFO - [2025-07-13T00:49:10.461+0000] {media_upload_consumer.py:33} DEBUG - Thread: Media upload consumer thread #0 started and actively processing queue items
[2025-07-13T00:49:10.463+0000] {logging_mixin.py:188} INFO - [2025-07-13T00:49:10.462+0000] {prompt_cache.py:144} DEBUG - Prompt cache initialized.
[2025-07-13T00:49:10.464+0000] {logging_mixin.py:188} INFO - [2025-07-13T00:49:10.464+0000] {score_ingestion_consumer.py:124} DEBUG - Startup: Score ingestion consumer thread #0 started with batch size 15 and interval 1s
[2025-07-13T00:49:10.464+0000] {logging_mixin.py:188} INFO - [2025-07-13T00:49:10.464+0000] {resource_manager.py:259} INFO - Startup: Langfuse tracer successfully initialized | public_key=pk-lf-a17c2d30-02f1-43ee-8d12-50aa9c2906f4 | host=http://host.docker.internal:4000 | environment=default | sample_rate=1.0 | media_threads=1
[2025-07-13T00:49:10.485+0000] {processor.py:840} INFO - DAG(s) 'deepai_monthly_insights', 'deepai_crawler_10min' retrieved from /opt/airflow/dags/dags.py
[2025-07-13T00:49:10.683+0000] {logging_mixin.py:188} INFO - [2025-07-13T00:49:10.682+0000] {override.py:1829} INFO - Created Permission View: can read on DAG:deepai_monthly_insights
[2025-07-13T00:49:10.692+0000] {logging_mixin.py:188} INFO - [2025-07-13T00:49:10.692+0000] {override.py:1829} INFO - Created Permission View: can delete on DAG:deepai_monthly_insights
[2025-07-13T00:49:10.698+0000] {logging_mixin.py:188} INFO - [2025-07-13T00:49:10.698+0000] {override.py:1829} INFO - Created Permission View: can edit on DAG:deepai_monthly_insights
[2025-07-13T00:49:10.713+0000] {logging_mixin.py:188} INFO - [2025-07-13T00:49:10.713+0000] {override.py:1829} INFO - Created Permission View: can read on DAG:deepai_crawler_10min
[2025-07-13T00:49:10.720+0000] {logging_mixin.py:188} INFO - [2025-07-13T00:49:10.719+0000] {override.py:1829} INFO - Created Permission View: can delete on DAG:deepai_crawler_10min
[2025-07-13T00:49:10.727+0000] {logging_mixin.py:188} INFO - [2025-07-13T00:49:10.726+0000] {override.py:1829} INFO - Created Permission View: can edit on DAG:deepai_crawler_10min
[2025-07-13T00:49:10.728+0000] {logging_mixin.py:188} INFO - [2025-07-13T00:49:10.727+0000] {dag.py:3096} INFO - Sync 2 DAGs
[2025-07-13T00:49:10.738+0000] {logging_mixin.py:188} INFO - [2025-07-13T00:49:10.737+0000] {dag.py:3118} INFO - Creating ORM DAG for deepai_monthly_insights
[2025-07-13T00:49:10.739+0000] {logging_mixin.py:188} INFO - [2025-07-13T00:49:10.738+0000] {dag.py:3118} INFO - Creating ORM DAG for deepai_crawler_10min
[2025-07-13T00:49:10.746+0000] {logging_mixin.py:188} INFO - [2025-07-13T00:49:10.746+0000] {dag.py:3954} INFO - Setting next_dagrun for deepai_crawler_10min to 2025-07-13 00:30:00+00:00, run_after=2025-07-13 00:40:00+00:00
[2025-07-13T00:49:10.749+0000] {logging_mixin.py:188} INFO - [2025-07-13T00:49:10.748+0000] {dag.py:3954} INFO - Setting next_dagrun for deepai_monthly_insights to 2025-06-01 00:00:00+00:00, run_after=2025-07-01 00:00:00+00:00
[2025-07-13T00:49:10.770+0000] {processor.py:183} INFO - Processing /opt/airflow/dags/dags.py took 7.639 seconds
[2025-07-13T00:49:41.437+0000] {processor.py:161} INFO - Started process (PID=94) to work on /opt/airflow/dags/dags.py
[2025-07-13T00:49:41.438+0000] {processor.py:830} INFO - Processing file /opt/airflow/dags/dags.py for tasks to queue
[2025-07-13T00:49:41.440+0000] {logging_mixin.py:188} INFO - [2025-07-13T00:49:41.439+0000] {dagbag.py:545} INFO - Filling up the DagBag from /opt/airflow/dags/dags.py
[2025-07-13T00:49:43.196+0000] {logging_mixin.py:188} INFO - [2025-07-13T00:49:43.195+0000] {summary_gemini.py:20} INFO - 3.1.3
[2025-07-13T00:49:45.013+0000] {logging_mixin.py:188} INFO - [2025-07-13T00:49:45.012+0000] {media_upload_consumer.py:33} DEBUG - Thread: Media upload consumer thread #0 started and actively processing queue items
[2025-07-13T00:49:45.014+0000] {logging_mixin.py:188} INFO - [2025-07-13T00:49:45.013+0000] {prompt_cache.py:144} DEBUG - Prompt cache initialized.
[2025-07-13T00:49:45.014+0000] {logging_mixin.py:188} INFO - [2025-07-13T00:49:45.014+0000] {score_ingestion_consumer.py:124} DEBUG - Startup: Score ingestion consumer thread #0 started with batch size 15 and interval 1s
[2025-07-13T00:49:45.015+0000] {logging_mixin.py:188} INFO - [2025-07-13T00:49:45.015+0000] {resource_manager.py:259} INFO - Startup: Langfuse tracer successfully initialized | public_key=pk-lf-a17c2d30-02f1-43ee-8d12-50aa9c2906f4 | host=http://host.docker.internal:4000 | environment=default | sample_rate=1.0 | media_threads=1
[2025-07-13T00:49:45.028+0000] {processor.py:840} INFO - DAG(s) 'deepai_crawler_10min', 'deepai_monthly_insights' retrieved from /opt/airflow/dags/dags.py
[2025-07-13T00:49:45.053+0000] {logging_mixin.py:188} INFO - [2025-07-13T00:49:45.053+0000] {dag.py:3096} INFO - Sync 2 DAGs
[2025-07-13T00:49:45.074+0000] {logging_mixin.py:188} INFO - [2025-07-13T00:49:45.074+0000] {dag.py:3954} INFO - Setting next_dagrun for deepai_crawler_10min to 2025-07-13 00:30:00+00:00, run_after=2025-07-13 00:40:00+00:00
[2025-07-13T00:49:45.084+0000] {logging_mixin.py:188} INFO - [2025-07-13T00:49:45.084+0000] {dag.py:3954} INFO - Setting next_dagrun for deepai_monthly_insights to 2025-06-01 00:00:00+00:00, run_after=2025-07-01 00:00:00+00:00
[2025-07-13T00:49:45.129+0000] {processor.py:183} INFO - Processing /opt/airflow/dags/dags.py took 3.697 seconds
[2025-07-13T00:50:15.816+0000] {processor.py:161} INFO - Started process (PID=118) to work on /opt/airflow/dags/dags.py
[2025-07-13T00:50:15.817+0000] {processor.py:830} INFO - Processing file /opt/airflow/dags/dags.py for tasks to queue
[2025-07-13T00:50:15.819+0000] {logging_mixin.py:188} INFO - [2025-07-13T00:50:15.819+0000] {dagbag.py:545} INFO - Filling up the DagBag from /opt/airflow/dags/dags.py
[2025-07-13T00:50:17.693+0000] {logging_mixin.py:188} INFO - [2025-07-13T00:50:17.693+0000] {summary_gemini.py:20} INFO - 3.1.3
[2025-07-13T00:50:19.380+0000] {logging_mixin.py:188} INFO - [2025-07-13T00:50:19.377+0000] {media_upload_consumer.py:33} DEBUG - Thread: Media upload consumer thread #0 started and actively processing queue items
[2025-07-13T00:50:19.381+0000] {logging_mixin.py:188} INFO - [2025-07-13T00:50:19.380+0000] {prompt_cache.py:144} DEBUG - Prompt cache initialized.
[2025-07-13T00:50:19.381+0000] {logging_mixin.py:188} INFO - [2025-07-13T00:50:19.381+0000] {score_ingestion_consumer.py:124} DEBUG - Startup: Score ingestion consumer thread #0 started with batch size 15 and interval 1s
[2025-07-13T00:50:19.383+0000] {logging_mixin.py:188} INFO - [2025-07-13T00:50:19.382+0000] {resource_manager.py:259} INFO - Startup: Langfuse tracer successfully initialized | public_key=pk-lf-a17c2d30-02f1-43ee-8d12-50aa9c2906f4 | host=http://host.docker.internal:4000 | environment=default | sample_rate=1.0 | media_threads=1
[2025-07-13T00:50:19.400+0000] {processor.py:840} INFO - DAG(s) 'deepai_crawler_10min', 'deepai_monthly_insights' retrieved from /opt/airflow/dags/dags.py
[2025-07-13T00:50:19.439+0000] {logging_mixin.py:188} INFO - [2025-07-13T00:50:19.439+0000] {dag.py:3096} INFO - Sync 2 DAGs
[2025-07-13T00:50:19.469+0000] {logging_mixin.py:188} INFO - [2025-07-13T00:50:19.469+0000] {dag.py:3954} INFO - Setting next_dagrun for deepai_crawler_10min to 2025-07-13 00:40:00+00:00, run_after=2025-07-13 00:50:00+00:00
[2025-07-13T00:50:19.480+0000] {logging_mixin.py:188} INFO - [2025-07-13T00:50:19.479+0000] {dag.py:3954} INFO - Setting next_dagrun for deepai_monthly_insights to 2025-06-01 00:00:00+00:00, run_after=2025-07-01 00:00:00+00:00
[2025-07-13T00:50:19.505+0000] {processor.py:183} INFO - Processing /opt/airflow/dags/dags.py took 3.694 seconds
[2025-07-13T00:50:49.754+0000] {processor.py:161} INFO - Started process (PID=142) to work on /opt/airflow/dags/dags.py
[2025-07-13T00:50:49.755+0000] {processor.py:830} INFO - Processing file /opt/airflow/dags/dags.py for tasks to queue
[2025-07-13T00:50:49.757+0000] {logging_mixin.py:188} INFO - [2025-07-13T00:50:49.757+0000] {dagbag.py:545} INFO - Filling up the DagBag from /opt/airflow/dags/dags.py
[2025-07-13T00:50:51.614+0000] {logging_mixin.py:188} INFO - [2025-07-13T00:50:51.614+0000] {summary_gemini.py:20} INFO - 3.1.3
[2025-07-13T00:50:53.545+0000] {logging_mixin.py:188} INFO - [2025-07-13T00:50:53.544+0000] {media_upload_consumer.py:33} DEBUG - Thread: Media upload consumer thread #0 started and actively processing queue items
[2025-07-13T00:50:53.546+0000] {logging_mixin.py:188} INFO - [2025-07-13T00:50:53.545+0000] {prompt_cache.py:144} DEBUG - Prompt cache initialized.
[2025-07-13T00:50:53.547+0000] {logging_mixin.py:188} INFO - [2025-07-13T00:50:53.546+0000] {score_ingestion_consumer.py:124} DEBUG - Startup: Score ingestion consumer thread #0 started with batch size 15 and interval 1s
[2025-07-13T00:50:53.547+0000] {logging_mixin.py:188} INFO - [2025-07-13T00:50:53.547+0000] {resource_manager.py:259} INFO - Startup: Langfuse tracer successfully initialized | public_key=pk-lf-a17c2d30-02f1-43ee-8d12-50aa9c2906f4 | host=http://host.docker.internal:4000 | environment=default | sample_rate=1.0 | media_threads=1
[2025-07-13T00:50:53.560+0000] {processor.py:840} INFO - DAG(s) 'deepai_crawler_10min', 'deepai_monthly_insights' retrieved from /opt/airflow/dags/dags.py
[2025-07-13T00:50:53.589+0000] {logging_mixin.py:188} INFO - [2025-07-13T00:50:53.589+0000] {dag.py:3096} INFO - Sync 2 DAGs
[2025-07-13T00:50:53.614+0000] {logging_mixin.py:188} INFO - [2025-07-13T00:50:53.613+0000] {dag.py:3954} INFO - Setting next_dagrun for deepai_crawler_10min to 2025-07-13 00:40:00+00:00, run_after=2025-07-13 00:50:00+00:00
[2025-07-13T00:50:53.622+0000] {logging_mixin.py:188} INFO - [2025-07-13T00:50:53.622+0000] {dag.py:3954} INFO - Setting next_dagrun for deepai_monthly_insights to 2025-06-01 00:00:00+00:00, run_after=2025-07-01 00:00:00+00:00
[2025-07-13T00:50:53.642+0000] {processor.py:183} INFO - Processing /opt/airflow/dags/dags.py took 3.894 seconds
[2025-07-13T00:51:23.774+0000] {processor.py:161} INFO - Started process (PID=166) to work on /opt/airflow/dags/dags.py
[2025-07-13T00:51:23.775+0000] {processor.py:830} INFO - Processing file /opt/airflow/dags/dags.py for tasks to queue
[2025-07-13T00:51:23.778+0000] {logging_mixin.py:188} INFO - [2025-07-13T00:51:23.777+0000] {dagbag.py:545} INFO - Filling up the DagBag from /opt/airflow/dags/dags.py
[2025-07-13T00:51:26.015+0000] {logging_mixin.py:188} INFO - [2025-07-13T00:51:26.015+0000] {summary_gemini.py:20} INFO - 3.1.3
[2025-07-13T00:51:29.129+0000] {logging_mixin.py:188} INFO - [2025-07-13T00:51:29.129+0000] {media_upload_consumer.py:33} DEBUG - Thread: Media upload consumer thread #0 started and actively processing queue items
[2025-07-13T00:51:29.130+0000] {logging_mixin.py:188} INFO - [2025-07-13T00:51:29.130+0000] {prompt_cache.py:144} DEBUG - Prompt cache initialized.
[2025-07-13T00:51:29.131+0000] {logging_mixin.py:188} INFO - [2025-07-13T00:51:29.131+0000] {score_ingestion_consumer.py:124} DEBUG - Startup: Score ingestion consumer thread #0 started with batch size 15 and interval 1s
[2025-07-13T00:51:29.132+0000] {logging_mixin.py:188} INFO - [2025-07-13T00:51:29.131+0000] {resource_manager.py:259} INFO - Startup: Langfuse tracer successfully initialized | public_key=pk-lf-a17c2d30-02f1-43ee-8d12-50aa9c2906f4 | host=http://host.docker.internal:4000 | environment=default | sample_rate=1.0 | media_threads=1
[2025-07-13T00:51:29.143+0000] {processor.py:840} INFO - DAG(s) 'deepai_monthly_insights', 'deepai_crawler_10min' retrieved from /opt/airflow/dags/dags.py
[2025-07-13T00:51:29.169+0000] {logging_mixin.py:188} INFO - [2025-07-13T00:51:29.169+0000] {dag.py:3096} INFO - Sync 2 DAGs
[2025-07-13T00:51:29.190+0000] {logging_mixin.py:188} INFO - [2025-07-13T00:51:29.190+0000] {dag.py:3954} INFO - Setting next_dagrun for deepai_crawler_10min to 2025-07-13 00:40:00+00:00, run_after=2025-07-13 00:50:00+00:00
[2025-07-13T00:51:29.197+0000] {logging_mixin.py:188} INFO - [2025-07-13T00:51:29.197+0000] {dag.py:3954} INFO - Setting next_dagrun for deepai_monthly_insights to 2025-06-01 00:00:00+00:00, run_after=2025-07-01 00:00:00+00:00
[2025-07-13T00:51:29.222+0000] {processor.py:183} INFO - Processing /opt/airflow/dags/dags.py took 3.997 seconds
[2025-07-13T00:51:59.951+0000] {processor.py:161} INFO - Started process (PID=190) to work on /opt/airflow/dags/dags.py
[2025-07-13T00:51:59.952+0000] {processor.py:830} INFO - Processing file /opt/airflow/dags/dags.py for tasks to queue
[2025-07-13T00:51:59.954+0000] {logging_mixin.py:188} INFO - [2025-07-13T00:51:59.954+0000] {dagbag.py:545} INFO - Filling up the DagBag from /opt/airflow/dags/dags.py
[2025-07-13T00:52:02.068+0000] {logging_mixin.py:188} INFO - [2025-07-13T00:52:02.068+0000] {summary_gemini.py:20} INFO - 3.1.3
[2025-07-13T00:52:03.795+0000] {logging_mixin.py:188} INFO - [2025-07-13T00:52:03.793+0000] {media_upload_consumer.py:33} DEBUG - Thread: Media upload consumer thread #0 started and actively processing queue items
[2025-07-13T00:52:03.796+0000] {logging_mixin.py:188} INFO - [2025-07-13T00:52:03.795+0000] {prompt_cache.py:144} DEBUG - Prompt cache initialized.
[2025-07-13T00:52:03.797+0000] {logging_mixin.py:188} INFO - [2025-07-13T00:52:03.797+0000] {score_ingestion_consumer.py:124} DEBUG - Startup: Score ingestion consumer thread #0 started with batch size 15 and interval 1s
[2025-07-13T00:52:03.797+0000] {logging_mixin.py:188} INFO - [2025-07-13T00:52:03.797+0000] {resource_manager.py:259} INFO - Startup: Langfuse tracer successfully initialized | public_key=pk-lf-a17c2d30-02f1-43ee-8d12-50aa9c2906f4 | host=http://host.docker.internal:4000 | environment=default | sample_rate=1.0 | media_threads=1
[2025-07-13T00:52:03.812+0000] {processor.py:840} INFO - DAG(s) 'deepai_crawler_10min', 'deepai_monthly_insights' retrieved from /opt/airflow/dags/dags.py
[2025-07-13T00:52:03.841+0000] {logging_mixin.py:188} INFO - [2025-07-13T00:52:03.840+0000] {dag.py:3096} INFO - Sync 2 DAGs
[2025-07-13T00:52:03.861+0000] {logging_mixin.py:188} INFO - [2025-07-13T00:52:03.860+0000] {dag.py:3954} INFO - Setting next_dagrun for deepai_crawler_10min to 2025-07-13 00:40:00+00:00, run_after=2025-07-13 00:50:00+00:00
[2025-07-13T00:52:03.866+0000] {logging_mixin.py:188} INFO - [2025-07-13T00:52:03.866+0000] {dag.py:3954} INFO - Setting next_dagrun for deepai_monthly_insights to 2025-06-01 00:00:00+00:00, run_after=2025-07-01 00:00:00+00:00
[2025-07-13T00:52:03.882+0000] {processor.py:183} INFO - Processing /opt/airflow/dags/dags.py took 3.937 seconds
[2025-07-13T00:52:34.596+0000] {processor.py:161} INFO - Started process (PID=214) to work on /opt/airflow/dags/dags.py
[2025-07-13T00:52:34.598+0000] {processor.py:830} INFO - Processing file /opt/airflow/dags/dags.py for tasks to queue
[2025-07-13T00:52:34.600+0000] {logging_mixin.py:188} INFO - [2025-07-13T00:52:34.600+0000] {dagbag.py:545} INFO - Filling up the DagBag from /opt/airflow/dags/dags.py
[2025-07-13T00:52:36.875+0000] {logging_mixin.py:188} INFO - [2025-07-13T00:52:36.875+0000] {summary_gemini.py:20} INFO - 3.1.3
[2025-07-13T00:52:38.854+0000] {logging_mixin.py:188} INFO - [2025-07-13T00:52:38.853+0000] {media_upload_consumer.py:33} DEBUG - Thread: Media upload consumer thread #0 started and actively processing queue items
[2025-07-13T00:52:38.855+0000] {logging_mixin.py:188} INFO - [2025-07-13T00:52:38.854+0000] {prompt_cache.py:144} DEBUG - Prompt cache initialized.
[2025-07-13T00:52:38.856+0000] {logging_mixin.py:188} INFO - [2025-07-13T00:52:38.855+0000] {score_ingestion_consumer.py:124} DEBUG - Startup: Score ingestion consumer thread #0 started with batch size 15 and interval 1s
[2025-07-13T00:52:38.856+0000] {logging_mixin.py:188} INFO - [2025-07-13T00:52:38.856+0000] {resource_manager.py:259} INFO - Startup: Langfuse tracer successfully initialized | public_key=pk-lf-a17c2d30-02f1-43ee-8d12-50aa9c2906f4 | host=http://host.docker.internal:4000 | environment=default | sample_rate=1.0 | media_threads=1
[2025-07-13T00:52:38.869+0000] {processor.py:840} INFO - DAG(s) 'deepai_crawler_10min', 'deepai_monthly_insights' retrieved from /opt/airflow/dags/dags.py
[2025-07-13T00:52:38.897+0000] {logging_mixin.py:188} INFO - [2025-07-13T00:52:38.897+0000] {dag.py:3096} INFO - Sync 2 DAGs
[2025-07-13T00:52:38.927+0000] {logging_mixin.py:188} INFO - [2025-07-13T00:52:38.926+0000] {dag.py:3954} INFO - Setting next_dagrun for deepai_crawler_10min to 2025-07-13 00:40:00+00:00, run_after=2025-07-13 00:50:00+00:00
[2025-07-13T00:52:38.933+0000] {logging_mixin.py:188} INFO - [2025-07-13T00:52:38.933+0000] {dag.py:3954} INFO - Setting next_dagrun for deepai_monthly_insights to 2025-06-01 00:00:00+00:00, run_after=2025-07-01 00:00:00+00:00
[2025-07-13T00:52:38.957+0000] {processor.py:183} INFO - Processing /opt/airflow/dags/dags.py took 4.373 seconds
[2025-07-13T00:53:09.278+0000] {processor.py:161} INFO - Started process (PID=238) to work on /opt/airflow/dags/dags.py
[2025-07-13T00:53:09.279+0000] {processor.py:830} INFO - Processing file /opt/airflow/dags/dags.py for tasks to queue
[2025-07-13T00:53:09.281+0000] {logging_mixin.py:188} INFO - [2025-07-13T00:53:09.281+0000] {dagbag.py:545} INFO - Filling up the DagBag from /opt/airflow/dags/dags.py
[2025-07-13T00:53:12.307+0000] {logging_mixin.py:188} INFO - [2025-07-13T00:53:12.306+0000] {summary_gemini.py:20} INFO - 3.1.3
[2025-07-13T00:53:14.512+0000] {logging_mixin.py:188} INFO - [2025-07-13T00:53:14.511+0000] {media_upload_consumer.py:33} DEBUG - Thread: Media upload consumer thread #0 started and actively processing queue items
[2025-07-13T00:53:14.513+0000] {logging_mixin.py:188} INFO - [2025-07-13T00:53:14.512+0000] {prompt_cache.py:144} DEBUG - Prompt cache initialized.
[2025-07-13T00:53:14.514+0000] {logging_mixin.py:188} INFO - [2025-07-13T00:53:14.513+0000] {score_ingestion_consumer.py:124} DEBUG - Startup: Score ingestion consumer thread #0 started with batch size 15 and interval 1s
[2025-07-13T00:53:14.514+0000] {logging_mixin.py:188} INFO - [2025-07-13T00:53:14.513+0000] {resource_manager.py:259} INFO - Startup: Langfuse tracer successfully initialized | public_key=pk-lf-a17c2d30-02f1-43ee-8d12-50aa9c2906f4 | host=http://host.docker.internal:4000 | environment=default | sample_rate=1.0 | media_threads=1
[2025-07-13T00:53:14.526+0000] {processor.py:840} INFO - DAG(s) 'deepai_monthly_insights', 'deepai_crawler_10min' retrieved from /opt/airflow/dags/dags.py
[2025-07-13T00:53:14.552+0000] {logging_mixin.py:188} INFO - [2025-07-13T00:53:14.551+0000] {dag.py:3096} INFO - Sync 2 DAGs
[2025-07-13T00:53:14.573+0000] {logging_mixin.py:188} INFO - [2025-07-13T00:53:14.573+0000] {dag.py:3954} INFO - Setting next_dagrun for deepai_crawler_10min to 2025-07-13 00:40:00+00:00, run_after=2025-07-13 00:50:00+00:00
[2025-07-13T00:53:14.579+0000] {logging_mixin.py:188} INFO - [2025-07-13T00:53:14.579+0000] {dag.py:3954} INFO - Setting next_dagrun for deepai_monthly_insights to 2025-06-01 00:00:00+00:00, run_after=2025-07-01 00:00:00+00:00
[2025-07-13T00:53:14.595+0000] {processor.py:183} INFO - Processing /opt/airflow/dags/dags.py took 5.325 seconds
[2025-07-13T00:53:44.905+0000] {processor.py:161} INFO - Started process (PID=262) to work on /opt/airflow/dags/dags.py
[2025-07-13T00:53:44.906+0000] {processor.py:830} INFO - Processing file /opt/airflow/dags/dags.py for tasks to queue
[2025-07-13T00:53:44.908+0000] {logging_mixin.py:188} INFO - [2025-07-13T00:53:44.908+0000] {dagbag.py:545} INFO - Filling up the DagBag from /opt/airflow/dags/dags.py
[2025-07-13T00:53:46.890+0000] {logging_mixin.py:188} INFO - [2025-07-13T00:53:46.889+0000] {summary_gemini.py:20} INFO - 3.1.3
[2025-07-13T00:53:48.417+0000] {logging_mixin.py:188} INFO - [2025-07-13T00:53:48.417+0000] {media_upload_consumer.py:33} DEBUG - Thread: Media upload consumer thread #0 started and actively processing queue items
[2025-07-13T00:53:48.419+0000] {logging_mixin.py:188} INFO - [2025-07-13T00:53:48.419+0000] {prompt_cache.py:144} DEBUG - Prompt cache initialized.
[2025-07-13T00:53:48.420+0000] {logging_mixin.py:188} INFO - [2025-07-13T00:53:48.419+0000] {score_ingestion_consumer.py:124} DEBUG - Startup: Score ingestion consumer thread #0 started with batch size 15 and interval 1s
[2025-07-13T00:53:48.420+0000] {logging_mixin.py:188} INFO - [2025-07-13T00:53:48.420+0000] {resource_manager.py:259} INFO - Startup: Langfuse tracer successfully initialized | public_key=pk-lf-a17c2d30-02f1-43ee-8d12-50aa9c2906f4 | host=http://host.docker.internal:4000 | environment=default | sample_rate=1.0 | media_threads=1
[2025-07-13T00:53:48.433+0000] {processor.py:840} INFO - DAG(s) 'deepai_monthly_insights', 'deepai_crawler_10min' retrieved from /opt/airflow/dags/dags.py
[2025-07-13T00:53:48.465+0000] {logging_mixin.py:188} INFO - [2025-07-13T00:53:48.465+0000] {dag.py:3096} INFO - Sync 2 DAGs
[2025-07-13T00:53:48.485+0000] {logging_mixin.py:188} INFO - [2025-07-13T00:53:48.485+0000] {dag.py:3954} INFO - Setting next_dagrun for deepai_crawler_10min to 2025-07-13 00:40:00+00:00, run_after=2025-07-13 00:50:00+00:00
[2025-07-13T00:53:48.491+0000] {logging_mixin.py:188} INFO - [2025-07-13T00:53:48.491+0000] {dag.py:3954} INFO - Setting next_dagrun for deepai_monthly_insights to 2025-06-01 00:00:00+00:00, run_after=2025-07-01 00:00:00+00:00
[2025-07-13T00:53:48.512+0000] {processor.py:183} INFO - Processing /opt/airflow/dags/dags.py took 3.612 seconds
[2025-07-13T00:54:19.302+0000] {processor.py:161} INFO - Started process (PID=286) to work on /opt/airflow/dags/dags.py
[2025-07-13T00:54:19.303+0000] {processor.py:830} INFO - Processing file /opt/airflow/dags/dags.py for tasks to queue
[2025-07-13T00:54:19.305+0000] {logging_mixin.py:188} INFO - [2025-07-13T00:54:19.305+0000] {dagbag.py:545} INFO - Filling up the DagBag from /opt/airflow/dags/dags.py
[2025-07-13T00:54:20.819+0000] {logging_mixin.py:188} INFO - [2025-07-13T00:54:20.819+0000] {summary_gemini.py:20} INFO - 3.1.3
[2025-07-13T00:54:22.350+0000] {logging_mixin.py:188} INFO - [2025-07-13T00:54:22.350+0000] {media_upload_consumer.py:33} DEBUG - Thread: Media upload consumer thread #0 started and actively processing queue items
[2025-07-13T00:54:22.352+0000] {logging_mixin.py:188} INFO - [2025-07-13T00:54:22.351+0000] {prompt_cache.py:144} DEBUG - Prompt cache initialized.
[2025-07-13T00:54:22.353+0000] {logging_mixin.py:188} INFO - [2025-07-13T00:54:22.352+0000] {score_ingestion_consumer.py:124} DEBUG - Startup: Score ingestion consumer thread #0 started with batch size 15 and interval 1s
[2025-07-13T00:54:22.353+0000] {logging_mixin.py:188} INFO - [2025-07-13T00:54:22.352+0000] {resource_manager.py:259} INFO - Startup: Langfuse tracer successfully initialized | public_key=pk-lf-a17c2d30-02f1-43ee-8d12-50aa9c2906f4 | host=http://host.docker.internal:4000 | environment=default | sample_rate=1.0 | media_threads=1
[2025-07-13T00:54:22.364+0000] {processor.py:840} INFO - DAG(s) 'deepai_crawler_10min', 'deepai_monthly_insights' retrieved from /opt/airflow/dags/dags.py
[2025-07-13T00:54:22.389+0000] {logging_mixin.py:188} INFO - [2025-07-13T00:54:22.388+0000] {dag.py:3096} INFO - Sync 2 DAGs
[2025-07-13T00:54:22.406+0000] {logging_mixin.py:188} INFO - [2025-07-13T00:54:22.406+0000] {dag.py:3954} INFO - Setting next_dagrun for deepai_crawler_10min to 2025-07-13 00:40:00+00:00, run_after=2025-07-13 00:50:00+00:00
[2025-07-13T00:54:22.410+0000] {logging_mixin.py:188} INFO - [2025-07-13T00:54:22.410+0000] {dag.py:3954} INFO - Setting next_dagrun for deepai_monthly_insights to 2025-06-01 00:00:00+00:00, run_after=2025-07-01 00:00:00+00:00
[2025-07-13T00:54:22.436+0000] {processor.py:183} INFO - Processing /opt/airflow/dags/dags.py took 3.139 seconds
[2025-07-13T00:54:52.924+0000] {processor.py:161} INFO - Started process (PID=316) to work on /opt/airflow/dags/dags.py
[2025-07-13T00:54:52.925+0000] {processor.py:830} INFO - Processing file /opt/airflow/dags/dags.py for tasks to queue
[2025-07-13T00:54:52.927+0000] {logging_mixin.py:188} INFO - [2025-07-13T00:54:52.927+0000] {dagbag.py:545} INFO - Filling up the DagBag from /opt/airflow/dags/dags.py
[2025-07-13T00:54:54.656+0000] {logging_mixin.py:188} INFO - [2025-07-13T00:54:54.655+0000] {summary_gemini.py:20} INFO - 3.1.3
[2025-07-13T00:54:56.207+0000] {logging_mixin.py:188} INFO - [2025-07-13T00:54:56.206+0000] {media_upload_consumer.py:33} DEBUG - Thread: Media upload consumer thread #0 started and actively processing queue items
[2025-07-13T00:54:56.208+0000] {logging_mixin.py:188} INFO - [2025-07-13T00:54:56.207+0000] {prompt_cache.py:144} DEBUG - Prompt cache initialized.
[2025-07-13T00:54:56.208+0000] {logging_mixin.py:188} INFO - [2025-07-13T00:54:56.208+0000] {score_ingestion_consumer.py:124} DEBUG - Startup: Score ingestion consumer thread #0 started with batch size 15 and interval 1s
[2025-07-13T00:54:56.209+0000] {logging_mixin.py:188} INFO - [2025-07-13T00:54:56.208+0000] {resource_manager.py:259} INFO - Startup: Langfuse tracer successfully initialized | public_key=pk-lf-a17c2d30-02f1-43ee-8d12-50aa9c2906f4 | host=http://host.docker.internal:4000 | environment=default | sample_rate=1.0 | media_threads=1
[2025-07-13T00:54:56.220+0000] {processor.py:840} INFO - DAG(s) 'deepai_crawler_10min', 'deepai_monthly_insights' retrieved from /opt/airflow/dags/dags.py
[2025-07-13T00:54:56.243+0000] {logging_mixin.py:188} INFO - [2025-07-13T00:54:56.243+0000] {dag.py:3096} INFO - Sync 2 DAGs
[2025-07-13T00:54:56.264+0000] {logging_mixin.py:188} INFO - [2025-07-13T00:54:56.263+0000] {dag.py:3954} INFO - Setting next_dagrun for deepai_crawler_10min to 2025-07-13 00:40:00+00:00, run_after=2025-07-13 00:50:00+00:00
[2025-07-13T00:54:56.269+0000] {logging_mixin.py:188} INFO - [2025-07-13T00:54:56.269+0000] {dag.py:3954} INFO - Setting next_dagrun for deepai_monthly_insights to 2025-06-01 00:00:00+00:00, run_after=2025-07-01 00:00:00+00:00
[2025-07-13T00:54:56.287+0000] {processor.py:183} INFO - Processing /opt/airflow/dags/dags.py took 3.368 seconds
[2025-07-13T00:55:26.687+0000] {processor.py:161} INFO - Started process (PID=340) to work on /opt/airflow/dags/dags.py
[2025-07-13T00:55:26.688+0000] {processor.py:830} INFO - Processing file /opt/airflow/dags/dags.py for tasks to queue
[2025-07-13T00:55:26.689+0000] {logging_mixin.py:188} INFO - [2025-07-13T00:55:26.689+0000] {dagbag.py:545} INFO - Filling up the DagBag from /opt/airflow/dags/dags.py
[2025-07-13T00:55:28.277+0000] {logging_mixin.py:188} INFO - [2025-07-13T00:55:28.277+0000] {summary_gemini.py:20} INFO - 3.1.3
[2025-07-13T00:55:29.828+0000] {logging_mixin.py:188} INFO - [2025-07-13T00:55:29.827+0000] {media_upload_consumer.py:33} DEBUG - Thread: Media upload consumer thread #0 started and actively processing queue items
[2025-07-13T00:55:29.831+0000] {logging_mixin.py:188} INFO - [2025-07-13T00:55:29.829+0000] {prompt_cache.py:144} DEBUG - Prompt cache initialized.
[2025-07-13T00:55:29.832+0000] {logging_mixin.py:188} INFO - [2025-07-13T00:55:29.832+0000] {score_ingestion_consumer.py:124} DEBUG - Startup: Score ingestion consumer thread #0 started with batch size 15 and interval 1s
[2025-07-13T00:55:29.833+0000] {logging_mixin.py:188} INFO - [2025-07-13T00:55:29.832+0000] {resource_manager.py:259} INFO - Startup: Langfuse tracer successfully initialized | public_key=pk-lf-a17c2d30-02f1-43ee-8d12-50aa9c2906f4 | host=http://host.docker.internal:4000 | environment=default | sample_rate=1.0 | media_threads=1
[2025-07-13T00:55:29.844+0000] {processor.py:840} INFO - DAG(s) 'deepai_monthly_insights', 'deepai_crawler_10min' retrieved from /opt/airflow/dags/dags.py
[2025-07-13T00:55:29.869+0000] {logging_mixin.py:188} INFO - [2025-07-13T00:55:29.869+0000] {dag.py:3096} INFO - Sync 2 DAGs
[2025-07-13T00:55:29.888+0000] {logging_mixin.py:188} INFO - [2025-07-13T00:55:29.888+0000] {dag.py:3954} INFO - Setting next_dagrun for deepai_crawler_10min to 2025-07-13 00:40:00+00:00, run_after=2025-07-13 00:50:00+00:00
[2025-07-13T00:55:29.894+0000] {logging_mixin.py:188} INFO - [2025-07-13T00:55:29.894+0000] {dag.py:3954} INFO - Setting next_dagrun for deepai_monthly_insights to 2025-06-01 00:00:00+00:00, run_after=2025-07-01 00:00:00+00:00
[2025-07-13T00:55:29.910+0000] {processor.py:183} INFO - Processing /opt/airflow/dags/dags.py took 3.228 seconds
[2025-07-13T00:56:00.354+0000] {processor.py:161} INFO - Started process (PID=364) to work on /opt/airflow/dags/dags.py
[2025-07-13T00:56:00.354+0000] {processor.py:830} INFO - Processing file /opt/airflow/dags/dags.py for tasks to queue
[2025-07-13T00:56:00.356+0000] {logging_mixin.py:188} INFO - [2025-07-13T00:56:00.355+0000] {dagbag.py:545} INFO - Filling up the DagBag from /opt/airflow/dags/dags.py
[2025-07-13T00:56:01.824+0000] {logging_mixin.py:188} INFO - [2025-07-13T00:56:01.824+0000] {summary_gemini.py:20} INFO - 3.1.3
[2025-07-13T00:56:03.369+0000] {logging_mixin.py:188} INFO - [2025-07-13T00:56:03.369+0000] {media_upload_consumer.py:33} DEBUG - Thread: Media upload consumer thread #0 started and actively processing queue items
[2025-07-13T00:56:03.370+0000] {logging_mixin.py:188} INFO - [2025-07-13T00:56:03.370+0000] {prompt_cache.py:144} DEBUG - Prompt cache initialized.
[2025-07-13T00:56:03.371+0000] {logging_mixin.py:188} INFO - [2025-07-13T00:56:03.371+0000] {score_ingestion_consumer.py:124} DEBUG - Startup: Score ingestion consumer thread #0 started with batch size 15 and interval 1s
[2025-07-13T00:56:03.372+0000] {logging_mixin.py:188} INFO - [2025-07-13T00:56:03.371+0000] {resource_manager.py:259} INFO - Startup: Langfuse tracer successfully initialized | public_key=pk-lf-a17c2d30-02f1-43ee-8d12-50aa9c2906f4 | host=http://host.docker.internal:4000 | environment=default | sample_rate=1.0 | media_threads=1
[2025-07-13T00:56:03.387+0000] {processor.py:840} INFO - DAG(s) 'deepai_crawler_10min', 'deepai_monthly_insights' retrieved from /opt/airflow/dags/dags.py
[2025-07-13T00:56:03.413+0000] {logging_mixin.py:188} INFO - [2025-07-13T00:56:03.413+0000] {dag.py:3096} INFO - Sync 2 DAGs
[2025-07-13T00:56:03.433+0000] {logging_mixin.py:188} INFO - [2025-07-13T00:56:03.432+0000] {dag.py:3954} INFO - Setting next_dagrun for deepai_crawler_10min to 2025-07-13 00:40:00+00:00, run_after=2025-07-13 00:50:00+00:00
[2025-07-13T00:56:03.439+0000] {logging_mixin.py:188} INFO - [2025-07-13T00:56:03.439+0000] {dag.py:3954} INFO - Setting next_dagrun for deepai_monthly_insights to 2025-06-01 00:00:00+00:00, run_after=2025-07-01 00:00:00+00:00
[2025-07-13T00:56:03.454+0000] {processor.py:183} INFO - Processing /opt/airflow/dags/dags.py took 3.105 seconds
[2025-07-13T00:56:34.186+0000] {processor.py:161} INFO - Started process (PID=388) to work on /opt/airflow/dags/dags.py
[2025-07-13T00:56:34.187+0000] {processor.py:830} INFO - Processing file /opt/airflow/dags/dags.py for tasks to queue
[2025-07-13T00:56:34.190+0000] {logging_mixin.py:188} INFO - [2025-07-13T00:56:34.189+0000] {dagbag.py:545} INFO - Filling up the DagBag from /opt/airflow/dags/dags.py
[2025-07-13T00:56:35.734+0000] {logging_mixin.py:188} INFO - [2025-07-13T00:56:35.733+0000] {summary_gemini.py:20} INFO - 3.1.3
[2025-07-13T00:56:37.351+0000] {logging_mixin.py:188} INFO - [2025-07-13T00:56:37.350+0000] {media_upload_consumer.py:33} DEBUG - Thread: Media upload consumer thread #0 started and actively processing queue items
[2025-07-13T00:56:37.352+0000] {logging_mixin.py:188} INFO - [2025-07-13T00:56:37.352+0000] {prompt_cache.py:144} DEBUG - Prompt cache initialized.
[2025-07-13T00:56:37.353+0000] {logging_mixin.py:188} INFO - [2025-07-13T00:56:37.352+0000] {score_ingestion_consumer.py:124} DEBUG - Startup: Score ingestion consumer thread #0 started with batch size 15 and interval 1s
[2025-07-13T00:56:37.353+0000] {logging_mixin.py:188} INFO - [2025-07-13T00:56:37.352+0000] {resource_manager.py:259} INFO - Startup: Langfuse tracer successfully initialized | public_key=pk-lf-a17c2d30-02f1-43ee-8d12-50aa9c2906f4 | host=http://host.docker.internal:4000 | environment=default | sample_rate=1.0 | media_threads=1
[2025-07-13T00:56:37.364+0000] {processor.py:840} INFO - DAG(s) 'deepai_crawler_10min', 'deepai_monthly_insights' retrieved from /opt/airflow/dags/dags.py
[2025-07-13T00:56:37.391+0000] {logging_mixin.py:188} INFO - [2025-07-13T00:56:37.390+0000] {dag.py:3096} INFO - Sync 2 DAGs
[2025-07-13T00:56:37.411+0000] {logging_mixin.py:188} INFO - [2025-07-13T00:56:37.410+0000] {dag.py:3954} INFO - Setting next_dagrun for deepai_crawler_10min to 2025-07-13 00:40:00+00:00, run_after=2025-07-13 00:50:00+00:00
[2025-07-13T00:56:37.416+0000] {logging_mixin.py:188} INFO - [2025-07-13T00:56:37.416+0000] {dag.py:3954} INFO - Setting next_dagrun for deepai_monthly_insights to 2025-06-01 00:00:00+00:00, run_after=2025-07-01 00:00:00+00:00
[2025-07-13T00:56:37.444+0000] {processor.py:183} INFO - Processing /opt/airflow/dags/dags.py took 3.263 seconds
[2025-07-13T00:57:07.881+0000] {processor.py:161} INFO - Started process (PID=412) to work on /opt/airflow/dags/dags.py
[2025-07-13T00:57:07.882+0000] {processor.py:830} INFO - Processing file /opt/airflow/dags/dags.py for tasks to queue
[2025-07-13T00:57:07.883+0000] {logging_mixin.py:188} INFO - [2025-07-13T00:57:07.883+0000] {dagbag.py:545} INFO - Filling up the DagBag from /opt/airflow/dags/dags.py
[2025-07-13T00:57:09.299+0000] {logging_mixin.py:188} INFO - [2025-07-13T00:57:09.299+0000] {summary_gemini.py:20} INFO - 3.1.3
[2025-07-13T00:57:10.678+0000] {logging_mixin.py:188} INFO - [2025-07-13T00:57:10.677+0000] {media_upload_consumer.py:33} DEBUG - Thread: Media upload consumer thread #0 started and actively processing queue items
[2025-07-13T00:57:10.679+0000] {logging_mixin.py:188} INFO - [2025-07-13T00:57:10.679+0000] {prompt_cache.py:144} DEBUG - Prompt cache initialized.
[2025-07-13T00:57:10.679+0000] {logging_mixin.py:188} INFO - [2025-07-13T00:57:10.679+0000] {score_ingestion_consumer.py:124} DEBUG - Startup: Score ingestion consumer thread #0 started with batch size 15 and interval 1s
[2025-07-13T00:57:10.680+0000] {logging_mixin.py:188} INFO - [2025-07-13T00:57:10.680+0000] {resource_manager.py:259} INFO - Startup: Langfuse tracer successfully initialized | public_key=pk-lf-a17c2d30-02f1-43ee-8d12-50aa9c2906f4 | host=http://host.docker.internal:4000 | environment=default | sample_rate=1.0 | media_threads=1
[2025-07-13T00:57:10.692+0000] {processor.py:840} INFO - DAG(s) 'deepai_crawler_10min', 'deepai_monthly_insights' retrieved from /opt/airflow/dags/dags.py
[2025-07-13T00:57:10.716+0000] {logging_mixin.py:188} INFO - [2025-07-13T00:57:10.715+0000] {dag.py:3096} INFO - Sync 2 DAGs
[2025-07-13T00:57:10.734+0000] {logging_mixin.py:188} INFO - [2025-07-13T00:57:10.734+0000] {dag.py:3954} INFO - Setting next_dagrun for deepai_crawler_10min to 2025-07-13 00:40:00+00:00, run_after=2025-07-13 00:50:00+00:00
[2025-07-13T00:57:10.739+0000] {logging_mixin.py:188} INFO - [2025-07-13T00:57:10.738+0000] {dag.py:3954} INFO - Setting next_dagrun for deepai_monthly_insights to 2025-06-01 00:00:00+00:00, run_after=2025-07-01 00:00:00+00:00
[2025-07-13T00:57:10.755+0000] {processor.py:183} INFO - Processing /opt/airflow/dags/dags.py took 2.879 seconds
[2025-07-13T00:57:41.450+0000] {processor.py:161} INFO - Started process (PID=436) to work on /opt/airflow/dags/dags.py
[2025-07-13T00:57:41.451+0000] {processor.py:830} INFO - Processing file /opt/airflow/dags/dags.py for tasks to queue
[2025-07-13T00:57:41.453+0000] {logging_mixin.py:188} INFO - [2025-07-13T00:57:41.453+0000] {dagbag.py:545} INFO - Filling up the DagBag from /opt/airflow/dags/dags.py
[2025-07-13T00:57:42.903+0000] {logging_mixin.py:188} INFO - [2025-07-13T00:57:42.902+0000] {summary_gemini.py:20} INFO - 3.1.3
[2025-07-13T00:57:45.050+0000] {logging_mixin.py:188} INFO - [2025-07-13T00:57:45.050+0000] {media_upload_consumer.py:33} DEBUG - Thread: Media upload consumer thread #0 started and actively processing queue items
[2025-07-13T00:57:45.051+0000] {logging_mixin.py:188} INFO - [2025-07-13T00:57:45.051+0000] {prompt_cache.py:144} DEBUG - Prompt cache initialized.
[2025-07-13T00:57:45.052+0000] {logging_mixin.py:188} INFO - [2025-07-13T00:57:45.052+0000] {score_ingestion_consumer.py:124} DEBUG - Startup: Score ingestion consumer thread #0 started with batch size 15 and interval 1s
[2025-07-13T00:57:45.053+0000] {logging_mixin.py:188} INFO - [2025-07-13T00:57:45.052+0000] {resource_manager.py:259} INFO - Startup: Langfuse tracer successfully initialized | public_key=pk-lf-a17c2d30-02f1-43ee-8d12-50aa9c2906f4 | host=http://host.docker.internal:4000 | environment=default | sample_rate=1.0 | media_threads=1
[2025-07-13T00:57:45.068+0000] {processor.py:840} INFO - DAG(s) 'deepai_monthly_insights', 'deepai_crawler_10min' retrieved from /opt/airflow/dags/dags.py
[2025-07-13T00:57:45.095+0000] {logging_mixin.py:188} INFO - [2025-07-13T00:57:45.094+0000] {dag.py:3096} INFO - Sync 2 DAGs
[2025-07-13T00:57:45.118+0000] {logging_mixin.py:188} INFO - [2025-07-13T00:57:45.117+0000] {dag.py:3954} INFO - Setting next_dagrun for deepai_crawler_10min to 2025-07-13 00:40:00+00:00, run_after=2025-07-13 00:50:00+00:00
[2025-07-13T00:57:45.124+0000] {logging_mixin.py:188} INFO - [2025-07-13T00:57:45.123+0000] {dag.py:3954} INFO - Setting next_dagrun for deepai_monthly_insights to 2025-06-01 00:00:00+00:00, run_after=2025-07-01 00:00:00+00:00
[2025-07-13T00:57:45.140+0000] {processor.py:183} INFO - Processing /opt/airflow/dags/dags.py took 3.125 seconds
[2025-07-13T00:58:15.272+0000] {processor.py:161} INFO - Started process (PID=460) to work on /opt/airflow/dags/dags.py
[2025-07-13T00:58:15.273+0000] {processor.py:830} INFO - Processing file /opt/airflow/dags/dags.py for tasks to queue
[2025-07-13T00:58:15.274+0000] {logging_mixin.py:188} INFO - [2025-07-13T00:58:15.274+0000] {dagbag.py:545} INFO - Filling up the DagBag from /opt/airflow/dags/dags.py
[2025-07-13T00:58:18.185+0000] {logging_mixin.py:188} INFO - [2025-07-13T00:58:18.185+0000] {summary_gemini.py:20} INFO - 3.1.3
[2025-07-13T00:58:19.563+0000] {logging_mixin.py:188} INFO - [2025-07-13T00:58:19.563+0000] {media_upload_consumer.py:33} DEBUG - Thread: Media upload consumer thread #0 started and actively processing queue items
[2025-07-13T00:58:19.564+0000] {logging_mixin.py:188} INFO - [2025-07-13T00:58:19.564+0000] {prompt_cache.py:144} DEBUG - Prompt cache initialized.
[2025-07-13T00:58:19.565+0000] {logging_mixin.py:188} INFO - [2025-07-13T00:58:19.565+0000] {score_ingestion_consumer.py:124} DEBUG - Startup: Score ingestion consumer thread #0 started with batch size 15 and interval 1s
[2025-07-13T00:58:19.566+0000] {logging_mixin.py:188} INFO - [2025-07-13T00:58:19.565+0000] {resource_manager.py:259} INFO - Startup: Langfuse tracer successfully initialized | public_key=pk-lf-a17c2d30-02f1-43ee-8d12-50aa9c2906f4 | host=http://host.docker.internal:4000 | environment=default | sample_rate=1.0 | media_threads=1
[2025-07-13T00:58:19.577+0000] {processor.py:840} INFO - DAG(s) 'deepai_monthly_insights', 'deepai_crawler_10min' retrieved from /opt/airflow/dags/dags.py
[2025-07-13T00:58:19.600+0000] {logging_mixin.py:188} INFO - [2025-07-13T00:58:19.600+0000] {dag.py:3096} INFO - Sync 2 DAGs
[2025-07-13T00:58:19.620+0000] {logging_mixin.py:188} INFO - [2025-07-13T00:58:19.619+0000] {dag.py:3954} INFO - Setting next_dagrun for deepai_crawler_10min to 2025-07-13 00:40:00+00:00, run_after=2025-07-13 00:50:00+00:00
[2025-07-13T00:58:19.625+0000] {logging_mixin.py:188} INFO - [2025-07-13T00:58:19.624+0000] {dag.py:3954} INFO - Setting next_dagrun for deepai_monthly_insights to 2025-06-01 00:00:00+00:00, run_after=2025-07-01 00:00:00+00:00
[2025-07-13T00:58:19.651+0000] {processor.py:183} INFO - Processing /opt/airflow/dags/dags.py took 2.817 seconds
[2025-07-13T00:58:50.336+0000] {processor.py:161} INFO - Started process (PID=484) to work on /opt/airflow/dags/dags.py
[2025-07-13T00:58:50.337+0000] {processor.py:830} INFO - Processing file /opt/airflow/dags/dags.py for tasks to queue
[2025-07-13T00:58:50.339+0000] {logging_mixin.py:188} INFO - [2025-07-13T00:58:50.339+0000] {dagbag.py:545} INFO - Filling up the DagBag from /opt/airflow/dags/dags.py
[2025-07-13T00:58:52.099+0000] {logging_mixin.py:188} INFO - [2025-07-13T00:58:52.098+0000] {summary_gemini.py:20} INFO - 3.1.3
[2025-07-13T00:58:53.548+0000] {logging_mixin.py:188} INFO - [2025-07-13T00:58:53.547+0000] {media_upload_consumer.py:33} DEBUG - Thread: Media upload consumer thread #0 started and actively processing queue items
[2025-07-13T00:58:53.549+0000] {logging_mixin.py:188} INFO - [2025-07-13T00:58:53.548+0000] {prompt_cache.py:144} DEBUG - Prompt cache initialized.
[2025-07-13T00:58:53.550+0000] {logging_mixin.py:188} INFO - [2025-07-13T00:58:53.549+0000] {score_ingestion_consumer.py:124} DEBUG - Startup: Score ingestion consumer thread #0 started with batch size 15 and interval 1s
[2025-07-13T00:58:53.550+0000] {logging_mixin.py:188} INFO - [2025-07-13T00:58:53.550+0000] {resource_manager.py:259} INFO - Startup: Langfuse tracer successfully initialized | public_key=pk-lf-a17c2d30-02f1-43ee-8d12-50aa9c2906f4 | host=http://host.docker.internal:4000 | environment=default | sample_rate=1.0 | media_threads=1
[2025-07-13T00:58:53.561+0000] {processor.py:840} INFO - DAG(s) 'deepai_crawler_10min', 'deepai_monthly_insights' retrieved from /opt/airflow/dags/dags.py
[2025-07-13T00:58:53.588+0000] {logging_mixin.py:188} INFO - [2025-07-13T00:58:53.588+0000] {dag.py:3096} INFO - Sync 2 DAGs
[2025-07-13T00:58:53.607+0000] {logging_mixin.py:188} INFO - [2025-07-13T00:58:53.607+0000] {dag.py:3954} INFO - Setting next_dagrun for deepai_crawler_10min to 2025-07-13 00:40:00+00:00, run_after=2025-07-13 00:50:00+00:00
[2025-07-13T00:58:53.612+0000] {logging_mixin.py:188} INFO - [2025-07-13T00:58:53.612+0000] {dag.py:3954} INFO - Setting next_dagrun for deepai_monthly_insights to 2025-06-01 00:00:00+00:00, run_after=2025-07-01 00:00:00+00:00
[2025-07-13T00:58:53.639+0000] {processor.py:183} INFO - Processing /opt/airflow/dags/dags.py took 3.308 seconds
[2025-07-13T00:59:24.249+0000] {processor.py:161} INFO - Started process (PID=508) to work on /opt/airflow/dags/dags.py
[2025-07-13T00:59:24.250+0000] {processor.py:830} INFO - Processing file /opt/airflow/dags/dags.py for tasks to queue
[2025-07-13T00:59:24.252+0000] {logging_mixin.py:188} INFO - [2025-07-13T00:59:24.252+0000] {dagbag.py:545} INFO - Filling up the DagBag from /opt/airflow/dags/dags.py
[2025-07-13T00:59:26.472+0000] {logging_mixin.py:188} INFO - [2025-07-13T00:59:26.472+0000] {summary_gemini.py:20} INFO - 3.1.3
[2025-07-13T00:59:28.289+0000] {logging_mixin.py:188} INFO - [2025-07-13T00:59:28.288+0000] {media_upload_consumer.py:33} DEBUG - Thread: Media upload consumer thread #0 started and actively processing queue items
[2025-07-13T00:59:28.289+0000] {logging_mixin.py:188} INFO - [2025-07-13T00:59:28.289+0000] {prompt_cache.py:144} DEBUG - Prompt cache initialized.
[2025-07-13T00:59:28.290+0000] {logging_mixin.py:188} INFO - [2025-07-13T00:59:28.290+0000] {score_ingestion_consumer.py:124} DEBUG - Startup: Score ingestion consumer thread #0 started with batch size 15 and interval 1s
[2025-07-13T00:59:28.291+0000] {logging_mixin.py:188} INFO - [2025-07-13T00:59:28.291+0000] {resource_manager.py:259} INFO - Startup: Langfuse tracer successfully initialized | public_key=pk-lf-a17c2d30-02f1-43ee-8d12-50aa9c2906f4 | host=http://host.docker.internal:4000 | environment=default | sample_rate=1.0 | media_threads=1
[2025-07-13T00:59:28.305+0000] {processor.py:840} INFO - DAG(s) 'deepai_monthly_insights', 'deepai_crawler_10min' retrieved from /opt/airflow/dags/dags.py
[2025-07-13T00:59:28.336+0000] {logging_mixin.py:188} INFO - [2025-07-13T00:59:28.336+0000] {dag.py:3096} INFO - Sync 2 DAGs
[2025-07-13T00:59:28.360+0000] {logging_mixin.py:188} INFO - [2025-07-13T00:59:28.360+0000] {dag.py:3954} INFO - Setting next_dagrun for deepai_crawler_10min to 2025-07-13 00:40:00+00:00, run_after=2025-07-13 00:50:00+00:00
[2025-07-13T00:59:28.366+0000] {logging_mixin.py:188} INFO - [2025-07-13T00:59:28.366+0000] {dag.py:3954} INFO - Setting next_dagrun for deepai_monthly_insights to 2025-06-01 00:00:00+00:00, run_after=2025-07-01 00:00:00+00:00
[2025-07-13T00:59:28.387+0000] {processor.py:183} INFO - Processing /opt/airflow/dags/dags.py took 4.146 seconds
[2025-07-13T00:59:59.144+0000] {processor.py:161} INFO - Started process (PID=532) to work on /opt/airflow/dags/dags.py
[2025-07-13T00:59:59.145+0000] {processor.py:830} INFO - Processing file /opt/airflow/dags/dags.py for tasks to queue
[2025-07-13T00:59:59.147+0000] {logging_mixin.py:188} INFO - [2025-07-13T00:59:59.146+0000] {dagbag.py:545} INFO - Filling up the DagBag from /opt/airflow/dags/dags.py
[2025-07-13T01:00:00.726+0000] {logging_mixin.py:188} INFO - [2025-07-13T01:00:00.726+0000] {summary_gemini.py:20} INFO - 3.1.3
[2025-07-13T01:00:02.110+0000] {logging_mixin.py:188} INFO - [2025-07-13T01:00:02.110+0000] {media_upload_consumer.py:33} DEBUG - Thread: Media upload consumer thread #0 started and actively processing queue items
[2025-07-13T01:00:02.111+0000] {logging_mixin.py:188} INFO - [2025-07-13T01:00:02.111+0000] {prompt_cache.py:144} DEBUG - Prompt cache initialized.
[2025-07-13T01:00:02.112+0000] {logging_mixin.py:188} INFO - [2025-07-13T01:00:02.112+0000] {score_ingestion_consumer.py:124} DEBUG - Startup: Score ingestion consumer thread #0 started with batch size 15 and interval 1s
[2025-07-13T01:00:02.113+0000] {logging_mixin.py:188} INFO - [2025-07-13T01:00:02.112+0000] {resource_manager.py:259} INFO - Startup: Langfuse tracer successfully initialized | public_key=pk-lf-a17c2d30-02f1-43ee-8d12-50aa9c2906f4 | host=http://host.docker.internal:4000 | environment=default | sample_rate=1.0 | media_threads=1
[2025-07-13T01:00:02.122+0000] {processor.py:840} INFO - DAG(s) 'deepai_crawler_10min', 'deepai_monthly_insights' retrieved from /opt/airflow/dags/dags.py
[2025-07-13T01:00:02.144+0000] {logging_mixin.py:188} INFO - [2025-07-13T01:00:02.144+0000] {dag.py:3096} INFO - Sync 2 DAGs
[2025-07-13T01:00:02.161+0000] {logging_mixin.py:188} INFO - [2025-07-13T01:00:02.161+0000] {dag.py:3954} INFO - Setting next_dagrun for deepai_crawler_10min to 2025-07-13 00:50:00+00:00, run_after=2025-07-13 01:00:00+00:00
[2025-07-13T01:00:02.167+0000] {logging_mixin.py:188} INFO - [2025-07-13T01:00:02.166+0000] {dag.py:3954} INFO - Setting next_dagrun for deepai_monthly_insights to 2025-06-01 00:00:00+00:00, run_after=2025-07-01 00:00:00+00:00
[2025-07-13T01:00:02.182+0000] {processor.py:183} INFO - Processing /opt/airflow/dags/dags.py took 3.043 seconds
[2025-07-13T01:00:32.905+0000] {processor.py:161} INFO - Started process (PID=556) to work on /opt/airflow/dags/dags.py
[2025-07-13T01:00:32.906+0000] {processor.py:830} INFO - Processing file /opt/airflow/dags/dags.py for tasks to queue
[2025-07-13T01:00:32.907+0000] {logging_mixin.py:188} INFO - [2025-07-13T01:00:32.907+0000] {dagbag.py:545} INFO - Filling up the DagBag from /opt/airflow/dags/dags.py
[2025-07-13T01:00:34.542+0000] {logging_mixin.py:188} INFO - [2025-07-13T01:00:34.541+0000] {summary_gemini.py:20} INFO - 3.1.3
[2025-07-13T01:00:36.224+0000] {logging_mixin.py:188} INFO - [2025-07-13T01:00:36.223+0000] {media_upload_consumer.py:33} DEBUG - Thread: Media upload consumer thread #0 started and actively processing queue items
[2025-07-13T01:00:36.225+0000] {logging_mixin.py:188} INFO - [2025-07-13T01:00:36.224+0000] {prompt_cache.py:144} DEBUG - Prompt cache initialized.
[2025-07-13T01:00:36.226+0000] {logging_mixin.py:188} INFO - [2025-07-13T01:00:36.225+0000] {score_ingestion_consumer.py:124} DEBUG - Startup: Score ingestion consumer thread #0 started with batch size 15 and interval 1s
[2025-07-13T01:00:36.226+0000] {logging_mixin.py:188} INFO - [2025-07-13T01:00:36.226+0000] {resource_manager.py:259} INFO - Startup: Langfuse tracer successfully initialized | public_key=pk-lf-a17c2d30-02f1-43ee-8d12-50aa9c2906f4 | host=http://host.docker.internal:4000 | environment=default | sample_rate=1.0 | media_threads=1
[2025-07-13T01:00:36.240+0000] {processor.py:840} INFO - DAG(s) 'deepai_monthly_insights', 'deepai_crawler_10min' retrieved from /opt/airflow/dags/dags.py
[2025-07-13T01:00:36.274+0000] {logging_mixin.py:188} INFO - [2025-07-13T01:00:36.274+0000] {dag.py:3096} INFO - Sync 2 DAGs
[2025-07-13T01:00:36.300+0000] {logging_mixin.py:188} INFO - [2025-07-13T01:00:36.300+0000] {dag.py:3954} INFO - Setting next_dagrun for deepai_crawler_10min to 2025-07-13 00:50:00+00:00, run_after=2025-07-13 01:00:00+00:00
[2025-07-13T01:00:36.305+0000] {logging_mixin.py:188} INFO - [2025-07-13T01:00:36.305+0000] {dag.py:3954} INFO - Setting next_dagrun for deepai_monthly_insights to 2025-06-01 00:00:00+00:00, run_after=2025-07-01 00:00:00+00:00
[2025-07-13T01:00:36.332+0000] {processor.py:183} INFO - Processing /opt/airflow/dags/dags.py took 3.432 seconds
[2025-07-13T01:01:06.560+0000] {processor.py:161} INFO - Started process (PID=580) to work on /opt/airflow/dags/dags.py
[2025-07-13T01:01:06.561+0000] {processor.py:830} INFO - Processing file /opt/airflow/dags/dags.py for tasks to queue
[2025-07-13T01:01:06.563+0000] {logging_mixin.py:188} INFO - [2025-07-13T01:01:06.563+0000] {dagbag.py:545} INFO - Filling up the DagBag from /opt/airflow/dags/dags.py
[2025-07-13T01:01:08.014+0000] {logging_mixin.py:188} INFO - [2025-07-13T01:01:08.013+0000] {summary_gemini.py:20} INFO - 3.1.3
[2025-07-13T01:01:09.640+0000] {logging_mixin.py:188} INFO - [2025-07-13T01:01:09.639+0000] {media_upload_consumer.py:33} DEBUG - Thread: Media upload consumer thread #0 started and actively processing queue items
[2025-07-13T01:01:09.641+0000] {logging_mixin.py:188} INFO - [2025-07-13T01:01:09.640+0000] {prompt_cache.py:144} DEBUG - Prompt cache initialized.
[2025-07-13T01:01:09.642+0000] {logging_mixin.py:188} INFO - [2025-07-13T01:01:09.641+0000] {score_ingestion_consumer.py:124} DEBUG - Startup: Score ingestion consumer thread #0 started with batch size 15 and interval 1s
[2025-07-13T01:01:09.642+0000] {logging_mixin.py:188} INFO - [2025-07-13T01:01:09.642+0000] {resource_manager.py:259} INFO - Startup: Langfuse tracer successfully initialized | public_key=pk-lf-a17c2d30-02f1-43ee-8d12-50aa9c2906f4 | host=http://host.docker.internal:4000 | environment=default | sample_rate=1.0 | media_threads=1
[2025-07-13T01:01:09.653+0000] {processor.py:840} INFO - DAG(s) 'deepai_crawler_10min', 'deepai_monthly_insights' retrieved from /opt/airflow/dags/dags.py
[2025-07-13T01:01:09.677+0000] {logging_mixin.py:188} INFO - [2025-07-13T01:01:09.676+0000] {dag.py:3096} INFO - Sync 2 DAGs
[2025-07-13T01:01:09.695+0000] {logging_mixin.py:188} INFO - [2025-07-13T01:01:09.694+0000] {dag.py:3954} INFO - Setting next_dagrun for deepai_crawler_10min to 2025-07-13 00:50:00+00:00, run_after=2025-07-13 01:00:00+00:00
[2025-07-13T01:01:09.699+0000] {logging_mixin.py:188} INFO - [2025-07-13T01:01:09.699+0000] {dag.py:3954} INFO - Setting next_dagrun for deepai_monthly_insights to 2025-06-01 00:00:00+00:00, run_after=2025-07-01 00:00:00+00:00
[2025-07-13T01:01:09.715+0000] {processor.py:183} INFO - Processing /opt/airflow/dags/dags.py took 3.159 seconds
[2025-07-13T01:01:40.249+0000] {processor.py:161} INFO - Started process (PID=608) to work on /opt/airflow/dags/dags.py
[2025-07-13T01:01:40.250+0000] {processor.py:830} INFO - Processing file /opt/airflow/dags/dags.py for tasks to queue
[2025-07-13T01:01:40.251+0000] {logging_mixin.py:188} INFO - [2025-07-13T01:01:40.251+0000] {dagbag.py:545} INFO - Filling up the DagBag from /opt/airflow/dags/dags.py
[2025-07-13T01:01:42.095+0000] {logging_mixin.py:188} INFO - [2025-07-13T01:01:42.095+0000] {summary_gemini.py:20} INFO - 3.1.3
[2025-07-13T01:01:44.040+0000] {logging_mixin.py:188} INFO - [2025-07-13T01:01:44.039+0000] {media_upload_consumer.py:33} DEBUG - Thread: Media upload consumer thread #0 started and actively processing queue items
[2025-07-13T01:01:44.041+0000] {logging_mixin.py:188} INFO - [2025-07-13T01:01:44.041+0000] {prompt_cache.py:144} DEBUG - Prompt cache initialized.
[2025-07-13T01:01:44.042+0000] {logging_mixin.py:188} INFO - [2025-07-13T01:01:44.042+0000] {score_ingestion_consumer.py:124} DEBUG - Startup: Score ingestion consumer thread #0 started with batch size 15 and interval 1s
[2025-07-13T01:01:44.043+0000] {logging_mixin.py:188} INFO - [2025-07-13T01:01:44.043+0000] {resource_manager.py:259} INFO - Startup: Langfuse tracer successfully initialized | public_key=pk-lf-a17c2d30-02f1-43ee-8d12-50aa9c2906f4 | host=http://host.docker.internal:4000 | environment=default | sample_rate=1.0 | media_threads=1
[2025-07-13T01:01:44.056+0000] {processor.py:840} INFO - DAG(s) 'deepai_monthly_insights', 'deepai_crawler_10min' retrieved from /opt/airflow/dags/dags.py
[2025-07-13T01:01:44.087+0000] {logging_mixin.py:188} INFO - [2025-07-13T01:01:44.087+0000] {dag.py:3096} INFO - Sync 2 DAGs
[2025-07-13T01:01:44.121+0000] {logging_mixin.py:188} INFO - [2025-07-13T01:01:44.120+0000] {dag.py:3954} INFO - Setting next_dagrun for deepai_crawler_10min to 2025-07-13 00:50:00+00:00, run_after=2025-07-13 01:00:00+00:00
[2025-07-13T01:01:44.128+0000] {logging_mixin.py:188} INFO - [2025-07-13T01:01:44.128+0000] {dag.py:3954} INFO - Setting next_dagrun for deepai_monthly_insights to 2025-07-01 00:00:00+00:00, run_after=2025-08-01 00:00:00+00:00
[2025-07-13T01:01:44.150+0000] {processor.py:183} INFO - Processing /opt/airflow/dags/dags.py took 3.906 seconds
[2025-07-13T01:02:14.924+0000] {processor.py:161} INFO - Started process (PID=638) to work on /opt/airflow/dags/dags.py
[2025-07-13T01:02:14.926+0000] {processor.py:830} INFO - Processing file /opt/airflow/dags/dags.py for tasks to queue
[2025-07-13T01:02:14.928+0000] {logging_mixin.py:188} INFO - [2025-07-13T01:02:14.927+0000] {dagbag.py:545} INFO - Filling up the DagBag from /opt/airflow/dags/dags.py
[2025-07-13T01:02:16.501+0000] {logging_mixin.py:188} INFO - [2025-07-13T01:02:16.501+0000] {summary_gemini.py:20} INFO - 3.1.3
[2025-07-13T01:02:18.059+0000] {logging_mixin.py:188} INFO - [2025-07-13T01:02:18.059+0000] {media_upload_consumer.py:33} DEBUG - Thread: Media upload consumer thread #0 started and actively processing queue items
[2025-07-13T01:02:18.060+0000] {logging_mixin.py:188} INFO - [2025-07-13T01:02:18.060+0000] {prompt_cache.py:144} DEBUG - Prompt cache initialized.
[2025-07-13T01:02:18.061+0000] {logging_mixin.py:188} INFO - [2025-07-13T01:02:18.061+0000] {score_ingestion_consumer.py:124} DEBUG - Startup: Score ingestion consumer thread #0 started with batch size 15 and interval 1s
[2025-07-13T01:02:18.061+0000] {logging_mixin.py:188} INFO - [2025-07-13T01:02:18.061+0000] {resource_manager.py:259} INFO - Startup: Langfuse tracer successfully initialized | public_key=pk-lf-a17c2d30-02f1-43ee-8d12-50aa9c2906f4 | host=http://host.docker.internal:4000 | environment=default | sample_rate=1.0 | media_threads=1
[2025-07-13T01:02:18.072+0000] {processor.py:840} INFO - DAG(s) 'deepai_crawler_10min', 'deepai_monthly_insights' retrieved from /opt/airflow/dags/dags.py
[2025-07-13T01:02:18.096+0000] {logging_mixin.py:188} INFO - [2025-07-13T01:02:18.096+0000] {dag.py:3096} INFO - Sync 2 DAGs
[2025-07-13T01:02:18.116+0000] {logging_mixin.py:188} INFO - [2025-07-13T01:02:18.116+0000] {dag.py:3954} INFO - Setting next_dagrun for deepai_crawler_10min to 2025-07-13 00:50:00+00:00, run_after=2025-07-13 01:00:00+00:00
[2025-07-13T01:02:18.123+0000] {logging_mixin.py:188} INFO - [2025-07-13T01:02:18.123+0000] {dag.py:3954} INFO - Setting next_dagrun for deepai_monthly_insights to 2025-07-01 00:00:00+00:00, run_after=2025-08-01 00:00:00+00:00
[2025-07-13T01:02:18.140+0000] {processor.py:183} INFO - Processing /opt/airflow/dags/dags.py took 3.221 seconds
[2025-07-13T01:02:48.954+0000] {processor.py:161} INFO - Started process (PID=662) to work on /opt/airflow/dags/dags.py
[2025-07-13T01:02:48.954+0000] {processor.py:830} INFO - Processing file /opt/airflow/dags/dags.py for tasks to queue
[2025-07-13T01:02:48.956+0000] {logging_mixin.py:188} INFO - [2025-07-13T01:02:48.956+0000] {dagbag.py:545} INFO - Filling up the DagBag from /opt/airflow/dags/dags.py
[2025-07-13T01:02:50.336+0000] {logging_mixin.py:188} INFO - [2025-07-13T01:02:50.336+0000] {summary_gemini.py:20} INFO - 3.1.3
[2025-07-13T01:02:51.702+0000] {logging_mixin.py:188} INFO - [2025-07-13T01:02:51.701+0000] {media_upload_consumer.py:33} DEBUG - Thread: Media upload consumer thread #0 started and actively processing queue items
[2025-07-13T01:02:51.704+0000] {logging_mixin.py:188} INFO - [2025-07-13T01:02:51.704+0000] {prompt_cache.py:144} DEBUG - Prompt cache initialized.
[2025-07-13T01:02:51.705+0000] {logging_mixin.py:188} INFO - [2025-07-13T01:02:51.704+0000] {score_ingestion_consumer.py:124} DEBUG - Startup: Score ingestion consumer thread #0 started with batch size 15 and interval 1s
[2025-07-13T01:02:51.705+0000] {logging_mixin.py:188} INFO - [2025-07-13T01:02:51.705+0000] {resource_manager.py:259} INFO - Startup: Langfuse tracer successfully initialized | public_key=pk-lf-a17c2d30-02f1-43ee-8d12-50aa9c2906f4 | host=http://host.docker.internal:4000 | environment=default | sample_rate=1.0 | media_threads=1
[2025-07-13T01:02:51.717+0000] {processor.py:840} INFO - DAG(s) 'deepai_monthly_insights', 'deepai_crawler_10min' retrieved from /opt/airflow/dags/dags.py
[2025-07-13T01:02:51.751+0000] {logging_mixin.py:188} INFO - [2025-07-13T01:02:51.750+0000] {dag.py:3096} INFO - Sync 2 DAGs
[2025-07-13T01:02:51.779+0000] {logging_mixin.py:188} INFO - [2025-07-13T01:02:51.779+0000] {dag.py:3954} INFO - Setting next_dagrun for deepai_crawler_10min to 2025-07-13 00:50:00+00:00, run_after=2025-07-13 01:00:00+00:00
[2025-07-13T01:02:51.787+0000] {logging_mixin.py:188} INFO - [2025-07-13T01:02:51.787+0000] {dag.py:3954} INFO - Setting next_dagrun for deepai_monthly_insights to 2025-07-01 00:00:00+00:00, run_after=2025-08-01 00:00:00+00:00
[2025-07-13T01:02:51.810+0000] {processor.py:183} INFO - Processing /opt/airflow/dags/dags.py took 2.861 seconds
[2025-07-13T01:03:22.495+0000] {processor.py:161} INFO - Started process (PID=686) to work on /opt/airflow/dags/dags.py
[2025-07-13T01:03:22.496+0000] {processor.py:830} INFO - Processing file /opt/airflow/dags/dags.py for tasks to queue
[2025-07-13T01:03:22.498+0000] {logging_mixin.py:188} INFO - [2025-07-13T01:03:22.498+0000] {dagbag.py:545} INFO - Filling up the DagBag from /opt/airflow/dags/dags.py
[2025-07-13T01:03:24.070+0000] {logging_mixin.py:188} INFO - [2025-07-13T01:03:24.070+0000] {summary_gemini.py:20} INFO - 3.1.3
[2025-07-13T01:03:25.654+0000] {logging_mixin.py:188} INFO - [2025-07-13T01:03:25.653+0000] {media_upload_consumer.py:33} DEBUG - Thread: Media upload consumer thread #0 started and actively processing queue items
[2025-07-13T01:03:25.655+0000] {logging_mixin.py:188} INFO - [2025-07-13T01:03:25.655+0000] {prompt_cache.py:144} DEBUG - Prompt cache initialized.
[2025-07-13T01:03:25.657+0000] {logging_mixin.py:188} INFO - [2025-07-13T01:03:25.657+0000] {score_ingestion_consumer.py:124} DEBUG - Startup: Score ingestion consumer thread #0 started with batch size 15 and interval 1s
[2025-07-13T01:03:25.658+0000] {logging_mixin.py:188} INFO - [2025-07-13T01:03:25.657+0000] {resource_manager.py:259} INFO - Startup: Langfuse tracer successfully initialized | public_key=pk-lf-a17c2d30-02f1-43ee-8d12-50aa9c2906f4 | host=http://host.docker.internal:4000 | environment=default | sample_rate=1.0 | media_threads=1
[2025-07-13T01:03:25.676+0000] {processor.py:840} INFO - DAG(s) 'deepai_monthly_insights', 'deepai_crawler_10min' retrieved from /opt/airflow/dags/dags.py
[2025-07-13T01:03:25.710+0000] {logging_mixin.py:188} INFO - [2025-07-13T01:03:25.709+0000] {dag.py:3096} INFO - Sync 2 DAGs
[2025-07-13T01:03:25.734+0000] {logging_mixin.py:188} INFO - [2025-07-13T01:03:25.733+0000] {dag.py:3954} INFO - Setting next_dagrun for deepai_crawler_10min to 2025-07-13 00:50:00+00:00, run_after=2025-07-13 01:00:00+00:00
[2025-07-13T01:03:25.741+0000] {logging_mixin.py:188} INFO - [2025-07-13T01:03:25.740+0000] {dag.py:3954} INFO - Setting next_dagrun for deepai_monthly_insights to 2025-07-01 00:00:00+00:00, run_after=2025-08-01 00:00:00+00:00
[2025-07-13T01:03:25.764+0000] {processor.py:183} INFO - Processing /opt/airflow/dags/dags.py took 3.274 seconds
[2025-07-13T01:03:56.324+0000] {processor.py:161} INFO - Started process (PID=710) to work on /opt/airflow/dags/dags.py
[2025-07-13T01:03:56.325+0000] {processor.py:830} INFO - Processing file /opt/airflow/dags/dags.py for tasks to queue
[2025-07-13T01:03:56.328+0000] {logging_mixin.py:188} INFO - [2025-07-13T01:03:56.328+0000] {dagbag.py:545} INFO - Filling up the DagBag from /opt/airflow/dags/dags.py
[2025-07-13T01:03:58.740+0000] {logging_mixin.py:188} INFO - [2025-07-13T01:03:58.739+0000] {summary_gemini.py:20} INFO - 3.1.3
[2025-07-13T01:04:01.027+0000] {logging_mixin.py:188} INFO - [2025-07-13T01:04:01.025+0000] {media_upload_consumer.py:33} DEBUG - Thread: Media upload consumer thread #0 started and actively processing queue items
[2025-07-13T01:04:01.028+0000] {logging_mixin.py:188} INFO - [2025-07-13T01:04:01.027+0000] {prompt_cache.py:144} DEBUG - Prompt cache initialized.
[2025-07-13T01:04:01.029+0000] {logging_mixin.py:188} INFO - [2025-07-13T01:04:01.029+0000] {score_ingestion_consumer.py:124} DEBUG - Startup: Score ingestion consumer thread #0 started with batch size 15 and interval 1s
[2025-07-13T01:04:01.030+0000] {logging_mixin.py:188} INFO - [2025-07-13T01:04:01.029+0000] {resource_manager.py:259} INFO - Startup: Langfuse tracer successfully initialized | public_key=pk-lf-a17c2d30-02f1-43ee-8d12-50aa9c2906f4 | host=http://host.docker.internal:4000 | environment=default | sample_rate=1.0 | media_threads=1
[2025-07-13T01:04:01.046+0000] {processor.py:840} INFO - DAG(s) 'deepai_crawler_10min', 'deepai_monthly_insights' retrieved from /opt/airflow/dags/dags.py
[2025-07-13T01:04:01.087+0000] {logging_mixin.py:188} INFO - [2025-07-13T01:04:01.087+0000] {dag.py:3096} INFO - Sync 2 DAGs
[2025-07-13T01:04:01.113+0000] {logging_mixin.py:188} INFO - [2025-07-13T01:04:01.113+0000] {dag.py:3954} INFO - Setting next_dagrun for deepai_crawler_10min to 2025-07-13 00:50:00+00:00, run_after=2025-07-13 01:00:00+00:00
[2025-07-13T01:04:01.121+0000] {logging_mixin.py:188} INFO - [2025-07-13T01:04:01.120+0000] {dag.py:3954} INFO - Setting next_dagrun for deepai_monthly_insights to 2025-07-01 00:00:00+00:00, run_after=2025-08-01 00:00:00+00:00
[2025-07-13T01:04:01.144+0000] {processor.py:183} INFO - Processing /opt/airflow/dags/dags.py took 4.834 seconds
[2025-07-13T01:04:31.534+0000] {processor.py:161} INFO - Started process (PID=734) to work on /opt/airflow/dags/dags.py
[2025-07-13T01:04:31.535+0000] {processor.py:830} INFO - Processing file /opt/airflow/dags/dags.py for tasks to queue
[2025-07-13T01:04:31.537+0000] {logging_mixin.py:188} INFO - [2025-07-13T01:04:31.537+0000] {dagbag.py:545} INFO - Filling up the DagBag from /opt/airflow/dags/dags.py
[2025-07-13T01:04:33.432+0000] {logging_mixin.py:188} INFO - [2025-07-13T01:04:33.432+0000] {summary_gemini.py:20} INFO - 3.1.3
[2025-07-13T01:04:36.806+0000] {logging_mixin.py:188} INFO - [2025-07-13T01:04:36.805+0000] {media_upload_consumer.py:33} DEBUG - Thread: Media upload consumer thread #0 started and actively processing queue items
[2025-07-13T01:04:36.808+0000] {logging_mixin.py:188} INFO - [2025-07-13T01:04:36.807+0000] {prompt_cache.py:144} DEBUG - Prompt cache initialized.
[2025-07-13T01:04:36.810+0000] {logging_mixin.py:188} INFO - [2025-07-13T01:04:36.809+0000] {score_ingestion_consumer.py:124} DEBUG - Startup: Score ingestion consumer thread #0 started with batch size 15 and interval 1s
[2025-07-13T01:04:36.810+0000] {logging_mixin.py:188} INFO - [2025-07-13T01:04:36.809+0000] {resource_manager.py:259} INFO - Startup: Langfuse tracer successfully initialized | public_key=pk-lf-a17c2d30-02f1-43ee-8d12-50aa9c2906f4 | host=http://host.docker.internal:4000 | environment=default | sample_rate=1.0 | media_threads=1
[2025-07-13T01:04:36.824+0000] {processor.py:840} INFO - DAG(s) 'deepai_crawler_10min', 'deepai_monthly_insights' retrieved from /opt/airflow/dags/dags.py
[2025-07-13T01:04:36.855+0000] {logging_mixin.py:188} INFO - [2025-07-13T01:04:36.855+0000] {dag.py:3096} INFO - Sync 2 DAGs
[2025-07-13T01:04:36.879+0000] {logging_mixin.py:188} INFO - [2025-07-13T01:04:36.879+0000] {dag.py:3954} INFO - Setting next_dagrun for deepai_crawler_10min to 2025-07-13 00:50:00+00:00, run_after=2025-07-13 01:00:00+00:00
[2025-07-13T01:04:36.886+0000] {logging_mixin.py:188} INFO - [2025-07-13T01:04:36.885+0000] {dag.py:3954} INFO - Setting next_dagrun for deepai_monthly_insights to 2025-07-01 00:00:00+00:00, run_after=2025-08-01 00:00:00+00:00
[2025-07-13T01:04:36.935+0000] {processor.py:183} INFO - Processing /opt/airflow/dags/dags.py took 3.814 seconds
[2025-07-13T01:05:08.230+0000] {processor.py:161} INFO - Started process (PID=758) to work on /opt/airflow/dags/dags.py
[2025-07-13T01:05:08.231+0000] {processor.py:830} INFO - Processing file /opt/airflow/dags/dags.py for tasks to queue
[2025-07-13T01:05:08.232+0000] {logging_mixin.py:188} INFO - [2025-07-13T01:05:08.232+0000] {dagbag.py:545} INFO - Filling up the DagBag from /opt/airflow/dags/dags.py
[2025-07-13T01:05:09.629+0000] {logging_mixin.py:188} INFO - [2025-07-13T01:05:09.629+0000] {summary_gemini.py:20} INFO - 3.1.3
[2025-07-13T01:05:11.099+0000] {logging_mixin.py:188} INFO - [2025-07-13T01:05:11.099+0000] {media_upload_consumer.py:33} DEBUG - Thread: Media upload consumer thread #0 started and actively processing queue items
[2025-07-13T01:05:11.101+0000] {logging_mixin.py:188} INFO - [2025-07-13T01:05:11.101+0000] {prompt_cache.py:144} DEBUG - Prompt cache initialized.
[2025-07-13T01:05:11.102+0000] {logging_mixin.py:188} INFO - [2025-07-13T01:05:11.102+0000] {score_ingestion_consumer.py:124} DEBUG - Startup: Score ingestion consumer thread #0 started with batch size 15 and interval 1s
[2025-07-13T01:05:11.103+0000] {logging_mixin.py:188} INFO - [2025-07-13T01:05:11.102+0000] {resource_manager.py:259} INFO - Startup: Langfuse tracer successfully initialized | public_key=pk-lf-a17c2d30-02f1-43ee-8d12-50aa9c2906f4 | host=http://host.docker.internal:4000 | environment=default | sample_rate=1.0 | media_threads=1
[2025-07-13T01:05:11.113+0000] {processor.py:840} INFO - DAG(s) 'deepai_crawler_10min', 'deepai_monthly_insights' retrieved from /opt/airflow/dags/dags.py
[2025-07-13T01:05:11.137+0000] {logging_mixin.py:188} INFO - [2025-07-13T01:05:11.136+0000] {dag.py:3096} INFO - Sync 2 DAGs
[2025-07-13T01:05:11.157+0000] {logging_mixin.py:188} INFO - [2025-07-13T01:05:11.157+0000] {dag.py:3954} INFO - Setting next_dagrun for deepai_crawler_10min to 2025-07-13 00:50:00+00:00, run_after=2025-07-13 01:00:00+00:00
[2025-07-13T01:05:11.162+0000] {logging_mixin.py:188} INFO - [2025-07-13T01:05:11.162+0000] {dag.py:3954} INFO - Setting next_dagrun for deepai_monthly_insights to 2025-07-01 00:00:00+00:00, run_after=2025-08-01 00:00:00+00:00
[2025-07-13T01:05:11.187+0000] {processor.py:183} INFO - Processing /opt/airflow/dags/dags.py took 2.962 seconds
[2025-07-13T01:05:41.378+0000] {processor.py:161} INFO - Started process (PID=782) to work on /opt/airflow/dags/dags.py
[2025-07-13T01:05:41.379+0000] {processor.py:830} INFO - Processing file /opt/airflow/dags/dags.py for tasks to queue
[2025-07-13T01:05:41.381+0000] {logging_mixin.py:188} INFO - [2025-07-13T01:05:41.381+0000] {dagbag.py:545} INFO - Filling up the DagBag from /opt/airflow/dags/dags.py
