[2025-06-22T10:40:32.801+0000] {local_task_job_runner.py:120} INFO - ::group::Pre task execution logs
[2025-06-22T10:40:32.821+0000] {taskinstance.py:2076} INFO - Dependencies all met for dep_context=non-requeueable deps ti=<TaskInstance: deepai_crawler_10min.crawl_science scheduled__2025-06-22T10:30:00+00:00 [queued]>
[2025-06-22T10:40:32.833+0000] {taskinstance.py:2076} INFO - Dependencies all met for dep_context=requeueable deps ti=<TaskInstance: deepai_crawler_10min.crawl_science scheduled__2025-06-22T10:30:00+00:00 [queued]>
[2025-06-22T10:40:32.834+0000] {taskinstance.py:2306} INFO - Starting attempt 1 of 3
[2025-06-22T10:40:32.851+0000] {taskinstance.py:2330} INFO - Executing <Task(PythonOperator): crawl_science> on 2025-06-22 10:30:00+00:00
[2025-06-22T10:40:32.863+0000] {warnings.py:112} WARNING - /home/***/.local/lib/python3.12/site-packages/***/task/task_runner/standard_task_runner.py:61: DeprecationWarning: This process (pid=8533) is multi-threaded, use of fork() may lead to deadlocks in the child.
  pid = os.fork()

[2025-06-22T10:40:32.865+0000] {standard_task_runner.py:63} INFO - Started process 8551 to run task
[2025-06-22T10:40:32.867+0000] {standard_task_runner.py:90} INFO - Running: ['***', 'tasks', 'run', 'deepai_crawler_10min', 'crawl_science', 'scheduled__2025-06-22T10:30:00+00:00', '--job-id', '392', '--raw', '--subdir', 'DAGS_FOLDER/dags.py', '--cfg-path', '/tmp/tmp5dxrjl5q']
[2025-06-22T10:40:32.871+0000] {standard_task_runner.py:91} INFO - Job 392: Subtask crawl_science
[2025-06-22T10:40:32.930+0000] {task_command.py:426} INFO - Running <TaskInstance: deepai_crawler_10min.crawl_science scheduled__2025-06-22T10:30:00+00:00 [running]> on host 5471b5a2dbbe
[2025-06-22T10:40:33.052+0000] {taskinstance.py:2648} INFO - Exporting env vars: AIRFLOW_CTX_DAG_OWNER='***' AIRFLOW_CTX_DAG_ID='deepai_crawler_10min' AIRFLOW_CTX_TASK_ID='crawl_science' AIRFLOW_CTX_EXECUTION_DATE='2025-06-22T10:30:00+00:00' AIRFLOW_CTX_TRY_NUMBER='1' AIRFLOW_CTX_DAG_RUN_ID='scheduled__2025-06-22T10:30:00+00:00'
[2025-06-22T10:40:33.054+0000] {taskinstance.py:430} INFO - ::endgroup::
[2025-06-22T10:40:33.075+0000] {dags.py:172} INFO - Bắt đầu crawl category: science
[2025-06-22T10:40:33.240+0000] {crawler_deeplai.py:51} INFO - Đã kết nối thành công với MongoDB: deeplearning_ai_news
[2025-06-22T10:40:33.279+0000] {crawler_deeplai.py:465} INFO - 🚀 Đang bắt đầu quá trình crawl với Load More...
[2025-06-22T10:40:33.490+0000] {media_manager.py:52} DEBUG - Queue: Media upload queue is empty, waiting for new jobs
[2025-06-22T10:40:34.273+0000] {logging_mixin.py:188} INFO - [INIT].... → Crawl4AI 0.6.3
[2025-06-22T10:40:34.274+0000] {crawler_deeplai.py:179} INFO - 🌐 Đang truy cập: https://www.deeplearning.ai/the-batch/tag/science/
[2025-06-22T10:40:34.275+0000] {crawler_deeplai.py:180} INFO - ⚙️ Cấu hình: max_articles=100, min_threshold=5, max_clicks=1
[2025-06-22T10:40:34.491+0000] {media_manager.py:52} DEBUG - Queue: Media upload queue is empty, waiting for new jobs
[2025-06-22T10:40:35.492+0000] {media_manager.py:52} DEBUG - Queue: Media upload queue is empty, waiting for new jobs
[2025-06-22T10:40:36.493+0000] {media_manager.py:52} DEBUG - Queue: Media upload queue is empty, waiting for new jobs
[2025-06-22T10:40:37.494+0000] {media_manager.py:52} DEBUG - Queue: Media upload queue is empty, waiting for new jobs
[2025-06-22T10:40:38.495+0000] {media_manager.py:52} DEBUG - Queue: Media upload queue is empty, waiting for new jobs
[2025-06-22T10:40:39.138+0000] {logging_mixin.py:188} INFO - [FETCH]... ↓ https://www.deeplearning.ai/the-batch/tag/science/                 
| ✓ | ⏱: 4.86s
[2025-06-22T10:40:39.246+0000] {logging_mixin.py:188} INFO - [SCRAPE].. ◆ https://www.deeplearning.ai/the-batch/tag/science/                 
| ✓ | ⏱: 0.11s
[2025-06-22T10:40:39.248+0000] {logging_mixin.py:188} INFO - [COMPLETE] ● https://www.deeplearning.ai/the-batch/tag/science/                 
| ✓ | ⏱: 4.97s
[2025-06-22T10:40:39.249+0000] {crawler_deeplai.py:184} INFO - 📋 JavaScript execution result: {'success': True, 'results': [{'success': True, 'result': {}}]}
[2025-06-22T10:40:39.290+0000] {crawler_deeplai.py:204} INFO - 🎯 Tổng cộng tìm thấy 30 link bài viết unique
[2025-06-22T10:40:39.290+0000] {crawler_deeplai.py:208} INFO - 🔍 Một vài URL đầu tiên:
[2025-06-22T10:40:39.291+0000] {crawler_deeplai.py:210} INFO -   1. https://www.deeplearning.ai/the-batch/a-neural-network-shows-remarkable-accuracy-in-forecasting-risk-of-pancreatic-cancer/
[2025-06-22T10:40:39.291+0000] {crawler_deeplai.py:210} INFO -   2. https://www.deeplearning.ai/the-batch/a-roadmap-explores-how-ai-can-detect-and-mitigate-greenhouse-gases/
[2025-06-22T10:40:39.292+0000] {crawler_deeplai.py:210} INFO -   3. https://www.deeplearning.ai/the-batch/agentic-workflow-generates-novel-scientific-research-papers/
[2025-06-22T10:40:39.292+0000] {crawler_deeplai.py:210} INFO -   4. https://www.deeplearning.ai/the-batch/ai-and-data-center-boom-challenges-big-techs-emissions-targets/
[2025-06-22T10:40:39.293+0000] {crawler_deeplai.py:210} INFO -   5. https://www.deeplearning.ai/the-batch/ai-co-scientist-an-agent-that-generates-research-hypotheses-aiding-drug-discovery/
[2025-06-22T10:40:39.293+0000] {crawler_deeplai.py:214} INFO - 📊 Sẽ crawl 30 bài viết
[2025-06-22T10:40:39.497+0000] {media_manager.py:52} DEBUG - Queue: Media upload queue is empty, waiting for new jobs
[2025-06-22T10:40:39.923+0000] {crawler_deeplai.py:458} INFO - Đã lọc: 30 URLs ban đầu -> 0 URLs mới
[2025-06-22T10:40:39.923+0000] {crawler_deeplai.py:476} INFO - ℹ️ Không có bài viết mới nào trong danh mục science cần crawl.
[2025-06-22T10:40:39.924+0000] {crawler_deeplai.py:533} INFO - ℹ️ Không có bài viết để lưu vào collection 'science'
[2025-06-22T10:40:39.999+0000] {dags.py:177} INFO - Hoàn thành crawl category: science
[2025-06-22T10:40:40.003+0000] {python.py:237} INFO - Done. Returned value was: None
[2025-06-22T10:40:40.004+0000] {taskinstance.py:441} INFO - ::group::Post task execution logs
[2025-06-22T10:40:40.018+0000] {taskinstance.py:1206} INFO - Marking task as SUCCESS. dag_id=deepai_crawler_10min, task_id=crawl_science, run_id=scheduled__2025-06-22T10:30:00+00:00, execution_date=20250622T103000, start_date=20250622T104032, end_date=20250622T104040
[2025-06-22T10:40:40.068+0000] {local_task_job_runner.py:240} INFO - Task exited with return code 0
[2025-06-22T10:40:40.103+0000] {taskinstance.py:3503} INFO - 0 downstream tasks scheduled from follow-on schedule check
[2025-06-22T10:40:40.106+0000] {local_task_job_runner.py:222} INFO - ::endgroup::
