[2025-05-16T17:20:34.987+0000] {local_task_job_runner.py:120} INFO - ::group::Pre task execution logs
[2025-05-16T17:20:35.008+0000] {taskinstance.py:2076} INFO - Dependencies all met for dep_context=non-requeueable deps ti=<TaskInstance: vietnamnet_crawler_24h.crawl_phap-luat manual__2025-05-16T17:19:39.822245+00:00 [queued]>
[2025-05-16T17:20:35.015+0000] {taskinstance.py:2076} INFO - Dependencies all met for dep_context=requeueable deps ti=<TaskInstance: vietnamnet_crawler_24h.crawl_phap-luat manual__2025-05-16T17:19:39.822245+00:00 [queued]>
[2025-05-16T17:20:35.016+0000] {taskinstance.py:2306} INFO - Starting attempt 1 of 2
[2025-05-16T17:20:35.029+0000] {taskinstance.py:2330} INFO - Executing <Task(PythonOperator): crawl_phap-luat> on 2025-05-16 17:19:39.822245+00:00
[2025-05-16T17:20:35.035+0000] {warnings.py:112} WARNING - /home/***/.local/lib/python3.12/site-packages/***/task/task_runner/standard_task_runner.py:61: DeprecationWarning: This process (pid=3930) is multi-threaded, use of fork() may lead to deadlocks in the child.
  pid = os.fork()

[2025-05-16T17:20:35.036+0000] {standard_task_runner.py:63} INFO - Started process 3931 to run task
[2025-05-16T17:20:35.037+0000] {standard_task_runner.py:90} INFO - Running: ['***', 'tasks', 'run', 'vietnamnet_crawler_24h', 'crawl_phap-luat', 'manual__2025-05-16T17:19:39.822245+00:00', '--job-id', '96', '--raw', '--subdir', 'DAGS_FOLDER/dags.py', '--cfg-path', '/tmp/tmp37n1w696']
[2025-05-16T17:20:35.039+0000] {standard_task_runner.py:91} INFO - Job 96: Subtask crawl_phap-luat
[2025-05-16T17:20:35.076+0000] {task_command.py:426} INFO - Running <TaskInstance: vietnamnet_crawler_24h.crawl_phap-luat manual__2025-05-16T17:19:39.822245+00:00 [running]> on host 60d771d880eb
[2025-05-16T17:20:35.154+0000] {taskinstance.py:2648} INFO - Exporting env vars: AIRFLOW_CTX_DAG_OWNER='***' AIRFLOW_CTX_DAG_ID='vietnamnet_crawler_24h' AIRFLOW_CTX_TASK_ID='crawl_phap-luat' AIRFLOW_CTX_EXECUTION_DATE='2025-05-16T17:19:39.822245+00:00' AIRFLOW_CTX_TRY_NUMBER='1' AIRFLOW_CTX_DAG_RUN_ID='manual__2025-05-16T17:19:39.822245+00:00'
[2025-05-16T17:20:35.156+0000] {taskinstance.py:430} INFO - ::endgroup::
[2025-05-16T17:20:35.319+0000] {crawler.py:55} INFO - Đã kết nối thành công với MongoDB: News
[2025-05-16T17:20:35.936+0000] {logging_mixin.py:188} INFO - [INIT].... → Crawl4AI 0.6.2
[2025-05-16T17:20:38.315+0000] {logging_mixin.py:188} INFO - [FETCH]... ↓ https://vietnamnet.vn/tin-tuc-24h?bydaterang=&cate=000008                                            | 
[2025-05-16T17:20:38.315+0000] {logging_mixin.py:188} INFO - ✓
[2025-05-16T17:20:38.316+0000] {logging_mixin.py:188} INFO -  | ⏱: 2.33s
[2025-05-16T17:20:38.469+0000] {logging_mixin.py:188} INFO - [SCRAPE].. ◆ https://vietnamnet.vn/tin-tuc-24h?bydaterang=&cate=000008                                            | 
[2025-05-16T17:20:38.469+0000] {logging_mixin.py:188} INFO - ✓
[2025-05-16T17:20:38.470+0000] {logging_mixin.py:188} INFO -  | ⏱: 0.15s
[2025-05-16T17:20:38.471+0000] {logging_mixin.py:188} INFO - [COMPLETE] ● https://vietnamnet.vn/tin-tuc-24h?bydaterang=&cate=000008                                            | 
[2025-05-16T17:20:38.471+0000] {logging_mixin.py:188} INFO - ✓
[2025-05-16T17:20:38.472+0000] {logging_mixin.py:188} INFO -  | ⏱: 2.48s
[2025-05-16T17:20:38.537+0000] {crawler.py:85} INFO - Tìm thấy 25 link bài viết cho danh mục phap-luat
[2025-05-16T17:20:39.146+0000] {crawler.py:110} INFO - Đã lọc: 25 URLs ban đầu -> 1 URLs sau xử lý live
[2025-05-16T17:20:39.147+0000] {crawler.py:247} INFO - Đang crawl 1 bài viết mới từ danh mục phap-luat...
[2025-05-16T17:20:39.147+0000] {crawler.py:250} INFO - --> Crawl: https://vietnamnet.vn/cho-vay-voi-lai-suat-dac-biet-cao-5-400-nam-nguoi-phu-nu-lanh-1-nam-tu-2401837.html
[2025-05-16T17:20:39.777+0000] {logging_mixin.py:188} INFO - [INIT].... → Crawl4AI 0.6.2
[2025-05-16T17:20:42.517+0000] {logging_mixin.py:188} INFO - [FETCH]... ↓ https://vietnamnet.vn/cho-vay-voi-lai-suat-dac-b...-400-nam-nguoi-phu-nu-lanh-1-nam-tu-2401837.html  | 
[2025-05-16T17:20:42.518+0000] {logging_mixin.py:188} INFO - ✓
[2025-05-16T17:20:42.519+0000] {logging_mixin.py:188} INFO -  | ⏱: 2.69s
[2025-05-16T17:20:42.705+0000] {logging_mixin.py:188} INFO - [SCRAPE].. ◆ https://vietnamnet.vn/cho-vay-voi-lai-suat-dac-b...-400-nam-nguoi-phu-nu-lanh-1-nam-tu-2401837.html  | 
[2025-05-16T17:20:42.706+0000] {logging_mixin.py:188} INFO - ✓
[2025-05-16T17:20:42.707+0000] {logging_mixin.py:188} INFO -  | ⏱: 0.18s
[2025-05-16T17:20:42.710+0000] {logging_mixin.py:188} INFO - [COMPLETE] ● https://vietnamnet.vn/cho-vay-voi-lai-suat-dac-b...-400-nam-nguoi-phu-nu-lanh-1-nam-tu-2401837.html  | 
[2025-05-16T17:20:42.711+0000] {logging_mixin.py:188} INFO - ✓
[2025-05-16T17:20:42.712+0000] {logging_mixin.py:188} INFO -  | ⏱: 2.88s
[2025-05-16T17:20:43.085+0000] {crawler.py:254} INFO -     ✓ Cho vay với lãi suất đặc biệt cao 5.400%/năm, người phụ nữ l...

[2025-05-16T17:20:43.086+0000] {crawler.py:257} INFO - ⏱️  Tổng thời gian crawl: 7.77 giây
[2025-05-16T17:20:43.152+0000] {crawler.py:282} INFO - Đã lưu 1 bài viết vào collection 'phap-luat'
[2025-05-16T17:20:43.213+0000] {python.py:237} INFO - Done. Returned value was: None
[2025-05-16T17:20:43.215+0000] {taskinstance.py:441} INFO - ::group::Post task execution logs
[2025-05-16T17:20:43.223+0000] {taskinstance.py:1206} INFO - Marking task as SUCCESS. dag_id=vietnamnet_crawler_24h, task_id=crawl_phap-luat, run_id=manual__2025-05-16T17:19:39.822245+00:00, execution_date=20250516T171939, start_date=20250516T172035, end_date=20250516T172043
[2025-05-16T17:20:43.279+0000] {local_task_job_runner.py:240} INFO - Task exited with return code 0
[2025-05-16T17:20:43.302+0000] {taskinstance.py:3503} INFO - 1 downstream tasks scheduled from follow-on schedule check
[2025-05-16T17:20:43.304+0000] {local_task_job_runner.py:222} INFO - ::endgroup::
