[2025-05-15T10:27:18.188+0000] {local_task_job_runner.py:120} INFO - ::group::Pre task execution logs
[2025-05-15T10:27:18.225+0000] {taskinstance.py:2076} INFO - Dependencies all met for dep_context=non-requeueable deps ti=<TaskInstance: vietnamnet_crawler_24h.clean_old_articles manual__2025-05-15T10:27:15.440506+00:00 [queued]>
[2025-05-15T10:27:18.237+0000] {taskinstance.py:2076} INFO - Dependencies all met for dep_context=requeueable deps ti=<TaskInstance: vietnamnet_crawler_24h.clean_old_articles manual__2025-05-15T10:27:15.440506+00:00 [queued]>
[2025-05-15T10:27:18.238+0000] {taskinstance.py:2306} INFO - Starting attempt 1 of 2
[2025-05-15T10:27:18.256+0000] {taskinstance.py:2330} INFO - Executing <Task(PythonOperator): clean_old_articles> on 2025-05-15 10:27:15.440506+00:00
[2025-05-15T10:27:18.264+0000] {warnings.py:112} WARNING - /home/***/.local/lib/python3.12/site-packages/***/task/task_runner/standard_task_runner.py:61: DeprecationWarning: This process (pid=4274) is multi-threaded, use of fork() may lead to deadlocks in the child.
  pid = os.fork()

[2025-05-15T10:27:18.266+0000] {standard_task_runner.py:63} INFO - Started process 4290 to run task
[2025-05-15T10:27:18.267+0000] {standard_task_runner.py:90} INFO - Running: ['***', 'tasks', 'run', 'vietnamnet_crawler_24h', 'clean_old_articles', 'manual__2025-05-15T10:27:15.440506+00:00', '--job-id', '14', '--raw', '--subdir', 'DAGS_FOLDER/dags.py', '--cfg-path', '/tmp/tmp2ad9rhmq']
[2025-05-15T10:27:18.270+0000] {standard_task_runner.py:91} INFO - Job 14: Subtask clean_old_articles
[2025-05-15T10:27:18.333+0000] {task_command.py:426} INFO - Running <TaskInstance: vietnamnet_crawler_24h.clean_old_articles manual__2025-05-15T10:27:15.440506+00:00 [running]> on host 45f6bdc6b965
[2025-05-15T10:27:18.452+0000] {taskinstance.py:2648} INFO - Exporting env vars: AIRFLOW_CTX_DAG_OWNER='***' AIRFLOW_CTX_DAG_ID='vietnamnet_crawler_24h' AIRFLOW_CTX_TASK_ID='clean_old_articles' AIRFLOW_CTX_EXECUTION_DATE='2025-05-15T10:27:15.440506+00:00' AIRFLOW_CTX_TRY_NUMBER='1' AIRFLOW_CTX_DAG_RUN_ID='manual__2025-05-15T10:27:15.440506+00:00'
[2025-05-15T10:27:18.454+0000] {taskinstance.py:430} INFO - ::endgroup::
[2025-05-15T10:27:18.807+0000] {database_cleaner.py:33} INFO - Đã kết nối MongoDB: News
[2025-05-15T10:27:18.808+0000] {database_cleaner.py:102} INFO - Xóa các bài viết trước: 2025-04-14T17:27:18.808009+07:00
[2025-05-15T10:27:20.088+0000] {database_cleaner.py:125} INFO - Collection 'cong-nghe': 0 bài bị xóa
[2025-05-15T10:27:20.404+0000] {database_cleaner.py:125} INFO - Collection 'the-gioi': 0 bài bị xóa
[2025-05-15T10:27:21.066+0000] {database_cleaner.py:125} INFO - Collection 'chinh-tri': 0 bài bị xóa
[2025-05-15T10:27:21.305+0000] {database_cleaner.py:125} INFO - Collection 'phap-luat': 0 bài bị xóa
[2025-05-15T10:27:21.590+0000] {database_cleaner.py:125} INFO - Collection 'doi-song': 0 bài bị xóa
[2025-05-15T10:27:21.882+0000] {database_cleaner.py:125} INFO - Collection 'giao-duc': 0 bài bị xóa
[2025-05-15T10:27:21.947+0000] {database_cleaner.py:42} INFO - Đã đóng kết nối MongoDB
[2025-05-15T10:27:21.953+0000] {database_cleaner.py:142} INFO - Đã xóa tổng cộng 0 bài, còn lại 1670
[2025-05-15T10:27:21.962+0000] {python.py:237} INFO - Done. Returned value was: {'cong-nghe': {'total': 136, 'deleted': 0, 'remaining': 136}, 'the-gioi': {'total': 364, 'deleted': 0, 'remaining': 364}, 'chinh-tri': {'total': 497, 'deleted': 0, 'remaining': 497}, 'phap-luat': {'total': 168, 'deleted': 0, 'remaining': 168}, 'doi-song': {'total': 244, 'deleted': 0, 'remaining': 244}, 'giao-duc': {'total': 261, 'deleted': 0, 'remaining': 261}}
[2025-05-15T10:27:21.976+0000] {taskinstance.py:441} INFO - ::group::Post task execution logs
[2025-05-15T10:27:22.103+0000] {taskinstance.py:1206} INFO - Marking task as SUCCESS. dag_id=vietnamnet_crawler_24h, task_id=clean_old_articles, run_id=manual__2025-05-15T10:27:15.440506+00:00, execution_date=20250515T102715, start_date=20250515T102718, end_date=20250515T102722
[2025-05-15T10:27:22.286+0000] {local_task_job_runner.py:240} INFO - Task exited with return code 0
[2025-05-15T10:27:22.367+0000] {taskinstance.py:3503} INFO - 1 downstream tasks scheduled from follow-on schedule check
[2025-05-15T10:27:22.372+0000] {local_task_job_runner.py:222} INFO - ::endgroup::
