[2025-06-02T14:24:04.056+0000] {local_task_job_runner.py:120} INFO - ::group::Pre task execution logs
[2025-06-02T14:24:04.086+0000] {taskinstance.py:2076} INFO - Dependencies all met for dep_context=non-requeueable deps ti=<TaskInstance: vietnamnet_crawler_24h.crawl_the-gioi scheduled__2025-06-02T13:30:00+00:00 [queued]>
[2025-06-02T14:24:04.096+0000] {taskinstance.py:2076} INFO - Dependencies all met for dep_context=requeueable deps ti=<TaskInstance: vietnamnet_crawler_24h.crawl_the-gioi scheduled__2025-06-02T13:30:00+00:00 [queued]>
[2025-06-02T14:24:04.096+0000] {taskinstance.py:2306} INFO - Starting attempt 1 of 2
[2025-06-02T14:24:04.115+0000] {taskinstance.py:2330} INFO - Executing <Task(PythonOperator): crawl_the-gioi> on 2025-06-02 13:30:00+00:00
[2025-06-02T14:24:04.123+0000] {warnings.py:112} WARNING - /home/***/.local/lib/python3.12/site-packages/***/task/task_runner/standard_task_runner.py:61: DeprecationWarning: This process (pid=16128) is multi-threaded, use of fork() may lead to deadlocks in the child.
  pid = os.fork()

[2025-06-02T14:24:04.125+0000] {standard_task_runner.py:63} INFO - Started process 16145 to run task
[2025-06-02T14:24:04.126+0000] {standard_task_runner.py:90} INFO - Running: ['***', 'tasks', 'run', 'vietnamnet_crawler_24h', 'crawl_the-gioi', 'scheduled__2025-06-02T13:30:00+00:00', '--job-id', '10', '--raw', '--subdir', 'DAGS_FOLDER/dags.py', '--cfg-path', '/tmp/tmpxvj61fat']
[2025-06-02T14:24:04.128+0000] {standard_task_runner.py:91} INFO - Job 10: Subtask crawl_the-gioi
[2025-06-02T14:24:04.189+0000] {task_command.py:426} INFO - Running <TaskInstance: vietnamnet_crawler_24h.crawl_the-gioi scheduled__2025-06-02T13:30:00+00:00 [running]> on host 1c99532c5ee4
[2025-06-02T14:24:04.306+0000] {taskinstance.py:2648} INFO - Exporting env vars: AIRFLOW_CTX_DAG_OWNER='***' AIRFLOW_CTX_DAG_ID='vietnamnet_crawler_24h' AIRFLOW_CTX_TASK_ID='crawl_the-gioi' AIRFLOW_CTX_EXECUTION_DATE='2025-06-02T13:30:00+00:00' AIRFLOW_CTX_TRY_NUMBER='1' AIRFLOW_CTX_DAG_RUN_ID='scheduled__2025-06-02T13:30:00+00:00'
[2025-06-02T14:24:04.308+0000] {taskinstance.py:430} INFO - ::endgroup::
[2025-06-02T14:24:04.631+0000] {crawler.py:55} INFO - Đã kết nối thành công với MongoDB: News
[2025-06-02T14:24:05.698+0000] {logging_mixin.py:188} INFO - [INIT].... → Crawl4AI 0.6.3
[2025-06-02T14:24:11.585+0000] {logging_mixin.py:188} INFO - [FETCH]... ↓ https://vietnamnet.vn/tin-tuc-24h?bydaterang=&cate=000005          
| ✓ | ⏱: 5.71s
[2025-06-02T14:24:12.094+0000] {logging_mixin.py:188} INFO - [SCRAPE].. ◆ https://vietnamnet.vn/tin-tuc-24h?bydaterang=&cate=000005          
| ✓ | ⏱: 0.51s
[2025-06-02T14:24:12.098+0000] {logging_mixin.py:188} INFO - [COMPLETE] ● https://vietnamnet.vn/tin-tuc-24h?bydaterang=&cate=000005          
| ✓ | ⏱: 6.23s
[2025-06-02T14:24:12.258+0000] {crawler.py:85} INFO - Tìm thấy 25 link bài viết cho danh mục the-gioi
[2025-06-02T14:24:12.979+0000] {crawler.py:110} INFO - Đã lọc: 25 URLs ban đầu -> 25 URLs sau xử lý live
[2025-06-02T14:24:12.980+0000] {crawler.py:255} INFO - Đang crawl 25 bài viết mới từ danh mục the-gioi...
[2025-06-02T14:24:12.981+0000] {crawler.py:258} INFO - --> Crawl: https://vietnamnet.vn/he-lo-thoi-gian-dia-diem-va-muc-tieu-trong-cuoc-dam-phan-moi-cua-nga-ukraine-2407123.html
[2025-06-02T14:24:15.612+0000] {logging_mixin.py:188} INFO - [INIT].... → Crawl4AI 0.6.3
[2025-06-02T14:24:27.022+0000] {logging_mixin.py:188} INFO - [FETCH]... ↓ 
https://vietnamnet.vn/he-lo-thoi-gian-dia-diem-v...g-cuoc-dam-phan-moi-cua-nga-u
kraine-2407123.html  | ✓ | ⏱: 11.08s
[2025-06-02T14:24:27.580+0000] {logging_mixin.py:188} INFO - [SCRAPE].. ◆ 
https://vietnamnet.vn/he-lo-thoi-gian-dia-diem-v...g-cuoc-dam-phan-moi-cua-nga-u
kraine-2407123.html  | ✓ | ⏱: 0.55s
[2025-06-02T14:24:27.583+0000] {logging_mixin.py:188} INFO - [COMPLETE] ● 
https://vietnamnet.vn/he-lo-thoi-gian-dia-diem-v...g-cuoc-dam-phan-moi-cua-nga-u
kraine-2407123.html  | ✓ | ⏱: 11.64s
[2025-06-02T14:24:28.789+0000] {crawler.py:262} INFO -     ✓ Thời gian, địa điểm, và mục tiêu trong cuộc đàm phán mới của...

[2025-06-02T14:24:28.791+0000] {crawler.py:258} INFO - --> Crawl: https://vietnamnet.vn/tong-thong-ukraine-he-lo-thong-tin-dac-biet-ve-vu-tan-cong-loat-san-bay-nga-2407126.html
[2025-06-02T14:24:30.054+0000] {logging_mixin.py:188} INFO - [INIT].... → Crawl4AI 0.6.3
[2025-06-02T14:24:37.619+0000] {logging_mixin.py:188} INFO - [FETCH]... ↓ 
https://vietnamnet.vn/tong-thong-ukraine-he-lo-t...iet-ve-vu-tan-cong-loat-san-b
ay-nga-2407126.html  | ✓ | ⏱: 7.50s
[2025-06-02T14:24:38.337+0000] {logging_mixin.py:188} INFO - [SCRAPE].. ◆ 
https://vietnamnet.vn/tong-thong-ukraine-he-lo-t...iet-ve-vu-tan-cong-loat-san-b
ay-nga-2407126.html  | ✓ | ⏱: 0.71s
[2025-06-02T14:24:38.346+0000] {logging_mixin.py:188} INFO - [COMPLETE] ● 
https://vietnamnet.vn/tong-thong-ukraine-he-lo-t...iet-ve-vu-tan-cong-loat-san-b
ay-nga-2407126.html  | ✓ | ⏱: 8.23s
[2025-06-02T14:24:39.673+0000] {crawler.py:262} INFO -     ✓ Tổng thống Ukraine hé lộ thông tin đặc biệt về vụ tấn công l...

[2025-06-02T14:24:39.674+0000] {crawler.py:258} INFO - --> Crawl: https://vietnamnet.vn/nu-hanh-khach-mac-ket-giua-canh-cua-khi-co-nhay-xuong-tau-cao-toc-2406530.html
[2025-06-02T14:24:41.399+0000] {logging_mixin.py:188} INFO - [INIT].... → Crawl4AI 0.6.3
[2025-06-02T14:24:49.952+0000] {logging_mixin.py:188} INFO - [FETCH]... ↓ 
https://vietnamnet.vn/nu-hanh-khach-mac-ket-giua-canh-cua-khi-co-nhay-xuong-tau-
cao-toc-2406530.html | ✓ | ⏱: 8.18s
[2025-06-02T14:24:50.181+0000] {logging_mixin.py:188} INFO - [SCRAPE].. ◆ 
https://vietnamnet.vn/nu-hanh-khach-mac-ket-giua-canh-cua-khi-co-nhay-xuong-tau-
cao-toc-2406530.html | ✓ | ⏱: 0.23s
[2025-06-02T14:24:50.189+0000] {logging_mixin.py:188} INFO - [COMPLETE] ● 
https://vietnamnet.vn/nu-hanh-khach-mac-ket-giua-canh-cua-khi-co-nhay-xuong-tau-
cao-toc-2406530.html | ✓ | ⏱: 8.42s
[2025-06-02T14:24:50.720+0000] {crawler.py:262} INFO -     ✓ Nữ hành khách mắc kẹt giữa cánh cửa khi cố nhảy xuống tàu ca...

[2025-06-02T14:24:50.721+0000] {crawler.py:258} INFO - --> Crawl: https://vietnamnet.vn/neu-duc-chuyen-ten-lua-taurus-cho-ukraine-muc-tieu-nao-cua-nga-bi-de-doa-2405621.html
[2025-06-02T14:24:52.074+0000] {logging_mixin.py:188} INFO - [INIT].... → Crawl4AI 0.6.3
[2025-06-02T14:25:01.154+0000] {logging_mixin.py:188} INFO - [FETCH]... ↓ 
https://vietnamnet.vn/neu-duc-chuyen-ten-lua-tau...aine-muc-tieu-nao-cua-nga-bi-
de-doa-2405621.html  | ✓ | ⏱: 8.84s
[2025-06-02T14:25:01.929+0000] {logging_mixin.py:188} INFO - [SCRAPE].. ◆ 
https://vietnamnet.vn/neu-duc-chuyen-ten-lua-tau...aine-muc-tieu-nao-cua-nga-bi-
de-doa-2405621.html  | ✓ | ⏱: 0.85s
[2025-06-02T14:25:01.939+0000] {logging_mixin.py:188} INFO - [COMPLETE] ● 
https://vietnamnet.vn/neu-duc-chuyen-ten-lua-tau...aine-muc-tieu-nao-cua-nga-bi-
de-doa-2405621.html  | ✓ | ⏱: 9.75s
[2025-06-02T14:25:03.236+0000] {crawler.py:262} INFO -     ✓ Nếu Đức chuyển tên lửa Taurus cho Ukraine, mục tiêu nào của ...

[2025-06-02T14:25:03.238+0000] {crawler.py:258} INFO - --> Crawl: https://vietnamnet.vn/ngoai-truong-nga-my-dien-dam-sau-vu-ukraine-tan-cong-loat-san-bay-2407140.html
[2025-06-02T14:25:05.483+0000] {logging_mixin.py:188} INFO - [INIT].... → Crawl4AI 0.6.3
[2025-06-02T14:25:16.127+0000] {logging_mixin.py:188} INFO - [FETCH]... ↓ 
https://vietnamnet.vn/ngoai-truong-nga-my-dien-dam-sau-vu-ukraine-tan-cong-loat-
san-bay-2407140.html | ✓ | ⏱: 10.33s
[2025-06-02T14:25:16.970+0000] {logging_mixin.py:188} INFO - [SCRAPE].. ◆ 
https://vietnamnet.vn/ngoai-truong-nga-my-dien-dam-sau-vu-ukraine-tan-cong-loat-
san-bay-2407140.html | ✓ | ⏱: 0.83s
[2025-06-02T14:25:16.975+0000] {logging_mixin.py:188} INFO - [COMPLETE] ● 
https://vietnamnet.vn/ngoai-truong-nga-my-dien-dam-sau-vu-ukraine-tan-cong-loat-
san-bay-2407140.html | ✓ | ⏱: 11.18s
[2025-06-02T14:25:18.582+0000] {crawler.py:262} INFO -     ✓ Ngoại trưởng Nga - Mỹ điện đàm sau vụ Ukraine tấn công loạt ...

[2025-06-02T14:25:18.584+0000] {crawler.py:258} INFO - --> Crawl: https://vietnamnet.vn/bat-hoa-giua-tong-thong-ukraine-va-thi-truong-kiev-ngay-cang-gay-gat-2406960.html
[2025-06-02T14:25:20.830+0000] {logging_mixin.py:188} INFO - [INIT].... → Crawl4AI 0.6.3
[2025-06-02T14:25:30.542+0000] {logging_mixin.py:188} INFO - [FETCH]... ↓ 
https://vietnamnet.vn/bat-hoa-giua-tong-thong-uk...a-thi-truong-kiev-ngay-cang-g
ay-gat-2406960.html  | ✓ | ⏱: 9.49s
[2025-06-02T14:25:31.317+0000] {logging_mixin.py:188} INFO - [SCRAPE].. ◆ 
https://vietnamnet.vn/bat-hoa-giua-tong-thong-uk...a-thi-truong-kiev-ngay-cang-g
ay-gat-2406960.html  | ✓ | ⏱: 0.89s
[2025-06-02T14:25:31.322+0000] {logging_mixin.py:188} INFO - [COMPLETE] ● 
https://vietnamnet.vn/bat-hoa-giua-tong-thong-uk...a-thi-truong-kiev-ngay-cang-g
ay-gat-2406960.html  | ✓ | ⏱: 10.39s
[2025-06-02T14:25:32.515+0000] {crawler.py:262} INFO -     ✓ Bất hòa giữa Tổng thống Ukraine và Thị trưởng Kiev ngày càng...

[2025-06-02T14:25:32.517+0000] {crawler.py:258} INFO - --> Crawl: https://vietnamnet.vn/tong-thong-trump-va-ong-tap-sap-dien-dam-ve-thuong-mai-2407139.html
[2025-06-02T14:25:34.256+0000] {logging_mixin.py:188} INFO - [INIT].... → Crawl4AI 0.6.3
[2025-06-02T14:25:43.643+0000] {logging_mixin.py:188} INFO - [FETCH]... ↓ 
https://vietnamnet.vn/tong-thong-trump-va-ong-tap-sap-dien-dam-ve-thuong-mai-240
7139.html            | ✓ | ⏱: 9.13s
[2025-06-02T14:25:44.279+0000] {logging_mixin.py:188} INFO - [SCRAPE].. ◆ 
https://vietnamnet.vn/tong-thong-trump-va-ong-tap-sap-dien-dam-ve-thuong-mai-240
7139.html            | ✓ | ⏱: 0.62s
[2025-06-02T14:25:44.284+0000] {logging_mixin.py:188} INFO - [COMPLETE] ● 
https://vietnamnet.vn/tong-thong-trump-va-ong-tap-sap-dien-dam-ve-thuong-mai-240
7139.html            | ✓ | ⏱: 9.78s
[2025-06-02T14:25:45.599+0000] {crawler.py:262} INFO -     ✓ Tổng thống Trump và Chủ tịch Trung Quốc sắp điện đàm về thươ...

[2025-06-02T14:25:45.601+0000] {crawler.py:258} INFO - --> Crawl: https://vietnamnet.vn/canh-nui-lua-hawaii-gian-du-phun-trao-manh-chua-tung-co-trong-hang-thap-ky-2407185.html
[2025-06-02T14:25:47.821+0000] {logging_mixin.py:188} INFO - [INIT].... → Crawl4AI 0.6.3
[2025-06-02T14:25:55.844+0000] {logging_mixin.py:188} INFO - [FETCH]... ↓ 
https://vietnamnet.vn/canh-nui-lua-hawaii-gian-d...anh-chua-tung-co-trong-hang-t
hap-ky-2407185.html  | ✓ | ⏱: 7.77s
[2025-06-02T14:25:56.091+0000] {logging_mixin.py:188} INFO - [SCRAPE].. ◆ 
https://vietnamnet.vn/canh-nui-lua-hawaii-gian-d...anh-chua-tung-co-trong-hang-t
hap-ky-2407185.html  | ✓ | ⏱: 0.24s
[2025-06-02T14:25:56.093+0000] {logging_mixin.py:188} INFO - [COMPLETE] ● 
https://vietnamnet.vn/canh-nui-lua-hawaii-gian-d...anh-chua-tung-co-trong-hang-t
hap-ky-2407185.html  | ✓ | ⏱: 8.02s
[2025-06-02T14:25:56.684+0000] {crawler.py:262} INFO -     ✓ Cảnh núi lửa Hawaii giận dữ phun trào, mạnh chưa từng có tro...

[2025-06-02T14:25:56.686+0000] {crawler.py:258} INFO - --> Crawl: https://vietnamnet.vn/video-uav-ukraine-ao-at-tan-cong-40-may-bay-nem-bom-cua-nga-2407104.html
[2025-06-02T14:25:58.097+0000] {logging_mixin.py:188} INFO - [INIT].... → Crawl4AI 0.6.3
[2025-06-02T14:26:12.924+0000] {logging_mixin.py:188} INFO - [FETCH]... ↓ 
https://vietnamnet.vn/video-uav-ukraine-ao-at-tan-cong-40-may-bay-nem-bom-cua-ng
a-2407104.html       | ✓ | ⏱: 14.55s
[2025-06-02T14:26:14.169+0000] {logging_mixin.py:188} INFO - [SCRAPE].. ◆ 
https://vietnamnet.vn/video-uav-ukraine-ao-at-tan-cong-40-may-bay-nem-bom-cua-ng
a-2407104.html       | ✓ | ⏱: 1.22s
[2025-06-02T14:26:14.192+0000] {logging_mixin.py:188} INFO - [COMPLETE] ● 
https://vietnamnet.vn/video-uav-ukraine-ao-at-tan-cong-40-may-bay-nem-bom-cua-ng
a-2407104.html       | ✓ | ⏱: 15.81s
[2025-06-02T14:26:17.069+0000] {crawler.py:262} INFO -     ✓ Video UAV Ukraine ào ạt tấn công 40 máy bay ném bom của Nga...

[2025-06-02T14:26:17.151+0000] {crawler.py:258} INFO - --> Crawl: https://vietnamnet.vn/anh-muon-so-huu-tiem-kich-tang-hinh-f-35-cua-my-de-doi-pho-voi-nga-2407087.html
[2025-06-02T14:26:21.839+0000] {logging_mixin.py:188} INFO - [INIT].... → Crawl4AI 0.6.3
[2025-06-02T14:26:35.144+0000] {logging_mixin.py:188} INFO - [FETCH]... ↓ 
https://vietnamnet.vn/anh-muon-so-huu-tiem-kich-...hinh-f-35-cua-my-de-doi-pho-v
oi-nga-2407087.html  | ✓ | ⏱: 13.05s
[2025-06-02T14:26:35.902+0000] {logging_mixin.py:188} INFO - [SCRAPE].. ◆ 
https://vietnamnet.vn/anh-muon-so-huu-tiem-kich-...hinh-f-35-cua-my-de-doi-pho-v
oi-nga-2407087.html  | ✓ | ⏱: 0.74s
[2025-06-02T14:26:35.920+0000] {logging_mixin.py:188} INFO - [COMPLETE] ● 
https://vietnamnet.vn/anh-muon-so-huu-tiem-kich-...hinh-f-35-cua-my-de-doi-pho-v
oi-nga-2407087.html  | ✓ | ⏱: 13.82s
[2025-06-02T14:26:37.302+0000] {crawler.py:262} INFO -     ✓ Anh muốn sở hữu tiêm kích tàng hình F-35 của Mỹ để đối phó v...

[2025-06-02T14:26:37.311+0000] {crawler.py:258} INFO - --> Crawl: https://vietnamnet.vn/trung-quoc-ra-mat-ai-nhin-xuyen-thau-dau-dan-hat-nhan-khien-my-de-chung-2406547.html
[2025-06-02T14:26:40.041+0000] {logging_mixin.py:188} INFO - [INIT].... → Crawl4AI 0.6.3
[2025-06-02T14:26:52.959+0000] {logging_mixin.py:188} INFO - [FETCH]... ↓ 
https://vietnamnet.vn/trung-quoc-ra-mat-ai-nhin-...-dau-dan-hat-nhan-khien-my-de
-chung-2406547.html  | ✓ | ⏱: 12.59s
[2025-06-02T14:26:53.574+0000] {logging_mixin.py:188} INFO - [SCRAPE].. ◆ 
https://vietnamnet.vn/trung-quoc-ra-mat-ai-nhin-...-dau-dan-hat-nhan-khien-my-de
-chung-2406547.html  | ✓ | ⏱: 0.61s
[2025-06-02T14:26:53.577+0000] {logging_mixin.py:188} INFO - [COMPLETE] ● 
https://vietnamnet.vn/trung-quoc-ra-mat-ai-nhin-...-dau-dan-hat-nhan-khien-my-de
-chung-2406547.html  | ✓ | ⏱: 13.21s
[2025-06-02T14:26:54.817+0000] {crawler.py:262} INFO -     ✓ Trung Quốc ra mắt AI 'nhìn xuyên thấu' đầu đạn hạt nhân khiế...

[2025-06-02T14:26:54.830+0000] {crawler.py:258} INFO - --> Crawl: https://vietnamnet.vn/nga-phong-ky-luc-480-uav-va-ten-lua-ukraine-tan-cong-5-san-bay-quan-su-2407110.html
[2025-06-02T14:26:56.131+0000] {logging_mixin.py:188} INFO - [INIT].... → Crawl4AI 0.6.3
[2025-06-02T14:27:02.159+0000] {logging_mixin.py:188} INFO - [FETCH]... ↓ 
https://vietnamnet.vn/nga-phong-ky-luc-480-uav-v...-ukraine-tan-cong-5-san-bay-q
uan-su-2407110.html  | ✓ | ⏱: 5.99s
[2025-06-02T14:27:03.089+0000] {logging_mixin.py:188} INFO - [SCRAPE].. ◆ 
https://vietnamnet.vn/nga-phong-ky-luc-480-uav-v...-ukraine-tan-cong-5-san-bay-q
uan-su-2407110.html  | ✓ | ⏱: 0.93s
[2025-06-02T14:27:03.096+0000] {logging_mixin.py:188} INFO - [COMPLETE] ● 
https://vietnamnet.vn/nga-phong-ky-luc-480-uav-v...-ukraine-tan-cong-5-san-bay-q
uan-su-2407110.html  | ✓ | ⏱: 6.92s
[2025-06-02T14:27:04.043+0000] {crawler.py:262} INFO -     ✓ Nga phóng kỷ lục 480 UAV và tên lửa, Ukraine tấn công 5 sân ...

[2025-06-02T14:27:04.045+0000] {crawler.py:258} INFO - --> Crawl: https://vietnamnet.vn/trung-quoc-to-my-vi-pham-thoa-thuan-thuong-mai-khang-dinh-se-dap-tra-2407381.html
[2025-06-02T14:27:05.429+0000] {logging_mixin.py:188} INFO - [INIT].... → Crawl4AI 0.6.3
[2025-06-02T14:27:18.010+0000] {logging_mixin.py:188} INFO - [FETCH]... ↓ 
https://vietnamnet.vn/trung-quoc-to-my-vi-pham-t...an-thuong-mai-khang-dinh-se-d
ap-tra-2407381.html  | ✓ | ⏱: 12.33s
[2025-06-02T14:27:19.009+0000] {logging_mixin.py:188} INFO - [SCRAPE].. ◆ 
https://vietnamnet.vn/trung-quoc-to-my-vi-pham-t...an-thuong-mai-khang-dinh-se-d
ap-tra-2407381.html  | ✓ | ⏱: 0.99s
[2025-06-02T14:27:19.020+0000] {logging_mixin.py:188} INFO - [COMPLETE] ● 
https://vietnamnet.vn/trung-quoc-to-my-vi-pham-t...an-thuong-mai-khang-dinh-se-d
ap-tra-2407381.html  | ✓ | ⏱: 13.37s
[2025-06-02T14:27:21.093+0000] {crawler.py:262} INFO -     ✓ Trung Quốc tố Mỹ vi phạm thỏa thuận thương mại, khẳng định s...

[2025-06-02T14:27:21.109+0000] {crawler.py:258} INFO - --> Crawl: https://vietnamnet.vn/hinh-anh-cac-phai-doan-nga-ukraine-buoc-vao-dam-phan-o-istanbul-2407349.html
[2025-06-02T14:27:22.667+0000] {logging_mixin.py:188} INFO - [INIT].... → Crawl4AI 0.6.3
[2025-06-02T14:27:33.505+0000] {logging_mixin.py:188} INFO - [FETCH]... ↓ 
https://vietnamnet.vn/hinh-anh-cac-phai-doan-nga-ukraine-buoc-vao-dam-phan-o-ist
anbul-2407349.html   | ✓ | ⏱: 10.76s
[2025-06-02T14:27:34.240+0000] {logging_mixin.py:188} INFO - [SCRAPE].. ◆ 
https://vietnamnet.vn/hinh-anh-cac-phai-doan-nga-ukraine-buoc-vao-dam-phan-o-ist
anbul-2407349.html   | ✓ | ⏱: 0.73s
[2025-06-02T14:27:34.245+0000] {logging_mixin.py:188} INFO - [COMPLETE] ● 
https://vietnamnet.vn/hinh-anh-cac-phai-doan-nga-ukraine-buoc-vao-dam-phan-o-ist
anbul-2407349.html   | ✓ | ⏱: 11.50s
[2025-06-02T14:27:36.179+0000] {crawler.py:262} INFO -     ✓ Hình ảnh các phái đoàn Nga, Ukraine bước vào đàm phán ở Ista...

[2025-06-02T14:27:36.194+0000] {crawler.py:258} INFO - --> Crawl: https://vietnamnet.vn/thu-tuong-campuchia-keu-goi-thai-lan-hop-khan-ve-van-de-bien-gioi-2407147.html
[2025-06-02T14:27:38.429+0000] {logging_mixin.py:188} INFO - [INIT].... → Crawl4AI 0.6.3
[2025-06-02T14:27:45.479+0000] {logging_mixin.py:188} INFO - [FETCH]... ↓ 
https://vietnamnet.vn/thu-tuong-campuchia-keu-goi-thai-lan-hop-khan-ve-van-de-bi
en-gioi-2407147.html | ✓ | ⏱: 6.79s
[2025-06-02T14:27:46.011+0000] {logging_mixin.py:188} INFO - [SCRAPE].. ◆ 
https://vietnamnet.vn/thu-tuong-campuchia-keu-goi-thai-lan-hop-khan-ve-van-de-bi
en-gioi-2407147.html | ✓ | ⏱: 0.53s
[2025-06-02T14:27:46.024+0000] {logging_mixin.py:188} INFO - [COMPLETE] ● 
https://vietnamnet.vn/thu-tuong-campuchia-keu-goi-thai-lan-hop-khan-ve-van-de-bi
en-gioi-2407147.html | ✓ | ⏱: 7.33s
[2025-06-02T14:27:47.534+0000] {crawler.py:262} INFO -     ✓ Thủ tướng Campuchia kêu gọi Thái Lan họp khẩn về vấn đề biên...

[2025-06-02T14:27:47.536+0000] {crawler.py:258} INFO - --> Crawl: https://vietnamnet.vn/nguyen-nhan-khien-cac-cay-cau-o-nga-lien-tiep-bi-sap-gay-tai-nan-tau-hoa-2407061.html
[2025-06-02T14:27:49.337+0000] {logging_mixin.py:188} INFO - [INIT].... → Crawl4AI 0.6.3
[2025-06-02T14:27:56.257+0000] {logging_mixin.py:188} INFO - [FETCH]... ↓ 
https://vietnamnet.vn/nguyen-nhan-khien-cac-cay-...ien-tiep-bi-sap-gay-tai-nan-t
au-hoa-2407061.html  | ✓ | ⏱: 6.73s
[2025-06-02T14:27:56.673+0000] {logging_mixin.py:188} INFO - [SCRAPE].. ◆ 
https://vietnamnet.vn/nguyen-nhan-khien-cac-cay-...ien-tiep-bi-sap-gay-tai-nan-t
au-hoa-2407061.html  | ✓ | ⏱: 0.41s
[2025-06-02T14:27:56.677+0000] {logging_mixin.py:188} INFO - [COMPLETE] ● 
https://vietnamnet.vn/nguyen-nhan-khien-cac-cay-...ien-tiep-bi-sap-gay-tai-nan-t
au-hoa-2407061.html  | ✓ | ⏱: 7.15s
[2025-06-02T14:27:57.340+0000] {crawler.py:262} INFO -     ✓ Nguyên nhân khiến các cây cầu ở Nga liên tiếp bị sập, gây ta...

[2025-06-02T14:27:57.341+0000] {crawler.py:258} INFO - --> Crawl: https://vietnamnet.vn/nha-su-hoc-kiem-vo-si-quyen-anh-nghiep-du-dac-cu-tong-thong-ba-lan-2407259.html
[2025-06-02T14:27:58.074+0000] {logging_mixin.py:188} INFO - [INIT].... → Crawl4AI 0.6.3
[2025-06-02T14:28:02.866+0000] {logging_mixin.py:188} INFO - [FETCH]... ↓ 
https://vietnamnet.vn/nha-su-hoc-kiem-vo-si-quye...-nghiep-du-dac-cu-tong-thong-
ba-lan-2407259.html  | ✓ | ⏱: 4.81s
[2025-06-02T14:28:03.358+0000] {logging_mixin.py:188} INFO - [SCRAPE].. ◆ 
https://vietnamnet.vn/nha-su-hoc-kiem-vo-si-quye...-nghiep-du-dac-cu-tong-thong-
ba-lan-2407259.html  | ✓ | ⏱: 0.49s
[2025-06-02T14:28:03.361+0000] {logging_mixin.py:188} INFO - [COMPLETE] ● 
https://vietnamnet.vn/nha-su-hoc-kiem-vo-si-quye...-nghiep-du-dac-cu-tong-thong-
ba-lan-2407259.html  | ✓ | ⏱: 5.30s
[2025-06-02T14:28:04.278+0000] {crawler.py:262} INFO -     ✓ Nhà sử học kiêm võ sĩ quyền Anh nghiệp dư đắc cử Tổng thống ...

[2025-06-02T14:28:04.279+0000] {crawler.py:258} INFO - --> Crawl: https://vietnamnet.vn/khoanh-khac-xe-tai-phat-no-kinh-hoang-lam-rung-chuyen-ca-khu-dan-cu-2407184.html
[2025-06-02T14:28:05.794+0000] {logging_mixin.py:188} INFO - [INIT].... → Crawl4AI 0.6.3
[2025-06-02T14:28:13.835+0000] {logging_mixin.py:188} INFO - [FETCH]... ↓ 
https://vietnamnet.vn/khoanh-khac-xe-tai-phat-no...hoang-lam-rung-chuyen-ca-khu-
dan-cu-2407184.html  | ✓ | ⏱: 7.86s
[2025-06-02T14:28:14.057+0000] {logging_mixin.py:188} INFO - [SCRAPE].. ◆ 
https://vietnamnet.vn/khoanh-khac-xe-tai-phat-no...hoang-lam-rung-chuyen-ca-khu-
dan-cu-2407184.html  | ✓ | ⏱: 0.21s
[2025-06-02T14:28:14.059+0000] {logging_mixin.py:188} INFO - [COMPLETE] ● 
https://vietnamnet.vn/khoanh-khac-xe-tai-phat-no...hoang-lam-rung-chuyen-ca-khu-
dan-cu-2407184.html  | ✓ | ⏱: 8.08s
[2025-06-02T14:28:14.692+0000] {crawler.py:262} INFO -     ✓ Khoảnh khắc xe tải phát nổ kinh hoàng làm rung chuyển cả khu...

[2025-06-02T14:28:14.693+0000] {crawler.py:258} INFO - --> Crawl: https://vietnamnet.vn/han-quoc-cong-bo-video-may-bay-san-ngam-p-3ck-dot-ngot-roi-thang-xuong-dat-2406892.html
[2025-06-02T14:28:15.474+0000] {logging_mixin.py:188} INFO - [INIT].... → Crawl4AI 0.6.3
[2025-06-02T14:28:20.483+0000] {logging_mixin.py:188} INFO - [FETCH]... ↓ 
https://vietnamnet.vn/han-quoc-cong-bo-video-may...-p-3ck-dot-ngot-roi-thang-xuo
ng-dat-2406892.html  | ✓ | ⏱: 4.92s
[2025-06-02T14:28:20.756+0000] {logging_mixin.py:188} INFO - [SCRAPE].. ◆ 
https://vietnamnet.vn/han-quoc-cong-bo-video-may...-p-3ck-dot-ngot-roi-thang-xuo
ng-dat-2406892.html  | ✓ | ⏱: 0.27s
[2025-06-02T14:28:20.759+0000] {logging_mixin.py:188} INFO - [COMPLETE] ● 
https://vietnamnet.vn/han-quoc-cong-bo-video-may...-p-3ck-dot-ngot-roi-thang-xuo
ng-dat-2406892.html  | ✓ | ⏱: 5.20s
[2025-06-02T14:28:21.175+0000] {crawler.py:262} INFO -     ✓ Hàn Quốc công bố video máy bay săn ngầm P-3CK đột ngột rơi t...

[2025-06-02T14:28:21.176+0000] {crawler.py:258} INFO - --> Crawl: https://vietnamnet.vn/nga-va-ukraine-tan-cong-nhau-bang-uav-suot-dem-2407345.html
[2025-06-02T14:28:21.974+0000] {logging_mixin.py:188} INFO - [INIT].... → Crawl4AI 0.6.3
[2025-06-02T14:28:27.908+0000] {logging_mixin.py:188} INFO - [FETCH]... ↓ 
https://vietnamnet.vn/nga-va-ukraine-tan-cong-nhau-bang-uav-suot-dem-2407345.htm
l                    | ✓ | ⏱: 5.83s
[2025-06-02T14:28:28.514+0000] {logging_mixin.py:188} INFO - [SCRAPE].. ◆ 
https://vietnamnet.vn/nga-va-ukraine-tan-cong-nhau-bang-uav-suot-dem-2407345.htm
l                    | ✓ | ⏱: 0.60s
[2025-06-02T14:28:28.519+0000] {logging_mixin.py:188} INFO - [COMPLETE] ● 
https://vietnamnet.vn/nga-va-ukraine-tan-cong-nhau-bang-uav-suot-dem-2407345.htm
l                    | ✓ | ⏱: 6.44s
[2025-06-02T14:28:29.356+0000] {crawler.py:262} INFO -     ✓ Nga và Ukraine huy động UAV tấn công nhau suốt đêm...

[2025-06-02T14:28:29.357+0000] {crawler.py:258} INFO - --> Crawl: https://vietnamnet.vn/ukraine-ban-ha-may-bay-khong-nguoi-lai-moi-sieu-manh-cua-nga-2406984.html
[2025-06-02T14:28:30.565+0000] {logging_mixin.py:188} INFO - [INIT].... → Crawl4AI 0.6.3
[2025-06-02T14:28:34.553+0000] {logging_mixin.py:188} INFO - [FETCH]... ↓ 
https://vietnamnet.vn/ukraine-ban-ha-may-bay-khong-nguoi-lai-moi-sieu-manh-cua-n
ga-2406984.html      | ✓ | ⏱: 3.84s
[2025-06-02T14:28:34.804+0000] {logging_mixin.py:188} INFO - [SCRAPE].. ◆ 
https://vietnamnet.vn/ukraine-ban-ha-may-bay-khong-nguoi-lai-moi-sieu-manh-cua-n
ga-2406984.html      | ✓ | ⏱: 0.25s
[2025-06-02T14:28:34.806+0000] {logging_mixin.py:188} INFO - [COMPLETE] ● 
https://vietnamnet.vn/ukraine-ban-ha-may-bay-khong-nguoi-lai-moi-sieu-manh-cua-n
ga-2406984.html      | ✓ | ⏱: 4.10s
[2025-06-02T14:28:35.238+0000] {crawler.py:262} INFO -     ✓ Ukraine bắn hạ máy bay không người lái mới siêu mạnh của Nga...

[2025-06-02T14:28:35.239+0000] {crawler.py:258} INFO - --> Crawl: https://vietnamnet.vn/ty-phu-elon-musk-khong-muon-chiu-trach-nhiem-cho-moi-chinh-sach-cua-ong-trump-2407133.html
[2025-06-02T14:28:35.842+0000] {logging_mixin.py:188} INFO - [INIT].... → Crawl4AI 0.6.3
[2025-06-02T14:28:39.640+0000] {logging_mixin.py:188} INFO - [FETCH]... ↓ 
https://vietnamnet.vn/ty-phu-elon-musk-khong-muo...em-cho-moi-chinh-sach-cua-ong
-trump-2407133.html  | ✓ | ⏱: 3.70s
[2025-06-02T14:28:39.911+0000] {logging_mixin.py:188} INFO - [SCRAPE].. ◆ 
https://vietnamnet.vn/ty-phu-elon-musk-khong-muo...em-cho-moi-chinh-sach-cua-ong
-trump-2407133.html  | ✓ | ⏱: 0.27s
[2025-06-02T14:28:39.913+0000] {logging_mixin.py:188} INFO - [COMPLETE] ● 
https://vietnamnet.vn/ty-phu-elon-musk-khong-muo...em-cho-moi-chinh-sach-cua-ong
-trump-2407133.html  | ✓ | ⏱: 3.98s
[2025-06-02T14:28:40.453+0000] {crawler.py:262} INFO -     ✓ Tỷ phú Elon Musk không muốn chịu trách nhiệm cho mọi chính s...

[2025-06-02T14:28:40.455+0000] {crawler.py:258} INFO - --> Crawl: https://vietnamnet.vn/trai-linh-ukraine-bi-tan-cong-ong-zelensky-muon-my-ap-them-trung-phat-nga-2407390.html
[2025-06-02T14:28:41.955+0000] {logging_mixin.py:188} INFO - [INIT].... → Crawl4AI 0.6.3
[2025-06-02T14:28:48.469+0000] {logging_mixin.py:188} INFO - [FETCH]... ↓ 
https://vietnamnet.vn/trai-linh-ukraine-bi-tan-c...nsky-muon-my-ap-them-trung-ph
at-nga-2407390.html  | ✓ | ⏱: 6.35s
[2025-06-02T14:28:48.730+0000] {logging_mixin.py:188} INFO - [SCRAPE].. ◆ 
https://vietnamnet.vn/trai-linh-ukraine-bi-tan-c...nsky-muon-my-ap-them-trung-ph
at-nga-2407390.html  | ✓ | ⏱: 0.26s
[2025-06-02T14:28:48.733+0000] {logging_mixin.py:188} INFO - [COMPLETE] ● 
https://vietnamnet.vn/trai-linh-ukraine-bi-tan-c...nsky-muon-my-ap-them-trung-ph
at-nga-2407390.html  | ✓ | ⏱: 6.62s
[2025-06-02T14:28:49.812+0000] {crawler.py:262} INFO -     ✓ Trại lính Ukraine bị tấn công, ông Zelensky muốn Mỹ áp thêm ...

[2025-06-02T14:28:49.813+0000] {crawler.py:258} INFO - --> Crawl: https://vietnamnet.vn/hang-chuc-oanh-tac-co-cua-nga-boc-chay-hon-70-linh-luc-quan-ukraine-thuong-vong-2407082.html
[2025-06-02T14:28:50.568+0000] {logging_mixin.py:188} INFO - [INIT].... → Crawl4AI 0.6.3
[2025-06-02T14:28:55.580+0000] {logging_mixin.py:188} INFO - [FETCH]... ↓ 
https://vietnamnet.vn/hang-chuc-oanh-tac-co-cua-...0-linh-luc-quan-ukraine-thuon
g-vong-2407082.html  | ✓ | ⏱: 4.90s
[2025-06-02T14:28:55.990+0000] {logging_mixin.py:188} INFO - [SCRAPE].. ◆ 
https://vietnamnet.vn/hang-chuc-oanh-tac-co-cua-...0-linh-luc-quan-ukraine-thuon
g-vong-2407082.html  | ✓ | ⏱: 0.41s
[2025-06-02T14:28:55.993+0000] {logging_mixin.py:188} INFO - [COMPLETE] ● 
https://vietnamnet.vn/hang-chuc-oanh-tac-co-cua-...0-linh-luc-quan-ukraine-thuon
g-vong-2407082.html  | ✓ | ⏱: 5.32s
[2025-06-02T14:28:56.576+0000] {crawler.py:262} INFO -     ✓ Hàng chục oanh tạc cơ Nga bốc cháy, hơn 70 lính lục quân Ukr...

[2025-06-02T14:28:56.577+0000] {crawler.py:258} INFO - --> Crawl: https://vietnamnet.vn/anh-dong-12-tau-ngam-tan-cong-moi-de-ung-pho-voi-nga-2407314.html
[2025-06-02T14:28:57.405+0000] {logging_mixin.py:188} INFO - [INIT].... → Crawl4AI 0.6.3
[2025-06-02T14:29:04.213+0000] {logging_mixin.py:188} INFO - [FETCH]... ↓ 
https://vietnamnet.vn/anh-dong-12-tau-ngam-tan-cong-moi-de-ung-pho-voi-nga-24073
14.html              | ✓ | ⏱: 6.82s
[2025-06-02T14:29:04.847+0000] {logging_mixin.py:188} INFO - [SCRAPE].. ◆ 
https://vietnamnet.vn/anh-dong-12-tau-ngam-tan-cong-moi-de-ung-pho-voi-nga-24073
14.html              | ✓ | ⏱: 0.63s
[2025-06-02T14:29:04.851+0000] {logging_mixin.py:188} INFO - [COMPLETE] ● 
https://vietnamnet.vn/anh-dong-12-tau-ngam-tan-cong-moi-de-ung-pho-voi-nga-24073
14.html              | ✓ | ⏱: 7.46s
[2025-06-02T14:29:05.572+0000] {crawler.py:262} INFO -     ✓ Anh đóng 12 tàu ngầm tấn công mới để ứng phó với Nga...

[2025-06-02T14:29:05.573+0000] {crawler.py:265} INFO - ⏱️  Tổng thời gian crawl: 300.94 giây
[2025-06-02T14:29:05.834+0000] {crawler.py:292} INFO - Đã lưu 25 bài viết vào collection 'the-gioi'
[2025-06-02T14:29:05.894+0000] {python.py:237} INFO - Done. Returned value was: None
[2025-06-02T14:29:05.896+0000] {taskinstance.py:441} INFO - ::group::Post task execution logs
[2025-06-02T14:29:05.913+0000] {taskinstance.py:1206} INFO - Marking task as SUCCESS. dag_id=vietnamnet_crawler_24h, task_id=crawl_the-gioi, run_id=scheduled__2025-06-02T13:30:00+00:00, execution_date=20250602T133000, start_date=20250602T142404, end_date=20250602T142905
[2025-06-02T14:29:05.976+0000] {local_task_job_runner.py:240} INFO - Task exited with return code 0
[2025-06-02T14:29:06.011+0000] {taskinstance.py:3503} INFO - 1 downstream tasks scheduled from follow-on schedule check
[2025-06-02T14:29:06.014+0000] {local_task_job_runner.py:222} INFO - ::endgroup::
