[2025-06-22T16:41:08.700+0000] {local_task_job_runner.py:120} INFO - ::group::Pre task execution logs
[2025-06-22T16:41:08.714+0000] {taskinstance.py:2076} INFO - Dependencies all met for dep_context=non-requeueable deps ti=<TaskInstance: deepai_crawler_10min.crawl_science manual__2025-06-22T16:33:22.039409+00:00 [queued]>
[2025-06-22T16:41:08.724+0000] {taskinstance.py:2076} INFO - Dependencies all met for dep_context=requeueable deps ti=<TaskInstance: deepai_crawler_10min.crawl_science manual__2025-06-22T16:33:22.039409+00:00 [queued]>
[2025-06-22T16:41:08.724+0000] {taskinstance.py:2306} INFO - Starting attempt 1 of 3
[2025-06-22T16:41:08.738+0000] {taskinstance.py:2330} INFO - Executing <Task(PythonOperator): crawl_science> on 2025-06-22 16:33:22.039409+00:00
[2025-06-22T16:41:08.749+0000] {warnings.py:112} WARNING - /home/***/.local/lib/python3.12/site-packages/***/task/task_runner/standard_task_runner.py:61: DeprecationWarning: This process (pid=24623) is multi-threaded, use of fork() may lead to deadlocks in the child.
  pid = os.fork()

[2025-06-22T16:41:08.750+0000] {standard_task_runner.py:63} INFO - Started process 24806 to run task
[2025-06-22T16:41:08.751+0000] {standard_task_runner.py:90} INFO - Running: ['***', 'tasks', 'run', 'deepai_crawler_10min', 'crawl_science', 'manual__2025-06-22T16:33:22.039409+00:00', '--job-id', '920', '--raw', '--subdir', 'DAGS_FOLDER/dags.py', '--cfg-path', '/tmp/tmp_nagec81']
[2025-06-22T16:41:08.754+0000] {standard_task_runner.py:91} INFO - Job 920: Subtask crawl_science
[2025-06-22T16:41:08.795+0000] {task_command.py:426} INFO - Running <TaskInstance: deepai_crawler_10min.crawl_science manual__2025-06-22T16:33:22.039409+00:00 [running]> on host 5471b5a2dbbe
[2025-06-22T16:41:08.888+0000] {taskinstance.py:2648} INFO - Exporting env vars: AIRFLOW_CTX_DAG_OWNER='***' AIRFLOW_CTX_DAG_ID='deepai_crawler_10min' AIRFLOW_CTX_TASK_ID='crawl_science' AIRFLOW_CTX_EXECUTION_DATE='2025-06-22T16:33:22.039409+00:00' AIRFLOW_CTX_TRY_NUMBER='1' AIRFLOW_CTX_DAG_RUN_ID='manual__2025-06-22T16:33:22.039409+00:00'
[2025-06-22T16:41:08.890+0000] {taskinstance.py:430} INFO - ::endgroup::
[2025-06-22T16:41:08.907+0000] {dags.py:183} INFO - Bắt đầu crawl category: science
[2025-06-22T16:41:09.119+0000] {crawler_deeplai.py:51} INFO - Đã kết nối thành công với MongoDB: deeplearning_ai_news
[2025-06-22T16:41:09.158+0000] {crawler_deeplai.py:465} INFO - 🚀 Đang bắt đầu quá trình crawl với Load More...
[2025-06-22T16:41:09.471+0000] {media_manager.py:52} DEBUG - Queue: Media upload queue is empty, waiting for new jobs
[2025-06-22T16:41:09.917+0000] {logging_mixin.py:188} INFO - [INIT].... → Crawl4AI 0.6.3
[2025-06-22T16:41:09.919+0000] {crawler_deeplai.py:179} INFO - 🌐 Đang truy cập: https://www.deeplearning.ai/the-batch/tag/science/
[2025-06-22T16:41:09.919+0000] {crawler_deeplai.py:180} INFO - ⚙️ Cấu hình: max_articles=100, min_threshold=5, max_clicks=1
[2025-06-22T16:41:10.472+0000] {media_manager.py:52} DEBUG - Queue: Media upload queue is empty, waiting for new jobs
[2025-06-22T16:41:11.382+0000] {media_manager.py:52} DEBUG - Queue: Media upload queue is empty, waiting for new jobs
[2025-06-22T16:41:12.383+0000] {media_manager.py:52} DEBUG - Queue: Media upload queue is empty, waiting for new jobs
[2025-06-22T16:41:13.384+0000] {media_manager.py:52} DEBUG - Queue: Media upload queue is empty, waiting for new jobs
[2025-06-22T16:41:13.540+0000] {logging_mixin.py:188} INFO - [FETCH]... ↓ https://www.deeplearning.ai/the-batch/tag/science/                 
| ✓ | ⏱: 3.71s
[2025-06-22T16:41:13.680+0000] {logging_mixin.py:188} INFO - [SCRAPE].. ◆ https://www.deeplearning.ai/the-batch/tag/science/                 
| ✓ | ⏱: 0.14s
[2025-06-22T16:41:13.683+0000] {logging_mixin.py:188} INFO - [COMPLETE] ● https://www.deeplearning.ai/the-batch/tag/science/                 
| ✓ | ⏱: 3.85s
[2025-06-22T16:41:13.684+0000] {crawler_deeplai.py:184} INFO - 📋 JavaScript execution result: {'success': True, 'results': [{'success': True, 'result': {}}]}
[2025-06-22T16:41:13.733+0000] {crawler_deeplai.py:204} INFO - 🎯 Tổng cộng tìm thấy 30 link bài viết unique
[2025-06-22T16:41:13.734+0000] {crawler_deeplai.py:208} INFO - 🔍 Một vài URL đầu tiên:
[2025-06-22T16:41:13.734+0000] {crawler_deeplai.py:210} INFO -   1. https://www.deeplearning.ai/the-batch/a-neural-network-shows-remarkable-accuracy-in-forecasting-risk-of-pancreatic-cancer/
[2025-06-22T16:41:13.735+0000] {crawler_deeplai.py:210} INFO -   2. https://www.deeplearning.ai/the-batch/a-roadmap-explores-how-ai-can-detect-and-mitigate-greenhouse-gases/
[2025-06-22T16:41:13.736+0000] {crawler_deeplai.py:210} INFO -   3. https://www.deeplearning.ai/the-batch/agentic-workflow-generates-novel-scientific-research-papers/
[2025-06-22T16:41:13.736+0000] {crawler_deeplai.py:210} INFO -   4. https://www.deeplearning.ai/the-batch/ai-and-data-center-boom-challenges-big-techs-emissions-targets/
[2025-06-22T16:41:13.737+0000] {crawler_deeplai.py:210} INFO -   5. https://www.deeplearning.ai/the-batch/ai-co-scientist-an-agent-that-generates-research-hypotheses-aiding-drug-discovery/
[2025-06-22T16:41:13.737+0000] {crawler_deeplai.py:214} INFO - 📊 Sẽ crawl 30 bài viết
[2025-06-22T16:41:14.385+0000] {media_manager.py:52} DEBUG - Queue: Media upload queue is empty, waiting for new jobs
[2025-06-22T16:41:14.615+0000] {crawler_deeplai.py:458} INFO - Đã lọc: 30 URLs ban đầu -> 0 URLs mới
[2025-06-22T16:41:14.616+0000] {crawler_deeplai.py:476} INFO - ℹ️ Không có bài viết mới nào trong danh mục science cần crawl.
[2025-06-22T16:41:14.617+0000] {crawler_deeplai.py:533} INFO - ℹ️ Không có bài viết để lưu vào collection 'science'
[2025-06-22T16:41:14.667+0000] {dags.py:188} INFO - Hoàn thành crawl category: science
[2025-06-22T16:41:14.668+0000] {python.py:237} INFO - Done. Returned value was: None
[2025-06-22T16:41:14.668+0000] {taskinstance.py:441} INFO - ::group::Post task execution logs
[2025-06-22T16:41:14.677+0000] {taskinstance.py:1206} INFO - Marking task as SUCCESS. dag_id=deepai_crawler_10min, task_id=crawl_science, run_id=manual__2025-06-22T16:33:22.039409+00:00, execution_date=20250622T163322, start_date=20250622T164108, end_date=20250622T164114
[2025-06-22T16:41:14.728+0000] {local_task_job_runner.py:240} INFO - Task exited with return code 0
[2025-06-22T16:41:14.754+0000] {taskinstance.py:3503} INFO - 1 downstream tasks scheduled from follow-on schedule check
[2025-06-22T16:41:14.756+0000] {local_task_job_runner.py:222} INFO - ::endgroup::
