[2025-05-17T12:35:03.887+0000] {local_task_job_runner.py:120} INFO - ::group::Pre task execution logs
[2025-05-17T12:35:03.920+0000] {taskinstance.py:2076} INFO - Dependencies all met for dep_context=non-requeueable deps ti=<TaskInstance: vietnamnet_crawler_24h.clean_old_articles scheduled__2025-05-17T12:00:00+00:00 [queued]>
[2025-05-17T12:35:03.938+0000] {taskinstance.py:2076} INFO - Dependencies all met for dep_context=requeueable deps ti=<TaskInstance: vietnamnet_crawler_24h.clean_old_articles scheduled__2025-05-17T12:00:00+00:00 [queued]>
[2025-05-17T12:35:03.939+0000] {taskinstance.py:2306} INFO - Starting attempt 1 of 2
[2025-05-17T12:35:03.955+0000] {taskinstance.py:2330} INFO - Executing <Task(PythonOperator): clean_old_articles> on 2025-05-17 12:00:00+00:00
[2025-05-17T12:35:03.960+0000] {warnings.py:112} WARNING - /home/***/.local/lib/python3.12/site-packages/***/task/task_runner/standard_task_runner.py:61: DeprecationWarning: This process (pid=1649) is multi-threaded, use of fork() may lead to deadlocks in the child.
  pid = os.fork()

[2025-05-17T12:35:03.963+0000] {standard_task_runner.py:63} INFO - Started process 1652 to run task
[2025-05-17T12:35:03.963+0000] {standard_task_runner.py:90} INFO - Running: ['***', 'tasks', 'run', 'vietnamnet_crawler_24h', 'clean_old_articles', 'scheduled__2025-05-17T12:00:00+00:00', '--job-id', '147', '--raw', '--subdir', 'DAGS_FOLDER/dags.py', '--cfg-path', '/tmp/tmpdhzex6y3']
[2025-05-17T12:35:03.968+0000] {standard_task_runner.py:91} INFO - Job 147: Subtask clean_old_articles
[2025-05-17T12:35:04.027+0000] {task_command.py:426} INFO - Running <TaskInstance: vietnamnet_crawler_24h.clean_old_articles scheduled__2025-05-17T12:00:00+00:00 [running]> on host 60d771d880eb
[2025-05-17T12:35:04.151+0000] {taskinstance.py:2648} INFO - Exporting env vars: AIRFLOW_CTX_DAG_OWNER='***' AIRFLOW_CTX_DAG_ID='vietnamnet_crawler_24h' AIRFLOW_CTX_TASK_ID='clean_old_articles' AIRFLOW_CTX_EXECUTION_DATE='2025-05-17T12:00:00+00:00' AIRFLOW_CTX_TRY_NUMBER='1' AIRFLOW_CTX_DAG_RUN_ID='scheduled__2025-05-17T12:00:00+00:00'
[2025-05-17T12:35:04.152+0000] {taskinstance.py:430} INFO - ::endgroup::
[2025-05-17T12:35:04.533+0000] {database_cleaner.py:33} INFO - Đã kết nối MongoDB: News
[2025-05-17T12:35:04.533+0000] {database_cleaner.py:102} INFO - Xóa các bài viết trước: 2025-04-16T19:35:04.533846+07:00
[2025-05-17T12:35:05.379+0000] {database_cleaner.py:125} INFO - Collection 'cong-nghe': 0 bài bị xóa
[2025-05-17T12:35:06.645+0000] {database_cleaner.py:117} INFO - 10 bài đã xóa từ 'the-gioi'
[2025-05-17T12:35:07.329+0000] {database_cleaner.py:117} INFO - 20 bài đã xóa từ 'the-gioi'
[2025-05-17T12:35:07.347+0000] {database_cleaner.py:125} INFO - Collection 'the-gioi': 20 bài bị xóa
[2025-05-17T12:35:08.784+0000] {database_cleaner.py:117} INFO - 10 bài đã xóa từ 'chinh-tri'
[2025-05-17T12:35:09.441+0000] {database_cleaner.py:117} INFO - 20 bài đã xóa từ 'chinh-tri'
[2025-05-17T12:35:09.521+0000] {database_cleaner.py:125} INFO - Collection 'chinh-tri': 21 bài bị xóa
[2025-05-17T12:35:10.345+0000] {database_cleaner.py:125} INFO - Collection 'phap-luat': 9 bài bị xóa
[2025-05-17T12:35:11.235+0000] {database_cleaner.py:125} INFO - Collection 'doi-song': 9 bài bị xóa
[2025-05-17T12:35:12.183+0000] {database_cleaner.py:117} INFO - 10 bài đã xóa từ 'giao-duc'
[2025-05-17T12:35:12.589+0000] {database_cleaner.py:125} INFO - Collection 'giao-duc': 16 bài bị xóa
[2025-05-17T12:35:12.653+0000] {database_cleaner.py:42} INFO - Đã đóng kết nối MongoDB
[2025-05-17T12:35:12.654+0000] {database_cleaner.py:142} INFO - Đã xóa tổng cộng 75 bài, còn lại 1681
[2025-05-17T12:35:12.654+0000] {python.py:237} INFO - Done. Returned value was: {'cong-nghe': {'total': 0, 'deleted': 0, 'remaining': 0}, 'the-gioi': {'total': 413, 'deleted': 20, 'remaining': 393}, 'chinh-tri': {'total': 524, 'deleted': 21, 'remaining': 503}, 'phap-luat': {'total': 220, 'deleted': 9, 'remaining': 211}, 'doi-song': {'total': 291, 'deleted': 9, 'remaining': 282}, 'giao-duc': {'total': 308, 'deleted': 16, 'remaining': 292}}
[2025-05-17T12:35:12.655+0000] {taskinstance.py:441} INFO - ::group::Post task execution logs
[2025-05-17T12:35:12.673+0000] {taskinstance.py:1206} INFO - Marking task as SUCCESS. dag_id=vietnamnet_crawler_24h, task_id=clean_old_articles, run_id=scheduled__2025-05-17T12:00:00+00:00, execution_date=20250517T120000, start_date=20250517T123503, end_date=20250517T123512
[2025-05-17T12:35:12.729+0000] {local_task_job_runner.py:240} INFO - Task exited with return code 0
[2025-05-17T12:35:12.754+0000] {taskinstance.py:3503} INFO - 1 downstream tasks scheduled from follow-on schedule check
[2025-05-17T12:35:12.756+0000] {local_task_job_runner.py:222} INFO - ::endgroup::
