[2025-05-18T07:50:38.865+0000] {local_task_job_runner.py:120} INFO - ::group::Pre task execution logs
[2025-05-18T07:50:38.896+0000] {taskinstance.py:2076} INFO - Dependencies all met for dep_context=non-requeueable deps ti=<TaskInstance: vietnamnet_crawler_24h.crawl_cong-nghe manual__2025-05-18T07:45:32.745061+00:00 [queued]>
[2025-05-18T07:50:38.907+0000] {taskinstance.py:2076} INFO - Dependencies all met for dep_context=requeueable deps ti=<TaskInstance: vietnamnet_crawler_24h.crawl_cong-nghe manual__2025-05-18T07:45:32.745061+00:00 [queued]>
[2025-05-18T07:50:38.907+0000] {taskinstance.py:2306} INFO - Starting attempt 2 of 2
[2025-05-18T07:50:38.926+0000] {taskinstance.py:2330} INFO - Executing <Task(PythonOperator): crawl_cong-nghe> on 2025-05-18 07:45:32.745061+00:00
[2025-05-18T07:50:38.933+0000] {warnings.py:112} WARNING - /home/***/.local/lib/python3.12/site-packages/***/task/task_runner/standard_task_runner.py:61: DeprecationWarning: This process (pid=8202) is multi-threaded, use of fork() may lead to deadlocks in the child.
  pid = os.fork()

[2025-05-18T07:50:38.935+0000] {standard_task_runner.py:63} INFO - Started process 8303 to run task
[2025-05-18T07:50:38.937+0000] {standard_task_runner.py:90} INFO - Running: ['***', 'tasks', 'run', 'vietnamnet_crawler_24h', 'crawl_cong-nghe', 'manual__2025-05-18T07:45:32.745061+00:00', '--job-id', '7', '--raw', '--subdir', 'DAGS_FOLDER/dags.py', '--cfg-path', '/tmp/tmp_y_fh7qe']
[2025-05-18T07:50:38.940+0000] {standard_task_runner.py:91} INFO - Job 7: Subtask crawl_cong-nghe
[2025-05-18T07:50:38.996+0000] {task_command.py:426} INFO - Running <TaskInstance: vietnamnet_crawler_24h.crawl_cong-nghe manual__2025-05-18T07:45:32.745061+00:00 [running]> on host 396ee2b23973
[2025-05-18T07:50:39.111+0000] {taskinstance.py:2648} INFO - Exporting env vars: AIRFLOW_CTX_DAG_OWNER='***' AIRFLOW_CTX_DAG_ID='vietnamnet_crawler_24h' AIRFLOW_CTX_TASK_ID='crawl_cong-nghe' AIRFLOW_CTX_EXECUTION_DATE='2025-05-18T07:45:32.745061+00:00' AIRFLOW_CTX_TRY_NUMBER='2' AIRFLOW_CTX_DAG_RUN_ID='manual__2025-05-18T07:45:32.745061+00:00'
[2025-05-18T07:50:39.113+0000] {taskinstance.py:430} INFO - ::endgroup::
[2025-05-18T07:50:39.401+0000] {crawler.py:55} INFO - Đã kết nối thành công với MongoDB: News
[2025-05-18T07:50:40.684+0000] {logging_mixin.py:188} INFO - [INIT].... → Crawl4AI 0.6.3
[2025-05-18T07:50:45.161+0000] {logging_mixin.py:188} INFO - [FETCH]... ↓ https://vietnamnet.vn/tin-tuc-24h?bydaterang=&cate=00MK8V          
| ✓ | ⏱: 4.36s
[2025-05-18T07:50:45.863+0000] {logging_mixin.py:188} INFO - [SCRAPE].. ◆ https://vietnamnet.vn/tin-tuc-24h?bydaterang=&cate=00MK8V          
| ✓ | ⏱: 0.69s
[2025-05-18T07:50:45.870+0000] {logging_mixin.py:188} INFO - [COMPLETE] ● https://vietnamnet.vn/tin-tuc-24h?bydaterang=&cate=00MK8V          
| ✓ | ⏱: 5.07s
[2025-05-18T07:50:46.160+0000] {crawler.py:85} INFO - Tìm thấy 25 link bài viết cho danh mục cong-nghe
[2025-05-18T07:50:46.938+0000] {crawler.py:110} INFO - Đã lọc: 25 URLs ban đầu -> 0 URLs sau xử lý live
[2025-05-18T07:50:46.939+0000] {crawler.py:252} INFO - Không có bài viết mới nào trong danh mục cong-nghe cần crawl.
[2025-05-18T07:50:47.010+0000] {crawler.py:294} INFO - Không có bài viết để lưu vào collection 'cong-nghe'
[2025-05-18T07:50:47.088+0000] {python.py:237} INFO - Done. Returned value was: None
[2025-05-18T07:50:47.091+0000] {taskinstance.py:441} INFO - ::group::Post task execution logs
[2025-05-18T07:50:47.114+0000] {taskinstance.py:1206} INFO - Marking task as SUCCESS. dag_id=vietnamnet_crawler_24h, task_id=crawl_cong-nghe, run_id=manual__2025-05-18T07:45:32.745061+00:00, execution_date=20250518T074532, start_date=20250518T075038, end_date=20250518T075047
[2025-05-18T07:50:47.186+0000] {local_task_job_runner.py:240} INFO - Task exited with return code 0
[2025-05-18T07:50:47.268+0000] {taskinstance.py:3503} INFO - 1 downstream tasks scheduled from follow-on schedule check
[2025-05-18T07:50:47.272+0000] {local_task_job_runner.py:222} INFO - ::endgroup::
