[2025-05-15T17:40:12.729+0000] {local_task_job_runner.py:120} INFO - ::group::Pre task execution logs
[2025-05-15T17:40:12.749+0000] {taskinstance.py:2076} INFO - Dependencies all met for dep_context=non-requeueable deps ti=<TaskInstance: vietnamnet_crawler_24h.clean_old_articles scheduled__2025-05-15T17:00:00+00:00 [queued]>
[2025-05-15T17:40:12.758+0000] {taskinstance.py:2076} INFO - Dependencies all met for dep_context=requeueable deps ti=<TaskInstance: vietnamnet_crawler_24h.clean_old_articles scheduled__2025-05-15T17:00:00+00:00 [queued]>
[2025-05-15T17:40:12.759+0000] {taskinstance.py:2306} INFO - Starting attempt 1 of 2
[2025-05-15T17:40:12.771+0000] {taskinstance.py:2330} INFO - Executing <Task(PythonOperator): clean_old_articles> on 2025-05-15 17:00:00+00:00
[2025-05-15T17:40:12.779+0000] {warnings.py:112} WARNING - /home/***/.local/lib/python3.12/site-packages/***/task/task_runner/standard_task_runner.py:61: DeprecationWarning: This process (pid=25604) is multi-threaded, use of fork() may lead to deadlocks in the child.
  pid = os.fork()

[2025-05-15T17:40:12.780+0000] {standard_task_runner.py:63} INFO - Started process 25606 to run task
[2025-05-15T17:40:12.781+0000] {standard_task_runner.py:90} INFO - Running: ['***', 'tasks', 'run', 'vietnamnet_crawler_24h', 'clean_old_articles', 'scheduled__2025-05-15T17:00:00+00:00', '--job-id', '9', '--raw', '--subdir', 'DAGS_FOLDER/dags.py', '--cfg-path', '/tmp/tmpa5ffnjcd']
[2025-05-15T17:40:12.783+0000] {standard_task_runner.py:91} INFO - Job 9: Subtask clean_old_articles
[2025-05-15T17:40:12.828+0000] {task_command.py:426} INFO - Running <TaskInstance: vietnamnet_crawler_24h.clean_old_articles scheduled__2025-05-15T17:00:00+00:00 [running]> on host 3e0aeda9ad24
[2025-05-15T17:40:12.905+0000] {taskinstance.py:2648} INFO - Exporting env vars: AIRFLOW_CTX_DAG_OWNER='***' AIRFLOW_CTX_DAG_ID='vietnamnet_crawler_24h' AIRFLOW_CTX_TASK_ID='clean_old_articles' AIRFLOW_CTX_EXECUTION_DATE='2025-05-15T17:00:00+00:00' AIRFLOW_CTX_TRY_NUMBER='1' AIRFLOW_CTX_DAG_RUN_ID='scheduled__2025-05-15T17:00:00+00:00'
[2025-05-15T17:40:12.907+0000] {taskinstance.py:430} INFO - ::endgroup::
[2025-05-15T17:40:13.115+0000] {database_cleaner.py:33} INFO - Đã kết nối MongoDB: News
[2025-05-15T17:40:13.116+0000] {database_cleaner.py:102} INFO - Xóa các bài viết trước: 2025-04-15T00:40:13.116351+07:00
[2025-05-15T17:40:14.414+0000] {database_cleaner.py:125} INFO - Collection 'cong-nghe': 0 bài bị xóa
[2025-05-15T17:40:14.841+0000] {database_cleaner.py:125} INFO - Collection 'the-gioi': 2 bài bị xóa
[2025-05-15T17:40:16.048+0000] {database_cleaner.py:125} INFO - Collection 'chinh-tri': 8 bài bị xóa
[2025-05-15T17:40:16.231+0000] {database_cleaner.py:125} INFO - Collection 'phap-luat': 0 bài bị xóa
[2025-05-15T17:40:16.565+0000] {database_cleaner.py:125} INFO - Collection 'doi-song': 2 bài bị xóa
[2025-05-15T17:40:17.077+0000] {database_cleaner.py:125} INFO - Collection 'giao-duc': 1 bài bị xóa
[2025-05-15T17:40:17.140+0000] {database_cleaner.py:42} INFO - Đã đóng kết nối MongoDB
[2025-05-15T17:40:17.141+0000] {database_cleaner.py:142} INFO - Đã xóa tổng cộng 13 bài, còn lại 1902
[2025-05-15T17:40:17.141+0000] {python.py:237} INFO - Done. Returned value was: {'cong-nghe': {'total': 186, 'deleted': 0, 'remaining': 186}, 'the-gioi': {'total': 414, 'deleted': 2, 'remaining': 412}, 'chinh-tri': {'total': 544, 'deleted': 8, 'remaining': 536}, 'phap-luat': {'total': 193, 'deleted': 0, 'remaining': 193}, 'doi-song': {'total': 269, 'deleted': 2, 'remaining': 267}, 'giao-duc': {'total': 309, 'deleted': 1, 'remaining': 308}}
[2025-05-15T17:40:17.142+0000] {taskinstance.py:441} INFO - ::group::Post task execution logs
[2025-05-15T17:40:17.162+0000] {taskinstance.py:1206} INFO - Marking task as SUCCESS. dag_id=vietnamnet_crawler_24h, task_id=clean_old_articles, run_id=scheduled__2025-05-15T17:00:00+00:00, execution_date=20250515T170000, start_date=20250515T174012, end_date=20250515T174017
[2025-05-15T17:40:17.213+0000] {local_task_job_runner.py:240} INFO - Task exited with return code 0
[2025-05-15T17:40:17.236+0000] {taskinstance.py:3503} INFO - 1 downstream tasks scheduled from follow-on schedule check
[2025-05-15T17:40:17.239+0000] {local_task_job_runner.py:222} INFO - ::endgroup::
