[2025-05-18T15:30:25.504+0000] {local_task_job_runner.py:120} INFO - ::group::Pre task execution logs
[2025-05-18T15:30:25.525+0000] {taskinstance.py:2076} INFO - Dependencies all met for dep_context=non-requeueable deps ti=<TaskInstance: vietnamnet_crawler_24h.crawl_phap-luat scheduled__2025-05-18T15:00:00+00:00 [queued]>
[2025-05-18T15:30:25.533+0000] {taskinstance.py:2076} INFO - Dependencies all met for dep_context=requeueable deps ti=<TaskInstance: vietnamnet_crawler_24h.crawl_phap-luat scheduled__2025-05-18T15:00:00+00:00 [queued]>
[2025-05-18T15:30:25.534+0000] {taskinstance.py:2306} INFO - Starting attempt 1 of 2
[2025-05-18T15:30:25.548+0000] {taskinstance.py:2330} INFO - Executing <Task(PythonOperator): crawl_phap-luat> on 2025-05-18 15:00:00+00:00
[2025-05-18T15:30:25.554+0000] {warnings.py:112} WARNING - /home/***/.local/lib/python3.12/site-packages/***/task/task_runner/standard_task_runner.py:61: DeprecationWarning: This process (pid=16681) is multi-threaded, use of fork() may lead to deadlocks in the child.
  pid = os.fork()

[2025-05-18T15:30:25.556+0000] {standard_task_runner.py:63} INFO - Started process 16689 to run task
[2025-05-18T15:30:25.556+0000] {standard_task_runner.py:90} INFO - Running: ['***', 'tasks', 'run', 'vietnamnet_crawler_24h', 'crawl_phap-luat', 'scheduled__2025-05-18T15:00:00+00:00', '--job-id', '55', '--raw', '--subdir', 'DAGS_FOLDER/dags.py', '--cfg-path', '/tmp/tmp4vc5b7b1']
[2025-05-18T15:30:25.558+0000] {standard_task_runner.py:91} INFO - Job 55: Subtask crawl_phap-luat
[2025-05-18T15:30:25.599+0000] {task_command.py:426} INFO - Running <TaskInstance: vietnamnet_crawler_24h.crawl_phap-luat scheduled__2025-05-18T15:00:00+00:00 [running]> on host a383b65f89e1
[2025-05-18T15:30:25.685+0000] {taskinstance.py:2648} INFO - Exporting env vars: AIRFLOW_CTX_DAG_OWNER='***' AIRFLOW_CTX_DAG_ID='vietnamnet_crawler_24h' AIRFLOW_CTX_TASK_ID='crawl_phap-luat' AIRFLOW_CTX_EXECUTION_DATE='2025-05-18T15:00:00+00:00' AIRFLOW_CTX_TRY_NUMBER='1' AIRFLOW_CTX_DAG_RUN_ID='scheduled__2025-05-18T15:00:00+00:00'
[2025-05-18T15:30:25.686+0000] {taskinstance.py:430} INFO - ::endgroup::
[2025-05-18T15:30:25.863+0000] {crawler.py:55} INFO - Đã kết nối thành công với MongoDB: News
[2025-05-18T15:30:26.490+0000] {logging_mixin.py:188} INFO - [INIT].... → Crawl4AI 0.6.3
[2025-05-18T15:30:29.059+0000] {logging_mixin.py:188} INFO - [FETCH]... ↓ https://vietnamnet.vn/tin-tuc-24h?bydaterang=&cate=000008          
| ✓ | ⏱: 2.49s
[2025-05-18T15:30:29.243+0000] {logging_mixin.py:188} INFO - [SCRAPE].. ◆ https://vietnamnet.vn/tin-tuc-24h?bydaterang=&cate=000008          
| ✓ | ⏱: 0.18s
[2025-05-18T15:30:29.245+0000] {logging_mixin.py:188} INFO - [COMPLETE] ● https://vietnamnet.vn/tin-tuc-24h?bydaterang=&cate=000008          
| ✓ | ⏱: 2.68s
[2025-05-18T15:30:29.461+0000] {crawler.py:85} INFO - Tìm thấy 25 link bài viết cho danh mục phap-luat
[2025-05-18T15:30:30.009+0000] {crawler.py:110} INFO - Đã lọc: 25 URLs ban đầu -> 1 URLs sau xử lý live
[2025-05-18T15:30:30.010+0000] {crawler.py:255} INFO - Đang crawl 1 bài viết mới từ danh mục phap-luat...
[2025-05-18T15:30:30.011+0000] {crawler.py:258} INFO - --> Crawl: https://vietnamnet.vn/dai-gia-buon-lau-hang-tri-gia-1-814-ty-dong-chi-tien-ty-lot-tay-hai-quan-2402420.html
[2025-05-18T15:30:30.494+0000] {logging_mixin.py:188} INFO - [INIT].... → Crawl4AI 0.6.3
[2025-05-18T15:30:33.930+0000] {logging_mixin.py:188} INFO - [FETCH]... ↓ 
https://vietnamnet.vn/dai-gia-buon-lau-hang-tri-...y-dong-chi-tien-ty-lot-tay-ha
i-quan-2402420.html  | ✓ | ⏱: 3.38s
[2025-05-18T15:30:34.154+0000] {logging_mixin.py:188} INFO - [SCRAPE].. ◆ 
https://vietnamnet.vn/dai-gia-buon-lau-hang-tri-...y-dong-chi-tien-ty-lot-tay-ha
i-quan-2402420.html  | ✓ | ⏱: 0.22s
[2025-05-18T15:30:34.156+0000] {logging_mixin.py:188} INFO - [COMPLETE] ● 
https://vietnamnet.vn/dai-gia-buon-lau-hang-tri-...y-dong-chi-tien-ty-lot-tay-ha
i-quan-2402420.html  | ✓ | ⏱: 3.61s
[2025-05-18T15:30:34.563+0000] {crawler.py:262} INFO -     ✓ Đại gia buôn lậu hàng trị giá 1.814 tỷ đồng, chi tiền tỷ 'ló...

[2025-05-18T15:30:34.564+0000] {crawler.py:265} INFO - ⏱️  Tổng thời gian crawl: 8.70 giây
[2025-05-18T15:30:34.723+0000] {crawler.py:292} INFO - Đã lưu 1 bài viết vào collection 'phap-luat'
[2025-05-18T15:30:34.789+0000] {python.py:237} INFO - Done. Returned value was: None
[2025-05-18T15:30:34.791+0000] {taskinstance.py:441} INFO - ::group::Post task execution logs
[2025-05-18T15:30:34.800+0000] {taskinstance.py:1206} INFO - Marking task as SUCCESS. dag_id=vietnamnet_crawler_24h, task_id=crawl_phap-luat, run_id=scheduled__2025-05-18T15:00:00+00:00, execution_date=20250518T150000, start_date=20250518T153025, end_date=20250518T153034
[2025-05-18T15:30:34.841+0000] {local_task_job_runner.py:240} INFO - Task exited with return code 0
[2025-05-18T15:30:34.861+0000] {taskinstance.py:3503} INFO - 1 downstream tasks scheduled from follow-on schedule check
[2025-05-18T15:30:34.863+0000] {local_task_job_runner.py:222} INFO - ::endgroup::
