[2025-06-22T00:40:21.765+0000] {local_task_job_runner.py:120} INFO - ::group::Pre task execution logs
[2025-06-22T00:40:21.781+0000] {taskinstance.py:2076} INFO - Dependencies all met for dep_context=non-requeueable deps ti=<TaskInstance: deepai_crawler_10min.crawl_hardware manual__2025-06-22T00:35:07.442739+00:00 [queued]>
[2025-06-22T00:40:21.793+0000] {taskinstance.py:2076} INFO - Dependencies all met for dep_context=requeueable deps ti=<TaskInstance: deepai_crawler_10min.crawl_hardware manual__2025-06-22T00:35:07.442739+00:00 [queued]>
[2025-06-22T00:40:21.793+0000] {taskinstance.py:2306} INFO - Starting attempt 2 of 3
[2025-06-22T00:40:21.810+0000] {taskinstance.py:2330} INFO - Executing <Task(PythonOperator): crawl_hardware> on 2025-06-22 00:35:07.442739+00:00
[2025-06-22T00:40:21.826+0000] {warnings.py:112} WARNING - /home/***/.local/lib/python3.12/site-packages/***/task/task_runner/standard_task_runner.py:61: DeprecationWarning: This process (pid=3960) is multi-threaded, use of fork() may lead to deadlocks in the child.
  pid = os.fork()

[2025-06-22T00:40:21.829+0000] {standard_task_runner.py:63} INFO - Started process 3991 to run task
[2025-06-22T00:40:21.829+0000] {standard_task_runner.py:90} INFO - Running: ['***', 'tasks', 'run', 'deepai_crawler_10min', 'crawl_hardware', 'manual__2025-06-22T00:35:07.442739+00:00', '--job-id', '174', '--raw', '--subdir', 'DAGS_FOLDER/dags.py', '--cfg-path', '/tmp/tmp__mhxvtt']
[2025-06-22T00:40:21.833+0000] {standard_task_runner.py:91} INFO - Job 174: Subtask crawl_hardware
[2025-06-22T00:40:21.887+0000] {task_command.py:426} INFO - Running <TaskInstance: deepai_crawler_10min.crawl_hardware manual__2025-06-22T00:35:07.442739+00:00 [running]> on host 5471b5a2dbbe
[2025-06-22T00:40:22.002+0000] {taskinstance.py:2648} INFO - Exporting env vars: AIRFLOW_CTX_DAG_OWNER='***' AIRFLOW_CTX_DAG_ID='deepai_crawler_10min' AIRFLOW_CTX_TASK_ID='crawl_hardware' AIRFLOW_CTX_EXECUTION_DATE='2025-06-22T00:35:07.442739+00:00' AIRFLOW_CTX_TRY_NUMBER='2' AIRFLOW_CTX_DAG_RUN_ID='manual__2025-06-22T00:35:07.442739+00:00'
[2025-06-22T00:40:22.004+0000] {taskinstance.py:430} INFO - ::endgroup::
[2025-06-22T00:40:22.022+0000] {dags.py:169} INFO - Bắt đầu crawl category: hardware
[2025-06-22T00:40:22.163+0000] {crawler_deeplai.py:52} INFO - Đã kết nối thành công với MongoDB: deeplearning_ai_news
[2025-06-22T00:40:22.203+0000] {crawler_deeplai.py:466} INFO - 🚀 Đang bắt đầu quá trình crawl với Load More...
[2025-06-22T00:40:23.085+0000] {logging_mixin.py:188} INFO - [INIT].... → Crawl4AI 0.6.3
[2025-06-22T00:40:23.086+0000] {crawler_deeplai.py:180} INFO - 🌐 Đang truy cập: https://www.deeplearning.ai/the-batch/tag/hardware/
[2025-06-22T00:40:23.087+0000] {crawler_deeplai.py:181} INFO - ⚙️ Cấu hình: max_articles=100, min_threshold=5, max_clicks=1
[2025-06-22T00:40:27.417+0000] {logging_mixin.py:188} INFO - [FETCH]... ↓ https://www.deeplearning.ai/the-batch/tag/hardware/                
| ✓ | ⏱: 4.33s
[2025-06-22T00:40:27.671+0000] {logging_mixin.py:188} INFO - [SCRAPE].. ◆ https://www.deeplearning.ai/the-batch/tag/hardware/                
| ✓ | ⏱: 0.25s
[2025-06-22T00:40:27.675+0000] {logging_mixin.py:188} INFO - [COMPLETE] ● https://www.deeplearning.ai/the-batch/tag/hardware/                
| ✓ | ⏱: 4.59s
[2025-06-22T00:40:27.676+0000] {crawler_deeplai.py:185} INFO - 📋 JavaScript execution result: {'success': True, 'results': [{'success': True, 'result': {}}]}
[2025-06-22T00:40:27.752+0000] {crawler_deeplai.py:205} INFO - 🎯 Tổng cộng tìm thấy 30 link bài viết unique
[2025-06-22T00:40:27.756+0000] {crawler_deeplai.py:209} INFO - 🔍 Một vài URL đầu tiên:
[2025-06-22T00:40:27.758+0000] {crawler_deeplai.py:211} INFO -   1. https://www.deeplearning.ai/the-batch/ai-creates-an-interactive-minecraft-like-world-in-real-time/
[2025-06-22T00:40:27.759+0000] {crawler_deeplai.py:211} INFO -   2. https://www.deeplearning.ai/the-batch/ai-electricity-demands-spur-an-expansion-of-power-sources/
[2025-06-22T00:40:27.760+0000] {crawler_deeplai.py:211} INFO -   3. https://www.deeplearning.ai/the-batch/all-about-nvidia-gpu-shortage/
[2025-06-22T00:40:27.761+0000] {crawler_deeplai.py:211} INFO -   4. https://www.deeplearning.ai/the-batch/all-about-nvidias-new-blackwell-architecture-and-b200-gpu/
[2025-06-22T00:40:27.762+0000] {crawler_deeplai.py:211} INFO -   5. https://www.deeplearning.ai/the-batch/amazon-google-and-microsoft-bet-on-nuclear-power-to-meet-ai-energy-demands/
[2025-06-22T00:40:27.762+0000] {crawler_deeplai.py:215} INFO - 📊 Sẽ crawl 30 bài viết
[2025-06-22T00:40:30.719+0000] {crawler_deeplai.py:459} INFO - Đã lọc: 30 URLs ban đầu -> 0 URLs mới
[2025-06-22T00:40:30.720+0000] {crawler_deeplai.py:477} INFO - ℹ️ Không có bài viết mới nào trong danh mục hardware cần crawl.
[2025-06-22T00:40:30.720+0000] {crawler_deeplai.py:534} INFO - ℹ️ Không có bài viết để lưu vào collection 'hardware'
[2025-06-22T00:40:30.777+0000] {dags.py:174} INFO - Hoàn thành crawl category: hardware
[2025-06-22T00:40:30.778+0000] {python.py:237} INFO - Done. Returned value was: None
[2025-06-22T00:40:30.779+0000] {taskinstance.py:441} INFO - ::group::Post task execution logs
[2025-06-22T00:40:30.789+0000] {taskinstance.py:1206} INFO - Marking task as SUCCESS. dag_id=deepai_crawler_10min, task_id=crawl_hardware, run_id=manual__2025-06-22T00:35:07.442739+00:00, execution_date=20250622T003507, start_date=20250622T004021, end_date=20250622T004030
[2025-06-22T00:40:30.835+0000] {local_task_job_runner.py:240} INFO - Task exited with return code 0
[2025-06-22T00:40:30.862+0000] {taskinstance.py:3503} INFO - 1 downstream tasks scheduled from follow-on schedule check
[2025-06-22T00:40:30.865+0000] {local_task_job_runner.py:222} INFO - ::endgroup::
