[2025-05-04T13:54:43.014+0000] {local_task_job_runner.py:120} INFO - ::group::Pre task execution logs
[2025-05-04T13:54:43.039+0000] {taskinstance.py:2076} INFO - Dependencies all met for dep_context=non-requeueable deps ti=<TaskInstance: vietnamnet_crawler_24h.crawl_giao-duc manual__2025-05-04T13:54:24.309060+00:00 [queued]>
[2025-05-04T13:54:43.050+0000] {taskinstance.py:2076} INFO - Dependencies all met for dep_context=requeueable deps ti=<TaskInstance: vietnamnet_crawler_24h.crawl_giao-duc manual__2025-05-04T13:54:24.309060+00:00 [queued]>
[2025-05-04T13:54:43.050+0000] {taskinstance.py:2306} INFO - Starting attempt 1 of 2
[2025-05-04T13:54:43.145+0000] {taskinstance.py:2330} INFO - Executing <Task(PythonOperator): crawl_giao-duc> on 2025-05-04 13:54:24.309060+00:00
[2025-05-04T13:54:43.153+0000] {warnings.py:112} WARNING - /home/***/.local/lib/python3.12/site-packages/***/task/task_runner/standard_task_runner.py:61: DeprecationWarning: This process (pid=436) is multi-threaded, use of fork() may lead to deadlocks in the child.
  pid = os.fork()

[2025-05-04T13:54:43.155+0000] {standard_task_runner.py:63} INFO - Started process 438 to run task
[2025-05-04T13:54:43.158+0000] {standard_task_runner.py:90} INFO - Running: ['***', 'tasks', 'run', 'vietnamnet_crawler_24h', 'crawl_giao-duc', 'manual__2025-05-04T13:54:24.309060+00:00', '--job-id', '7', '--raw', '--subdir', 'DAGS_FOLDER/dags.py', '--cfg-path', '/tmp/tmpj5ox0mt8']
[2025-05-04T13:54:43.162+0000] {standard_task_runner.py:91} INFO - Job 7: Subtask crawl_giao-duc
[2025-05-04T13:54:43.252+0000] {task_command.py:426} INFO - Running <TaskInstance: vietnamnet_crawler_24h.crawl_giao-duc manual__2025-05-04T13:54:24.309060+00:00 [running]> on host 78b16fb5ec43
[2025-05-04T13:54:43.388+0000] {taskinstance.py:2648} INFO - Exporting env vars: AIRFLOW_CTX_DAG_OWNER='***' AIRFLOW_CTX_DAG_ID='vietnamnet_crawler_24h' AIRFLOW_CTX_TASK_ID='crawl_giao-duc' AIRFLOW_CTX_EXECUTION_DATE='2025-05-04T13:54:24.309060+00:00' AIRFLOW_CTX_TRY_NUMBER='1' AIRFLOW_CTX_DAG_RUN_ID='manual__2025-05-04T13:54:24.309060+00:00'
[2025-05-04T13:54:43.389+0000] {taskinstance.py:430} INFO - ::endgroup::
[2025-05-04T13:54:43.685+0000] {crawler.py:54} INFO - Đã kết nối thành công với MongoDB: News
[2025-05-04T13:54:43.911+0000] {crawler.py:44} INFO - ArticleSummarizer đã được khởi tạo thành công
[2025-05-04T13:54:44.798+0000] {logging_mixin.py:188} INFO - [INIT].... → Crawl4AI 0.6.2
[2025-05-04T13:54:50.036+0000] {logging_mixin.py:188} INFO - [FETCH]... ↓ https://vietnamnet.vn/tin-tuc-24h?bydaterang=&cate=000006                                            | 
[2025-05-04T13:54:50.037+0000] {logging_mixin.py:188} INFO - ✓
[2025-05-04T13:54:50.038+0000] {logging_mixin.py:188} INFO -  | ⏱: 5.12s
[2025-05-04T13:54:50.291+0000] {logging_mixin.py:188} INFO - [SCRAPE].. ◆ https://vietnamnet.vn/tin-tuc-24h?bydaterang=&cate=000006                                            | 
[2025-05-04T13:54:50.292+0000] {logging_mixin.py:188} INFO - ✓
[2025-05-04T13:54:50.293+0000] {logging_mixin.py:188} INFO -  | ⏱: 0.25s
[2025-05-04T13:54:50.295+0000] {logging_mixin.py:188} INFO - [COMPLETE] ● https://vietnamnet.vn/tin-tuc-24h?bydaterang=&cate=000006                                            | 
[2025-05-04T13:54:50.296+0000] {logging_mixin.py:188} INFO - ✓
[2025-05-04T13:54:50.296+0000] {logging_mixin.py:188} INFO -  | ⏱: 5.38s
[2025-05-04T13:54:50.657+0000] {crawler.py:86} INFO - Tìm thấy 0 link bài viết cho danh mục giao-duc
[2025-05-04T13:54:50.940+0000] {crawler.py:105} INFO - Đã lọc: 0 URLs ban đầu -> 0 URLs mới
[2025-05-04T13:54:50.941+0000] {crawler.py:224} INFO - Không có bài viết mới nào trong danh mục giao-duc cần crawl.
[2025-05-04T13:54:50.942+0000] {crawler.py:259} INFO - Không có bài viết để lưu vào collection 'giao-duc'
[2025-05-04T13:54:50.943+0000] {python.py:237} INFO - Done. Returned value was: None
[2025-05-04T13:54:50.944+0000] {taskinstance.py:441} INFO - ::group::Post task execution logs
[2025-05-04T13:54:50.954+0000] {taskinstance.py:1206} INFO - Marking task as SUCCESS. dag_id=vietnamnet_crawler_24h, task_id=crawl_giao-duc, run_id=manual__2025-05-04T13:54:24.309060+00:00, execution_date=20250504T135424, start_date=20250504T135443, end_date=20250504T135450
[2025-05-04T13:54:50.989+0000] {local_task_job_runner.py:240} INFO - Task exited with return code 0
[2025-05-04T13:54:51.020+0000] {taskinstance.py:3503} INFO - 1 downstream tasks scheduled from follow-on schedule check
[2025-05-04T13:54:51.023+0000] {local_task_job_runner.py:222} INFO - ::endgroup::
