[2025-05-18T10:32:48.580+0000] {local_task_job_runner.py:120} INFO - ::group::Pre task execution logs
[2025-05-18T10:32:48.610+0000] {taskinstance.py:2076} INFO - Dependencies all met for dep_context=non-requeueable deps ti=<TaskInstance: vietnamnet_crawler_24h.crawl_doi-song scheduled__2025-05-18T09:30:00+00:00 [queued]>
[2025-05-18T10:32:48.623+0000] {taskinstance.py:2076} INFO - Dependencies all met for dep_context=requeueable deps ti=<TaskInstance: vietnamnet_crawler_24h.crawl_doi-song scheduled__2025-05-18T09:30:00+00:00 [queued]>
[2025-05-18T10:32:48.624+0000] {taskinstance.py:2306} INFO - Starting attempt 1 of 2
[2025-05-18T10:32:48.645+0000] {taskinstance.py:2330} INFO - Executing <Task(PythonOperator): crawl_doi-song> on 2025-05-18 09:30:00+00:00
[2025-05-18T10:32:48.653+0000] {warnings.py:112} WARNING - /home/***/.local/lib/python3.12/site-packages/***/task/task_runner/standard_task_runner.py:61: DeprecationWarning: This process (pid=21742) is multi-threaded, use of fork() may lead to deadlocks in the child.
  pid = os.fork()

[2025-05-18T10:32:48.655+0000] {standard_task_runner.py:63} INFO - Started process 21769 to run task
[2025-05-18T10:32:48.656+0000] {standard_task_runner.py:90} INFO - Running: ['***', 'tasks', 'run', 'vietnamnet_crawler_24h', 'crawl_doi-song', 'scheduled__2025-05-18T09:30:00+00:00', '--job-id', '13', '--raw', '--subdir', 'DAGS_FOLDER/dags.py', '--cfg-path', '/tmp/tmp32qdkm5s']
[2025-05-18T10:32:48.658+0000] {standard_task_runner.py:91} INFO - Job 13: Subtask crawl_doi-song
[2025-05-18T10:32:48.704+0000] {task_command.py:426} INFO - Running <TaskInstance: vietnamnet_crawler_24h.crawl_doi-song scheduled__2025-05-18T09:30:00+00:00 [running]> on host cc92a118fd3e
[2025-05-18T10:32:48.790+0000] {taskinstance.py:2648} INFO - Exporting env vars: AIRFLOW_CTX_DAG_OWNER='***' AIRFLOW_CTX_DAG_ID='vietnamnet_crawler_24h' AIRFLOW_CTX_TASK_ID='crawl_doi-song' AIRFLOW_CTX_EXECUTION_DATE='2025-05-18T09:30:00+00:00' AIRFLOW_CTX_TRY_NUMBER='1' AIRFLOW_CTX_DAG_RUN_ID='scheduled__2025-05-18T09:30:00+00:00'
[2025-05-18T10:32:48.792+0000] {taskinstance.py:430} INFO - ::endgroup::
[2025-05-18T10:32:49.071+0000] {crawler.py:55} INFO - Đã kết nối thành công với MongoDB: News
[2025-05-18T10:32:49.710+0000] {logging_mixin.py:188} INFO - [INIT].... → Crawl4AI 0.6.3
[2025-05-18T10:32:53.799+0000] {logging_mixin.py:188} INFO - [FETCH]... ↓ https://vietnamnet.vn/tin-tuc-24h?bydaterang=&cate=000007          
| ✓ | ⏱: 4.01s
[2025-05-18T10:32:54.204+0000] {logging_mixin.py:188} INFO - [SCRAPE].. ◆ https://vietnamnet.vn/tin-tuc-24h?bydaterang=&cate=000007          
| ✓ | ⏱: 0.40s
[2025-05-18T10:32:54.210+0000] {logging_mixin.py:188} INFO - [COMPLETE] ● https://vietnamnet.vn/tin-tuc-24h?bydaterang=&cate=000007          
| ✓ | ⏱: 4.42s
[2025-05-18T10:32:54.625+0000] {crawler.py:85} INFO - Tìm thấy 25 link bài viết cho danh mục doi-song
[2025-05-18T10:32:55.277+0000] {crawler.py:110} INFO - Đã lọc: 25 URLs ban đầu -> 25 URLs sau xử lý live
[2025-05-18T10:32:55.278+0000] {crawler.py:255} INFO - Đang crawl 25 bài viết mới từ danh mục doi-song...
[2025-05-18T10:32:55.279+0000] {crawler.py:258} INFO - --> Crawl: https://vietnamnet.vn/kiem-700-trieu-dong-moi-nam-co-gai-van-khong-co-nguoi-yeu-vi-lam-nghe-la-2400283.html
[2025-05-18T10:32:56.691+0000] {logging_mixin.py:188} INFO - [INIT].... → Crawl4AI 0.6.3
[2025-05-18T10:33:04.155+0000] {logging_mixin.py:188} INFO - [FETCH]... ↓ 
https://vietnamnet.vn/kiem-700-trieu-dong-moi-na...n-khong-co-nguoi-yeu-vi-lam-n
ghe-la-2400283.html  | ✓ | ⏱: 7.29s
[2025-05-18T10:33:04.882+0000] {logging_mixin.py:188} INFO - [SCRAPE].. ◆ 
https://vietnamnet.vn/kiem-700-trieu-dong-moi-na...n-khong-co-nguoi-yeu-vi-lam-n
ghe-la-2400283.html  | ✓ | ⏱: 0.72s
[2025-05-18T10:33:04.887+0000] {logging_mixin.py:188} INFO - [COMPLETE] ● 
https://vietnamnet.vn/kiem-700-trieu-dong-moi-na...n-khong-co-nguoi-yeu-vi-lam-n
ghe-la-2400283.html  | ✓ | ⏱: 8.03s
[2025-05-18T10:33:05.795+0000] {crawler.py:262} INFO -     ✓ Kiếm 700 triệu đồng mỗi năm, cô gái vẫn không có người yêu v...

[2025-05-18T10:33:05.796+0000] {crawler.py:258} INFO - --> Crawl: https://vietnamnet.vn/vo-chong-o-thanh-hoa-co-10-con-40-chau-chat-moi-lan-tu-hop-dong-nhu-hoi-2401300.html
[2025-05-18T10:33:06.980+0000] {logging_mixin.py:188} INFO - [INIT].... → Crawl4AI 0.6.3
[2025-05-18T10:33:11.085+0000] {logging_mixin.py:188} INFO - [FETCH]... ↓ 
https://vietnamnet.vn/vo-chong-o-thanh-hoa-co-10...au-chat-moi-lan-tu-hop-dong-n
hu-hoi-2401300.html  | ✓ | ⏱: 3.92s
[2025-05-18T10:33:11.412+0000] {logging_mixin.py:188} INFO - [SCRAPE].. ◆ 
https://vietnamnet.vn/vo-chong-o-thanh-hoa-co-10...au-chat-moi-lan-tu-hop-dong-n
hu-hoi-2401300.html  | ✓ | ⏱: 0.32s
[2025-05-18T10:33:11.415+0000] {logging_mixin.py:188} INFO - [COMPLETE] ● 
https://vietnamnet.vn/vo-chong-o-thanh-hoa-co-10...au-chat-moi-lan-tu-hop-dong-n
hu-hoi-2401300.html  | ✓ | ⏱: 4.25s
[2025-05-18T10:33:11.941+0000] {crawler.py:262} INFO -     ✓ Vợ chồng ở Thanh Hóa có 10 con, 40 cháu chắt, mỗi lần tụ họp...

[2025-05-18T10:33:11.942+0000] {crawler.py:258} INFO - --> Crawl: https://vietnamnet.vn/nguoi-dan-ong-bi-su-tu-can-tu-vong-sau-vai-ngay-mang-ve-nha-nuoi-2401796.html
[2025-05-18T10:33:12.614+0000] {logging_mixin.py:188} INFO - [INIT].... → Crawl4AI 0.6.3
[2025-05-18T10:33:16.437+0000] {logging_mixin.py:188} INFO - [FETCH]... ↓ 
https://vietnamnet.vn/nguoi-dan-ong-bi-su-tu-can-tu-vong-sau-vai-ngay-mang-ve-nh
a-nuoi-2401796.html  | ✓ | ⏱: 3.78s
[2025-05-18T10:33:16.936+0000] {logging_mixin.py:188} INFO - [SCRAPE].. ◆ 
https://vietnamnet.vn/nguoi-dan-ong-bi-su-tu-can-tu-vong-sau-vai-ngay-mang-ve-nh
a-nuoi-2401796.html  | ✓ | ⏱: 0.49s
[2025-05-18T10:33:16.940+0000] {logging_mixin.py:188} INFO - [COMPLETE] ● 
https://vietnamnet.vn/nguoi-dan-ong-bi-su-tu-can-tu-vong-sau-vai-ngay-mang-ve-nh
a-nuoi-2401796.html  | ✓ | ⏱: 4.28s
[2025-05-18T10:33:17.946+0000] {crawler.py:262} INFO -     ✓ Người đàn ông bị sư tử cắn tử vong sau vài ngày mang về nhà ...

[2025-05-18T10:33:17.948+0000] {crawler.py:258} INFO - --> Crawl: https://vietnamnet.vn/nhat-duoc-tien-tren-pho-ong-lao-75-tuoi-cho-ca-ngay-de-tra-lai-2401792.html
[2025-05-18T10:33:18.981+0000] {logging_mixin.py:188} INFO - [INIT].... → Crawl4AI 0.6.3
[2025-05-18T10:33:24.498+0000] {logging_mixin.py:188} INFO - [FETCH]... ↓ 
https://vietnamnet.vn/nhat-duoc-tien-tren-pho-ong-lao-75-tuoi-cho-ca-ngay-de-tra
-lai-2401792.html    | ✓ | ⏱: 5.39s
[2025-05-18T10:33:25.181+0000] {logging_mixin.py:188} INFO - [SCRAPE].. ◆ 
https://vietnamnet.vn/nhat-duoc-tien-tren-pho-ong-lao-75-tuoi-cho-ca-ngay-de-tra
-lai-2401792.html    | ✓ | ⏱: 0.67s
[2025-05-18T10:33:25.185+0000] {logging_mixin.py:188} INFO - [COMPLETE] ● 
https://vietnamnet.vn/nhat-duoc-tien-tren-pho-ong-lao-75-tuoi-cho-ca-ngay-de-tra
-lai-2401792.html    | ✓ | ⏱: 6.07s
[2025-05-18T10:33:26.235+0000] {crawler.py:262} INFO -     ✓ Nhặt được tiền trên phố, ông lão 75 tuổi chờ cả ngày để trả ...

[2025-05-18T10:33:26.236+0000] {crawler.py:258} INFO - --> Crawl: https://vietnamnet.vn/to-gia-dinh-trieu-phu-quyt-tien-bua-toi-nha-hang-tra-gia-dat-2401502.html
[2025-05-18T10:33:27.615+0000] {logging_mixin.py:188} INFO - [INIT].... → Crawl4AI 0.6.3
[2025-05-18T10:33:33.174+0000] {logging_mixin.py:188} INFO - [FETCH]... ↓ 
https://vietnamnet.vn/to-gia-dinh-trieu-phu-quyt-tien-bua-toi-nha-hang-tra-gia-d
at-2401502.html      | ✓ | ⏱: 5.39s
[2025-05-18T10:33:33.606+0000] {logging_mixin.py:188} INFO - [SCRAPE].. ◆ 
https://vietnamnet.vn/to-gia-dinh-trieu-phu-quyt-tien-bua-toi-nha-hang-tra-gia-d
at-2401502.html      | ✓ | ⏱: 0.43s
[2025-05-18T10:33:33.609+0000] {logging_mixin.py:188} INFO - [COMPLETE] ● 
https://vietnamnet.vn/to-gia-dinh-trieu-phu-quyt-tien-bua-toi-nha-hang-tra-gia-d
at-2401502.html      | ✓ | ⏱: 5.83s
[2025-05-18T10:33:34.200+0000] {crawler.py:262} INFO -     ✓ Tố gia đình triệu phú quỵt tiền bữa tối, nhà hàng trả giá đắ...

[2025-05-18T10:33:34.201+0000] {crawler.py:258} INFO - --> Crawl: https://vietnamnet.vn/chang-trai-thua-ke-6-can-nha-nhung-khong-con-nguoi-than-an-mi-goi-qua-ngay-2401840.html
[2025-05-18T10:33:35.108+0000] {logging_mixin.py:188} INFO - [INIT].... → Crawl4AI 0.6.3
[2025-05-18T10:33:40.460+0000] {logging_mixin.py:188} INFO - [FETCH]... ↓ 
https://vietnamnet.vn/chang-trai-thua-ke-6-can-n...g-con-nguoi-than-an-mi-goi-qu
a-ngay-2401840.html  | ✓ | ⏱: 5.25s
[2025-05-18T10:33:40.891+0000] {logging_mixin.py:188} INFO - [SCRAPE].. ◆ 
https://vietnamnet.vn/chang-trai-thua-ke-6-can-n...g-con-nguoi-than-an-mi-goi-qu
a-ngay-2401840.html  | ✓ | ⏱: 0.41s
[2025-05-18T10:33:40.893+0000] {logging_mixin.py:188} INFO - [COMPLETE] ● 
https://vietnamnet.vn/chang-trai-thua-ke-6-can-n...g-con-nguoi-than-an-mi-goi-qu
a-ngay-2401840.html  | ✓ | ⏱: 5.68s
[2025-05-18T10:33:41.933+0000] {crawler.py:262} INFO -     ✓ Chàng trai thừa kế 6 căn nhà nhưng không còn người thân, ăn ...

[2025-05-18T10:33:41.934+0000] {crawler.py:258} INFO - --> Crawl: https://vietnamnet.vn/nguoi-dan-ong-so-huu-hon-dao-dep-nguyen-so-hoang-tu-tra-nghin-ty-cung-khong-ban-2401092.html
[2025-05-18T10:33:43.419+0000] {logging_mixin.py:188} INFO - [INIT].... → Crawl4AI 0.6.3
[2025-05-18T10:33:49.584+0000] {logging_mixin.py:188} INFO - [FETCH]... ↓ 
https://vietnamnet.vn/nguoi-dan-ong-so-huu-hon-d...oang-tu-tra-nghin-ty-cung-kho
ng-ban-2401092.html  | ✓ | ⏱: 6.00s
[2025-05-18T10:33:50.204+0000] {logging_mixin.py:188} INFO - [SCRAPE].. ◆ 
https://vietnamnet.vn/nguoi-dan-ong-so-huu-hon-d...oang-tu-tra-nghin-ty-cung-kho
ng-ban-2401092.html  | ✓ | ⏱: 0.62s
[2025-05-18T10:33:50.207+0000] {logging_mixin.py:188} INFO - [COMPLETE] ● 
https://vietnamnet.vn/nguoi-dan-ong-so-huu-hon-d...oang-tu-tra-nghin-ty-cung-kho
ng-ban-2401092.html  | ✓ | ⏱: 6.63s
[2025-05-18T10:33:51.456+0000] {crawler.py:262} INFO -     ✓ Người đàn ông sở hữu hòn đảo đẹp nguyên sơ, hoàng tử trả ngh...

[2025-05-18T10:33:51.457+0000] {crawler.py:258} INFO - --> Crawl: https://vietnamnet.vn/biet-phu-duoc-xay-dung-suot-12-nam-bi-yeu-cau-pha-do-gap-2401434.html
[2025-05-18T10:33:52.187+0000] {logging_mixin.py:188} INFO - [INIT].... → Crawl4AI 0.6.3
[2025-05-18T10:33:56.366+0000] {logging_mixin.py:188} INFO - [FETCH]... ↓ 
https://vietnamnet.vn/biet-phu-duoc-xay-dung-suot-12-nam-bi-yeu-cau-pha-do-gap-2
401434.html          | ✓ | ⏱: 4.10s
[2025-05-18T10:33:56.885+0000] {logging_mixin.py:188} INFO - [SCRAPE].. ◆ 
https://vietnamnet.vn/biet-phu-duoc-xay-dung-suot-12-nam-bi-yeu-cau-pha-do-gap-2
401434.html          | ✓ | ⏱: 0.50s
[2025-05-18T10:33:56.890+0000] {logging_mixin.py:188} INFO - [COMPLETE] ● 
https://vietnamnet.vn/biet-phu-duoc-xay-dung-suot-12-nam-bi-yeu-cau-pha-do-gap-2
401434.html          | ✓ | ⏱: 4.63s
[2025-05-18T10:33:57.877+0000] {crawler.py:262} INFO -     ✓ Biệt phủ được xây dựng suốt 12 năm bị yêu cầu phá dỡ gấp...

[2025-05-18T10:33:57.878+0000] {crawler.py:258} INFO - --> Crawl: https://vietnamnet.vn/chang-trai-28-tuoi-lay-vo-u70-gay-bao-du-luan-6-nam-truoc-gio-ra-sao-2401421.html
[2025-05-18T10:33:58.825+0000] {logging_mixin.py:188} INFO - [INIT].... → Crawl4AI 0.6.3
[2025-05-18T10:34:05.716+0000] {logging_mixin.py:188} INFO - [FETCH]... ↓ 
https://vietnamnet.vn/chang-trai-28-tuoi-lay-vo-...-bao-du-luan-6-nam-truoc-gio-
ra-sao-2401421.html  | ✓ | ⏱: 6.80s
[2025-05-18T10:34:06.772+0000] {logging_mixin.py:188} INFO - [SCRAPE].. ◆ 
https://vietnamnet.vn/chang-trai-28-tuoi-lay-vo-...-bao-du-luan-6-nam-truoc-gio-
ra-sao-2401421.html  | ✓ | ⏱: 1.03s
[2025-05-18T10:34:06.779+0000] {logging_mixin.py:188} INFO - [COMPLETE] ● 
https://vietnamnet.vn/chang-trai-28-tuoi-lay-vo-...-bao-du-luan-6-nam-truoc-gio-
ra-sao-2401421.html  | ✓ | ⏱: 7.86s
[2025-05-18T10:34:08.373+0000] {crawler.py:262} INFO -     ✓ Chàng trai 28 tuổi lấy vợ U70 gây bão dư luận 6 năm trước gi...

[2025-05-18T10:34:08.374+0000] {crawler.py:258} INFO - --> Crawl: https://vietnamnet.vn/mua-ve-so-cao-dung-ngay-sinh-nhat-nguoi-phu-nu-trung-130-ty-dong-2402161.html
[2025-05-18T10:34:09.367+0000] {logging_mixin.py:188} INFO - [INIT].... → Crawl4AI 0.6.3
[2025-05-18T10:34:13.595+0000] {logging_mixin.py:188} INFO - [FETCH]... ↓ 
https://vietnamnet.vn/mua-ve-so-cao-dung-ngay-sinh-nhat-nguoi-phu-nu-trung-130-t
y-dong-2402161.html  | ✓ | ⏱: 4.14s
[2025-05-18T10:34:13.789+0000] {logging_mixin.py:188} INFO - [SCRAPE].. ◆ 
https://vietnamnet.vn/mua-ve-so-cao-dung-ngay-sinh-nhat-nguoi-phu-nu-trung-130-t
y-dong-2402161.html  | ✓ | ⏱: 0.22s
[2025-05-18T10:34:13.791+0000] {logging_mixin.py:188} INFO - [COMPLETE] ● 
https://vietnamnet.vn/mua-ve-so-cao-dung-ngay-sinh-nhat-nguoi-phu-nu-trung-130-t
y-dong-2402161.html  | ✓ | ⏱: 4.36s
[2025-05-18T10:34:14.319+0000] {crawler.py:262} INFO -     ✓ Mua vé số cào đúng ngày sinh nhật, người phụ nữ trúng 130 tỷ...

[2025-05-18T10:34:14.320+0000] {crawler.py:258} INFO - --> Crawl: https://vietnamnet.vn/nguoi-phu-nu-o-son-la-bien-khu-dat-200m2-ngap-rac-thanh-vuon-sum-se-rau-trai-2401461.html
[2025-05-18T10:34:15.386+0000] {logging_mixin.py:188} INFO - [INIT].... → Crawl4AI 0.6.3
[2025-05-18T10:34:21.552+0000] {logging_mixin.py:188} INFO - [FETCH]... ↓ 
https://vietnamnet.vn/nguoi-phu-nu-o-son-la-bien...ngap-rac-thanh-vuon-sum-se-ra
u-trai-2401461.html  | ✓ | ⏱: 6.02s
[2025-05-18T10:34:22.434+0000] {logging_mixin.py:188} INFO - [SCRAPE].. ◆ 
https://vietnamnet.vn/nguoi-phu-nu-o-son-la-bien...ngap-rac-thanh-vuon-sum-se-ra
u-trai-2401461.html  | ✓ | ⏱: 0.87s
[2025-05-18T10:34:22.441+0000] {logging_mixin.py:188} INFO - [COMPLETE] ● 
https://vietnamnet.vn/nguoi-phu-nu-o-son-la-bien...ngap-rac-thanh-vuon-sum-se-ra
u-trai-2401461.html  | ✓ | ⏱: 6.91s
[2025-05-18T10:34:23.520+0000] {crawler.py:262} INFO -     ✓ Người phụ nữ ở Sơn La biến khu đất 200m2 ngập rác thành vườn...

[2025-05-18T10:34:23.521+0000] {crawler.py:258} INFO - --> Crawl: https://vietnamnet.vn/khach-nuoc-ngoai-toat-mo-hoi-khi-thu-ren-dao-bo-thep-2401105.html
[2025-05-18T10:34:25.236+0000] {logging_mixin.py:188} INFO - [INIT].... → Crawl4AI 0.6.3
[2025-05-18T10:34:33.352+0000] {logging_mixin.py:188} INFO - [FETCH]... ↓ 
https://vietnamnet.vn/khach-nuoc-ngoai-toat-mo-hoi-khi-thu-ren-dao-bo-thep-24011
05.html              | ✓ | ⏱: 7.91s
[2025-05-18T10:34:33.728+0000] {logging_mixin.py:188} INFO - [SCRAPE].. ◆ 
https://vietnamnet.vn/khach-nuoc-ngoai-toat-mo-hoi-khi-thu-ren-dao-bo-thep-24011
05.html              | ✓ | ⏱: 0.37s
[2025-05-18T10:34:33.734+0000] {logging_mixin.py:188} INFO - [COMPLETE] ● 
https://vietnamnet.vn/khach-nuoc-ngoai-toat-mo-hoi-khi-thu-ren-dao-bo-thep-24011
05.html              | ✓ | ⏱: 8.29s
[2025-05-18T10:34:34.821+0000] {crawler.py:262} INFO -     ✓ Khách nước ngoài toát mồ hôi khi thử rèn "dao bổ thép"...

[2025-05-18T10:34:34.825+0000] {crawler.py:258} INFO - --> Crawl: https://vietnamnet.vn/can-canh-ngoi-nha-xoay-360-do-dang-gay-sot-cua-nguoi-dan-ong-o-dak-lak-2401417.html
[2025-05-18T10:34:36.814+0000] {logging_mixin.py:188} INFO - [INIT].... → Crawl4AI 0.6.3
[2025-05-18T10:34:46.795+0000] {logging_mixin.py:188} INFO - [FETCH]... ↓ 
https://vietnamnet.vn/can-canh-ngoi-nha-xoay-360...gay-sot-cua-nguoi-dan-ong-o-d
ak-lak-2401417.html  | ✓ | ⏱: 9.73s
[2025-05-18T10:34:47.615+0000] {logging_mixin.py:188} INFO - [SCRAPE].. ◆ 
https://vietnamnet.vn/can-canh-ngoi-nha-xoay-360...gay-sot-cua-nguoi-dan-ong-o-d
ak-lak-2401417.html  | ✓ | ⏱: 0.81s
[2025-05-18T10:34:47.619+0000] {logging_mixin.py:188} INFO - [COMPLETE] ● 
https://vietnamnet.vn/can-canh-ngoi-nha-xoay-360...gay-sot-cua-nguoi-dan-ong-o-d
ak-lak-2401417.html  | ✓ | ⏱: 10.55s
[2025-05-18T10:34:49.223+0000] {crawler.py:262} INFO -     ✓ Cận cảnh ngôi nhà xoay 360 độ đang gây sốt của người đàn ông...

[2025-05-18T10:34:49.225+0000] {crawler.py:258} INFO - --> Crawl: https://vietnamnet.vn/cap-doi-to-chuc-dam-cuoi-tai-quan-lau-hoa-don-dai-toi-2m-2402291.html
[2025-05-18T10:34:51.693+0000] {logging_mixin.py:188} INFO - [INIT].... → Crawl4AI 0.6.3
[2025-05-18T10:34:58.479+0000] {logging_mixin.py:188} INFO - [FETCH]... ↓ 
https://vietnamnet.vn/cap-doi-to-chuc-dam-cuoi-tai-quan-lau-hoa-don-dai-toi-2m-2
402291.html          | ✓ | ⏱: 6.59s
[2025-05-18T10:34:58.990+0000] {logging_mixin.py:188} INFO - [SCRAPE].. ◆ 
https://vietnamnet.vn/cap-doi-to-chuc-dam-cuoi-tai-quan-lau-hoa-don-dai-toi-2m-2
402291.html          | ✓ | ⏱: 0.51s
[2025-05-18T10:34:58.993+0000] {logging_mixin.py:188} INFO - [COMPLETE] ● 
https://vietnamnet.vn/cap-doi-to-chuc-dam-cuoi-tai-quan-lau-hoa-don-dai-toi-2m-2
402291.html          | ✓ | ⏱: 7.10s
[2025-05-18T10:34:59.679+0000] {crawler.py:262} INFO -     ✓ Cặp đôi tổ chức đám cưới tại nhà hàng lẩu, hóa đơn dài tới 2...

[2025-05-18T10:34:59.680+0000] {crawler.py:258} INFO - --> Crawl: https://vietnamnet.vn/noi-oan-gian-khon-nguoi-cua-dua-tre-bi-me-bo-roi-tu-nam-10-tuoi-2399505.html
[2025-05-18T10:35:00.900+0000] {logging_mixin.py:188} INFO - [INIT].... → Crawl4AI 0.6.3
[2025-05-18T10:35:04.689+0000] {logging_mixin.py:188} INFO - [FETCH]... ↓ 
https://vietnamnet.vn/noi-oan-gian-khon-nguoi-cua-dua-tre-bi-me-bo-roi-tu-nam-10
-tuoi-2399505.html   | ✓ | ⏱: 3.64s
[2025-05-18T10:35:05.115+0000] {logging_mixin.py:188} INFO - [SCRAPE].. ◆ 
https://vietnamnet.vn/noi-oan-gian-khon-nguoi-cua-dua-tre-bi-me-bo-roi-tu-nam-10
-tuoi-2399505.html   | ✓ | ⏱: 0.42s
[2025-05-18T10:35:05.119+0000] {logging_mixin.py:188} INFO - [COMPLETE] ● 
https://vietnamnet.vn/noi-oan-gian-khon-nguoi-cua-dua-tre-bi-me-bo-roi-tu-nam-10
-tuoi-2399505.html   | ✓ | ⏱: 4.07s
[2025-05-18T10:35:06.010+0000] {crawler.py:262} INFO -     ✓ Nỗi oán giận khôn nguôi của đứa trẻ bị mẹ bỏ rơi từ năm 10 t...

[2025-05-18T10:35:06.012+0000] {crawler.py:258} INFO - --> Crawl: https://vietnamnet.vn/cach-nau-canh-chua-ngao-dua-thanh-ngot-2399488.html
[2025-05-18T10:35:07.259+0000] {logging_mixin.py:188} INFO - [INIT].... → Crawl4AI 0.6.3
[2025-05-18T10:35:10.796+0000] {logging_mixin.py:188} INFO - [FETCH]... ↓ 
https://vietnamnet.vn/cach-nau-canh-chua-ngao-dua-thanh-ngot-2399488.html       
| ✓ | ⏱: 3.42s
[2025-05-18T10:35:11.393+0000] {logging_mixin.py:188} INFO - [SCRAPE].. ◆ 
https://vietnamnet.vn/cach-nau-canh-chua-ngao-dua-thanh-ngot-2399488.html       
| ✓ | ⏱: 0.59s
[2025-05-18T10:35:11.398+0000] {logging_mixin.py:188} INFO - [COMPLETE] ● 
https://vietnamnet.vn/cach-nau-canh-chua-ngao-dua-thanh-ngot-2399488.html       
| ✓ | ⏱: 4.03s
[2025-05-18T10:35:15.794+0000] {crawler.py:262} INFO -     ✓ Cách nấu canh chua ngao dứa thanh ngọt cho ngày hè...

[2025-05-18T10:35:15.795+0000] {crawler.py:258} INFO - --> Crawl: https://vietnamnet.vn/co-gai-xay-ngoi-nha-mau-hong-mo-uoc-dua-me-va-ba-ngoai-den-o-cung-2401035.html
[2025-05-18T10:35:17.386+0000] {logging_mixin.py:188} INFO - [INIT].... → Crawl4AI 0.6.3
[2025-05-18T10:35:21.010+0000] {logging_mixin.py:188} INFO - [FETCH]... ↓ 
https://vietnamnet.vn/co-gai-xay-ngoi-nha-mau-hong-mo-uoc-dua-me-va-ba-ngoai-den
-o-cung-2401035.html | ✓ | ⏱: 3.49s
[2025-05-18T10:35:21.419+0000] {logging_mixin.py:188} INFO - [SCRAPE].. ◆ 
https://vietnamnet.vn/co-gai-xay-ngoi-nha-mau-hong-mo-uoc-dua-me-va-ba-ngoai-den
-o-cung-2401035.html | ✓ | ⏱: 0.41s
[2025-05-18T10:35:21.424+0000] {logging_mixin.py:188} INFO - [COMPLETE] ● 
https://vietnamnet.vn/co-gai-xay-ngoi-nha-mau-hong-mo-uoc-dua-me-va-ba-ngoai-den
-o-cung-2401035.html | ✓ | ⏱: 3.90s
[2025-05-18T10:35:21.968+0000] {crawler.py:262} INFO -     ✓ Cô gái xây ngôi nhà màu hồng mơ ước, đưa mẹ và bà ngoại đến ...

[2025-05-18T10:35:21.969+0000] {crawler.py:258} INFO - --> Crawl: https://vietnamnet.vn/hom-nay-toi-du-mot-dam-tang-rat-khac-thuong-2402165.html
[2025-05-18T10:35:22.791+0000] {logging_mixin.py:188} INFO - [INIT].... → Crawl4AI 0.6.3
[2025-05-18T10:35:27.128+0000] {logging_mixin.py:188} INFO - [FETCH]... ↓ 
https://vietnamnet.vn/hom-nay-toi-du-mot-dam-tang-rat-khac-thuong-2402165.html  
| ✓ | ⏱: 4.25s
[2025-05-18T10:35:27.549+0000] {logging_mixin.py:188} INFO - [SCRAPE].. ◆ 
https://vietnamnet.vn/hom-nay-toi-du-mot-dam-tang-rat-khac-thuong-2402165.html  
| ✓ | ⏱: 0.42s
[2025-05-18T10:35:27.558+0000] {logging_mixin.py:188} INFO - [COMPLETE] ● 
https://vietnamnet.vn/hom-nay-toi-du-mot-dam-tang-rat-khac-thuong-2402165.html  
| ✓ | ⏱: 4.68s
[2025-05-18T10:35:28.566+0000] {crawler.py:262} INFO -     ✓ ‘Hôm nay, tôi dự một đám tang rất khác thường’...

[2025-05-18T10:35:28.567+0000] {crawler.py:258} INFO - --> Crawl: https://vietnamnet.vn/vi-cai-dieu-hoa-dong-nghiep-bat-hoa-me-chong-gian-nang-dau-3-ngay-2401650.html
[2025-05-18T10:35:29.658+0000] {logging_mixin.py:188} INFO - [INIT].... → Crawl4AI 0.6.3
[2025-05-18T10:35:36.546+0000] {logging_mixin.py:188} INFO - [FETCH]... ↓ 
https://vietnamnet.vn/vi-cai-dieu-hoa-dong-nghiep-bat-hoa-me-chong-gian-nang-dau
-3-ngay-2401650.html | ✓ | ⏱: 6.77s
[2025-05-18T10:35:37.207+0000] {logging_mixin.py:188} INFO - [SCRAPE].. ◆ 
https://vietnamnet.vn/vi-cai-dieu-hoa-dong-nghiep-bat-hoa-me-chong-gian-nang-dau
-3-ngay-2401650.html | ✓ | ⏱: 0.66s
[2025-05-18T10:35:37.212+0000] {logging_mixin.py:188} INFO - [COMPLETE] ● 
https://vietnamnet.vn/vi-cai-dieu-hoa-dong-nghiep-bat-hoa-me-chong-gian-nang-dau
-3-ngay-2401650.html | ✓ | ⏱: 7.44s
[2025-05-18T10:35:38.201+0000] {crawler.py:262} INFO -     ✓ Vì cái điều hòa, đồng nghiệp bất hòa, mẹ chồng giận nàng dâu...

[2025-05-18T10:35:38.202+0000] {crawler.py:258} INFO - --> Crawl: https://vietnamnet.vn/to-tinh-moi-ngay-suot-nhieu-thang-anh-tay-u70-lay-duoc-vo-dep-o-tphcm-2401654.html
[2025-05-18T10:35:39.385+0000] {logging_mixin.py:188} INFO - [INIT].... → Crawl4AI 0.6.3
[2025-05-18T10:35:43.395+0000] {logging_mixin.py:188} INFO - [FETCH]... ↓ 
https://vietnamnet.vn/to-tinh-moi-ngay-suot-nhie...anh-tay-u70-lay-duoc-vo-dep-o
-tphcm-2401654.html  | ✓ | ⏱: 3.92s
[2025-05-18T10:35:43.711+0000] {logging_mixin.py:188} INFO - [SCRAPE].. ◆ 
https://vietnamnet.vn/to-tinh-moi-ngay-suot-nhie...anh-tay-u70-lay-duoc-vo-dep-o
-tphcm-2401654.html  | ✓ | ⏱: 0.34s
[2025-05-18T10:35:43.714+0000] {logging_mixin.py:188} INFO - [COMPLETE] ● 
https://vietnamnet.vn/to-tinh-moi-ngay-suot-nhie...anh-tay-u70-lay-duoc-vo-dep-o
-tphcm-2401654.html  | ✓ | ⏱: 4.27s
[2025-05-18T10:35:44.219+0000] {crawler.py:262} INFO -     ✓ Tỏ tình mỗi ngày suốt nhiều tháng, anh Tây U70 lấy được vợ đ...

[2025-05-18T10:35:44.220+0000] {crawler.py:258} INFO - --> Crawl: https://vietnamnet.vn/canh-kho-tin-trong-nghia-trang-o-hung-yen-buoi-chieu-he-gay-sot-mang-2401657.html
[2025-05-18T10:35:45.340+0000] {logging_mixin.py:188} INFO - [INIT].... → Crawl4AI 0.6.3
[2025-05-18T10:35:50.247+0000] {logging_mixin.py:188} INFO - [FETCH]... ↓ 
https://vietnamnet.vn/canh-kho-tin-trong-nghia-t...hung-yen-buoi-chieu-he-gay-so
t-mang-2401657.html  | ✓ | ⏱: 4.76s
[2025-05-18T10:35:50.972+0000] {logging_mixin.py:188} INFO - [SCRAPE].. ◆ 
https://vietnamnet.vn/canh-kho-tin-trong-nghia-t...hung-yen-buoi-chieu-he-gay-so
t-mang-2401657.html  | ✓ | ⏱: 0.71s
[2025-05-18T10:35:50.975+0000] {logging_mixin.py:188} INFO - [COMPLETE] ● 
https://vietnamnet.vn/canh-kho-tin-trong-nghia-t...hung-yen-buoi-chieu-he-gay-so
t-mang-2401657.html  | ✓ | ⏱: 5.49s
[2025-05-18T10:35:51.876+0000] {crawler.py:262} INFO -     ✓ Cảnh khó tin trong nghĩa trang ở Hưng Yên buổi chiều hè gây ...

[2025-05-18T10:35:51.878+0000] {crawler.py:258} INFO - --> Crawl: https://vietnamnet.vn/nguoi-phu-nu-viet-o-my-trong-vuon-hoa-hong-ruc-ro-mong-tim-lai-nu-cuoi-cua-me-2401311.html
[2025-05-18T10:35:53.593+0000] {logging_mixin.py:188} INFO - [INIT].... → Crawl4AI 0.6.3
[2025-05-18T10:35:59.329+0000] {logging_mixin.py:188} INFO - [FETCH]... ↓ 
https://vietnamnet.vn/nguoi-phu-nu-viet-o-my-tro...-ruc-ro-mong-tim-lai-nu-cuoi-
cua-me-2401311.html  | ✓ | ⏱: 5.57s
[2025-05-18T10:36:00.024+0000] {logging_mixin.py:188} INFO - [SCRAPE].. ◆ 
https://vietnamnet.vn/nguoi-phu-nu-viet-o-my-tro...-ruc-ro-mong-tim-lai-nu-cuoi-
cua-me-2401311.html  | ✓ | ⏱: 0.69s
[2025-05-18T10:36:00.028+0000] {logging_mixin.py:188} INFO - [COMPLETE] ● 
https://vietnamnet.vn/nguoi-phu-nu-viet-o-my-tro...-ruc-ro-mong-tim-lai-nu-cuoi-
cua-me-2401311.html  | ✓ | ⏱: 6.27s
[2025-05-18T10:36:00.834+0000] {crawler.py:262} INFO -     ✓ Người phụ nữ Việt ở Mỹ trồng vườn hoa hồng rực rỡ, mong tìm ...

[2025-05-18T10:36:00.835+0000] {crawler.py:258} INFO - --> Crawl: https://vietnamnet.vn/co-gai-phu-tho-mat-tu-chi-trong-mot-thang-duoc-me-cham-nhu-tre-so-sinh-2399388.html
[2025-05-18T10:36:01.876+0000] {logging_mixin.py:188} INFO - [INIT].... → Crawl4AI 0.6.3
[2025-05-18T10:36:06.679+0000] {logging_mixin.py:188} INFO - [FETCH]... ↓ 
https://vietnamnet.vn/co-gai-phu-tho-mat-tu-chi-...-thang-duoc-me-cham-nhu-tre-s
o-sinh-2399388.html  | ✓ | ⏱: 4.68s
[2025-05-18T10:36:07.138+0000] {logging_mixin.py:188} INFO - [SCRAPE].. ◆ 
https://vietnamnet.vn/co-gai-phu-tho-mat-tu-chi-...-thang-duoc-me-cham-nhu-tre-s
o-sinh-2399388.html  | ✓ | ⏱: 0.46s
[2025-05-18T10:36:07.141+0000] {logging_mixin.py:188} INFO - [COMPLETE] ● 
https://vietnamnet.vn/co-gai-phu-tho-mat-tu-chi-...-thang-duoc-me-cham-nhu-tre-s
o-sinh-2399388.html  | ✓ | ⏱: 5.14s
[2025-05-18T10:36:07.731+0000] {crawler.py:262} INFO -     ✓ Cô gái Phú Thọ mất tứ chi trong một tháng, được mẹ chăm như ...

[2025-05-18T10:36:07.732+0000] {crawler.py:258} INFO - --> Crawl: https://vietnamnet.vn/ngoi-chua-co-tuong-gach-do-mai-cong-chi-danh-cho-phu-nu-chua-lanh-tam-hon-2400711.html
[2025-05-18T10:36:08.712+0000] {logging_mixin.py:188} INFO - [INIT].... → Crawl4AI 0.6.3
[2025-05-18T10:36:14.932+0000] {logging_mixin.py:188} INFO - [FETCH]... ↓ 
https://vietnamnet.vn/ngoi-chua-co-tuong-gach-do...i-danh-cho-phu-nu-chua-lanh-t
am-hon-2400711.html  | ✓ | ⏱: 6.15s
[2025-05-18T10:36:15.508+0000] {logging_mixin.py:188} INFO - [SCRAPE].. ◆ 
https://vietnamnet.vn/ngoi-chua-co-tuong-gach-do...i-danh-cho-phu-nu-chua-lanh-t
am-hon-2400711.html  | ✓ | ⏱: 0.57s
[2025-05-18T10:36:15.512+0000] {logging_mixin.py:188} INFO - [COMPLETE] ● 
https://vietnamnet.vn/ngoi-chua-co-tuong-gach-do...i-danh-cho-phu-nu-chua-lanh-t
am-hon-2400711.html  | ✓ | ⏱: 6.73s
[2025-05-18T10:36:16.504+0000] {crawler.py:262} INFO -     ✓ Ngôi chùa có tường gạch đỏ, mái cong, chỉ dành cho phụ nữ 'c...

[2025-05-18T10:36:16.505+0000] {crawler.py:258} INFO - --> Crawl: https://vietnamnet.vn/chong-ngoai-tinh-dua-bo-vao-nha-nghi-tren-chiec-xe-bo-me-toi-mua-2400855.html
[2025-05-18T10:36:17.437+0000] {logging_mixin.py:188} INFO - [INIT].... → Crawl4AI 0.6.3
[2025-05-18T10:36:21.690+0000] {logging_mixin.py:188} INFO - [FETCH]... ↓ 
https://vietnamnet.vn/chong-ngoai-tinh-dua-bo-vao-nha-nghi-tren-chiec-xe-bo-me-t
oi-mua-2400855.html  | ✓ | ⏱: 4.17s
[2025-05-18T10:36:22.047+0000] {logging_mixin.py:188} INFO - [SCRAPE].. ◆ 
https://vietnamnet.vn/chong-ngoai-tinh-dua-bo-vao-nha-nghi-tren-chiec-xe-bo-me-t
oi-mua-2400855.html  | ✓ | ⏱: 0.35s
[2025-05-18T10:36:22.049+0000] {logging_mixin.py:188} INFO - [COMPLETE] ● 
https://vietnamnet.vn/chong-ngoai-tinh-dua-bo-vao-nha-nghi-tren-chiec-xe-bo-me-t
oi-mua-2400855.html  | ✓ | ⏱: 4.53s
[2025-05-18T10:36:22.687+0000] {crawler.py:262} INFO -     ✓ Chồng ngoại tình, đưa bồ vào nhà nghỉ trên chiếc xe bố mẹ tô...

[2025-05-18T10:36:22.687+0000] {crawler.py:265} INFO - ⏱️  Tổng thời gian crawl: 213.62 giây
[2025-05-18T10:36:23.024+0000] {crawler.py:292} INFO - Đã lưu 25 bài viết vào collection 'doi-song'
[2025-05-18T10:36:23.089+0000] {python.py:237} INFO - Done. Returned value was: None
[2025-05-18T10:36:23.091+0000] {taskinstance.py:441} INFO - ::group::Post task execution logs
[2025-05-18T10:36:23.106+0000] {taskinstance.py:1206} INFO - Marking task as SUCCESS. dag_id=vietnamnet_crawler_24h, task_id=crawl_doi-song, run_id=scheduled__2025-05-18T09:30:00+00:00, execution_date=20250518T093000, start_date=20250518T103248, end_date=20250518T103623
[2025-05-18T10:36:23.171+0000] {local_task_job_runner.py:240} INFO - Task exited with return code 0
[2025-05-18T10:36:23.197+0000] {taskinstance.py:3503} INFO - 0 downstream tasks scheduled from follow-on schedule check
[2025-05-18T10:36:23.201+0000] {local_task_job_runner.py:222} INFO - ::endgroup::
