[2025-05-17T20:42:14.361+0000] {local_task_job_runner.py:120} INFO - ::group::Pre task execution logs
[2025-05-17T20:42:14.386+0000] {taskinstance.py:2076} INFO - Dependencies all met for dep_context=non-requeueable deps ti=<TaskInstance: vietnamnet_crawler_24h.clean_old_articles manual__2025-05-17T20:42:12.457142+00:00 [queued]>
[2025-05-17T20:42:14.396+0000] {taskinstance.py:2076} INFO - Dependencies all met for dep_context=requeueable deps ti=<TaskInstance: vietnamnet_crawler_24h.clean_old_articles manual__2025-05-17T20:42:12.457142+00:00 [queued]>
[2025-05-17T20:42:14.396+0000] {taskinstance.py:2306} INFO - Starting attempt 1 of 2
[2025-05-17T20:42:14.412+0000] {taskinstance.py:2330} INFO - Executing <Task(PythonOperator): clean_old_articles> on 2025-05-17 20:42:12.457142+00:00
[2025-05-17T20:42:14.418+0000] {warnings.py:112} WARNING - /home/***/.local/lib/python3.12/site-packages/***/task/task_runner/standard_task_runner.py:61: DeprecationWarning: This process (pid=7071) is multi-threaded, use of fork() may lead to deadlocks in the child.
  pid = os.fork()

[2025-05-17T20:42:14.420+0000] {standard_task_runner.py:63} INFO - Started process 7072 to run task
[2025-05-17T20:42:14.421+0000] {standard_task_runner.py:90} INFO - Running: ['***', 'tasks', 'run', 'vietnamnet_crawler_24h', 'clean_old_articles', 'manual__2025-05-17T20:42:12.457142+00:00', '--job-id', '204', '--raw', '--subdir', 'DAGS_FOLDER/dags.py', '--cfg-path', '/tmp/tmpfaew8b2d']
[2025-05-17T20:42:14.423+0000] {standard_task_runner.py:91} INFO - Job 204: Subtask clean_old_articles
[2025-05-17T20:42:14.465+0000] {task_command.py:426} INFO - Running <TaskInstance: vietnamnet_crawler_24h.clean_old_articles manual__2025-05-17T20:42:12.457142+00:00 [running]> on host 60d771d880eb
[2025-05-17T20:42:14.553+0000] {taskinstance.py:2648} INFO - Exporting env vars: AIRFLOW_CTX_DAG_OWNER='***' AIRFLOW_CTX_DAG_ID='vietnamnet_crawler_24h' AIRFLOW_CTX_TASK_ID='clean_old_articles' AIRFLOW_CTX_EXECUTION_DATE='2025-05-17T20:42:12.457142+00:00' AIRFLOW_CTX_TRY_NUMBER='1' AIRFLOW_CTX_DAG_RUN_ID='manual__2025-05-17T20:42:12.457142+00:00'
[2025-05-17T20:42:14.555+0000] {taskinstance.py:430} INFO - ::endgroup::
[2025-05-17T20:42:14.728+0000] {database_cleaner.py:33} INFO - Đã kết nối MongoDB: News
[2025-05-17T20:42:14.728+0000] {database_cleaner.py:102} INFO - Xóa các bài viết trước: 2025-04-17T03:42:14.728675+07:00
[2025-05-17T20:42:16.121+0000] {database_cleaner.py:125} INFO - Collection 'the-gioi': 0 bài bị xóa
[2025-05-17T20:42:16.518+0000] {database_cleaner.py:125} INFO - Collection 'chinh-tri': 0 bài bị xóa
[2025-05-17T20:42:16.711+0000] {database_cleaner.py:125} INFO - Collection 'phap-luat': 0 bài bị xóa
[2025-05-17T20:42:16.917+0000] {database_cleaner.py:125} INFO - Collection 'doi-song': 0 bài bị xóa
[2025-05-17T20:42:16.984+0000] {database_cleaner.py:125} INFO - Collection 'cong-nghe': 0 bài bị xóa
[2025-05-17T20:42:17.322+0000] {database_cleaner.py:125} INFO - Collection 'giao-duc': 0 bài bị xóa
[2025-05-17T20:42:17.389+0000] {database_cleaner.py:42} INFO - Đã đóng kết nối MongoDB
[2025-05-17T20:42:17.390+0000] {database_cleaner.py:142} INFO - Đã xóa tổng cộng 0 bài, còn lại 1715
[2025-05-17T20:42:17.390+0000] {python.py:237} INFO - Done. Returned value was: {'the-gioi': {'total': 405, 'deleted': 0, 'remaining': 405}, 'chinh-tri': {'total': 512, 'deleted': 0, 'remaining': 512}, 'phap-luat': {'total': 210, 'deleted': 0, 'remaining': 210}, 'doi-song': {'total': 289, 'deleted': 0, 'remaining': 289}, 'cong-nghe': {'total': 0, 'deleted': 0, 'remaining': 0}, 'giao-duc': {'total': 299, 'deleted': 0, 'remaining': 299}}
[2025-05-17T20:42:17.391+0000] {taskinstance.py:441} INFO - ::group::Post task execution logs
[2025-05-17T20:42:17.419+0000] {taskinstance.py:1206} INFO - Marking task as SUCCESS. dag_id=vietnamnet_crawler_24h, task_id=clean_old_articles, run_id=manual__2025-05-17T20:42:12.457142+00:00, execution_date=20250517T204212, start_date=20250517T204214, end_date=20250517T204217
[2025-05-17T20:42:17.461+0000] {local_task_job_runner.py:240} INFO - Task exited with return code 0
[2025-05-17T20:42:17.484+0000] {taskinstance.py:3503} INFO - 1 downstream tasks scheduled from follow-on schedule check
[2025-05-17T20:42:17.486+0000] {local_task_job_runner.py:222} INFO - ::endgroup::
