[2025-05-16T12:59:11.879+0000] {local_task_job_runner.py:120} INFO - ::group::Pre task execution logs
[2025-05-16T12:59:11.899+0000] {taskinstance.py:2076} INFO - Dependencies all met for dep_context=non-requeueable deps ti=<TaskInstance: vietnamnet_crawler_24h.crawl_cong-nghe manual__2025-05-16T12:58:33.034739+00:00 [queued]>
[2025-05-16T12:59:11.907+0000] {taskinstance.py:2076} INFO - Dependencies all met for dep_context=requeueable deps ti=<TaskInstance: vietnamnet_crawler_24h.crawl_cong-nghe manual__2025-05-16T12:58:33.034739+00:00 [queued]>
[2025-05-16T12:59:11.907+0000] {taskinstance.py:2306} INFO - Starting attempt 1 of 2
[2025-05-16T12:59:11.921+0000] {taskinstance.py:2330} INFO - Executing <Task(PythonOperator): crawl_cong-nghe> on 2025-05-16 12:58:33.034739+00:00
[2025-05-16T12:59:11.927+0000] {warnings.py:112} WARNING - /home/***/.local/lib/python3.12/site-packages/***/task/task_runner/standard_task_runner.py:61: DeprecationWarning: This process (pid=7558) is multi-threaded, use of fork() may lead to deadlocks in the child.
  pid = os.fork()

[2025-05-16T12:59:11.928+0000] {standard_task_runner.py:63} INFO - Started process 7559 to run task
[2025-05-16T12:59:11.929+0000] {standard_task_runner.py:90} INFO - Running: ['***', 'tasks', 'run', 'vietnamnet_crawler_24h', 'crawl_cong-nghe', 'manual__2025-05-16T12:58:33.034739+00:00', '--job-id', '28', '--raw', '--subdir', 'DAGS_FOLDER/dags.py', '--cfg-path', '/tmp/tmpu48wp65e']
[2025-05-16T12:59:11.931+0000] {standard_task_runner.py:91} INFO - Job 28: Subtask crawl_cong-nghe
[2025-05-16T12:59:11.969+0000] {task_command.py:426} INFO - Running <TaskInstance: vietnamnet_crawler_24h.crawl_cong-nghe manual__2025-05-16T12:58:33.034739+00:00 [running]> on host 60d771d880eb
[2025-05-16T12:59:12.052+0000] {taskinstance.py:2648} INFO - Exporting env vars: AIRFLOW_CTX_DAG_OWNER='***' AIRFLOW_CTX_DAG_ID='vietnamnet_crawler_24h' AIRFLOW_CTX_TASK_ID='crawl_cong-nghe' AIRFLOW_CTX_EXECUTION_DATE='2025-05-16T12:58:33.034739+00:00' AIRFLOW_CTX_TRY_NUMBER='1' AIRFLOW_CTX_DAG_RUN_ID='manual__2025-05-16T12:58:33.034739+00:00'
[2025-05-16T12:59:12.053+0000] {taskinstance.py:430} INFO - ::endgroup::
[2025-05-16T12:59:12.236+0000] {crawler.py:54} INFO - Đã kết nối thành công với MongoDB: News
[2025-05-16T12:59:12.848+0000] {logging_mixin.py:188} INFO - [INIT].... → Crawl4AI 0.6.2
[2025-05-16T12:59:15.944+0000] {logging_mixin.py:188} INFO - [FETCH]... ↓ https://vietnamnet.vn/tin-tuc-24h?bydaterang=&cate=00MK8V                                            | 
[2025-05-16T12:59:15.945+0000] {logging_mixin.py:188} INFO - ✓
[2025-05-16T12:59:15.945+0000] {logging_mixin.py:188} INFO -  | ⏱: 3.04s
[2025-05-16T12:59:16.130+0000] {logging_mixin.py:188} INFO - [SCRAPE].. ◆ https://vietnamnet.vn/tin-tuc-24h?bydaterang=&cate=00MK8V                                            | 
[2025-05-16T12:59:16.131+0000] {logging_mixin.py:188} INFO - ✓
[2025-05-16T12:59:16.131+0000] {logging_mixin.py:188} INFO -  | ⏱: 0.18s
[2025-05-16T12:59:16.133+0000] {logging_mixin.py:188} INFO - [COMPLETE] ● https://vietnamnet.vn/tin-tuc-24h?bydaterang=&cate=00MK8V                                            | 
[2025-05-16T12:59:16.133+0000] {logging_mixin.py:188} INFO - ✓
[2025-05-16T12:59:16.134+0000] {logging_mixin.py:188} INFO -  | ⏱: 3.23s
[2025-05-16T12:59:16.355+0000] {crawler.py:84} INFO - Tìm thấy 25 link bài viết cho danh mục cong-nghe
[2025-05-16T12:59:16.961+0000] {crawler.py:108} INFO - Đã lọc: 25 URLs ban đầu -> 3 URLs mới
[2025-05-16T12:59:16.962+0000] {crawler.py:232} INFO - Đang crawl 3 bài viết mới từ danh mục cong-nghe...
[2025-05-16T12:59:16.963+0000] {crawler.py:235} INFO - --> Crawl: https://vietnamnet.vn/dau-an-dac-biet-cua-extreme-networks-tai-su-kien-cong-nghe-hang-dau-viet-nam-2401490.html
[2025-05-16T12:59:17.446+0000] {logging_mixin.py:188} INFO - [INIT].... → Crawl4AI 0.6.2
[2025-05-16T12:59:20.445+0000] {logging_mixin.py:188} INFO - [FETCH]... ↓ https://vietnamnet.vn/dau-an-dac-biet-cua-extrem...su-kien-cong-nghe-hang-dau-viet-nam-2401490.html  | 
[2025-05-16T12:59:20.446+0000] {logging_mixin.py:188} INFO - ✓
[2025-05-16T12:59:20.446+0000] {logging_mixin.py:188} INFO -  | ⏱: 2.95s
[2025-05-16T12:59:20.636+0000] {logging_mixin.py:188} INFO - [SCRAPE].. ◆ https://vietnamnet.vn/dau-an-dac-biet-cua-extrem...su-kien-cong-nghe-hang-dau-viet-nam-2401490.html  | 
[2025-05-16T12:59:20.636+0000] {logging_mixin.py:188} INFO - ✓
[2025-05-16T12:59:20.637+0000] {logging_mixin.py:188} INFO -  | ⏱: 0.19s
[2025-05-16T12:59:20.638+0000] {logging_mixin.py:188} INFO - [COMPLETE] ● https://vietnamnet.vn/dau-an-dac-biet-cua-extrem...su-kien-cong-nghe-hang-dau-viet-nam-2401490.html  | 
[2025-05-16T12:59:20.639+0000] {logging_mixin.py:188} INFO - ✓
[2025-05-16T12:59:20.639+0000] {logging_mixin.py:188} INFO -  | ⏱: 3.14s
[2025-05-16T12:59:21.034+0000] {crawler.py:239} INFO -     ✓ Dấu ấn đặc biệt của Extreme Networks tại sự kiện công nghệ h...

[2025-05-16T12:59:21.035+0000] {crawler.py:235} INFO - --> Crawl: https://vietnamnet.vn/ngay-hoi-khoa-hoc-va-cong-nghe-vn-ngay-hoi-cua-tri-tue-doi-moi-va-khat-vong-2401728.html
[2025-05-16T12:59:21.556+0000] {logging_mixin.py:188} INFO - [INIT].... → Crawl4AI 0.6.2
[2025-05-16T12:59:24.504+0000] {logging_mixin.py:188} INFO - [FETCH]... ↓ https://vietnamnet.vn/ngay-hoi-khoa-hoc-va-cong-...oi-cua-tri-tue-doi-moi-va-khat-vong-2401728.html  | 
[2025-05-16T12:59:24.505+0000] {logging_mixin.py:188} INFO - ✓
[2025-05-16T12:59:24.506+0000] {logging_mixin.py:188} INFO -  | ⏱: 2.90s
[2025-05-16T12:59:24.757+0000] {logging_mixin.py:188} INFO - [SCRAPE].. ◆ https://vietnamnet.vn/ngay-hoi-khoa-hoc-va-cong-...oi-cua-tri-tue-doi-moi-va-khat-vong-2401728.html  | 
[2025-05-16T12:59:24.758+0000] {logging_mixin.py:188} INFO - ✓
[2025-05-16T12:59:24.758+0000] {logging_mixin.py:188} INFO -  | ⏱: 
[2025-05-16T12:59:24.759+0000] {logging_mixin.py:188} INFO - 0.25
[2025-05-16T12:59:24.759+0000] {logging_mixin.py:188} INFO - s
[2025-05-16T12:59:24.760+0000] {logging_mixin.py:188} INFO - [COMPLETE] ● https://vietnamnet.vn/ngay-hoi-khoa-hoc-va-cong-...oi-cua-tri-tue-doi-moi-va-khat-vong-2401728.html  | 
[2025-05-16T12:59:24.761+0000] {logging_mixin.py:188} INFO - ✓
[2025-05-16T12:59:24.762+0000] {logging_mixin.py:188} INFO -  | ⏱: 3.15s
[2025-05-16T12:59:25.227+0000] {crawler.py:239} INFO -     ✓ Ngày hội Khoa học và Công nghệ: Ngày hội của trí tuệ, đổi mớ...

[2025-05-16T12:59:25.227+0000] {crawler.py:235} INFO - --> Crawl: https://vietnamnet.vn/loat-san-pham-hap-dan-tu-trien-lam-thanh-tuu-khoa-hoc-va-cong-nghe-viet-nam-2401876.html
[2025-05-16T12:59:25.889+0000] {logging_mixin.py:188} INFO - [INIT].... → Crawl4AI 0.6.2
[2025-05-16T12:59:28.976+0000] {logging_mixin.py:188} INFO - [FETCH]... ↓ https://vietnamnet.vn/loat-san-pham-hap-dan-tu-t...-tuu-khoa-hoc-va-cong-nghe-viet-nam-2401876.html  | 
[2025-05-16T12:59:28.977+0000] {logging_mixin.py:188} INFO - ✓
[2025-05-16T12:59:28.978+0000] {logging_mixin.py:188} INFO -  | ⏱: 3.02s
[2025-05-16T12:59:29.246+0000] {logging_mixin.py:188} INFO - [SCRAPE].. ◆ https://vietnamnet.vn/loat-san-pham-hap-dan-tu-t...-tuu-khoa-hoc-va-cong-nghe-viet-nam-2401876.html  | 
[2025-05-16T12:59:29.247+0000] {logging_mixin.py:188} INFO - ✓
[2025-05-16T12:59:29.248+0000] {logging_mixin.py:188} INFO -  | ⏱: 0.27s
[2025-05-16T12:59:29.250+0000] {logging_mixin.py:188} INFO - [COMPLETE] ● https://vietnamnet.vn/loat-san-pham-hap-dan-tu-t...-tuu-khoa-hoc-va-cong-nghe-viet-nam-2401876.html  | 
[2025-05-16T12:59:29.250+0000] {logging_mixin.py:188} INFO - ✓
[2025-05-16T12:59:29.251+0000] {logging_mixin.py:188} INFO -  | ⏱: 3.29s
[2025-05-16T12:59:29.731+0000] {crawler.py:239} INFO -     ✓ Loạt sản phẩm hấp dẫn từ triển lãm thành tựu khoa học và côn...

[2025-05-16T12:59:29.732+0000] {crawler.py:242} INFO - ⏱️  Tổng thời gian crawl: 17.50 giây
[2025-05-16T12:59:29.870+0000] {crawler.py:267} INFO - Đã lưu 3 bài viết vào collection 'cong-nghe'
[2025-05-16T12:59:29.936+0000] {python.py:237} INFO - Done. Returned value was: None
[2025-05-16T12:59:29.938+0000] {taskinstance.py:441} INFO - ::group::Post task execution logs
[2025-05-16T12:59:29.949+0000] {taskinstance.py:1206} INFO - Marking task as SUCCESS. dag_id=vietnamnet_crawler_24h, task_id=crawl_cong-nghe, run_id=manual__2025-05-16T12:58:33.034739+00:00, execution_date=20250516T125833, start_date=20250516T125911, end_date=20250516T125929
[2025-05-16T12:59:30.014+0000] {local_task_job_runner.py:240} INFO - Task exited with return code 0
[2025-05-16T12:59:30.040+0000] {taskinstance.py:3503} INFO - 1 downstream tasks scheduled from follow-on schedule check
[2025-05-16T12:59:30.042+0000] {local_task_job_runner.py:222} INFO - ::endgroup::
