[2025-05-03T21:30:43.005+0000] {local_task_job_runner.py:120} INFO - ::group::Pre task execution logs
[2025-05-03T21:30:43.021+0000] {taskinstance.py:2076} INFO - Dependencies all met for dep_context=non-requeueable deps ti=<TaskInstance: vietnamnet_crawler_with_summary.crawl_doi-song scheduled__2025-05-03T21:00:00+00:00 [queued]>
[2025-05-03T21:30:43.027+0000] {taskinstance.py:2076} INFO - Dependencies all met for dep_context=requeueable deps ti=<TaskInstance: vietnamnet_crawler_with_summary.crawl_doi-song scheduled__2025-05-03T21:00:00+00:00 [queued]>
[2025-05-03T21:30:43.028+0000] {taskinstance.py:2306} INFO - Starting attempt 1 of 2
[2025-05-03T21:30:43.040+0000] {taskinstance.py:2330} INFO - Executing <Task(PythonOperator): crawl_doi-song> on 2025-05-03 21:00:00+00:00
[2025-05-03T21:30:43.045+0000] {warnings.py:112} WARNING - /home/***/.local/lib/python3.12/site-packages/***/task/task_runner/standard_task_runner.py:61: DeprecationWarning: This process (pid=47363) is multi-threaded, use of fork() may lead to deadlocks in the child.
  pid = os.fork()

[2025-05-03T21:30:43.046+0000] {standard_task_runner.py:63} INFO - Started process 47364 to run task
[2025-05-03T21:30:43.046+0000] {standard_task_runner.py:90} INFO - Running: ['***', 'tasks', 'run', 'vietnamnet_crawler_with_summary', 'crawl_doi-song', 'scheduled__2025-05-03T21:00:00+00:00', '--job-id', '27', '--raw', '--subdir', 'DAGS_FOLDER/dags.py', '--cfg-path', '/tmp/tmpv2zw4h_n']
[2025-05-03T21:30:43.048+0000] {standard_task_runner.py:91} INFO - Job 27: Subtask crawl_doi-song
[2025-05-03T21:30:43.083+0000] {task_command.py:426} INFO - Running <TaskInstance: vietnamnet_crawler_with_summary.crawl_doi-song scheduled__2025-05-03T21:00:00+00:00 [running]> on host 61b2c69a7af3
[2025-05-03T21:30:43.153+0000] {taskinstance.py:2648} INFO - Exporting env vars: AIRFLOW_CTX_DAG_OWNER='***' AIRFLOW_CTX_DAG_ID='vietnamnet_crawler_with_summary' AIRFLOW_CTX_TASK_ID='crawl_doi-song' AIRFLOW_CTX_EXECUTION_DATE='2025-05-03T21:00:00+00:00' AIRFLOW_CTX_TRY_NUMBER='1' AIRFLOW_CTX_DAG_RUN_ID='scheduled__2025-05-03T21:00:00+00:00'
[2025-05-03T21:30:43.154+0000] {taskinstance.py:430} INFO - ::endgroup::
[2025-05-03T21:30:43.263+0000] {crawler.py:61} INFO - Đã kết nối thành công với MongoDB: News
[2025-05-03T21:30:43.377+0000] {crawler.py:44} INFO - ArticleSummarizer đã được khởi tạo thành công
[2025-05-03T21:30:44.003+0000] {logging_mixin.py:188} INFO - [INIT].... → Crawl4AI 0.6.2
[2025-05-03T21:30:46.383+0000] {logging_mixin.py:188} INFO - [FETCH]... ↓ https://vietnamnet.vn/doi-song                                                                       | 
[2025-05-03T21:30:46.383+0000] {logging_mixin.py:188} INFO - ✓
[2025-05-03T21:30:46.384+0000] {logging_mixin.py:188} INFO -  | ⏱: 2.33s
[2025-05-03T21:30:46.723+0000] {logging_mixin.py:188} INFO - [SCRAPE].. ◆ https://vietnamnet.vn/doi-song                                                                       | 
[2025-05-03T21:30:46.724+0000] {logging_mixin.py:188} INFO - ✓
[2025-05-03T21:30:46.724+0000] {logging_mixin.py:188} INFO -  | ⏱: 0.34s
[2025-05-03T21:30:46.725+0000] {logging_mixin.py:188} INFO - [COMPLETE] ● https://vietnamnet.vn/doi-song                                                                       | 
[2025-05-03T21:30:46.726+0000] {logging_mixin.py:188} INFO - ✓
[2025-05-03T21:30:46.726+0000] {logging_mixin.py:188} INFO -  | ⏱: 2.67s
[2025-05-03T21:30:46.834+0000] {crawler.py:87} INFO - Tìm thấy 63 link bài viết
[2025-05-03T21:30:51.548+0000] {crawler.py:106} INFO - Đã lọc: 63 URLs ban đầu -> 0 URLs mới
[2025-05-03T21:30:51.549+0000] {crawler.py:225} INFO - Không có bài viết mới nào trong danh mục doi-song cần crawl.
[2025-05-03T21:30:51.549+0000] {crawler.py:260} INFO - Không có bài viết để lưu vào collection 'doi-song'
[2025-05-03T21:30:51.615+0000] {python.py:237} INFO - Done. Returned value was: None
[2025-05-03T21:30:51.615+0000] {taskinstance.py:441} INFO - ::group::Post task execution logs
[2025-05-03T21:30:51.624+0000] {taskinstance.py:1206} INFO - Marking task as SUCCESS. dag_id=vietnamnet_crawler_with_summary, task_id=crawl_doi-song, run_id=scheduled__2025-05-03T21:00:00+00:00, execution_date=20250503T210000, start_date=20250503T213043, end_date=20250503T213051
[2025-05-03T21:30:51.708+0000] {local_task_job_runner.py:240} INFO - Task exited with return code 0
[2025-05-03T21:30:51.720+0000] {taskinstance.py:3503} INFO - 0 downstream tasks scheduled from follow-on schedule check
[2025-05-03T21:30:51.722+0000] {local_task_job_runner.py:222} INFO - ::endgroup::
