[2025-05-18T10:27:02.139+0000] {local_task_job_runner.py:120} INFO - ::group::Pre task execution logs
[2025-05-18T10:27:02.159+0000] {taskinstance.py:2076} INFO - Dependencies all met for dep_context=non-requeueable deps ti=<TaskInstance: vietnamnet_crawler_24h.crawl_the-gioi scheduled__2025-05-18T09:30:00+00:00 [queued]>
[2025-05-18T10:27:02.167+0000] {taskinstance.py:2076} INFO - Dependencies all met for dep_context=requeueable deps ti=<TaskInstance: vietnamnet_crawler_24h.crawl_the-gioi scheduled__2025-05-18T09:30:00+00:00 [queued]>
[2025-05-18T10:27:02.167+0000] {taskinstance.py:2306} INFO - Starting attempt 1 of 2
[2025-05-18T10:27:02.180+0000] {taskinstance.py:2330} INFO - Executing <Task(PythonOperator): crawl_the-gioi> on 2025-05-18 09:30:00+00:00
[2025-05-18T10:27:02.186+0000] {warnings.py:112} WARNING - /home/***/.local/lib/python3.12/site-packages/***/task/task_runner/standard_task_runner.py:61: DeprecationWarning: This process (pid=11167) is multi-threaded, use of fork() may lead to deadlocks in the child.
  pid = os.fork()

[2025-05-18T10:27:02.188+0000] {standard_task_runner.py:63} INFO - Started process 11168 to run task
[2025-05-18T10:27:02.188+0000] {standard_task_runner.py:90} INFO - Running: ['***', 'tasks', 'run', 'vietnamnet_crawler_24h', 'crawl_the-gioi', 'scheduled__2025-05-18T09:30:00+00:00', '--job-id', '6', '--raw', '--subdir', 'DAGS_FOLDER/dags.py', '--cfg-path', '/tmp/tmpzgja216d']
[2025-05-18T10:27:02.190+0000] {standard_task_runner.py:91} INFO - Job 6: Subtask crawl_the-gioi
[2025-05-18T10:27:02.233+0000] {task_command.py:426} INFO - Running <TaskInstance: vietnamnet_crawler_24h.crawl_the-gioi scheduled__2025-05-18T09:30:00+00:00 [running]> on host cc92a118fd3e
[2025-05-18T10:27:02.309+0000] {taskinstance.py:2648} INFO - Exporting env vars: AIRFLOW_CTX_DAG_OWNER='***' AIRFLOW_CTX_DAG_ID='vietnamnet_crawler_24h' AIRFLOW_CTX_TASK_ID='crawl_the-gioi' AIRFLOW_CTX_EXECUTION_DATE='2025-05-18T09:30:00+00:00' AIRFLOW_CTX_TRY_NUMBER='1' AIRFLOW_CTX_DAG_RUN_ID='scheduled__2025-05-18T09:30:00+00:00'
[2025-05-18T10:27:02.310+0000] {taskinstance.py:430} INFO - ::endgroup::
[2025-05-18T10:27:02.611+0000] {crawler.py:55} INFO - Đã kết nối thành công với MongoDB: News
[2025-05-18T10:27:03.183+0000] {logging_mixin.py:188} INFO - [INIT].... → Crawl4AI 0.6.3
[2025-05-18T10:27:06.235+0000] {logging_mixin.py:188} INFO - [FETCH]... ↓ https://vietnamnet.vn/tin-tuc-24h?bydaterang=&cate=000005          
| ✓ | ⏱: 2.99s
[2025-05-18T10:27:06.628+0000] {logging_mixin.py:188} INFO - [SCRAPE].. ◆ https://vietnamnet.vn/tin-tuc-24h?bydaterang=&cate=000005          
| ✓ | ⏱: 0.39s
[2025-05-18T10:27:06.631+0000] {logging_mixin.py:188} INFO - [COMPLETE] ● https://vietnamnet.vn/tin-tuc-24h?bydaterang=&cate=000005          
| ✓ | ⏱: 3.39s
[2025-05-18T10:27:06.721+0000] {crawler.py:85} INFO - Tìm thấy 25 link bài viết cho danh mục the-gioi
[2025-05-18T10:27:07.328+0000] {crawler.py:110} INFO - Đã lọc: 25 URLs ban đầu -> 25 URLs sau xử lý live
[2025-05-18T10:27:07.328+0000] {crawler.py:255} INFO - Đang crawl 25 bài viết mới từ danh mục the-gioi...
[2025-05-18T10:27:07.329+0000] {crawler.py:258} INFO - --> Crawl: https://vietnamnet.vn/quan-doi-duc-doi-mat-voi-muc-tieu-phi-thuc-te-tu-nato-2402312.html
[2025-05-18T10:27:08.218+0000] {logging_mixin.py:188} INFO - [INIT].... → Crawl4AI 0.6.3
[2025-05-18T10:27:12.987+0000] {logging_mixin.py:188} INFO - [FETCH]... ↓ 
https://vietnamnet.vn/quan-doi-duc-doi-mat-voi-muc-tieu-phi-thuc-te-tu-nato-2402
312.html             | ✓ | ⏱: 4.71s
[2025-05-18T10:27:13.435+0000] {logging_mixin.py:188} INFO - [SCRAPE].. ◆ 
https://vietnamnet.vn/quan-doi-duc-doi-mat-voi-muc-tieu-phi-thuc-te-tu-nato-2402
312.html             | ✓ | ⏱: 0.44s
[2025-05-18T10:27:13.437+0000] {logging_mixin.py:188} INFO - [COMPLETE] ● 
https://vietnamnet.vn/quan-doi-duc-doi-mat-voi-muc-tieu-phi-thuc-te-tu-nato-2402
312.html             | ✓ | ⏱: 5.16s
[2025-05-18T10:27:14.091+0000] {crawler.py:262} INFO -     ✓ Quân đội Đức đối mặt với mục tiêu ‘phi thực tế’ từ NATO...

[2025-05-18T10:27:14.092+0000] {crawler.py:258} INFO - --> Crawl: https://vietnamnet.vn/ong-trump-doa-phat-nang-nga-neu-khong-dat-thoa-thuan-hoa-binh-voi-ukraine-2402035.html
[2025-05-18T10:27:15.095+0000] {logging_mixin.py:188} INFO - [INIT].... → Crawl4AI 0.6.3
[2025-05-18T10:27:18.537+0000] {logging_mixin.py:188} INFO - [FETCH]... ↓ 
https://vietnamnet.vn/ong-trump-doa-phat-nang-ng...dat-thoa-thuan-hoa-binh-voi-u
kraine-2402035.html  | ✓ | ⏱: 3.32s
[2025-05-18T10:27:18.811+0000] {logging_mixin.py:188} INFO - [SCRAPE].. ◆ 
https://vietnamnet.vn/ong-trump-doa-phat-nang-ng...dat-thoa-thuan-hoa-binh-voi-u
kraine-2402035.html  | ✓ | ⏱: 0.27s
[2025-05-18T10:27:18.817+0000] {logging_mixin.py:188} INFO - [COMPLETE] ● 
https://vietnamnet.vn/ong-trump-doa-phat-nang-ng...dat-thoa-thuan-hoa-binh-voi-u
kraine-2402035.html  | ✓ | ⏱: 3.60s
[2025-05-18T10:27:19.337+0000] {crawler.py:262} INFO -     ✓ Ông Trump dọa phạt nặng Nga nếu không đạt thỏa thuận hòa bìn...

[2025-05-18T10:27:19.337+0000] {crawler.py:258} INFO - --> Crawl: https://vietnamnet.vn/cai-tien-moi-cua-ukraine-khien-uav-gia-tang-muc-do-nguy-hiem-voi-quan-doi-nga-2401292.html
[2025-05-18T10:27:19.918+0000] {logging_mixin.py:188} INFO - [INIT].... → Crawl4AI 0.6.3
[2025-05-18T10:27:24.306+0000] {logging_mixin.py:188} INFO - [FETCH]... ↓ 
https://vietnamnet.vn/cai-tien-moi-cua-ukraine-k...g-muc-do-nguy-hiem-voi-quan-d
oi-nga-2401292.html  | ✓ | ⏱: 4.32s
[2025-05-18T10:27:24.602+0000] {logging_mixin.py:188} INFO - [SCRAPE].. ◆ 
https://vietnamnet.vn/cai-tien-moi-cua-ukraine-k...g-muc-do-nguy-hiem-voi-quan-d
oi-nga-2401292.html  | ✓ | ⏱: 0.29s
[2025-05-18T10:27:24.605+0000] {logging_mixin.py:188} INFO - [COMPLETE] ● 
https://vietnamnet.vn/cai-tien-moi-cua-ukraine-k...g-muc-do-nguy-hiem-voi-quan-d
oi-nga-2401292.html  | ✓ | ⏱: 4.62s
[2025-05-18T10:27:25.087+0000] {crawler.py:262} INFO -     ✓ Cải tiến mới của Ukraine khiến UAV gia tăng mức độ nguy hiểm...

[2025-05-18T10:27:25.088+0000] {crawler.py:258} INFO - --> Crawl: https://vietnamnet.vn/tong-thong-trump-cao-buoc-cuu-giam-doc-fbi-keu-goi-am-sat-ong-2402134.html
[2025-05-18T10:27:25.692+0000] {logging_mixin.py:188} INFO - [INIT].... → Crawl4AI 0.6.3
[2025-05-18T10:27:30.510+0000] {logging_mixin.py:188} INFO - [FETCH]... ↓ 
https://vietnamnet.vn/tong-thong-trump-cao-buoc-cuu-giam-doc-fbi-keu-goi-am-sat-
ong-2402134.html     | ✓ | ⏱: 4.75s
[2025-05-18T10:27:30.913+0000] {logging_mixin.py:188} INFO - [SCRAPE].. ◆ 
https://vietnamnet.vn/tong-thong-trump-cao-buoc-cuu-giam-doc-fbi-keu-goi-am-sat-
ong-2402134.html     | ✓ | ⏱: 0.40s
[2025-05-18T10:27:30.916+0000] {logging_mixin.py:188} INFO - [COMPLETE] ● 
https://vietnamnet.vn/tong-thong-trump-cao-buoc-cuu-giam-doc-fbi-keu-goi-am-sat-
ong-2402134.html     | ✓ | ⏱: 5.15s
[2025-05-18T10:27:31.631+0000] {crawler.py:262} INFO -     ✓ Tổng thống Trump cáo buộc cựu giám đốc FBI kêu gọi ám sát ôn...

[2025-05-18T10:27:31.632+0000] {crawler.py:258} INFO - --> Crawl: https://vietnamnet.vn/video-ukraine-vo-hieu-hoa-nhieu-xe-tang-xe-thiet-giap-cua-nga-2401780.html
[2025-05-18T10:27:32.884+0000] {logging_mixin.py:188} INFO - [INIT].... → Crawl4AI 0.6.3
[2025-05-18T10:27:38.149+0000] {logging_mixin.py:188} INFO - [FETCH]... ↓ 
https://vietnamnet.vn/video-ukraine-vo-hieu-hoa-nhieu-xe-tang-xe-thiet-giap-cua-
nga-2401780.html     | ✓ | ⏱: 5.05s
[2025-05-18T10:27:38.585+0000] {logging_mixin.py:188} INFO - [SCRAPE].. ◆ 
https://vietnamnet.vn/video-ukraine-vo-hieu-hoa-nhieu-xe-tang-xe-thiet-giap-cua-
nga-2401780.html     | ✓ | ⏱: 0.43s
[2025-05-18T10:27:38.587+0000] {logging_mixin.py:188} INFO - [COMPLETE] ● 
https://vietnamnet.vn/video-ukraine-vo-hieu-hoa-nhieu-xe-tang-xe-thiet-giap-cua-
nga-2401780.html     | ✓ | ⏱: 5.48s
[2025-05-18T10:27:39.007+0000] {crawler.py:262} INFO -     ✓ Video Ukraine vô hiệu hóa nhiều xe tăng, xe thiết giáp của N...

[2025-05-18T10:27:39.007+0000] {crawler.py:258} INFO - --> Crawl: https://vietnamnet.vn/ong-medvedev-neu-yeu-to-lam-chech-huong-dam-phan-nga-ukraine-2402305.html
[2025-05-18T10:27:39.510+0000] {logging_mixin.py:188} INFO - [INIT].... → Crawl4AI 0.6.3
[2025-05-18T10:27:42.171+0000] {logging_mixin.py:188} INFO - [FETCH]... ↓ 
https://vietnamnet.vn/ong-medvedev-neu-yeu-to-lam-chech-huong-dam-phan-nga-ukrai
ne-2402305.html      | ✓ | ⏱: 2.60s
[2025-05-18T10:27:42.427+0000] {logging_mixin.py:188} INFO - [SCRAPE].. ◆ 
https://vietnamnet.vn/ong-medvedev-neu-yeu-to-lam-chech-huong-dam-phan-nga-ukrai
ne-2402305.html      | ✓ | ⏱: 0.25s
[2025-05-18T10:27:42.429+0000] {logging_mixin.py:188} INFO - [COMPLETE] ● 
https://vietnamnet.vn/ong-medvedev-neu-yeu-to-lam-chech-huong-dam-phan-nga-ukrai
ne-2402305.html      | ✓ | ⏱: 2.86s
[2025-05-18T10:27:42.963+0000] {crawler.py:262} INFO -     ✓ Ông Medvedev nêu yếu tố làm chệch hướng đàm phán Nga – Ukrai...

[2025-05-18T10:27:42.965+0000] {crawler.py:258} INFO - --> Crawl: https://vietnamnet.vn/ong-trump-than-phien-viec-my-phung-phi-hang-ty-usd-vien-tro-cho-ukraine-2402203.html
[2025-05-18T10:27:43.823+0000] {logging_mixin.py:188} INFO - [INIT].... → Crawl4AI 0.6.3
[2025-05-18T10:27:47.265+0000] {logging_mixin.py:188} INFO - [FETCH]... ↓ 
https://vietnamnet.vn/ong-trump-than-phien-viec-...hi-hang-ty-usd-vien-tro-cho-u
kraine-2402203.html  | ✓ | ⏱: 3.38s
[2025-05-18T10:27:47.738+0000] {logging_mixin.py:188} INFO - [SCRAPE].. ◆ 
https://vietnamnet.vn/ong-trump-than-phien-viec-...hi-hang-ty-usd-vien-tro-cho-u
kraine-2402203.html  | ✓ | ⏱: 0.46s
[2025-05-18T10:27:47.742+0000] {logging_mixin.py:188} INFO - [COMPLETE] ● 
https://vietnamnet.vn/ong-trump-than-phien-viec-...hi-hang-ty-usd-vien-tro-cho-u
kraine-2402203.html  | ✓ | ⏱: 3.86s
[2025-05-18T10:27:48.426+0000] {crawler.py:262} INFO -     ✓ Ông Trump than phiền việc Mỹ phung phí hàng tỷ USD viện trợ ...

[2025-05-18T10:27:48.427+0000] {crawler.py:258} INFO - --> Crawl: https://vietnamnet.vn/video-tau-hai-quan-mexico-dam-vao-cau-o-my-nhieu-nguoi-bi-thuong-2402333.html
[2025-05-18T10:27:49.386+0000] {logging_mixin.py:188} INFO - [INIT].... → Crawl4AI 0.6.3
[2025-05-18T10:27:56.683+0000] {logging_mixin.py:188} INFO - [FETCH]... ↓ 
https://vietnamnet.vn/video-tau-hai-quan-mexico-dam-vao-cau-o-my-nhieu-nguoi-bi-
thuong-2402333.html  | ✓ | ⏱: 7.09s
[2025-05-18T10:27:57.157+0000] {logging_mixin.py:188} INFO - [SCRAPE].. ◆ 
https://vietnamnet.vn/video-tau-hai-quan-mexico-dam-vao-cau-o-my-nhieu-nguoi-bi-
thuong-2402333.html  | ✓ | ⏱: 0.47s
[2025-05-18T10:27:57.160+0000] {logging_mixin.py:188} INFO - [COMPLETE] ● 
https://vietnamnet.vn/video-tau-hai-quan-mexico-dam-vao-cau-o-my-nhieu-nguoi-bi-
thuong-2402333.html  | ✓ | ⏱: 7.56s
[2025-05-18T10:27:57.809+0000] {crawler.py:262} INFO -     ✓ Tàu hải quân Mexico đâm vào cầu ở Mỹ, nhiều người bị thương...

[2025-05-18T10:27:57.810+0000] {crawler.py:258} INFO - --> Crawl: https://vietnamnet.vn/video-truc-thang-ca-sau-cua-nga-bi-pha-huy-tren-lanh-tho-ukraine-2402324.html
[2025-05-18T10:27:58.844+0000] {logging_mixin.py:188} INFO - [INIT].... → Crawl4AI 0.6.3
[2025-05-18T10:28:04.122+0000] {logging_mixin.py:188} INFO - [FETCH]... ↓ 
https://vietnamnet.vn/video-truc-thang-ca-sau-cua-nga-bi-pha-huy-tren-lanh-tho-u
kraine-2402324.html  | ✓ | ⏱: 5.15s
[2025-05-18T10:28:04.462+0000] {logging_mixin.py:188} INFO - [SCRAPE].. ◆ 
https://vietnamnet.vn/video-truc-thang-ca-sau-cua-nga-bi-pha-huy-tren-lanh-tho-u
kraine-2402324.html  | ✓ | ⏱: 0.34s
[2025-05-18T10:28:04.464+0000] {logging_mixin.py:188} INFO - [COMPLETE] ● 
https://vietnamnet.vn/video-truc-thang-ca-sau-cua-nga-bi-pha-huy-tren-lanh-tho-u
kraine-2402324.html  | ✓ | ⏱: 5.49s
[2025-05-18T10:28:04.844+0000] {crawler.py:262} INFO -     ✓ Video trực thăng 'Cá sấu' của Nga bị phá hủy trên lãnh thổ U...

[2025-05-18T10:28:04.845+0000] {crawler.py:258} INFO - --> Crawl: https://vietnamnet.vn/phuong-tien-chien-dau-dan-thay-the-xe-tang-nga-tren-tien-tuyen-ukraine-2400163.html
[2025-05-18T10:28:05.461+0000] {logging_mixin.py:188} INFO - [INIT].... → Crawl4AI 0.6.3
[2025-05-18T10:28:09.359+0000] {logging_mixin.py:188} INFO - [FETCH]... ↓ 
https://vietnamnet.vn/phuong-tien-chien-dau-dan-...xe-tang-nga-tren-tien-tuyen-u
kraine-2400163.html  | ✓ | ⏱: 3.83s
[2025-05-18T10:28:09.675+0000] {logging_mixin.py:188} INFO - [SCRAPE].. ◆ 
https://vietnamnet.vn/phuong-tien-chien-dau-dan-...xe-tang-nga-tren-tien-tuyen-u
kraine-2400163.html  | ✓ | ⏱: 0.31s
[2025-05-18T10:28:09.677+0000] {logging_mixin.py:188} INFO - [COMPLETE] ● 
https://vietnamnet.vn/phuong-tien-chien-dau-dan-...xe-tang-nga-tren-tien-tuyen-u
kraine-2400163.html  | ✓ | ⏱: 4.15s
[2025-05-18T10:28:10.227+0000] {crawler.py:262} INFO -     ✓ Phương tiện chiến đấu dần thay thế xe tăng Nga trên tiền tuy...

[2025-05-18T10:28:10.227+0000] {crawler.py:258} INFO - --> Crawl: https://vietnamnet.vn/my-cong-bo-thoi-gian-ban-viec-rut-quan-khoi-chau-au-voi-nato-2402275.html
[2025-05-18T10:28:11.478+0000] {logging_mixin.py:188} INFO - [INIT].... → Crawl4AI 0.6.3
[2025-05-18T10:28:15.184+0000] {logging_mixin.py:188} INFO - [FETCH]... ↓ 
https://vietnamnet.vn/my-cong-bo-thoi-gian-ban-viec-rut-quan-khoi-chau-au-voi-na
to-2402275.html      | ✓ | ⏱: 3.62s
[2025-05-18T10:28:15.594+0000] {logging_mixin.py:188} INFO - [SCRAPE].. ◆ 
https://vietnamnet.vn/my-cong-bo-thoi-gian-ban-viec-rut-quan-khoi-chau-au-voi-na
to-2402275.html      | ✓ | ⏱: 0.41s
[2025-05-18T10:28:15.597+0000] {logging_mixin.py:188} INFO - [COMPLETE] ● 
https://vietnamnet.vn/my-cong-bo-thoi-gian-ban-viec-rut-quan-khoi-chau-au-voi-na
to-2402275.html      | ✓ | ⏱: 4.04s
[2025-05-18T10:28:16.403+0000] {crawler.py:262} INFO -     ✓ Mỹ ấn định thời gian bàn việc rút quân khỏi châu Âu với NATO...

[2025-05-18T10:28:16.404+0000] {crawler.py:258} INFO - --> Crawl: https://vietnamnet.vn/my-phu-nhan-co-ke-hoach-di-doi-vinh-vien-1-trieu-nguoi-palestine-toi-libya-2402276.html
[2025-05-18T10:28:17.430+0000] {logging_mixin.py:188} INFO - [INIT].... → Crawl4AI 0.6.3
[2025-05-18T10:28:22.067+0000] {logging_mixin.py:188} INFO - [FETCH]... ↓ 
https://vietnamnet.vn/my-phu-nhan-co-ke-hoach-di...n-1-trieu-nguoi-palestine-toi
-libya-2402276.html  | ✓ | ⏱: 4.50s
[2025-05-18T10:28:22.272+0000] {logging_mixin.py:188} INFO - [SCRAPE].. ◆ 
https://vietnamnet.vn/my-phu-nhan-co-ke-hoach-di...n-1-trieu-nguoi-palestine-toi
-libya-2402276.html  | ✓ | ⏱: 0.20s
[2025-05-18T10:28:22.274+0000] {logging_mixin.py:188} INFO - [COMPLETE] ● 
https://vietnamnet.vn/my-phu-nhan-co-ke-hoach-di...n-1-trieu-nguoi-palestine-toi
-libya-2402276.html  | ✓ | ⏱: 4.71s
[2025-05-18T10:28:22.629+0000] {crawler.py:262} INFO -     ✓ Mỹ phủ nhận có kế hoạch di dời vĩnh viễn 1 triệu người Pales...

[2025-05-18T10:28:22.630+0000] {crawler.py:258} INFO - --> Crawl: https://vietnamnet.vn/video-phao-binh-nga-doi-ten-lua-vao-vi-tri-quan-ukraine-o-mat-tran-chasiv-yar-2401651.html
[2025-05-18T10:28:23.222+0000] {logging_mixin.py:188} INFO - [INIT].... → Crawl4AI 0.6.3
[2025-05-18T10:28:26.816+0000] {logging_mixin.py:188} INFO - [FETCH]... ↓ 
https://vietnamnet.vn/video-phao-binh-nga-doi-te...-quan-ukraine-o-mat-tran-chas
iv-yar-2401651.html  | ✓ | ⏱: 3.53s
[2025-05-18T10:28:27.062+0000] {logging_mixin.py:188} INFO - [SCRAPE].. ◆ 
https://vietnamnet.vn/video-phao-binh-nga-doi-te...-quan-ukraine-o-mat-tran-chas
iv-yar-2401651.html  | ✓ | ⏱: 0.24s
[2025-05-18T10:28:27.065+0000] {logging_mixin.py:188} INFO - [COMPLETE] ● 
https://vietnamnet.vn/video-phao-binh-nga-doi-te...-quan-ukraine-o-mat-tran-chas
iv-yar-2401651.html  | ✓ | ⏱: 3.78s
[2025-05-18T10:28:31.037+0000] {crawler.py:262} INFO -     ✓ Video pháo binh Nga dội tên lửa vào vị trí quân Ukraine ở mặ...

[2025-05-18T10:28:31.038+0000] {crawler.py:258} INFO - --> Crawl: https://vietnamnet.vn/dien-kremlin-noi-ve-kha-nang-dam-phan-truc-tiep-putin-zelensky-2402179.html
[2025-05-18T10:28:31.563+0000] {logging_mixin.py:188} INFO - [INIT].... → Crawl4AI 0.6.3
[2025-05-18T10:28:34.851+0000] {logging_mixin.py:188} INFO - [FETCH]... ↓ 
https://vietnamnet.vn/dien-kremlin-noi-ve-kha-nang-dam-phan-truc-tiep-putin-zele
nsky-2402179.html    | ✓ | ⏱: 3.23s
[2025-05-18T10:28:35.058+0000] {logging_mixin.py:188} INFO - [SCRAPE].. ◆ 
https://vietnamnet.vn/dien-kremlin-noi-ve-kha-nang-dam-phan-truc-tiep-putin-zele
nsky-2402179.html    | ✓ | ⏱: 0.20s
[2025-05-18T10:28:35.060+0000] {logging_mixin.py:188} INFO - [COMPLETE] ● 
https://vietnamnet.vn/dien-kremlin-noi-ve-kha-nang-dam-phan-truc-tiep-putin-zele
nsky-2402179.html    | ✓ | ⏱: 3.44s
[2025-05-18T10:28:35.457+0000] {crawler.py:262} INFO -     ✓ Điện Kremlin nói về khả năng đàm phán trực tiếp Putin - Zele...

[2025-05-18T10:28:35.458+0000] {crawler.py:258} INFO - --> Crawl: https://vietnamnet.vn/ukraine-cong-bo-ton-that-cua-nga-dung-uav-pha-kho-dan-o-crum-2402159.html
[2025-05-18T10:28:36.379+0000] {logging_mixin.py:188} INFO - [INIT].... → Crawl4AI 0.6.3
[2025-05-18T10:28:42.957+0000] {logging_mixin.py:188} INFO - [FETCH]... ↓ 
https://vietnamnet.vn/ukraine-cong-bo-ton-that-cua-nga-dung-uav-pha-kho-dan-o-cr
um-2402159.html      | ✓ | ⏱: 6.44s
[2025-05-18T10:28:43.219+0000] {logging_mixin.py:188} INFO - [SCRAPE].. ◆ 
https://vietnamnet.vn/ukraine-cong-bo-ton-that-cua-nga-dung-uav-pha-kho-dan-o-cr
um-2402159.html      | ✓ | ⏱: 0.26s
[2025-05-18T10:28:43.221+0000] {logging_mixin.py:188} INFO - [COMPLETE] ● 
https://vietnamnet.vn/ukraine-cong-bo-ton-that-cua-nga-dung-uav-pha-kho-dan-o-cr
um-2402159.html      | ✓ | ⏱: 6.71s
[2025-05-18T10:28:43.683+0000] {crawler.py:262} INFO -     ✓ Ukraine công bố tổn thất của Nga, dùng UAV phá kho đạn ở Crư...

[2025-05-18T10:28:43.684+0000] {crawler.py:258} INFO - --> Crawl: https://vietnamnet.vn/ukraine-cho-doi-cuoc-gap-giua-tong-thong-putin-va-tong-thong-zelensky-2401994.html
[2025-05-18T10:28:44.294+0000] {logging_mixin.py:188} INFO - [INIT].... → Crawl4AI 0.6.3
[2025-05-18T10:28:47.906+0000] {logging_mixin.py:188} INFO - [FETCH]... ↓ 
https://vietnamnet.vn/ukraine-cho-doi-cuoc-gap-g...-thong-putin-va-tong-thong-ze
lensky-2401994.html  | ✓ | ⏱: 3.51s
[2025-05-18T10:28:48.159+0000] {logging_mixin.py:188} INFO - [SCRAPE].. ◆ 
https://vietnamnet.vn/ukraine-cho-doi-cuoc-gap-g...-thong-putin-va-tong-thong-ze
lensky-2401994.html  | ✓ | ⏱: 0.25s
[2025-05-18T10:28:48.161+0000] {logging_mixin.py:188} INFO - [COMPLETE] ● 
https://vietnamnet.vn/ukraine-cho-doi-cuoc-gap-g...-thong-putin-va-tong-thong-ze
lensky-2401994.html  | ✓ | ⏱: 3.77s
[2025-05-18T10:28:48.619+0000] {crawler.py:262} INFO -     ✓ Ukraine chờ đợi cuộc gặp giữa Tổng thống Putin và Tổng thống...

[2025-05-18T10:28:48.620+0000] {crawler.py:258} INFO - --> Crawl: https://vietnamnet.vn/nhieu-nuoc-eu-khong-hai-long-ve-thoa-thuan-thuong-mai-giua-my-va-anh-2402063.html
[2025-05-18T10:28:49.583+0000] {logging_mixin.py:188} INFO - [INIT].... → Crawl4AI 0.6.3
[2025-05-18T10:28:52.495+0000] {logging_mixin.py:188} INFO - [FETCH]... ↓ 
https://vietnamnet.vn/nhieu-nuoc-eu-khong-hai-lo...hoa-thuan-thuong-mai-giua-my-
va-anh-2402063.html  | ✓ | ⏱: 2.84s
[2025-05-18T10:28:52.880+0000] {logging_mixin.py:188} INFO - [SCRAPE].. ◆ 
https://vietnamnet.vn/nhieu-nuoc-eu-khong-hai-lo...hoa-thuan-thuong-mai-giua-my-
va-anh-2402063.html  | ✓ | ⏱: 0.38s
[2025-05-18T10:28:52.884+0000] {logging_mixin.py:188} INFO - [COMPLETE] ● 
https://vietnamnet.vn/nhieu-nuoc-eu-khong-hai-lo...hoa-thuan-thuong-mai-giua-my-
va-anh-2402063.html  | ✓ | ⏱: 3.23s
[2025-05-18T10:28:53.830+0000] {crawler.py:262} INFO -     ✓ EU lên án thỏa thuận thương mại Mỹ - Anh...

[2025-05-18T10:28:53.831+0000] {crawler.py:258} INFO - --> Crawl: https://vietnamnet.vn/vuot-nguc-nhu-phim-10-toi-pham-nguy-hiem-tron-thoat-khoi-nha-tu-o-my-2402252.html
[2025-05-18T10:28:54.961+0000] {logging_mixin.py:188} INFO - [INIT].... → Crawl4AI 0.6.3
[2025-05-18T10:29:01.590+0000] {logging_mixin.py:188} INFO - [FETCH]... ↓ 
https://vietnamnet.vn/vuot-nguc-nhu-phim-10-toi-...uy-hiem-tron-thoat-khoi-nha-t
u-o-my-2402252.html  | ✓ | ⏱: 6.48s
[2025-05-18T10:29:01.778+0000] {logging_mixin.py:188} INFO - [SCRAPE].. ◆ 
https://vietnamnet.vn/vuot-nguc-nhu-phim-10-toi-...uy-hiem-tron-thoat-khoi-nha-t
u-o-my-2402252.html  | ✓ | ⏱: 0.18s
[2025-05-18T10:29:01.780+0000] {logging_mixin.py:188} INFO - [COMPLETE] ● 
https://vietnamnet.vn/vuot-nguc-nhu-phim-10-toi-...uy-hiem-tron-thoat-khoi-nha-t
u-o-my-2402252.html  | ✓ | ⏱: 6.68s
[2025-05-18T10:29:02.097+0000] {crawler.py:262} INFO -     ✓ Vượt ngục như phim: 10 tội phạm nguy hiểm trốn thoát khỏi nh...

[2025-05-18T10:29:02.098+0000] {crawler.py:258} INFO - --> Crawl: https://vietnamnet.vn/ong-trump-dung-dam-phan-chuan-bi-cong-bo-muc-thue-moi-voi-cac-doi-tac-2401991.html
[2025-05-18T10:29:02.680+0000] {logging_mixin.py:188} INFO - [INIT].... → Crawl4AI 0.6.3
[2025-05-18T10:29:05.725+0000] {logging_mixin.py:188} INFO - [FETCH]... ↓ 
https://vietnamnet.vn/ong-trump-dung-dam-phan-ch...ong-bo-muc-thue-moi-voi-cac-d
oi-tac-2401991.html  | ✓ | ⏱: 2.99s
[2025-05-18T10:29:05.937+0000] {logging_mixin.py:188} INFO - [SCRAPE].. ◆ 
https://vietnamnet.vn/ong-trump-dung-dam-phan-ch...ong-bo-muc-thue-moi-voi-cac-d
oi-tac-2401991.html  | ✓ | ⏱: 0.21s
[2025-05-18T10:29:05.939+0000] {logging_mixin.py:188} INFO - [COMPLETE] ● 
https://vietnamnet.vn/ong-trump-dung-dam-phan-ch...ong-bo-muc-thue-moi-voi-cac-d
oi-tac-2401991.html  | ✓ | ⏱: 3.20s
[2025-05-18T10:29:06.308+0000] {crawler.py:262} INFO -     ✓ Ông Trump dừng đàm phán, chuẩn bị công bố mức thuế mới với c...

[2025-05-18T10:29:06.308+0000] {crawler.py:258} INFO - --> Crawl: https://vietnamnet.vn/tong-thong-my-trump-noi-san-sang-toi-trung-quoc-gap-ong-tap-can-binh-2402211.html
[2025-05-18T10:29:06.814+0000] {logging_mixin.py:188} INFO - [INIT].... → Crawl4AI 0.6.3
[2025-05-18T10:29:10.136+0000] {logging_mixin.py:188} INFO - [FETCH]... ↓ 
https://vietnamnet.vn/tong-thong-my-trump-noi-sa...toi-trung-quoc-gap-ong-tap-ca
n-binh-2402211.html  | ✓ | ⏱: 3.26s
[2025-05-18T10:29:10.410+0000] {logging_mixin.py:188} INFO - [SCRAPE].. ◆ 
https://vietnamnet.vn/tong-thong-my-trump-noi-sa...toi-trung-quoc-gap-ong-tap-ca
n-binh-2402211.html  | ✓ | ⏱: 0.27s
[2025-05-18T10:29:10.413+0000] {logging_mixin.py:188} INFO - [COMPLETE] ● 
https://vietnamnet.vn/tong-thong-my-trump-noi-sa...toi-trung-quoc-gap-ong-tap-ca
n-binh-2402211.html  | ✓ | ⏱: 3.54s
[2025-05-18T10:29:10.895+0000] {crawler.py:262} INFO -     ✓ Tổng thống Mỹ Trump nói sẵn sàng tới Trung Quốc gặp ông Tập ...

[2025-05-18T10:29:10.895+0000] {crawler.py:258} INFO - --> Crawl: https://vietnamnet.vn/doi-canh-sat-chuyen-canh-cao-nguoi-di-bo-voi-vang-huyt-sao-giua-duong-2401478.html
[2025-05-18T10:29:11.455+0000] {logging_mixin.py:188} INFO - [INIT].... → Crawl4AI 0.6.3
[2025-05-18T10:29:18.120+0000] {logging_mixin.py:188} INFO - [FETCH]... ↓ 
https://vietnamnet.vn/doi-canh-sat-chuyen-canh-c...-di-bo-voi-vang-huyt-sao-giua
-duong-2401478.html  | ✓ | ⏱: 6.60s
[2025-05-18T10:29:18.440+0000] {logging_mixin.py:188} INFO - [SCRAPE].. ◆ 
https://vietnamnet.vn/doi-canh-sat-chuyen-canh-c...-di-bo-voi-vang-huyt-sao-giua
-duong-2401478.html  | ✓ | ⏱: 0.31s
[2025-05-18T10:29:18.443+0000] {logging_mixin.py:188} INFO - [COMPLETE] ● 
https://vietnamnet.vn/doi-canh-sat-chuyen-canh-c...-di-bo-voi-vang-huyt-sao-giua
-duong-2401478.html  | ✓ | ⏱: 6.92s
[2025-05-18T10:29:18.957+0000] {crawler.py:262} INFO -     ✓ Đội cảnh sát chuyên cảnh cáo người đi bộ vội vàng, huýt sáo ...

[2025-05-18T10:29:18.958+0000] {crawler.py:258} INFO - --> Crawl: https://vietnamnet.vn/hang-tram-nghin-nguoi-du-le-nham-chuc-cua-giao-hoang-leo-xiv-2402282.html
[2025-05-18T10:29:19.695+0000] {logging_mixin.py:188} INFO - [INIT].... → Crawl4AI 0.6.3
[2025-05-18T10:29:23.449+0000] {logging_mixin.py:188} INFO - [FETCH]... ↓ 
https://vietnamnet.vn/hang-tram-nghin-nguoi-du-le-nham-chuc-cua-giao-hoang-leo-x
iv-2402282.html      | ✓ | ⏱: 3.65s
[2025-05-18T10:29:23.749+0000] {logging_mixin.py:188} INFO - [SCRAPE].. ◆ 
https://vietnamnet.vn/hang-tram-nghin-nguoi-du-le-nham-chuc-cua-giao-hoang-leo-x
iv-2402282.html      | ✓ | ⏱: 0.30s
[2025-05-18T10:29:23.751+0000] {logging_mixin.py:188} INFO - [COMPLETE] ● 
https://vietnamnet.vn/hang-tram-nghin-nguoi-du-le-nham-chuc-cua-giao-hoang-leo-x
iv-2402282.html      | ✓ | ⏱: 3.95s
[2025-05-18T10:29:24.390+0000] {crawler.py:262} INFO -     ✓ Hàng trăm nghìn người dự lễ nhậm chức của tân Giáo hoàng Leo...

[2025-05-18T10:29:24.391+0000] {crawler.py:258} INFO - --> Crawl: https://vietnamnet.vn/thanh-le-nham-chuc-cua-duc-giao-hoang-leo-xiv-2402353.html
[2025-05-18T10:29:25.246+0000] {logging_mixin.py:188} INFO - [INIT].... → Crawl4AI 0.6.3
[2025-05-18T10:29:32.434+0000] {logging_mixin.py:188} INFO - [FETCH]... ↓ 
https://vietnamnet.vn/thanh-le-nham-chuc-cua-duc-giao-hoang-leo-xiv-2402353.html
| ✓ | ⏱: 7.10s
[2025-05-18T10:29:33.359+0000] {logging_mixin.py:188} INFO - [SCRAPE].. ◆ 
https://vietnamnet.vn/thanh-le-nham-chuc-cua-duc-giao-hoang-leo-xiv-2402353.html
| ✓ | ⏱: 0.92s
[2025-05-18T10:29:33.365+0000] {logging_mixin.py:188} INFO - [COMPLETE] ● 
https://vietnamnet.vn/thanh-le-nham-chuc-cua-duc-giao-hoang-leo-xiv-2402353.html
| ✓ | ⏱: 8.03s
[2025-05-18T10:29:34.362+0000] {crawler.py:262} INFO -     ✓ Thánh lễ nhậm chức của Đức Giáo hoàng Leo XIV...

[2025-05-18T10:29:34.363+0000] {crawler.py:258} INFO - --> Crawl: https://vietnamnet.vn/canh-hang-chuc-loc-xoay-can-quet-khap-nuoc-my-gan-30-nguoi-thiet-mang-2402339.html
[2025-05-18T10:29:35.401+0000] {logging_mixin.py:188} INFO - [INIT].... → Crawl4AI 0.6.3
[2025-05-18T10:29:40.464+0000] {logging_mixin.py:188} INFO - [FETCH]... ↓ 
https://vietnamnet.vn/canh-hang-chuc-loc-xoay-ca...hap-nuoc-my-gan-30-nguoi-thie
t-mang-2402339.html  | ✓ | ⏱: 4.94s
[2025-05-18T10:29:40.588+0000] {logging_mixin.py:188} INFO - [SCRAPE].. ◆ 
https://vietnamnet.vn/canh-hang-chuc-loc-xoay-ca...hap-nuoc-my-gan-30-nguoi-thie
t-mang-2402339.html  | ✓ | ⏱: 0.12s
[2025-05-18T10:29:40.589+0000] {logging_mixin.py:188} INFO - [COMPLETE] ● 
https://vietnamnet.vn/canh-hang-chuc-loc-xoay-ca...hap-nuoc-my-gan-30-nguoi-thie
t-mang-2402339.html  | ✓ | ⏱: 5.07s
[2025-05-18T10:29:40.900+0000] {crawler.py:262} INFO -     ✓ Cảnh hàng chục lốc xoáy càn quét khắp nước Mỹ, gần 30 người ...

[2025-05-18T10:29:40.900+0000] {crawler.py:258} INFO - --> Crawl: https://vietnamnet.vn/ong-trump-cong-bo-thoi-gian-dien-dam-voi-tong-thong-putin-2402249.html
[2025-05-18T10:29:41.542+0000] {logging_mixin.py:188} INFO - [INIT].... → Crawl4AI 0.6.3
[2025-05-18T10:29:44.396+0000] {logging_mixin.py:188} INFO - [FETCH]... ↓ 
https://vietnamnet.vn/ong-trump-cong-bo-thoi-gian-dien-dam-voi-tong-thong-putin-
2402249.html         | ✓ | ⏱: 2.82s
[2025-05-18T10:29:44.691+0000] {logging_mixin.py:188} INFO - [SCRAPE].. ◆ 
https://vietnamnet.vn/ong-trump-cong-bo-thoi-gian-dien-dam-voi-tong-thong-putin-
2402249.html         | ✓ | ⏱: 0.29s
[2025-05-18T10:29:44.694+0000] {logging_mixin.py:188} INFO - [COMPLETE] ● 
https://vietnamnet.vn/ong-trump-cong-bo-thoi-gian-dien-dam-voi-tong-thong-putin-
2402249.html         | ✓ | ⏱: 3.12s
[2025-05-18T10:29:45.236+0000] {crawler.py:262} INFO -     ✓ Ông Trump công bố thời gian điện đàm với Tổng thống Putin, l...

[2025-05-18T10:29:45.237+0000] {crawler.py:265} INFO - ⏱️  Tổng thời gian crawl: 162.63 giây
[2025-05-18T10:29:45.512+0000] {crawler.py:292} INFO - Đã lưu 25 bài viết vào collection 'the-gioi'
[2025-05-18T10:29:45.575+0000] {python.py:237} INFO - Done. Returned value was: None
[2025-05-18T10:29:45.577+0000] {taskinstance.py:441} INFO - ::group::Post task execution logs
[2025-05-18T10:29:45.594+0000] {taskinstance.py:1206} INFO - Marking task as SUCCESS. dag_id=vietnamnet_crawler_24h, task_id=crawl_the-gioi, run_id=scheduled__2025-05-18T09:30:00+00:00, execution_date=20250518T093000, start_date=20250518T102702, end_date=20250518T102945
[2025-05-18T10:29:45.648+0000] {local_task_job_runner.py:240} INFO - Task exited with return code 0
[2025-05-18T10:29:45.689+0000] {taskinstance.py:3503} INFO - 1 downstream tasks scheduled from follow-on schedule check
[2025-05-18T10:29:45.693+0000] {local_task_job_runner.py:222} INFO - ::endgroup::
