[2025-05-05T06:42:35.657+0000] {local_task_job_runner.py:120} INFO - ::group::Pre task execution logs
[2025-05-05T06:42:35.677+0000] {taskinstance.py:2076} INFO - Dependencies all met for dep_context=non-requeueable deps ti=<TaskInstance: vietnamnet_crawler_24h.clean_old_articles manual__2025-05-05T06:42:33.074243+00:00 [queued]>
[2025-05-05T06:42:35.684+0000] {taskinstance.py:2076} INFO - Dependencies all met for dep_context=requeueable deps ti=<TaskInstance: vietnamnet_crawler_24h.clean_old_articles manual__2025-05-05T06:42:33.074243+00:00 [queued]>
[2025-05-05T06:42:35.684+0000] {taskinstance.py:2306} INFO - Starting attempt 1 of 2
[2025-05-05T06:42:35.699+0000] {taskinstance.py:2330} INFO - Executing <Task(PythonOperator): clean_old_articles> on 2025-05-05 06:42:33.074243+00:00
[2025-05-05T06:42:35.704+0000] {warnings.py:112} WARNING - /home/***/.local/lib/python3.12/site-packages/***/task/task_runner/standard_task_runner.py:61: DeprecationWarning: This process (pid=439) is multi-threaded, use of fork() may lead to deadlocks in the child.
  pid = os.fork()

[2025-05-05T06:42:35.706+0000] {standard_task_runner.py:63} INFO - Started process 442 to run task
[2025-05-05T06:42:35.707+0000] {standard_task_runner.py:90} INFO - Running: ['***', 'tasks', 'run', 'vietnamnet_crawler_24h', 'clean_old_articles', 'manual__2025-05-05T06:42:33.074243+00:00', '--job-id', '3', '--raw', '--subdir', 'DAGS_FOLDER/dags.py', '--cfg-path', '/tmp/tmpmg_lp_xy']
[2025-05-05T06:42:35.710+0000] {standard_task_runner.py:91} INFO - Job 3: Subtask clean_old_articles
[2025-05-05T06:42:35.753+0000] {task_command.py:426} INFO - Running <TaskInstance: vietnamnet_crawler_24h.clean_old_articles manual__2025-05-05T06:42:33.074243+00:00 [running]> on host ae9b30221da5
[2025-05-05T06:42:35.851+0000] {taskinstance.py:2648} INFO - Exporting env vars: AIRFLOW_CTX_DAG_OWNER='***' AIRFLOW_CTX_DAG_ID='vietnamnet_crawler_24h' AIRFLOW_CTX_TASK_ID='clean_old_articles' AIRFLOW_CTX_EXECUTION_DATE='2025-05-05T06:42:33.074243+00:00' AIRFLOW_CTX_TRY_NUMBER='1' AIRFLOW_CTX_DAG_RUN_ID='manual__2025-05-05T06:42:33.074243+00:00'
[2025-05-05T06:42:35.853+0000] {taskinstance.py:430} INFO - ::endgroup::
[2025-05-05T06:42:36.355+0000] {database_cleaner.py:33} INFO - Đã kết nối MongoDB: News
[2025-05-05T06:42:36.356+0000] {database_cleaner.py:102} INFO - Xóa các bài viết trước: 2025-04-04T13:42:36.356241+07:00
[2025-05-05T06:42:37.553+0000] {database_cleaner.py:125} INFO - Collection 'cong-nghe': 0 bài bị xóa
[2025-05-05T06:42:38.065+0000] {database_cleaner.py:125} INFO - Collection 'the-gioi': 1 bài bị xóa
[2025-05-05T06:42:38.863+0000] {database_cleaner.py:125} INFO - Collection 'chinh-tri': 3 bài bị xóa
[2025-05-05T06:42:39.192+0000] {database_cleaner.py:125} INFO - Collection 'phap-luat': 0 bài bị xóa
[2025-05-05T06:42:39.615+0000] {database_cleaner.py:125} INFO - Collection 'doi-song': 0 bài bị xóa
[2025-05-05T06:42:40.282+0000] {database_cleaner.py:125} INFO - Collection 'giao-duc': 2 bài bị xóa
[2025-05-05T06:42:40.325+0000] {database_cleaner.py:42} INFO - Đã đóng kết nối MongoDB
[2025-05-05T06:42:40.326+0000] {database_cleaner.py:142} INFO - Đã xóa tổng cộng 6 bài, còn lại 2247
[2025-05-05T06:42:40.327+0000] {python.py:237} INFO - Done. Returned value was: {'cong-nghe': {'total': 196, 'deleted': 0, 'remaining': 196}, 'the-gioi': {'total': 495, 'deleted': 1, 'remaining': 494}, 'chinh-tri': {'total': 668, 'deleted': 3, 'remaining': 665}, 'phap-luat': {'total': 224, 'deleted': 0, 'remaining': 224}, 'doi-song': {'total': 312, 'deleted': 0, 'remaining': 312}, 'giao-duc': {'total': 358, 'deleted': 2, 'remaining': 356}}
[2025-05-05T06:42:40.328+0000] {taskinstance.py:441} INFO - ::group::Post task execution logs
[2025-05-05T06:42:40.345+0000] {taskinstance.py:1206} INFO - Marking task as SUCCESS. dag_id=vietnamnet_crawler_24h, task_id=clean_old_articles, run_id=manual__2025-05-05T06:42:33.074243+00:00, execution_date=20250505T064233, start_date=20250505T064235, end_date=20250505T064240
[2025-05-05T06:42:40.376+0000] {local_task_job_runner.py:240} INFO - Task exited with return code 0
[2025-05-05T06:42:40.398+0000] {taskinstance.py:3503} INFO - 1 downstream tasks scheduled from follow-on schedule check
[2025-05-05T06:42:40.400+0000] {local_task_job_runner.py:222} INFO - ::endgroup::
