[2025-05-17T20:42:26.852+0000] {local_task_job_runner.py:120} INFO - ::group::Pre task execution logs
[2025-05-17T20:42:26.871+0000] {taskinstance.py:2076} INFO - Dependencies all met for dep_context=non-requeueable deps ti=<TaskInstance: vietnamnet_crawler_24h.crawl_giao-duc manual__2025-05-17T20:42:12.457142+00:00 [queued]>
[2025-05-17T20:42:26.879+0000] {taskinstance.py:2076} INFO - Dependencies all met for dep_context=requeueable deps ti=<TaskInstance: vietnamnet_crawler_24h.crawl_giao-duc manual__2025-05-17T20:42:12.457142+00:00 [queued]>
[2025-05-17T20:42:26.880+0000] {taskinstance.py:2306} INFO - Starting attempt 1 of 2
[2025-05-17T20:42:26.892+0000] {taskinstance.py:2330} INFO - Executing <Task(PythonOperator): crawl_giao-duc> on 2025-05-17 20:42:12.457142+00:00
[2025-05-17T20:42:26.897+0000] {warnings.py:112} WARNING - /home/***/.local/lib/python3.12/site-packages/***/task/task_runner/standard_task_runner.py:61: DeprecationWarning: This process (pid=7218) is multi-threaded, use of fork() may lead to deadlocks in the child.
  pid = os.fork()

[2025-05-17T20:42:26.898+0000] {standard_task_runner.py:63} INFO - Started process 7219 to run task
[2025-05-17T20:42:26.899+0000] {standard_task_runner.py:90} INFO - Running: ['***', 'tasks', 'run', 'vietnamnet_crawler_24h', 'crawl_giao-duc', 'manual__2025-05-17T20:42:12.457142+00:00', '--job-id', '206', '--raw', '--subdir', 'DAGS_FOLDER/dags.py', '--cfg-path', '/tmp/tmppkaomehm']
[2025-05-17T20:42:26.901+0000] {standard_task_runner.py:91} INFO - Job 206: Subtask crawl_giao-duc
[2025-05-17T20:42:26.939+0000] {task_command.py:426} INFO - Running <TaskInstance: vietnamnet_crawler_24h.crawl_giao-duc manual__2025-05-17T20:42:12.457142+00:00 [running]> on host 60d771d880eb
[2025-05-17T20:42:27.021+0000] {taskinstance.py:2648} INFO - Exporting env vars: AIRFLOW_CTX_DAG_OWNER='***' AIRFLOW_CTX_DAG_ID='vietnamnet_crawler_24h' AIRFLOW_CTX_TASK_ID='crawl_giao-duc' AIRFLOW_CTX_EXECUTION_DATE='2025-05-17T20:42:12.457142+00:00' AIRFLOW_CTX_TRY_NUMBER='1' AIRFLOW_CTX_DAG_RUN_ID='manual__2025-05-17T20:42:12.457142+00:00'
[2025-05-17T20:42:27.022+0000] {taskinstance.py:430} INFO - ::endgroup::
[2025-05-17T20:42:27.182+0000] {crawler.py:55} INFO - Đã kết nối thành công với MongoDB: News
[2025-05-17T20:42:27.789+0000] {logging_mixin.py:188} INFO - [INIT].... → Crawl4AI 0.6.2
[2025-05-17T20:42:30.306+0000] {logging_mixin.py:188} INFO - [FETCH]... ↓ https://vietnamnet.vn/tin-tuc-24h?bydaterang=&cate=000006                                            | 
[2025-05-17T20:42:30.307+0000] {logging_mixin.py:188} INFO - ✓
[2025-05-17T20:42:30.307+0000] {logging_mixin.py:188} INFO -  | ⏱: 2.54s
[2025-05-17T20:42:30.496+0000] {logging_mixin.py:188} INFO - [SCRAPE].. ◆ https://vietnamnet.vn/tin-tuc-24h?bydaterang=&cate=000006                                            | 
[2025-05-17T20:42:30.497+0000] {logging_mixin.py:188} INFO - ✓
[2025-05-17T20:42:30.497+0000] {logging_mixin.py:188} INFO -  | ⏱: 0.19s
[2025-05-17T20:42:30.499+0000] {logging_mixin.py:188} INFO - [COMPLETE] ● https://vietnamnet.vn/tin-tuc-24h?bydaterang=&cate=000006                                            | 
[2025-05-17T20:42:30.499+0000] {logging_mixin.py:188} INFO - ✓
[2025-05-17T20:42:30.499+0000] {logging_mixin.py:188} INFO -  | ⏱: 2.73s
[2025-05-17T20:42:30.766+0000] {crawler.py:85} INFO - Tìm thấy 25 link bài viết cho danh mục giao-duc
[2025-05-17T20:42:47.784+0000] {crawler.py:110} INFO - Đã lọc: 25 URLs ban đầu -> 0 URLs sau xử lý live
[2025-05-17T20:42:47.785+0000] {crawler.py:252} INFO - Không có bài viết mới nào trong danh mục giao-duc cần crawl.
[2025-05-17T20:42:47.854+0000] {crawler.py:294} INFO - Không có bài viết để lưu vào collection 'giao-duc'
[2025-05-17T20:42:47.920+0000] {python.py:237} INFO - Done. Returned value was: None
[2025-05-17T20:42:47.921+0000] {taskinstance.py:441} INFO - ::group::Post task execution logs
[2025-05-17T20:42:47.929+0000] {taskinstance.py:1206} INFO - Marking task as SUCCESS. dag_id=vietnamnet_crawler_24h, task_id=crawl_giao-duc, run_id=manual__2025-05-17T20:42:12.457142+00:00, execution_date=20250517T204212, start_date=20250517T204226, end_date=20250517T204247
[2025-05-17T20:42:47.979+0000] {local_task_job_runner.py:240} INFO - Task exited with return code 0
[2025-05-17T20:42:48.002+0000] {taskinstance.py:3503} INFO - 1 downstream tasks scheduled from follow-on schedule check
[2025-05-17T20:42:48.005+0000] {local_task_job_runner.py:222} INFO - ::endgroup::
