[2025-05-03T16:54:48.696+0000] {local_task_job_runner.py:120} INFO - ::group::Pre task execution logs
[2025-05-03T16:54:48.716+0000] {taskinstance.py:2076} INFO - Dependencies all met for dep_context=non-requeueable deps ti=<TaskInstance: vietnamnet_multi_category_crawler.crawl_chinh-tri manual__2025-05-03T16:54:46.316743+00:00 [queued]>
[2025-05-03T16:54:48.724+0000] {taskinstance.py:2076} INFO - Dependencies all met for dep_context=requeueable deps ti=<TaskInstance: vietnamnet_multi_category_crawler.crawl_chinh-tri manual__2025-05-03T16:54:46.316743+00:00 [queued]>
[2025-05-03T16:54:48.724+0000] {taskinstance.py:2306} INFO - Starting attempt 1 of 2
[2025-05-03T16:54:48.736+0000] {taskinstance.py:2330} INFO - Executing <Task(PythonOperator): crawl_chinh-tri> on 2025-05-03 16:54:46.316743+00:00
[2025-05-03T16:54:48.745+0000] {warnings.py:112} WARNING - /home/***/.local/lib/python3.12/site-packages/***/task/task_runner/standard_task_runner.py:61: DeprecationWarning: This process (pid=1894) is multi-threaded, use of fork() may lead to deadlocks in the child.
  pid = os.fork()

[2025-05-03T16:54:48.747+0000] {standard_task_runner.py:63} INFO - Started process 1897 to run task
[2025-05-03T16:54:48.747+0000] {standard_task_runner.py:90} INFO - Running: ['***', 'tasks', 'run', 'vietnamnet_multi_category_crawler', 'crawl_chinh-tri', 'manual__2025-05-03T16:54:46.316743+00:00', '--job-id', '4', '--raw', '--subdir', 'DAGS_FOLDER/dags.py', '--cfg-path', '/tmp/tmp2uafehc6']
[2025-05-03T16:54:48.749+0000] {standard_task_runner.py:91} INFO - Job 4: Subtask crawl_chinh-tri
[2025-05-03T16:54:48.797+0000] {task_command.py:426} INFO - Running <TaskInstance: vietnamnet_multi_category_crawler.crawl_chinh-tri manual__2025-05-03T16:54:46.316743+00:00 [running]> on host 3ca514faf7bb
[2025-05-03T16:54:48.864+0000] {taskinstance.py:2648} INFO - Exporting env vars: AIRFLOW_CTX_DAG_OWNER='***' AIRFLOW_CTX_DAG_ID='vietnamnet_multi_category_crawler' AIRFLOW_CTX_TASK_ID='crawl_chinh-tri' AIRFLOW_CTX_EXECUTION_DATE='2025-05-03T16:54:46.316743+00:00' AIRFLOW_CTX_TRY_NUMBER='1' AIRFLOW_CTX_DAG_RUN_ID='manual__2025-05-03T16:54:46.316743+00:00'
[2025-05-03T16:54:48.868+0000] {taskinstance.py:430} INFO - ::endgroup::
[2025-05-03T16:54:50.335+0000] {logging_mixin.py:188} INFO - [INIT].... → Crawl4AI 0.6.2
[2025-05-03T16:54:52.893+0000] {logging_mixin.py:188} INFO - [FETCH]... ↓ https://vietnamnet.vn/chinh-tri                                                                      | 
[2025-05-03T16:54:52.895+0000] {logging_mixin.py:188} INFO - ✓
[2025-05-03T16:54:52.896+0000] {logging_mixin.py:188} INFO -  | ⏱: 2.52s
[2025-05-03T16:54:53.161+0000] {logging_mixin.py:188} INFO - [SCRAPE].. ◆ https://vietnamnet.vn/chinh-tri                                                                      | 
[2025-05-03T16:54:53.161+0000] {logging_mixin.py:188} INFO - ✓
[2025-05-03T16:54:53.162+0000] {logging_mixin.py:188} INFO -  | ⏱: 0.26s
[2025-05-03T16:54:53.163+0000] {logging_mixin.py:188} INFO - [COMPLETE] ● https://vietnamnet.vn/chinh-tri                                                                      | 
[2025-05-03T16:54:53.164+0000] {logging_mixin.py:188} INFO - ✓
[2025-05-03T16:54:53.164+0000] {logging_mixin.py:188} INFO -  | ⏱: 2.79s
[2025-05-03T16:54:53.267+0000] {logging_mixin.py:188} INFO - Tìm thấy 77 link bài viết
[2025-05-03T16:54:53.421+0000] {logging_mixin.py:188} INFO - Đang crawl 5 bài viết từ danh mục chinh-tri...
[2025-05-03T16:54:53.422+0000] {logging_mixin.py:188} INFO - --> Crawl: https://vietnamnet.vn/sau-sap-nhap-tphcm-co-the-xay-khu-kinh-te-bien-voi-quy-che-dac-biet-nhu-dubai-2395105.html
[2025-05-03T16:54:53.896+0000] {logging_mixin.py:188} INFO - [INIT].... → Crawl4AI 0.6.2
[2025-05-03T16:54:56.641+0000] {logging_mixin.py:188} INFO - [FETCH]... ↓ https://vietnamnet.vn/sau-sap-nhap-tphcm-co-the-...bien-voi-quy-che-dac-biet-nhu-dubai-2395105.html  | 
[2025-05-03T16:54:56.641+0000] {logging_mixin.py:188} INFO - ✓
[2025-05-03T16:54:56.642+0000] {logging_mixin.py:188} INFO -  | ⏱: 2.70s
[2025-05-03T16:54:56.827+0000] {logging_mixin.py:188} INFO - [SCRAPE].. ◆ https://vietnamnet.vn/sau-sap-nhap-tphcm-co-the-...bien-voi-quy-che-dac-biet-nhu-dubai-2395105.html  | 
[2025-05-03T16:54:56.832+0000] {logging_mixin.py:188} INFO - ✓
[2025-05-03T16:54:56.833+0000] {logging_mixin.py:188} INFO -  | ⏱: 0.18s
[2025-05-03T16:54:56.834+0000] {logging_mixin.py:188} INFO - [COMPLETE] ● https://vietnamnet.vn/sau-sap-nhap-tphcm-co-the-...bien-voi-quy-che-dac-biet-nhu-dubai-2395105.html  | 
[2025-05-03T16:54:56.835+0000] {logging_mixin.py:188} INFO - ✓
[2025-05-03T16:54:56.835+0000] {logging_mixin.py:188} INFO -  | ⏱: 2.89s
[2025-05-03T16:54:57.352+0000] {logging_mixin.py:188} INFO -     ✓ Sau sáp nhập, TPHCM có thể xây khu kinh tế biển với quy chế ...
[2025-05-03T16:54:57.353+0000] {logging_mixin.py:188} INFO - --> Crawl: https://vietnamnet.vn/da-khoi-to-1-529-bi-can-trong-vu-4-tiep-vien-hang-khong-xach-ma-tuy-ve-viet-nam-2397386.html
[2025-05-03T16:54:57.930+0000] {logging_mixin.py:188} INFO - [INIT].... → Crawl4AI 0.6.2
[2025-05-03T16:55:01.072+0000] {logging_mixin.py:188} INFO - [FETCH]... ↓ https://vietnamnet.vn/da-khoi-to-1-529-bi-can-tr...-hang-khong-xach-ma-tuy-ve-viet-nam-2397386.html  | 
[2025-05-03T16:55:01.073+0000] {logging_mixin.py:188} INFO - ✓
[2025-05-03T16:55:01.074+0000] {logging_mixin.py:188} INFO -  | ⏱: 3.09s
[2025-05-03T16:55:01.266+0000] {logging_mixin.py:188} INFO - [SCRAPE].. ◆ https://vietnamnet.vn/da-khoi-to-1-529-bi-can-tr...-hang-khong-xach-ma-tuy-ve-viet-nam-2397386.html  | 
[2025-05-03T16:55:01.267+0000] {logging_mixin.py:188} INFO - ✓
[2025-05-03T16:55:01.267+0000] {logging_mixin.py:188} INFO -  | ⏱: 0.19s
[2025-05-03T16:55:01.268+0000] {logging_mixin.py:188} INFO - [COMPLETE] ● https://vietnamnet.vn/da-khoi-to-1-529-bi-can-tr...-hang-khong-xach-ma-tuy-ve-viet-nam-2397386.html  | 
[2025-05-03T16:55:01.269+0000] {logging_mixin.py:188} INFO - ✓
[2025-05-03T16:55:01.269+0000] {logging_mixin.py:188} INFO -  | ⏱: 3.29s
[2025-05-03T16:55:01.640+0000] {logging_mixin.py:188} INFO -     ✓ Đã khởi tố 1.529 bị can trong vụ 4 tiếp viên hàng không xách...
[2025-05-03T16:55:01.641+0000] {logging_mixin.py:188} INFO - --> Crawl: https://vietnamnet.vn/toan-canh-le-dieu-binh-ky-niem-50-nam-thong-nhat-man-nhan-nguoi-xem-2396784.html
[2025-05-03T16:55:02.157+0000] {logging_mixin.py:188} INFO - [INIT].... → Crawl4AI 0.6.2
[2025-05-03T16:55:05.170+0000] {logging_mixin.py:188} INFO - [FETCH]... ↓ https://vietnamnet.vn/toan-canh-le-dieu-binh-ky-...0-nam-thong-nhat-man-nhan-nguoi-xem-2396784.html  | 
[2025-05-03T16:55:05.170+0000] {logging_mixin.py:188} INFO - ✓
[2025-05-03T16:55:05.171+0000] {logging_mixin.py:188} INFO -  | ⏱: 2.97s
[2025-05-03T16:55:05.270+0000] {logging_mixin.py:188} INFO - [SCRAPE].. ◆ https://vietnamnet.vn/toan-canh-le-dieu-binh-ky-...0-nam-thong-nhat-man-nhan-nguoi-xem-2396784.html  | 
[2025-05-03T16:55:05.271+0000] {logging_mixin.py:188} INFO - ✓
[2025-05-03T16:55:05.271+0000] {logging_mixin.py:188} INFO -  | ⏱: 0.10s
[2025-05-03T16:55:05.272+0000] {logging_mixin.py:188} INFO - [COMPLETE] ● https://vietnamnet.vn/toan-canh-le-dieu-binh-ky-...0-nam-thong-nhat-man-nhan-nguoi-xem-2396784.html  | 
[2025-05-03T16:55:05.273+0000] {logging_mixin.py:188} INFO - ✓
[2025-05-03T16:55:05.273+0000] {logging_mixin.py:188} INFO -  | ⏱: 3.07s
[2025-05-03T16:55:05.577+0000] {logging_mixin.py:188} INFO -     ✓ Toàn cảnh lễ diễu binh kỷ niệm 50 năm thống nhất mãn nhãn ng...
[2025-05-03T16:55:05.578+0000] {logging_mixin.py:188} INFO - --> Crawl: https://vietnamnet.vn/nhung-chuc-danh-nao-se-khong-con-sau-sap-nhap-xa-2396975.html#comment
[2025-05-03T16:55:06.186+0000] {logging_mixin.py:188} INFO - [INIT].... → Crawl4AI 0.6.2
[2025-05-03T16:55:09.364+0000] {logging_mixin.py:188} INFO - [FETCH]... ↓ https://vietnamnet.vn/nhung-chuc-danh-nao-se-khong-con-sau-sap-nhap-xa-2396975.html#comment          | 
[2025-05-03T16:55:09.365+0000] {logging_mixin.py:188} INFO - ✓
[2025-05-03T16:55:09.365+0000] {logging_mixin.py:188} INFO -  | ⏱: 3.13s
[2025-05-03T16:55:09.571+0000] {logging_mixin.py:188} INFO - [SCRAPE].. ◆ https://vietnamnet.vn/nhung-chuc-danh-nao-se-khong-con-sau-sap-nhap-xa-2396975.html#comment          | 
[2025-05-03T16:55:09.572+0000] {logging_mixin.py:188} INFO - ✓
[2025-05-03T16:55:09.572+0000] {logging_mixin.py:188} INFO -  | ⏱: 0.20s
[2025-05-03T16:55:09.573+0000] {logging_mixin.py:188} INFO - [COMPLETE] ● https://vietnamnet.vn/nhung-chuc-danh-nao-se-khong-con-sau-sap-nhap-xa-2396975.html#comment          | 
[2025-05-03T16:55:09.573+0000] {logging_mixin.py:188} INFO - ✓
[2025-05-03T16:55:09.574+0000] {logging_mixin.py:188} INFO -  | ⏱: 3.34s
[2025-05-03T16:55:10.017+0000] {logging_mixin.py:188} INFO -     ✓ Những chức danh nào sẽ không còn sau sáp nhập xã?...
[2025-05-03T16:55:10.018+0000] {logging_mixin.py:188} INFO - --> Crawl: https://vietnamnet.vn/tuyet-roi-day-o-moscow-doan-quan-doi-nhan-dan-viet-nam-tiep-tuc-luyen-tap-2397219.html
[2025-05-03T16:55:10.556+0000] {logging_mixin.py:188} INFO - [INIT].... → Crawl4AI 0.6.2
[2025-05-03T16:55:13.518+0000] {logging_mixin.py:188} INFO - [FETCH]... ↓ https://vietnamnet.vn/tuyet-roi-day-o-moscow-doa...han-dan-viet-nam-tiep-tuc-luyen-tap-2397219.html  | 
[2025-05-03T16:55:13.519+0000] {logging_mixin.py:188} INFO - ✓
[2025-05-03T16:55:13.520+0000] {logging_mixin.py:188} INFO -  | ⏱: 2.90s
[2025-05-03T16:55:13.787+0000] {logging_mixin.py:188} INFO - [SCRAPE].. ◆ https://vietnamnet.vn/tuyet-roi-day-o-moscow-doa...han-dan-viet-nam-tiep-tuc-luyen-tap-2397219.html  | 
[2025-05-03T16:55:13.787+0000] {logging_mixin.py:188} INFO - ✓
[2025-05-03T16:55:13.788+0000] {logging_mixin.py:188} INFO -  | ⏱: 0.27s
[2025-05-03T16:55:13.789+0000] {logging_mixin.py:188} INFO - [COMPLETE] ● https://vietnamnet.vn/tuyet-roi-day-o-moscow-doa...han-dan-viet-nam-tiep-tuc-luyen-tap-2397219.html  | 
[2025-05-03T16:55:13.789+0000] {logging_mixin.py:188} INFO - ✓
[2025-05-03T16:55:13.790+0000] {logging_mixin.py:188} INFO -  | ⏱: 3.18s
[2025-05-03T16:55:14.455+0000] {logging_mixin.py:188} INFO -     ✓ Tuyết rơi dày ở Moscow, đoàn Quân đội nhân dân Việt Nam tiếp...
[2025-05-03T16:55:14.456+0000] {logging_mixin.py:188} INFO - ⏱️  Tổng thời gian crawl: 25.56 giây
[2025-05-03T16:55:15.429+0000] {logging_mixin.py:188} INFO - Lỗi khi lưu dữ liệu vào MongoDB: batch op errors occurred, full error: {'writeErrors': [{'index': 0, 'code': 11000, 'errmsg': 'E11000 duplicate key error collection: News.chinh-tri index: _id_ dup key: { _id: "https://vietnamnet.vn/sau-sap-nhap-tphcm-co-the-xay-khu-kinh-te-bien-voi-quy-che-dac-biet-nhu-dubai-2395105.html" }', 'keyPattern': {'_id': 1}, 'keyValue': {'_id': 'https://vietnamnet.vn/sau-sap-nhap-tphcm-co-the-xay-khu-kinh-te-bien-voi-quy-che-dac-biet-nhu-dubai-2395105.html'}, 'op': {'title': 'Sau sáp nhập, TPHCM có thể xây khu kinh tế biển với quy chế đặc biệt như Dubai', 'author': 'Không có thông tin tác giả', 'publish_date': '2025-05-01T07:00:00.000 +07:00', 'views': None, 'tags': [], 'description': 'Sau khi sáp nhập tỉnh Bà Rịa - Vũng Tàu, Thành phố Hồ Chí Minh sẽ sở hữu chiều dài bờ biển đáng kể, vùng đặc quyền kinh tế (EEZ) rộng lớn, cùng nhiều cảng quan trọng.', 'main_image': 'https://static-images.vnncdn.net/vps_images_publish/000001/000003/2025/4/30/sau-sap-nhap-tphcm-co-the-xay-khu-kinh-te-bien-voi-quy-che-dac-biet-nhu-dubai-78073.jpg?width=0&s=ilBabVqDd8O1gpEq3F2RLA', 'content': 'TS Bùi Mẫn\n\nĐây là điều kiện thuận lợi để xây dựng và triển khai một chiến lược phát triển kinh tế biển xanh (blue economy), là mô hình phát triển gắn liền với biển, đảm bảo sự bền vững của hệ sinh thái đại dương, vừa bảo vệ môi trường vừa khai thác hợp lý có đầu tư tái tạo.\n\nTrụ cột mới của các ngành kinh tế xanh dương\n\nCác ngành kinh tế xanh dương bao gồm: cảng biển và logistics xanh, du lịch biển sinh thái, năng lượng tái tạo ngoài khơi (gió, sóng, thủy triều), nuôi trồng và khai thác thủy sản bền vững. Đặc biệt, ngành xây dựng và phát triển bất động sản ven biển, lấn biển và phát triển trên các đảo nhân tạo đang nổi lên như một trụ cột mới.\n\nTrong bối cảnh quỹ đất đô thị cạn kiệt, chi phí đền bù giải tỏa quá cao, thời gian thực hiện dự án kéo dài và hạ tầng hiện hữu đã quá tải thì hướng ra biển là một chiến lược đầy tiềm năng. Đây chính là con đường mà các quốc gia như Các tiểu vương quốc Ả Rập Thống nhất (UAE) đã và đang đi rất thành công, điều mà tôi đã có dịp trực tiếp quan sát.\n\nTừ năm 1995 đến nay, UAE đã triển khai hàng trăm dự án lấn biển và đảo nhân tạo. Theo số liệu của Ngân hàng Thế giới và trang web chính phủ, diện tích UAE là 71.020km2. Thực tế, diện tích UAE ngày nay là 83.600km2, tăng thêm rất đáng kể và vẫn tiếp tục mở rộng.\n\nCác dự án tiêu biểu có thể kể đến như: Palm Jumeirah (5,72km2), The World Islands (với 300 đảo nhân tạo, 9,31km2), Palm Jebel Ali (13,4km2), Deira Island, hay còn gọi là Dubai Islands (17km2), Yas Island (25km2)... UAE hiện là 1 trong 5 quốc gia lấn biển nhiều nhất thế giới, bên cạnh Hà Lan, Hàn Quốc, Singapore và Trung Quốc.\n\nBất động sản ven biển, đặc biệt tại các khu đô thị mới và đảo nhân tạo, đang trở thành cực phát triển quan trọng cho kinh tế Dubai. Nếu được thực hiện đúng cách kết hợp quy hoạch xanh, hạ tầng xanh, giao thông xanh, năng lượng xanh thì các khu đô thị ven biển và đảo nhân tạo có thể thay đổi toàn bộ diện mạo đô thị và vị thế quốc tế của TPHCM.\n\nĐây cũng là bài học quý giá từ UAE: khi các khu đô thị mới hiện đại thu hút cư dân và đầu tư thì các đô thị cũ như Bur Dubai, Deira, Dubai Creek dần trở nên lỗi thời. Giá đất tại các khu cũ giảm tương đối, mở ra cơ hội tái thiết theo hình thức “cuốn chiếu”.\n\nMỗi mét vuông đất tại Dubai hiện nay có giá trung bình 3.515-7.287 USD. Như vậy, 700km2 đất lấn biển và đảo nhân tạo có giá trị tối thiểu 246.000 tỷ USD - gấp hơn 5 lần GDP của Việt Nam hiện nay.\n\nKhi cơ sở hạ tầng tại các khu vực này được chuẩn bị đầy đủ và các chính sách đầu tư thân thiện được ban hành, dòng vốn nước ngoài sẽ đổ vào mạnh mẽ. Đó chính là cách Dubai đã làm: chính phủ đầu tư tương đối ít vào hạ tầng ban đầu nhưng đã kích hoạt được hàng trăm tỷ USD đầu tư từ khu vực tư nhân và quốc tế.\n\nTheo số liệu từ Cục Đất đai Dubai (Dubai Land Department), chỉ riêng năm 2024, tổng giá trị giao dịch bất động sản tại thành phố Dubai đã đạt 207 tỷ USD. Điều này cho thấy hiệu ứng rõ rệt của đòn bẩy hạ tầng, chính sách, và đầu tư tư nhân.\n\nNhững điều TPHCM có thể học hỏi\n\nTPHCM hoàn toàn có thể học hỏi Dubai bằng cách xây dựng một khu kinh tế biển với quy chế đặc biệt, tương tự như mô hình Dubai Maritime City.\n\nĐây là một khu đô thị - công nghiệp - cảng biển tích hợp trên một bán đảo nhân tạo, nơi kết hợp tài chính hàng hải, logistics biển, học viện đào tạo và khu dân cư cao cấp. Mô hình này chính là một phần quan trọng trong chiến lược kinh tế xanh dương của UAE.\n\nCần lưu ý việc lấn biển và xây dựng các đảo nhân tạo phải đi kèm với bảo vệ sinh thái biển, đa dạng sinh học, đặc biệt cần bảo vệ nghiêm ngặt khu dự trữ sinh quyển rừng ngập mặn Cần Giờ - lá phổi xanh quý hiếm và là niềm tự hào của TPHCM.\n\nMở rộng ra phạm vi quốc gia, Việt Nam có lợi thế đặc biệt với hơn 3.260km bờ biển, gần 1 triệu km2 vùng đặc quyền kinh tế (EEZ), hệ sinh thái biển đa dạng, khoảng 40% dân số sinh sống tại các tỉnh ven biển, cùng 34 cảng biển, nuôi trồng và khai thác 9,06 triệu tấn năm 2024 và tiềm năng phát triển điện gió ngoài khơi lên đến 600GW (theo Ngân hàng Thế giới). Du lịch biển đảo hiện cũng đóng góp tới 70% tổng doanh thu du lịch quốc gia.\n\nVì vậy, không chỉ riêng TPHCM mà Việt Nam cần một chiến lược quốc gia phát triển kinh tế xanh dương, với quy hoạch không gian biển, đầu tư trọng điểm, thu hút công nghệ và cải cách thể chế tương thích. Hướng ra biển chính là không gian phát triển chiến lược cho thế kỷ 21.', 'url': 'https://vietnamnet.vn/sau-sap-nhap-tphcm-co-the-xay-khu-kinh-te-bien-voi-quy-che-dac-biet-nhu-dubai-2395105.html', 'category': 'chinh-tri', 'crawled_at': '2025-05-03T16:54:57.054330', '_id': 'https://vietnamnet.vn/sau-sap-nhap-tphcm-co-the-xay-khu-kinh-te-bien-voi-quy-che-dac-biet-nhu-dubai-2395105.html'}}, {'index': 1, 'code': 11000, 'errmsg': 'E11000 duplicate key error collection: News.chinh-tri index: _id_ dup key: { _id: "https://vietnamnet.vn/da-khoi-to-1-529-bi-can-trong-vu-4-tiep-vien-hang-khong-xach-ma-tuy-ve-viet-nam-2397386.html" }', 'keyPattern': {'_id': 1}, 'keyValue': {'_id': 'https://vietnamnet.vn/da-khoi-to-1-529-bi-can-trong-vu-4-tiep-vien-hang-khong-xach-ma-tuy-ve-viet-nam-2397386.html'}, 'op': {'title': 'Đã khởi tố 1.529 bị can trong vụ 4 tiếp viên hàng không xách ma túy về Việt Nam', 'author': 'Không có thông tin tác giả', 'publish_date': '2025-05-03T21:08:47.000 +07:00', 'views': None, 'tags': [], 'description': 'Mở rộng điều tra vụ 4 nữ tiếp viên hàng không xách ma túy từ Pháp về Việt Nam, công an đã chặt đứt hơn 500 nhánh tội phạm hoạt động tại 36 tỉnh thành và khởi tố 1.529 bị can.', 'main_image': 'https://static-images.vnncdn.net/vps_images_publish/000001/000003/2025/5/3/da-khoi-to-1-93331.png?width=0&s=ROuRnI5ACOZNfEEhZ3QPzA', 'content': 'Đàm ĐệNhà báo\n\nXEM CLIP:\n\nHôm nay (3/5), Công an TPHCM cho biết, liên quan đến vụ 4 tiếp viên hàng không xách ma túy từ Pháp về sân bay Tân Sơn Nhất vào ngày 16/3/2023 (tức chuyên án mang bí số VN10), cơ quan công an vẫn đang mở rộng điều tra.\n\nTính đến nay, chuyên án đã lần theo “dòng chảy” của ma túy, chặt đứt hơn 500 nhánh, phân nhánh, đường dây tội phạm hoạt động tại 36 tỉnh, thành phố, khởi tố 1.529 bị can, thu giữ 568,5kg ma túy các loại, 12 khẩu súng và 67 viên đạn, 3 quả lựu đạn và nhiều vật chứng có liên quan.\n\nCông an chứng minh số tiền các đối tượng đã giao dịch mua bán ma túy lên tới hơn 29.000 tỷ đồng.\n\nĐược biết, từ khi phát hiện vụ 4 nữ tiếp viên xách ma túy về Việt Nam đến nay, ban chuyên án luôn tập trung khai thác, đối sánh thông tin, tài liệu từ các bị can để rà soát, dựng lại, phát hiện và khẩn trương đấu tranh, xử lý các đối tượng nghi vấn có liên quan.\n\nĐiển hình, từ các đối tượng bị bắt giữ trong chuyên án VN10 trước đây là Ngô Văn Minh và Phạm Nguyễn Kim Hồng (đã bị khởi tố, bắt giam vào tháng 11 và 12/2024 về tội mua bán trái phép chất ma túy), ban chuyên án VN10 đã rà dựng, phát hiện 2 băng nhóm tội phạm về ma túy…\n\nTrinh sát phát hiện 2 băng nhóm này vận chuyển ma túy với số lượng lớn để cung cấp cho các đối tượng nghiện, đối tượng sử dụng trái phép chất ma túy tại tỉnh Bình Dương và TPHCM trong dịp lễ 30/4 vừa qua.\n\nKhi thời cơ chín muồi, trong các ngày 24 và 25/4, Công an TPHCM triệt xóa thành công 2 băng nhóm nói trên, bắt giữ 27 đối tượng; thu giữ và ngăn chặn kịp thời hơn 245kg ma túy các loại chuẩn bị được các đối tượng tuồn ra xã hội.\n\nVới thành tích đặc biệt xuất sắc trên, ngày 3/5, lãnh đạo Bộ Công an gửi thư khen và trao thưởng cho các tập thể của Công an TPHCM đã tham gia chuyên án.', 'url': 'https://vietnamnet.vn/da-khoi-to-1-529-bi-can-trong-vu-4-tiep-vien-hang-khong-xach-ma-tuy-ve-viet-nam-2397386.html', 'category': 'chinh-tri', 'crawled_at': '2025-05-03T16:55:01.475275', '_id': 'https://vietnamnet.vn/da-khoi-to-1-529-bi-can-trong-vu-4-tiep-vien-hang-khong-xach-ma-tuy-ve-viet-nam-2397386.html'}}, {'index': 2, 'code': 11000, 'errmsg': 'E11000 duplicate key error collection: News.chinh-tri index: _id_ dup key: { _id: "https://vietnamnet.vn/toan-canh-le-dieu-binh-ky-niem-50-nam-thong-nhat-man-nhan-nguoi-xem-2396784.html" }', 'keyPattern': {'_id': 1}, 'keyValue': {'_id': 'https://vietnamnet.vn/toan-canh-le-dieu-binh-ky-niem-50-nam-thong-nhat-man-nhan-nguoi-xem-2396784.html'}, 'op': {'title': 'Toàn cảnh lễ diễu binh kỷ niệm 50 năm thống nhất mãn nhãn người xem', 'author': 'Không có thông tin tác giả', 'publish_date': '2025-04-30T15:09:00.000 +07:00', 'views': None, 'tags': [], 'description': 'Toàn cảnh lễ diễu binh và diễu hành diễn ra sáng 30/4/2025 tại TPHCM, kỷ niệm 50 năm ngày thống nhất đất nước. ', 'main_image': 'https://static-images.vnncdn.net/vps_images_publish/000001/000003/2025/4/30/toan-canh-le-dieu-binh-ky-niem-50-nam-thong-nhat-man-nhan-nguoi-xem-57350.jpg?width=0&s=FxHGAI1HNrlaGTDqK3PqZw', 'content': '', 'url': 'https://vietnamnet.vn/toan-canh-le-dieu-binh-ky-niem-50-nam-thong-nhat-man-nhan-nguoi-xem-2396784.html', 'category': 'chinh-tri', 'crawled_at': '2025-05-03T16:55:05.402717', '_id': 'https://vietnamnet.vn/toan-canh-le-dieu-binh-ky-niem-50-nam-thong-nhat-man-nhan-nguoi-xem-2396784.html'}}, {'index': 3, 'code': 11000, 'errmsg': 'E11000 duplicate key error collection: News.chinh-tri index: _id_ dup key: { _id: "https://vietnamnet.vn/nhung-chuc-danh-nao-se-khong-con-sau-sap-nhap-xa-2396975.html#comment" }', 'keyPattern': {'_id': 1}, 'keyValue': {'_id': 'https://vietnamnet.vn/nhung-chuc-danh-nao-se-khong-con-sau-sap-nhap-xa-2396975.html#comment'}, 'op': {'title': 'Những chức danh nào sẽ không còn sau sáp nhập xã?', 'author': 'Không có thông tin tác giả', 'publish_date': '2025-05-02T07:51:00.000 +07:00', 'views': None, 'tags': [], 'description': 'Sau sáp nhập xã, cấp xã sẽ rộng hơn về diện tích, được mở rộng về quyền hạn khi tiếp nhận toàn bộ nhiệm vụ từ cấp huyện và thêm phân cấp, phân quyền từ cấp tỉnh.', 'main_image': 'https://static-images.vnncdn.net/vps_images_publish/000001/000003/2025/5/2/nhung-chuc-danh-nao-se-khong-con-sau-sap-nhap-xa-29088.jpg?width=0&s=4GOCelYgKKZ3OguWKEPZfg', 'content': 'Thế Vinh\n\nTheo đề án sắp xếp, tổ chức lại đơn vị hành chính các cấp và xây dựng mô hình tổ chức chính quyền địa phương 2 cấp tại Quyết định 759 của Chính phủ, quy mô đơn vị hành chính cấp xã sausáp nhậpsẽ lớn hơn và nhiệm vụ, quyền hạn của chính quyền địa phương cấp xã cũng tăng lên.\n\nCấp xã sau sắp xếp sẽ rộng hơn về diện tích, được mở rộng về quyền hạn khi tiếp nhận toàn bộ nhiệm vụ từ cấp huyện và thêm phân cấp, phân quyền từ cấp tỉnh.\n\nTrong đó, Chính phủ dự kiến kết thúc việc sử dụngngười hoạt động không chuyên trách ở cấp xãkể từ ngày 1/8.\n\nSố cán bộ không chuyên trách sẽ được chính quyền địa phương xem xét, sắp xếp công tác tại thôn, tổ dân phố nếu đáp ứng đủ điều kiện. Những người không thể bố trí công tác thì thực hiện chính sách nghỉ việc.\n\nTheo Nghị định 33 của Chính phủ về chức danh người hoạt động không chuyên trách ở cấp xã, số lượng cán bộ không chuyên trách cấp xã được tính theo loại đơn vị hành chính cấp xã, cụ thể: loại 1 là 14 người; loại 2 là 12 người; loại 3 là 10 người.\n\nChức danh đối với cán bộ không chuyên trách do UBND cấp tỉnh trình HĐND cùng cấp quyết định cụ thể.\n\nChẳng hạn, theo Nghị quyết 18/2023, TP Hà Nội có 10 chức danh người hoạt động không chuyên trách, gồm: Văn phòng Đảng ủy cấp xã; Phụ trách công tác truyền thanh cấp xã; phó Chỉ huy trưởng Quân sự; Phó Chủ tịch Mặt trận Tổ quốc; Phó Chủ tịch Hội Cựu chiến binh; Phó Chủ tịch Hội Liên hiệp Phụ nữ; Phó Chủ tịch Hội Nông dân; Phó Bí thư Đoàn Thanh niên cộng sản Hồ Chí Minh; Chủ tịch Hội Người cao tuổi; Chủ tịch Hội Chữ thập đỏ ở xã.\n\nTrong khi đó, tỉnh Đồng Tháp có 14 chức danh không chuyên trách (căn cứ Nghị \xa0quyết 43/2023); còn TPHCM quy định 17 chức danh không chuyên trách cấp xã (theo Nghị quyết 02/2024).\n\nNhư vậy sau khi sáp nhập, những chức danh cán bộ không chuyên trách cấp xã nêu trên sẽ kết thúc hoạt động.\n\nCũng theo Quyết định 759, Chính phủ dự kiến UBND cấp xã mới sau sáp nhập được tổ chức tối đa 4 phòng chuyên môn và tương đương phù hợp với đặc điểm đô thị, nông thôn, hải đảo (đặc khu), gồm: Văn phòng HĐND và UBND; Phòng Kinh tế/Kinh tế, hạ tầng đô thị; Phòng Văn hóa - Xã hội và Trung tâm phục vụ hành chính công.\n\nÔng Phan Trung Tuấn, Vụ trưởng Vụ Chính quyền địa phương, Bộ Nội vụ cho biết, tính trung bình hiện nay mỗi xã có khoảng 12 người hoạt động không chuyên trách, trong khi chúng ta đang có hơn 10.000 xã. Như vậy sơ bộ có thể tính được số người hoạt động không chuyên trách ở cấp xã hiện nay khoảng hơn 120.000 người.', 'url': 'https://vietnamnet.vn/nhung-chuc-danh-nao-se-khong-con-sau-sap-nhap-xa-2396975.html#comment', 'category': 'chinh-tri', 'crawled_at': '2025-05-03T16:55:09.835696', '_id': 'https://vietnamnet.vn/nhung-chuc-danh-nao-se-khong-con-sau-sap-nhap-xa-2396975.html#comment'}}, {'index': 4, 'code': 11000, 'errmsg': 'E11000 duplicate key error collection: News.chinh-tri index: _id_ dup key: { _id: "https://vietnamnet.vn/tuyet-roi-day-o-moscow-doan-quan-doi-nhan-dan-viet-nam-tiep-tuc-luyen-tap-2397219.html" }', 'keyPattern': {'_id': 1}, 'keyValue': {'_id': 'https://vietnamnet.vn/tuyet-roi-day-o-moscow-doan-quan-doi-nhan-dan-viet-nam-tiep-tuc-luyen-tap-2397219.html'}, 'op': {'title': 'Tuyết rơi dày ở Moscow, đoàn Quân đội nhân dân Việt Nam tiếp tục luyện tập', 'author': 'Không có thông tin tác giả', 'publish_date': '2025-05-02T21:40:00.000 +07:00', 'views': None, 'tags': [], 'description': 'Trong điều kiện thời tiết đặc biệt, đoàn Quân đội nhân dân Việt Nam tham gia lễ duyệt binh trên Quảng trường Đỏ vẫn khắc phục khó khăn, tiếp tục luyện tập.', 'main_image': 'https://static-images.vnncdn.net/vps_images_publish/000001/000003/2025/5/2/tuyet-roi-day-o-moscow-doan-quan-doi-nhan-dan-viet-nam-tiep-tuc-luyen-tap-95993.jpg?width=0&s=64RWMMMqcxUxUbV7x7X0PQ', 'content': 'Sáng 2/5 (giờ Moscow), thời tiết có sự biến động mạnh. Chỉ sau một đêm, tuyết rơi dày phủ kín khắp nơi, dù nhiệt độ ngoài trời ở mức 3 độ C không thấp hơn so với những ngày trước. Ngay trên quãng đường tập thường ngày, lớp tuyết phủ dày khoảng 15cm, gây khó khăn cho việc đi lại.\n\nĐây là tình huống thời tiết đặc biệt mà các cán bộ, học viên trong đội hình khối tham gia lễ duyệt binh chưa từng gặp trong môi trường tập luyện ở Việt Nam.\n\nSau khi trao đổi với các sĩ quan liên lạc của phía bạn, Thiếu tướng Nguyễn Văn Thanh - Trưởng đoàn Quân đội nhân dân Việt Nam - quyết định tận dụng sảnh hiên có mái che tại khu vực nơi ở của đoàn để khối quân nhân tiếp tục tập luyện trong lúc chờ tình hình thời tiết tốt lên.\n\nCùng lúc, phía Ban tổ chức đã huy động lực lượng nhân viên cùng xe dọn tuyết dọn dẹp đường đi ngay trong buổi sáng, nhằm bảo đảm cho đoàn quân đội các nước có thể tiến hành luyện tập.\n\nNhờ đó, đến khoảng 10h, đoàn Quân đội nhân dân Việt Nam và đoàn các nước đã có thể triển khai đội hình, tiếp tục luyện tập ngoài trời như thường lệ.\n\nDưới đây là hình ảnh đoàn Quân đội nhân dân Việt Nam luyện tập trong ngày 2/5.\n\nBộ đội tận dụng địa hình luyện tập trong sảnh có mái che\n\nTập luyện trong điều kiện tuyết rơi dày\n\nTheo báo Quân đội nhân dân', 'url': 'https://vietnamnet.vn/tuyet-roi-day-o-moscow-doan-quan-doi-nhan-dan-viet-nam-tiep-tuc-luyen-tap-2397219.html', 'category': 'chinh-tri', 'crawled_at': '2025-05-03T16:55:14.277004', '_id': 'https://vietnamnet.vn/tuyet-roi-day-o-moscow-doan-quan-doi-nhan-dan-viet-nam-tiep-tuc-luyen-tap-2397219.html'}}], 'writeConcernErrors': [], 'nInserted': 0, 'nUpserted': 0, 'nMatched': 0, 'nModified': 0, 'nRemoved': 0, 'upserted': []}
[2025-05-03T16:55:15.430+0000] {python.py:237} INFO - Done. Returned value was: None
[2025-05-03T16:55:15.431+0000] {taskinstance.py:441} INFO - ::group::Post task execution logs
[2025-05-03T16:55:15.437+0000] {taskinstance.py:1206} INFO - Marking task as SUCCESS. dag_id=vietnamnet_multi_category_crawler, task_id=crawl_chinh-tri, run_id=manual__2025-05-03T16:54:46.316743+00:00, execution_date=20250503T165446, start_date=20250503T165448, end_date=20250503T165515
[2025-05-03T16:55:15.475+0000] {local_task_job_runner.py:240} INFO - Task exited with return code 0
[2025-05-03T16:55:15.495+0000] {taskinstance.py:3503} INFO - 1 downstream tasks scheduled from follow-on schedule check
[2025-05-03T16:55:15.497+0000] {local_task_job_runner.py:222} INFO - ::endgroup::
