[2025-05-03T15:27:09.979+0000] {local_task_job_runner.py:120} INFO - ::group::Pre task execution logs
[2025-05-03T15:27:10.005+0000] {taskinstance.py:2076} INFO - Dependencies all met for dep_context=non-requeueable deps ti=<TaskInstance: vietnamnet_multi_category_crawler.crawl_thoi-su manual__2025-05-03T15:26:29.107710+00:00 [queued]>
[2025-05-03T15:27:10.015+0000] {taskinstance.py:2076} INFO - Dependencies all met for dep_context=requeueable deps ti=<TaskInstance: vietnamnet_multi_category_crawler.crawl_thoi-su manual__2025-05-03T15:26:29.107710+00:00 [queued]>
[2025-05-03T15:27:10.016+0000] {taskinstance.py:2306} INFO - Starting attempt 1 of 2
[2025-05-03T15:27:10.032+0000] {taskinstance.py:2330} INFO - Executing <Task(PythonOperator): crawl_thoi-su> on 2025-05-03 15:26:29.107710+00:00
[2025-05-03T15:27:10.038+0000] {warnings.py:112} WARNING - /home/***/.local/lib/python3.12/site-packages/***/task/task_runner/standard_task_runner.py:61: DeprecationWarning: This process (pid=1835) is multi-threaded, use of fork() may lead to deadlocks in the child.
  pid = os.fork()

[2025-05-03T15:27:10.040+0000] {standard_task_runner.py:63} INFO - Started process 1847 to run task
[2025-05-03T15:27:10.041+0000] {standard_task_runner.py:90} INFO - Running: ['***', 'tasks', 'run', 'vietnamnet_multi_category_crawler', 'crawl_thoi-su', 'manual__2025-05-03T15:26:29.107710+00:00', '--job-id', '5', '--raw', '--subdir', 'DAGS_FOLDER/dags.py', '--cfg-path', '/tmp/tmp0b96dpvu']
[2025-05-03T15:27:10.044+0000] {standard_task_runner.py:91} INFO - Job 5: Subtask crawl_thoi-su
[2025-05-03T15:27:10.103+0000] {task_command.py:426} INFO - Running <TaskInstance: vietnamnet_multi_category_crawler.crawl_thoi-su manual__2025-05-03T15:26:29.107710+00:00 [running]> on host 35c23d20a97a
[2025-05-03T15:27:10.197+0000] {taskinstance.py:2648} INFO - Exporting env vars: AIRFLOW_CTX_DAG_OWNER='***' AIRFLOW_CTX_DAG_ID='vietnamnet_multi_category_crawler' AIRFLOW_CTX_TASK_ID='crawl_thoi-su' AIRFLOW_CTX_EXECUTION_DATE='2025-05-03T15:26:29.107710+00:00' AIRFLOW_CTX_TRY_NUMBER='1' AIRFLOW_CTX_DAG_RUN_ID='manual__2025-05-03T15:26:29.107710+00:00'
[2025-05-03T15:27:10.198+0000] {taskinstance.py:430} INFO - ::endgroup::
[2025-05-03T15:27:11.005+0000] {logging_mixin.py:188} INFO - [INIT].... → Crawl4AI 0.6.2
[2025-05-03T15:27:14.519+0000] {logging_mixin.py:188} INFO - [FETCH]... ↓ https://vietnamnet.vn/thoi-su                                                                        | 
[2025-05-03T15:27:14.520+0000] {logging_mixin.py:188} INFO - ✓
[2025-05-03T15:27:14.521+0000] {logging_mixin.py:188} INFO -  | ⏱: 3.39s
[2025-05-03T15:27:14.832+0000] {logging_mixin.py:188} INFO - [SCRAPE].. ◆ https://vietnamnet.vn/thoi-su                                                                        | 
[2025-05-03T15:27:14.833+0000] {logging_mixin.py:188} INFO - ✓
[2025-05-03T15:27:14.833+0000] {logging_mixin.py:188} INFO -  | ⏱: 
[2025-05-03T15:27:14.834+0000] {logging_mixin.py:188} INFO - 0.31
[2025-05-03T15:27:14.834+0000] {logging_mixin.py:188} INFO - s
[2025-05-03T15:27:14.836+0000] {logging_mixin.py:188} INFO - [COMPLETE] ● https://vietnamnet.vn/thoi-su                                                                        | 
[2025-05-03T15:27:14.836+0000] {logging_mixin.py:188} INFO - ✓
[2025-05-03T15:27:14.837+0000] {logging_mixin.py:188} INFO -  | ⏱: 3.71s
[2025-05-03T15:27:14.944+0000] {logging_mixin.py:188} INFO - Tìm thấy 48 link bài viết (trước khi lọc trùng trong DB)
[2025-05-03T15:27:15.931+0000] {logging_mixin.py:188} INFO - 39 bài viết mới cần crawl
[2025-05-03T15:27:16.127+0000] {logging_mixin.py:188} INFO - Đang crawl 5 bài viết từ danh mục thoi-su...
[2025-05-03T15:27:16.127+0000] {logging_mixin.py:188} INFO - --> Crawl: https://vietnamnet.vn/nhan-vat-dac-biet-bi-truy-to-trong-vu-an-tap-doan-phuc-son-2396488.html
[2025-05-03T15:27:16.740+0000] {logging_mixin.py:188} INFO - [INIT].... → Crawl4AI 0.6.2
[2025-05-03T15:27:20.150+0000] {logging_mixin.py:188} INFO - [FETCH]... ↓ https://vietnamnet.vn/nhan-vat-dac-biet-bi-truy-to-trong-vu-an-tap-doan-phuc-son-2396488.html        | 
[2025-05-03T15:27:20.151+0000] {logging_mixin.py:188} INFO - ✓
[2025-05-03T15:27:20.152+0000] {logging_mixin.py:188} INFO -  | ⏱: 3.33s
[2025-05-03T15:27:20.375+0000] {logging_mixin.py:188} INFO - [SCRAPE].. ◆ https://vietnamnet.vn/nhan-vat-dac-biet-bi-truy-to-trong-vu-an-tap-doan-phuc-son-2396488.html        | 
[2025-05-03T15:27:20.376+0000] {logging_mixin.py:188} INFO - ✓
[2025-05-03T15:27:20.377+0000] {logging_mixin.py:188} INFO -  | ⏱: 0.22s
[2025-05-03T15:27:20.378+0000] {logging_mixin.py:188} INFO - [COMPLETE] ● https://vietnamnet.vn/nhan-vat-dac-biet-bi-truy-to-trong-vu-an-tap-doan-phuc-son-2396488.html        | 
[2025-05-03T15:27:20.379+0000] {logging_mixin.py:188} INFO - ✓
[2025-05-03T15:27:20.379+0000] {logging_mixin.py:188} INFO -  | ⏱: 3.56s
[2025-05-03T15:27:20.987+0000] {logging_mixin.py:188} INFO -     ✓ ‘Nhân vật đặc biệt’ bị truy tố trong vụ án Tập đoàn Phúc Sơn...
[2025-05-03T15:27:20.988+0000] {logging_mixin.py:188} INFO - --> Crawl: https://vietnamnet.vn/tphcm-ron-rang-chuan-bi-cho-ngay-hoi-thong-nhat-non-song-2396277.html
[2025-05-03T15:27:21.608+0000] {logging_mixin.py:188} INFO - [INIT].... → Crawl4AI 0.6.2
[2025-05-03T15:27:26.113+0000] {logging_mixin.py:188} INFO - [FETCH]... ↓ https://vietnamnet.vn/tphcm-ron-rang-chuan-bi-cho-ngay-hoi-thong-nhat-non-song-2396277.html          | 
[2025-05-03T15:27:26.113+0000] {logging_mixin.py:188} INFO - ✓
[2025-05-03T15:27:26.114+0000] {logging_mixin.py:188} INFO -  | ⏱: 4.41s
[2025-05-03T15:27:26.265+0000] {logging_mixin.py:188} INFO - [SCRAPE].. ◆ https://vietnamnet.vn/tphcm-ron-rang-chuan-bi-cho-ngay-hoi-thong-nhat-non-song-2396277.html          | 
[2025-05-03T15:27:26.266+0000] {logging_mixin.py:188} INFO - ✓
[2025-05-03T15:27:26.267+0000] {logging_mixin.py:188} INFO -  | ⏱: 
[2025-05-03T15:27:26.267+0000] {logging_mixin.py:188} INFO - 0.15
[2025-05-03T15:27:26.268+0000] {logging_mixin.py:188} INFO - s
[2025-05-03T15:27:26.269+0000] {logging_mixin.py:188} INFO - [COMPLETE] ● https://vietnamnet.vn/tphcm-ron-rang-chuan-bi-cho-ngay-hoi-thong-nhat-non-song-2396277.html          | 
[2025-05-03T15:27:26.269+0000] {logging_mixin.py:188} INFO - ✓
[2025-05-03T15:27:26.270+0000] {logging_mixin.py:188} INFO -  | ⏱: 4.57s
[2025-05-03T15:27:26.639+0000] {logging_mixin.py:188} INFO -     ✓ TPHCM rộn ràng chuẩn bị cho "ngày hội thống nhất non sông"...
[2025-05-03T15:27:26.639+0000] {logging_mixin.py:188} INFO - --> Crawl: https://vietnamnet.vn/thu-tuong-xuc-dong-tri-an-cac-chien-si-cuu-tu-chinh-tri-o-con-dao-2397358.html
[2025-05-03T15:27:27.248+0000] {logging_mixin.py:188} INFO - [INIT].... → Crawl4AI 0.6.2
[2025-05-03T15:27:31.226+0000] {logging_mixin.py:188} INFO - [FETCH]... ↓ https://vietnamnet.vn/thu-tuong-xuc-dong-tri-an-cac-chien-si-cuu-tu-chinh-tri-o-con-dao-2397358.html | 
[2025-05-03T15:27:31.227+0000] {logging_mixin.py:188} INFO - ✓
[2025-05-03T15:27:31.227+0000] {logging_mixin.py:188} INFO -  | ⏱: 3.90s
[2025-05-03T15:27:31.479+0000] {logging_mixin.py:188} INFO - [SCRAPE].. ◆ https://vietnamnet.vn/thu-tuong-xuc-dong-tri-an-cac-chien-si-cuu-tu-chinh-tri-o-con-dao-2397358.html | 
[2025-05-03T15:27:31.480+0000] {logging_mixin.py:188} INFO - ✓
[2025-05-03T15:27:31.480+0000] {logging_mixin.py:188} INFO -  | ⏱: 
[2025-05-03T15:27:31.481+0000] {logging_mixin.py:188} INFO - 0.25
[2025-05-03T15:27:31.482+0000] {logging_mixin.py:188} INFO - s
[2025-05-03T15:27:31.484+0000] {logging_mixin.py:188} INFO - [COMPLETE] ● https://vietnamnet.vn/thu-tuong-xuc-dong-tri-an-cac-chien-si-cuu-tu-chinh-tri-o-con-dao-2397358.html | 
[2025-05-03T15:27:31.485+0000] {logging_mixin.py:188} INFO - ✓
[2025-05-03T15:27:31.485+0000] {logging_mixin.py:188} INFO -  | ⏱: 4.16s
[2025-05-03T15:27:31.969+0000] {logging_mixin.py:188} INFO -     ✓ Thủ tướng xúc động, tri ân các chiến sĩ cựu tù chính trị ở C...
[2025-05-03T15:27:31.970+0000] {logging_mixin.py:188} INFO - --> Crawl: https://vietnamnet.vn/nghe-chong-noi-chem-chet-cop-doi-lot-nguoi-vo-trinh-bao-cong-an-2397343.html
[2025-05-03T15:27:32.669+0000] {logging_mixin.py:188} INFO - [INIT].... → Crawl4AI 0.6.2
[2025-05-03T15:27:37.506+0000] {logging_mixin.py:188} INFO - [FETCH]... ↓ https://vietnamnet.vn/nghe-chong-noi-chem-chet-cop-doi-lot-nguoi-vo-trinh-bao-cong-an-2397343.html   | 
[2025-05-03T15:27:37.507+0000] {logging_mixin.py:188} INFO - ✓
[2025-05-03T15:27:37.507+0000] {logging_mixin.py:188} INFO -  | ⏱: 4.71s
[2025-05-03T15:27:37.779+0000] {logging_mixin.py:188} INFO - [SCRAPE].. ◆ https://vietnamnet.vn/nghe-chong-noi-chem-chet-cop-doi-lot-nguoi-vo-trinh-bao-cong-an-2397343.html   | 
[2025-05-03T15:27:37.779+0000] {logging_mixin.py:188} INFO - ✓
[2025-05-03T15:27:37.780+0000] {logging_mixin.py:188} INFO -  | ⏱: 
[2025-05-03T15:27:37.781+0000] {logging_mixin.py:188} INFO - 0.27
[2025-05-03T15:27:37.781+0000] {logging_mixin.py:188} INFO - s
[2025-05-03T15:27:37.783+0000] {logging_mixin.py:188} INFO - [COMPLETE] ● https://vietnamnet.vn/nghe-chong-noi-chem-chet-cop-doi-lot-nguoi-vo-trinh-bao-cong-an-2397343.html   | 
[2025-05-03T15:27:37.783+0000] {logging_mixin.py:188} INFO - ✓
[2025-05-03T15:27:37.784+0000] {logging_mixin.py:188} INFO -  | ⏱: 4.99s
[2025-05-03T15:27:38.271+0000] {logging_mixin.py:188} INFO -     ✓ Nghe chồng nói 'chém chết cọp đội lốt người', vợ trình báo c...
[2025-05-03T15:27:38.272+0000] {logging_mixin.py:188} INFO - --> Crawl: https://vietnamnet.vn/sau-sap-nhap-du-kien-cap-tinh-giam-18-440-bien-che-cap-xa-giam-110-780-bien-che-2397320.html
[2025-05-03T15:27:38.957+0000] {logging_mixin.py:188} INFO - [INIT].... → Crawl4AI 0.6.2
[2025-05-03T15:27:43.175+0000] {logging_mixin.py:188} INFO - [FETCH]... ↓ https://vietnamnet.vn/sau-sap-nhap-du-kien-cap-t...en-che-cap-xa-giam-110-780-bien-che-2397320.html  | 
[2025-05-03T15:27:43.176+0000] {logging_mixin.py:188} INFO - ✓
[2025-05-03T15:27:43.177+0000] {logging_mixin.py:188} INFO -  | ⏱: 4.15s
[2025-05-03T15:27:43.476+0000] {logging_mixin.py:188} INFO - [SCRAPE].. ◆ https://vietnamnet.vn/sau-sap-nhap-du-kien-cap-t...en-che-cap-xa-giam-110-780-bien-che-2397320.html  | 
[2025-05-03T15:27:43.476+0000] {logging_mixin.py:188} INFO - ✓
[2025-05-03T15:27:43.477+0000] {logging_mixin.py:188} INFO -  | ⏱: 0.30s
[2025-05-03T15:27:43.479+0000] {logging_mixin.py:188} INFO - [COMPLETE] ● https://vietnamnet.vn/sau-sap-nhap-du-kien-cap-t...en-che-cap-xa-giam-110-780-bien-che-2397320.html  | 
[2025-05-03T15:27:43.480+0000] {logging_mixin.py:188} INFO - ✓
[2025-05-03T15:27:43.480+0000] {logging_mixin.py:188} INFO -  | ⏱: 4.45s
[2025-05-03T15:27:44.180+0000] {logging_mixin.py:188} INFO -     ✓ Sau sáp nhập dự kiến cấp tỉnh giảm 18.440 biên chế, cấp xã g...
[2025-05-03T15:27:44.181+0000] {logging_mixin.py:188} INFO - ⏱️  Tổng thời gian crawl: 33.97 giây
[2025-05-03T15:27:44.962+0000] {logging_mixin.py:188} INFO - Lỗi khi lưu dữ liệu vào MongoDB: batch op errors occurred, full error: {'writeErrors': [{'index': 0, 'code': 11000, 'errmsg': 'E11000 duplicate key error collection: News.thoi-su index: _id_ dup key: { _id: "https://vietnamnet.vn/nhan-vat-dac-biet-bi-truy-to-trong-vu-an-tap-doan-phuc-son-2396488.html" }', 'keyPattern': {'_id': 1}, 'keyValue': {'_id': 'https://vietnamnet.vn/nhan-vat-dac-biet-bi-truy-to-trong-vu-an-tap-doan-phuc-son-2396488.html'}, 'op': {'title': '‘Nhân vật đặc biệt’ bị truy tố trong vụ án Tập đoàn Phúc Sơn', 'author': 'Không có thông tin tác giả', 'publish_date': '2025-05-03T05:43:00.000 +07:00', 'views': None, 'tags': [], 'description': 'Trong số 41 người bị truy tố trong vụ án Tập đoàn Phúc Sơn, có một nhân vật đặc biệt khi từng là hiệu trưởng trường về văn hóa nghệ thuật.', 'main_image': 'https://static-images.vnncdn.net/vps_images_publish/000001/000003/2025/5/2/nhan-vat-dac-biet-bi-truy-to-trong-vu-an-tap-doan-phuc-son-87897.png?width=0&s=CnnAYjAn6vNouyzRLvkSgg', 'content': 'T.Nhung\n\nTháng 6/2008, UBND tỉnh Vĩnh Phúc phê duyệt dự án xây dựng Trường Văn hóa nghệ thuật với tổng mức đầu tư 78,67 tỷ đồng, giao Trường Trung học Văn hóa nghệ thuật tỉnh Vĩnh Phúc làm chủ đầu tư.\n\nSau khi biết được thông tin trên, Chủ tịch Tập đoàn Phúc SơnNguyễn Văn Hậuđã liên hệ, đặt vấn đề và được ông Nguyễn Xuân Nhâm (khi đó là hiệu trưởng nhà trường, đại diện chủ đầu tư) đồng ý tạo điều kiện cho Tập đoàn Phúc Sơn được tham gia thi công dự án.\n\nÔng Nhâm đồng ý cho Tập đoàn Phúc Sơn cung cấp hồ sơ năng lực để làm căn cứ xây dựng hồ sơ mời thầu; đồng thời, cho xây dựng hồ sơ mời thầu với các tiêu chí thấp hơn so với quy định.\n\nTháng 10/2008, ông Nhâm ký tờ trình đề nghị phê duyệt hồ sơ mời thầu gói thầu số 2 của dự án và được UBND tỉnh Vĩnh Phúc phê duyệt.\n\nTheo cáo buộc, sau khi thiết kế bản vẽ thi công, dự toán của dự án được phê duyệt, tháng 10/2008, Hậu “Pháo” đề nghị và được hiệu trưởng tiết lộ thông tin, dự toán gói thầu.\n\nTừ thông tin được ông Nhâm tiết lộ, Chủ tịch Tập đoàn Phúc Sơn chỉ đạo nhân viên lập các báo cáo tài chính nâng khống doanh thu để hợp thức năng lực tài chính.\n\nÔng Hậu còn chỉ đạo cấp dưới sử dụng các hợp đồng xây lắp không đạt yêu cầu về giá trị, không có xác nhận khối lượng hoàn thành của chủ đầu tư để hợp thức năng lực kinh nghiệm thi công công trình tương tự; sử dụng pháp nhân 4 công ty nộp hồ sơ dự thầu với vai trò “quân xanh, quân đỏ” để Tập đoàn Phúc Sơn được xét trúng thầu.\n\nSau khi Tập đoàn Phúc Sơn nộp hồ sơ dự thầu, dù biết rõ công ty này không đảm bảo năng lực tài chính, kinh nghiệm thi công nhưng ông Nhâm vẫn ký đề nghị phê duyệt kết quả đấu thầu, giúp Tập đoàn Phúc Sơn được trúng thầu thi công với giá trúng thầu sát giá dự toán (dự toán gói thầu 22,688 tỷ đồng, giá trị trúng thầu 22,502 tỷ đồng).\n\nÔng Nhâm đã ký hợp đồng kinh tế với Hậu "Pháo" để Tập đoàn Phúc Sơn thi công gói thầu số 2 trị giá hơn 22 tỷ đồng. Sau đó, giá trị hợp đồng được điều chỉnh lên hơn 35 tỷ đồng.\n\nKết quả điều tra xác định, quá trình thi công, ông Nhâm không thực hiện nhiệm vụ quản lý, giám sát của chủ đầu tư, tiếp tục tạo điều kiện cho Tập đoàn Phúc Sơn chuyển nhượng toàn bộ khối lượng gói thầu cho Công ty TNHH Xây dựng & Thương mại Phúc Sơn 4, là công ty không được phê duyệt làm nhà thầu phụ thi công.\n\nSau đó, ông Hậu đã yêu cầu đơn vị thi công cắt lại % từ khối lượng hoàn thành thi công để Tập đoàn Phúc Sơn hưởng lợi bất chính, gây thiệt hại cho tài sản nhà nước hơn 3,1 tỷ đồng từ nguồn thanh toán của chủ đầu tư. Qua đó, Hậu "Pháo" đã chuyển cho ông Nhâm 50 triệu đồng.\n\nTrong vụ án này, ông Nhâm bị truy tố về tội "Vi phạm quy định về đấu thầu gây hậu quả nghiêm trọng".', 'url': 'https://vietnamnet.vn/nhan-vat-dac-biet-bi-truy-to-trong-vu-an-tap-doan-phuc-son-2396488.html', 'category': 'thoi-su', 'crawled_at': '2025-05-03T15:27:20.804965', '_id': 'https://vietnamnet.vn/nhan-vat-dac-biet-bi-truy-to-trong-vu-an-tap-doan-phuc-son-2396488.html'}}, {'index': 1, 'code': 11000, 'errmsg': 'E11000 duplicate key error collection: News.thoi-su index: _id_ dup key: { _id: "https://vietnamnet.vn/tphcm-ron-rang-chuan-bi-cho-ngay-hoi-thong-nhat-non-song-2396277.html" }', 'keyPattern': {'_id': 1}, 'keyValue': {'_id': 'https://vietnamnet.vn/tphcm-ron-rang-chuan-bi-cho-ngay-hoi-thong-nhat-non-song-2396277.html'}, 'op': {'title': 'TPHCM rộn ràng chuẩn bị cho "ngày hội thống nhất non sông"', 'author': 'Không có thông tin tác giả', 'publish_date': '2025-04-29T14:59:43.000 +07:00', 'views': None, 'tags': [], 'description': 'Và trái tim của sự kiện, TPHCM, mang trong mình niềm tự hào của một đô thị anh hùng, hiện đại, đang từng ngày, từng giờ rộn ràng chuẩn bị cho bản hoà ca hùng tráng... 50 năm', 'main_image': 'https://static-images.vnncdn.net/vps_images_publish/000001/000003/2025/4/29/tphcm-ron-rang-chuan-bi-cho-ngay-hoi-thong-nhat-non-song-74579.jpg?width=0&s=ZBHUPGNRnGttb0iD6VHK_Q', 'content': 'Sự chuẩn bị kỹ lưỡng, tinh thần trách nhiệm cao và niềm tự hào dân tộc sẽ là động lực mạnh mẽ để các lực lượng hoàn thành xuất sắc nhiệm vụ tại TPHCM trong ngày 30 tháng 4 lịch sử - Lễ kỷ niệm 50 năm Ngày thống nhất đất nước.', 'url': 'https://vietnamnet.vn/tphcm-ron-rang-chuan-bi-cho-ngay-hoi-thong-nhat-non-song-2396277.html', 'category': 'thoi-su', 'crawled_at': '2025-05-03T15:27:26.436971', '_id': 'https://vietnamnet.vn/tphcm-ron-rang-chuan-bi-cho-ngay-hoi-thong-nhat-non-song-2396277.html'}}, {'index': 3, 'code': 11000, 'errmsg': 'E11000 duplicate key error collection: News.thoi-su index: _id_ dup key: { _id: "https://vietnamnet.vn/nghe-chong-noi-chem-chet-cop-doi-lot-nguoi-vo-trinh-bao-cong-an-2397343.html" }', 'keyPattern': {'_id': 1}, 'keyValue': {'_id': 'https://vietnamnet.vn/nghe-chong-noi-chem-chet-cop-doi-lot-nguoi-vo-trinh-bao-cong-an-2397343.html'}, 'op': {'title': "Nghe chồng nói 'chém chết cọp đội lốt người', vợ trình báo công an", 'author': 'Không có thông tin tác giả', 'publish_date': '2025-05-03T17:21:40.000 +07:00', 'views': None, 'tags': [], 'description': "Người đàn ông xông vào nghĩa trang sát hại nhân viên bảo vệ, sau đó về kể với vợ là ''chém chết con cọp đội lốt người''.", 'main_image': 'https://static-images.vnncdn.net/vps_images_publish/000001/000003/2025/5/3/nghe-chong-noi-chem-chet-cop-doi-lot-nguoi-vo-trinh-bao-cong-an-78939.jpg?width=0&s=8qGMcytHXXcRVnnjYvbqtA', 'content': 'Hôm nay (3/5), Phòng Cảnh sát hình sự - Công an tỉnh Bình Dương cho biết, đơn vị đã xác định được nghi phạm gây ra vụ án mạng làm 1 người tử vong tại nghĩa trang.\n\nNạn nhân\xa0trong vụ án này là ông T.D.L. (SN 1971, ngụ phường Bình An, TP Dĩ An, tỉnh Bình Dương), nhân viên bảo vệ tại nghĩa trang phường Bình An.\n\nTheo điều tra ban đầu của cơ quan công an, vào khoảng 23h ngày 30/4, Lê Văn Lợi (SN 1990, quê tỉnh Bình Thuận, trú TP Thủ Đức, TPHCM) mang theo một con dao xông vào chốt bảo vệ của nghĩa trang phường Bình An.\n\nTiếp đó, Lợi bất ngờ chém nhiều nhát vào người ông L. khiến nạn nhân tử vong rồi rời khỏi hiện trường.\n\nKhi Lợi trở về nhà, người vợ hỏi về việc máu dính trên người thì Lợi nói “mới chém con cọp đội lốt người”.\n\nNghi ngờ có chuyện bất thường, vợ của Lợi đã trình báo sự việc tới cơ quan công an.\n\nQua truy xét, cơ quan điều tra xác định nghi phạm chém chết ông L. là Lợi.\n\nTheo hồ sơ bệnh án do gia đình cung cấp, Lê Văn Lợi có biểu hiện bị bệnh trầm cảm nặng, có triệu chứng loạn thần từ đầu năm 2024 đến nay. Do Lợi không kiểm soát được hành vi của bản thân nên mới dẫn đến sự việc trên.', 'url': 'https://vietnamnet.vn/nghe-chong-noi-chem-chet-cop-doi-lot-nguoi-vo-trinh-bao-cong-an-2397343.html', 'category': 'thoi-su', 'crawled_at': '2025-05-03T15:27:38.087702', '_id': 'https://vietnamnet.vn/nghe-chong-noi-chem-chet-cop-doi-lot-nguoi-vo-trinh-bao-cong-an-2397343.html'}}, {'index': 4, 'code': 11000, 'errmsg': 'E11000 duplicate key error collection: News.thoi-su index: _id_ dup key: { _id: "https://vietnamnet.vn/sau-sap-nhap-du-kien-cap-tinh-giam-18-440-bien-che-cap-xa-giam-110-780-bien-che-2397320.html" }', 'keyPattern': {'_id': 1}, 'keyValue': {'_id': 'https://vietnamnet.vn/sau-sap-nhap-du-kien-cap-tinh-giam-18-440-bien-che-cap-xa-giam-110-780-bien-che-2397320.html'}, 'op': {'title': 'Sau sáp nhập dự kiến cấp tỉnh giảm 18.440 biên chế, cấp xã giảm 110.780 biên chế', 'author': 'Không có thông tin tác giả', 'publish_date': '2025-05-03T14:50:00.000 +07:00', 'views': None, 'tags': [], 'description': 'Dự kiến sau sắp xếp, sáp nhập, cấp tỉnh sẽ giảm hơn 18.440 biên chế và cấp xã sẽ giảm hơn 110.780 biên chế cán bộ, công chức so với tổng số biên chế.', 'main_image': 'https://static-images.vnncdn.net/vps_images_publish/000001/000003/2025/5/3/sau-sap-nhap-du-kien-cap-tinh-giam-18440-bien-che-cap-xa-giam-110-66971.jpg?width=0&s=GDXD_7n_hhDN15HoiPx-jQ', 'content': 'Trần Thường\n\nSáng 3/5, Tổng Bí thư Tô Lâm chủ trì cuộc họp của Bộ Chính trị, Ban Bí thư cho ý kiến về tình hình, tiến độ thực hiện Nghị quyết Trung ương 11 khóa 13, các kết luận của Bộ Chính trị, Ban Bí thư về sắp xếp tổ chức bộ máy và đơn vị hành chính các cấp.\n\nĐiều chuyển hơn 22.350 biên chế từ cấp huyện về cấp xã\n\nTừ sau Hội nghị Trung ương 11 đến nay, các đảng ủy Chính phủ, Quốc hội, MTTQ, các đoàn thể Trung ương, các cơ quan của Đảng ở Trung ương đã khẩn trương tham mưu ban hành và ban hành theo thẩm quyền các văn bản chỉ đạo, hướng dẫn, cụ thể hóa nội dung, nhiệm vụ triển khai; phối hợp chặt chẽ với các cơ quan, đơn vị, địa phương.\n\nCác cơ quan đã kịp thời tham gia hướng dẫn, điều chỉnh phương án sắp xếp bảo đảm bám sát định hướng chỉ đạo, yêu cầu, tiến độ đề ra, góp phần tạo điều kiện thuận lợi trong quá trình triển khai thực hiện Nghị quyết Trung ương và nắm tình hình, kết quả thực hiện...\n\nCác địa phương đã chủ động theo dõi, cập nhật chủ trương định hướng, bám sát tiến độ, yêu cầu của cấp có thẩm quyền để chủ động triển khai thực hiện, có sự chuẩn bị kỹ lưỡng về phương ánsắp xếp đơn vị hành chính các cấp.\n\nQuá trình xây dựng đề án được các địa phương trong diện hợp nhất phối hợp chặt chẽ, thực hiện đúng quy trình, thủ tục, bảo đảm tiến độ theo quy định.\n\nĐến nay, các tỉnh, thành đã hoàn thành việc lấy ý kiến nhân dân về các đề án sắp xếp, sáp nhập cấp tỉnh và cấp xã với tỷ lệ đồng thuận trung bình đạt khoảng 96%.\n\nTất cả HĐND cấp huyện, cấp xã và HĐND cấp tỉnh trong cả nước đã ban hành Nghị quyết thông qua các đề án với tỷ lệ đồng thuận đa số đạt 100%.\n\nTrên cơ sở tổng hợp đề án của các địa phương cho thấy, về số lượng đơn vị hành chính cấp xã, dự kiến sau sắp xếp, cả nước giảm từ 10.035 xuống còn hơn 3.320 đơn vị (tương đương \xa066,91%). Trong đó, địa phương tỷ lệ giảm cao nhất là 76,05%, địa phương có tỷ lệ giảm thấp nhất là 60%.\n\nVề tổ chức đảng ở địa phương, dự kiến cấp tỉnh giảm 29 đảng bộ tỉnh, thành (từ 63 xuống còn 34 đảng bộ tỉnh, thành); giảm hơn 260 cơ quan, đơn vị trực thuộc cấp ủy cấp tỉnh.\n\nKết thúc hoạt động của 694 đảng bộ huyện và hơn 4.160 cơ quan, đơn vị trực thuộc cấp ủy cấp huyện. Thành lập mới hơn 3.320 đảng bộ xã (2.595 xã, 713 phường, đặc khu), lập tối đa 10.660 cơ quan, đơn vị trực thuộc đảng ủy cấp xã.\n\nVề số lượng cán bộ, công chức cấp tỉnh, cấp xã (bao gồm khối Đảng, đoàn thể và khối chính quyền), dự kiến sau sắp xếp: cấp tỉnh sẽ giảm hơn 18.440 biên chế cán bộ, công chức so với số biên chế được cấp có thẩm quyền giao năm 2022.\n\nCấp xã (xã, phường, đặc khu) sẽ giảm hơn 110.780 biên chế cán bộ, công chức so với tổng số biên chế cấp huyện và cấp xã giao năm 2022 do sắp xếp vị trí việc làm, tinh giản biên chế, nghỉ chế độ theo quy định.\n\nĐồng thời, các địa phương cũng kết thúc hoạt động của khoảng 120.500 người hoạt động không chuyên trách ở cấp xã trong cả nước.\n\nDự kiến sau sắp xếp, tinh gọn tổ chức bộ máy, hoạt động của MTTQ, các đoàn thể sẽ gần dân, sát dân hơn; bước đầu khắc phục được tình trạng chồng chéo chức năng, nhiệm vụ và bộ máy “hình chóp ngược”.\n\nVề tổ chức bộ máy, dự kiến giảm 90 đầu mối cấp vụ ở Trung ương; 344 đầu mối cấp sở ở tỉnh; 1.235 đầu mối cấp phòng ở tỉnh; đối với các hội quần chúng được Đảng và Nhà nước giao nhiệm vụ, tinh gọn 215/284 đầu mối bên trong (giảm 43%).\n\nCùng với đó, dự kiến sẽ điều chuyển hơn 22.350 biên chế từ cấp huyện về công tác tại cấp xã, góp phần thực hiện mô hình hành chính mới và chủ trương hướng mạnh hoạt động về cơ sở, địa bàn dân cư.\n\nKịp thời chi trả theo chế độ về thực hiện sắp xếp bộ máy\n\nNhìn chung, công tác lãnh đạo, chỉ đạo được triển khai quyết liệt, đồng bộ từ sớm, từ xa. Bộ Chính trị, Ban Bí thư đã kịp thời định hướng các chủ trương, nhiệm vụ cụ thể; các cấp ủy, cơ quan chức năng theo thẩm quyền đã ban hành đầy đủ văn bản hướng dẫn, văn bản quy định chi tiết, tạo hành lang pháp lý thuận lợi để các địa phương tổ chức thực hiện.\n\nCông tác quán triệt, tuyên truyền được tổ chức triển khai sâu rộng, nhất quán, giúp nâng cao nhận thức và thống nhất ý chí trong hệ thống chính trị; tạo được sự đồng thuận, ủng hộ rất cao của cán bộ, đảng viên và các tầng lớp nhân dân.\n\nQuá trình sắp xếp và những kết quả bước đầu đã góp phần bảo đảm việc thực hiện thành công các mục tiêu...\n\nBộ Chính trị, Ban Bí thư cơ bản nhất trí với đề xuất, kiến nghị được nêu trong các báo cáo; đồng thời, yêu cầu các cấp ủy, tổ chức đảng quyết tâm cao nhất, tập trung thực hiện nhiệm vụ, giải pháp theo đúng các kết luận, kế hoạch, hướng dẫn của Trung ương, Bộ Chính trị, Ban Bí thư, bảo đảm thực hiện thành công mục tiêu đã đề ra.\n\nTrong đó, yêu cầu các cấp ủy, cơ quan, đơn vị ở Trung ương và các tỉnh ủy, thành ủy tiếp tục lãnh đạo, chỉ đạo tổ chức đại hội đảng bộ cấp cơ sở, cấp trên trực tiếp của tổ chức cơ sở đảng và chuẩn bị tổ chức đại hội đảng bộ cấp tỉnh bảo đảm đúng tiến độ, yêu cầu theo Chỉ thị số 45 của Bộ Chính trị (lưu ý làm tốt việc xây dựng văn kiện và nhân sự ở những nơi sáp nhập, hợp nhất).\n\nBộ Chính trị, Ban Bí thư lưu ý làm tốt công tác chính trị tư tưởng đối với cán bộ, công chức, viên chức, người lao động trong cơ quan, đơn vị; thực hiện nghiêm túc, đầy đủ, đúng quy định chính sách đối với cán bộ, công chức, viên chức, người lao động bị ảnh hưởng bởi quá trình sắp xếp.\n\nĐồng thời cân đối ngân sách, bố trí kinh phí, kịp thời thực hiện chi trả theo chế độ, chính sách về thực hiện sắp xếp tổ chức bộ máy theo quy định.', 'url': 'https://vietnamnet.vn/sau-sap-nhap-du-kien-cap-tinh-giam-18-440-bien-che-cap-xa-giam-110-780-bien-che-2397320.html', 'category': 'thoi-su', 'crawled_at': '2025-05-03T15:27:43.966185', '_id': 'https://vietnamnet.vn/sau-sap-nhap-du-kien-cap-tinh-giam-18-440-bien-che-cap-xa-giam-110-780-bien-che-2397320.html'}}], 'writeConcernErrors': [], 'nInserted': 1, 'nUpserted': 0, 'nMatched': 0, 'nModified': 0, 'nRemoved': 0, 'upserted': []}
[2025-05-03T15:27:44.963+0000] {python.py:237} INFO - Done. Returned value was: None
[2025-05-03T15:27:44.964+0000] {taskinstance.py:441} INFO - ::group::Post task execution logs
[2025-05-03T15:27:44.972+0000] {taskinstance.py:1206} INFO - Marking task as SUCCESS. dag_id=vietnamnet_multi_category_crawler, task_id=crawl_thoi-su, run_id=manual__2025-05-03T15:26:29.107710+00:00, execution_date=20250503T152629, start_date=20250503T152710, end_date=20250503T152744
[2025-05-03T15:27:45.032+0000] {local_task_job_runner.py:240} INFO - Task exited with return code 0
[2025-05-03T15:27:45.056+0000] {taskinstance.py:3503} INFO - 1 downstream tasks scheduled from follow-on schedule check
[2025-05-03T15:27:45.059+0000] {local_task_job_runner.py:222} INFO - ::endgroup::
