[2025-05-17T21:09:58.052+0000] {local_task_job_runner.py:120} INFO - ::group::Pre task execution logs
[2025-05-17T21:09:58.075+0000] {taskinstance.py:2076} INFO - Dependencies all met for dep_context=non-requeueable deps ti=<TaskInstance: vietnamnet_crawler_24h.crawl_chinh-tri manual__2025-05-17T21:09:51.309657+00:00 [queued]>
[2025-05-17T21:09:58.084+0000] {taskinstance.py:2076} INFO - Dependencies all met for dep_context=requeueable deps ti=<TaskInstance: vietnamnet_crawler_24h.crawl_chinh-tri manual__2025-05-17T21:09:51.309657+00:00 [queued]>
[2025-05-17T21:09:58.085+0000] {taskinstance.py:2306} INFO - Starting attempt 1 of 2
[2025-05-17T21:09:58.104+0000] {taskinstance.py:2330} INFO - Executing <Task(PythonOperator): crawl_chinh-tri> on 2025-05-17 21:09:51.309657+00:00
[2025-05-17T21:09:58.110+0000] {warnings.py:112} WARNING - /home/***/.local/lib/python3.12/site-packages/***/task/task_runner/standard_task_runner.py:61: DeprecationWarning: This process (pid=17416) is multi-threaded, use of fork() may lead to deadlocks in the child.
  pid = os.fork()

[2025-05-17T21:09:58.112+0000] {standard_task_runner.py:63} INFO - Started process 17417 to run task
[2025-05-17T21:09:58.112+0000] {standard_task_runner.py:90} INFO - Running: ['***', 'tasks', 'run', 'vietnamnet_crawler_24h', 'crawl_chinh-tri', 'manual__2025-05-17T21:09:51.309657+00:00', '--job-id', '229', '--raw', '--subdir', 'DAGS_FOLDER/dags.py', '--cfg-path', '/tmp/tmprg6p0bit']
[2025-05-17T21:09:58.114+0000] {standard_task_runner.py:91} INFO - Job 229: Subtask crawl_chinh-tri
[2025-05-17T21:09:58.160+0000] {task_command.py:426} INFO - Running <TaskInstance: vietnamnet_crawler_24h.crawl_chinh-tri manual__2025-05-17T21:09:51.309657+00:00 [running]> on host 60d771d880eb
[2025-05-17T21:09:58.282+0000] {taskinstance.py:2648} INFO - Exporting env vars: AIRFLOW_CTX_DAG_OWNER='***' AIRFLOW_CTX_DAG_ID='vietnamnet_crawler_24h' AIRFLOW_CTX_TASK_ID='crawl_chinh-tri' AIRFLOW_CTX_EXECUTION_DATE='2025-05-17T21:09:51.309657+00:00' AIRFLOW_CTX_TRY_NUMBER='1' AIRFLOW_CTX_DAG_RUN_ID='manual__2025-05-17T21:09:51.309657+00:00'
[2025-05-17T21:09:58.283+0000] {taskinstance.py:430} INFO - ::endgroup::
[2025-05-17T21:09:58.477+0000] {crawler.py:55} INFO - Đã kết nối thành công với MongoDB: News
[2025-05-17T21:09:59.157+0000] {logging_mixin.py:188} INFO - [INIT].... → Crawl4AI 0.6.2
[2025-05-17T21:10:01.927+0000] {logging_mixin.py:188} INFO - [FETCH]... ↓ https://vietnamnet.vn/tin-tuc-24h?bydaterang=&cate=000001                                            | 
[2025-05-17T21:10:01.928+0000] {logging_mixin.py:188} INFO - ✓
[2025-05-17T21:10:01.928+0000] {logging_mixin.py:188} INFO -  | ⏱: 2.69s
[2025-05-17T21:10:02.121+0000] {logging_mixin.py:188} INFO - [SCRAPE].. ◆ https://vietnamnet.vn/tin-tuc-24h?bydaterang=&cate=000001                                            | 
[2025-05-17T21:10:02.122+0000] {logging_mixin.py:188} INFO - ✓
[2025-05-17T21:10:02.122+0000] {logging_mixin.py:188} INFO -  | ⏱: 0.19s
[2025-05-17T21:10:02.124+0000] {logging_mixin.py:188} INFO - [COMPLETE] ● https://vietnamnet.vn/tin-tuc-24h?bydaterang=&cate=000001                                            | 
[2025-05-17T21:10:02.124+0000] {logging_mixin.py:188} INFO - ✓
[2025-05-17T21:10:02.125+0000] {logging_mixin.py:188} INFO -  | ⏱: 2.89s
[2025-05-17T21:10:02.350+0000] {crawler.py:85} INFO - Tìm thấy 25 link bài viết cho danh mục chinh-tri
[2025-05-17T21:10:03.435+0000] {crawler.py:110} INFO - Đã lọc: 25 URLs ban đầu -> 0 URLs sau xử lý live
[2025-05-17T21:10:03.435+0000] {crawler.py:252} INFO - Không có bài viết mới nào trong danh mục chinh-tri cần crawl.
[2025-05-17T21:10:03.503+0000] {crawler.py:294} INFO - Không có bài viết để lưu vào collection 'chinh-tri'
[2025-05-17T21:10:03.572+0000] {python.py:237} INFO - Done. Returned value was: None
[2025-05-17T21:10:03.573+0000] {taskinstance.py:441} INFO - ::group::Post task execution logs
[2025-05-17T21:10:03.581+0000] {taskinstance.py:1206} INFO - Marking task as SUCCESS. dag_id=vietnamnet_crawler_24h, task_id=crawl_chinh-tri, run_id=manual__2025-05-17T21:09:51.309657+00:00, execution_date=20250517T210951, start_date=20250517T210958, end_date=20250517T211003
[2025-05-17T21:10:03.635+0000] {local_task_job_runner.py:240} INFO - Task exited with return code 0
[2025-05-17T21:10:03.655+0000] {taskinstance.py:3503} INFO - 1 downstream tasks scheduled from follow-on schedule check
[2025-05-17T21:10:03.677+0000] {local_task_job_runner.py:222} INFO - ::endgroup::
