[2025-05-16T17:30:10.000+0000] {local_task_job_runner.py:120} INFO - ::group::Pre task execution logs
[2025-05-16T17:30:10.041+0000] {taskinstance.py:2076} INFO - Dependencies all met for dep_context=non-requeueable deps ti=<TaskInstance: vietnamnet_crawler_24h.crawl_chinh-tri scheduled__2025-05-16T17:00:00+00:00 [queued]>
[2025-05-16T17:30:10.056+0000] {taskinstance.py:2076} INFO - Dependencies all met for dep_context=requeueable deps ti=<TaskInstance: vietnamnet_crawler_24h.crawl_chinh-tri scheduled__2025-05-16T17:00:00+00:00 [queued]>
[2025-05-16T17:30:10.057+0000] {taskinstance.py:2306} INFO - Starting attempt 1 of 2
[2025-05-16T17:30:10.075+0000] {taskinstance.py:2330} INFO - Executing <Task(PythonOperator): crawl_chinh-tri> on 2025-05-16 17:00:00+00:00
[2025-05-16T17:30:10.087+0000] {warnings.py:112} WARNING - /home/***/.local/lib/python3.12/site-packages/***/task/task_runner/standard_task_runner.py:61: DeprecationWarning: This process (pid=2569) is multi-threaded, use of fork() may lead to deadlocks in the child.
  pid = os.fork()

[2025-05-16T17:30:10.089+0000] {standard_task_runner.py:63} INFO - Started process 2624 to run task
[2025-05-16T17:30:10.091+0000] {standard_task_runner.py:90} INFO - Running: ['***', 'tasks', 'run', 'vietnamnet_crawler_24h', 'crawl_chinh-tri', 'scheduled__2025-05-16T17:00:00+00:00', '--job-id', '121', '--raw', '--subdir', 'DAGS_FOLDER/dags.py', '--cfg-path', '/tmp/tmp_2h11vlz']
[2025-05-16T17:30:10.094+0000] {standard_task_runner.py:91} INFO - Job 121: Subtask crawl_chinh-tri
[2025-05-16T17:30:10.157+0000] {task_command.py:426} INFO - Running <TaskInstance: vietnamnet_crawler_24h.crawl_chinh-tri scheduled__2025-05-16T17:00:00+00:00 [running]> on host 60d771d880eb
[2025-05-16T17:30:10.345+0000] {taskinstance.py:2648} INFO - Exporting env vars: AIRFLOW_CTX_DAG_OWNER='***' AIRFLOW_CTX_DAG_ID='vietnamnet_crawler_24h' AIRFLOW_CTX_TASK_ID='crawl_chinh-tri' AIRFLOW_CTX_EXECUTION_DATE='2025-05-16T17:00:00+00:00' AIRFLOW_CTX_TRY_NUMBER='1' AIRFLOW_CTX_DAG_RUN_ID='scheduled__2025-05-16T17:00:00+00:00'
[2025-05-16T17:30:10.347+0000] {taskinstance.py:430} INFO - ::endgroup::
[2025-05-16T17:30:10.760+0000] {crawler.py:55} INFO - Đã kết nối thành công với MongoDB: News
[2025-05-16T17:30:11.829+0000] {logging_mixin.py:188} INFO - [INIT].... → Crawl4AI 0.6.2
[2025-05-16T17:30:14.516+0000] {logging_mixin.py:188} INFO - [FETCH]... ↓ https://vietnamnet.vn/tin-tuc-24h?bydaterang=&cate=000001                                            | 
[2025-05-16T17:30:14.517+0000] {logging_mixin.py:188} INFO - ✓
[2025-05-16T17:30:14.518+0000] {logging_mixin.py:188} INFO -  | ⏱: 2.62s
[2025-05-16T17:30:14.817+0000] {logging_mixin.py:188} INFO - [SCRAPE].. ◆ https://vietnamnet.vn/tin-tuc-24h?bydaterang=&cate=000001                                            | 
[2025-05-16T17:30:14.818+0000] {logging_mixin.py:188} INFO - ✓
[2025-05-16T17:30:14.818+0000] {logging_mixin.py:188} INFO -  | ⏱: 0.30s
[2025-05-16T17:30:14.820+0000] {logging_mixin.py:188} INFO - [COMPLETE] ● https://vietnamnet.vn/tin-tuc-24h?bydaterang=&cate=000001                                            | 
[2025-05-16T17:30:14.820+0000] {logging_mixin.py:188} INFO - ✓
[2025-05-16T17:30:14.820+0000] {logging_mixin.py:188} INFO -  | ⏱: 2.92s
[2025-05-16T17:30:15.115+0000] {crawler.py:85} INFO - Tìm thấy 25 link bài viết cho danh mục chinh-tri
[2025-05-16T17:30:15.801+0000] {crawler.py:110} INFO - Đã lọc: 25 URLs ban đầu -> 1 URLs sau xử lý live
[2025-05-16T17:30:15.803+0000] {crawler.py:255} INFO - Đang crawl 1 bài viết mới từ danh mục chinh-tri...
[2025-05-16T17:30:15.805+0000] {crawler.py:258} INFO - --> Crawl: https://vietnamnet.vn/ong-nguyen-trong-nghia-lan-toa-sau-rong-tam-voc-y-nghia-su-kien-tap-ket-ra-bac-2401961.html
[2025-05-16T17:30:16.562+0000] {logging_mixin.py:188} INFO - [INIT].... → Crawl4AI 0.6.2
[2025-05-16T17:30:20.369+0000] {logging_mixin.py:188} INFO - [FETCH]... ↓ https://vietnamnet.vn/ong-nguyen-trong-nghia-lan...-voc-y-nghia-su-kien-tap-ket-ra-bac-2401961.html  | 
[2025-05-16T17:30:20.371+0000] {logging_mixin.py:188} INFO - ✓
[2025-05-16T17:30:20.371+0000] {logging_mixin.py:188} INFO -  | ⏱: 3.73s
[2025-05-16T17:30:20.588+0000] {logging_mixin.py:188} INFO - [SCRAPE].. ◆ https://vietnamnet.vn/ong-nguyen-trong-nghia-lan...-voc-y-nghia-su-kien-tap-ket-ra-bac-2401961.html  | 
[2025-05-16T17:30:20.589+0000] {logging_mixin.py:188} INFO - ✓
[2025-05-16T17:30:20.590+0000] {logging_mixin.py:188} INFO -  | ⏱: 0.22s
[2025-05-16T17:30:20.591+0000] {logging_mixin.py:188} INFO - [COMPLETE] ● https://vietnamnet.vn/ong-nguyen-trong-nghia-lan...-voc-y-nghia-su-kien-tap-ket-ra-bac-2401961.html  | 
[2025-05-16T17:30:20.592+0000] {logging_mixin.py:188} INFO - ✓
[2025-05-16T17:30:20.592+0000] {logging_mixin.py:188} INFO -  | ⏱: 3.95s
[2025-05-16T17:30:21.002+0000] {crawler.py:241} ERROR - Lỗi khi crawl https://vietnamnet.vn/ong-nguyen-trong-nghia-lan-toa-sau-rong-tam-voc-y-nghia-su-kien-tap-ket-ra-bac-2401961.html: 'module' object is not callable
[2025-05-16T17:30:21.002+0000] {crawler.py:265} INFO - ⏱️  Tổng thời gian crawl: 10.24 giây
[2025-05-16T17:30:21.069+0000] {crawler.py:294} INFO - Không có bài viết để lưu vào collection 'chinh-tri'
[2025-05-16T17:30:21.131+0000] {python.py:237} INFO - Done. Returned value was: None
[2025-05-16T17:30:21.133+0000] {taskinstance.py:441} INFO - ::group::Post task execution logs
[2025-05-16T17:30:21.142+0000] {taskinstance.py:1206} INFO - Marking task as SUCCESS. dag_id=vietnamnet_crawler_24h, task_id=crawl_chinh-tri, run_id=scheduled__2025-05-16T17:00:00+00:00, execution_date=20250516T170000, start_date=20250516T173010, end_date=20250516T173021
[2025-05-16T17:30:21.166+0000] {local_task_job_runner.py:240} INFO - Task exited with return code 0
[2025-05-16T17:30:21.192+0000] {taskinstance.py:3503} INFO - 1 downstream tasks scheduled from follow-on schedule check
[2025-05-16T17:30:21.195+0000] {local_task_job_runner.py:222} INFO - ::endgroup::
