[2025-05-18T08:33:01.456+0000] {local_task_job_runner.py:120} INFO - ::group::Pre task execution logs
[2025-05-18T08:33:01.484+0000] {taskinstance.py:2076} INFO - Dependencies all met for dep_context=non-requeueable deps ti=<TaskInstance: vietnamnet_crawler_24h.crawl_doi-song scheduled__2025-05-18T08:00:00+00:00 [queued]>
[2025-05-18T08:33:01.497+0000] {taskinstance.py:2076} INFO - Dependencies all met for dep_context=requeueable deps ti=<TaskInstance: vietnamnet_crawler_24h.crawl_doi-song scheduled__2025-05-18T08:00:00+00:00 [queued]>
[2025-05-18T08:33:01.497+0000] {taskinstance.py:2306} INFO - Starting attempt 1 of 2
[2025-05-18T08:33:01.514+0000] {taskinstance.py:2330} INFO - Executing <Task(PythonOperator): crawl_doi-song> on 2025-05-18 08:00:00+00:00
[2025-05-18T08:33:01.519+0000] {warnings.py:112} WARNING - /home/***/.local/lib/python3.12/site-packages/***/task/task_runner/standard_task_runner.py:61: DeprecationWarning: This process (pid=842) is multi-threaded, use of fork() may lead to deadlocks in the child.
  pid = os.fork()

[2025-05-18T08:33:01.521+0000] {standard_task_runner.py:63} INFO - Started process 843 to run task
[2025-05-18T08:33:01.522+0000] {standard_task_runner.py:90} INFO - Running: ['***', 'tasks', 'run', 'vietnamnet_crawler_24h', 'crawl_doi-song', 'scheduled__2025-05-18T08:00:00+00:00', '--job-id', '9', '--raw', '--subdir', 'DAGS_FOLDER/dags.py', '--cfg-path', '/tmp/tmp3d69kpll']
[2025-05-18T08:33:01.528+0000] {standard_task_runner.py:91} INFO - Job 9: Subtask crawl_doi-song
[2025-05-18T08:33:01.578+0000] {task_command.py:426} INFO - Running <TaskInstance: vietnamnet_crawler_24h.crawl_doi-song scheduled__2025-05-18T08:00:00+00:00 [running]> on host a293b9556788
[2025-05-18T08:33:01.675+0000] {taskinstance.py:2648} INFO - Exporting env vars: AIRFLOW_CTX_DAG_OWNER='***' AIRFLOW_CTX_DAG_ID='vietnamnet_crawler_24h' AIRFLOW_CTX_TASK_ID='crawl_doi-song' AIRFLOW_CTX_EXECUTION_DATE='2025-05-18T08:00:00+00:00' AIRFLOW_CTX_TRY_NUMBER='1' AIRFLOW_CTX_DAG_RUN_ID='scheduled__2025-05-18T08:00:00+00:00'
[2025-05-18T08:33:01.676+0000] {taskinstance.py:430} INFO - ::endgroup::
[2025-05-18T08:33:01.874+0000] {crawler.py:55} INFO - Đã kết nối thành công với MongoDB: News
[2025-05-18T08:33:02.592+0000] {logging_mixin.py:188} INFO - [INIT].... → Crawl4AI 0.6.3
[2025-05-18T08:33:05.357+0000] {logging_mixin.py:188} INFO - [FETCH]... ↓ https://vietnamnet.vn/tin-tuc-24h?bydaterang=&cate=000007          
| ✓ | ⏱: 2.68s
[2025-05-18T08:33:05.573+0000] {logging_mixin.py:188} INFO - [SCRAPE].. ◆ https://vietnamnet.vn/tin-tuc-24h?bydaterang=&cate=000007          
| ✓ | ⏱: 0.21s
[2025-05-18T08:33:05.576+0000] {logging_mixin.py:188} INFO - [COMPLETE] ● https://vietnamnet.vn/tin-tuc-24h?bydaterang=&cate=000007          
| ✓ | ⏱: 2.90s
[2025-05-18T08:33:05.656+0000] {crawler.py:85} INFO - Tìm thấy 25 link bài viết cho danh mục doi-song
[2025-05-18T08:33:06.242+0000] {crawler.py:110} INFO - Đã lọc: 25 URLs ban đầu -> 0 URLs sau xử lý live
[2025-05-18T08:33:06.243+0000] {crawler.py:252} INFO - Không có bài viết mới nào trong danh mục doi-song cần crawl.
[2025-05-18T08:33:06.308+0000] {crawler.py:294} INFO - Không có bài viết để lưu vào collection 'doi-song'
[2025-05-18T08:33:06.369+0000] {python.py:237} INFO - Done. Returned value was: None
[2025-05-18T08:33:06.370+0000] {taskinstance.py:441} INFO - ::group::Post task execution logs
[2025-05-18T08:33:06.378+0000] {taskinstance.py:1206} INFO - Marking task as SUCCESS. dag_id=vietnamnet_crawler_24h, task_id=crawl_doi-song, run_id=scheduled__2025-05-18T08:00:00+00:00, execution_date=20250518T080000, start_date=20250518T083301, end_date=20250518T083306
[2025-05-18T08:33:06.433+0000] {local_task_job_runner.py:240} INFO - Task exited with return code 0
[2025-05-18T08:33:06.448+0000] {taskinstance.py:3503} INFO - 0 downstream tasks scheduled from follow-on schedule check
[2025-05-18T08:33:06.451+0000] {local_task_job_runner.py:222} INFO - ::endgroup::
