[2025-05-05T04:27:06.601+0000] {local_task_job_runner.py:120} INFO - ::group::Pre task execution logs
[2025-05-05T04:27:06.629+0000] {taskinstance.py:2076} INFO - Dependencies all met for dep_context=non-requeueable deps ti=<TaskInstance: vietnamnet_crawler_24h.crawl_phap-luat manual__2025-05-05T04:26:02.799460+00:00 [queued]>
[2025-05-05T04:27:06.639+0000] {taskinstance.py:2076} INFO - Dependencies all met for dep_context=requeueable deps ti=<TaskInstance: vietnamnet_crawler_24h.crawl_phap-luat manual__2025-05-05T04:26:02.799460+00:00 [queued]>
[2025-05-05T04:27:06.639+0000] {taskinstance.py:2306} INFO - Starting attempt 1 of 2
[2025-05-05T04:27:06.655+0000] {taskinstance.py:2330} INFO - Executing <Task(PythonOperator): crawl_phap-luat> on 2025-05-05 04:26:02.799460+00:00
[2025-05-05T04:27:06.662+0000] {warnings.py:112} WARNING - /home/***/.local/lib/python3.12/site-packages/***/task/task_runner/standard_task_runner.py:61: DeprecationWarning: This process (pid=2308) is multi-threaded, use of fork() may lead to deadlocks in the child.
  pid = os.fork()

[2025-05-05T04:27:06.664+0000] {standard_task_runner.py:63} INFO - Started process 2312 to run task
[2025-05-05T04:27:06.665+0000] {standard_task_runner.py:90} INFO - Running: ['***', 'tasks', 'run', 'vietnamnet_crawler_24h', 'crawl_phap-luat', 'manual__2025-05-05T04:26:02.799460+00:00', '--job-id', '30', '--raw', '--subdir', 'DAGS_FOLDER/dags.py', '--cfg-path', '/tmp/tmpn8obwre8']
[2025-05-05T04:27:06.668+0000] {standard_task_runner.py:91} INFO - Job 30: Subtask crawl_phap-luat
[2025-05-05T04:27:06.720+0000] {task_command.py:426} INFO - Running <TaskInstance: vietnamnet_crawler_24h.crawl_phap-luat manual__2025-05-05T04:26:02.799460+00:00 [running]> on host 9f13ced5b14d
[2025-05-05T04:27:06.838+0000] {taskinstance.py:2648} INFO - Exporting env vars: AIRFLOW_CTX_DAG_OWNER='***' AIRFLOW_CTX_DAG_ID='vietnamnet_crawler_24h' AIRFLOW_CTX_TASK_ID='crawl_phap-luat' AIRFLOW_CTX_EXECUTION_DATE='2025-05-05T04:26:02.799460+00:00' AIRFLOW_CTX_TRY_NUMBER='1' AIRFLOW_CTX_DAG_RUN_ID='manual__2025-05-05T04:26:02.799460+00:00'
[2025-05-05T04:27:06.839+0000] {taskinstance.py:430} INFO - ::endgroup::
[2025-05-05T04:27:07.082+0000] {crawler.py:54} INFO - Đã kết nối thành công với MongoDB: News
[2025-05-05T04:27:07.262+0000] {crawler.py:44} INFO - ArticleSummarizer đã được khởi tạo thành công
[2025-05-05T04:27:08.108+0000] {logging_mixin.py:188} INFO - [INIT].... → Crawl4AI 0.6.2
[2025-05-05T04:27:12.237+0000] {logging_mixin.py:188} INFO - [FETCH]... ↓ https://vietnamnet.vn/tin-tuc-24h?bydaterang=&cate=000008                                            | 
[2025-05-05T04:27:12.238+0000] {logging_mixin.py:188} INFO - ✓
[2025-05-05T04:27:12.240+0000] {logging_mixin.py:188} INFO -  | ⏱: 4.01s
[2025-05-05T04:27:12.785+0000] {logging_mixin.py:188} INFO - [SCRAPE].. ◆ https://vietnamnet.vn/tin-tuc-24h?bydaterang=&cate=000008                                            | 
[2025-05-05T04:27:12.786+0000] {logging_mixin.py:188} INFO - ✓
[2025-05-05T04:27:12.786+0000] {logging_mixin.py:188} INFO -  | ⏱: 0.54s
[2025-05-05T04:27:12.788+0000] {logging_mixin.py:188} INFO - [COMPLETE] ● https://vietnamnet.vn/tin-tuc-24h?bydaterang=&cate=000008                                            | 
[2025-05-05T04:27:12.789+0000] {logging_mixin.py:188} INFO - ✓
[2025-05-05T04:27:12.789+0000] {logging_mixin.py:188} INFO -  | ⏱: 4.57s
[2025-05-05T04:27:12.898+0000] {crawler.py:84} INFO - Tìm thấy 25 link bài viết cho danh mục phap-luat
[2025-05-05T04:27:14.976+0000] {crawler.py:103} INFO - Đã lọc: 25 URLs ban đầu -> 0 URLs mới
[2025-05-05T04:27:14.977+0000] {crawler.py:222} INFO - Không có bài viết mới nào trong danh mục phap-luat cần crawl.
[2025-05-05T04:27:14.978+0000] {crawler.py:257} INFO - Không có bài viết để lưu vào collection 'phap-luat'
[2025-05-05T04:27:15.039+0000] {python.py:237} INFO - Done. Returned value was: None
[2025-05-05T04:27:15.040+0000] {taskinstance.py:441} INFO - ::group::Post task execution logs
[2025-05-05T04:27:15.049+0000] {taskinstance.py:1206} INFO - Marking task as SUCCESS. dag_id=vietnamnet_crawler_24h, task_id=crawl_phap-luat, run_id=manual__2025-05-05T04:26:02.799460+00:00, execution_date=20250505T042602, start_date=20250505T042706, end_date=20250505T042715
[2025-05-05T04:27:15.093+0000] {local_task_job_runner.py:240} INFO - Task exited with return code 0
[2025-05-05T04:27:15.111+0000] {taskinstance.py:3503} INFO - 1 downstream tasks scheduled from follow-on schedule check
[2025-05-05T04:27:15.114+0000] {local_task_job_runner.py:222} INFO - ::endgroup::
