[2025-05-18T09:36:12.964+0000] {local_task_job_runner.py:120} INFO - ::group::Pre task execution logs
[2025-05-18T09:36:12.990+0000] {taskinstance.py:2076} INFO - Dependencies all met for dep_context=non-requeueable deps ti=<TaskInstance: vietnamnet_crawler_24h.crawl_chinh-tri manual__2025-05-18T09:35:50.340133+00:00 [queued]>
[2025-05-18T09:36:12.998+0000] {taskinstance.py:2076} INFO - Dependencies all met for dep_context=requeueable deps ti=<TaskInstance: vietnamnet_crawler_24h.crawl_chinh-tri manual__2025-05-18T09:35:50.340133+00:00 [queued]>
[2025-05-18T09:36:12.999+0000] {taskinstance.py:2306} INFO - Starting attempt 1 of 2
[2025-05-18T09:36:13.017+0000] {taskinstance.py:2330} INFO - Executing <Task(PythonOperator): crawl_chinh-tri> on 2025-05-18 09:35:50.340133+00:00
[2025-05-18T09:36:13.025+0000] {warnings.py:112} WARNING - /home/***/.local/lib/python3.12/site-packages/***/task/task_runner/standard_task_runner.py:61: DeprecationWarning: This process (pid=4515) is multi-threaded, use of fork() may lead to deadlocks in the child.
  pid = os.fork()

[2025-05-18T09:36:13.027+0000] {standard_task_runner.py:63} INFO - Started process 4516 to run task
[2025-05-18T09:36:13.027+0000] {standard_task_runner.py:90} INFO - Running: ['***', 'tasks', 'run', 'vietnamnet_crawler_24h', 'crawl_chinh-tri', 'manual__2025-05-18T09:35:50.340133+00:00', '--job-id', '22', '--raw', '--subdir', 'DAGS_FOLDER/dags.py', '--cfg-path', '/tmp/tmpu2cvowfj']
[2025-05-18T09:36:13.029+0000] {standard_task_runner.py:91} INFO - Job 22: Subtask crawl_chinh-tri
[2025-05-18T09:36:13.079+0000] {task_command.py:426} INFO - Running <TaskInstance: vietnamnet_crawler_24h.crawl_chinh-tri manual__2025-05-18T09:35:50.340133+00:00 [running]> on host 4a3ee431a987
[2025-05-18T09:36:13.183+0000] {taskinstance.py:2648} INFO - Exporting env vars: AIRFLOW_CTX_DAG_OWNER='***' AIRFLOW_CTX_DAG_ID='vietnamnet_crawler_24h' AIRFLOW_CTX_TASK_ID='crawl_chinh-tri' AIRFLOW_CTX_EXECUTION_DATE='2025-05-18T09:35:50.340133+00:00' AIRFLOW_CTX_TRY_NUMBER='1' AIRFLOW_CTX_DAG_RUN_ID='manual__2025-05-18T09:35:50.340133+00:00'
[2025-05-18T09:36:13.185+0000] {taskinstance.py:430} INFO - ::endgroup::
[2025-05-18T09:36:13.388+0000] {crawler.py:55} INFO - Đã kết nối thành công với MongoDB: News
[2025-05-18T09:36:14.217+0000] {logging_mixin.py:188} INFO - [INIT].... → Crawl4AI 0.6.3
[2025-05-18T09:36:17.943+0000] {logging_mixin.py:188} INFO - [FETCH]... ↓ https://vietnamnet.vn/tin-tuc-24h?bydaterang=&cate=000001          
| ✓ | ⏱: 3.64s
[2025-05-18T09:36:18.238+0000] {logging_mixin.py:188} INFO - [SCRAPE].. ◆ https://vietnamnet.vn/tin-tuc-24h?bydaterang=&cate=000001          
| ✓ | ⏱: 0.29s
[2025-05-18T09:36:18.243+0000] {logging_mixin.py:188} INFO - [COMPLETE] ● https://vietnamnet.vn/tin-tuc-24h?bydaterang=&cate=000001          
| ✓ | ⏱: 3.94s
[2025-05-18T09:36:18.736+0000] {crawler.py:85} INFO - Tìm thấy 25 link bài viết cho danh mục chinh-tri
[2025-05-18T09:36:19.444+0000] {crawler.py:110} INFO - Đã lọc: 25 URLs ban đầu -> 0 URLs sau xử lý live
[2025-05-18T09:36:19.445+0000] {crawler.py:252} INFO - Không có bài viết mới nào trong danh mục chinh-tri cần crawl.
[2025-05-18T09:36:19.517+0000] {crawler.py:294} INFO - Không có bài viết để lưu vào collection 'chinh-tri'
[2025-05-18T09:36:19.583+0000] {python.py:237} INFO - Done. Returned value was: None
[2025-05-18T09:36:19.584+0000] {taskinstance.py:441} INFO - ::group::Post task execution logs
[2025-05-18T09:36:19.596+0000] {taskinstance.py:1206} INFO - Marking task as SUCCESS. dag_id=vietnamnet_crawler_24h, task_id=crawl_chinh-tri, run_id=manual__2025-05-18T09:35:50.340133+00:00, execution_date=20250518T093550, start_date=20250518T093612, end_date=20250518T093619
[2025-05-18T09:36:19.666+0000] {local_task_job_runner.py:240} INFO - Task exited with return code 0
[2025-05-18T09:36:19.698+0000] {taskinstance.py:3503} INFO - 1 downstream tasks scheduled from follow-on schedule check
[2025-05-18T09:36:19.702+0000] {local_task_job_runner.py:222} INFO - ::endgroup::
