[2025-05-04T14:45:49.069+0000] {local_task_job_runner.py:120} INFO - ::group::Pre task execution logs
[2025-05-04T14:45:49.097+0000] {taskinstance.py:2076} INFO - Dependencies all met for dep_context=non-requeueable deps ti=<TaskInstance: vietnamnet_crawler_24h.clean_old_articles manual__2025-05-04T14:45:46.487125+00:00 [queued]>
[2025-05-04T14:45:49.108+0000] {taskinstance.py:2076} INFO - Dependencies all met for dep_context=requeueable deps ti=<TaskInstance: vietnamnet_crawler_24h.clean_old_articles manual__2025-05-04T14:45:46.487125+00:00 [queued]>
[2025-05-04T14:45:49.108+0000] {taskinstance.py:2306} INFO - Starting attempt 1 of 2
[2025-05-04T14:45:49.124+0000] {taskinstance.py:2330} INFO - Executing <Task(PythonOperator): clean_old_articles> on 2025-05-04 14:45:46.487125+00:00
[2025-05-04T14:45:49.135+0000] {warnings.py:112} WARNING - /home/***/.local/lib/python3.12/site-packages/***/task/task_runner/standard_task_runner.py:61: DeprecationWarning: This process (pid=133) is multi-threaded, use of fork() may lead to deadlocks in the child.
  pid = os.fork()

[2025-05-04T14:45:49.137+0000] {standard_task_runner.py:63} INFO - Started process 137 to run task
[2025-05-04T14:45:49.138+0000] {standard_task_runner.py:90} INFO - Running: ['***', 'tasks', 'run', 'vietnamnet_crawler_24h', 'clean_old_articles', 'manual__2025-05-04T14:45:46.487125+00:00', '--job-id', '21', '--raw', '--subdir', 'DAGS_FOLDER/dags.py', '--cfg-path', '/tmp/tmpz2ndgr5f']
[2025-05-04T14:45:49.141+0000] {standard_task_runner.py:91} INFO - Job 21: Subtask clean_old_articles
[2025-05-04T14:45:49.191+0000] {task_command.py:426} INFO - Running <TaskInstance: vietnamnet_crawler_24h.clean_old_articles manual__2025-05-04T14:45:46.487125+00:00 [running]> on host 78b16fb5ec43
[2025-05-04T14:45:49.298+0000] {taskinstance.py:2648} INFO - Exporting env vars: AIRFLOW_CTX_DAG_OWNER='***' AIRFLOW_CTX_DAG_ID='vietnamnet_crawler_24h' AIRFLOW_CTX_TASK_ID='clean_old_articles' AIRFLOW_CTX_EXECUTION_DATE='2025-05-04T14:45:46.487125+00:00' AIRFLOW_CTX_TRY_NUMBER='1' AIRFLOW_CTX_DAG_RUN_ID='manual__2025-05-04T14:45:46.487125+00:00'
[2025-05-04T14:45:49.299+0000] {taskinstance.py:430} INFO - ::endgroup::
[2025-05-04T14:45:49.655+0000] {database_cleaner.py:33} INFO - Đã kết nối MongoDB: News
[2025-05-04T14:45:49.656+0000] {database_cleaner.py:102} INFO - Xóa các bài viết trước: 2025-04-03T21:45:49.656771+07:00
[2025-05-04T14:45:51.088+0000] {database_cleaner.py:125} INFO - Collection 'the-gioi': 0 bài bị xóa
[2025-05-04T14:45:52.122+0000] {database_cleaner.py:125} INFO - Collection 'chinh-tri': 1 bài bị xóa
[2025-05-04T14:45:52.213+0000] {database_cleaner.py:125} INFO - Collection 'doi-song': 0 bài bị xóa
[2025-05-04T14:45:52.619+0000] {database_cleaner.py:125} INFO - Collection 'giao-duc': 0 bài bị xóa
[2025-05-04T14:45:52.686+0000] {database_cleaner.py:42} INFO - Đã đóng kết nối MongoDB
[2025-05-04T14:45:52.688+0000] {database_cleaner.py:142} INFO - Đã xóa tổng cộng 1 bài, còn lại 1378
[2025-05-04T14:45:52.689+0000] {python.py:237} INFO - Done. Returned value was: {'the-gioi': {'total': 270, 'deleted': 0, 'remaining': 270}, 'chinh-tri': {'total': 678, 'deleted': 1, 'remaining': 677}, 'doi-song': {'total': 67, 'deleted': 0, 'remaining': 67}, 'giao-duc': {'total': 364, 'deleted': 0, 'remaining': 364}}
[2025-05-04T14:45:52.690+0000] {taskinstance.py:441} INFO - ::group::Post task execution logs
[2025-05-04T14:45:52.757+0000] {taskinstance.py:1206} INFO - Marking task as SUCCESS. dag_id=vietnamnet_crawler_24h, task_id=clean_old_articles, run_id=manual__2025-05-04T14:45:46.487125+00:00, execution_date=20250504T144546, start_date=20250504T144549, end_date=20250504T144552
[2025-05-04T14:45:52.803+0000] {local_task_job_runner.py:240} INFO - Task exited with return code 0
[2025-05-04T14:45:52.853+0000] {taskinstance.py:3503} INFO - 1 downstream tasks scheduled from follow-on schedule check
[2025-05-04T14:45:52.857+0000] {local_task_job_runner.py:222} INFO - ::endgroup::
