[2025-06-22T23:46:11.205+0000] {local_task_job_runner.py:120} INFO - ::group::Pre task execution logs
[2025-06-22T23:46:11.222+0000] {taskinstance.py:2076} INFO - Dependencies all met for dep_context=non-requeueable deps ti=<TaskInstance: deepai_crawler_10min.crawl_science manual__2025-06-22T23:45:35.582096+00:00 [queued]>
[2025-06-22T23:46:11.234+0000] {taskinstance.py:2076} INFO - Dependencies all met for dep_context=requeueable deps ti=<TaskInstance: deepai_crawler_10min.crawl_science manual__2025-06-22T23:45:35.582096+00:00 [queued]>
[2025-06-22T23:46:11.235+0000] {taskinstance.py:2306} INFO - Starting attempt 1 of 3
[2025-06-22T23:46:11.251+0000] {taskinstance.py:2330} INFO - Executing <Task(PythonOperator): crawl_science> on 2025-06-22 23:45:35.582096+00:00
[2025-06-22T23:46:11.261+0000] {warnings.py:112} WARNING - /home/***/.local/lib/python3.12/site-packages/***/task/task_runner/standard_task_runner.py:61: DeprecationWarning: This process (pid=1633) is multi-threaded, use of fork() may lead to deadlocks in the child.
  pid = os.fork()

[2025-06-22T23:46:11.263+0000] {standard_task_runner.py:63} INFO - Started process 1640 to run task
[2025-06-22T23:46:11.263+0000] {standard_task_runner.py:90} INFO - Running: ['***', 'tasks', 'run', 'deepai_crawler_10min', 'crawl_science', 'manual__2025-06-22T23:45:35.582096+00:00', '--job-id', '1147', '--raw', '--subdir', 'DAGS_FOLDER/dags.py', '--cfg-path', '/tmp/tmpd0k77o6b']
[2025-06-22T23:46:11.266+0000] {standard_task_runner.py:91} INFO - Job 1147: Subtask crawl_science
[2025-06-22T23:46:11.312+0000] {task_command.py:426} INFO - Running <TaskInstance: deepai_crawler_10min.crawl_science manual__2025-06-22T23:45:35.582096+00:00 [running]> on host 13e6c13b5a13
[2025-06-22T23:46:11.412+0000] {taskinstance.py:2648} INFO - Exporting env vars: AIRFLOW_CTX_DAG_OWNER='***' AIRFLOW_CTX_DAG_ID='deepai_crawler_10min' AIRFLOW_CTX_TASK_ID='crawl_science' AIRFLOW_CTX_EXECUTION_DATE='2025-06-22T23:45:35.582096+00:00' AIRFLOW_CTX_TRY_NUMBER='1' AIRFLOW_CTX_DAG_RUN_ID='manual__2025-06-22T23:45:35.582096+00:00'
[2025-06-22T23:46:11.414+0000] {taskinstance.py:430} INFO - ::endgroup::
[2025-06-22T23:46:11.429+0000] {dags.py:178} INFO - Bắt đầu crawl category: science
[2025-06-22T23:46:11.555+0000] {crawler_deeplai.py:51} INFO - Đã kết nối thành công với MongoDB: deeplearning_ai_news
[2025-06-22T23:46:11.590+0000] {client.py:1980} DEBUG - Getting prompt '3 Points-label:latest'
[2025-06-22T23:46:11.591+0000] {client.py:1984} DEBUG - Prompt '3 Points-label:latest' not found in cache or caching disabled.
[2025-06-22T23:46:11.591+0000] {client.py:2068} DEBUG - Fetching prompt '3 Points-label:latest' from server...
[2025-06-22T23:46:11.616+0000] {log.py:232} WARNING - 2025-06-22 23:46:11,616 - httpx - INFO - HTTP Request: GET http://host.docker.internal:4000/api/public/v2/prompts/3%20Points?label=latest "HTTP/1.1 200 OK"
[2025-06-22T23:46:11.616+0000] {_client.py:1025} INFO - HTTP Request: GET http://host.docker.internal:4000/api/public/v2/prompts/3%20Points?label=latest "HTTP/1.1 200 OK"
[2025-06-22T23:46:11.622+0000] {crawler_deeplai.py:465} INFO - 🚀 Đang bắt đầu quá trình crawl với Load More...
[2025-06-22T23:46:11.844+0000] {media_manager.py:52} DEBUG - Queue: Media upload queue is empty, waiting for new jobs
[2025-06-22T23:46:12.749+0000] {logging_mixin.py:188} INFO - [INIT].... → Crawl4AI 0.6.3
[2025-06-22T23:46:12.750+0000] {crawler_deeplai.py:179} INFO - 🌐 Đang truy cập: https://www.deeplearning.ai/the-batch/tag/science/
[2025-06-22T23:46:12.751+0000] {crawler_deeplai.py:180} INFO - ⚙️ Cấu hình: max_articles=100, min_threshold=5, max_clicks=1
[2025-06-22T23:46:12.845+0000] {media_manager.py:52} DEBUG - Queue: Media upload queue is empty, waiting for new jobs
[2025-06-22T23:46:13.846+0000] {media_manager.py:52} DEBUG - Queue: Media upload queue is empty, waiting for new jobs
[2025-06-22T23:46:14.847+0000] {media_manager.py:52} DEBUG - Queue: Media upload queue is empty, waiting for new jobs
[2025-06-22T23:46:15.848+0000] {media_manager.py:52} DEBUG - Queue: Media upload queue is empty, waiting for new jobs
[2025-06-22T23:46:16.849+0000] {media_manager.py:52} DEBUG - Queue: Media upload queue is empty, waiting for new jobs
[2025-06-22T23:46:17.235+0000] {logging_mixin.py:188} INFO - [FETCH]... ↓ https://www.deeplearning.ai/the-batch/tag/science/                 
| ✓ | ⏱: 4.48s
[2025-06-22T23:46:17.399+0000] {logging_mixin.py:188} INFO - [SCRAPE].. ◆ https://www.deeplearning.ai/the-batch/tag/science/                 
| ✓ | ⏱: 0.16s
[2025-06-22T23:46:17.401+0000] {logging_mixin.py:188} INFO - [COMPLETE] ● https://www.deeplearning.ai/the-batch/tag/science/                 
| ✓ | ⏱: 4.65s
[2025-06-22T23:46:17.402+0000] {crawler_deeplai.py:184} INFO - 📋 JavaScript execution result: {'success': True, 'results': [{'success': True, 'result': {}}]}
[2025-06-22T23:46:17.447+0000] {crawler_deeplai.py:204} INFO - 🎯 Tổng cộng tìm thấy 30 link bài viết unique
[2025-06-22T23:46:17.447+0000] {crawler_deeplai.py:208} INFO - 🔍 Một vài URL đầu tiên:
[2025-06-22T23:46:17.448+0000] {crawler_deeplai.py:210} INFO -   1. https://www.deeplearning.ai/the-batch/a-neural-network-shows-remarkable-accuracy-in-forecasting-risk-of-pancreatic-cancer/
[2025-06-22T23:46:17.448+0000] {crawler_deeplai.py:210} INFO -   2. https://www.deeplearning.ai/the-batch/a-roadmap-explores-how-ai-can-detect-and-mitigate-greenhouse-gases/
[2025-06-22T23:46:17.449+0000] {crawler_deeplai.py:210} INFO -   3. https://www.deeplearning.ai/the-batch/agentic-workflow-generates-novel-scientific-research-papers/
[2025-06-22T23:46:17.449+0000] {crawler_deeplai.py:210} INFO -   4. https://www.deeplearning.ai/the-batch/ai-and-data-center-boom-challenges-big-techs-emissions-targets/
[2025-06-22T23:46:17.450+0000] {crawler_deeplai.py:210} INFO -   5. https://www.deeplearning.ai/the-batch/ai-co-scientist-an-agent-that-generates-research-hypotheses-aiding-drug-discovery/
[2025-06-22T23:46:17.450+0000] {crawler_deeplai.py:214} INFO - 📊 Sẽ crawl 30 bài viết
[2025-06-22T23:46:17.850+0000] {media_manager.py:52} DEBUG - Queue: Media upload queue is empty, waiting for new jobs
[2025-06-22T23:46:18.038+0000] {crawler_deeplai.py:458} INFO - Đã lọc: 30 URLs ban đầu -> 0 URLs mới
[2025-06-22T23:46:18.038+0000] {crawler_deeplai.py:476} INFO - ℹ️ Không có bài viết mới nào trong danh mục science cần crawl.
[2025-06-22T23:46:18.039+0000] {crawler_deeplai.py:533} INFO - ℹ️ Không có bài viết để lưu vào collection 'science'
[2025-06-22T23:46:18.092+0000] {dags.py:183} INFO - Hoàn thành crawl category: science
[2025-06-22T23:46:18.093+0000] {python.py:237} INFO - Done. Returned value was: None
[2025-06-22T23:46:18.094+0000] {taskinstance.py:441} INFO - ::group::Post task execution logs
[2025-06-22T23:46:18.103+0000] {taskinstance.py:1206} INFO - Marking task as SUCCESS. dag_id=deepai_crawler_10min, task_id=crawl_science, run_id=manual__2025-06-22T23:45:35.582096+00:00, execution_date=20250622T234535, start_date=20250622T234611, end_date=20250622T234618
[2025-06-22T23:46:18.152+0000] {local_task_job_runner.py:240} INFO - Task exited with return code 0
[2025-06-22T23:46:18.182+0000] {taskinstance.py:3503} INFO - 1 downstream tasks scheduled from follow-on schedule check
[2025-06-22T23:46:18.185+0000] {local_task_job_runner.py:222} INFO - ::endgroup::
