[2025-05-16T11:31:35.340+0000] {local_task_job_runner.py:120} INFO - ::group::Pre task execution logs
[2025-05-16T11:31:35.379+0000] {taskinstance.py:2076} INFO - Dependencies all met for dep_context=non-requeueable deps ti=<TaskInstance: vietnamnet_crawler_24h.crawl_doi-song scheduled__2025-05-16T11:00:00+00:00 [queued]>
[2025-05-16T11:31:35.397+0000] {taskinstance.py:2076} INFO - Dependencies all met for dep_context=requeueable deps ti=<TaskInstance: vietnamnet_crawler_24h.crawl_doi-song scheduled__2025-05-16T11:00:00+00:00 [queued]>
[2025-05-16T11:31:35.397+0000] {taskinstance.py:2306} INFO - Starting attempt 1 of 2
[2025-05-16T11:31:35.421+0000] {taskinstance.py:2330} INFO - Executing <Task(PythonOperator): crawl_doi-song> on 2025-05-16 11:00:00+00:00
[2025-05-16T11:31:35.430+0000] {warnings.py:112} WARNING - /home/***/.local/lib/python3.12/site-packages/***/task/task_runner/standard_task_runner.py:61: DeprecationWarning: This process (pid=1691) is multi-threaded, use of fork() may lead to deadlocks in the child.
  pid = os.fork()

[2025-05-16T11:31:35.432+0000] {standard_task_runner.py:63} INFO - Started process 1699 to run task
[2025-05-16T11:31:35.433+0000] {standard_task_runner.py:90} INFO - Running: ['***', 'tasks', 'run', 'vietnamnet_crawler_24h', 'crawl_doi-song', 'scheduled__2025-05-16T11:00:00+00:00', '--job-id', '57', '--raw', '--subdir', 'DAGS_FOLDER/dags.py', '--cfg-path', '/tmp/tmp6l0q91u5']
[2025-05-16T11:31:35.437+0000] {standard_task_runner.py:91} INFO - Job 57: Subtask crawl_doi-song
[2025-05-16T11:31:35.512+0000] {task_command.py:426} INFO - Running <TaskInstance: vietnamnet_crawler_24h.crawl_doi-song scheduled__2025-05-16T11:00:00+00:00 [running]> on host 71b827885e5f
[2025-05-16T11:31:35.688+0000] {taskinstance.py:2648} INFO - Exporting env vars: AIRFLOW_CTX_DAG_OWNER='***' AIRFLOW_CTX_DAG_ID='vietnamnet_crawler_24h' AIRFLOW_CTX_TASK_ID='crawl_doi-song' AIRFLOW_CTX_EXECUTION_DATE='2025-05-16T11:00:00+00:00' AIRFLOW_CTX_TRY_NUMBER='1' AIRFLOW_CTX_DAG_RUN_ID='scheduled__2025-05-16T11:00:00+00:00'
[2025-05-16T11:31:35.691+0000] {taskinstance.py:430} INFO - ::endgroup::
[2025-05-16T11:31:36.117+0000] {crawler.py:54} INFO - Đã kết nối thành công với MongoDB: News
[2025-05-16T11:31:37.584+0000] {logging_mixin.py:188} INFO - [INIT].... → Crawl4AI 0.6.2
[2025-05-16T11:31:42.445+0000] {logging_mixin.py:188} INFO - [FETCH]... ↓ https://vietnamnet.vn/tin-tuc-24h?bydaterang=&cate=000007                                            | 
[2025-05-16T11:31:42.446+0000] {logging_mixin.py:188} INFO - ✓
[2025-05-16T11:31:42.447+0000] {logging_mixin.py:188} INFO -  | ⏱: 4.71s
[2025-05-16T11:31:42.867+0000] {logging_mixin.py:188} INFO - [SCRAPE].. ◆ https://vietnamnet.vn/tin-tuc-24h?bydaterang=&cate=000007                                            | 
[2025-05-16T11:31:42.870+0000] {logging_mixin.py:188} INFO - ✓
[2025-05-16T11:31:42.872+0000] {logging_mixin.py:188} INFO -  | ⏱: 0.42s
[2025-05-16T11:31:42.875+0000] {logging_mixin.py:188} INFO - [COMPLETE] ● https://vietnamnet.vn/tin-tuc-24h?bydaterang=&cate=000007                                            | 
[2025-05-16T11:31:42.877+0000] {logging_mixin.py:188} INFO - ✓
[2025-05-16T11:31:42.878+0000] {logging_mixin.py:188} INFO -  | ⏱: 5.14s
[2025-05-16T11:31:43.254+0000] {crawler.py:84} INFO - Tìm thấy 25 link bài viết cho danh mục doi-song
[2025-05-16T11:31:43.986+0000] {crawler.py:108} INFO - Đã lọc: 25 URLs ban đầu -> 0 URLs mới
[2025-05-16T11:31:43.987+0000] {crawler.py:229} INFO - Không có bài viết mới nào trong danh mục doi-song cần crawl.
[2025-05-16T11:31:43.987+0000] {crawler.py:269} INFO - Không có bài viết để lưu vào collection 'doi-song'
[2025-05-16T11:31:44.051+0000] {python.py:237} INFO - Done. Returned value was: None
[2025-05-16T11:31:44.056+0000] {taskinstance.py:441} INFO - ::group::Post task execution logs
[2025-05-16T11:31:44.073+0000] {taskinstance.py:1206} INFO - Marking task as SUCCESS. dag_id=vietnamnet_crawler_24h, task_id=crawl_doi-song, run_id=scheduled__2025-05-16T11:00:00+00:00, execution_date=20250516T110000, start_date=20250516T113135, end_date=20250516T113144
[2025-05-16T11:31:44.156+0000] {local_task_job_runner.py:240} INFO - Task exited with return code 0
[2025-05-16T11:31:44.188+0000] {taskinstance.py:3503} INFO - 0 downstream tasks scheduled from follow-on schedule check
[2025-05-16T11:31:44.191+0000] {local_task_job_runner.py:222} INFO - ::endgroup::
