[2025-05-18T12:00:03.230+0000] {local_task_job_runner.py:120} INFO - ::group::Pre task execution logs
[2025-05-18T12:00:03.254+0000] {taskinstance.py:2076} INFO - Dependencies all met for dep_context=non-requeueable deps ti=<TaskInstance: vietnamnet_crawler_24h.crawl_cong-nghe scheduled__2025-05-18T11:30:00+00:00 [queued]>
[2025-05-18T12:00:03.265+0000] {taskinstance.py:2076} INFO - Dependencies all met for dep_context=requeueable deps ti=<TaskInstance: vietnamnet_crawler_24h.crawl_cong-nghe scheduled__2025-05-18T11:30:00+00:00 [queued]>
[2025-05-18T12:00:03.266+0000] {taskinstance.py:2306} INFO - Starting attempt 1 of 2
[2025-05-18T12:00:03.285+0000] {taskinstance.py:2330} INFO - Executing <Task(PythonOperator): crawl_cong-nghe> on 2025-05-18 11:30:00+00:00
[2025-05-18T12:00:03.293+0000] {warnings.py:112} WARNING - /home/***/.local/lib/python3.12/site-packages/***/task/task_runner/standard_task_runner.py:61: DeprecationWarning: This process (pid=3482) is multi-threaded, use of fork() may lead to deadlocks in the child.
  pid = os.fork()

[2025-05-18T12:00:03.294+0000] {standard_task_runner.py:63} INFO - Started process 3483 to run task
[2025-05-18T12:00:03.295+0000] {standard_task_runner.py:90} INFO - Running: ['***', 'tasks', 'run', 'vietnamnet_crawler_24h', 'crawl_cong-nghe', 'scheduled__2025-05-18T11:30:00+00:00', '--job-id', '9', '--raw', '--subdir', 'DAGS_FOLDER/dags.py', '--cfg-path', '/tmp/tmp075y00fh']
[2025-05-18T12:00:03.298+0000] {standard_task_runner.py:91} INFO - Job 9: Subtask crawl_cong-nghe
[2025-05-18T12:00:03.356+0000] {task_command.py:426} INFO - Running <TaskInstance: vietnamnet_crawler_24h.crawl_cong-nghe scheduled__2025-05-18T11:30:00+00:00 [running]> on host a383b65f89e1
[2025-05-18T12:00:03.485+0000] {taskinstance.py:2648} INFO - Exporting env vars: AIRFLOW_CTX_DAG_OWNER='***' AIRFLOW_CTX_DAG_ID='vietnamnet_crawler_24h' AIRFLOW_CTX_TASK_ID='crawl_cong-nghe' AIRFLOW_CTX_EXECUTION_DATE='2025-05-18T11:30:00+00:00' AIRFLOW_CTX_TRY_NUMBER='1' AIRFLOW_CTX_DAG_RUN_ID='scheduled__2025-05-18T11:30:00+00:00'
[2025-05-18T12:00:03.487+0000] {taskinstance.py:430} INFO - ::endgroup::
[2025-05-18T12:00:03.834+0000] {crawler.py:55} INFO - Đã kết nối thành công với MongoDB: News
[2025-05-18T12:00:04.661+0000] {logging_mixin.py:188} INFO - [INIT].... → Crawl4AI 0.6.3
[2025-05-18T12:00:08.806+0000] {logging_mixin.py:188} INFO - [FETCH]... ↓ https://vietnamnet.vn/tin-tuc-24h?bydaterang=&cate=00MK8V          
| ✓ | ⏱: 4.04s
[2025-05-18T12:00:09.093+0000] {logging_mixin.py:188} INFO - [SCRAPE].. ◆ https://vietnamnet.vn/tin-tuc-24h?bydaterang=&cate=00MK8V          
| ✓ | ⏱: 0.28s
[2025-05-18T12:00:09.096+0000] {logging_mixin.py:188} INFO - [COMPLETE] ● https://vietnamnet.vn/tin-tuc-24h?bydaterang=&cate=00MK8V          
| ✓ | ⏱: 4.34s
[2025-05-18T12:00:09.497+0000] {crawler.py:85} INFO - Tìm thấy 25 link bài viết cho danh mục cong-nghe
[2025-05-18T12:00:19.334+0000] {crawler.py:110} INFO - Đã lọc: 25 URLs ban đầu -> 0 URLs sau xử lý live
[2025-05-18T12:00:19.335+0000] {crawler.py:252} INFO - Không có bài viết mới nào trong danh mục cong-nghe cần crawl.
[2025-05-18T12:00:20.044+0000] {crawler.py:294} INFO - Không có bài viết để lưu vào collection 'cong-nghe'
[2025-05-18T12:00:20.432+0000] {python.py:237} INFO - Done. Returned value was: None
[2025-05-18T12:00:20.433+0000] {taskinstance.py:441} INFO - ::group::Post task execution logs
[2025-05-18T12:00:20.443+0000] {taskinstance.py:1206} INFO - Marking task as SUCCESS. dag_id=vietnamnet_crawler_24h, task_id=crawl_cong-nghe, run_id=scheduled__2025-05-18T11:30:00+00:00, execution_date=20250518T113000, start_date=20250518T120003, end_date=20250518T120020
[2025-05-18T12:00:20.485+0000] {local_task_job_runner.py:240} INFO - Task exited with return code 0
[2025-05-18T12:00:20.513+0000] {taskinstance.py:3503} INFO - 1 downstream tasks scheduled from follow-on schedule check
[2025-05-18T12:00:20.516+0000] {local_task_job_runner.py:222} INFO - ::endgroup::
