[2025-05-16T10:59:30.774+0000] {local_task_job_runner.py:120} INFO - ::group::Pre task execution logs
[2025-05-16T10:59:30.801+0000] {taskinstance.py:2076} INFO - Dependencies all met for dep_context=non-requeueable deps ti=<TaskInstance: vietnamnet_crawler_24h.crawl_giao-duc manual__2025-05-16T10:59:10.407806+00:00 [queued]>
[2025-05-16T10:59:30.812+0000] {taskinstance.py:2076} INFO - Dependencies all met for dep_context=requeueable deps ti=<TaskInstance: vietnamnet_crawler_24h.crawl_giao-duc manual__2025-05-16T10:59:10.407806+00:00 [queued]>
[2025-05-16T10:59:30.813+0000] {taskinstance.py:2306} INFO - Starting attempt 1 of 2
[2025-05-16T10:59:30.836+0000] {taskinstance.py:2330} INFO - Executing <Task(PythonOperator): crawl_giao-duc> on 2025-05-16 10:59:10.407806+00:00
[2025-05-16T10:59:30.846+0000] {warnings.py:112} WARNING - /home/***/.local/lib/python3.12/site-packages/***/task/task_runner/standard_task_runner.py:61: DeprecationWarning: This process (pid=3371) is multi-threaded, use of fork() may lead to deadlocks in the child.
  pid = os.fork()

[2025-05-16T10:59:30.848+0000] {standard_task_runner.py:63} INFO - Started process 3374 to run task
[2025-05-16T10:59:30.849+0000] {standard_task_runner.py:90} INFO - Running: ['***', 'tasks', 'run', 'vietnamnet_crawler_24h', 'crawl_giao-duc', 'manual__2025-05-16T10:59:10.407806+00:00', '--job-id', '31', '--raw', '--subdir', 'DAGS_FOLDER/dags.py', '--cfg-path', '/tmp/tmpfjrj1nbi']
[2025-05-16T10:59:30.852+0000] {standard_task_runner.py:91} INFO - Job 31: Subtask crawl_giao-duc
[2025-05-16T10:59:30.913+0000] {task_command.py:426} INFO - Running <TaskInstance: vietnamnet_crawler_24h.crawl_giao-duc manual__2025-05-16T10:59:10.407806+00:00 [running]> on host 71b827885e5f
[2025-05-16T10:59:31.054+0000] {taskinstance.py:2648} INFO - Exporting env vars: AIRFLOW_CTX_DAG_OWNER='***' AIRFLOW_CTX_DAG_ID='vietnamnet_crawler_24h' AIRFLOW_CTX_TASK_ID='crawl_giao-duc' AIRFLOW_CTX_EXECUTION_DATE='2025-05-16T10:59:10.407806+00:00' AIRFLOW_CTX_TRY_NUMBER='1' AIRFLOW_CTX_DAG_RUN_ID='manual__2025-05-16T10:59:10.407806+00:00'
[2025-05-16T10:59:31.056+0000] {taskinstance.py:430} INFO - ::endgroup::
[2025-05-16T10:59:31.292+0000] {crawler.py:54} INFO - Đã kết nối thành công với MongoDB: News
[2025-05-16T10:59:32.078+0000] {logging_mixin.py:188} INFO - [INIT].... → Crawl4AI 0.6.2
[2025-05-16T10:59:35.507+0000] {logging_mixin.py:188} INFO - [FETCH]... ↓ https://vietnamnet.vn/tin-tuc-24h?bydaterang=&cate=000006                                            | 
[2025-05-16T10:59:35.509+0000] {logging_mixin.py:188} INFO - ✓
[2025-05-16T10:59:35.510+0000] {logging_mixin.py:188} INFO -  | ⏱: 3.32s
[2025-05-16T10:59:35.861+0000] {logging_mixin.py:188} INFO - [SCRAPE].. ◆ https://vietnamnet.vn/tin-tuc-24h?bydaterang=&cate=000006                                            | 
[2025-05-16T10:59:35.863+0000] {logging_mixin.py:188} INFO - ✓
[2025-05-16T10:59:35.865+0000] {logging_mixin.py:188} INFO -  | ⏱: 
[2025-05-16T10:59:35.867+0000] {logging_mixin.py:188} INFO - 0.35
[2025-05-16T10:59:35.868+0000] {logging_mixin.py:188} INFO - s
[2025-05-16T10:59:35.870+0000] {logging_mixin.py:188} INFO - [COMPLETE] ● https://vietnamnet.vn/tin-tuc-24h?bydaterang=&cate=000006                                            | 
[2025-05-16T10:59:35.871+0000] {logging_mixin.py:188} INFO - ✓
[2025-05-16T10:59:35.873+0000] {logging_mixin.py:188} INFO -  | ⏱: 3.68s
[2025-05-16T10:59:36.310+0000] {crawler.py:84} INFO - Tìm thấy 25 link bài viết cho danh mục giao-duc
[2025-05-16T10:59:36.983+0000] {crawler.py:108} INFO - Đã lọc: 25 URLs ban đầu -> 0 URLs mới
[2025-05-16T10:59:36.983+0000] {crawler.py:229} INFO - Không có bài viết mới nào trong danh mục giao-duc cần crawl.
[2025-05-16T10:59:36.984+0000] {crawler.py:269} INFO - Không có bài viết để lưu vào collection 'giao-duc'
[2025-05-16T10:59:37.051+0000] {python.py:237} INFO - Done. Returned value was: None
[2025-05-16T10:59:37.053+0000] {taskinstance.py:441} INFO - ::group::Post task execution logs
[2025-05-16T10:59:37.064+0000] {taskinstance.py:1206} INFO - Marking task as SUCCESS. dag_id=vietnamnet_crawler_24h, task_id=crawl_giao-duc, run_id=manual__2025-05-16T10:59:10.407806+00:00, execution_date=20250516T105910, start_date=20250516T105930, end_date=20250516T105937
[2025-05-16T10:59:37.096+0000] {local_task_job_runner.py:240} INFO - Task exited with return code 0
[2025-05-16T10:59:37.129+0000] {taskinstance.py:3503} INFO - 1 downstream tasks scheduled from follow-on schedule check
[2025-05-16T10:59:37.132+0000] {local_task_job_runner.py:222} INFO - ::endgroup::
