[2025-05-18T11:00:18.289+0000] {local_task_job_runner.py:120} INFO - ::group::Pre task execution logs
[2025-05-18T11:00:18.307+0000] {taskinstance.py:2076} INFO - Dependencies all met for dep_context=non-requeueable deps ti=<TaskInstance: vietnamnet_crawler_24h.crawl_giao-duc scheduled__2025-05-18T10:30:00+00:00 [queued]>
[2025-05-18T11:00:18.314+0000] {taskinstance.py:2076} INFO - Dependencies all met for dep_context=requeueable deps ti=<TaskInstance: vietnamnet_crawler_24h.crawl_giao-duc scheduled__2025-05-18T10:30:00+00:00 [queued]>
[2025-05-18T11:00:18.315+0000] {taskinstance.py:2306} INFO - Starting attempt 1 of 2
[2025-05-18T11:00:18.327+0000] {taskinstance.py:2330} INFO - Executing <Task(PythonOperator): crawl_giao-duc> on 2025-05-18 10:30:00+00:00
[2025-05-18T11:00:18.333+0000] {warnings.py:112} WARNING - /home/***/.local/lib/python3.12/site-packages/***/task/task_runner/standard_task_runner.py:61: DeprecationWarning: This process (pid=31478) is multi-threaded, use of fork() may lead to deadlocks in the child.
  pid = os.fork()

[2025-05-18T11:00:18.334+0000] {standard_task_runner.py:63} INFO - Started process 31479 to run task
[2025-05-18T11:00:18.334+0000] {standard_task_runner.py:90} INFO - Running: ['***', 'tasks', 'run', 'vietnamnet_crawler_24h', 'crawl_giao-duc', 'scheduled__2025-05-18T10:30:00+00:00', '--job-id', '17', '--raw', '--subdir', 'DAGS_FOLDER/dags.py', '--cfg-path', '/tmp/tmp9b77iynm']
[2025-05-18T11:00:18.336+0000] {standard_task_runner.py:91} INFO - Job 17: Subtask crawl_giao-duc
[2025-05-18T11:00:18.371+0000] {task_command.py:426} INFO - Running <TaskInstance: vietnamnet_crawler_24h.crawl_giao-duc scheduled__2025-05-18T10:30:00+00:00 [running]> on host cc92a118fd3e
[2025-05-18T11:00:18.447+0000] {taskinstance.py:2648} INFO - Exporting env vars: AIRFLOW_CTX_DAG_OWNER='***' AIRFLOW_CTX_DAG_ID='vietnamnet_crawler_24h' AIRFLOW_CTX_TASK_ID='crawl_giao-duc' AIRFLOW_CTX_EXECUTION_DATE='2025-05-18T10:30:00+00:00' AIRFLOW_CTX_TRY_NUMBER='1' AIRFLOW_CTX_DAG_RUN_ID='scheduled__2025-05-18T10:30:00+00:00'
[2025-05-18T11:00:18.448+0000] {taskinstance.py:430} INFO - ::endgroup::
[2025-05-18T11:00:18.609+0000] {crawler.py:55} INFO - Đã kết nối thành công với MongoDB: News
[2025-05-18T11:00:19.197+0000] {logging_mixin.py:188} INFO - [INIT].... → Crawl4AI 0.6.3
[2025-05-18T11:00:21.961+0000] {logging_mixin.py:188} INFO - [FETCH]... ↓ https://vietnamnet.vn/tin-tuc-24h?bydaterang=&cate=000006          
| ✓ | ⏱: 2.71s
[2025-05-18T11:00:22.201+0000] {logging_mixin.py:188} INFO - [SCRAPE].. ◆ https://vietnamnet.vn/tin-tuc-24h?bydaterang=&cate=000006          
| ✓ | ⏱: 0.24s
[2025-05-18T11:00:22.204+0000] {logging_mixin.py:188} INFO - [COMPLETE] ● https://vietnamnet.vn/tin-tuc-24h?bydaterang=&cate=000006          
| ✓ | ⏱: 2.95s
[2025-05-18T11:00:22.766+0000] {crawler.py:85} INFO - Tìm thấy 25 link bài viết cho danh mục giao-duc
[2025-05-18T11:00:23.496+0000] {crawler.py:110} INFO - Đã lọc: 25 URLs ban đầu -> 0 URLs sau xử lý live
[2025-05-18T11:00:23.497+0000] {crawler.py:252} INFO - Không có bài viết mới nào trong danh mục giao-duc cần crawl.
[2025-05-18T11:00:23.564+0000] {crawler.py:294} INFO - Không có bài viết để lưu vào collection 'giao-duc'
[2025-05-18T11:00:23.627+0000] {python.py:237} INFO - Done. Returned value was: None
[2025-05-18T11:00:23.628+0000] {taskinstance.py:441} INFO - ::group::Post task execution logs
[2025-05-18T11:00:23.637+0000] {taskinstance.py:1206} INFO - Marking task as SUCCESS. dag_id=vietnamnet_crawler_24h, task_id=crawl_giao-duc, run_id=scheduled__2025-05-18T10:30:00+00:00, execution_date=20250518T103000, start_date=20250518T110018, end_date=20250518T110023
[2025-05-18T11:00:23.688+0000] {local_task_job_runner.py:240} INFO - Task exited with return code 0
[2025-05-18T11:00:23.715+0000] {taskinstance.py:3503} INFO - 1 downstream tasks scheduled from follow-on schedule check
[2025-05-18T11:00:23.718+0000] {local_task_job_runner.py:222} INFO - ::endgroup::
