[2025-05-04T13:20:30.217+0000] {local_task_job_runner.py:120} INFO - ::group::Pre task execution logs
[2025-05-04T13:20:30.239+0000] {taskinstance.py:2076} INFO - Dependencies all met for dep_context=non-requeueable deps ti=<TaskInstance: vietnamnet_crawler_with_summary.clean_old_articles manual__2025-05-04T13:20:27.153261+00:00 [queued]>
[2025-05-04T13:20:30.247+0000] {taskinstance.py:2076} INFO - Dependencies all met for dep_context=requeueable deps ti=<TaskInstance: vietnamnet_crawler_with_summary.clean_old_articles manual__2025-05-04T13:20:27.153261+00:00 [queued]>
[2025-05-04T13:20:30.248+0000] {taskinstance.py:2306} INFO - Starting attempt 1 of 2
[2025-05-04T13:20:30.263+0000] {taskinstance.py:2330} INFO - Executing <Task(PythonOperator): clean_old_articles> on 2025-05-04 13:20:27.153261+00:00
[2025-05-04T13:20:30.269+0000] {warnings.py:112} WARNING - /home/***/.local/lib/python3.12/site-packages/***/task/task_runner/standard_task_runner.py:61: DeprecationWarning: This process (pid=146) is multi-threaded, use of fork() may lead to deadlocks in the child.
  pid = os.fork()

[2025-05-04T13:20:30.270+0000] {standard_task_runner.py:63} INFO - Started process 148 to run task
[2025-05-04T13:20:30.271+0000] {standard_task_runner.py:90} INFO - Running: ['***', 'tasks', 'run', 'vietnamnet_crawler_with_summary', 'clean_old_articles', 'manual__2025-05-04T13:20:27.153261+00:00', '--job-id', '3', '--raw', '--subdir', 'DAGS_FOLDER/dags.py', '--cfg-path', '/tmp/tmpfgyg9_a_']
[2025-05-04T13:20:30.274+0000] {standard_task_runner.py:91} INFO - Job 3: Subtask clean_old_articles
[2025-05-04T13:20:30.318+0000] {task_command.py:426} INFO - Running <TaskInstance: vietnamnet_crawler_with_summary.clean_old_articles manual__2025-05-04T13:20:27.153261+00:00 [running]> on host 5aadef3b82bf
[2025-05-04T13:20:30.405+0000] {taskinstance.py:2648} INFO - Exporting env vars: AIRFLOW_CTX_DAG_OWNER='***' AIRFLOW_CTX_DAG_ID='vietnamnet_crawler_with_summary' AIRFLOW_CTX_TASK_ID='clean_old_articles' AIRFLOW_CTX_EXECUTION_DATE='2025-05-04T13:20:27.153261+00:00' AIRFLOW_CTX_TRY_NUMBER='1' AIRFLOW_CTX_DAG_RUN_ID='manual__2025-05-04T13:20:27.153261+00:00'
[2025-05-04T13:20:30.407+0000] {taskinstance.py:430} INFO - ::endgroup::
[2025-05-04T13:20:31.184+0000] {database_cleaner.py:44} INFO - Đã kết nối thành công với MongoDB: News
[2025-05-04T13:20:31.185+0000] {database_cleaner.py:134} INFO - Xóa các bài viết cũ hơn: 2025-04-03T13:20:31.185858
[2025-05-04T13:20:32.809+0000] {database_cleaner.py:174} ERROR - Lỗi khi làm sạch dữ liệu: can't compare offset-naive and offset-aware datetimes
[2025-05-04T13:20:32.871+0000] {database_cleaner.py:58} INFO - Đã đóng kết nối MongoDB
[2025-05-04T13:20:32.876+0000] {python.py:237} INFO - Done. Returned value was: {'error': "can't compare offset-naive and offset-aware datetimes"}
[2025-05-04T13:20:32.876+0000] {taskinstance.py:441} INFO - ::group::Post task execution logs
[2025-05-04T13:20:32.901+0000] {taskinstance.py:1206} INFO - Marking task as SUCCESS. dag_id=vietnamnet_crawler_with_summary, task_id=clean_old_articles, run_id=manual__2025-05-04T13:20:27.153261+00:00, execution_date=20250504T132027, start_date=20250504T132030, end_date=20250504T132032
[2025-05-04T13:20:32.941+0000] {local_task_job_runner.py:240} INFO - Task exited with return code 0
[2025-05-04T13:20:32.989+0000] {taskinstance.py:3503} INFO - 1 downstream tasks scheduled from follow-on schedule check
[2025-05-04T13:20:32.994+0000] {local_task_job_runner.py:222} INFO - ::endgroup::
