[2025-05-05T06:53:15.579+0000] {local_task_job_runner.py:120} INFO - ::group::Pre task execution logs
[2025-05-05T06:53:15.619+0000] {taskinstance.py:2076} INFO - Dependencies all met for dep_context=non-requeueable deps ti=<TaskInstance: vietnamnet_crawler_24h.crawl_phap-luat manual__2025-05-05T06:51:27.510443+00:00 [queued]>
[2025-05-05T06:53:15.636+0000] {taskinstance.py:2076} INFO - Dependencies all met for dep_context=requeueable deps ti=<TaskInstance: vietnamnet_crawler_24h.crawl_phap-luat manual__2025-05-05T06:51:27.510443+00:00 [queued]>
[2025-05-05T06:53:15.642+0000] {taskinstance.py:2306} INFO - Starting attempt 1 of 2
[2025-05-05T06:53:15.664+0000] {taskinstance.py:2330} INFO - Executing <Task(PythonOperator): crawl_phap-luat> on 2025-05-05 06:51:27.510443+00:00
[2025-05-05T06:53:15.673+0000] {warnings.py:112} WARNING - /home/***/.local/lib/python3.12/site-packages/***/task/task_runner/standard_task_runner.py:61: DeprecationWarning: This process (pid=4163) is multi-threaded, use of fork() may lead to deadlocks in the child.
  pid = os.fork()

[2025-05-05T06:53:15.675+0000] {standard_task_runner.py:63} INFO - Started process 4166 to run task
[2025-05-05T06:53:15.675+0000] {standard_task_runner.py:90} INFO - Running: ['***', 'tasks', 'run', 'vietnamnet_crawler_24h', 'crawl_phap-luat', 'manual__2025-05-05T06:51:27.510443+00:00', '--job-id', '13', '--raw', '--subdir', 'DAGS_FOLDER/dags.py', '--cfg-path', '/tmp/tmpb7c369n7']
[2025-05-05T06:53:15.680+0000] {standard_task_runner.py:91} INFO - Job 13: Subtask crawl_phap-luat
[2025-05-05T06:53:15.729+0000] {task_command.py:426} INFO - Running <TaskInstance: vietnamnet_crawler_24h.crawl_phap-luat manual__2025-05-05T06:51:27.510443+00:00 [running]> on host bf996dce4e49
[2025-05-05T06:53:15.817+0000] {taskinstance.py:2648} INFO - Exporting env vars: AIRFLOW_CTX_DAG_OWNER='***' AIRFLOW_CTX_DAG_ID='vietnamnet_crawler_24h' AIRFLOW_CTX_TASK_ID='crawl_phap-luat' AIRFLOW_CTX_EXECUTION_DATE='2025-05-05T06:51:27.510443+00:00' AIRFLOW_CTX_TRY_NUMBER='1' AIRFLOW_CTX_DAG_RUN_ID='manual__2025-05-05T06:51:27.510443+00:00'
[2025-05-05T06:53:15.819+0000] {taskinstance.py:430} INFO - ::endgroup::
[2025-05-05T06:53:16.024+0000] {crawler.py:54} INFO - Đã kết nối thành công với MongoDB: News
[2025-05-05T06:53:16.195+0000] {crawler.py:44} INFO - ArticleSummarizer đã được khởi tạo thành công
[2025-05-05T06:53:16.966+0000] {logging_mixin.py:188} INFO - [INIT].... → Crawl4AI 0.6.2
[2025-05-05T06:53:21.042+0000] {logging_mixin.py:188} INFO - [FETCH]... ↓ https://vietnamnet.vn/tin-tuc-24h?bydaterang=&cate=000008                                            | 
[2025-05-05T06:53:21.043+0000] {logging_mixin.py:188} INFO - ✓
[2025-05-05T06:53:21.044+0000] {logging_mixin.py:188} INFO -  | ⏱: 3.98s
[2025-05-05T06:53:21.322+0000] {logging_mixin.py:188} INFO - [SCRAPE].. ◆ https://vietnamnet.vn/tin-tuc-24h?bydaterang=&cate=000008                                            | 
[2025-05-05T06:53:21.323+0000] {logging_mixin.py:188} INFO - ✓
[2025-05-05T06:53:21.324+0000] {logging_mixin.py:188} INFO -  | ⏱: 0.28s
[2025-05-05T06:53:21.325+0000] {logging_mixin.py:188} INFO - [COMPLETE] ● https://vietnamnet.vn/tin-tuc-24h?bydaterang=&cate=000008                                            | 
[2025-05-05T06:53:21.325+0000] {logging_mixin.py:188} INFO - ✓
[2025-05-05T06:53:21.326+0000] {logging_mixin.py:188} INFO -  | ⏱: 4.26s
[2025-05-05T06:53:21.677+0000] {crawler.py:84} INFO - Tìm thấy 25 link bài viết cho danh mục phap-luat
[2025-05-05T06:53:23.175+0000] {crawler.py:103} INFO - Đã lọc: 25 URLs ban đầu -> 0 URLs mới
[2025-05-05T06:53:23.176+0000] {crawler.py:222} INFO - Không có bài viết mới nào trong danh mục phap-luat cần crawl.
[2025-05-05T06:53:23.176+0000] {crawler.py:257} INFO - Không có bài viết để lưu vào collection 'phap-luat'
[2025-05-05T06:53:23.218+0000] {python.py:237} INFO - Done. Returned value was: None
[2025-05-05T06:53:23.219+0000] {taskinstance.py:441} INFO - ::group::Post task execution logs
[2025-05-05T06:53:23.226+0000] {taskinstance.py:1206} INFO - Marking task as SUCCESS. dag_id=vietnamnet_crawler_24h, task_id=crawl_phap-luat, run_id=manual__2025-05-05T06:51:27.510443+00:00, execution_date=20250505T065127, start_date=20250505T065315, end_date=20250505T065323
[2025-05-05T06:53:23.287+0000] {local_task_job_runner.py:240} INFO - Task exited with return code 0
[2025-05-05T06:53:23.302+0000] {taskinstance.py:3503} INFO - 1 downstream tasks scheduled from follow-on schedule check
[2025-05-05T06:53:23.304+0000] {local_task_job_runner.py:222} INFO - ::endgroup::
