[2025-05-16T17:28:57.607+0000] {local_task_job_runner.py:120} INFO - ::group::Pre task execution logs
[2025-05-16T17:28:57.634+0000] {taskinstance.py:2076} INFO - Dependencies all met for dep_context=non-requeueable deps ti=<TaskInstance: vietnamnet_crawler_24h.crawl_doi-song manual__2025-05-16T17:28:17.222592+00:00 [queued]>
[2025-05-16T17:28:57.645+0000] {taskinstance.py:2076} INFO - Dependencies all met for dep_context=requeueable deps ti=<TaskInstance: vietnamnet_crawler_24h.crawl_doi-song manual__2025-05-16T17:28:17.222592+00:00 [queued]>
[2025-05-16T17:28:57.647+0000] {taskinstance.py:2306} INFO - Starting attempt 1 of 2
[2025-05-16T17:28:57.664+0000] {taskinstance.py:2330} INFO - Executing <Task(PythonOperator): crawl_doi-song> on 2025-05-16 17:28:17.222592+00:00
[2025-05-16T17:28:57.670+0000] {warnings.py:112} WARNING - /home/***/.local/lib/python3.12/site-packages/***/task/task_runner/standard_task_runner.py:61: DeprecationWarning: This process (pid=1695) is multi-threaded, use of fork() may lead to deadlocks in the child.
  pid = os.fork()

[2025-05-16T17:28:57.672+0000] {standard_task_runner.py:63} INFO - Started process 1696 to run task
[2025-05-16T17:28:57.672+0000] {standard_task_runner.py:90} INFO - Running: ['***', 'tasks', 'run', 'vietnamnet_crawler_24h', 'crawl_doi-song', 'manual__2025-05-16T17:28:17.222592+00:00', '--job-id', '113', '--raw', '--subdir', 'DAGS_FOLDER/dags.py', '--cfg-path', '/tmp/tmp_rjphu8i']
[2025-05-16T17:28:57.675+0000] {standard_task_runner.py:91} INFO - Job 113: Subtask crawl_doi-song
[2025-05-16T17:28:57.723+0000] {task_command.py:426} INFO - Running <TaskInstance: vietnamnet_crawler_24h.crawl_doi-song manual__2025-05-16T17:28:17.222592+00:00 [running]> on host 60d771d880eb
[2025-05-16T17:28:57.852+0000] {taskinstance.py:2648} INFO - Exporting env vars: AIRFLOW_CTX_DAG_OWNER='***' AIRFLOW_CTX_DAG_ID='vietnamnet_crawler_24h' AIRFLOW_CTX_TASK_ID='crawl_doi-song' AIRFLOW_CTX_EXECUTION_DATE='2025-05-16T17:28:17.222592+00:00' AIRFLOW_CTX_TRY_NUMBER='1' AIRFLOW_CTX_DAG_RUN_ID='manual__2025-05-16T17:28:17.222592+00:00'
[2025-05-16T17:28:57.854+0000] {taskinstance.py:430} INFO - ::endgroup::
[2025-05-16T17:28:58.102+0000] {crawler.py:55} INFO - Đã kết nối thành công với MongoDB: News
[2025-05-16T17:28:58.769+0000] {logging_mixin.py:188} INFO - [INIT].... → Crawl4AI 0.6.2
[2025-05-16T17:29:01.525+0000] {logging_mixin.py:188} INFO - [FETCH]... ↓ https://vietnamnet.vn/tin-tuc-24h?bydaterang=&cate=000007                                            | 
[2025-05-16T17:29:01.526+0000] {logging_mixin.py:188} INFO - ✓
[2025-05-16T17:29:01.526+0000] {logging_mixin.py:188} INFO -  | ⏱: 2.70s
[2025-05-16T17:29:01.694+0000] {logging_mixin.py:188} INFO - [SCRAPE].. ◆ https://vietnamnet.vn/tin-tuc-24h?bydaterang=&cate=000007                                            | 
[2025-05-16T17:29:01.695+0000] {logging_mixin.py:188} INFO - ✓
[2025-05-16T17:29:01.696+0000] {logging_mixin.py:188} INFO -  | ⏱: 0.17s
[2025-05-16T17:29:01.697+0000] {logging_mixin.py:188} INFO - [COMPLETE] ● https://vietnamnet.vn/tin-tuc-24h?bydaterang=&cate=000007                                            | 
[2025-05-16T17:29:01.697+0000] {logging_mixin.py:188} INFO - ✓
[2025-05-16T17:29:01.698+0000] {logging_mixin.py:188} INFO -  | ⏱: 2.87s
[2025-05-16T17:29:01.901+0000] {crawler.py:85} INFO - Tìm thấy 25 link bài viết cho danh mục doi-song
[2025-05-16T17:29:02.505+0000] {crawler.py:110} INFO - Đã lọc: 25 URLs ban đầu -> 0 URLs sau xử lý live
[2025-05-16T17:29:02.505+0000] {crawler.py:252} INFO - Không có bài viết mới nào trong danh mục doi-song cần crawl.
[2025-05-16T17:29:02.580+0000] {crawler.py:294} INFO - Không có bài viết để lưu vào collection 'doi-song'
[2025-05-16T17:29:02.652+0000] {python.py:237} INFO - Done. Returned value was: None
[2025-05-16T17:29:02.655+0000] {taskinstance.py:441} INFO - ::group::Post task execution logs
[2025-05-16T17:29:02.663+0000] {taskinstance.py:1206} INFO - Marking task as SUCCESS. dag_id=vietnamnet_crawler_24h, task_id=crawl_doi-song, run_id=manual__2025-05-16T17:28:17.222592+00:00, execution_date=20250516T172817, start_date=20250516T172857, end_date=20250516T172902
[2025-05-16T17:29:02.712+0000] {local_task_job_runner.py:240} INFO - Task exited with return code 0
[2025-05-16T17:29:02.725+0000] {taskinstance.py:3503} INFO - 0 downstream tasks scheduled from follow-on schedule check
[2025-05-16T17:29:02.727+0000] {local_task_job_runner.py:222} INFO - ::endgroup::
