[2025-05-19T07:22:58.744+0000] {local_task_job_runner.py:120} INFO - ::group::Pre task execution logs
[2025-05-19T07:22:58.774+0000] {taskinstance.py:2076} INFO - Dependencies all met for dep_context=non-requeueable deps ti=<TaskInstance: vietnamnet_crawler_24h.crawl_cong-nghe scheduled__2025-05-19T06:30:00+00:00 [queued]>
[2025-05-19T07:22:58.784+0000] {taskinstance.py:2076} INFO - Dependencies all met for dep_context=requeueable deps ti=<TaskInstance: vietnamnet_crawler_24h.crawl_cong-nghe scheduled__2025-05-19T06:30:00+00:00 [queued]>
[2025-05-19T07:22:58.785+0000] {taskinstance.py:2306} INFO - Starting attempt 1 of 2
[2025-05-19T07:22:58.818+0000] {taskinstance.py:2330} INFO - Executing <Task(PythonOperator): crawl_cong-nghe> on 2025-05-19 06:30:00+00:00
[2025-05-19T07:22:58.832+0000] {warnings.py:112} WARNING - /home/***/.local/lib/python3.12/site-packages/***/task/task_runner/standard_task_runner.py:61: DeprecationWarning: This process (pid=2644) is multi-threaded, use of fork() may lead to deadlocks in the child.
  pid = os.fork()

[2025-05-19T07:22:58.834+0000] {standard_task_runner.py:63} INFO - Started process 2656 to run task
[2025-05-19T07:22:58.833+0000] {standard_task_runner.py:90} INFO - Running: ['***', 'tasks', 'run', 'vietnamnet_crawler_24h', 'crawl_cong-nghe', 'scheduled__2025-05-19T06:30:00+00:00', '--job-id', '11', '--raw', '--subdir', 'DAGS_FOLDER/dags.py', '--cfg-path', '/tmp/tmpmxq0itqu']
[2025-05-19T07:22:58.837+0000] {standard_task_runner.py:91} INFO - Job 11: Subtask crawl_cong-nghe
[2025-05-19T07:22:58.892+0000] {task_command.py:426} INFO - Running <TaskInstance: vietnamnet_crawler_24h.crawl_cong-nghe scheduled__2025-05-19T06:30:00+00:00 [running]> on host 77183253eef9
[2025-05-19T07:22:59.020+0000] {taskinstance.py:2648} INFO - Exporting env vars: AIRFLOW_CTX_DAG_OWNER='***' AIRFLOW_CTX_DAG_ID='vietnamnet_crawler_24h' AIRFLOW_CTX_TASK_ID='crawl_cong-nghe' AIRFLOW_CTX_EXECUTION_DATE='2025-05-19T06:30:00+00:00' AIRFLOW_CTX_TRY_NUMBER='1' AIRFLOW_CTX_DAG_RUN_ID='scheduled__2025-05-19T06:30:00+00:00'
[2025-05-19T07:22:59.022+0000] {taskinstance.py:430} INFO - ::endgroup::
[2025-05-19T07:22:59.565+0000] {crawler.py:55} INFO - Đã kết nối thành công với MongoDB: News
[2025-05-19T07:23:01.531+0000] {logging_mixin.py:188} INFO - [INIT].... → Crawl4AI 0.6.3
[2025-05-19T07:23:05.879+0000] {logging_mixin.py:188} INFO - [FETCH]... ↓ https://vietnamnet.vn/tin-tuc-24h?bydaterang=&cate=00MK8V          
| ✓ | ⏱: 4.25s
[2025-05-19T07:23:06.146+0000] {logging_mixin.py:188} INFO - [SCRAPE].. ◆ https://vietnamnet.vn/tin-tuc-24h?bydaterang=&cate=00MK8V          
| ✓ | ⏱: 0.26s
[2025-05-19T07:23:06.149+0000] {logging_mixin.py:188} INFO - [COMPLETE] ● https://vietnamnet.vn/tin-tuc-24h?bydaterang=&cate=00MK8V          
| ✓ | ⏱: 4.52s
[2025-05-19T07:23:06.471+0000] {crawler.py:85} INFO - Tìm thấy 25 link bài viết cho danh mục cong-nghe
[2025-05-19T07:23:07.173+0000] {crawler.py:110} INFO - Đã lọc: 25 URLs ban đầu -> 0 URLs sau xử lý live
[2025-05-19T07:23:07.174+0000] {crawler.py:252} INFO - Không có bài viết mới nào trong danh mục cong-nghe cần crawl.
[2025-05-19T07:23:07.236+0000] {crawler.py:294} INFO - Không có bài viết để lưu vào collection 'cong-nghe'
[2025-05-19T07:23:07.285+0000] {python.py:237} INFO - Done. Returned value was: None
[2025-05-19T07:23:07.286+0000] {taskinstance.py:441} INFO - ::group::Post task execution logs
[2025-05-19T07:23:07.295+0000] {taskinstance.py:1206} INFO - Marking task as SUCCESS. dag_id=vietnamnet_crawler_24h, task_id=crawl_cong-nghe, run_id=scheduled__2025-05-19T06:30:00+00:00, execution_date=20250519T063000, start_date=20250519T072258, end_date=20250519T072307
[2025-05-19T07:23:07.353+0000] {local_task_job_runner.py:240} INFO - Task exited with return code 0
[2025-05-19T07:23:07.386+0000] {taskinstance.py:3503} INFO - 1 downstream tasks scheduled from follow-on schedule check
[2025-05-19T07:23:07.389+0000] {local_task_job_runner.py:222} INFO - ::endgroup::
