[2025-05-18T14:00:01.615+0000] {local_task_job_runner.py:120} INFO - ::group::Pre task execution logs
[2025-05-18T14:00:01.631+0000] {taskinstance.py:2076} INFO - Dependencies all met for dep_context=non-requeueable deps ti=<TaskInstance: vietnamnet_crawler_24h.crawl_cong-nghe scheduled__2025-05-18T13:30:00+00:00 [queued]>
[2025-05-18T14:00:01.636+0000] {taskinstance.py:2076} INFO - Dependencies all met for dep_context=requeueable deps ti=<TaskInstance: vietnamnet_crawler_24h.crawl_cong-nghe scheduled__2025-05-18T13:30:00+00:00 [queued]>
[2025-05-18T14:00:01.637+0000] {taskinstance.py:2306} INFO - Starting attempt 1 of 2
[2025-05-18T14:00:01.648+0000] {taskinstance.py:2330} INFO - Executing <Task(PythonOperator): crawl_cong-nghe> on 2025-05-18 13:30:00+00:00
[2025-05-18T14:00:01.654+0000] {warnings.py:112} WARNING - /home/***/.local/lib/python3.12/site-packages/***/task/task_runner/standard_task_runner.py:61: DeprecationWarning: This process (pid=10738) is multi-threaded, use of fork() may lead to deadlocks in the child.
  pid = os.fork()

[2025-05-18T14:00:01.656+0000] {standard_task_runner.py:63} INFO - Started process 10739 to run task
[2025-05-18T14:00:01.654+0000] {standard_task_runner.py:90} INFO - Running: ['***', 'tasks', 'run', 'vietnamnet_crawler_24h', 'crawl_cong-nghe', 'scheduled__2025-05-18T13:30:00+00:00', '--job-id', '33', '--raw', '--subdir', 'DAGS_FOLDER/dags.py', '--cfg-path', '/tmp/tmpu2n_3n_a']
[2025-05-18T14:00:01.657+0000] {standard_task_runner.py:91} INFO - Job 33: Subtask crawl_cong-nghe
[2025-05-18T14:00:01.700+0000] {task_command.py:426} INFO - Running <TaskInstance: vietnamnet_crawler_24h.crawl_cong-nghe scheduled__2025-05-18T13:30:00+00:00 [running]> on host a383b65f89e1
[2025-05-18T14:00:01.770+0000] {taskinstance.py:2648} INFO - Exporting env vars: AIRFLOW_CTX_DAG_OWNER='***' AIRFLOW_CTX_DAG_ID='vietnamnet_crawler_24h' AIRFLOW_CTX_TASK_ID='crawl_cong-nghe' AIRFLOW_CTX_EXECUTION_DATE='2025-05-18T13:30:00+00:00' AIRFLOW_CTX_TRY_NUMBER='1' AIRFLOW_CTX_DAG_RUN_ID='scheduled__2025-05-18T13:30:00+00:00'
[2025-05-18T14:00:01.771+0000] {taskinstance.py:430} INFO - ::endgroup::
[2025-05-18T14:00:02.002+0000] {crawler.py:55} INFO - Đã kết nối thành công với MongoDB: News
[2025-05-18T14:00:02.583+0000] {logging_mixin.py:188} INFO - [INIT].... → Crawl4AI 0.6.3
[2025-05-18T14:00:04.818+0000] {logging_mixin.py:188} INFO - [FETCH]... ↓ https://vietnamnet.vn/tin-tuc-24h?bydaterang=&cate=00MK8V          
| ✓ | ⏱: 2.18s
[2025-05-18T14:00:04.971+0000] {logging_mixin.py:188} INFO - [SCRAPE].. ◆ https://vietnamnet.vn/tin-tuc-24h?bydaterang=&cate=00MK8V          
| ✓ | ⏱: 0.15s
[2025-05-18T14:00:04.973+0000] {logging_mixin.py:188} INFO - [COMPLETE] ● https://vietnamnet.vn/tin-tuc-24h?bydaterang=&cate=00MK8V          
| ✓ | ⏱: 2.34s
[2025-05-18T14:00:05.189+0000] {crawler.py:85} INFO - Tìm thấy 25 link bài viết cho danh mục cong-nghe
[2025-05-18T14:00:05.769+0000] {crawler.py:110} INFO - Đã lọc: 25 URLs ban đầu -> 0 URLs sau xử lý live
[2025-05-18T14:00:05.770+0000] {crawler.py:252} INFO - Không có bài viết mới nào trong danh mục cong-nghe cần crawl.
[2025-05-18T14:00:05.840+0000] {crawler.py:294} INFO - Không có bài viết để lưu vào collection 'cong-nghe'
[2025-05-18T14:00:05.903+0000] {python.py:237} INFO - Done. Returned value was: None
[2025-05-18T14:00:05.905+0000] {taskinstance.py:441} INFO - ::group::Post task execution logs
[2025-05-18T14:00:05.912+0000] {taskinstance.py:1206} INFO - Marking task as SUCCESS. dag_id=vietnamnet_crawler_24h, task_id=crawl_cong-nghe, run_id=scheduled__2025-05-18T13:30:00+00:00, execution_date=20250518T133000, start_date=20250518T140001, end_date=20250518T140005
[2025-05-18T14:00:05.967+0000] {local_task_job_runner.py:240} INFO - Task exited with return code 0
[2025-05-18T14:00:05.987+0000] {taskinstance.py:3503} INFO - 1 downstream tasks scheduled from follow-on schedule check
[2025-05-18T14:00:05.990+0000] {local_task_job_runner.py:222} INFO - ::endgroup::
