[2025-06-21T23:07:27.995+0000] {local_task_job_runner.py:120} INFO - ::group::Pre task execution logs
[2025-06-21T23:07:28.009+0000] {taskinstance.py:2076} INFO - Dependencies all met for dep_context=non-requeueable deps ti=<TaskInstance: deepai_crawler_10min.crawl_science manual__2025-06-21T23:06:53.327920+00:00 [queued]>
[2025-06-21T23:07:28.017+0000] {taskinstance.py:2076} INFO - Dependencies all met for dep_context=requeueable deps ti=<TaskInstance: deepai_crawler_10min.crawl_science manual__2025-06-21T23:06:53.327920+00:00 [queued]>
[2025-06-21T23:07:28.017+0000] {taskinstance.py:2306} INFO - Starting attempt 1 of 3
[2025-06-21T23:07:28.032+0000] {taskinstance.py:2330} INFO - Executing <Task(PythonOperator): crawl_science> on 2025-06-21 23:06:53.327920+00:00
[2025-06-21T23:07:28.043+0000] {warnings.py:112} WARNING - /home/***/.local/lib/python3.12/site-packages/***/task/task_runner/standard_task_runner.py:61: DeprecationWarning: This process (pid=488) is multi-threaded, use of fork() may lead to deadlocks in the child.
  pid = os.fork()

[2025-06-21T23:07:28.047+0000] {standard_task_runner.py:63} INFO - Started process 517 to run task
[2025-06-21T23:07:28.045+0000] {standard_task_runner.py:90} INFO - Running: ['***', 'tasks', 'run', 'deepai_crawler_10min', 'crawl_science', 'manual__2025-06-21T23:06:53.327920+00:00', '--job-id', '60', '--raw', '--subdir', 'DAGS_FOLDER/dags.py', '--cfg-path', '/tmp/tmp85wc37c_']
[2025-06-21T23:07:28.048+0000] {standard_task_runner.py:91} INFO - Job 60: Subtask crawl_science
[2025-06-21T23:07:28.094+0000] {task_command.py:426} INFO - Running <TaskInstance: deepai_crawler_10min.crawl_science manual__2025-06-21T23:06:53.327920+00:00 [running]> on host 7d40007c1167
[2025-06-21T23:07:28.183+0000] {taskinstance.py:2648} INFO - Exporting env vars: AIRFLOW_CTX_DAG_OWNER='***' AIRFLOW_CTX_DAG_ID='deepai_crawler_10min' AIRFLOW_CTX_TASK_ID='crawl_science' AIRFLOW_CTX_EXECUTION_DATE='2025-06-21T23:06:53.327920+00:00' AIRFLOW_CTX_TRY_NUMBER='1' AIRFLOW_CTX_DAG_RUN_ID='manual__2025-06-21T23:06:53.327920+00:00'
[2025-06-21T23:07:28.185+0000] {taskinstance.py:430} INFO - ::endgroup::
[2025-06-21T23:07:28.198+0000] {dags.py:167} INFO - Bắt đầu crawl category: science
[2025-06-21T23:07:28.304+0000] {crawler_deeplai.py:49} INFO - Đã kết nối thành công với MongoDB: deeplearning_ai_news
[2025-06-21T23:07:28.333+0000] {crawler_deeplai.py:463} INFO - 🚀 Đang bắt đầu quá trình crawl với Load More...
[2025-06-21T23:07:28.969+0000] {logging_mixin.py:188} INFO - [INIT].... → Crawl4AI 0.6.3
[2025-06-21T23:07:28.970+0000] {crawler_deeplai.py:177} INFO - 🌐 Đang truy cập: https://www.deeplearning.ai/the-batch/tag/science/
[2025-06-21T23:07:28.970+0000] {crawler_deeplai.py:178} INFO - ⚙️ Cấu hình: max_articles=100, min_threshold=5, max_clicks=1
[2025-06-21T23:07:32.375+0000] {logging_mixin.py:188} INFO - [FETCH]... ↓ https://www.deeplearning.ai/the-batch/tag/science/                 
| ✓ | ⏱: 3.40s
[2025-06-21T23:07:32.463+0000] {logging_mixin.py:188} INFO - [SCRAPE].. ◆ https://www.deeplearning.ai/the-batch/tag/science/                 
| ✓ | ⏱: 0.09s
[2025-06-21T23:07:32.465+0000] {logging_mixin.py:188} INFO - [COMPLETE] ● https://www.deeplearning.ai/the-batch/tag/science/                 
| ✓ | ⏱: 3.49s
[2025-06-21T23:07:32.465+0000] {crawler_deeplai.py:182} INFO - 📋 JavaScript execution result: {'success': True, 'results': [{'success': True, 'result': {}}]}
[2025-06-21T23:07:32.497+0000] {crawler_deeplai.py:202} INFO - 🎯 Tổng cộng tìm thấy 30 link bài viết unique
[2025-06-21T23:07:32.497+0000] {crawler_deeplai.py:206} INFO - 🔍 Một vài URL đầu tiên:
[2025-06-21T23:07:32.498+0000] {crawler_deeplai.py:208} INFO -   1. https://www.deeplearning.ai/the-batch/a-neural-network-shows-remarkable-accuracy-in-forecasting-risk-of-pancreatic-cancer/
[2025-06-21T23:07:32.498+0000] {crawler_deeplai.py:208} INFO -   2. https://www.deeplearning.ai/the-batch/a-roadmap-explores-how-ai-can-detect-and-mitigate-greenhouse-gases/
[2025-06-21T23:07:32.499+0000] {crawler_deeplai.py:208} INFO -   3. https://www.deeplearning.ai/the-batch/agentic-workflow-generates-novel-scientific-research-papers/
[2025-06-21T23:07:32.499+0000] {crawler_deeplai.py:208} INFO -   4. https://www.deeplearning.ai/the-batch/ai-and-data-center-boom-challenges-big-techs-emissions-targets/
[2025-06-21T23:07:32.500+0000] {crawler_deeplai.py:208} INFO -   5. https://www.deeplearning.ai/the-batch/ai-co-scientist-an-agent-that-generates-research-hypotheses-aiding-drug-discovery/
[2025-06-21T23:07:32.500+0000] {crawler_deeplai.py:212} INFO - 📊 Sẽ crawl 30 bài viết
[2025-06-21T23:07:33.064+0000] {crawler_deeplai.py:456} INFO - Đã lọc: 30 URLs ban đầu -> 0 URLs mới
[2025-06-21T23:07:33.065+0000] {crawler_deeplai.py:474} INFO - ℹ️ Không có bài viết mới nào trong danh mục science cần crawl.
[2025-06-21T23:07:33.065+0000] {crawler_deeplai.py:531} INFO - ℹ️ Không có bài viết để lưu vào collection 'science'
[2025-06-21T23:07:33.122+0000] {dags.py:172} INFO - Hoàn thành crawl category: science
[2025-06-21T23:07:33.123+0000] {python.py:237} INFO - Done. Returned value was: None
[2025-06-21T23:07:33.123+0000] {taskinstance.py:441} INFO - ::group::Post task execution logs
[2025-06-21T23:07:33.131+0000] {taskinstance.py:1206} INFO - Marking task as SUCCESS. dag_id=deepai_crawler_10min, task_id=crawl_science, run_id=manual__2025-06-21T23:06:53.327920+00:00, execution_date=20250621T230653, start_date=20250621T230728, end_date=20250621T230733
[2025-06-21T23:07:33.166+0000] {local_task_job_runner.py:240} INFO - Task exited with return code 0
[2025-06-21T23:07:33.188+0000] {taskinstance.py:3503} INFO - 1 downstream tasks scheduled from follow-on schedule check
[2025-06-21T23:07:33.191+0000] {local_task_job_runner.py:222} INFO - ::endgroup::
