[2025-05-18T15:00:01.299+0000] {local_task_job_runner.py:120} INFO - ::group::Pre task execution logs
[2025-05-18T15:00:01.317+0000] {taskinstance.py:2076} INFO - Dependencies all met for dep_context=non-requeueable deps ti=<TaskInstance: vietnamnet_crawler_24h.crawl_cong-nghe scheduled__2025-05-18T14:30:00+00:00 [queued]>
[2025-05-18T15:00:01.323+0000] {taskinstance.py:2076} INFO - Dependencies all met for dep_context=requeueable deps ti=<TaskInstance: vietnamnet_crawler_24h.crawl_cong-nghe scheduled__2025-05-18T14:30:00+00:00 [queued]>
[2025-05-18T15:00:01.323+0000] {taskinstance.py:2306} INFO - Starting attempt 1 of 2
[2025-05-18T15:00:01.335+0000] {taskinstance.py:2330} INFO - Executing <Task(PythonOperator): crawl_cong-nghe> on 2025-05-18 14:30:00+00:00
[2025-05-18T15:00:01.340+0000] {warnings.py:112} WARNING - /home/***/.local/lib/python3.12/site-packages/***/task/task_runner/standard_task_runner.py:61: DeprecationWarning: This process (pid=14416) is multi-threaded, use of fork() may lead to deadlocks in the child.
  pid = os.fork()

[2025-05-18T15:00:01.341+0000] {standard_task_runner.py:63} INFO - Started process 14417 to run task
[2025-05-18T15:00:01.341+0000] {standard_task_runner.py:90} INFO - Running: ['***', 'tasks', 'run', 'vietnamnet_crawler_24h', 'crawl_cong-nghe', 'scheduled__2025-05-18T14:30:00+00:00', '--job-id', '45', '--raw', '--subdir', 'DAGS_FOLDER/dags.py', '--cfg-path', '/tmp/tmpsszkb5_l']
[2025-05-18T15:00:01.343+0000] {standard_task_runner.py:91} INFO - Job 45: Subtask crawl_cong-nghe
[2025-05-18T15:00:01.380+0000] {task_command.py:426} INFO - Running <TaskInstance: vietnamnet_crawler_24h.crawl_cong-nghe scheduled__2025-05-18T14:30:00+00:00 [running]> on host a383b65f89e1
[2025-05-18T15:00:01.458+0000] {taskinstance.py:2648} INFO - Exporting env vars: AIRFLOW_CTX_DAG_OWNER='***' AIRFLOW_CTX_DAG_ID='vietnamnet_crawler_24h' AIRFLOW_CTX_TASK_ID='crawl_cong-nghe' AIRFLOW_CTX_EXECUTION_DATE='2025-05-18T14:30:00+00:00' AIRFLOW_CTX_TRY_NUMBER='1' AIRFLOW_CTX_DAG_RUN_ID='scheduled__2025-05-18T14:30:00+00:00'
[2025-05-18T15:00:01.459+0000] {taskinstance.py:430} INFO - ::endgroup::
[2025-05-18T15:00:01.711+0000] {crawler.py:55} INFO - Đã kết nối thành công với MongoDB: News
[2025-05-18T15:00:02.243+0000] {logging_mixin.py:188} INFO - [INIT].... → Crawl4AI 0.6.3
[2025-05-18T15:00:08.481+0000] {logging_mixin.py:188} INFO - [FETCH]... ↓ https://vietnamnet.vn/tin-tuc-24h?bydaterang=&cate=00MK8V          
| ✓ | ⏱: 6.18s
[2025-05-18T15:00:08.643+0000] {logging_mixin.py:188} INFO - [SCRAPE].. ◆ https://vietnamnet.vn/tin-tuc-24h?bydaterang=&cate=00MK8V          
| ✓ | ⏱: 0.16s
[2025-05-18T15:00:08.645+0000] {logging_mixin.py:188} INFO - [COMPLETE] ● https://vietnamnet.vn/tin-tuc-24h?bydaterang=&cate=00MK8V          
| ✓ | ⏱: 6.34s
[2025-05-18T15:00:08.910+0000] {crawler.py:85} INFO - Tìm thấy 25 link bài viết cho danh mục cong-nghe
[2025-05-18T15:00:09.526+0000] {crawler.py:110} INFO - Đã lọc: 25 URLs ban đầu -> 0 URLs sau xử lý live
[2025-05-18T15:00:09.527+0000] {crawler.py:252} INFO - Không có bài viết mới nào trong danh mục cong-nghe cần crawl.
[2025-05-18T15:00:09.601+0000] {crawler.py:294} INFO - Không có bài viết để lưu vào collection 'cong-nghe'
[2025-05-18T15:00:09.673+0000] {python.py:237} INFO - Done. Returned value was: None
[2025-05-18T15:00:09.675+0000] {taskinstance.py:441} INFO - ::group::Post task execution logs
[2025-05-18T15:00:09.687+0000] {taskinstance.py:1206} INFO - Marking task as SUCCESS. dag_id=vietnamnet_crawler_24h, task_id=crawl_cong-nghe, run_id=scheduled__2025-05-18T14:30:00+00:00, execution_date=20250518T143000, start_date=20250518T150001, end_date=20250518T150009
[2025-05-18T15:00:09.750+0000] {local_task_job_runner.py:240} INFO - Task exited with return code 0
[2025-05-18T15:00:09.791+0000] {taskinstance.py:3503} INFO - 1 downstream tasks scheduled from follow-on schedule check
[2025-05-18T15:00:09.793+0000] {local_task_job_runner.py:222} INFO - ::endgroup::
