[2025-06-22T00:36:41.571+0000] {local_task_job_runner.py:120} INFO - ::group::Pre task execution logs
[2025-06-22T00:36:41.590+0000] {taskinstance.py:2076} INFO - Dependencies all met for dep_context=non-requeueable deps ti=<TaskInstance: deepai_crawler_10min.crawl_hardware scheduled__2025-06-22T00:20:00+00:00 [queued]>
[2025-06-22T00:36:41.601+0000] {taskinstance.py:2076} INFO - Dependencies all met for dep_context=requeueable deps ti=<TaskInstance: deepai_crawler_10min.crawl_hardware scheduled__2025-06-22T00:20:00+00:00 [queued]>
[2025-06-22T00:36:41.601+0000] {taskinstance.py:2306} INFO - Starting attempt 2 of 3
[2025-06-22T00:36:41.620+0000] {taskinstance.py:2330} INFO - Executing <Task(PythonOperator): crawl_hardware> on 2025-06-22 00:20:00+00:00
[2025-06-22T00:36:41.631+0000] {warnings.py:112} WARNING - /home/***/.local/lib/python3.12/site-packages/***/task/task_runner/standard_task_runner.py:61: DeprecationWarning: This process (pid=391) is multi-threaded, use of fork() may lead to deadlocks in the child.
  pid = os.fork()

[2025-06-22T00:36:41.633+0000] {standard_task_runner.py:63} INFO - Started process 434 to run task
[2025-06-22T00:36:41.635+0000] {standard_task_runner.py:90} INFO - Running: ['***', 'tasks', 'run', 'deepai_crawler_10min', 'crawl_hardware', 'scheduled__2025-06-22T00:20:00+00:00', '--job-id', '152', '--raw', '--subdir', 'DAGS_FOLDER/dags.py', '--cfg-path', '/tmp/tmpwwhj4t6r']
[2025-06-22T00:36:41.640+0000] {standard_task_runner.py:91} INFO - Job 152: Subtask crawl_hardware
[2025-06-22T00:36:41.696+0000] {task_command.py:426} INFO - Running <TaskInstance: deepai_crawler_10min.crawl_hardware scheduled__2025-06-22T00:20:00+00:00 [running]> on host 5471b5a2dbbe
[2025-06-22T00:36:41.830+0000] {taskinstance.py:2648} INFO - Exporting env vars: AIRFLOW_CTX_DAG_OWNER='***' AIRFLOW_CTX_DAG_ID='deepai_crawler_10min' AIRFLOW_CTX_TASK_ID='crawl_hardware' AIRFLOW_CTX_EXECUTION_DATE='2025-06-22T00:20:00+00:00' AIRFLOW_CTX_TRY_NUMBER='2' AIRFLOW_CTX_DAG_RUN_ID='scheduled__2025-06-22T00:20:00+00:00'
[2025-06-22T00:36:41.832+0000] {taskinstance.py:430} INFO - ::endgroup::
[2025-06-22T00:36:41.853+0000] {dags.py:169} INFO - Bắt đầu crawl category: hardware
[2025-06-22T00:36:42.140+0000] {crawler_deeplai.py:52} INFO - Đã kết nối thành công với MongoDB: deeplearning_ai_news
[2025-06-22T00:36:42.178+0000] {crawler_deeplai.py:466} INFO - 🚀 Đang bắt đầu quá trình crawl với Load More...
[2025-06-22T00:36:43.251+0000] {logging_mixin.py:188} INFO - [INIT].... → Crawl4AI 0.6.3
[2025-06-22T00:36:43.255+0000] {crawler_deeplai.py:180} INFO - 🌐 Đang truy cập: https://www.deeplearning.ai/the-batch/tag/hardware/
[2025-06-22T00:36:43.255+0000] {crawler_deeplai.py:181} INFO - ⚙️ Cấu hình: max_articles=100, min_threshold=5, max_clicks=1
[2025-06-22T00:36:47.341+0000] {logging_mixin.py:188} INFO - [FETCH]... ↓ https://www.deeplearning.ai/the-batch/tag/hardware/                
| ✓ | ⏱: 4.08s
[2025-06-22T00:36:47.463+0000] {logging_mixin.py:188} INFO - [SCRAPE].. ◆ https://www.deeplearning.ai/the-batch/tag/hardware/                
| ✓ | ⏱: 0.12s
[2025-06-22T00:36:47.467+0000] {logging_mixin.py:188} INFO - [COMPLETE] ● https://www.deeplearning.ai/the-batch/tag/hardware/                
| ✓ | ⏱: 4.21s
[2025-06-22T00:36:47.470+0000] {crawler_deeplai.py:185} INFO - 📋 JavaScript execution result: {'success': True, 'results': [{'success': True, 'result': {}}]}
[2025-06-22T00:36:47.516+0000] {crawler_deeplai.py:205} INFO - 🎯 Tổng cộng tìm thấy 30 link bài viết unique
[2025-06-22T00:36:47.516+0000] {crawler_deeplai.py:209} INFO - 🔍 Một vài URL đầu tiên:
[2025-06-22T00:36:47.517+0000] {crawler_deeplai.py:211} INFO -   1. https://www.deeplearning.ai/the-batch/ai-creates-an-interactive-minecraft-like-world-in-real-time/
[2025-06-22T00:36:47.517+0000] {crawler_deeplai.py:211} INFO -   2. https://www.deeplearning.ai/the-batch/ai-electricity-demands-spur-an-expansion-of-power-sources/
[2025-06-22T00:36:47.518+0000] {crawler_deeplai.py:211} INFO -   3. https://www.deeplearning.ai/the-batch/all-about-nvidia-gpu-shortage/
[2025-06-22T00:36:47.518+0000] {crawler_deeplai.py:211} INFO -   4. https://www.deeplearning.ai/the-batch/all-about-nvidias-new-blackwell-architecture-and-b200-gpu/
[2025-06-22T00:36:47.519+0000] {crawler_deeplai.py:211} INFO -   5. https://www.deeplearning.ai/the-batch/amazon-google-and-microsoft-bet-on-nuclear-power-to-meet-ai-energy-demands/
[2025-06-22T00:36:47.519+0000] {crawler_deeplai.py:215} INFO - 📊 Sẽ crawl 30 bài viết
[2025-06-22T00:36:48.063+0000] {crawler_deeplai.py:459} INFO - Đã lọc: 30 URLs ban đầu -> 0 URLs mới
[2025-06-22T00:36:48.064+0000] {crawler_deeplai.py:477} INFO - ℹ️ Không có bài viết mới nào trong danh mục hardware cần crawl.
[2025-06-22T00:36:48.065+0000] {crawler_deeplai.py:534} INFO - ℹ️ Không có bài viết để lưu vào collection 'hardware'
[2025-06-22T00:36:48.117+0000] {dags.py:174} INFO - Hoàn thành crawl category: hardware
[2025-06-22T00:36:48.118+0000] {python.py:237} INFO - Done. Returned value was: None
[2025-06-22T00:36:48.118+0000] {taskinstance.py:441} INFO - ::group::Post task execution logs
[2025-06-22T00:36:48.129+0000] {taskinstance.py:1206} INFO - Marking task as SUCCESS. dag_id=deepai_crawler_10min, task_id=crawl_hardware, run_id=scheduled__2025-06-22T00:20:00+00:00, execution_date=20250622T002000, start_date=20250622T003641, end_date=20250622T003648
[2025-06-22T00:36:48.191+0000] {local_task_job_runner.py:240} INFO - Task exited with return code 0
[2025-06-22T00:36:48.201+0000] {local_task_job_runner.py:222} INFO - ::endgroup::
