[2025-05-16T10:59:24.023+0000] {local_task_job_runner.py:120} INFO - ::group::Pre task execution logs
[2025-05-16T10:59:24.057+0000] {taskinstance.py:2076} INFO - Dependencies all met for dep_context=non-requeueable deps ti=<TaskInstance: vietnamnet_crawler_24h.crawl_giao-duc scheduled__2025-05-16T10:00:00+00:00 [queued]>
[2025-05-16T10:59:24.074+0000] {taskinstance.py:2076} INFO - Dependencies all met for dep_context=requeueable deps ti=<TaskInstance: vietnamnet_crawler_24h.crawl_giao-duc scheduled__2025-05-16T10:00:00+00:00 [queued]>
[2025-05-16T10:59:24.077+0000] {taskinstance.py:2306} INFO - Starting attempt 1 of 2
[2025-05-16T10:59:24.111+0000] {taskinstance.py:2330} INFO - Executing <Task(PythonOperator): crawl_giao-duc> on 2025-05-16 10:00:00+00:00
[2025-05-16T10:59:24.121+0000] {warnings.py:112} WARNING - /home/***/.local/lib/python3.12/site-packages/***/task/task_runner/standard_task_runner.py:61: DeprecationWarning: This process (pid=3106) is multi-threaded, use of fork() may lead to deadlocks in the child.
  pid = os.fork()

[2025-05-16T10:59:24.124+0000] {standard_task_runner.py:63} INFO - Started process 3213 to run task
[2025-05-16T10:59:24.124+0000] {standard_task_runner.py:90} INFO - Running: ['***', 'tasks', 'run', 'vietnamnet_crawler_24h', 'crawl_giao-duc', 'scheduled__2025-05-16T10:00:00+00:00', '--job-id', '30', '--raw', '--subdir', 'DAGS_FOLDER/dags.py', '--cfg-path', '/tmp/tmp4tsa8rje']
[2025-05-16T10:59:24.133+0000] {standard_task_runner.py:91} INFO - Job 30: Subtask crawl_giao-duc
[2025-05-16T10:59:24.230+0000] {task_command.py:426} INFO - Running <TaskInstance: vietnamnet_crawler_24h.crawl_giao-duc scheduled__2025-05-16T10:00:00+00:00 [running]> on host 71b827885e5f
[2025-05-16T10:59:24.371+0000] {taskinstance.py:2648} INFO - Exporting env vars: AIRFLOW_CTX_DAG_OWNER='***' AIRFLOW_CTX_DAG_ID='vietnamnet_crawler_24h' AIRFLOW_CTX_TASK_ID='crawl_giao-duc' AIRFLOW_CTX_EXECUTION_DATE='2025-05-16T10:00:00+00:00' AIRFLOW_CTX_TRY_NUMBER='1' AIRFLOW_CTX_DAG_RUN_ID='scheduled__2025-05-16T10:00:00+00:00'
[2025-05-16T10:59:24.373+0000] {taskinstance.py:430} INFO - ::endgroup::
[2025-05-16T10:59:24.655+0000] {crawler.py:54} INFO - Đã kết nối thành công với MongoDB: News
[2025-05-16T10:59:25.776+0000] {logging_mixin.py:188} INFO - [INIT].... → Crawl4AI 0.6.2
[2025-05-16T10:59:29.179+0000] {logging_mixin.py:188} INFO - [FETCH]... ↓ https://vietnamnet.vn/tin-tuc-24h?bydaterang=&cate=000006                                            | 
[2025-05-16T10:59:29.180+0000] {logging_mixin.py:188} INFO - ✓
[2025-05-16T10:59:29.181+0000] {logging_mixin.py:188} INFO -  | ⏱: 3.31s
[2025-05-16T10:59:29.400+0000] {logging_mixin.py:188} INFO - [SCRAPE].. ◆ https://vietnamnet.vn/tin-tuc-24h?bydaterang=&cate=000006                                            | 
[2025-05-16T10:59:29.401+0000] {logging_mixin.py:188} INFO - ✓
[2025-05-16T10:59:29.402+0000] {logging_mixin.py:188} INFO -  | ⏱: 0.22s
[2025-05-16T10:59:29.403+0000] {logging_mixin.py:188} INFO - [COMPLETE] ● https://vietnamnet.vn/tin-tuc-24h?bydaterang=&cate=000006                                            | 
[2025-05-16T10:59:29.404+0000] {logging_mixin.py:188} INFO - ✓
[2025-05-16T10:59:29.405+0000] {logging_mixin.py:188} INFO -  | ⏱: 3.54s
[2025-05-16T10:59:29.496+0000] {crawler.py:84} INFO - Tìm thấy 25 link bài viết cho danh mục giao-duc
[2025-05-16T10:59:30.136+0000] {crawler.py:108} INFO - Đã lọc: 25 URLs ban đầu -> 0 URLs mới
[2025-05-16T10:59:30.136+0000] {crawler.py:229} INFO - Không có bài viết mới nào trong danh mục giao-duc cần crawl.
[2025-05-16T10:59:30.137+0000] {crawler.py:269} INFO - Không có bài viết để lưu vào collection 'giao-duc'
[2025-05-16T10:59:30.204+0000] {python.py:237} INFO - Done. Returned value was: None
[2025-05-16T10:59:30.206+0000] {taskinstance.py:441} INFO - ::group::Post task execution logs
[2025-05-16T10:59:30.218+0000] {taskinstance.py:1206} INFO - Marking task as SUCCESS. dag_id=vietnamnet_crawler_24h, task_id=crawl_giao-duc, run_id=scheduled__2025-05-16T10:00:00+00:00, execution_date=20250516T100000, start_date=20250516T105924, end_date=20250516T105930
[2025-05-16T10:59:30.259+0000] {local_task_job_runner.py:240} INFO - Task exited with return code 0
[2025-05-16T10:59:30.306+0000] {taskinstance.py:3503} INFO - 1 downstream tasks scheduled from follow-on schedule check
[2025-05-16T10:59:30.309+0000] {local_task_job_runner.py:222} INFO - ::endgroup::
