[2025-05-03T23:30:11.260+0000] {local_task_job_runner.py:120} INFO - ::group::Pre task execution logs
[2025-05-03T23:30:11.280+0000] {taskinstance.py:2076} INFO - Dependencies all met for dep_context=non-requeueable deps ti=<TaskInstance: vietnamnet_crawler_with_summary.crawl_thoi-su scheduled__2025-05-03T23:00:00+00:00 [queued]>
[2025-05-03T23:30:11.286+0000] {taskinstance.py:2076} INFO - Dependencies all met for dep_context=requeueable deps ti=<TaskInstance: vietnamnet_crawler_with_summary.crawl_thoi-su scheduled__2025-05-03T23:00:00+00:00 [queued]>
[2025-05-03T23:30:11.287+0000] {taskinstance.py:2306} INFO - Starting attempt 1 of 2
[2025-05-03T23:30:11.299+0000] {taskinstance.py:2330} INFO - Executing <Task(PythonOperator): crawl_thoi-su> on 2025-05-03 23:00:00+00:00
[2025-05-03T23:30:11.306+0000] {warnings.py:112} WARNING - /home/***/.local/lib/python3.12/site-packages/***/task/task_runner/standard_task_runner.py:61: DeprecationWarning: This process (pid=56632) is multi-threaded, use of fork() may lead to deadlocks in the child.
  pid = os.fork()

[2025-05-03T23:30:11.307+0000] {standard_task_runner.py:63} INFO - Started process 56633 to run task
[2025-05-03T23:30:11.308+0000] {standard_task_runner.py:90} INFO - Running: ['***', 'tasks', 'run', 'vietnamnet_crawler_with_summary', 'crawl_thoi-su', 'scheduled__2025-05-03T23:00:00+00:00', '--job-id', '44', '--raw', '--subdir', 'DAGS_FOLDER/dags.py', '--cfg-path', '/tmp/tmpnknmd1i8']
[2025-05-03T23:30:11.309+0000] {standard_task_runner.py:91} INFO - Job 44: Subtask crawl_thoi-su
[2025-05-03T23:30:11.342+0000] {task_command.py:426} INFO - Running <TaskInstance: vietnamnet_crawler_with_summary.crawl_thoi-su scheduled__2025-05-03T23:00:00+00:00 [running]> on host 61b2c69a7af3
[2025-05-03T23:30:11.415+0000] {taskinstance.py:2648} INFO - Exporting env vars: AIRFLOW_CTX_DAG_OWNER='***' AIRFLOW_CTX_DAG_ID='vietnamnet_crawler_with_summary' AIRFLOW_CTX_TASK_ID='crawl_thoi-su' AIRFLOW_CTX_EXECUTION_DATE='2025-05-03T23:00:00+00:00' AIRFLOW_CTX_TRY_NUMBER='1' AIRFLOW_CTX_DAG_RUN_ID='scheduled__2025-05-03T23:00:00+00:00'
[2025-05-03T23:30:11.417+0000] {taskinstance.py:430} INFO - ::endgroup::
[2025-05-03T23:30:11.567+0000] {crawler.py:61} INFO - Đã kết nối thành công với MongoDB: News
[2025-05-03T23:30:11.677+0000] {crawler.py:44} INFO - ArticleSummarizer đã được khởi tạo thành công
[2025-05-03T23:30:12.176+0000] {logging_mixin.py:188} INFO - [INIT].... → Crawl4AI 0.6.2
[2025-05-03T23:30:14.250+0000] {logging_mixin.py:188} INFO - [FETCH]... ↓ https://vietnamnet.vn/thoi-su                                                                        | 
[2025-05-03T23:30:14.251+0000] {logging_mixin.py:188} INFO - ✓
[2025-05-03T23:30:14.251+0000] {logging_mixin.py:188} INFO -  | ⏱: 2.03s
[2025-05-03T23:30:14.438+0000] {logging_mixin.py:188} INFO - [SCRAPE].. ◆ https://vietnamnet.vn/thoi-su                                                                        | 
[2025-05-03T23:30:14.439+0000] {logging_mixin.py:188} INFO - ✓
[2025-05-03T23:30:14.439+0000] {logging_mixin.py:188} INFO -  | ⏱: 0.19s
[2025-05-03T23:30:14.441+0000] {logging_mixin.py:188} INFO - [COMPLETE] ● https://vietnamnet.vn/thoi-su                                                                        | 
[2025-05-03T23:30:14.441+0000] {logging_mixin.py:188} INFO - ✓
[2025-05-03T23:30:14.441+0000] {logging_mixin.py:188} INFO -  | ⏱: 2.22s
[2025-05-03T23:30:14.694+0000] {crawler.py:87} INFO - Tìm thấy 48 link bài viết
[2025-05-03T23:30:18.243+0000] {crawler.py:106} INFO - Đã lọc: 48 URLs ban đầu -> 0 URLs mới
[2025-05-03T23:30:18.244+0000] {crawler.py:225} INFO - Không có bài viết mới nào trong danh mục thoi-su cần crawl.
[2025-05-03T23:30:18.245+0000] {crawler.py:260} INFO - Không có bài viết để lưu vào collection 'thoi-su'
[2025-05-03T23:30:18.311+0000] {python.py:237} INFO - Done. Returned value was: None
[2025-05-03T23:30:18.313+0000] {taskinstance.py:441} INFO - ::group::Post task execution logs
[2025-05-03T23:30:18.321+0000] {taskinstance.py:1206} INFO - Marking task as SUCCESS. dag_id=vietnamnet_crawler_with_summary, task_id=crawl_thoi-su, run_id=scheduled__2025-05-03T23:00:00+00:00, execution_date=20250503T230000, start_date=20250503T233011, end_date=20250503T233018
[2025-05-03T23:30:18.358+0000] {local_task_job_runner.py:240} INFO - Task exited with return code 0
[2025-05-03T23:30:18.379+0000] {taskinstance.py:3503} INFO - 1 downstream tasks scheduled from follow-on schedule check
[2025-05-03T23:30:18.382+0000] {local_task_job_runner.py:222} INFO - ::endgroup::
