[2025-05-04T13:55:24.393+0000] {local_task_job_runner.py:120} INFO - ::group::Pre task execution logs
[2025-05-04T13:55:24.441+0000] {taskinstance.py:2076} INFO - Dependencies all met for dep_context=non-requeueable deps ti=<TaskInstance: vietnamnet_crawler_24h.clean_old_articles manual__2025-05-04T13:55:20.884374+00:00 [queued]>
[2025-05-04T13:55:24.454+0000] {taskinstance.py:2076} INFO - Dependencies all met for dep_context=requeueable deps ti=<TaskInstance: vietnamnet_crawler_24h.clean_old_articles manual__2025-05-04T13:55:20.884374+00:00 [queued]>
[2025-05-04T13:55:24.455+0000] {taskinstance.py:2306} INFO - Starting attempt 1 of 2
[2025-05-04T13:55:24.477+0000] {taskinstance.py:2330} INFO - Executing <Task(PythonOperator): clean_old_articles> on 2025-05-04 13:55:20.884374+00:00
[2025-05-04T13:55:24.491+0000] {warnings.py:112} WARNING - /home/***/.local/lib/python3.12/site-packages/***/task/task_runner/standard_task_runner.py:61: DeprecationWarning: This process (pid=1570) is multi-threaded, use of fork() may lead to deadlocks in the child.
  pid = os.fork()

[2025-05-04T13:55:24.494+0000] {standard_task_runner.py:63} INFO - Started process 1781 to run task
[2025-05-04T13:55:24.495+0000] {standard_task_runner.py:90} INFO - Running: ['***', 'tasks', 'run', 'vietnamnet_crawler_24h', 'clean_old_articles', 'manual__2025-05-04T13:55:20.884374+00:00', '--job-id', '17', '--raw', '--subdir', 'DAGS_FOLDER/dags.py', '--cfg-path', '/tmp/tmpsb2ro684']
[2025-05-04T13:55:24.501+0000] {standard_task_runner.py:91} INFO - Job 17: Subtask clean_old_articles
[2025-05-04T13:55:24.583+0000] {task_command.py:426} INFO - Running <TaskInstance: vietnamnet_crawler_24h.clean_old_articles manual__2025-05-04T13:55:20.884374+00:00 [running]> on host 78b16fb5ec43
[2025-05-04T13:55:24.752+0000] {taskinstance.py:2648} INFO - Exporting env vars: AIRFLOW_CTX_DAG_OWNER='***' AIRFLOW_CTX_DAG_ID='vietnamnet_crawler_24h' AIRFLOW_CTX_TASK_ID='clean_old_articles' AIRFLOW_CTX_EXECUTION_DATE='2025-05-04T13:55:20.884374+00:00' AIRFLOW_CTX_TRY_NUMBER='1' AIRFLOW_CTX_DAG_RUN_ID='manual__2025-05-04T13:55:20.884374+00:00'
[2025-05-04T13:55:24.758+0000] {taskinstance.py:430} INFO - ::endgroup::
[2025-05-04T13:55:25.315+0000] {database_cleaner.py:33} INFO - Đã kết nối MongoDB: News
[2025-05-04T13:55:25.316+0000] {database_cleaner.py:102} INFO - Xóa các bài viết trước: 2025-04-03T20:55:25.316762+07:00
[2025-05-04T13:55:26.534+0000] {database_cleaner.py:125} INFO - Collection 'the-gioi': 0 bài bị xóa
[2025-05-04T13:55:27.292+0000] {database_cleaner.py:125} INFO - Collection 'chinh-tri': 0 bài bị xóa
[2025-05-04T13:55:27.399+0000] {database_cleaner.py:125} INFO - Collection 'doi-song': 0 bài bị xóa
[2025-05-04T13:55:27.852+0000] {database_cleaner.py:125} INFO - Collection 'giao-duc': 0 bài bị xóa
[2025-05-04T13:55:27.916+0000] {database_cleaner.py:42} INFO - Đã đóng kết nối MongoDB
[2025-05-04T13:55:27.918+0000] {database_cleaner.py:142} INFO - Đã xóa tổng cộng 0 bài, còn lại 1233
[2025-05-04T13:55:27.919+0000] {python.py:237} INFO - Done. Returned value was: {'the-gioi': {'total': 123, 'deleted': 0, 'remaining': 123}, 'chinh-tri': {'total': 678, 'deleted': 0, 'remaining': 678}, 'doi-song': {'total': 68, 'deleted': 0, 'remaining': 68}, 'giao-duc': {'total': 364, 'deleted': 0, 'remaining': 364}}
[2025-05-04T13:55:27.921+0000] {taskinstance.py:441} INFO - ::group::Post task execution logs
[2025-05-04T13:55:27.964+0000] {taskinstance.py:1206} INFO - Marking task as SUCCESS. dag_id=vietnamnet_crawler_24h, task_id=clean_old_articles, run_id=manual__2025-05-04T13:55:20.884374+00:00, execution_date=20250504T135520, start_date=20250504T135524, end_date=20250504T135527
[2025-05-04T13:55:28.006+0000] {local_task_job_runner.py:240} INFO - Task exited with return code 0
[2025-05-04T13:55:28.052+0000] {taskinstance.py:3503} INFO - 1 downstream tasks scheduled from follow-on schedule check
[2025-05-04T13:55:28.056+0000] {local_task_job_runner.py:222} INFO - ::endgroup::
