[2025-05-18T11:35:36.506+0000] {local_task_job_runner.py:120} INFO - ::group::Pre task execution logs
[2025-05-18T11:35:36.539+0000] {taskinstance.py:2076} INFO - Dependencies all met for dep_context=non-requeueable deps ti=<TaskInstance: vietnamnet_crawler_24h.crawl_phap-luat scheduled__2025-05-18T11:00:00+00:00 [queued]>
[2025-05-18T11:35:36.554+0000] {taskinstance.py:2076} INFO - Dependencies all met for dep_context=requeueable deps ti=<TaskInstance: vietnamnet_crawler_24h.crawl_phap-luat scheduled__2025-05-18T11:00:00+00:00 [queued]>
[2025-05-18T11:35:36.555+0000] {taskinstance.py:2306} INFO - Starting attempt 1 of 2
[2025-05-18T11:35:36.579+0000] {taskinstance.py:2330} INFO - Executing <Task(PythonOperator): crawl_phap-luat> on 2025-05-18 11:00:00+00:00
[2025-05-18T11:35:36.588+0000] {warnings.py:112} WARNING - /home/***/.local/lib/python3.12/site-packages/***/task/task_runner/standard_task_runner.py:61: DeprecationWarning: This process (pid=2269) is multi-threaded, use of fork() may lead to deadlocks in the child.
  pid = os.fork()

[2025-05-18T11:35:36.591+0000] {standard_task_runner.py:63} INFO - Started process 2270 to run task
[2025-05-18T11:35:36.592+0000] {standard_task_runner.py:90} INFO - Running: ['***', 'tasks', 'run', 'vietnamnet_crawler_24h', 'crawl_phap-luat', 'scheduled__2025-05-18T11:00:00+00:00', '--job-id', '7', '--raw', '--subdir', 'DAGS_FOLDER/dags.py', '--cfg-path', '/tmp/tmp2h0wpr4_']
[2025-05-18T11:35:36.595+0000] {standard_task_runner.py:91} INFO - Job 7: Subtask crawl_phap-luat
[2025-05-18T11:35:36.665+0000] {task_command.py:426} INFO - Running <TaskInstance: vietnamnet_crawler_24h.crawl_phap-luat scheduled__2025-05-18T11:00:00+00:00 [running]> on host a383b65f89e1
[2025-05-18T11:35:36.804+0000] {taskinstance.py:2648} INFO - Exporting env vars: AIRFLOW_CTX_DAG_OWNER='***' AIRFLOW_CTX_DAG_ID='vietnamnet_crawler_24h' AIRFLOW_CTX_TASK_ID='crawl_phap-luat' AIRFLOW_CTX_EXECUTION_DATE='2025-05-18T11:00:00+00:00' AIRFLOW_CTX_TRY_NUMBER='1' AIRFLOW_CTX_DAG_RUN_ID='scheduled__2025-05-18T11:00:00+00:00'
[2025-05-18T11:35:36.806+0000] {taskinstance.py:430} INFO - ::endgroup::
[2025-05-18T11:35:37.101+0000] {crawler.py:55} INFO - Đã kết nối thành công với MongoDB: News
[2025-05-18T11:35:38.458+0000] {logging_mixin.py:188} INFO - [INIT].... → Crawl4AI 0.6.3
[2025-05-18T11:35:43.073+0000] {logging_mixin.py:188} INFO - [FETCH]... ↓ https://vietnamnet.vn/tin-tuc-24h?bydaterang=&cate=000008          
| ✓ | ⏱: 4.40s
[2025-05-18T11:35:43.654+0000] {logging_mixin.py:188} INFO - [SCRAPE].. ◆ https://vietnamnet.vn/tin-tuc-24h?bydaterang=&cate=000008          
| ✓ | ⏱: 0.57s
[2025-05-18T11:35:43.659+0000] {logging_mixin.py:188} INFO - [COMPLETE] ● https://vietnamnet.vn/tin-tuc-24h?bydaterang=&cate=000008          
| ✓ | ⏱: 4.99s
[2025-05-18T11:35:43.910+0000] {crawler.py:85} INFO - Tìm thấy 25 link bài viết cho danh mục phap-luat
[2025-05-18T11:35:44.897+0000] {crawler.py:110} INFO - Đã lọc: 25 URLs ban đầu -> 0 URLs sau xử lý live
[2025-05-18T11:35:44.900+0000] {crawler.py:252} INFO - Không có bài viết mới nào trong danh mục phap-luat cần crawl.
[2025-05-18T11:35:44.981+0000] {crawler.py:294} INFO - Không có bài viết để lưu vào collection 'phap-luat'
[2025-05-18T11:35:45.055+0000] {python.py:237} INFO - Done. Returned value was: None
[2025-05-18T11:35:45.058+0000] {taskinstance.py:441} INFO - ::group::Post task execution logs
[2025-05-18T11:35:45.092+0000] {taskinstance.py:1206} INFO - Marking task as SUCCESS. dag_id=vietnamnet_crawler_24h, task_id=crawl_phap-luat, run_id=scheduled__2025-05-18T11:00:00+00:00, execution_date=20250518T110000, start_date=20250518T113536, end_date=20250518T113545
[2025-05-18T11:35:45.189+0000] {local_task_job_runner.py:240} INFO - Task exited with return code 0
[2025-05-18T11:35:45.227+0000] {taskinstance.py:3503} INFO - 0 downstream tasks scheduled from follow-on schedule check
[2025-05-18T11:35:45.232+0000] {local_task_job_runner.py:222} INFO - ::endgroup::
