[2025-05-17T21:09:53.262+0000] {local_task_job_runner.py:120} INFO - ::group::Pre task execution logs
[2025-05-17T21:09:53.282+0000] {taskinstance.py:2076} INFO - Dependencies all met for dep_context=non-requeueable deps ti=<TaskInstance: vietnamnet_crawler_24h.clean_old_articles manual__2025-05-17T21:09:51.309657+00:00 [queued]>
[2025-05-17T21:09:53.290+0000] {taskinstance.py:2076} INFO - Dependencies all met for dep_context=requeueable deps ti=<TaskInstance: vietnamnet_crawler_24h.clean_old_articles manual__2025-05-17T21:09:51.309657+00:00 [queued]>
[2025-05-17T21:09:53.291+0000] {taskinstance.py:2306} INFO - Starting attempt 1 of 2
[2025-05-17T21:09:53.304+0000] {taskinstance.py:2330} INFO - Executing <Task(PythonOperator): clean_old_articles> on 2025-05-17 21:09:51.309657+00:00
[2025-05-17T21:09:53.310+0000] {warnings.py:112} WARNING - /home/***/.local/lib/python3.12/site-packages/***/task/task_runner/standard_task_runner.py:61: DeprecationWarning: This process (pid=17407) is multi-threaded, use of fork() may lead to deadlocks in the child.
  pid = os.fork()

[2025-05-17T21:09:53.311+0000] {standard_task_runner.py:63} INFO - Started process 17408 to run task
[2025-05-17T21:09:53.312+0000] {standard_task_runner.py:90} INFO - Running: ['***', 'tasks', 'run', 'vietnamnet_crawler_24h', 'clean_old_articles', 'manual__2025-05-17T21:09:51.309657+00:00', '--job-id', '228', '--raw', '--subdir', 'DAGS_FOLDER/dags.py', '--cfg-path', '/tmp/tmprh3dlcmh']
[2025-05-17T21:09:53.314+0000] {standard_task_runner.py:91} INFO - Job 228: Subtask clean_old_articles
[2025-05-17T21:09:53.355+0000] {task_command.py:426} INFO - Running <TaskInstance: vietnamnet_crawler_24h.clean_old_articles manual__2025-05-17T21:09:51.309657+00:00 [running]> on host 60d771d880eb
[2025-05-17T21:09:53.447+0000] {taskinstance.py:2648} INFO - Exporting env vars: AIRFLOW_CTX_DAG_OWNER='***' AIRFLOW_CTX_DAG_ID='vietnamnet_crawler_24h' AIRFLOW_CTX_TASK_ID='clean_old_articles' AIRFLOW_CTX_EXECUTION_DATE='2025-05-17T21:09:51.309657+00:00' AIRFLOW_CTX_TRY_NUMBER='1' AIRFLOW_CTX_DAG_RUN_ID='manual__2025-05-17T21:09:51.309657+00:00'
[2025-05-17T21:09:53.449+0000] {taskinstance.py:430} INFO - ::endgroup::
[2025-05-17T21:09:53.632+0000] {database_cleaner.py:33} INFO - Đã kết nối MongoDB: News
[2025-05-17T21:09:53.633+0000] {database_cleaner.py:102} INFO - Xóa các bài viết trước: 2025-04-17T04:09:53.633408+07:00
[2025-05-17T21:09:54.902+0000] {database_cleaner.py:125} INFO - Collection 'the-gioi': 0 bài bị xóa
[2025-05-17T21:09:55.407+0000] {database_cleaner.py:125} INFO - Collection 'chinh-tri': 0 bài bị xóa
[2025-05-17T21:09:55.468+0000] {database_cleaner.py:125} INFO - Collection 'cong-nghe': 0 bài bị xóa
[2025-05-17T21:09:55.655+0000] {database_cleaner.py:125} INFO - Collection 'phap-luat': 0 bài bị xóa
[2025-05-17T21:09:55.849+0000] {database_cleaner.py:125} INFO - Collection 'doi-song': 0 bài bị xóa
[2025-05-17T21:09:56.061+0000] {database_cleaner.py:125} INFO - Collection 'giao-duc': 0 bài bị xóa
[2025-05-17T21:09:56.123+0000] {database_cleaner.py:42} INFO - Đã đóng kết nối MongoDB
[2025-05-17T21:09:56.124+0000] {database_cleaner.py:142} INFO - Đã xóa tổng cộng 0 bài, còn lại 1715
[2025-05-17T21:09:56.125+0000] {python.py:237} INFO - Done. Returned value was: {'the-gioi': {'total': 405, 'deleted': 0, 'remaining': 405}, 'chinh-tri': {'total': 512, 'deleted': 0, 'remaining': 512}, 'cong-nghe': {'total': 0, 'deleted': 0, 'remaining': 0}, 'phap-luat': {'total': 210, 'deleted': 0, 'remaining': 210}, 'doi-song': {'total': 289, 'deleted': 0, 'remaining': 289}, 'giao-duc': {'total': 299, 'deleted': 0, 'remaining': 299}}
[2025-05-17T21:09:56.125+0000] {taskinstance.py:441} INFO - ::group::Post task execution logs
[2025-05-17T21:09:56.143+0000] {taskinstance.py:1206} INFO - Marking task as SUCCESS. dag_id=vietnamnet_crawler_24h, task_id=clean_old_articles, run_id=manual__2025-05-17T21:09:51.309657+00:00, execution_date=20250517T210951, start_date=20250517T210953, end_date=20250517T210956
[2025-05-17T21:09:56.172+0000] {local_task_job_runner.py:240} INFO - Task exited with return code 0
[2025-05-17T21:09:56.196+0000] {taskinstance.py:3503} INFO - 1 downstream tasks scheduled from follow-on schedule check
[2025-05-17T21:09:56.198+0000] {local_task_job_runner.py:222} INFO - ::endgroup::
