[2025-05-03T15:39:39.415+0000] {local_task_job_runner.py:120} INFO - ::group::Pre task execution logs
[2025-05-03T15:39:39.460+0000] {taskinstance.py:2076} INFO - Dependencies all met for dep_context=non-requeueable deps ti=<TaskInstance: vietnamnet_multi_category_crawler.crawl_chinh-tri manual__2025-05-03T15:39:36.031223+00:00 [queued]>
[2025-05-03T15:39:39.475+0000] {taskinstance.py:2076} INFO - Dependencies all met for dep_context=requeueable deps ti=<TaskInstance: vietnamnet_multi_category_crawler.crawl_chinh-tri manual__2025-05-03T15:39:36.031223+00:00 [queued]>
[2025-05-03T15:39:39.476+0000] {taskinstance.py:2306} INFO - Starting attempt 1 of 2
[2025-05-03T15:39:39.509+0000] {taskinstance.py:2330} INFO - Executing <Task(PythonOperator): crawl_chinh-tri> on 2025-05-03 15:39:36.031223+00:00
[2025-05-03T15:39:39.522+0000] {warnings.py:112} WARNING - /home/***/.local/lib/python3.12/site-packages/***/task/task_runner/standard_task_runner.py:61: DeprecationWarning: This process (pid=168) is multi-threaded, use of fork() may lead to deadlocks in the child.
  pid = os.fork()

[2025-05-03T15:39:39.530+0000] {standard_task_runner.py:63} INFO - Started process 179 to run task
[2025-05-03T15:39:39.538+0000] {standard_task_runner.py:90} INFO - Running: ['***', 'tasks', 'run', 'vietnamnet_multi_category_crawler', 'crawl_chinh-tri', 'manual__2025-05-03T15:39:36.031223+00:00', '--job-id', '7', '--raw', '--subdir', 'DAGS_FOLDER/dags.py', '--cfg-path', '/tmp/tmpzh3ae6t6']
[2025-05-03T15:39:39.545+0000] {standard_task_runner.py:91} INFO - Job 7: Subtask crawl_chinh-tri
[2025-05-03T15:39:39.701+0000] {task_command.py:426} INFO - Running <TaskInstance: vietnamnet_multi_category_crawler.crawl_chinh-tri manual__2025-05-03T15:39:36.031223+00:00 [running]> on host 4b7373746518
[2025-05-03T15:39:39.902+0000] {taskinstance.py:2648} INFO - Exporting env vars: AIRFLOW_CTX_DAG_OWNER='***' AIRFLOW_CTX_DAG_ID='vietnamnet_multi_category_crawler' AIRFLOW_CTX_TASK_ID='crawl_chinh-tri' AIRFLOW_CTX_EXECUTION_DATE='2025-05-03T15:39:36.031223+00:00' AIRFLOW_CTX_TRY_NUMBER='1' AIRFLOW_CTX_DAG_RUN_ID='manual__2025-05-03T15:39:36.031223+00:00'
[2025-05-03T15:39:39.904+0000] {taskinstance.py:430} INFO - ::endgroup::
[2025-05-03T15:39:42.123+0000] {logging_mixin.py:188} INFO - [INIT].... → Crawl4AI 0.6.2
[2025-05-03T15:39:53.771+0000] {logging_mixin.py:188} INFO - [FETCH]... ↓ https://vietnamnet.vn/chinh-tri                                                                      | 
[2025-05-03T15:39:53.773+0000] {logging_mixin.py:188} INFO - ✓
[2025-05-03T15:39:53.774+0000] {logging_mixin.py:188} INFO -  | ⏱: 11.43s
[2025-05-03T15:39:54.738+0000] {logging_mixin.py:188} INFO - [SCRAPE].. ◆ https://vietnamnet.vn/chinh-tri                                                                      | 
[2025-05-03T15:39:54.739+0000] {logging_mixin.py:188} INFO - ✓
[2025-05-03T15:39:54.740+0000] {logging_mixin.py:188} INFO -  | ⏱: 0.96s
[2025-05-03T15:39:54.742+0000] {logging_mixin.py:188} INFO - [COMPLETE] ● https://vietnamnet.vn/chinh-tri                                                                      | 
[2025-05-03T15:39:54.744+0000] {logging_mixin.py:188} INFO - ✓
[2025-05-03T15:39:54.745+0000] {logging_mixin.py:188} INFO -  | ⏱: 12.40s
[2025-05-03T15:39:55.064+0000] {logging_mixin.py:188} INFO - Tìm thấy 76 link bài viết
[2025-05-03T15:39:55.477+0000] {logging_mixin.py:188} INFO - Đang crawl 5 bài viết từ danh mục chinh-tri...
[2025-05-03T15:39:55.478+0000] {logging_mixin.py:188} INFO - --> Crawl: https://vietnamnet.vn/sap-nhap-hai-duong-va-hai-phong-khong-phai-chi-la-1-phep-cong-co-hoc-2396050.html#comment
[2025-05-03T15:39:57.296+0000] {logging_mixin.py:188} INFO - [INIT].... → Crawl4AI 0.6.2
[2025-05-03T15:40:12.247+0000] {logging_mixin.py:188} INFO - [FETCH]... ↓ https://vietnamnet.vn/sap-nhap-hai-duong-va-hai-...i-chi-la-1-phep-cong-co-hoc-2396050.html#comment  | 
[2025-05-03T15:40:12.248+0000] {logging_mixin.py:188} INFO - ✓
[2025-05-03T15:40:12.249+0000] {logging_mixin.py:188} INFO -  | ⏱: 14.65s
[2025-05-03T15:40:12.957+0000] {logging_mixin.py:188} INFO - [SCRAPE].. ◆ https://vietnamnet.vn/sap-nhap-hai-duong-va-hai-...i-chi-la-1-phep-cong-co-hoc-2396050.html#comment  | 
[2025-05-03T15:40:12.958+0000] {logging_mixin.py:188} INFO - ✓
[2025-05-03T15:40:12.960+0000] {logging_mixin.py:188} INFO -  | ⏱: 0.71s
[2025-05-03T15:40:12.963+0000] {logging_mixin.py:188} INFO - [COMPLETE] ● https://vietnamnet.vn/sap-nhap-hai-duong-va-hai-...i-chi-la-1-phep-cong-co-hoc-2396050.html#comment  | 
[2025-05-03T15:40:12.964+0000] {logging_mixin.py:188} INFO - ✓
[2025-05-03T15:40:12.965+0000] {logging_mixin.py:188} INFO -  | ⏱: 15.37s
[2025-05-03T15:40:15.598+0000] {logging_mixin.py:188} INFO -     ✓ Sáp nhập Hải Dương và Hải Phòng không phải chỉ là phép cộng ...
[2025-05-03T15:40:15.599+0000] {logging_mixin.py:188} INFO - --> Crawl: https://vietnamnet.vn/viet-nam-len-tieng-truoc-hoat-dong-cua-trung-quoc-philippines-o-truong-sa-2397311.html
