[2025-05-16T12:47:53.470+0000] {local_task_job_runner.py:120} INFO - ::group::Pre task execution logs
[2025-05-16T12:47:53.494+0000] {taskinstance.py:2076} INFO - Dependencies all met for dep_context=non-requeueable deps ti=<TaskInstance: vietnamnet_crawler_24h.crawl_chinh-tri manual__2025-05-16T12:47:46.341223+00:00 [queued]>
[2025-05-16T12:47:53.503+0000] {taskinstance.py:2076} INFO - Dependencies all met for dep_context=requeueable deps ti=<TaskInstance: vietnamnet_crawler_24h.crawl_chinh-tri manual__2025-05-16T12:47:46.341223+00:00 [queued]>
[2025-05-16T12:47:53.504+0000] {taskinstance.py:2306} INFO - Starting attempt 1 of 2
[2025-05-16T12:47:53.519+0000] {taskinstance.py:2330} INFO - Executing <Task(PythonOperator): crawl_chinh-tri> on 2025-05-16 12:47:46.341223+00:00
[2025-05-16T12:47:53.524+0000] {warnings.py:112} WARNING - /home/***/.local/lib/python3.12/site-packages/***/task/task_runner/standard_task_runner.py:61: DeprecationWarning: This process (pid=253) is multi-threaded, use of fork() may lead to deadlocks in the child.
  pid = os.fork()

[2025-05-16T12:47:53.525+0000] {standard_task_runner.py:63} INFO - Started process 255 to run task
[2025-05-16T12:47:53.526+0000] {standard_task_runner.py:90} INFO - Running: ['***', 'tasks', 'run', 'vietnamnet_crawler_24h', 'crawl_chinh-tri', 'manual__2025-05-16T12:47:46.341223+00:00', '--job-id', '5', '--raw', '--subdir', 'DAGS_FOLDER/dags.py', '--cfg-path', '/tmp/tmp2rqt3e76']
[2025-05-16T12:47:53.528+0000] {standard_task_runner.py:91} INFO - Job 5: Subtask crawl_chinh-tri
[2025-05-16T12:47:53.576+0000] {task_command.py:426} INFO - Running <TaskInstance: vietnamnet_crawler_24h.crawl_chinh-tri manual__2025-05-16T12:47:46.341223+00:00 [running]> on host 60d771d880eb
[2025-05-16T12:47:53.665+0000] {taskinstance.py:2648} INFO - Exporting env vars: AIRFLOW_CTX_DAG_OWNER='***' AIRFLOW_CTX_DAG_ID='vietnamnet_crawler_24h' AIRFLOW_CTX_TASK_ID='crawl_chinh-tri' AIRFLOW_CTX_EXECUTION_DATE='2025-05-16T12:47:46.341223+00:00' AIRFLOW_CTX_TRY_NUMBER='1' AIRFLOW_CTX_DAG_RUN_ID='manual__2025-05-16T12:47:46.341223+00:00'
[2025-05-16T12:47:53.667+0000] {taskinstance.py:430} INFO - ::endgroup::
[2025-05-16T12:47:53.848+0000] {crawler.py:54} INFO - Đã kết nối thành công với MongoDB: News
[2025-05-16T12:47:54.574+0000] {logging_mixin.py:188} INFO - [INIT].... → Crawl4AI 0.6.2
[2025-05-16T12:47:57.974+0000] {logging_mixin.py:188} INFO - [FETCH]... ↓ https://vietnamnet.vn/tin-tuc-24h?bydaterang=&cate=000001                                            | 
[2025-05-16T12:47:57.976+0000] {logging_mixin.py:188} INFO - ✓
[2025-05-16T12:47:57.979+0000] {logging_mixin.py:188} INFO -  | ⏱: 3.33s
[2025-05-16T12:47:58.367+0000] {logging_mixin.py:188} INFO - [SCRAPE].. ◆ https://vietnamnet.vn/tin-tuc-24h?bydaterang=&cate=000001                                            | 
[2025-05-16T12:47:58.369+0000] {logging_mixin.py:188} INFO - ✓
[2025-05-16T12:47:58.370+0000] {logging_mixin.py:188} INFO -  | ⏱: 0.39s
[2025-05-16T12:47:58.372+0000] {logging_mixin.py:188} INFO - [COMPLETE] ● https://vietnamnet.vn/tin-tuc-24h?bydaterang=&cate=000001                                            | 
[2025-05-16T12:47:58.373+0000] {logging_mixin.py:188} INFO - ✓
[2025-05-16T12:47:58.374+0000] {logging_mixin.py:188} INFO -  | ⏱: 3.73s
[2025-05-16T12:47:58.581+0000] {crawler.py:84} INFO - Tìm thấy 25 link bài viết cho danh mục chinh-tri
[2025-05-16T12:47:59.217+0000] {crawler.py:108} INFO - Đã lọc: 25 URLs ban đầu -> 1 URLs mới
[2025-05-16T12:47:59.218+0000] {crawler.py:232} INFO - Đang crawl 1 bài viết mới từ danh mục chinh-tri...
[2025-05-16T12:47:59.219+0000] {crawler.py:235} INFO - --> Crawl: https://vietnamnet.vn/70-nam-chuyen-quan-ra-bac-cang-quy-nhon-thanh-di-tich-lich-su-quoc-gia-2401833.html
[2025-05-16T12:48:00.273+0000] {logging_mixin.py:188} INFO - [INIT].... → Crawl4AI 0.6.2
[2025-05-16T12:48:04.518+0000] {logging_mixin.py:188} INFO - [FETCH]... ↓ https://vietnamnet.vn/70-nam-chuyen-quan-ra-bac-...nhon-thanh-di-tich-lich-su-quoc-gia-2401833.html  | 
[2025-05-16T12:48:04.519+0000] {logging_mixin.py:188} INFO - ✓
[2025-05-16T12:48:04.520+0000] {logging_mixin.py:188} INFO -  | ⏱: 4.18s
[2025-05-16T12:48:04.928+0000] {logging_mixin.py:188} INFO - [SCRAPE].. ◆ https://vietnamnet.vn/70-nam-chuyen-quan-ra-bac-...nhon-thanh-di-tich-lich-su-quoc-gia-2401833.html  | 
[2025-05-16T12:48:04.929+0000] {logging_mixin.py:188} INFO - ✓
[2025-05-16T12:48:04.929+0000] {logging_mixin.py:188} INFO -  | ⏱: 0.41s
[2025-05-16T12:48:04.931+0000] {logging_mixin.py:188} INFO - [COMPLETE] ● https://vietnamnet.vn/70-nam-chuyen-quan-ra-bac-...nhon-thanh-di-tich-lich-su-quoc-gia-2401833.html  | 
[2025-05-16T12:48:04.932+0000] {logging_mixin.py:188} INFO - ✓
[2025-05-16T12:48:04.932+0000] {logging_mixin.py:188} INFO -  | ⏱: 4.59s
[2025-05-16T12:48:05.627+0000] {crawler.py:239} INFO -     ✓ 70 năm chuyển quân ra Bắc: Đài kỷ niệm cảng Quy Nhơn thành d...

[2025-05-16T12:48:05.628+0000] {crawler.py:242} INFO - ⏱️  Tổng thời gian crawl: 11.78 giây
[2025-05-16T12:48:05.704+0000] {crawler.py:267} INFO - Đã lưu 1 bài viết vào collection 'chinh-tri'
[2025-05-16T12:48:05.771+0000] {python.py:237} INFO - Done. Returned value was: None
[2025-05-16T12:48:05.773+0000] {taskinstance.py:441} INFO - ::group::Post task execution logs
[2025-05-16T12:48:05.801+0000] {taskinstance.py:1206} INFO - Marking task as SUCCESS. dag_id=vietnamnet_crawler_24h, task_id=crawl_chinh-tri, run_id=manual__2025-05-16T12:47:46.341223+00:00, execution_date=20250516T124746, start_date=20250516T124753, end_date=20250516T124805
[2025-05-16T12:48:05.947+0000] {local_task_job_runner.py:240} INFO - Task exited with return code 0
[2025-05-16T12:48:06.016+0000] {taskinstance.py:3503} INFO - 1 downstream tasks scheduled from follow-on schedule check
[2025-05-16T12:48:06.019+0000] {local_task_job_runner.py:222} INFO - ::endgroup::
