[2025-05-16T10:59:13.628+0000] {local_task_job_runner.py:120} INFO - ::group::Pre task execution logs
[2025-05-16T10:59:13.657+0000] {taskinstance.py:2076} INFO - Dependencies all met for dep_context=non-requeueable deps ti=<TaskInstance: vietnamnet_crawler_24h.crawl_chinh-tri scheduled__2025-05-16T10:00:00+00:00 [queued]>
[2025-05-16T10:59:13.668+0000] {taskinstance.py:2076} INFO - Dependencies all met for dep_context=requeueable deps ti=<TaskInstance: vietnamnet_crawler_24h.crawl_chinh-tri scheduled__2025-05-16T10:00:00+00:00 [queued]>
[2025-05-16T10:59:13.669+0000] {taskinstance.py:2306} INFO - Starting attempt 1 of 2
[2025-05-16T10:59:13.688+0000] {taskinstance.py:2330} INFO - Executing <Task(PythonOperator): crawl_chinh-tri> on 2025-05-16 10:00:00+00:00
[2025-05-16T10:59:13.696+0000] {warnings.py:112} WARNING - /home/***/.local/lib/python3.12/site-packages/***/task/task_runner/standard_task_runner.py:61: DeprecationWarning: This process (pid=2951) is multi-threaded, use of fork() may lead to deadlocks in the child.
  pid = os.fork()

[2025-05-16T10:59:13.698+0000] {standard_task_runner.py:63} INFO - Started process 2960 to run task
[2025-05-16T10:59:13.698+0000] {standard_task_runner.py:90} INFO - Running: ['***', 'tasks', 'run', 'vietnamnet_crawler_24h', 'crawl_chinh-tri', 'scheduled__2025-05-16T10:00:00+00:00', '--job-id', '27', '--raw', '--subdir', 'DAGS_FOLDER/dags.py', '--cfg-path', '/tmp/tmp3a23cr_l']
[2025-05-16T10:59:13.701+0000] {standard_task_runner.py:91} INFO - Job 27: Subtask crawl_chinh-tri
[2025-05-16T10:59:13.773+0000] {task_command.py:426} INFO - Running <TaskInstance: vietnamnet_crawler_24h.crawl_chinh-tri scheduled__2025-05-16T10:00:00+00:00 [running]> on host 71b827885e5f
[2025-05-16T10:59:13.922+0000] {taskinstance.py:2648} INFO - Exporting env vars: AIRFLOW_CTX_DAG_OWNER='***' AIRFLOW_CTX_DAG_ID='vietnamnet_crawler_24h' AIRFLOW_CTX_TASK_ID='crawl_chinh-tri' AIRFLOW_CTX_EXECUTION_DATE='2025-05-16T10:00:00+00:00' AIRFLOW_CTX_TRY_NUMBER='1' AIRFLOW_CTX_DAG_RUN_ID='scheduled__2025-05-16T10:00:00+00:00'
[2025-05-16T10:59:13.925+0000] {taskinstance.py:430} INFO - ::endgroup::
[2025-05-16T10:59:14.176+0000] {crawler.py:54} INFO - Đã kết nối thành công với MongoDB: News
[2025-05-16T10:59:16.410+0000] {logging_mixin.py:188} INFO - [INIT].... → Crawl4AI 0.6.2
[2025-05-16T10:59:20.545+0000] {logging_mixin.py:188} INFO - [FETCH]... ↓ https://vietnamnet.vn/tin-tuc-24h?bydaterang=&cate=000001                                            | 
[2025-05-16T10:59:20.545+0000] {logging_mixin.py:188} INFO - ✓
[2025-05-16T10:59:20.546+0000] {logging_mixin.py:188} INFO -  | ⏱: 4.02s
[2025-05-16T10:59:20.823+0000] {logging_mixin.py:188} INFO - [SCRAPE].. ◆ https://vietnamnet.vn/tin-tuc-24h?bydaterang=&cate=000001                                            | 
[2025-05-16T10:59:20.824+0000] {logging_mixin.py:188} INFO - ✓
[2025-05-16T10:59:20.825+0000] {logging_mixin.py:188} INFO -  | ⏱: 0.28s
[2025-05-16T10:59:20.826+0000] {logging_mixin.py:188} INFO - [COMPLETE] ● https://vietnamnet.vn/tin-tuc-24h?bydaterang=&cate=000001                                            | 
[2025-05-16T10:59:20.827+0000] {logging_mixin.py:188} INFO - ✓
[2025-05-16T10:59:20.827+0000] {logging_mixin.py:188} INFO -  | ⏱: 4.31s
[2025-05-16T10:59:21.109+0000] {crawler.py:84} INFO - Tìm thấy 25 link bài viết cho danh mục chinh-tri
[2025-05-16T10:59:21.784+0000] {crawler.py:108} INFO - Đã lọc: 25 URLs ban đầu -> 0 URLs mới
[2025-05-16T10:59:21.785+0000] {crawler.py:229} INFO - Không có bài viết mới nào trong danh mục chinh-tri cần crawl.
[2025-05-16T10:59:21.786+0000] {crawler.py:269} INFO - Không có bài viết để lưu vào collection 'chinh-tri'
[2025-05-16T10:59:21.850+0000] {python.py:237} INFO - Done. Returned value was: None
[2025-05-16T10:59:21.851+0000] {taskinstance.py:441} INFO - ::group::Post task execution logs
[2025-05-16T10:59:21.865+0000] {taskinstance.py:1206} INFO - Marking task as SUCCESS. dag_id=vietnamnet_crawler_24h, task_id=crawl_chinh-tri, run_id=scheduled__2025-05-16T10:00:00+00:00, execution_date=20250516T100000, start_date=20250516T105913, end_date=20250516T105921
[2025-05-16T10:59:21.922+0000] {local_task_job_runner.py:240} INFO - Task exited with return code 0
[2025-05-16T10:59:21.952+0000] {taskinstance.py:3503} INFO - 1 downstream tasks scheduled from follow-on schedule check
[2025-05-16T10:59:21.954+0000] {local_task_job_runner.py:222} INFO - ::endgroup::
