[2025-06-22T16:30:35.983+0000] {local_task_job_runner.py:120} INFO - ::group::Pre task execution logs
[2025-06-22T16:30:36.011+0000] {taskinstance.py:2076} INFO - Dependencies all met for dep_context=non-requeueable deps ti=<TaskInstance: deepai_crawler_10min.crawl_science scheduled__2025-06-22T16:20:00+00:00 [queued]>
[2025-06-22T16:30:36.029+0000] {taskinstance.py:2076} INFO - Dependencies all met for dep_context=requeueable deps ti=<TaskInstance: deepai_crawler_10min.crawl_science scheduled__2025-06-22T16:20:00+00:00 [queued]>
[2025-06-22T16:30:36.030+0000] {taskinstance.py:2306} INFO - Starting attempt 1 of 3
[2025-06-22T16:30:36.052+0000] {taskinstance.py:2330} INFO - Executing <Task(PythonOperator): crawl_science> on 2025-06-22 16:20:00+00:00
[2025-06-22T16:30:36.066+0000] {warnings.py:112} WARNING - /home/***/.local/lib/python3.12/site-packages/***/task/task_runner/standard_task_runner.py:61: DeprecationWarning: This process (pid=22484) is multi-threaded, use of fork() may lead to deadlocks in the child.
  pid = os.fork()

[2025-06-22T16:30:36.068+0000] {standard_task_runner.py:63} INFO - Started process 22520 to run task
[2025-06-22T16:30:36.070+0000] {standard_task_runner.py:90} INFO - Running: ['***', 'tasks', 'run', 'deepai_crawler_10min', 'crawl_science', 'scheduled__2025-06-22T16:20:00+00:00', '--job-id', '908', '--raw', '--subdir', 'DAGS_FOLDER/dags.py', '--cfg-path', '/tmp/tmp4_h_l5t6']
[2025-06-22T16:30:36.075+0000] {standard_task_runner.py:91} INFO - Job 908: Subtask crawl_science
[2025-06-22T16:30:36.144+0000] {task_command.py:426} INFO - Running <TaskInstance: deepai_crawler_10min.crawl_science scheduled__2025-06-22T16:20:00+00:00 [running]> on host 5471b5a2dbbe
[2025-06-22T16:30:36.337+0000] {taskinstance.py:2648} INFO - Exporting env vars: AIRFLOW_CTX_DAG_OWNER='***' AIRFLOW_CTX_DAG_ID='deepai_crawler_10min' AIRFLOW_CTX_TASK_ID='crawl_science' AIRFLOW_CTX_EXECUTION_DATE='2025-06-22T16:20:00+00:00' AIRFLOW_CTX_TRY_NUMBER='1' AIRFLOW_CTX_DAG_RUN_ID='scheduled__2025-06-22T16:20:00+00:00'
[2025-06-22T16:30:36.339+0000] {taskinstance.py:430} INFO - ::endgroup::
[2025-06-22T16:30:36.371+0000] {dags.py:183} INFO - Bắt đầu crawl category: science
[2025-06-22T16:30:36.526+0000] {crawler_deeplai.py:51} INFO - Đã kết nối thành công với MongoDB: deeplearning_ai_news
[2025-06-22T16:30:36.570+0000] {crawler_deeplai.py:465} INFO - 🚀 Đang bắt đầu quá trình crawl với Load More...
[2025-06-22T16:30:36.596+0000] {media_manager.py:52} DEBUG - Queue: Media upload queue is empty, waiting for new jobs
[2025-06-22T16:30:37.518+0000] {logging_mixin.py:188} INFO - [INIT].... → Crawl4AI 0.6.3
[2025-06-22T16:30:37.519+0000] {crawler_deeplai.py:179} INFO - 🌐 Đang truy cập: https://www.deeplearning.ai/the-batch/tag/science/
[2025-06-22T16:30:37.520+0000] {crawler_deeplai.py:180} INFO - ⚙️ Cấu hình: max_articles=100, min_threshold=5, max_clicks=1
[2025-06-22T16:30:37.597+0000] {media_manager.py:52} DEBUG - Queue: Media upload queue is empty, waiting for new jobs
[2025-06-22T16:30:38.598+0000] {media_manager.py:52} DEBUG - Queue: Media upload queue is empty, waiting for new jobs
[2025-06-22T16:30:39.600+0000] {media_manager.py:52} DEBUG - Queue: Media upload queue is empty, waiting for new jobs
[2025-06-22T16:30:40.601+0000] {media_manager.py:52} DEBUG - Queue: Media upload queue is empty, waiting for new jobs
[2025-06-22T16:30:41.525+0000] {logging_mixin.py:188} INFO - [FETCH]... ↓ https://www.deeplearning.ai/the-batch/tag/science/                 
| ✓ | ⏱: 4.00s
[2025-06-22T16:30:41.602+0000] {media_manager.py:52} DEBUG - Queue: Media upload queue is empty, waiting for new jobs
[2025-06-22T16:30:41.633+0000] {logging_mixin.py:188} INFO - [SCRAPE].. ◆ https://www.deeplearning.ai/the-batch/tag/science/                 
| ✓ | ⏱: 0.10s
[2025-06-22T16:30:41.635+0000] {logging_mixin.py:188} INFO - [COMPLETE] ● https://www.deeplearning.ai/the-batch/tag/science/                 
| ✓ | ⏱: 4.11s
[2025-06-22T16:30:41.636+0000] {crawler_deeplai.py:184} INFO - 📋 JavaScript execution result: {'success': True, 'results': [{'success': True, 'result': {}}]}
[2025-06-22T16:30:41.674+0000] {crawler_deeplai.py:204} INFO - 🎯 Tổng cộng tìm thấy 30 link bài viết unique
[2025-06-22T16:30:41.675+0000] {crawler_deeplai.py:208} INFO - 🔍 Một vài URL đầu tiên:
[2025-06-22T16:30:41.675+0000] {crawler_deeplai.py:210} INFO -   1. https://www.deeplearning.ai/the-batch/a-neural-network-shows-remarkable-accuracy-in-forecasting-risk-of-pancreatic-cancer/
[2025-06-22T16:30:41.676+0000] {crawler_deeplai.py:210} INFO -   2. https://www.deeplearning.ai/the-batch/a-roadmap-explores-how-ai-can-detect-and-mitigate-greenhouse-gases/
[2025-06-22T16:30:41.676+0000] {crawler_deeplai.py:210} INFO -   3. https://www.deeplearning.ai/the-batch/agentic-workflow-generates-novel-scientific-research-papers/
[2025-06-22T16:30:41.677+0000] {crawler_deeplai.py:210} INFO -   4. https://www.deeplearning.ai/the-batch/ai-and-data-center-boom-challenges-big-techs-emissions-targets/
[2025-06-22T16:30:41.677+0000] {crawler_deeplai.py:210} INFO -   5. https://www.deeplearning.ai/the-batch/ai-co-scientist-an-agent-that-generates-research-hypotheses-aiding-drug-discovery/
[2025-06-22T16:30:41.678+0000] {crawler_deeplai.py:214} INFO - 📊 Sẽ crawl 30 bài viết
[2025-06-22T16:30:42.278+0000] {crawler_deeplai.py:458} INFO - Đã lọc: 30 URLs ban đầu -> 0 URLs mới
[2025-06-22T16:30:42.279+0000] {crawler_deeplai.py:476} INFO - ℹ️ Không có bài viết mới nào trong danh mục science cần crawl.
[2025-06-22T16:30:42.280+0000] {crawler_deeplai.py:533} INFO - ℹ️ Không có bài viết để lưu vào collection 'science'
[2025-06-22T16:30:42.331+0000] {resource_manager.py:361} DEBUG - Successfully flushed OTEL tracer provider
[2025-06-22T16:30:42.331+0000] {resource_manager.py:364} DEBUG - Successfully flushed score ingestion queue
[2025-06-22T16:30:42.332+0000] {resource_manager.py:367} DEBUG - Successfully flushed media upload queue
[2025-06-22T16:30:42.332+0000] {resource_manager.py:321} DEBUG - Shutdown: Waiting for 1 media upload thread(s) to complete processing
[2025-06-22T16:30:42.333+0000] {media_upload_consumer.py:41} DEBUG - Thread: Pausing media upload consumer thread #0
[2025-06-22T16:30:42.333+0000] {resource_manager.py:334} DEBUG - Shutdown: Media upload thread #0 successfully terminated
[2025-06-22T16:30:42.333+0000] {resource_manager.py:338} DEBUG - Shutdown: Waiting for 1 score ingestion thread(s) to complete processing
[2025-06-22T16:30:42.334+0000] {resource_manager.py:351} DEBUG - Shutdown: Score ingestion thread #0 successfully terminated
[2025-06-22T16:30:42.334+0000] {dags.py:188} INFO - Hoàn thành crawl category: science
[2025-06-22T16:30:42.334+0000] {python.py:237} INFO - Done. Returned value was: None
[2025-06-22T16:30:42.335+0000] {taskinstance.py:441} INFO - ::group::Post task execution logs
[2025-06-22T16:30:42.342+0000] {taskinstance.py:1206} INFO - Marking task as SUCCESS. dag_id=deepai_crawler_10min, task_id=crawl_science, run_id=scheduled__2025-06-22T16:20:00+00:00, execution_date=20250622T162000, start_date=20250622T163036, end_date=20250622T163042
[2025-06-22T16:30:42.396+0000] {local_task_job_runner.py:240} INFO - Task exited with return code 0
[2025-06-22T16:30:42.328+0000] {taskinstance.py:3503} INFO - 1 downstream tasks scheduled from follow-on schedule check
[2025-06-22T16:30:42.331+0000] {local_task_job_runner.py:222} INFO - ::endgroup::
