[2025-05-17T20:30:20.495+0000] {local_task_job_runner.py:120} INFO - ::group::Pre task execution logs
[2025-05-17T20:30:20.526+0000] {taskinstance.py:2076} INFO - Dependencies all met for dep_context=non-requeueable deps ti=<TaskInstance: vietnamnet_crawler_24h.crawl_the-gioi scheduled__2025-05-17T20:00:00+00:00 [queued]>
[2025-05-17T20:30:20.535+0000] {taskinstance.py:2076} INFO - Dependencies all met for dep_context=requeueable deps ti=<TaskInstance: vietnamnet_crawler_24h.crawl_the-gioi scheduled__2025-05-17T20:00:00+00:00 [queued]>
[2025-05-17T20:30:20.536+0000] {taskinstance.py:2306} INFO - Starting attempt 1 of 2
[2025-05-17T20:30:20.562+0000] {taskinstance.py:2330} INFO - Executing <Task(PythonOperator): crawl_the-gioi> on 2025-05-17 20:00:00+00:00
[2025-05-17T20:30:20.568+0000] {warnings.py:112} WARNING - /home/***/.local/lib/python3.12/site-packages/***/task/task_runner/standard_task_runner.py:61: DeprecationWarning: This process (pid=1817) is multi-threaded, use of fork() may lead to deadlocks in the child.
  pid = os.fork()

[2025-05-17T20:30:20.570+0000] {standard_task_runner.py:63} INFO - Started process 1825 to run task
[2025-05-17T20:30:20.571+0000] {standard_task_runner.py:90} INFO - Running: ['***', 'tasks', 'run', 'vietnamnet_crawler_24h', 'crawl_the-gioi', 'scheduled__2025-05-17T20:00:00+00:00', '--job-id', '193', '--raw', '--subdir', 'DAGS_FOLDER/dags.py', '--cfg-path', '/tmp/tmp5sx84kik']
[2025-05-17T20:30:20.574+0000] {standard_task_runner.py:91} INFO - Job 193: Subtask crawl_the-gioi
[2025-05-17T20:30:20.631+0000] {task_command.py:426} INFO - Running <TaskInstance: vietnamnet_crawler_24h.crawl_the-gioi scheduled__2025-05-17T20:00:00+00:00 [running]> on host 60d771d880eb
[2025-05-17T20:30:20.731+0000] {taskinstance.py:2648} INFO - Exporting env vars: AIRFLOW_CTX_DAG_OWNER='***' AIRFLOW_CTX_DAG_ID='vietnamnet_crawler_24h' AIRFLOW_CTX_TASK_ID='crawl_the-gioi' AIRFLOW_CTX_EXECUTION_DATE='2025-05-17T20:00:00+00:00' AIRFLOW_CTX_TRY_NUMBER='1' AIRFLOW_CTX_DAG_RUN_ID='scheduled__2025-05-17T20:00:00+00:00'
[2025-05-17T20:30:20.732+0000] {taskinstance.py:430} INFO - ::endgroup::
[2025-05-17T20:30:20.935+0000] {crawler.py:55} INFO - Đã kết nối thành công với MongoDB: News
[2025-05-17T20:30:21.643+0000] {logging_mixin.py:188} INFO - [INIT].... → Crawl4AI 0.6.2
[2025-05-17T20:30:24.397+0000] {logging_mixin.py:188} INFO - [FETCH]... ↓ https://vietnamnet.vn/tin-tuc-24h?bydaterang=&cate=000005                                            | 
[2025-05-17T20:30:24.397+0000] {logging_mixin.py:188} INFO - ✓
[2025-05-17T20:30:24.398+0000] {logging_mixin.py:188} INFO -  | ⏱: 2.66s
[2025-05-17T20:30:24.554+0000] {logging_mixin.py:188} INFO - [SCRAPE].. ◆ https://vietnamnet.vn/tin-tuc-24h?bydaterang=&cate=000005                                            | 
[2025-05-17T20:30:24.554+0000] {logging_mixin.py:188} INFO - ✓
[2025-05-17T20:30:24.555+0000] {logging_mixin.py:188} INFO -  | ⏱: 0.15s
[2025-05-17T20:30:24.556+0000] {logging_mixin.py:188} INFO - [COMPLETE] ● https://vietnamnet.vn/tin-tuc-24h?bydaterang=&cate=000005                                            | 
[2025-05-17T20:30:24.556+0000] {logging_mixin.py:188} INFO - ✓
[2025-05-17T20:30:24.557+0000] {logging_mixin.py:188} INFO -  | ⏱: 2.82s
[2025-05-17T20:30:24.831+0000] {crawler.py:85} INFO - Tìm thấy 25 link bài viết cho danh mục the-gioi
[2025-05-17T20:30:25.415+0000] {crawler.py:110} INFO - Đã lọc: 25 URLs ban đầu -> 1 URLs sau xử lý live
[2025-05-17T20:30:25.416+0000] {crawler.py:255} INFO - Đang crawl 1 bài viết mới từ danh mục the-gioi...
[2025-05-17T20:30:25.416+0000] {crawler.py:258} INFO - --> Crawl: https://vietnamnet.vn/tong-thong-my-trump-noi-san-sang-toi-trung-quoc-gap-ong-tap-can-binh-2402211.html
[2025-05-17T20:30:26.124+0000] {logging_mixin.py:188} INFO - [INIT].... → Crawl4AI 0.6.2
[2025-05-17T20:30:29.140+0000] {logging_mixin.py:188} INFO - [FETCH]... ↓ https://vietnamnet.vn/tong-thong-my-trump-noi-sa...toi-trung-quoc-gap-ong-tap-can-binh-2402211.html  | 
[2025-05-17T20:30:29.141+0000] {logging_mixin.py:188} INFO - ✓
[2025-05-17T20:30:29.142+0000] {logging_mixin.py:188} INFO -  | ⏱: 2.95s
[2025-05-17T20:30:29.393+0000] {logging_mixin.py:188} INFO - [SCRAPE].. ◆ https://vietnamnet.vn/tong-thong-my-trump-noi-sa...toi-trung-quoc-gap-ong-tap-can-binh-2402211.html  | 
[2025-05-17T20:30:29.394+0000] {logging_mixin.py:188} INFO - ✓
[2025-05-17T20:30:29.394+0000] {logging_mixin.py:188} INFO -  | ⏱: 
[2025-05-17T20:30:29.395+0000] {logging_mixin.py:188} INFO - 0.25
[2025-05-17T20:30:29.395+0000] {logging_mixin.py:188} INFO - s
[2025-05-17T20:30:29.396+0000] {logging_mixin.py:188} INFO - [COMPLETE] ● https://vietnamnet.vn/tong-thong-my-trump-noi-sa...toi-trung-quoc-gap-ong-tap-can-binh-2402211.html  | 
[2025-05-17T20:30:29.397+0000] {logging_mixin.py:188} INFO - ✓
[2025-05-17T20:30:29.397+0000] {logging_mixin.py:188} INFO -  | ⏱: 3.21s
[2025-05-17T20:30:29.815+0000] {crawler.py:262} INFO -     ✓ Tổng thống Mỹ Trump nói sẵn sàng tới Trung Quốc gặp ông Tập ...

[2025-05-17T20:30:29.816+0000] {crawler.py:265} INFO - ⏱️  Tổng thời gian crawl: 8.88 giây
[2025-05-17T20:30:29.954+0000] {crawler.py:292} INFO - Đã lưu 1 bài viết vào collection 'the-gioi'
[2025-05-17T20:30:30.016+0000] {python.py:237} INFO - Done. Returned value was: None
[2025-05-17T20:30:30.017+0000] {taskinstance.py:441} INFO - ::group::Post task execution logs
[2025-05-17T20:30:30.026+0000] {taskinstance.py:1206} INFO - Marking task as SUCCESS. dag_id=vietnamnet_crawler_24h, task_id=crawl_the-gioi, run_id=scheduled__2025-05-17T20:00:00+00:00, execution_date=20250517T200000, start_date=20250517T203020, end_date=20250517T203030
[2025-05-17T20:30:30.066+0000] {local_task_job_runner.py:240} INFO - Task exited with return code 0
[2025-05-17T20:30:30.090+0000] {taskinstance.py:3503} INFO - 1 downstream tasks scheduled from follow-on schedule check
[2025-05-17T20:30:30.093+0000] {local_task_job_runner.py:222} INFO - ::endgroup::
