[2025-06-21T16:21:47.508+0000] {local_task_job_runner.py:120} INFO - ::group::Pre task execution logs
[2025-06-21T16:21:47.526+0000] {taskinstance.py:2076} INFO - Dependencies all met for dep_context=non-requeueable deps ti=<TaskInstance: deepai_monthly_insights.generate_monthly_insights_per_collection manual__2025-06-21T16:11:34.898872+00:00 [queued]>
[2025-06-21T16:21:47.534+0000] {taskinstance.py:2076} INFO - Dependencies all met for dep_context=requeueable deps ti=<TaskInstance: deepai_monthly_insights.generate_monthly_insights_per_collection manual__2025-06-21T16:11:34.898872+00:00 [queued]>
[2025-06-21T16:21:47.535+0000] {taskinstance.py:2306} INFO - Starting attempt 3 of 3
[2025-06-21T16:21:47.550+0000] {taskinstance.py:2330} INFO - Executing <Task(PythonOperator): generate_monthly_insights_per_collection> on 2025-06-21 16:11:34.898872+00:00
[2025-06-21T16:21:47.558+0000] {warnings.py:112} WARNING - /home/***/.local/lib/python3.12/site-packages/***/task/task_runner/standard_task_runner.py:61: DeprecationWarning: This process (pid=645) is multi-threaded, use of fork() may lead to deadlocks in the child.
  pid = os.fork()

[2025-06-21T16:21:47.561+0000] {standard_task_runner.py:63} INFO - Started process 652 to run task
[2025-06-21T16:21:47.561+0000] {standard_task_runner.py:90} INFO - Running: ['***', 'tasks', 'run', 'deepai_monthly_insights', 'generate_monthly_insights_per_collection', 'manual__2025-06-21T16:11:34.898872+00:00', '--job-id', '82', '--raw', '--subdir', 'DAGS_FOLDER/dags.py', '--cfg-path', '/tmp/tmp0p3g1oje']
[2025-06-21T16:21:47.565+0000] {standard_task_runner.py:91} INFO - Job 82: Subtask generate_monthly_insights_per_collection
[2025-06-21T16:21:47.623+0000] {task_command.py:426} INFO - Running <TaskInstance: deepai_monthly_insights.generate_monthly_insights_per_collection manual__2025-06-21T16:11:34.898872+00:00 [running]> on host ba55e784d7b2
[2025-06-21T16:21:47.748+0000] {taskinstance.py:2648} INFO - Exporting env vars: AIRFLOW_CTX_DAG_OWNER='***' AIRFLOW_CTX_DAG_ID='deepai_monthly_insights' AIRFLOW_CTX_TASK_ID='generate_monthly_insights_per_collection' AIRFLOW_CTX_EXECUTION_DATE='2025-06-21T16:11:34.898872+00:00' AIRFLOW_CTX_TRY_NUMBER='3' AIRFLOW_CTX_DAG_RUN_ID='manual__2025-06-21T16:11:34.898872+00:00'
[2025-06-21T16:21:47.750+0000] {taskinstance.py:430} INFO - ::endgroup::
[2025-06-21T16:21:47.771+0000] {dags.py:199} INFO - Bắt đầu tạo insights cho từng category từ dữ liệu tháng qua
[2025-06-21T16:21:48.075+0000] {dags.py:213} INFO - Tạo insights riêng cho từng category và lưu vào database...
[2025-06-21T16:22:14.431+0000] {logging_mixin.py:188} INFO - ✅ Đã lưu insight cho collection 'hardware' (ID: 2025-06)
[2025-06-21T16:22:14.490+0000] {logging_mixin.py:188} INFO - ✅ Đã lưu insight cho collection 'culture' (ID: 2025-06)
[2025-06-21T16:22:14.552+0000] {logging_mixin.py:188} INFO - ✅ Đã lưu insight cho collection 'science' (ID: 2025-06)
[2025-06-21T16:22:14.610+0000] {logging_mixin.py:188} INFO - ✅ Đã lưu insight cho collection 'business' (ID: 2025-06)
[2025-06-21T16:22:14.668+0000] {logging_mixin.py:188} INFO - ✅ Đã lưu insight cho collection 'ml-research' (ID: 2025-06)
[2025-06-21T16:22:14.729+0000] {logging_mixin.py:188} INFO - ✅ Đã lưu insight cho collection 'data-points' (ID: 2025-06)
[2025-06-21T16:22:14.730+0000] {logging_mixin.py:188} INFO - 
📊 Tổng kết: Đã lưu thành công 6/6 insights vào database 'deeplearning_ai_insight'
[2025-06-21T16:22:14.730+0000] {dags.py:221} INFO - Đã tạo và lưu thành công 6 insights vào database 'deeplearning_ai_insight'
[2025-06-21T16:22:15.114+0000] {dags.py:225} INFO - Thống kê Insight Database: 6 insights trong 6 collections
[2025-06-21T16:22:15.117+0000] {dags.py:230} INFO - Hoàn thành tạo insights tháng
[2025-06-21T16:22:15.119+0000] {python.py:237} INFO - Done. Returned value was: None
[2025-06-21T16:22:15.120+0000] {taskinstance.py:441} INFO - ::group::Post task execution logs
[2025-06-21T16:22:15.131+0000] {taskinstance.py:1206} INFO - Marking task as SUCCESS. dag_id=deepai_monthly_insights, task_id=generate_monthly_insights_per_collection, run_id=manual__2025-06-21T16:11:34.898872+00:00, execution_date=20250621T161134, start_date=20250621T162147, end_date=20250621T162215
[2025-06-21T16:22:15.197+0000] {local_task_job_runner.py:240} INFO - Task exited with return code 0
[2025-06-21T16:22:15.213+0000] {taskinstance.py:3503} INFO - 0 downstream tasks scheduled from follow-on schedule check
[2025-06-21T16:22:15.216+0000] {local_task_job_runner.py:222} INFO - ::endgroup::
