[2025-05-03T20:00:02.063+0000] {local_task_job_runner.py:120} INFO - ::group::Pre task execution logs
[2025-05-03T20:00:02.084+0000] {taskinstance.py:2076} INFO - Dependencies all met for dep_context=non-requeueable deps ti=<TaskInstance: vietnamnet_crawler_with_summary.crawl_chinh-tri scheduled__2025-05-03T19:30:00+00:00 [queued]>
[2025-05-03T20:00:02.091+0000] {taskinstance.py:2076} INFO - Dependencies all met for dep_context=requeueable deps ti=<TaskInstance: vietnamnet_crawler_with_summary.crawl_chinh-tri scheduled__2025-05-03T19:30:00+00:00 [queued]>
[2025-05-03T20:00:02.092+0000] {taskinstance.py:2306} INFO - Starting attempt 1 of 2
[2025-05-03T20:00:02.106+0000] {taskinstance.py:2330} INFO - Executing <Task(PythonOperator): crawl_chinh-tri> on 2025-05-03 19:30:00+00:00
[2025-05-03T20:00:02.111+0000] {warnings.py:112} WARNING - /home/***/.local/lib/python3.12/site-packages/***/task/task_runner/standard_task_runner.py:61: DeprecationWarning: This process (pid=34512) is multi-threaded, use of fork() may lead to deadlocks in the child.
  pid = os.fork()

[2025-05-03T20:00:02.112+0000] {standard_task_runner.py:63} INFO - Started process 34535 to run task
[2025-05-03T20:00:02.112+0000] {standard_task_runner.py:90} INFO - Running: ['***', 'tasks', 'run', 'vietnamnet_crawler_with_summary', 'crawl_chinh-tri', 'scheduled__2025-05-03T19:30:00+00:00', '--job-id', '8', '--raw', '--subdir', 'DAGS_FOLDER/dags.py', '--cfg-path', '/tmp/tmpfqmkxe8x']
[2025-05-03T20:00:02.115+0000] {standard_task_runner.py:91} INFO - Job 8: Subtask crawl_chinh-tri
[2025-05-03T20:00:02.165+0000] {task_command.py:426} INFO - Running <TaskInstance: vietnamnet_crawler_with_summary.crawl_chinh-tri scheduled__2025-05-03T19:30:00+00:00 [running]> on host 61b2c69a7af3
[2025-05-03T20:00:02.248+0000] {taskinstance.py:2648} INFO - Exporting env vars: AIRFLOW_CTX_DAG_OWNER='***' AIRFLOW_CTX_DAG_ID='vietnamnet_crawler_with_summary' AIRFLOW_CTX_TASK_ID='crawl_chinh-tri' AIRFLOW_CTX_EXECUTION_DATE='2025-05-03T19:30:00+00:00' AIRFLOW_CTX_TRY_NUMBER='1' AIRFLOW_CTX_DAG_RUN_ID='scheduled__2025-05-03T19:30:00+00:00'
[2025-05-03T20:00:02.250+0000] {taskinstance.py:430} INFO - ::endgroup::
[2025-05-03T20:00:02.538+0000] {crawler.py:61} INFO - Đã kết nối thành công với MongoDB: News
[2025-05-03T20:00:02.661+0000] {crawler.py:44} INFO - ArticleSummarizer đã được khởi tạo thành công
[2025-05-03T20:00:03.198+0000] {logging_mixin.py:188} INFO - [INIT].... → Crawl4AI 0.6.2
[2025-05-03T20:00:06.715+0000] {logging_mixin.py:188} INFO - [FETCH]... ↓ https://vietnamnet.vn/chinh-tri                                                                      | 
[2025-05-03T20:00:06.715+0000] {logging_mixin.py:188} INFO - ✓
[2025-05-03T20:00:06.716+0000] {logging_mixin.py:188} INFO -  | ⏱: 3.46s
[2025-05-03T20:00:07.062+0000] {logging_mixin.py:188} INFO - [SCRAPE].. ◆ https://vietnamnet.vn/chinh-tri                                                                      | 
[2025-05-03T20:00:07.063+0000] {logging_mixin.py:188} INFO - ✓
[2025-05-03T20:00:07.064+0000] {logging_mixin.py:188} INFO -  | ⏱: 0.34s
[2025-05-03T20:00:07.065+0000] {logging_mixin.py:188} INFO - [COMPLETE] ● https://vietnamnet.vn/chinh-tri                                                                      | 
[2025-05-03T20:00:07.066+0000] {logging_mixin.py:188} INFO - ✓
[2025-05-03T20:00:07.066+0000] {logging_mixin.py:188} INFO -  | ⏱: 3.81s
[2025-05-03T20:00:07.424+0000] {crawler.py:87} INFO - Tìm thấy 77 link bài viết
[2025-05-03T20:00:12.554+0000] {crawler.py:106} INFO - Đã lọc: 77 URLs ban đầu -> 0 URLs mới
[2025-05-03T20:00:12.555+0000] {crawler.py:225} INFO - Không có bài viết mới nào trong danh mục chinh-tri cần crawl.
[2025-05-03T20:00:12.556+0000] {crawler.py:260} INFO - Không có bài viết để lưu vào collection 'chinh-tri'
[2025-05-03T20:00:12.615+0000] {python.py:237} INFO - Done. Returned value was: None
[2025-05-03T20:00:12.615+0000] {taskinstance.py:441} INFO - ::group::Post task execution logs
[2025-05-03T20:00:12.627+0000] {taskinstance.py:1206} INFO - Marking task as SUCCESS. dag_id=vietnamnet_crawler_with_summary, task_id=crawl_chinh-tri, run_id=scheduled__2025-05-03T19:30:00+00:00, execution_date=20250503T193000, start_date=20250503T200002, end_date=20250503T200012
[2025-05-03T20:00:12.676+0000] {local_task_job_runner.py:240} INFO - Task exited with return code 0
[2025-05-03T20:00:12.703+0000] {taskinstance.py:3503} INFO - 1 downstream tasks scheduled from follow-on schedule check
[2025-05-03T20:00:12.706+0000] {local_task_job_runner.py:222} INFO - ::endgroup::
