[2025-05-05T09:02:47.887+0000] {local_task_job_runner.py:120} INFO - ::group::Pre task execution logs
[2025-05-05T09:02:47.917+0000] {taskinstance.py:2076} INFO - Dependencies all met for dep_context=non-requeueable deps ti=<TaskInstance: vietnamnet_crawler_24h.crawl_phap-luat manual__2025-05-05T09:01:58.894564+00:00 [queued]>
[2025-05-05T09:02:47.930+0000] {taskinstance.py:2076} INFO - Dependencies all met for dep_context=requeueable deps ti=<TaskInstance: vietnamnet_crawler_24h.crawl_phap-luat manual__2025-05-05T09:01:58.894564+00:00 [queued]>
[2025-05-05T09:02:47.931+0000] {taskinstance.py:2306} INFO - Starting attempt 1 of 2
[2025-05-05T09:02:47.948+0000] {taskinstance.py:2330} INFO - Executing <Task(PythonOperator): crawl_phap-luat> on 2025-05-05 09:01:58.894564+00:00
[2025-05-05T09:02:47.956+0000] {warnings.py:112} WARNING - /home/***/.local/lib/python3.12/site-packages/***/task/task_runner/standard_task_runner.py:61: DeprecationWarning: This process (pid=1374) is multi-threaded, use of fork() may lead to deadlocks in the child.
  pid = os.fork()

[2025-05-05T09:02:47.958+0000] {standard_task_runner.py:63} INFO - Started process 1406 to run task
[2025-05-05T09:02:47.959+0000] {standard_task_runner.py:90} INFO - Running: ['***', 'tasks', 'run', 'vietnamnet_crawler_24h', 'crawl_phap-luat', 'manual__2025-05-05T09:01:58.894564+00:00', '--job-id', '14', '--raw', '--subdir', 'DAGS_FOLDER/dags.py', '--cfg-path', '/tmp/tmpis4965iw']
[2025-05-05T09:02:47.962+0000] {standard_task_runner.py:91} INFO - Job 14: Subtask crawl_phap-luat
[2025-05-05T09:02:48.019+0000] {task_command.py:426} INFO - Running <TaskInstance: vietnamnet_crawler_24h.crawl_phap-luat manual__2025-05-05T09:01:58.894564+00:00 [running]> on host 61334513b462
[2025-05-05T09:02:48.126+0000] {taskinstance.py:2648} INFO - Exporting env vars: AIRFLOW_CTX_DAG_OWNER='***' AIRFLOW_CTX_DAG_ID='vietnamnet_crawler_24h' AIRFLOW_CTX_TASK_ID='crawl_phap-luat' AIRFLOW_CTX_EXECUTION_DATE='2025-05-05T09:01:58.894564+00:00' AIRFLOW_CTX_TRY_NUMBER='1' AIRFLOW_CTX_DAG_RUN_ID='manual__2025-05-05T09:01:58.894564+00:00'
[2025-05-05T09:02:48.127+0000] {taskinstance.py:430} INFO - ::endgroup::
[2025-05-05T09:02:48.343+0000] {crawler.py:54} INFO - Đã kết nối thành công với MongoDB: News
[2025-05-05T09:02:48.516+0000] {crawler.py:44} INFO - ArticleSummarizer đã được khởi tạo thành công
[2025-05-05T09:02:49.195+0000] {logging_mixin.py:188} INFO - [INIT].... → Crawl4AI 0.6.2
[2025-05-05T09:02:52.101+0000] {logging_mixin.py:188} INFO - [FETCH]... ↓ https://vietnamnet.vn/tin-tuc-24h?bydaterang=&cate=000008                                            | 
[2025-05-05T09:02:52.102+0000] {logging_mixin.py:188} INFO - ✓
[2025-05-05T09:02:52.103+0000] {logging_mixin.py:188} INFO -  | ⏱: 2.83s
[2025-05-05T09:02:52.305+0000] {logging_mixin.py:188} INFO - [SCRAPE].. ◆ https://vietnamnet.vn/tin-tuc-24h?bydaterang=&cate=000008                                            | 
[2025-05-05T09:02:52.306+0000] {logging_mixin.py:188} INFO - ✓
[2025-05-05T09:02:52.307+0000] {logging_mixin.py:188} INFO -  | ⏱: 0.20s
[2025-05-05T09:02:52.308+0000] {logging_mixin.py:188} INFO - [COMPLETE] ● https://vietnamnet.vn/tin-tuc-24h?bydaterang=&cate=000008                                            | 
[2025-05-05T09:02:52.308+0000] {logging_mixin.py:188} INFO - ✓
[2025-05-05T09:02:52.309+0000] {logging_mixin.py:188} INFO -  | ⏱: 3.04s
[2025-05-05T09:02:52.547+0000] {crawler.py:84} INFO - Tìm thấy 25 link bài viết cho danh mục phap-luat
[2025-05-05T09:02:54.125+0000] {crawler.py:103} INFO - Đã lọc: 25 URLs ban đầu -> 0 URLs mới
[2025-05-05T09:02:54.126+0000] {crawler.py:222} INFO - Không có bài viết mới nào trong danh mục phap-luat cần crawl.
[2025-05-05T09:02:54.127+0000] {crawler.py:257} INFO - Không có bài viết để lưu vào collection 'phap-luat'
[2025-05-05T09:02:54.176+0000] {python.py:237} INFO - Done. Returned value was: None
[2025-05-05T09:02:54.178+0000] {taskinstance.py:441} INFO - ::group::Post task execution logs
[2025-05-05T09:02:54.218+0000] {taskinstance.py:1206} INFO - Marking task as SUCCESS. dag_id=vietnamnet_crawler_24h, task_id=crawl_phap-luat, run_id=manual__2025-05-05T09:01:58.894564+00:00, execution_date=20250505T090158, start_date=20250505T090247, end_date=20250505T090254
[2025-05-05T09:02:54.278+0000] {local_task_job_runner.py:240} INFO - Task exited with return code 0
[2025-05-05T09:02:54.297+0000] {taskinstance.py:3503} INFO - 1 downstream tasks scheduled from follow-on schedule check
[2025-05-05T09:02:54.299+0000] {local_task_job_runner.py:222} INFO - ::endgroup::
