[2025-05-16T13:00:01.185+0000] {local_task_job_runner.py:120} INFO - ::group::Pre task execution logs
[2025-05-16T13:00:01.215+0000] {taskinstance.py:2076} INFO - Dependencies all met for dep_context=non-requeueable deps ti=<TaskInstance: vietnamnet_crawler_24h.clean_old_articles scheduled__2025-05-16T12:30:00+00:00 [queued]>
[2025-05-16T13:00:01.228+0000] {taskinstance.py:2076} INFO - Dependencies all met for dep_context=requeueable deps ti=<TaskInstance: vietnamnet_crawler_24h.clean_old_articles scheduled__2025-05-16T12:30:00+00:00 [queued]>
[2025-05-16T13:00:01.229+0000] {taskinstance.py:2306} INFO - Starting attempt 1 of 2
[2025-05-16T13:00:01.248+0000] {taskinstance.py:2330} INFO - Executing <Task(PythonOperator): clean_old_articles> on 2025-05-16 12:30:00+00:00
[2025-05-16T13:00:01.254+0000] {warnings.py:112} WARNING - /home/***/.local/lib/python3.12/site-packages/***/task/task_runner/standard_task_runner.py:61: DeprecationWarning: This process (pid=8494) is multi-threaded, use of fork() may lead to deadlocks in the child.
  pid = os.fork()

[2025-05-16T13:00:01.257+0000] {standard_task_runner.py:63} INFO - Started process 8502 to run task
[2025-05-16T13:00:01.258+0000] {standard_task_runner.py:90} INFO - Running: ['***', 'tasks', 'run', 'vietnamnet_crawler_24h', 'clean_old_articles', 'scheduled__2025-05-16T12:30:00+00:00', '--job-id', '31', '--raw', '--subdir', 'DAGS_FOLDER/dags.py', '--cfg-path', '/tmp/tmpo6xbo0rq']
[2025-05-16T13:00:01.262+0000] {standard_task_runner.py:91} INFO - Job 31: Subtask clean_old_articles
[2025-05-16T13:00:01.318+0000] {task_command.py:426} INFO - Running <TaskInstance: vietnamnet_crawler_24h.clean_old_articles scheduled__2025-05-16T12:30:00+00:00 [running]> on host 60d771d880eb
[2025-05-16T13:00:01.435+0000] {taskinstance.py:2648} INFO - Exporting env vars: AIRFLOW_CTX_DAG_OWNER='***' AIRFLOW_CTX_DAG_ID='vietnamnet_crawler_24h' AIRFLOW_CTX_TASK_ID='clean_old_articles' AIRFLOW_CTX_EXECUTION_DATE='2025-05-16T12:30:00+00:00' AIRFLOW_CTX_TRY_NUMBER='1' AIRFLOW_CTX_DAG_RUN_ID='scheduled__2025-05-16T12:30:00+00:00'
[2025-05-16T13:00:01.437+0000] {taskinstance.py:430} INFO - ::endgroup::
[2025-05-16T13:00:01.696+0000] {database_cleaner.py:33} INFO - Đã kết nối MongoDB: News
[2025-05-16T13:00:01.697+0000] {database_cleaner.py:102} INFO - Xóa các bài viết trước: 2025-04-15T20:00:01.696938+07:00
[2025-05-16T13:00:02.713+0000] {database_cleaner.py:125} INFO - Collection 'cong-nghe': 0 bài bị xóa
[2025-05-16T13:00:03.194+0000] {database_cleaner.py:125} INFO - Collection 'the-gioi': 0 bài bị xóa
[2025-05-16T13:00:03.947+0000] {database_cleaner.py:125} INFO - Collection 'chinh-tri': 0 bài bị xóa
[2025-05-16T13:00:04.182+0000] {database_cleaner.py:125} INFO - Collection 'phap-luat': 0 bài bị xóa
[2025-05-16T13:00:04.524+0000] {database_cleaner.py:125} INFO - Collection 'doi-song': 0 bài bị xóa
[2025-05-16T13:00:04.841+0000] {database_cleaner.py:125} INFO - Collection 'giao-duc': 0 bài bị xóa
[2025-05-16T13:00:04.908+0000] {database_cleaner.py:42} INFO - Đã đóng kết nối MongoDB
[2025-05-16T13:00:04.909+0000] {database_cleaner.py:142} INFO - Đã xóa tổng cộng 0 bài, còn lại 1783
[2025-05-16T13:00:04.910+0000] {python.py:237} INFO - Done. Returned value was: {'cong-nghe': {'total': 26, 'deleted': 0, 'remaining': 26}, 'the-gioi': {'total': 413, 'deleted': 0, 'remaining': 413}, 'chinh-tri': {'total': 521, 'deleted': 0, 'remaining': 521}, 'phap-luat': {'total': 222, 'deleted': 0, 'remaining': 222}, 'doi-song': {'total': 292, 'deleted': 0, 'remaining': 292}, 'giao-duc': {'total': 309, 'deleted': 0, 'remaining': 309}}
[2025-05-16T13:00:04.910+0000] {taskinstance.py:441} INFO - ::group::Post task execution logs
[2025-05-16T13:00:04.942+0000] {taskinstance.py:1206} INFO - Marking task as SUCCESS. dag_id=vietnamnet_crawler_24h, task_id=clean_old_articles, run_id=scheduled__2025-05-16T12:30:00+00:00, execution_date=20250516T123000, start_date=20250516T130001, end_date=20250516T130004
[2025-05-16T13:00:04.991+0000] {local_task_job_runner.py:240} INFO - Task exited with return code 0
[2025-05-16T13:00:05.027+0000] {taskinstance.py:3503} INFO - 1 downstream tasks scheduled from follow-on schedule check
[2025-05-16T13:00:05.031+0000] {local_task_job_runner.py:222} INFO - ::endgroup::
