[2025-05-16T08:51:31.773+0000] {local_task_job_runner.py:120} INFO - ::group::Pre task execution logs
[2025-05-16T08:51:31.814+0000] {taskinstance.py:2076} INFO - Dependencies all met for dep_context=non-requeueable deps ti=<TaskInstance: vietnamnet_crawler_24h.crawl_phap-luat scheduled__2025-05-16T08:00:00+00:00 [queued]>
[2025-05-16T08:51:31.835+0000] {taskinstance.py:2076} INFO - Dependencies all met for dep_context=requeueable deps ti=<TaskInstance: vietnamnet_crawler_24h.crawl_phap-luat scheduled__2025-05-16T08:00:00+00:00 [queued]>
[2025-05-16T08:51:31.836+0000] {taskinstance.py:2306} INFO - Starting attempt 1 of 2
[2025-05-16T08:51:31.861+0000] {taskinstance.py:2330} INFO - Executing <Task(PythonOperator): crawl_phap-luat> on 2025-05-16 08:00:00+00:00
[2025-05-16T08:51:31.872+0000] {warnings.py:112} WARNING - /home/***/.local/lib/python3.12/site-packages/***/task/task_runner/standard_task_runner.py:61: DeprecationWarning: This process (pid=5167) is multi-threaded, use of fork() may lead to deadlocks in the child.
  pid = os.fork()

[2025-05-16T08:51:31.875+0000] {standard_task_runner.py:63} INFO - Started process 5284 to run task
[2025-05-16T08:51:31.875+0000] {standard_task_runner.py:90} INFO - Running: ['***', 'tasks', 'run', 'vietnamnet_crawler_24h', 'crawl_phap-luat', 'scheduled__2025-05-16T08:00:00+00:00', '--job-id', '31', '--raw', '--subdir', 'DAGS_FOLDER/dags.py', '--cfg-path', '/tmp/tmp7coss7mj']
[2025-05-16T08:51:31.880+0000] {standard_task_runner.py:91} INFO - Job 31: Subtask crawl_phap-luat
[2025-05-16T08:51:31.947+0000] {task_command.py:426} INFO - Running <TaskInstance: vietnamnet_crawler_24h.crawl_phap-luat scheduled__2025-05-16T08:00:00+00:00 [running]> on host 3e0aeda9ad24
[2025-05-16T08:51:32.084+0000] {taskinstance.py:2648} INFO - Exporting env vars: AIRFLOW_CTX_DAG_OWNER='***' AIRFLOW_CTX_DAG_ID='vietnamnet_crawler_24h' AIRFLOW_CTX_TASK_ID='crawl_phap-luat' AIRFLOW_CTX_EXECUTION_DATE='2025-05-16T08:00:00+00:00' AIRFLOW_CTX_TRY_NUMBER='1' AIRFLOW_CTX_DAG_RUN_ID='scheduled__2025-05-16T08:00:00+00:00'
[2025-05-16T08:51:32.087+0000] {taskinstance.py:430} INFO - ::endgroup::
[2025-05-16T08:51:32.401+0000] {crawler.py:54} INFO - Đã kết nối thành công với MongoDB: News
[2025-05-16T08:51:32.721+0000] {crawler.py:44} INFO - ArticleSummarizer đã được khởi tạo thành công
[2025-05-16T08:51:33.911+0000] {logging_mixin.py:188} INFO - [INIT].... → Crawl4AI 0.6.2
[2025-05-16T08:51:37.437+0000] {logging_mixin.py:188} INFO - [FETCH]... ↓ https://vietnamnet.vn/tin-tuc-24h?bydaterang=&cate=000008                                            | 
[2025-05-16T08:51:37.438+0000] {logging_mixin.py:188} INFO - ✓
[2025-05-16T08:51:37.439+0000] {logging_mixin.py:188} INFO -  | ⏱: 3.38s
[2025-05-16T08:51:37.697+0000] {logging_mixin.py:188} INFO - [SCRAPE].. ◆ https://vietnamnet.vn/tin-tuc-24h?bydaterang=&cate=000008                                            | 
[2025-05-16T08:51:37.698+0000] {logging_mixin.py:188} INFO - ✓
[2025-05-16T08:51:37.699+0000] {logging_mixin.py:188} INFO -  | ⏱: 0.26s
[2025-05-16T08:51:37.701+0000] {logging_mixin.py:188} INFO - [COMPLETE] ● https://vietnamnet.vn/tin-tuc-24h?bydaterang=&cate=000008                                            | 
[2025-05-16T08:51:37.702+0000] {logging_mixin.py:188} INFO - ✓
[2025-05-16T08:51:37.702+0000] {logging_mixin.py:188} INFO -  | ⏱: 3.64s
[2025-05-16T08:51:38.041+0000] {crawler.py:84} INFO - Tìm thấy 25 link bài viết cho danh mục phap-luat
[2025-05-16T08:51:40.217+0000] {crawler.py:110} INFO - Đã lọc: 25 URLs ban đầu -> 0 URLs mới
[2025-05-16T08:51:40.218+0000] {crawler.py:231} INFO - Không có bài viết mới nào trong danh mục phap-luat cần crawl.
[2025-05-16T08:51:40.218+0000] {crawler.py:271} INFO - Không có bài viết để lưu vào collection 'phap-luat'
[2025-05-16T08:51:40.283+0000] {python.py:237} INFO - Done. Returned value was: None
[2025-05-16T08:51:40.284+0000] {taskinstance.py:441} INFO - ::group::Post task execution logs
[2025-05-16T08:51:40.294+0000] {taskinstance.py:1206} INFO - Marking task as SUCCESS. dag_id=vietnamnet_crawler_24h, task_id=crawl_phap-luat, run_id=scheduled__2025-05-16T08:00:00+00:00, execution_date=20250516T080000, start_date=20250516T085131, end_date=20250516T085140
[2025-05-16T08:51:40.359+0000] {local_task_job_runner.py:240} INFO - Task exited with return code 0
[2025-05-16T08:51:40.391+0000] {taskinstance.py:3503} INFO - 1 downstream tasks scheduled from follow-on schedule check
[2025-05-16T08:51:40.395+0000] {local_task_job_runner.py:222} INFO - ::endgroup::
