[2025-05-04T13:54:26.929+0000] {local_task_job_runner.py:120} INFO - ::group::Pre task execution logs
[2025-05-04T13:54:26.961+0000] {taskinstance.py:2076} INFO - Dependencies all met for dep_context=non-requeueable deps ti=<TaskInstance: vietnamnet_crawler_24h.clean_old_articles manual__2025-05-04T13:54:24.309060+00:00 [queued]>
[2025-05-04T13:54:26.974+0000] {taskinstance.py:2076} INFO - Dependencies all met for dep_context=requeueable deps ti=<TaskInstance: vietnamnet_crawler_24h.clean_old_articles manual__2025-05-04T13:54:24.309060+00:00 [queued]>
[2025-05-04T13:54:26.975+0000] {taskinstance.py:2306} INFO - Starting attempt 1 of 2
[2025-05-04T13:54:26.996+0000] {taskinstance.py:2330} INFO - Executing <Task(PythonOperator): clean_old_articles> on 2025-05-04 13:54:24.309060+00:00
[2025-05-04T13:54:27.003+0000] {warnings.py:112} WARNING - /home/***/.local/lib/python3.12/site-packages/***/task/task_runner/standard_task_runner.py:61: DeprecationWarning: This process (pid=164) is multi-threaded, use of fork() may lead to deadlocks in the child.
  pid = os.fork()

[2025-05-04T13:54:27.006+0000] {standard_task_runner.py:63} INFO - Started process 166 to run task
[2025-05-04T13:54:27.007+0000] {standard_task_runner.py:90} INFO - Running: ['***', 'tasks', 'run', 'vietnamnet_crawler_24h', 'clean_old_articles', 'manual__2025-05-04T13:54:24.309060+00:00', '--job-id', '3', '--raw', '--subdir', 'DAGS_FOLDER/dags.py', '--cfg-path', '/tmp/tmpks8qn2fl']
[2025-05-04T13:54:27.010+0000] {standard_task_runner.py:91} INFO - Job 3: Subtask clean_old_articles
[2025-05-04T13:54:27.089+0000] {task_command.py:426} INFO - Running <TaskInstance: vietnamnet_crawler_24h.clean_old_articles manual__2025-05-04T13:54:24.309060+00:00 [running]> on host 78b16fb5ec43
[2025-05-04T13:54:27.195+0000] {taskinstance.py:2648} INFO - Exporting env vars: AIRFLOW_CTX_DAG_OWNER='***' AIRFLOW_CTX_DAG_ID='vietnamnet_crawler_24h' AIRFLOW_CTX_TASK_ID='clean_old_articles' AIRFLOW_CTX_EXECUTION_DATE='2025-05-04T13:54:24.309060+00:00' AIRFLOW_CTX_TRY_NUMBER='1' AIRFLOW_CTX_DAG_RUN_ID='manual__2025-05-04T13:54:24.309060+00:00'
[2025-05-04T13:54:27.197+0000] {taskinstance.py:430} INFO - ::endgroup::
[2025-05-04T13:54:27.716+0000] {database_cleaner.py:33} INFO - Đã kết nối MongoDB: News
[2025-05-04T13:54:27.716+0000] {database_cleaner.py:102} INFO - Xóa các bài viết trước: 2025-04-03T20:54:27.716818+07:00
[2025-05-04T13:54:29.022+0000] {database_cleaner.py:125} INFO - Collection 'the-gioi': 0 bài bị xóa
[2025-05-04T13:54:29.984+0000] {database_cleaner.py:125} INFO - Collection 'chinh-tri': 1 bài bị xóa
[2025-05-04T13:54:30.094+0000] {database_cleaner.py:125} INFO - Collection 'doi-song': 0 bài bị xóa
[2025-05-04T13:54:30.516+0000] {database_cleaner.py:125} INFO - Collection 'giao-duc': 0 bài bị xóa
[2025-05-04T13:54:30.582+0000] {database_cleaner.py:42} INFO - Đã đóng kết nối MongoDB
[2025-05-04T13:54:30.587+0000] {database_cleaner.py:142} INFO - Đã xóa tổng cộng 1 bài, còn lại 1233
[2025-05-04T13:54:30.588+0000] {python.py:237} INFO - Done. Returned value was: {'the-gioi': {'total': 123, 'deleted': 0, 'remaining': 123}, 'chinh-tri': {'total': 679, 'deleted': 1, 'remaining': 678}, 'doi-song': {'total': 68, 'deleted': 0, 'remaining': 68}, 'giao-duc': {'total': 364, 'deleted': 0, 'remaining': 364}}
[2025-05-04T13:54:30.589+0000] {taskinstance.py:441} INFO - ::group::Post task execution logs
[2025-05-04T13:54:30.649+0000] {taskinstance.py:1206} INFO - Marking task as SUCCESS. dag_id=vietnamnet_crawler_24h, task_id=clean_old_articles, run_id=manual__2025-05-04T13:54:24.309060+00:00, execution_date=20250504T135424, start_date=20250504T135426, end_date=20250504T135430
[2025-05-04T13:54:30.714+0000] {local_task_job_runner.py:240} INFO - Task exited with return code 0
[2025-05-04T13:54:30.744+0000] {taskinstance.py:3503} INFO - 1 downstream tasks scheduled from follow-on schedule check
[2025-05-04T13:54:30.746+0000] {local_task_job_runner.py:222} INFO - ::endgroup::
