[2025-05-16T17:08:41.470+0000] {local_task_job_runner.py:120} INFO - ::group::Pre task execution logs
[2025-05-16T17:08:41.498+0000] {taskinstance.py:2076} INFO - Dependencies all met for dep_context=non-requeueable deps ti=<TaskInstance: vietnamnet_crawler_24h.crawl_chinh-tri manual__2025-05-16T17:08:32.746655+00:00 [queued]>
[2025-05-16T17:08:41.507+0000] {taskinstance.py:2076} INFO - Dependencies all met for dep_context=requeueable deps ti=<TaskInstance: vietnamnet_crawler_24h.crawl_chinh-tri manual__2025-05-16T17:08:32.746655+00:00 [queued]>
[2025-05-16T17:08:41.508+0000] {taskinstance.py:2306} INFO - Starting attempt 1 of 2
[2025-05-16T17:08:41.523+0000] {taskinstance.py:2330} INFO - Executing <Task(PythonOperator): crawl_chinh-tri> on 2025-05-16 17:08:32.746655+00:00
[2025-05-16T17:08:41.529+0000] {warnings.py:112} WARNING - /home/***/.local/lib/python3.12/site-packages/***/task/task_runner/standard_task_runner.py:61: DeprecationWarning: This process (pid=165) is multi-threaded, use of fork() may lead to deadlocks in the child.
  pid = os.fork()

[2025-05-16T17:08:41.531+0000] {standard_task_runner.py:63} INFO - Started process 185 to run task
[2025-05-16T17:08:41.532+0000] {standard_task_runner.py:90} INFO - Running: ['***', 'tasks', 'run', 'vietnamnet_crawler_24h', 'crawl_chinh-tri', 'manual__2025-05-16T17:08:32.746655+00:00', '--job-id', '80', '--raw', '--subdir', 'DAGS_FOLDER/dags.py', '--cfg-path', '/tmp/tmpwvg5q0di']
[2025-05-16T17:08:41.535+0000] {standard_task_runner.py:91} INFO - Job 80: Subtask crawl_chinh-tri
[2025-05-16T17:08:41.582+0000] {task_command.py:426} INFO - Running <TaskInstance: vietnamnet_crawler_24h.crawl_chinh-tri manual__2025-05-16T17:08:32.746655+00:00 [running]> on host 60d771d880eb
[2025-05-16T17:08:41.672+0000] {taskinstance.py:2648} INFO - Exporting env vars: AIRFLOW_CTX_DAG_OWNER='***' AIRFLOW_CTX_DAG_ID='vietnamnet_crawler_24h' AIRFLOW_CTX_TASK_ID='crawl_chinh-tri' AIRFLOW_CTX_EXECUTION_DATE='2025-05-16T17:08:32.746655+00:00' AIRFLOW_CTX_TRY_NUMBER='1' AIRFLOW_CTX_DAG_RUN_ID='manual__2025-05-16T17:08:32.746655+00:00'
[2025-05-16T17:08:41.673+0000] {taskinstance.py:430} INFO - ::endgroup::
[2025-05-16T17:08:41.857+0000] {crawler.py:55} INFO - Đã kết nối thành công với MongoDB: News
[2025-05-16T17:08:42.585+0000] {logging_mixin.py:188} INFO - [INIT].... → Crawl4AI 0.6.2
[2025-05-16T17:08:45.903+0000] {logging_mixin.py:188} INFO - [FETCH]... ↓ https://vietnamnet.vn/tin-tuc-24h?bydaterang=&cate=000001                                            | 
[2025-05-16T17:08:45.904+0000] {logging_mixin.py:188} INFO - ✓
[2025-05-16T17:08:45.904+0000] {logging_mixin.py:188} INFO -  | ⏱: 3.22s
[2025-05-16T17:08:46.098+0000] {logging_mixin.py:188} INFO - [SCRAPE].. ◆ https://vietnamnet.vn/tin-tuc-24h?bydaterang=&cate=000001                                            | 
[2025-05-16T17:08:46.099+0000] {logging_mixin.py:188} INFO - ✓
[2025-05-16T17:08:46.099+0000] {logging_mixin.py:188} INFO -  | ⏱: 0.19s
[2025-05-16T17:08:46.100+0000] {logging_mixin.py:188} INFO - [COMPLETE] ● https://vietnamnet.vn/tin-tuc-24h?bydaterang=&cate=000001                                            | 
[2025-05-16T17:08:46.101+0000] {logging_mixin.py:188} INFO - ✓
[2025-05-16T17:08:46.101+0000] {logging_mixin.py:188} INFO -  | ⏱: 3.41s
[2025-05-16T17:08:46.372+0000] {crawler.py:85} INFO - Tìm thấy 25 link bài viết cho danh mục chinh-tri
[2025-05-16T17:08:46.980+0000] {crawler.py:110} INFO - Đã lọc: 25 URLs ban đầu -> 1 URLs sau xử lý live
[2025-05-16T17:08:46.981+0000] {crawler.py:247} INFO - Đang crawl 1 bài viết mới từ danh mục chinh-tri...
[2025-05-16T17:08:46.982+0000] {crawler.py:250} INFO - --> Crawl: https://vietnamnet.vn/tuyen-bo-chung-ve-quan-he-doi-tac-chien-luoc-toan-dien-viet-nam-thai-lan-2401896.html
[2025-05-16T17:08:47.576+0000] {logging_mixin.py:188} INFO - [INIT].... → Crawl4AI 0.6.2
[2025-05-16T17:08:52.235+0000] {logging_mixin.py:188} INFO - [FETCH]... ↓ https://vietnamnet.vn/tuyen-bo-chung-ve-quan-he-...en-luoc-toan-dien-viet-nam-thai-lan-2401896.html  | 
[2025-05-16T17:08:52.236+0000] {logging_mixin.py:188} INFO - ✓
[2025-05-16T17:08:52.237+0000] {logging_mixin.py:188} INFO -  | ⏱: 4.60s
[2025-05-16T17:08:52.573+0000] {logging_mixin.py:188} INFO - [SCRAPE].. ◆ https://vietnamnet.vn/tuyen-bo-chung-ve-quan-he-...en-luoc-toan-dien-viet-nam-thai-lan-2401896.html  | 
[2025-05-16T17:08:52.574+0000] {logging_mixin.py:188} INFO - ✓
[2025-05-16T17:08:52.575+0000] {logging_mixin.py:188} INFO -  | ⏱: 0.34s
[2025-05-16T17:08:52.576+0000] {logging_mixin.py:188} INFO - [COMPLETE] ● https://vietnamnet.vn/tuyen-bo-chung-ve-quan-he-...en-luoc-toan-dien-viet-nam-thai-lan-2401896.html  | 
[2025-05-16T17:08:52.577+0000] {logging_mixin.py:188} INFO - ✓
[2025-05-16T17:08:52.577+0000] {logging_mixin.py:188} INFO -  | ⏱: 4.94s
[2025-05-16T17:08:53.082+0000] {crawler.py:254} INFO -     ✓ Tuyên bố chung về quan hệ Đối tác Chiến lược toàn diện Việt ...

[2025-05-16T17:08:53.083+0000] {crawler.py:257} INFO - ⏱️  Tổng thời gian crawl: 11.23 giây
[2025-05-16T17:08:53.218+0000] {crawler.py:282} INFO - Đã lưu 1 bài viết vào collection 'chinh-tri'
[2025-05-16T17:08:53.280+0000] {python.py:237} INFO - Done. Returned value was: None
[2025-05-16T17:08:53.282+0000] {taskinstance.py:441} INFO - ::group::Post task execution logs
[2025-05-16T17:08:53.293+0000] {taskinstance.py:1206} INFO - Marking task as SUCCESS. dag_id=vietnamnet_crawler_24h, task_id=crawl_chinh-tri, run_id=manual__2025-05-16T17:08:32.746655+00:00, execution_date=20250516T170832, start_date=20250516T170841, end_date=20250516T170853
[2025-05-16T17:08:53.349+0000] {local_task_job_runner.py:240} INFO - Task exited with return code 0
[2025-05-16T17:08:53.378+0000] {taskinstance.py:3503} INFO - 1 downstream tasks scheduled from follow-on schedule check
[2025-05-16T17:08:53.380+0000] {local_task_job_runner.py:222} INFO - ::endgroup::
