[2025-05-15T10:30:21.180+0000] {local_task_job_runner.py:120} INFO - ::group::Pre task execution logs
[2025-05-15T10:30:21.207+0000] {taskinstance.py:2076} INFO - Dependencies all met for dep_context=non-requeueable deps ti=<TaskInstance: vietnamnet_crawler_24h.crawl_cong-nghe manual__2025-05-15T10:27:15.440506+00:00 [queued]>
[2025-05-15T10:30:21.218+0000] {taskinstance.py:2076} INFO - Dependencies all met for dep_context=requeueable deps ti=<TaskInstance: vietnamnet_crawler_24h.crawl_cong-nghe manual__2025-05-15T10:27:15.440506+00:00 [queued]>
[2025-05-15T10:30:21.218+0000] {taskinstance.py:2306} INFO - Starting attempt 1 of 2
[2025-05-15T10:30:21.235+0000] {taskinstance.py:2330} INFO - Executing <Task(PythonOperator): crawl_cong-nghe> on 2025-05-15 10:27:15.440506+00:00
[2025-05-15T10:30:21.243+0000] {warnings.py:112} WARNING - /home/***/.local/lib/python3.12/site-packages/***/task/task_runner/standard_task_runner.py:61: DeprecationWarning: This process (pid=10785) is multi-threaded, use of fork() may lead to deadlocks in the child.
  pid = os.fork()

[2025-05-15T10:30:21.245+0000] {standard_task_runner.py:63} INFO - Started process 10794 to run task
[2025-05-15T10:30:21.245+0000] {standard_task_runner.py:90} INFO - Running: ['***', 'tasks', 'run', 'vietnamnet_crawler_24h', 'crawl_cong-nghe', 'manual__2025-05-15T10:27:15.440506+00:00', '--job-id', '37', '--raw', '--subdir', 'DAGS_FOLDER/dags.py', '--cfg-path', '/tmp/tmpgazsjxvf']
[2025-05-15T10:30:21.248+0000] {standard_task_runner.py:91} INFO - Job 37: Subtask crawl_cong-nghe
[2025-05-15T10:30:21.296+0000] {task_command.py:426} INFO - Running <TaskInstance: vietnamnet_crawler_24h.crawl_cong-nghe manual__2025-05-15T10:27:15.440506+00:00 [running]> on host 45f6bdc6b965
[2025-05-15T10:30:21.395+0000] {taskinstance.py:2648} INFO - Exporting env vars: AIRFLOW_CTX_DAG_OWNER='***' AIRFLOW_CTX_DAG_ID='vietnamnet_crawler_24h' AIRFLOW_CTX_TASK_ID='crawl_cong-nghe' AIRFLOW_CTX_EXECUTION_DATE='2025-05-15T10:27:15.440506+00:00' AIRFLOW_CTX_TRY_NUMBER='1' AIRFLOW_CTX_DAG_RUN_ID='manual__2025-05-15T10:27:15.440506+00:00'
[2025-05-15T10:30:21.397+0000] {taskinstance.py:430} INFO - ::endgroup::
[2025-05-15T10:30:21.608+0000] {crawler.py:54} INFO - Đã kết nối thành công với MongoDB: News
[2025-05-15T10:30:21.811+0000] {crawler.py:44} INFO - ArticleSummarizer đã được khởi tạo thành công
[2025-05-15T10:30:22.549+0000] {logging_mixin.py:188} INFO - [INIT].... → Crawl4AI 0.6.2
[2025-05-15T10:30:26.011+0000] {logging_mixin.py:188} INFO - [FETCH]... ↓ https://vietnamnet.vn/tin-tuc-24h?bydaterang=&cate=00MK8V                                            | 
[2025-05-15T10:30:26.012+0000] {logging_mixin.py:188} INFO - ✓
[2025-05-15T10:30:26.013+0000] {logging_mixin.py:188} INFO -  | ⏱: 3.35s
[2025-05-15T10:30:26.358+0000] {logging_mixin.py:188} INFO - [SCRAPE].. ◆ https://vietnamnet.vn/tin-tuc-24h?bydaterang=&cate=00MK8V                                            | 
[2025-05-15T10:30:26.359+0000] {logging_mixin.py:188} INFO - ✓
[2025-05-15T10:30:26.360+0000] {logging_mixin.py:188} INFO -  | ⏱: 0.34s
[2025-05-15T10:30:26.361+0000] {logging_mixin.py:188} INFO - [COMPLETE] ● https://vietnamnet.vn/tin-tuc-24h?bydaterang=&cate=00MK8V                                            | 
[2025-05-15T10:30:26.362+0000] {logging_mixin.py:188} INFO - ✓
[2025-05-15T10:30:26.362+0000] {logging_mixin.py:188} INFO -  | ⏱: 3.70s
[2025-05-15T10:30:26.432+0000] {crawler.py:84} INFO - Tìm thấy 25 link bài viết cho danh mục cong-nghe
[2025-05-15T10:30:28.493+0000] {crawler.py:103} INFO - Đã lọc: 25 URLs ban đầu -> 0 URLs mới
[2025-05-15T10:30:28.494+0000] {crawler.py:222} INFO - Không có bài viết mới nào trong danh mục cong-nghe cần crawl.
[2025-05-15T10:30:28.495+0000] {crawler.py:257} INFO - Không có bài viết để lưu vào collection 'cong-nghe'
[2025-05-15T10:30:28.561+0000] {python.py:237} INFO - Done. Returned value was: None
[2025-05-15T10:30:28.562+0000] {taskinstance.py:441} INFO - ::group::Post task execution logs
[2025-05-15T10:30:28.574+0000] {taskinstance.py:1206} INFO - Marking task as SUCCESS. dag_id=vietnamnet_crawler_24h, task_id=crawl_cong-nghe, run_id=manual__2025-05-15T10:27:15.440506+00:00, execution_date=20250515T102715, start_date=20250515T103021, end_date=20250515T103028
[2025-05-15T10:30:28.619+0000] {local_task_job_runner.py:240} INFO - Task exited with return code 0
[2025-05-15T10:30:28.672+0000] {taskinstance.py:3503} INFO - 1 downstream tasks scheduled from follow-on schedule check
[2025-05-15T10:30:28.675+0000] {local_task_job_runner.py:222} INFO - ::endgroup::
