[2025-05-18T08:01:02.643+0000] {local_task_job_runner.py:120} INFO - ::group::Pre task execution logs
[2025-05-18T08:01:02.737+0000] {taskinstance.py:2076} INFO - Dependencies all met for dep_context=non-requeueable deps ti=<TaskInstance: vietnamnet_crawler_24h.crawl_the-gioi scheduled__2025-05-18T07:30:00+00:00 [queued]>
[2025-05-18T08:01:02.761+0000] {taskinstance.py:2076} INFO - Dependencies all met for dep_context=requeueable deps ti=<TaskInstance: vietnamnet_crawler_24h.crawl_the-gioi scheduled__2025-05-18T07:30:00+00:00 [queued]>
[2025-05-18T08:01:02.762+0000] {taskinstance.py:2306} INFO - Starting attempt 1 of 2
[2025-05-18T08:01:02.799+0000] {taskinstance.py:2330} INFO - Executing <Task(PythonOperator): crawl_the-gioi> on 2025-05-18 07:30:00+00:00
[2025-05-18T08:01:02.811+0000] {warnings.py:112} WARNING - /home/***/.local/lib/python3.12/site-packages/***/task/task_runner/standard_task_runner.py:61: DeprecationWarning: This process (pid=28559) is multi-threaded, use of fork() may lead to deadlocks in the child.
  pid = os.fork()

[2025-05-18T08:01:02.815+0000] {standard_task_runner.py:63} INFO - Started process 28759 to run task
[2025-05-18T08:01:02.820+0000] {standard_task_runner.py:90} INFO - Running: ['***', 'tasks', 'run', 'vietnamnet_crawler_24h', 'crawl_the-gioi', 'scheduled__2025-05-18T07:30:00+00:00', '--job-id', '17', '--raw', '--subdir', 'DAGS_FOLDER/dags.py', '--cfg-path', '/tmp/tmp9k8clynx']
[2025-05-18T08:01:02.828+0000] {standard_task_runner.py:91} INFO - Job 17: Subtask crawl_the-gioi
[2025-05-18T08:01:02.967+0000] {task_command.py:426} INFO - Running <TaskInstance: vietnamnet_crawler_24h.crawl_the-gioi scheduled__2025-05-18T07:30:00+00:00 [running]> on host 396ee2b23973
[2025-05-18T08:01:03.130+0000] {taskinstance.py:2648} INFO - Exporting env vars: AIRFLOW_CTX_DAG_OWNER='***' AIRFLOW_CTX_DAG_ID='vietnamnet_crawler_24h' AIRFLOW_CTX_TASK_ID='crawl_the-gioi' AIRFLOW_CTX_EXECUTION_DATE='2025-05-18T07:30:00+00:00' AIRFLOW_CTX_TRY_NUMBER='1' AIRFLOW_CTX_DAG_RUN_ID='scheduled__2025-05-18T07:30:00+00:00'
[2025-05-18T08:01:03.131+0000] {taskinstance.py:430} INFO - ::endgroup::
[2025-05-18T08:01:03.547+0000] {crawler.py:55} INFO - Đã kết nối thành công với MongoDB: News
[2025-05-18T08:01:04.930+0000] {logging_mixin.py:188} INFO - [INIT].... → Crawl4AI 0.6.3
[2025-05-18T08:01:09.637+0000] {logging_mixin.py:188} INFO - [FETCH]... ↓ https://vietnamnet.vn/tin-tuc-24h?bydaterang=&cate=000005          
| ✓ | ⏱: 4.56s
[2025-05-18T08:01:10.358+0000] {logging_mixin.py:188} INFO - [SCRAPE].. ◆ https://vietnamnet.vn/tin-tuc-24h?bydaterang=&cate=000005          
| ✓ | ⏱: 0.71s
[2025-05-18T08:01:10.366+0000] {logging_mixin.py:188} INFO - [COMPLETE] ● https://vietnamnet.vn/tin-tuc-24h?bydaterang=&cate=000005          
| ✓ | ⏱: 5.29s
[2025-05-18T08:01:11.035+0000] {crawler.py:85} INFO - Tìm thấy 25 link bài viết cho danh mục the-gioi
[2025-05-18T08:01:11.901+0000] {crawler.py:110} INFO - Đã lọc: 25 URLs ban đầu -> 1 URLs sau xử lý live
[2025-05-18T08:01:11.903+0000] {crawler.py:255} INFO - Đang crawl 1 bài viết mới từ danh mục the-gioi...
[2025-05-18T08:01:11.904+0000] {crawler.py:258} INFO - --> Crawl: https://vietnamnet.vn/thanh-le-nham-chuc-cua-duc-giao-hoang-leo-xiv-2402353.html
[2025-05-18T08:01:13.407+0000] {logging_mixin.py:188} INFO - [INIT].... → Crawl4AI 0.6.3
[2025-05-18T08:01:26.862+0000] {logging_mixin.py:188} INFO - [FETCH]... ↓ 
https://vietnamnet.vn/thanh-le-nham-chuc-cua-duc-giao-hoang-leo-xiv-2402353.html
| ✓ | ⏱: 13.31s
[2025-05-18T08:01:27.311+0000] {logging_mixin.py:188} INFO - [SCRAPE].. ◆ 
https://vietnamnet.vn/thanh-le-nham-chuc-cua-duc-giao-hoang-leo-xiv-2402353.html
| ✓ | ⏱: 0.42s
[2025-05-18T08:01:27.320+0000] {logging_mixin.py:188} INFO - [COMPLETE] ● 
https://vietnamnet.vn/thanh-le-nham-chuc-cua-duc-giao-hoang-leo-xiv-2402353.html
| ✓ | ⏱: 13.77s
[2025-05-18T08:01:29.318+0000] {crawler.py:262} INFO -     ✓ Thánh lễ nhậm chức của Đức Giáo hoàng Leo XIV...

[2025-05-18T08:01:29.319+0000] {crawler.py:265} INFO - ⏱️  Tổng thời gian crawl: 25.77 giây
[2025-05-18T08:01:29.449+0000] {crawler.py:292} INFO - Đã lưu 1 bài viết vào collection 'the-gioi'
[2025-05-18T08:01:29.511+0000] {python.py:237} INFO - Done. Returned value was: None
[2025-05-18T08:01:29.512+0000] {taskinstance.py:441} INFO - ::group::Post task execution logs
[2025-05-18T08:01:29.525+0000] {taskinstance.py:1206} INFO - Marking task as SUCCESS. dag_id=vietnamnet_crawler_24h, task_id=crawl_the-gioi, run_id=scheduled__2025-05-18T07:30:00+00:00, execution_date=20250518T073000, start_date=20250518T080102, end_date=20250518T080129
[2025-05-18T08:01:29.586+0000] {local_task_job_runner.py:240} INFO - Task exited with return code 0
[2025-05-18T08:01:29.640+0000] {taskinstance.py:3503} INFO - 1 downstream tasks scheduled from follow-on schedule check
[2025-05-18T08:01:29.660+0000] {local_task_job_runner.py:222} INFO - ::endgroup::
