[2025-05-15T10:30:42.045+0000] {local_task_job_runner.py:120} INFO - ::group::Pre task execution logs
[2025-05-15T10:30:42.076+0000] {taskinstance.py:2076} INFO - Dependencies all met for dep_context=non-requeueable deps ti=<TaskInstance: vietnamnet_crawler_24h.crawl_doi-song manual__2025-05-15T10:27:15.440506+00:00 [queued]>
[2025-05-15T10:30:42.088+0000] {taskinstance.py:2076} INFO - Dependencies all met for dep_context=requeueable deps ti=<TaskInstance: vietnamnet_crawler_24h.crawl_doi-song manual__2025-05-15T10:27:15.440506+00:00 [queued]>
[2025-05-15T10:30:42.089+0000] {taskinstance.py:2306} INFO - Starting attempt 1 of 2
[2025-05-15T10:30:42.108+0000] {taskinstance.py:2330} INFO - Executing <Task(PythonOperator): crawl_doi-song> on 2025-05-15 10:27:15.440506+00:00
[2025-05-15T10:30:42.116+0000] {warnings.py:112} WARNING - /home/***/.local/lib/python3.12/site-packages/***/task/task_runner/standard_task_runner.py:61: DeprecationWarning: This process (pid=11565) is multi-threaded, use of fork() may lead to deadlocks in the child.
  pid = os.fork()

[2025-05-15T10:30:42.119+0000] {standard_task_runner.py:63} INFO - Started process 11595 to run task
[2025-05-15T10:30:42.120+0000] {standard_task_runner.py:90} INFO - Running: ['***', 'tasks', 'run', 'vietnamnet_crawler_24h', 'crawl_doi-song', 'manual__2025-05-15T10:27:15.440506+00:00', '--job-id', '39', '--raw', '--subdir', 'DAGS_FOLDER/dags.py', '--cfg-path', '/tmp/tmp7i1jxers']
[2025-05-15T10:30:42.123+0000] {standard_task_runner.py:91} INFO - Job 39: Subtask crawl_doi-song
[2025-05-15T10:30:42.183+0000] {task_command.py:426} INFO - Running <TaskInstance: vietnamnet_crawler_24h.crawl_doi-song manual__2025-05-15T10:27:15.440506+00:00 [running]> on host 45f6bdc6b965
[2025-05-15T10:30:42.301+0000] {taskinstance.py:2648} INFO - Exporting env vars: AIRFLOW_CTX_DAG_OWNER='***' AIRFLOW_CTX_DAG_ID='vietnamnet_crawler_24h' AIRFLOW_CTX_TASK_ID='crawl_doi-song' AIRFLOW_CTX_EXECUTION_DATE='2025-05-15T10:27:15.440506+00:00' AIRFLOW_CTX_TRY_NUMBER='1' AIRFLOW_CTX_DAG_RUN_ID='manual__2025-05-15T10:27:15.440506+00:00'
[2025-05-15T10:30:42.303+0000] {taskinstance.py:430} INFO - ::endgroup::
[2025-05-15T10:30:42.578+0000] {crawler.py:54} INFO - Đã kết nối thành công với MongoDB: News
[2025-05-15T10:30:42.822+0000] {crawler.py:44} INFO - ArticleSummarizer đã được khởi tạo thành công
[2025-05-15T10:30:43.642+0000] {logging_mixin.py:188} INFO - [INIT].... → Crawl4AI 0.6.2
[2025-05-15T10:30:46.990+0000] {logging_mixin.py:188} INFO - [FETCH]... ↓ https://vietnamnet.vn/tin-tuc-24h?bydaterang=&cate=000007                                            | 
[2025-05-15T10:30:46.991+0000] {logging_mixin.py:188} INFO - ✓
[2025-05-15T10:30:47.000+0000] {logging_mixin.py:188} INFO -  | ⏱: 3.26s
[2025-05-15T10:30:47.404+0000] {logging_mixin.py:188} INFO - [SCRAPE].. ◆ https://vietnamnet.vn/tin-tuc-24h?bydaterang=&cate=000007                                            | 
[2025-05-15T10:30:47.405+0000] {logging_mixin.py:188} INFO - ✓
[2025-05-15T10:30:47.405+0000] {logging_mixin.py:188} INFO -  | ⏱: 0.40s
[2025-05-15T10:30:47.407+0000] {logging_mixin.py:188} INFO - [COMPLETE] ● https://vietnamnet.vn/tin-tuc-24h?bydaterang=&cate=000007                                            | 
[2025-05-15T10:30:47.408+0000] {logging_mixin.py:188} INFO - ✓
[2025-05-15T10:30:47.408+0000] {logging_mixin.py:188} INFO -  | ⏱: 3.67s
[2025-05-15T10:30:47.711+0000] {crawler.py:84} INFO - Tìm thấy 25 link bài viết cho danh mục doi-song
[2025-05-15T10:30:49.869+0000] {crawler.py:103} INFO - Đã lọc: 25 URLs ban đầu -> 0 URLs mới
[2025-05-15T10:30:49.870+0000] {crawler.py:222} INFO - Không có bài viết mới nào trong danh mục doi-song cần crawl.
[2025-05-15T10:30:49.871+0000] {crawler.py:257} INFO - Không có bài viết để lưu vào collection 'doi-song'
[2025-05-15T10:30:49.935+0000] {python.py:237} INFO - Done. Returned value was: None
[2025-05-15T10:30:49.935+0000] {taskinstance.py:441} INFO - ::group::Post task execution logs
[2025-05-15T10:30:49.943+0000] {taskinstance.py:1206} INFO - Marking task as SUCCESS. dag_id=vietnamnet_crawler_24h, task_id=crawl_doi-song, run_id=manual__2025-05-15T10:27:15.440506+00:00, execution_date=20250515T102715, start_date=20250515T103042, end_date=20250515T103049
[2025-05-15T10:30:49.974+0000] {local_task_job_runner.py:240} INFO - Task exited with return code 0
[2025-05-15T10:30:49.988+0000] {taskinstance.py:3503} INFO - 0 downstream tasks scheduled from follow-on schedule check
[2025-05-15T10:30:49.991+0000] {local_task_job_runner.py:222} INFO - ::endgroup::
