[2025-05-04T13:54:33.269+0000] {local_task_job_runner.py:120} INFO - ::group::Pre task execution logs
[2025-05-04T13:54:33.296+0000] {taskinstance.py:2076} INFO - Dependencies all met for dep_context=non-requeueable deps ti=<TaskInstance: vietnamnet_crawler_24h.crawl_chinh-tri scheduled__2025-05-04T13:00:00+00:00 [queued]>
[2025-05-04T13:54:33.307+0000] {taskinstance.py:2076} INFO - Dependencies all met for dep_context=requeueable deps ti=<TaskInstance: vietnamnet_crawler_24h.crawl_chinh-tri scheduled__2025-05-04T13:00:00+00:00 [queued]>
[2025-05-04T13:54:33.307+0000] {taskinstance.py:2306} INFO - Starting attempt 1 of 2
[2025-05-04T13:54:33.324+0000] {taskinstance.py:2330} INFO - Executing <Task(PythonOperator): crawl_chinh-tri> on 2025-05-04 13:00:00+00:00
[2025-05-04T13:54:33.333+0000] {warnings.py:112} WARNING - /home/***/.local/lib/python3.12/site-packages/***/task/task_runner/standard_task_runner.py:61: DeprecationWarning: This process (pid=183) is multi-threaded, use of fork() may lead to deadlocks in the child.
  pid = os.fork()

[2025-05-04T13:54:33.335+0000] {standard_task_runner.py:63} INFO - Started process 185 to run task
[2025-05-04T13:54:33.336+0000] {standard_task_runner.py:90} INFO - Running: ['***', 'tasks', 'run', 'vietnamnet_crawler_24h', 'crawl_chinh-tri', 'scheduled__2025-05-04T13:00:00+00:00', '--job-id', '6', '--raw', '--subdir', 'DAGS_FOLDER/dags.py', '--cfg-path', '/tmp/tmp3p_mbl7l']
[2025-05-04T13:54:33.340+0000] {standard_task_runner.py:91} INFO - Job 6: Subtask crawl_chinh-tri
[2025-05-04T13:54:33.395+0000] {task_command.py:426} INFO - Running <TaskInstance: vietnamnet_crawler_24h.crawl_chinh-tri scheduled__2025-05-04T13:00:00+00:00 [running]> on host 78b16fb5ec43
[2025-05-04T13:54:33.505+0000] {taskinstance.py:2648} INFO - Exporting env vars: AIRFLOW_CTX_DAG_OWNER='***' AIRFLOW_CTX_DAG_ID='vietnamnet_crawler_24h' AIRFLOW_CTX_TASK_ID='crawl_chinh-tri' AIRFLOW_CTX_EXECUTION_DATE='2025-05-04T13:00:00+00:00' AIRFLOW_CTX_TRY_NUMBER='1' AIRFLOW_CTX_DAG_RUN_ID='scheduled__2025-05-04T13:00:00+00:00'
[2025-05-04T13:54:33.506+0000] {taskinstance.py:430} INFO - ::endgroup::
[2025-05-04T13:54:33.726+0000] {crawler.py:54} INFO - Đã kết nối thành công với MongoDB: News
[2025-05-04T13:54:33.932+0000] {crawler.py:44} INFO - ArticleSummarizer đã được khởi tạo thành công
[2025-05-04T13:54:35.135+0000] {logging_mixin.py:188} INFO - [INIT].... → Crawl4AI 0.6.2
[2025-05-04T13:54:39.424+0000] {logging_mixin.py:188} INFO - [FETCH]... ↓ https://vietnamnet.vn/tin-tuc-24h?bydaterang=&cate=000001                                            | 
[2025-05-04T13:54:39.425+0000] {logging_mixin.py:188} INFO - ✓
[2025-05-04T13:54:39.426+0000] {logging_mixin.py:188} INFO -  | ⏱: 4.18s
[2025-05-04T13:54:39.675+0000] {logging_mixin.py:188} INFO - [SCRAPE].. ◆ https://vietnamnet.vn/tin-tuc-24h?bydaterang=&cate=000001                                            | 
[2025-05-04T13:54:39.676+0000] {logging_mixin.py:188} INFO - ✓
[2025-05-04T13:54:39.677+0000] {logging_mixin.py:188} INFO -  | ⏱: 0.25s
[2025-05-04T13:54:39.678+0000] {logging_mixin.py:188} INFO - [COMPLETE] ● https://vietnamnet.vn/tin-tuc-24h?bydaterang=&cate=000001                                            | 
[2025-05-04T13:54:39.679+0000] {logging_mixin.py:188} INFO - ✓
[2025-05-04T13:54:39.679+0000] {logging_mixin.py:188} INFO -  | ⏱: 4.43s
[2025-05-04T13:54:40.113+0000] {crawler.py:86} INFO - Tìm thấy 0 link bài viết cho danh mục chinh-tri
[2025-05-04T13:54:41.006+0000] {crawler.py:105} INFO - Đã lọc: 0 URLs ban đầu -> 0 URLs mới
[2025-05-04T13:54:41.007+0000] {crawler.py:224} INFO - Không có bài viết mới nào trong danh mục chinh-tri cần crawl.
[2025-05-04T13:54:41.007+0000] {crawler.py:259} INFO - Không có bài viết để lưu vào collection 'chinh-tri'
[2025-05-04T13:54:41.008+0000] {python.py:237} INFO - Done. Returned value was: None
[2025-05-04T13:54:41.009+0000] {taskinstance.py:441} INFO - ::group::Post task execution logs
[2025-05-04T13:54:41.020+0000] {taskinstance.py:1206} INFO - Marking task as SUCCESS. dag_id=vietnamnet_crawler_24h, task_id=crawl_chinh-tri, run_id=scheduled__2025-05-04T13:00:00+00:00, execution_date=20250504T130000, start_date=20250504T135433, end_date=20250504T135441
[2025-05-04T13:54:41.060+0000] {local_task_job_runner.py:240} INFO - Task exited with return code 0
[2025-05-04T13:54:41.089+0000] {taskinstance.py:3503} INFO - 1 downstream tasks scheduled from follow-on schedule check
[2025-05-04T13:54:41.096+0000] {local_task_job_runner.py:222} INFO - ::endgroup::
