[2025-05-05T09:02:16.862+0000] {local_task_job_runner.py:120} INFO - ::group::Pre task execution logs
[2025-05-05T09:02:16.882+0000] {taskinstance.py:2076} INFO - Dependencies all met for dep_context=non-requeueable deps ti=<TaskInstance: vietnamnet_crawler_24h.crawl_giao-duc scheduled__2025-05-05T08:30:00+00:00 [queued]>
[2025-05-05T09:02:16.889+0000] {taskinstance.py:2076} INFO - Dependencies all met for dep_context=requeueable deps ti=<TaskInstance: vietnamnet_crawler_24h.crawl_giao-duc scheduled__2025-05-05T08:30:00+00:00 [queued]>
[2025-05-05T09:02:16.890+0000] {taskinstance.py:2306} INFO - Starting attempt 1 of 2
[2025-05-05T09:02:16.903+0000] {taskinstance.py:2330} INFO - Executing <Task(PythonOperator): crawl_giao-duc> on 2025-05-05 08:30:00+00:00
[2025-05-05T09:02:16.908+0000] {warnings.py:112} WARNING - /home/***/.local/lib/python3.12/site-packages/***/task/task_runner/standard_task_runner.py:61: DeprecationWarning: This process (pid=430) is multi-threaded, use of fork() may lead to deadlocks in the child.
  pid = os.fork()

[2025-05-05T09:02:16.910+0000] {standard_task_runner.py:63} INFO - Started process 431 to run task
[2025-05-05T09:02:16.910+0000] {standard_task_runner.py:90} INFO - Running: ['***', 'tasks', 'run', 'vietnamnet_crawler_24h', 'crawl_giao-duc', 'scheduled__2025-05-05T08:30:00+00:00', '--job-id', '7', '--raw', '--subdir', 'DAGS_FOLDER/dags.py', '--cfg-path', '/tmp/tmpl7dtauyq']
[2025-05-05T09:02:16.913+0000] {standard_task_runner.py:91} INFO - Job 7: Subtask crawl_giao-duc
[2025-05-05T09:02:16.956+0000] {task_command.py:426} INFO - Running <TaskInstance: vietnamnet_crawler_24h.crawl_giao-duc scheduled__2025-05-05T08:30:00+00:00 [running]> on host 61334513b462
[2025-05-05T09:02:17.034+0000] {taskinstance.py:2648} INFO - Exporting env vars: AIRFLOW_CTX_DAG_OWNER='***' AIRFLOW_CTX_DAG_ID='vietnamnet_crawler_24h' AIRFLOW_CTX_TASK_ID='crawl_giao-duc' AIRFLOW_CTX_EXECUTION_DATE='2025-05-05T08:30:00+00:00' AIRFLOW_CTX_TRY_NUMBER='1' AIRFLOW_CTX_DAG_RUN_ID='scheduled__2025-05-05T08:30:00+00:00'
[2025-05-05T09:02:17.035+0000] {taskinstance.py:430} INFO - ::endgroup::
[2025-05-05T09:02:17.199+0000] {crawler.py:54} INFO - Đã kết nối thành công với MongoDB: News
[2025-05-05T09:02:17.360+0000] {crawler.py:44} INFO - ArticleSummarizer đã được khởi tạo thành công
[2025-05-05T09:02:17.950+0000] {logging_mixin.py:188} INFO - [INIT].... → Crawl4AI 0.6.2
[2025-05-05T09:02:21.355+0000] {logging_mixin.py:188} INFO - [FETCH]... ↓ https://vietnamnet.vn/tin-tuc-24h?bydaterang=&cate=000006                                            | 
[2025-05-05T09:02:21.356+0000] {logging_mixin.py:188} INFO - ✓
[2025-05-05T09:02:21.356+0000] {logging_mixin.py:188} INFO -  | ⏱: 3.33s
[2025-05-05T09:02:21.580+0000] {logging_mixin.py:188} INFO - [SCRAPE].. ◆ https://vietnamnet.vn/tin-tuc-24h?bydaterang=&cate=000006                                            | 
[2025-05-05T09:02:21.581+0000] {logging_mixin.py:188} INFO - ✓
[2025-05-05T09:02:21.581+0000] {logging_mixin.py:188} INFO -  | ⏱: 0.22s
[2025-05-05T09:02:21.583+0000] {logging_mixin.py:188} INFO - [COMPLETE] ● https://vietnamnet.vn/tin-tuc-24h?bydaterang=&cate=000006                                            | 
[2025-05-05T09:02:21.583+0000] {logging_mixin.py:188} INFO - ✓
[2025-05-05T09:02:21.584+0000] {logging_mixin.py:188} INFO -  | ⏱: 3.56s
[2025-05-05T09:02:21.867+0000] {crawler.py:84} INFO - Tìm thấy 25 link bài viết cho danh mục giao-duc
[2025-05-05T09:02:23.402+0000] {crawler.py:103} INFO - Đã lọc: 25 URLs ban đầu -> 0 URLs mới
[2025-05-05T09:02:23.404+0000] {crawler.py:222} INFO - Không có bài viết mới nào trong danh mục giao-duc cần crawl.
[2025-05-05T09:02:23.405+0000] {crawler.py:257} INFO - Không có bài viết để lưu vào collection 'giao-duc'
[2025-05-05T09:02:23.452+0000] {python.py:237} INFO - Done. Returned value was: None
[2025-05-05T09:02:23.453+0000] {taskinstance.py:441} INFO - ::group::Post task execution logs
[2025-05-05T09:02:23.469+0000] {taskinstance.py:1206} INFO - Marking task as SUCCESS. dag_id=vietnamnet_crawler_24h, task_id=crawl_giao-duc, run_id=scheduled__2025-05-05T08:30:00+00:00, execution_date=20250505T083000, start_date=20250505T090216, end_date=20250505T090223
[2025-05-05T09:02:23.550+0000] {local_task_job_runner.py:240} INFO - Task exited with return code 0
[2025-05-05T09:02:23.598+0000] {taskinstance.py:3503} INFO - 1 downstream tasks scheduled from follow-on schedule check
[2025-05-05T09:02:23.602+0000] {local_task_job_runner.py:222} INFO - ::endgroup::
