[2025-05-03T21:30:33.976+0000] {local_task_job_runner.py:120} INFO - ::group::Pre task execution logs
[2025-05-03T21:30:33.993+0000] {taskinstance.py:2076} INFO - Dependencies all met for dep_context=non-requeueable deps ti=<TaskInstance: vietnamnet_crawler_with_summary.crawl_giao-duc scheduled__2025-05-03T21:00:00+00:00 [queued]>
[2025-05-03T21:30:33.999+0000] {taskinstance.py:2076} INFO - Dependencies all met for dep_context=requeueable deps ti=<TaskInstance: vietnamnet_crawler_with_summary.crawl_giao-duc scheduled__2025-05-03T21:00:00+00:00 [queued]>
[2025-05-03T21:30:34.000+0000] {taskinstance.py:2306} INFO - Starting attempt 1 of 2
[2025-05-03T21:30:34.011+0000] {taskinstance.py:2330} INFO - Executing <Task(PythonOperator): crawl_giao-duc> on 2025-05-03 21:00:00+00:00
[2025-05-03T21:30:34.016+0000] {warnings.py:112} WARNING - /home/***/.local/lib/python3.12/site-packages/***/task/task_runner/standard_task_runner.py:61: DeprecationWarning: This process (pid=47231) is multi-threaded, use of fork() may lead to deadlocks in the child.
  pid = os.fork()

[2025-05-03T21:30:34.018+0000] {standard_task_runner.py:63} INFO - Started process 47232 to run task
[2025-05-03T21:30:34.018+0000] {standard_task_runner.py:90} INFO - Running: ['***', 'tasks', 'run', 'vietnamnet_crawler_with_summary', 'crawl_giao-duc', 'scheduled__2025-05-03T21:00:00+00:00', '--job-id', '26', '--raw', '--subdir', 'DAGS_FOLDER/dags.py', '--cfg-path', '/tmp/tmp_97z_ilk']
[2025-05-03T21:30:34.020+0000] {standard_task_runner.py:91} INFO - Job 26: Subtask crawl_giao-duc
[2025-05-03T21:30:34.056+0000] {task_command.py:426} INFO - Running <TaskInstance: vietnamnet_crawler_with_summary.crawl_giao-duc scheduled__2025-05-03T21:00:00+00:00 [running]> on host 61b2c69a7af3
[2025-05-03T21:30:34.124+0000] {taskinstance.py:2648} INFO - Exporting env vars: AIRFLOW_CTX_DAG_OWNER='***' AIRFLOW_CTX_DAG_ID='vietnamnet_crawler_with_summary' AIRFLOW_CTX_TASK_ID='crawl_giao-duc' AIRFLOW_CTX_EXECUTION_DATE='2025-05-03T21:00:00+00:00' AIRFLOW_CTX_TRY_NUMBER='1' AIRFLOW_CTX_DAG_RUN_ID='scheduled__2025-05-03T21:00:00+00:00'
[2025-05-03T21:30:34.125+0000] {taskinstance.py:430} INFO - ::endgroup::
[2025-05-03T21:30:34.257+0000] {crawler.py:61} INFO - Đã kết nối thành công với MongoDB: News
[2025-05-03T21:30:34.377+0000] {crawler.py:44} INFO - ArticleSummarizer đã được khởi tạo thành công
[2025-05-03T21:30:34.945+0000] {logging_mixin.py:188} INFO - [INIT].... → Crawl4AI 0.6.2
[2025-05-03T21:30:37.027+0000] {logging_mixin.py:188} INFO - [FETCH]... ↓ https://vietnamnet.vn/giao-duc                                                                       | 
[2025-05-03T21:30:37.028+0000] {logging_mixin.py:188} INFO - ✓
[2025-05-03T21:30:37.028+0000] {logging_mixin.py:188} INFO -  | ⏱: 2.03s
[2025-05-03T21:30:37.375+0000] {logging_mixin.py:188} INFO - [SCRAPE].. ◆ https://vietnamnet.vn/giao-duc                                                                       | 
[2025-05-03T21:30:37.375+0000] {logging_mixin.py:188} INFO - ✓
[2025-05-03T21:30:37.376+0000] {logging_mixin.py:188} INFO -  | ⏱: 0.34s
[2025-05-03T21:30:37.377+0000] {logging_mixin.py:188} INFO - [COMPLETE] ● https://vietnamnet.vn/giao-duc                                                                       | 
[2025-05-03T21:30:37.377+0000] {logging_mixin.py:188} INFO - ✓
[2025-05-03T21:30:37.378+0000] {logging_mixin.py:188} INFO -  | ⏱: 2.38s
[2025-05-03T21:30:37.474+0000] {crawler.py:87} INFO - Tìm thấy 55 link bài viết
[2025-05-03T21:30:41.480+0000] {crawler.py:106} INFO - Đã lọc: 55 URLs ban đầu -> 0 URLs mới
[2025-05-03T21:30:41.482+0000] {crawler.py:225} INFO - Không có bài viết mới nào trong danh mục giao-duc cần crawl.
[2025-05-03T21:30:41.484+0000] {crawler.py:260} INFO - Không có bài viết để lưu vào collection 'giao-duc'
[2025-05-03T21:30:41.545+0000] {python.py:237} INFO - Done. Returned value was: None
[2025-05-03T21:30:41.545+0000] {taskinstance.py:441} INFO - ::group::Post task execution logs
[2025-05-03T21:30:41.552+0000] {taskinstance.py:1206} INFO - Marking task as SUCCESS. dag_id=vietnamnet_crawler_with_summary, task_id=crawl_giao-duc, run_id=scheduled__2025-05-03T21:00:00+00:00, execution_date=20250503T210000, start_date=20250503T213033, end_date=20250503T213041
[2025-05-03T21:30:41.594+0000] {local_task_job_runner.py:240} INFO - Task exited with return code 0
[2025-05-03T21:30:41.610+0000] {taskinstance.py:3503} INFO - 1 downstream tasks scheduled from follow-on schedule check
[2025-05-03T21:30:41.613+0000] {local_task_job_runner.py:222} INFO - ::endgroup::
