[2025-05-16T13:35:24.609+0000] {local_task_job_runner.py:120} INFO - ::group::Pre task execution logs
[2025-05-16T13:35:24.629+0000] {taskinstance.py:2076} INFO - Dependencies all met for dep_context=non-requeueable deps ti=<TaskInstance: vietnamnet_crawler_24h.clean_old_articles manual__2025-05-16T13:35:22.448931+00:00 [queued]>
[2025-05-16T13:35:24.637+0000] {taskinstance.py:2076} INFO - Dependencies all met for dep_context=requeueable deps ti=<TaskInstance: vietnamnet_crawler_24h.clean_old_articles manual__2025-05-16T13:35:22.448931+00:00 [queued]>
[2025-05-16T13:35:24.637+0000] {taskinstance.py:2306} INFO - Starting attempt 1 of 2
[2025-05-16T13:35:24.651+0000] {taskinstance.py:2330} INFO - Executing <Task(PythonOperator): clean_old_articles> on 2025-05-16 13:35:22.448931+00:00
[2025-05-16T13:35:24.657+0000] {warnings.py:112} WARNING - /home/***/.local/lib/python3.12/site-packages/***/task/task_runner/standard_task_runner.py:61: DeprecationWarning: This process (pid=10538) is multi-threaded, use of fork() may lead to deadlocks in the child.
  pid = os.fork()

[2025-05-16T13:35:24.659+0000] {standard_task_runner.py:63} INFO - Started process 10541 to run task
[2025-05-16T13:35:24.659+0000] {standard_task_runner.py:90} INFO - Running: ['***', 'tasks', 'run', 'vietnamnet_crawler_24h', 'clean_old_articles', 'manual__2025-05-16T13:35:22.448931+00:00', '--job-id', '39', '--raw', '--subdir', 'DAGS_FOLDER/dags.py', '--cfg-path', '/tmp/tmp59eaa3hn']
[2025-05-16T13:35:24.662+0000] {standard_task_runner.py:91} INFO - Job 39: Subtask clean_old_articles
[2025-05-16T13:35:24.705+0000] {task_command.py:426} INFO - Running <TaskInstance: vietnamnet_crawler_24h.clean_old_articles manual__2025-05-16T13:35:22.448931+00:00 [running]> on host 60d771d880eb
[2025-05-16T13:35:24.802+0000] {taskinstance.py:2648} INFO - Exporting env vars: AIRFLOW_CTX_DAG_OWNER='***' AIRFLOW_CTX_DAG_ID='vietnamnet_crawler_24h' AIRFLOW_CTX_TASK_ID='clean_old_articles' AIRFLOW_CTX_EXECUTION_DATE='2025-05-16T13:35:22.448931+00:00' AIRFLOW_CTX_TRY_NUMBER='1' AIRFLOW_CTX_DAG_RUN_ID='manual__2025-05-16T13:35:22.448931+00:00'
[2025-05-16T13:35:24.804+0000] {taskinstance.py:430} INFO - ::endgroup::
[2025-05-16T13:35:25.067+0000] {database_cleaner.py:33} INFO - Đã kết nối MongoDB: News
[2025-05-16T13:35:25.068+0000] {database_cleaner.py:102} INFO - Xóa các bài viết trước: 2025-04-15T20:35:25.068008+07:00
[2025-05-16T13:35:26.064+0000] {database_cleaner.py:125} INFO - Collection 'cong-nghe': 0 bài bị xóa
[2025-05-16T13:35:26.510+0000] {database_cleaner.py:125} INFO - Collection 'the-gioi': 0 bài bị xóa
[2025-05-16T13:35:27.413+0000] {database_cleaner.py:125} INFO - Collection 'chinh-tri': 0 bài bị xóa
[2025-05-16T13:35:27.710+0000] {database_cleaner.py:125} INFO - Collection 'phap-luat': 0 bài bị xóa
[2025-05-16T13:35:28.049+0000] {database_cleaner.py:125} INFO - Collection 'doi-song': 0 bài bị xóa
[2025-05-16T13:35:28.477+0000] {database_cleaner.py:125} INFO - Collection 'giao-duc': 0 bài bị xóa
[2025-05-16T13:35:28.548+0000] {database_cleaner.py:42} INFO - Đã đóng kết nối MongoDB
[2025-05-16T13:35:28.550+0000] {database_cleaner.py:142} INFO - Đã xóa tổng cộng 0 bài, còn lại 1782
[2025-05-16T13:35:28.550+0000] {python.py:237} INFO - Done. Returned value was: {'cong-nghe': {'total': 26, 'deleted': 0, 'remaining': 26}, 'the-gioi': {'total': 413, 'deleted': 0, 'remaining': 413}, 'chinh-tri': {'total': 521, 'deleted': 0, 'remaining': 521}, 'phap-luat': {'total': 222, 'deleted': 0, 'remaining': 222}, 'doi-song': {'total': 291, 'deleted': 0, 'remaining': 291}, 'giao-duc': {'total': 309, 'deleted': 0, 'remaining': 309}}
[2025-05-16T13:35:28.551+0000] {taskinstance.py:441} INFO - ::group::Post task execution logs
[2025-05-16T13:35:28.575+0000] {taskinstance.py:1206} INFO - Marking task as SUCCESS. dag_id=vietnamnet_crawler_24h, task_id=clean_old_articles, run_id=manual__2025-05-16T13:35:22.448931+00:00, execution_date=20250516T133522, start_date=20250516T133524, end_date=20250516T133528
[2025-05-16T13:35:28.609+0000] {local_task_job_runner.py:240} INFO - Task exited with return code 0
[2025-05-16T13:35:28.631+0000] {taskinstance.py:3503} INFO - 1 downstream tasks scheduled from follow-on schedule check
[2025-05-16T13:35:28.633+0000] {local_task_job_runner.py:222} INFO - ::endgroup::
