[2025-05-19T07:23:43.302+0000] {local_task_job_runner.py:120} INFO - ::group::Pre task execution logs
[2025-05-19T07:23:43.328+0000] {taskinstance.py:2076} INFO - Dependencies all met for dep_context=non-requeueable deps ti=<TaskInstance: vietnamnet_crawler_24h.crawl_phap-luat scheduled__2025-05-19T06:30:00+00:00 [queued]>
[2025-05-19T07:23:43.338+0000] {taskinstance.py:2076} INFO - Dependencies all met for dep_context=requeueable deps ti=<TaskInstance: vietnamnet_crawler_24h.crawl_phap-luat scheduled__2025-05-19T06:30:00+00:00 [queued]>
[2025-05-19T07:23:43.339+0000] {taskinstance.py:2306} INFO - Starting attempt 1 of 2
[2025-05-19T07:23:43.355+0000] {taskinstance.py:2330} INFO - Executing <Task(PythonOperator): crawl_phap-luat> on 2025-05-19 06:30:00+00:00
[2025-05-19T07:23:43.360+0000] {warnings.py:112} WARNING - /home/***/.local/lib/python3.12/site-packages/***/task/task_runner/standard_task_runner.py:61: DeprecationWarning: This process (pid=3455) is multi-threaded, use of fork() may lead to deadlocks in the child.
  pid = os.fork()

[2025-05-19T07:23:43.362+0000] {standard_task_runner.py:63} INFO - Started process 3456 to run task
[2025-05-19T07:23:43.363+0000] {standard_task_runner.py:90} INFO - Running: ['***', 'tasks', 'run', 'vietnamnet_crawler_24h', 'crawl_phap-luat', 'scheduled__2025-05-19T06:30:00+00:00', '--job-id', '15', '--raw', '--subdir', 'DAGS_FOLDER/dags.py', '--cfg-path', '/tmp/tmpsplaggzh']
[2025-05-19T07:23:43.366+0000] {standard_task_runner.py:91} INFO - Job 15: Subtask crawl_phap-luat
[2025-05-19T07:23:43.414+0000] {task_command.py:426} INFO - Running <TaskInstance: vietnamnet_crawler_24h.crawl_phap-luat scheduled__2025-05-19T06:30:00+00:00 [running]> on host 77183253eef9
[2025-05-19T07:23:43.529+0000] {taskinstance.py:2648} INFO - Exporting env vars: AIRFLOW_CTX_DAG_OWNER='***' AIRFLOW_CTX_DAG_ID='vietnamnet_crawler_24h' AIRFLOW_CTX_TASK_ID='crawl_phap-luat' AIRFLOW_CTX_EXECUTION_DATE='2025-05-19T06:30:00+00:00' AIRFLOW_CTX_TRY_NUMBER='1' AIRFLOW_CTX_DAG_RUN_ID='scheduled__2025-05-19T06:30:00+00:00'
[2025-05-19T07:23:43.531+0000] {taskinstance.py:430} INFO - ::endgroup::
[2025-05-19T07:23:43.741+0000] {crawler.py:55} INFO - Đã kết nối thành công với MongoDB: News
[2025-05-19T07:23:44.719+0000] {logging_mixin.py:188} INFO - [INIT].... → Crawl4AI 0.6.3
[2025-05-19T07:23:48.088+0000] {logging_mixin.py:188} INFO - [FETCH]... ↓ https://vietnamnet.vn/tin-tuc-24h?bydaterang=&cate=000008          
| ✓ | ⏱: 3.27s
[2025-05-19T07:23:48.301+0000] {logging_mixin.py:188} INFO - [SCRAPE].. ◆ https://vietnamnet.vn/tin-tuc-24h?bydaterang=&cate=000008          
| ✓ | ⏱: 0.21s
[2025-05-19T07:23:48.304+0000] {logging_mixin.py:188} INFO - [COMPLETE] ● https://vietnamnet.vn/tin-tuc-24h?bydaterang=&cate=000008          
| ✓ | ⏱: 3.49s
[2025-05-19T07:23:48.535+0000] {crawler.py:85} INFO - Tìm thấy 25 link bài viết cho danh mục phap-luat
[2025-05-19T07:23:49.079+0000] {crawler.py:110} INFO - Đã lọc: 25 URLs ban đầu -> 1 URLs sau xử lý live
[2025-05-19T07:23:49.081+0000] {crawler.py:255} INFO - Đang crawl 1 bài viết mới từ danh mục phap-luat...
[2025-05-19T07:23:49.081+0000] {crawler.py:258} INFO - --> Crawl: https://vietnamnet.vn/hai-cuu-giam-doc-pc-binh-thuan-bi-chu-tich-tap-doan-tuan-an-mua-chuoc-10-ty-dong-2402328.html
[2025-05-19T07:23:49.624+0000] {logging_mixin.py:188} INFO - [INIT].... → Crawl4AI 0.6.3
[2025-05-19T07:23:53.693+0000] {logging_mixin.py:188} INFO - [FETCH]... ↓ 
https://vietnamnet.vn/hai-cuu-giam-doc-pc-binh-t...p-doan-tuan-an-mua-chuoc-10-t
y-dong-2402328.html  | ✓ | ⏱: 3.99s
[2025-05-19T07:23:54.002+0000] {logging_mixin.py:188} INFO - [SCRAPE].. ◆ 
https://vietnamnet.vn/hai-cuu-giam-doc-pc-binh-t...p-doan-tuan-an-mua-chuoc-10-t
y-dong-2402328.html  | ✓ | ⏱: 0.31s
[2025-05-19T07:23:54.004+0000] {logging_mixin.py:188} INFO - [COMPLETE] ● 
https://vietnamnet.vn/hai-cuu-giam-doc-pc-binh-t...p-doan-tuan-an-mua-chuoc-10-t
y-dong-2402328.html  | ✓ | ⏱: 4.30s
[2025-05-19T07:23:54.525+0000] {crawler.py:262} INFO -     ✓ Hai cựu giám đốc điện lực Bình Thuận bị chủ tịch Tập đoàn Tu...

[2025-05-19T07:23:54.527+0000] {crawler.py:265} INFO - ⏱️  Tổng thời gian crawl: 10.79 giây
[2025-05-19T07:23:54.640+0000] {crawler.py:292} INFO - Đã lưu 1 bài viết vào collection 'phap-luat'
[2025-05-19T07:23:54.696+0000] {python.py:237} INFO - Done. Returned value was: None
[2025-05-19T07:23:54.697+0000] {taskinstance.py:441} INFO - ::group::Post task execution logs
[2025-05-19T07:23:54.706+0000] {taskinstance.py:1206} INFO - Marking task as SUCCESS. dag_id=vietnamnet_crawler_24h, task_id=crawl_phap-luat, run_id=scheduled__2025-05-19T06:30:00+00:00, execution_date=20250519T063000, start_date=20250519T072343, end_date=20250519T072354
[2025-05-19T07:23:54.766+0000] {local_task_job_runner.py:240} INFO - Task exited with return code 0
[2025-05-19T07:23:54.785+0000] {taskinstance.py:3503} INFO - 1 downstream tasks scheduled from follow-on schedule check
[2025-05-19T07:23:54.788+0000] {local_task_job_runner.py:222} INFO - ::endgroup::
