[2025-06-22T17:52:53.125+0000] {local_task_job_runner.py:120} INFO - ::group::Pre task execution logs
[2025-06-22T17:52:53.147+0000] {taskinstance.py:2076} INFO - Dependencies all met for dep_context=non-requeueable deps ti=<TaskInstance: deepai_crawler_10min.crawl_ml-research scheduled__2025-06-22T17:40:00+00:00 [queued]>
[2025-06-22T17:52:53.159+0000] {taskinstance.py:2076} INFO - Dependencies all met for dep_context=requeueable deps ti=<TaskInstance: deepai_crawler_10min.crawl_ml-research scheduled__2025-06-22T17:40:00+00:00 [queued]>
[2025-06-22T17:52:53.160+0000] {taskinstance.py:2306} INFO - Starting attempt 1 of 3
[2025-06-22T17:52:53.178+0000] {taskinstance.py:2330} INFO - Executing <Task(PythonOperator): crawl_ml-research> on 2025-06-22 17:40:00+00:00
[2025-06-22T17:52:53.194+0000] {warnings.py:112} WARNING - /home/***/.local/lib/python3.12/site-packages/***/task/task_runner/standard_task_runner.py:61: DeprecationWarning: This process (pid=2722) is multi-threaded, use of fork() may lead to deadlocks in the child.
  pid = os.fork()

[2025-06-22T17:52:53.196+0000] {standard_task_runner.py:63} INFO - Started process 2756 to run task
[2025-06-22T17:52:53.198+0000] {standard_task_runner.py:90} INFO - Running: ['***', 'tasks', 'run', 'deepai_crawler_10min', 'crawl_ml-research', 'scheduled__2025-06-22T17:40:00+00:00', '--job-id', '1007', '--raw', '--subdir', 'DAGS_FOLDER/dags.py', '--cfg-path', '/tmp/tmpdi8n5_1z']
[2025-06-22T17:52:53.202+0000] {standard_task_runner.py:91} INFO - Job 1007: Subtask crawl_ml-research
[2025-06-22T17:52:53.258+0000] {task_command.py:426} INFO - Running <TaskInstance: deepai_crawler_10min.crawl_ml-research scheduled__2025-06-22T17:40:00+00:00 [running]> on host b1d38150b5da
[2025-06-22T17:52:53.385+0000] {taskinstance.py:2648} INFO - Exporting env vars: AIRFLOW_CTX_DAG_OWNER='***' AIRFLOW_CTX_DAG_ID='deepai_crawler_10min' AIRFLOW_CTX_TASK_ID='crawl_ml-research' AIRFLOW_CTX_EXECUTION_DATE='2025-06-22T17:40:00+00:00' AIRFLOW_CTX_TRY_NUMBER='1' AIRFLOW_CTX_DAG_RUN_ID='scheduled__2025-06-22T17:40:00+00:00'
[2025-06-22T17:52:53.387+0000] {taskinstance.py:430} INFO - ::endgroup::
[2025-06-22T17:52:53.407+0000] {dags.py:183} INFO - Bắt đầu crawl category: ml-research
[2025-06-22T17:52:53.569+0000] {crawler_deeplai.py:51} INFO - Đã kết nối thành công với MongoDB: deeplearning_ai_news
[2025-06-22T17:52:53.632+0000] {crawler_deeplai.py:465} INFO - 🚀 Đang bắt đầu quá trình crawl với Load More...
[2025-06-22T17:52:53.763+0000] {media_manager.py:52} DEBUG - Queue: Media upload queue is empty, waiting for new jobs
[2025-06-22T17:52:54.765+0000] {media_manager.py:52} DEBUG - Queue: Media upload queue is empty, waiting for new jobs
[2025-06-22T17:52:55.002+0000] {logging_mixin.py:188} INFO - [INIT].... → Crawl4AI 0.6.3
[2025-06-22T17:52:55.004+0000] {crawler_deeplai.py:179} INFO - 🌐 Đang truy cập: https://www.deeplearning.ai/the-batch/tag/research/
[2025-06-22T17:52:55.005+0000] {crawler_deeplai.py:180} INFO - ⚙️ Cấu hình: max_articles=100, min_threshold=5, max_clicks=1
[2025-06-22T17:52:55.769+0000] {media_manager.py:52} DEBUG - Queue: Media upload queue is empty, waiting for new jobs
[2025-06-22T17:52:56.770+0000] {media_manager.py:52} DEBUG - Queue: Media upload queue is empty, waiting for new jobs
[2025-06-22T17:52:57.771+0000] {media_manager.py:52} DEBUG - Queue: Media upload queue is empty, waiting for new jobs
[2025-06-22T17:52:58.663+0000] {media_manager.py:52} DEBUG - Queue: Media upload queue is empty, waiting for new jobs
