[2025-05-16T11:30:52.719+0000] {local_task_job_runner.py:120} INFO - ::group::Pre task execution logs
[2025-05-16T11:30:52.763+0000] {taskinstance.py:2076} INFO - Dependencies all met for dep_context=non-requeueable deps ti=<TaskInstance: vietnamnet_crawler_24h.crawl_the-gioi scheduled__2025-05-16T11:00:00+00:00 [queued]>
[2025-05-16T11:30:52.787+0000] {taskinstance.py:2076} INFO - Dependencies all met for dep_context=requeueable deps ti=<TaskInstance: vietnamnet_crawler_24h.crawl_the-gioi scheduled__2025-05-16T11:00:00+00:00 [queued]>
[2025-05-16T11:30:52.789+0000] {taskinstance.py:2306} INFO - Starting attempt 1 of 2
[2025-05-16T11:30:52.829+0000] {taskinstance.py:2330} INFO - Executing <Task(PythonOperator): crawl_the-gioi> on 2025-05-16 11:00:00+00:00
[2025-05-16T11:30:52.839+0000] {warnings.py:112} WARNING - /home/***/.local/lib/python3.12/site-packages/***/task/task_runner/standard_task_runner.py:61: DeprecationWarning: This process (pid=1107) is multi-threaded, use of fork() may lead to deadlocks in the child.
  pid = os.fork()

[2025-05-16T11:30:52.843+0000] {standard_task_runner.py:63} INFO - Started process 1108 to run task
[2025-05-16T11:30:52.843+0000] {standard_task_runner.py:90} INFO - Running: ['***', 'tasks', 'run', 'vietnamnet_crawler_24h', 'crawl_the-gioi', 'scheduled__2025-05-16T11:00:00+00:00', '--job-id', '54', '--raw', '--subdir', 'DAGS_FOLDER/dags.py', '--cfg-path', '/tmp/tmpf9omollw']
[2025-05-16T11:30:52.848+0000] {standard_task_runner.py:91} INFO - Job 54: Subtask crawl_the-gioi
[2025-05-16T11:30:52.936+0000] {task_command.py:426} INFO - Running <TaskInstance: vietnamnet_crawler_24h.crawl_the-gioi scheduled__2025-05-16T11:00:00+00:00 [running]> on host 71b827885e5f
[2025-05-16T11:30:53.118+0000] {taskinstance.py:2648} INFO - Exporting env vars: AIRFLOW_CTX_DAG_OWNER='***' AIRFLOW_CTX_DAG_ID='vietnamnet_crawler_24h' AIRFLOW_CTX_TASK_ID='crawl_the-gioi' AIRFLOW_CTX_EXECUTION_DATE='2025-05-16T11:00:00+00:00' AIRFLOW_CTX_TRY_NUMBER='1' AIRFLOW_CTX_DAG_RUN_ID='scheduled__2025-05-16T11:00:00+00:00'
[2025-05-16T11:30:53.125+0000] {taskinstance.py:430} INFO - ::endgroup::
[2025-05-16T11:30:53.523+0000] {crawler.py:54} INFO - Đã kết nối thành công với MongoDB: News
[2025-05-16T11:30:55.115+0000] {logging_mixin.py:188} INFO - [INIT].... → Crawl4AI 0.6.2
[2025-05-16T11:31:02.169+0000] {logging_mixin.py:188} INFO - [FETCH]... ↓ https://vietnamnet.vn/tin-tuc-24h?bydaterang=&cate=000005                                            | 
[2025-05-16T11:31:02.170+0000] {logging_mixin.py:188} INFO - ✓
[2025-05-16T11:31:02.171+0000] {logging_mixin.py:188} INFO -  | ⏱: 6.67s
[2025-05-16T11:31:02.724+0000] {logging_mixin.py:188} INFO - [SCRAPE].. ◆ https://vietnamnet.vn/tin-tuc-24h?bydaterang=&cate=000005                                            | 
[2025-05-16T11:31:02.725+0000] {logging_mixin.py:188} INFO - ✓
[2025-05-16T11:31:02.726+0000] {logging_mixin.py:188} INFO -  | ⏱: 0.55s
[2025-05-16T11:31:02.728+0000] {logging_mixin.py:188} INFO - [COMPLETE] ● https://vietnamnet.vn/tin-tuc-24h?bydaterang=&cate=000005                                            | 
[2025-05-16T11:31:02.730+0000] {logging_mixin.py:188} INFO - ✓
[2025-05-16T11:31:02.730+0000] {logging_mixin.py:188} INFO -  | ⏱: 7.23s
[2025-05-16T11:31:03.159+0000] {crawler.py:84} INFO - Tìm thấy 25 link bài viết cho danh mục the-gioi
[2025-05-16T11:31:03.946+0000] {crawler.py:108} INFO - Đã lọc: 25 URLs ban đầu -> 0 URLs mới
[2025-05-16T11:31:03.947+0000] {crawler.py:229} INFO - Không có bài viết mới nào trong danh mục the-gioi cần crawl.
[2025-05-16T11:31:03.948+0000] {crawler.py:269} INFO - Không có bài viết để lưu vào collection 'the-gioi'
[2025-05-16T11:31:04.013+0000] {python.py:237} INFO - Done. Returned value was: None
[2025-05-16T11:31:04.014+0000] {taskinstance.py:441} INFO - ::group::Post task execution logs
[2025-05-16T11:31:04.031+0000] {taskinstance.py:1206} INFO - Marking task as SUCCESS. dag_id=vietnamnet_crawler_24h, task_id=crawl_the-gioi, run_id=scheduled__2025-05-16T11:00:00+00:00, execution_date=20250516T110000, start_date=20250516T113052, end_date=20250516T113104
[2025-05-16T11:31:04.085+0000] {local_task_job_runner.py:240} INFO - Task exited with return code 0
[2025-05-16T11:31:04.129+0000] {taskinstance.py:3503} INFO - 0 downstream tasks scheduled from follow-on schedule check
[2025-05-16T11:31:04.133+0000] {local_task_job_runner.py:222} INFO - ::endgroup::
