[2025-05-18T11:00:34.867+0000] {local_task_job_runner.py:120} INFO - ::group::Pre task execution logs
[2025-05-18T11:00:34.887+0000] {taskinstance.py:2076} INFO - Dependencies all met for dep_context=non-requeueable deps ti=<TaskInstance: vietnamnet_crawler_24h.crawl_phap-luat scheduled__2025-05-18T10:30:00+00:00 [queued]>
[2025-05-18T11:00:34.896+0000] {taskinstance.py:2076} INFO - Dependencies all met for dep_context=requeueable deps ti=<TaskInstance: vietnamnet_crawler_24h.crawl_phap-luat scheduled__2025-05-18T10:30:00+00:00 [queued]>
[2025-05-18T11:00:34.896+0000] {taskinstance.py:2306} INFO - Starting attempt 1 of 2
[2025-05-18T11:00:34.911+0000] {taskinstance.py:2330} INFO - Executing <Task(PythonOperator): crawl_phap-luat> on 2025-05-18 10:30:00+00:00
[2025-05-18T11:00:34.916+0000] {warnings.py:112} WARNING - /home/***/.local/lib/python3.12/site-packages/***/task/task_runner/standard_task_runner.py:61: DeprecationWarning: This process (pid=31761) is multi-threaded, use of fork() may lead to deadlocks in the child.
  pid = os.fork()

[2025-05-18T11:00:34.917+0000] {standard_task_runner.py:63} INFO - Started process 31762 to run task
[2025-05-18T11:00:34.917+0000] {standard_task_runner.py:90} INFO - Running: ['***', 'tasks', 'run', 'vietnamnet_crawler_24h', 'crawl_phap-luat', 'scheduled__2025-05-18T10:30:00+00:00', '--job-id', '19', '--raw', '--subdir', 'DAGS_FOLDER/dags.py', '--cfg-path', '/tmp/tmpf8g04i9z']
[2025-05-18T11:00:34.920+0000] {standard_task_runner.py:91} INFO - Job 19: Subtask crawl_phap-luat
[2025-05-18T11:00:34.960+0000] {task_command.py:426} INFO - Running <TaskInstance: vietnamnet_crawler_24h.crawl_phap-luat scheduled__2025-05-18T10:30:00+00:00 [running]> on host cc92a118fd3e
[2025-05-18T11:00:35.042+0000] {taskinstance.py:2648} INFO - Exporting env vars: AIRFLOW_CTX_DAG_OWNER='***' AIRFLOW_CTX_DAG_ID='vietnamnet_crawler_24h' AIRFLOW_CTX_TASK_ID='crawl_phap-luat' AIRFLOW_CTX_EXECUTION_DATE='2025-05-18T10:30:00+00:00' AIRFLOW_CTX_TRY_NUMBER='1' AIRFLOW_CTX_DAG_RUN_ID='scheduled__2025-05-18T10:30:00+00:00'
[2025-05-18T11:00:35.043+0000] {taskinstance.py:430} INFO - ::endgroup::
[2025-05-18T11:00:35.203+0000] {crawler.py:55} INFO - Đã kết nối thành công với MongoDB: News
[2025-05-18T11:00:35.824+0000] {logging_mixin.py:188} INFO - [INIT].... → Crawl4AI 0.6.3
[2025-05-18T11:00:38.111+0000] {logging_mixin.py:188} INFO - [FETCH]... ↓ https://vietnamnet.vn/tin-tuc-24h?bydaterang=&cate=000008          
| ✓ | ⏱: 2.23s
[2025-05-18T11:00:38.363+0000] {logging_mixin.py:188} INFO - [SCRAPE].. ◆ https://vietnamnet.vn/tin-tuc-24h?bydaterang=&cate=000008          
| ✓ | ⏱: 0.25s
[2025-05-18T11:00:38.366+0000] {logging_mixin.py:188} INFO - [COMPLETE] ● https://vietnamnet.vn/tin-tuc-24h?bydaterang=&cate=000008          
| ✓ | ⏱: 2.48s
[2025-05-18T11:00:38.632+0000] {crawler.py:85} INFO - Tìm thấy 25 link bài viết cho danh mục phap-luat
[2025-05-18T11:00:39.237+0000] {crawler.py:110} INFO - Đã lọc: 25 URLs ban đầu -> 1 URLs sau xử lý live
[2025-05-18T11:00:39.239+0000] {crawler.py:255} INFO - Đang crawl 1 bài viết mới từ danh mục phap-luat...
[2025-05-18T11:00:39.239+0000] {crawler.py:258} INFO - --> Crawl: https://vietnamnet.vn/pha-duong-day-san-xuat-buon-ban-khi-cuoi-quy-mo-cuc-lon-2402377.html
[2025-05-18T11:00:39.709+0000] {logging_mixin.py:188} INFO - [INIT].... → Crawl4AI 0.6.3
[2025-05-18T11:00:42.318+0000] {logging_mixin.py:188} INFO - [FETCH]... ↓ 
https://vietnamnet.vn/pha-duong-day-san-xuat-buon-ban-khi-cuoi-quy-mo-cuc-lon-24
02377.html           | ✓ | ⏱: 2.59s
[2025-05-18T11:00:42.518+0000] {logging_mixin.py:188} INFO - [SCRAPE].. ◆ 
https://vietnamnet.vn/pha-duong-day-san-xuat-buon-ban-khi-cuoi-quy-mo-cuc-lon-24
02377.html           | ✓ | ⏱: 0.20s
[2025-05-18T11:00:42.520+0000] {logging_mixin.py:188} INFO - [COMPLETE] ● 
https://vietnamnet.vn/pha-duong-day-san-xuat-buon-ban-khi-cuoi-quy-mo-cuc-lon-24
02377.html           | ✓ | ⏱: 2.79s
[2025-05-18T11:00:42.920+0000] {crawler.py:262} INFO -     ✓ Phá đường dây sản xuất khí cười cực lớn, bắt 11 đối tượng...

[2025-05-18T11:00:42.920+0000] {crawler.py:265} INFO - ⏱️  Tổng thời gian crawl: 7.72 giây
[2025-05-18T11:00:43.055+0000] {crawler.py:292} INFO - Đã lưu 1 bài viết vào collection 'phap-luat'
[2025-05-18T11:00:43.117+0000] {python.py:237} INFO - Done. Returned value was: None
[2025-05-18T11:00:43.118+0000] {taskinstance.py:441} INFO - ::group::Post task execution logs
[2025-05-18T11:00:43.125+0000] {taskinstance.py:1206} INFO - Marking task as SUCCESS. dag_id=vietnamnet_crawler_24h, task_id=crawl_phap-luat, run_id=scheduled__2025-05-18T10:30:00+00:00, execution_date=20250518T103000, start_date=20250518T110034, end_date=20250518T110043
[2025-05-18T11:00:43.196+0000] {local_task_job_runner.py:240} INFO - Task exited with return code 0
[2025-05-18T11:00:43.212+0000] {taskinstance.py:3503} INFO - 1 downstream tasks scheduled from follow-on schedule check
[2025-05-18T11:00:43.214+0000] {local_task_job_runner.py:222} INFO - ::endgroup::
