[2025-05-03T20:00:26.105+0000] {local_task_job_runner.py:120} INFO - ::group::Pre task execution logs
[2025-05-03T20:00:26.135+0000] {taskinstance.py:2076} INFO - Dependencies all met for dep_context=non-requeueable deps ti=<TaskInstance: vietnamnet_crawler_with_summary.crawl_kinh-doanh scheduled__2025-05-03T19:30:00+00:00 [queued]>
[2025-05-03T20:00:26.145+0000] {taskinstance.py:2076} INFO - Dependencies all met for dep_context=requeueable deps ti=<TaskInstance: vietnamnet_crawler_with_summary.crawl_kinh-doanh scheduled__2025-05-03T19:30:00+00:00 [queued]>
[2025-05-03T20:00:26.146+0000] {taskinstance.py:2306} INFO - Starting attempt 1 of 2
[2025-05-03T20:00:26.161+0000] {taskinstance.py:2330} INFO - Executing <Task(PythonOperator): crawl_kinh-doanh> on 2025-05-03 19:30:00+00:00
[2025-05-03T20:00:26.167+0000] {warnings.py:112} WARNING - /home/***/.local/lib/python3.12/site-packages/***/task/task_runner/standard_task_runner.py:61: DeprecationWarning: This process (pid=35356) is multi-threaded, use of fork() may lead to deadlocks in the child.
  pid = os.fork()

[2025-05-03T20:00:26.169+0000] {standard_task_runner.py:63} INFO - Started process 35433 to run task
[2025-05-03T20:00:26.169+0000] {standard_task_runner.py:90} INFO - Running: ['***', 'tasks', 'run', 'vietnamnet_crawler_with_summary', 'crawl_kinh-doanh', 'scheduled__2025-05-03T19:30:00+00:00', '--job-id', '10', '--raw', '--subdir', 'DAGS_FOLDER/dags.py', '--cfg-path', '/tmp/tmp61pbcgng']
[2025-05-03T20:00:26.172+0000] {standard_task_runner.py:91} INFO - Job 10: Subtask crawl_kinh-doanh
[2025-05-03T20:00:26.220+0000] {task_command.py:426} INFO - Running <TaskInstance: vietnamnet_crawler_with_summary.crawl_kinh-doanh scheduled__2025-05-03T19:30:00+00:00 [running]> on host 61b2c69a7af3
[2025-05-03T20:00:26.309+0000] {taskinstance.py:2648} INFO - Exporting env vars: AIRFLOW_CTX_DAG_OWNER='***' AIRFLOW_CTX_DAG_ID='vietnamnet_crawler_with_summary' AIRFLOW_CTX_TASK_ID='crawl_kinh-doanh' AIRFLOW_CTX_EXECUTION_DATE='2025-05-03T19:30:00+00:00' AIRFLOW_CTX_TRY_NUMBER='1' AIRFLOW_CTX_DAG_RUN_ID='scheduled__2025-05-03T19:30:00+00:00'
[2025-05-03T20:00:26.311+0000] {taskinstance.py:430} INFO - ::endgroup::
[2025-05-03T20:00:26.502+0000] {crawler.py:61} INFO - Đã kết nối thành công với MongoDB: News
[2025-05-03T20:00:26.679+0000] {crawler.py:44} INFO - ArticleSummarizer đã được khởi tạo thành công
[2025-05-03T20:00:27.538+0000] {logging_mixin.py:188} INFO - [INIT].... → Crawl4AI 0.6.2
[2025-05-03T20:00:31.923+0000] {logging_mixin.py:188} INFO - [FETCH]... ↓ https://vietnamnet.vn/kinh-doanh                                                                     | 
[2025-05-03T20:00:31.925+0000] {logging_mixin.py:188} INFO - ✓
[2025-05-03T20:00:31.926+0000] {logging_mixin.py:188} INFO -  | ⏱: 4.25s
[2025-05-03T20:00:32.435+0000] {logging_mixin.py:188} INFO - [SCRAPE].. ◆ https://vietnamnet.vn/kinh-doanh                                                                     | 
[2025-05-03T20:00:32.436+0000] {logging_mixin.py:188} INFO - ✓
[2025-05-03T20:00:32.436+0000] {logging_mixin.py:188} INFO -  | ⏱: 0.51s
[2025-05-03T20:00:32.437+0000] {logging_mixin.py:188} INFO - [COMPLETE] ● https://vietnamnet.vn/kinh-doanh                                                                     | 
[2025-05-03T20:00:32.438+0000] {logging_mixin.py:188} INFO - ✓
[2025-05-03T20:00:32.438+0000] {logging_mixin.py:188} INFO -  | ⏱: 4.77s
[2025-05-03T20:00:32.554+0000] {crawler.py:87} INFO - Tìm thấy 49 link bài viết
[2025-05-03T20:00:36.031+0000] {crawler.py:106} INFO - Đã lọc: 49 URLs ban đầu -> 0 URLs mới
[2025-05-03T20:00:36.032+0000] {crawler.py:225} INFO - Không có bài viết mới nào trong danh mục kinh-doanh cần crawl.
[2025-05-03T20:00:36.032+0000] {crawler.py:260} INFO - Không có bài viết để lưu vào collection 'kinh-doanh'
[2025-05-03T20:00:36.092+0000] {python.py:237} INFO - Done. Returned value was: None
[2025-05-03T20:00:36.092+0000] {taskinstance.py:441} INFO - ::group::Post task execution logs
[2025-05-03T20:00:36.100+0000] {taskinstance.py:1206} INFO - Marking task as SUCCESS. dag_id=vietnamnet_crawler_with_summary, task_id=crawl_kinh-doanh, run_id=scheduled__2025-05-03T19:30:00+00:00, execution_date=20250503T193000, start_date=20250503T200026, end_date=20250503T200036
[2025-05-03T20:00:36.165+0000] {local_task_job_runner.py:240} INFO - Task exited with return code 0
[2025-05-03T20:00:36.197+0000] {taskinstance.py:3503} INFO - 1 downstream tasks scheduled from follow-on schedule check
[2025-05-03T20:00:36.200+0000] {local_task_job_runner.py:222} INFO - ::endgroup::
