[2025-05-05T09:02:44.031+0000] {local_task_job_runner.py:120} INFO - ::group::Pre task execution logs
[2025-05-05T09:02:44.063+0000] {taskinstance.py:2076} INFO - Dependencies all met for dep_context=non-requeueable deps ti=<TaskInstance: vietnamnet_crawler_24h.crawl_phap-luat scheduled__2025-05-05T08:30:00+00:00 [queued]>
[2025-05-05T09:02:44.074+0000] {taskinstance.py:2076} INFO - Dependencies all met for dep_context=requeueable deps ti=<TaskInstance: vietnamnet_crawler_24h.crawl_phap-luat scheduled__2025-05-05T08:30:00+00:00 [queued]>
[2025-05-05T09:02:44.075+0000] {taskinstance.py:2306} INFO - Starting attempt 1 of 2
[2025-05-05T09:02:44.093+0000] {taskinstance.py:2330} INFO - Executing <Task(PythonOperator): crawl_phap-luat> on 2025-05-05 08:30:00+00:00
[2025-05-05T09:02:44.101+0000] {warnings.py:112} WARNING - /home/***/.local/lib/python3.12/site-packages/***/task/task_runner/standard_task_runner.py:61: DeprecationWarning: This process (pid=1245) is multi-threaded, use of fork() may lead to deadlocks in the child.
  pid = os.fork()

[2025-05-05T09:02:44.102+0000] {standard_task_runner.py:63} INFO - Started process 1272 to run task
[2025-05-05T09:02:44.102+0000] {standard_task_runner.py:90} INFO - Running: ['***', 'tasks', 'run', 'vietnamnet_crawler_24h', 'crawl_phap-luat', 'scheduled__2025-05-05T08:30:00+00:00', '--job-id', '13', '--raw', '--subdir', 'DAGS_FOLDER/dags.py', '--cfg-path', '/tmp/tmpfy1l6206']
[2025-05-05T09:02:44.105+0000] {standard_task_runner.py:91} INFO - Job 13: Subtask crawl_phap-luat
[2025-05-05T09:02:44.157+0000] {task_command.py:426} INFO - Running <TaskInstance: vietnamnet_crawler_24h.crawl_phap-luat scheduled__2025-05-05T08:30:00+00:00 [running]> on host 61334513b462
[2025-05-05T09:02:44.260+0000] {taskinstance.py:2648} INFO - Exporting env vars: AIRFLOW_CTX_DAG_OWNER='***' AIRFLOW_CTX_DAG_ID='vietnamnet_crawler_24h' AIRFLOW_CTX_TASK_ID='crawl_phap-luat' AIRFLOW_CTX_EXECUTION_DATE='2025-05-05T08:30:00+00:00' AIRFLOW_CTX_TRY_NUMBER='1' AIRFLOW_CTX_DAG_RUN_ID='scheduled__2025-05-05T08:30:00+00:00'
[2025-05-05T09:02:44.262+0000] {taskinstance.py:430} INFO - ::endgroup::
[2025-05-05T09:02:44.466+0000] {crawler.py:54} INFO - Đã kết nối thành công với MongoDB: News
[2025-05-05T09:02:44.609+0000] {crawler.py:44} INFO - ArticleSummarizer đã được khởi tạo thành công
[2025-05-05T09:02:45.345+0000] {logging_mixin.py:188} INFO - [INIT].... → Crawl4AI 0.6.2
[2025-05-05T09:02:48.416+0000] {logging_mixin.py:188} INFO - [FETCH]... ↓ https://vietnamnet.vn/tin-tuc-24h?bydaterang=&cate=000008                                            | 
[2025-05-05T09:02:48.417+0000] {logging_mixin.py:188} INFO - ✓
[2025-05-05T09:02:48.418+0000] {logging_mixin.py:188} INFO -  | ⏱: 2.98s
[2025-05-05T09:02:48.611+0000] {logging_mixin.py:188} INFO - [SCRAPE].. ◆ https://vietnamnet.vn/tin-tuc-24h?bydaterang=&cate=000008                                            | 
[2025-05-05T09:02:48.612+0000] {logging_mixin.py:188} INFO - ✓
[2025-05-05T09:02:48.612+0000] {logging_mixin.py:188} INFO -  | ⏱: 0.19s
[2025-05-05T09:02:48.613+0000] {logging_mixin.py:188} INFO - [COMPLETE] ● https://vietnamnet.vn/tin-tuc-24h?bydaterang=&cate=000008                                            | 
[2025-05-05T09:02:48.614+0000] {logging_mixin.py:188} INFO - ✓
[2025-05-05T09:02:48.614+0000] {logging_mixin.py:188} INFO -  | ⏱: 3.17s
[2025-05-05T09:02:48.913+0000] {crawler.py:84} INFO - Tìm thấy 25 link bài viết cho danh mục phap-luat
[2025-05-05T09:02:50.460+0000] {crawler.py:103} INFO - Đã lọc: 25 URLs ban đầu -> 0 URLs mới
[2025-05-05T09:02:50.461+0000] {crawler.py:222} INFO - Không có bài viết mới nào trong danh mục phap-luat cần crawl.
[2025-05-05T09:02:50.462+0000] {crawler.py:257} INFO - Không có bài viết để lưu vào collection 'phap-luat'
[2025-05-05T09:02:50.504+0000] {python.py:237} INFO - Done. Returned value was: None
[2025-05-05T09:02:50.504+0000] {taskinstance.py:441} INFO - ::group::Post task execution logs
[2025-05-05T09:02:50.516+0000] {taskinstance.py:1206} INFO - Marking task as SUCCESS. dag_id=vietnamnet_crawler_24h, task_id=crawl_phap-luat, run_id=scheduled__2025-05-05T08:30:00+00:00, execution_date=20250505T083000, start_date=20250505T090244, end_date=20250505T090250
[2025-05-05T09:02:50.574+0000] {local_task_job_runner.py:240} INFO - Task exited with return code 0
[2025-05-05T09:02:50.585+0000] {local_task_job_runner.py:222} INFO - ::endgroup::
