[2025-05-03T15:07:13.099+0000] {local_task_job_runner.py:120} INFO - ::group::Pre task execution logs
[2025-05-03T15:07:13.116+0000] {taskinstance.py:2076} INFO - Dependencies all met for dep_context=non-requeueable deps ti=<TaskInstance: vietnamnet_multi_category_crawler.crawl_giao-duc scheduled__2025-05-02T00:00:00+00:00 [queued]>
[2025-05-03T15:07:13.123+0000] {taskinstance.py:2076} INFO - Dependencies all met for dep_context=requeueable deps ti=<TaskInstance: vietnamnet_multi_category_crawler.crawl_giao-duc scheduled__2025-05-02T00:00:00+00:00 [queued]>
[2025-05-03T15:07:13.124+0000] {taskinstance.py:2306} INFO - Starting attempt 1 of 2
[2025-05-03T15:07:13.137+0000] {taskinstance.py:2330} INFO - Executing <Task(PythonOperator): crawl_giao-duc> on 2025-05-02 00:00:00+00:00
[2025-05-03T15:07:13.142+0000] {warnings.py:112} WARNING - /home/***/.local/lib/python3.12/site-packages/***/task/task_runner/standard_task_runner.py:61: DeprecationWarning: This process (pid=2696) is multi-threaded, use of fork() may lead to deadlocks in the child.
  pid = os.fork()

[2025-05-03T15:07:13.144+0000] {standard_task_runner.py:63} INFO - Started process 2697 to run task
[2025-05-03T15:07:13.144+0000] {standard_task_runner.py:90} INFO - Running: ['***', 'tasks', 'run', 'vietnamnet_multi_category_crawler', 'crawl_giao-duc', 'scheduled__2025-05-02T00:00:00+00:00', '--job-id', '8', '--raw', '--subdir', 'DAGS_FOLDER/dags.py', '--cfg-path', '/tmp/tmpzlswq31l']
[2025-05-03T15:07:13.146+0000] {standard_task_runner.py:91} INFO - Job 8: Subtask crawl_giao-duc
[2025-05-03T15:07:13.187+0000] {task_command.py:426} INFO - Running <TaskInstance: vietnamnet_multi_category_crawler.crawl_giao-duc scheduled__2025-05-02T00:00:00+00:00 [running]> on host bc2513595922
[2025-05-03T15:07:13.257+0000] {taskinstance.py:2648} INFO - Exporting env vars: AIRFLOW_CTX_DAG_OWNER='***' AIRFLOW_CTX_DAG_ID='vietnamnet_multi_category_crawler' AIRFLOW_CTX_TASK_ID='crawl_giao-duc' AIRFLOW_CTX_EXECUTION_DATE='2025-05-02T00:00:00+00:00' AIRFLOW_CTX_TRY_NUMBER='1' AIRFLOW_CTX_DAG_RUN_ID='scheduled__2025-05-02T00:00:00+00:00'
[2025-05-03T15:07:13.258+0000] {taskinstance.py:430} INFO - ::endgroup::
[2025-05-03T15:07:13.779+0000] {logging_mixin.py:188} INFO - [INIT].... → Crawl4AI 0.6.2
[2025-05-03T15:07:16.436+0000] {logging_mixin.py:188} INFO - [FETCH]... ↓ https://vietnamnet.vn/giao-duc                                                                       | 
[2025-05-03T15:07:16.437+0000] {logging_mixin.py:188} INFO - ✓
[2025-05-03T15:07:16.438+0000] {logging_mixin.py:188} INFO -  | ⏱: 2.59s
[2025-05-03T15:07:16.685+0000] {logging_mixin.py:188} INFO - [SCRAPE].. ◆ https://vietnamnet.vn/giao-duc                                                                       | 
[2025-05-03T15:07:16.685+0000] {logging_mixin.py:188} INFO - ✓
[2025-05-03T15:07:16.686+0000] {logging_mixin.py:188} INFO -  | ⏱: 0.25s
[2025-05-03T15:07:16.687+0000] {logging_mixin.py:188} INFO - [COMPLETE] ● https://vietnamnet.vn/giao-duc                                                                       | 
[2025-05-03T15:07:16.688+0000] {logging_mixin.py:188} INFO - ✓
[2025-05-03T15:07:16.688+0000] {logging_mixin.py:188} INFO -  | ⏱: 2.84s
[2025-05-03T15:07:16.797+0000] {logging_mixin.py:188} INFO - Tìm thấy 58 link bài viết
[2025-05-03T15:07:16.959+0000] {logging_mixin.py:188} INFO - Đang crawl 5 bài viết từ danh mục giao-duc...
[2025-05-03T15:07:16.960+0000] {logging_mixin.py:188} INFO - --> Crawl: https://vietnamnet.vn/3-hoc-sinh-mat-tich-khi-tam-bien-o-quang-ngai-co-2-anh-em-ruot-2397037.html
[2025-05-03T15:07:17.489+0000] {logging_mixin.py:188} INFO - [INIT].... → Crawl4AI 0.6.2
[2025-05-03T15:07:20.447+0000] {logging_mixin.py:188} INFO - [FETCH]... ↓ https://vietnamnet.vn/3-hoc-sinh-mat-tich-khi-tam-bien-o-quang-ngai-co-2-anh-em-ruot-2397037.html    | 
[2025-05-03T15:07:20.448+0000] {logging_mixin.py:188} INFO - ✓
[2025-05-03T15:07:20.448+0000] {logging_mixin.py:188} INFO -  | ⏱: 2.90s
[2025-05-03T15:07:20.648+0000] {logging_mixin.py:188} INFO - [SCRAPE].. ◆ https://vietnamnet.vn/3-hoc-sinh-mat-tich-khi-tam-bien-o-quang-ngai-co-2-anh-em-ruot-2397037.html    | 
[2025-05-03T15:07:20.649+0000] {logging_mixin.py:188} INFO - ✓
[2025-05-03T15:07:20.649+0000] {logging_mixin.py:188} INFO -  | ⏱: 0.20s
[2025-05-03T15:07:20.651+0000] {logging_mixin.py:188} INFO - [COMPLETE] ● https://vietnamnet.vn/3-hoc-sinh-mat-tich-khi-tam-bien-o-quang-ngai-co-2-anh-em-ruot-2397037.html    | 
[2025-05-03T15:07:20.651+0000] {logging_mixin.py:188} INFO - ✓
[2025-05-03T15:07:20.652+0000] {logging_mixin.py:188} INFO -  | ⏱: 3.10s
[2025-05-03T15:07:21.053+0000] {logging_mixin.py:188} INFO -     ✓ 3 học sinh mất tích khi tắm biển ở Quảng Ngãi, có 2 anh em r...
[2025-05-03T15:07:21.054+0000] {logging_mixin.py:188} INFO - --> Crawl: https://vietnamnet.vn/co-giao-bi-nam-phu-huynh-danh-lam-viec-voi-chinh-quyen-ong-thuy-da-xin-loi-toi-2397006.html
[2025-05-03T15:07:21.728+0000] {logging_mixin.py:188} INFO - [INIT].... → Crawl4AI 0.6.2
[2025-05-03T15:07:25.168+0000] {logging_mixin.py:188} INFO - [FETCH]... ↓ https://vietnamnet.vn/co-giao-bi-nam-phu-huynh-d...chinh-quyen-ong-thuy-da-xin-loi-toi-2397006.html  | 
[2025-05-03T15:07:25.169+0000] {logging_mixin.py:188} INFO - ✓
[2025-05-03T15:07:25.170+0000] {logging_mixin.py:188} INFO -  | ⏱: 3.38s
[2025-05-03T15:07:25.400+0000] {logging_mixin.py:188} INFO - [SCRAPE].. ◆ https://vietnamnet.vn/co-giao-bi-nam-phu-huynh-d...chinh-quyen-ong-thuy-da-xin-loi-toi-2397006.html  | 
[2025-05-03T15:07:25.401+0000] {logging_mixin.py:188} INFO - ✓
[2025-05-03T15:07:25.401+0000] {logging_mixin.py:188} INFO -  | ⏱: 0.23s
[2025-05-03T15:07:25.402+0000] {logging_mixin.py:188} INFO - [COMPLETE] ● https://vietnamnet.vn/co-giao-bi-nam-phu-huynh-d...chinh-quyen-ong-thuy-da-xin-loi-toi-2397006.html  | 
[2025-05-03T15:07:25.403+0000] {logging_mixin.py:188} INFO - ✓
[2025-05-03T15:07:25.404+0000] {logging_mixin.py:188} INFO -  | ⏱: 3.61s
[2025-05-03T15:07:25.829+0000] {logging_mixin.py:188} INFO -     ✓ Cô giáo bị nam phụ huynh đánh: ‘Làm việc với chính quyền, ôn...
[2025-05-03T15:07:25.829+0000] {logging_mixin.py:188} INFO - --> Crawl: https://vietnamnet.vn/tre-em-trung-quoc-di-xe-bus-giua-khong-trung-den-truong-2376104.html
[2025-05-03T15:07:26.386+0000] {logging_mixin.py:188} INFO - [INIT].... → Crawl4AI 0.6.2
[2025-05-03T15:07:29.996+0000] {logging_mixin.py:188} INFO - [FETCH]... ↓ https://vietnamnet.vn/tre-em-trung-quoc-di-xe-bus-giua-khong-trung-den-truong-2376104.html           | 
[2025-05-03T15:07:29.997+0000] {logging_mixin.py:188} INFO - ✓
[2025-05-03T15:07:29.998+0000] {logging_mixin.py:188} INFO -  | ⏱: 3.54s
[2025-05-03T15:07:30.146+0000] {logging_mixin.py:188} INFO - [SCRAPE].. ◆ https://vietnamnet.vn/tre-em-trung-quoc-di-xe-bus-giua-khong-trung-den-truong-2376104.html           | 
[2025-05-03T15:07:30.146+0000] {logging_mixin.py:188} INFO - ✓
[2025-05-03T15:07:30.147+0000] {logging_mixin.py:188} INFO -  | ⏱: 0.15s
[2025-05-03T15:07:30.148+0000] {logging_mixin.py:188} INFO - [COMPLETE] ● https://vietnamnet.vn/tre-em-trung-quoc-di-xe-bus-giua-khong-trung-den-truong-2376104.html           | 
[2025-05-03T15:07:30.148+0000] {logging_mixin.py:188} INFO - ✓
[2025-05-03T15:07:30.149+0000] {logging_mixin.py:188} INFO -  | ⏱: 3.69s
[2025-05-03T15:07:30.482+0000] {logging_mixin.py:188} INFO -     ✓ Trẻ em Trung Quốc đi 'xe bus giữa không trung' đến trường...
[2025-05-03T15:07:30.482+0000] {logging_mixin.py:188} INFO - --> Crawl: https://vietnamnet.vn/dh-cong-nghe-tphcm-xu-ly-sinh-vien-vo-le-voi-cuu-chien-binh-xem-dieu-binh-30-4-2397312.html#comment
[2025-05-03T15:07:31.078+0000] {logging_mixin.py:188} INFO - [INIT].... → Crawl4AI 0.6.2
[2025-05-03T15:07:34.150+0000] {logging_mixin.py:188} INFO - [FETCH]... ↓ https://vietnamnet.vn/dh-cong-nghe-tphcm-xu-ly-s...ien-binh-xem-dieu-binh-30-4-2397312.html#comment  | 
[2025-05-03T15:07:34.150+0000] {logging_mixin.py:188} INFO - ✓
[2025-05-03T15:07:34.151+0000] {logging_mixin.py:188} INFO -  | ⏱: 3.01s
[2025-05-03T15:07:34.371+0000] {logging_mixin.py:188} INFO - [SCRAPE].. ◆ https://vietnamnet.vn/dh-cong-nghe-tphcm-xu-ly-s...ien-binh-xem-dieu-binh-30-4-2397312.html#comment  | 
[2025-05-03T15:07:34.372+0000] {logging_mixin.py:188} INFO - ✓
[2025-05-03T15:07:34.372+0000] {logging_mixin.py:188} INFO -  | ⏱: 0.22s
[2025-05-03T15:07:34.374+0000] {logging_mixin.py:188} INFO - [COMPLETE] ● https://vietnamnet.vn/dh-cong-nghe-tphcm-xu-ly-s...ien-binh-xem-dieu-binh-30-4-2397312.html#comment  | 
[2025-05-03T15:07:34.374+0000] {logging_mixin.py:188} INFO - ✓
[2025-05-03T15:07:34.375+0000] {logging_mixin.py:188} INFO -  | ⏱: 3.23s
[2025-05-03T15:07:34.771+0000] {logging_mixin.py:188} INFO -     ✓ Thêm một đại học xử lý sinh viên vô lễ với cựu chiến binh đi...
[2025-05-03T15:07:34.771+0000] {logging_mixin.py:188} INFO - --> Crawl: https://vietnamnet.vn/cau-be-13-tuoi-dat-diem-tuyet-doi-9-0-o-ca-ba-ky-nang-ielts-2390211.html
[2025-05-03T15:07:35.460+0000] {logging_mixin.py:188} INFO - [INIT].... → Crawl4AI 0.6.2
[2025-05-03T15:07:38.407+0000] {logging_mixin.py:188} INFO - [FETCH]... ↓ https://vietnamnet.vn/cau-be-13-tuoi-dat-diem-tuyet-doi-9-0-o-ca-ba-ky-nang-ielts-2390211.html       | 
[2025-05-03T15:07:38.407+0000] {logging_mixin.py:188} INFO - ✓
[2025-05-03T15:07:38.408+0000] {logging_mixin.py:188} INFO -  | ⏱: 2.88s
[2025-05-03T15:07:38.598+0000] {logging_mixin.py:188} INFO - [SCRAPE].. ◆ https://vietnamnet.vn/cau-be-13-tuoi-dat-diem-tuyet-doi-9-0-o-ca-ba-ky-nang-ielts-2390211.html       | 
[2025-05-03T15:07:38.598+0000] {logging_mixin.py:188} INFO - ✓
[2025-05-03T15:07:38.599+0000] {logging_mixin.py:188} INFO -  | ⏱: 0.19s
[2025-05-03T15:07:38.600+0000] {logging_mixin.py:188} INFO - [COMPLETE] ● https://vietnamnet.vn/cau-be-13-tuoi-dat-diem-tuyet-doi-9-0-o-ca-ba-ky-nang-ielts-2390211.html       | 
[2025-05-03T15:07:38.600+0000] {logging_mixin.py:188} INFO - ✓
[2025-05-03T15:07:38.600+0000] {logging_mixin.py:188} INFO -  | ⏱: 3.07s
[2025-05-03T15:07:38.978+0000] {logging_mixin.py:188} INFO -     ✓ Cậu bé 13 tuổi đạt điểm tuyệt đối 9.0 ở cả ba kỹ năng IELTS...
[2025-05-03T15:07:40.222+0000] {logging_mixin.py:188} INFO - Đã lưu 5 bài viết vào collection 'giao-duc'
[2025-05-03T15:07:40.286+0000] {python.py:237} INFO - Done. Returned value was: None
[2025-05-03T15:07:40.287+0000] {taskinstance.py:441} INFO - ::group::Post task execution logs
[2025-05-03T15:07:40.295+0000] {taskinstance.py:1206} INFO - Marking task as SUCCESS. dag_id=vietnamnet_multi_category_crawler, task_id=crawl_giao-duc, run_id=scheduled__2025-05-02T00:00:00+00:00, execution_date=20250502T000000, start_date=20250503T150713, end_date=20250503T150740
[2025-05-03T15:07:40.340+0000] {local_task_job_runner.py:240} INFO - Task exited with return code 0
[2025-05-03T15:07:40.355+0000] {taskinstance.py:3503} INFO - 1 downstream tasks scheduled from follow-on schedule check
[2025-05-03T15:07:40.357+0000] {local_task_job_runner.py:222} INFO - ::endgroup::
[2025-05-03T15:21:41.194+0000] {local_task_job_runner.py:120} INFO - ::group::Pre task execution logs
[2025-05-03T15:21:41.213+0000] {taskinstance.py:2076} INFO - Dependencies all met for dep_context=non-requeueable deps ti=<TaskInstance: vietnamnet_multi_category_crawler.crawl_giao-duc scheduled__2025-05-02T00:00:00+00:00 [queued]>
[2025-05-03T15:21:41.219+0000] {taskinstance.py:2076} INFO - Dependencies all met for dep_context=requeueable deps ti=<TaskInstance: vietnamnet_multi_category_crawler.crawl_giao-duc scheduled__2025-05-02T00:00:00+00:00 [queued]>
[2025-05-03T15:21:41.220+0000] {taskinstance.py:2306} INFO - Starting attempt 1 of 2
[2025-05-03T15:21:41.232+0000] {taskinstance.py:2330} INFO - Executing <Task(PythonOperator): crawl_giao-duc> on 2025-05-02 00:00:00+00:00
[2025-05-03T15:21:41.237+0000] {warnings.py:112} WARNING - /home/***/.local/lib/python3.12/site-packages/***/task/task_runner/standard_task_runner.py:61: DeprecationWarning: This process (pid=6992) is multi-threaded, use of fork() may lead to deadlocks in the child.
  pid = os.fork()

[2025-05-03T15:21:41.240+0000] {standard_task_runner.py:63} INFO - Started process 6993 to run task
[2025-05-03T15:21:41.239+0000] {standard_task_runner.py:90} INFO - Running: ['***', 'tasks', 'run', 'vietnamnet_multi_category_crawler', 'crawl_giao-duc', 'scheduled__2025-05-02T00:00:00+00:00', '--job-id', '12', '--raw', '--subdir', 'DAGS_FOLDER/dags.py', '--cfg-path', '/tmp/tmp9043pfd8']
[2025-05-03T15:21:41.241+0000] {standard_task_runner.py:91} INFO - Job 12: Subtask crawl_giao-duc
[2025-05-03T15:21:41.287+0000] {task_command.py:426} INFO - Running <TaskInstance: vietnamnet_multi_category_crawler.crawl_giao-duc scheduled__2025-05-02T00:00:00+00:00 [running]> on host fdbcedb99356
[2025-05-03T15:21:41.356+0000] {taskinstance.py:2648} INFO - Exporting env vars: AIRFLOW_CTX_DAG_OWNER='***' AIRFLOW_CTX_DAG_ID='vietnamnet_multi_category_crawler' AIRFLOW_CTX_TASK_ID='crawl_giao-duc' AIRFLOW_CTX_EXECUTION_DATE='2025-05-02T00:00:00+00:00' AIRFLOW_CTX_TRY_NUMBER='1' AIRFLOW_CTX_DAG_RUN_ID='scheduled__2025-05-02T00:00:00+00:00'
[2025-05-03T15:21:41.357+0000] {taskinstance.py:430} INFO - ::endgroup::
[2025-05-03T15:21:41.970+0000] {logging_mixin.py:188} INFO - [INIT].... → Crawl4AI 0.6.2
[2025-05-03T15:21:44.538+0000] {logging_mixin.py:188} INFO - [FETCH]... ↓ https://vietnamnet.vn/giao-duc                                                                       | 
[2025-05-03T15:21:44.539+0000] {logging_mixin.py:188} INFO - ✓
[2025-05-03T15:21:44.539+0000] {logging_mixin.py:188} INFO -  | ⏱: 2.50s
[2025-05-03T15:21:44.786+0000] {logging_mixin.py:188} INFO - [SCRAPE].. ◆ https://vietnamnet.vn/giao-duc                                                                       | 
[2025-05-03T15:21:44.787+0000] {logging_mixin.py:188} INFO - ✓
[2025-05-03T15:21:44.788+0000] {logging_mixin.py:188} INFO -  | ⏱: 0.25s
[2025-05-03T15:21:44.789+0000] {logging_mixin.py:188} INFO - [COMPLETE] ● https://vietnamnet.vn/giao-duc                                                                       | 
[2025-05-03T15:21:44.790+0000] {logging_mixin.py:188} INFO - ✓
[2025-05-03T15:21:44.790+0000] {logging_mixin.py:188} INFO -  | ⏱: 2.75s
[2025-05-03T15:21:44.893+0000] {logging_mixin.py:188} INFO - Tìm thấy 57 link bài viết
[2025-05-03T15:21:45.059+0000] {logging_mixin.py:188} INFO - Đang crawl 5 bài viết từ danh mục giao-duc...
[2025-05-03T15:21:45.060+0000] {logging_mixin.py:188} INFO - --> Crawl: https://vietnamnet.vn/de-thi-thu-tot-nghiep-thpt-2025-mon-toan-tham-khao-2396830.html
[2025-05-03T15:21:45.699+0000] {logging_mixin.py:188} INFO - [INIT].... → Crawl4AI 0.6.2
[2025-05-03T15:21:48.248+0000] {logging_mixin.py:188} INFO - [FETCH]... ↓ https://vietnamnet.vn/de-thi-thu-tot-nghiep-thpt-2025-mon-toan-tham-khao-2396830.html                | 
[2025-05-03T15:21:48.249+0000] {logging_mixin.py:188} INFO - ✓
[2025-05-03T15:21:48.250+0000] {logging_mixin.py:188} INFO -  | ⏱: 2.49s
[2025-05-03T15:21:48.415+0000] {logging_mixin.py:188} INFO - [SCRAPE].. ◆ https://vietnamnet.vn/de-thi-thu-tot-nghiep-thpt-2025-mon-toan-tham-khao-2396830.html                | 
[2025-05-03T15:21:48.416+0000] {logging_mixin.py:188} INFO - ✓
[2025-05-03T15:21:48.417+0000] {logging_mixin.py:188} INFO -  | ⏱: 0.16s
[2025-05-03T15:21:48.418+0000] {logging_mixin.py:188} INFO - [COMPLETE] ● https://vietnamnet.vn/de-thi-thu-tot-nghiep-thpt-2025-mon-toan-tham-khao-2396830.html                | 
[2025-05-03T15:21:48.418+0000] {logging_mixin.py:188} INFO - ✓
[2025-05-03T15:21:48.419+0000] {logging_mixin.py:188} INFO -  | ⏱: 2.66s
[2025-05-03T15:21:48.780+0000] {logging_mixin.py:188} INFO -     ✓ Đề thi thử tốt nghiệp THPT môn Toán năm 2025 kèm đáp án...
[2025-05-03T15:21:48.780+0000] {logging_mixin.py:188} INFO - --> Crawl: https://vietnamnet.vn/5-nam-dau-sau-1975-tphcm-co-4-giam-doc-so-gd-dt-2396452.html
[2025-05-03T15:21:49.368+0000] {logging_mixin.py:188} INFO - [INIT].... → Crawl4AI 0.6.2
[2025-05-03T15:21:52.229+0000] {logging_mixin.py:188} INFO - [FETCH]... ↓ https://vietnamnet.vn/5-nam-dau-sau-1975-tphcm-co-4-giam-doc-so-gd-dt-2396452.html                   | 
[2025-05-03T15:21:52.229+0000] {logging_mixin.py:188} INFO - ✓
[2025-05-03T15:21:52.230+0000] {logging_mixin.py:188} INFO -  | ⏱: 2.79s
[2025-05-03T15:21:52.568+0000] {logging_mixin.py:188} INFO - [SCRAPE].. ◆ https://vietnamnet.vn/5-nam-dau-sau-1975-tphcm-co-4-giam-doc-so-gd-dt-2396452.html                   | 
[2025-05-03T15:21:52.569+0000] {logging_mixin.py:188} INFO - ✓
[2025-05-03T15:21:52.569+0000] {logging_mixin.py:188} INFO -  | ⏱: 0.34s
[2025-05-03T15:21:52.570+0000] {logging_mixin.py:188} INFO - [COMPLETE] ● https://vietnamnet.vn/5-nam-dau-sau-1975-tphcm-co-4-giam-doc-so-gd-dt-2396452.html                   | 
[2025-05-03T15:21:52.571+0000] {logging_mixin.py:188} INFO - ✓
[2025-05-03T15:21:52.571+0000] {logging_mixin.py:188} INFO -  | ⏱: 3.13s
[2025-05-03T15:21:52.954+0000] {logging_mixin.py:188} INFO -     ✓ 5 năm đầu sau 1975, TPHCM có 4 Giám đốc Sở GD-ĐT...
[2025-05-03T15:21:52.954+0000] {logging_mixin.py:188} INFO - --> Crawl: https://vietnamnet.vn/thu-khoa-thi-lop-10-ha-noi-chi-cach-on-tap-lam-bai-thi-diem-cao-2397294.html
[2025-05-03T15:21:53.458+0000] {logging_mixin.py:188} INFO - [INIT].... → Crawl4AI 0.6.2
[2025-05-03T15:21:56.524+0000] {logging_mixin.py:188} INFO - [FETCH]... ↓ https://vietnamnet.vn/thu-khoa-thi-lop-10-ha-noi-chi-cach-on-tap-lam-bai-thi-diem-cao-2397294.html   | 
[2025-05-03T15:21:56.524+0000] {logging_mixin.py:188} INFO - ✓
[2025-05-03T15:21:56.525+0000] {logging_mixin.py:188} INFO -  | ⏱: 3.00s
[2025-05-03T15:21:56.747+0000] {logging_mixin.py:188} INFO - [SCRAPE].. ◆ https://vietnamnet.vn/thu-khoa-thi-lop-10-ha-noi-chi-cach-on-tap-lam-bai-thi-diem-cao-2397294.html   | 
[2025-05-03T15:21:56.747+0000] {logging_mixin.py:188} INFO - ✓
[2025-05-03T15:21:56.748+0000] {logging_mixin.py:188} INFO -  | ⏱: 
[2025-05-03T15:21:56.749+0000] {logging_mixin.py:188} INFO - 0.22
[2025-05-03T15:21:56.749+0000] {logging_mixin.py:188} INFO - s
[2025-05-03T15:21:56.751+0000] {logging_mixin.py:188} INFO - [COMPLETE] ● https://vietnamnet.vn/thu-khoa-thi-lop-10-ha-noi-chi-cach-on-tap-lam-bai-thi-diem-cao-2397294.html   | 
[2025-05-03T15:21:56.751+0000] {logging_mixin.py:188} INFO - ✓
[2025-05-03T15:21:56.752+0000] {logging_mixin.py:188} INFO -  | ⏱: 3.23s
[2025-05-03T15:21:57.175+0000] {logging_mixin.py:188} INFO -     ✓ Thủ khoa thi lớp 10 Hà Nội chỉ cách ôn tập, làm bài thi điểm...
[2025-05-03T15:21:57.176+0000] {logging_mixin.py:188} INFO - --> Crawl: https://vietnamnet.vn/tre-khong-noi-chuyen-duoc-voi-cha-me-phai-lam-sao-2396191.html
[2025-05-03T15:21:57.930+0000] {logging_mixin.py:188} INFO - [INIT].... → Crawl4AI 0.6.2
[2025-05-03T15:22:00.962+0000] {logging_mixin.py:188} INFO - [FETCH]... ↓ https://vietnamnet.vn/tre-khong-noi-chuyen-duoc-voi-cha-me-phai-lam-sao-2396191.html                 | 
[2025-05-03T15:22:00.962+0000] {logging_mixin.py:188} INFO - ✓
[2025-05-03T15:22:00.963+0000] {logging_mixin.py:188} INFO -  | ⏱: 2.95s
[2025-05-03T15:22:01.113+0000] {logging_mixin.py:188} INFO - [SCRAPE].. ◆ https://vietnamnet.vn/tre-khong-noi-chuyen-duoc-voi-cha-me-phai-lam-sao-2396191.html                 | 
[2025-05-03T15:22:01.113+0000] {logging_mixin.py:188} INFO - ✓
[2025-05-03T15:22:01.114+0000] {logging_mixin.py:188} INFO -  | ⏱: 0.15s
[2025-05-03T15:22:01.115+0000] {logging_mixin.py:188} INFO - [COMPLETE] ● https://vietnamnet.vn/tre-khong-noi-chuyen-duoc-voi-cha-me-phai-lam-sao-2396191.html                 | 
[2025-05-03T15:22:01.116+0000] {logging_mixin.py:188} INFO - ✓
[2025-05-03T15:22:01.116+0000] {logging_mixin.py:188} INFO -  | ⏱: 3.10s
[2025-05-03T15:22:01.477+0000] {logging_mixin.py:188} INFO -     ✓ Trẻ 'không nói chuyện được với cha mẹ', phải làm sao?...
[2025-05-03T15:22:01.477+0000] {logging_mixin.py:188} INFO - --> Crawl: https://vietnamnet.vn/dh-cong-nghe-tphcm-xu-ly-sinh-vien-vo-le-voi-cuu-chien-binh-xem-dieu-binh-30-4-2397312.html
[2025-05-03T15:22:02.038+0000] {logging_mixin.py:188} INFO - [INIT].... → Crawl4AI 0.6.2
[2025-05-03T15:22:05.182+0000] {logging_mixin.py:188} INFO - [FETCH]... ↓ https://vietnamnet.vn/dh-cong-nghe-tphcm-xu-ly-s...i-cuu-chien-binh-xem-dieu-binh-30-4-2397312.html  | 
[2025-05-03T15:22:05.183+0000] {logging_mixin.py:188} INFO - ✓
[2025-05-03T15:22:05.183+0000] {logging_mixin.py:188} INFO -  | ⏱: 3.08s
[2025-05-03T15:22:05.369+0000] {logging_mixin.py:188} INFO - [SCRAPE].. ◆ https://vietnamnet.vn/dh-cong-nghe-tphcm-xu-ly-s...i-cuu-chien-binh-xem-dieu-binh-30-4-2397312.html  | 
[2025-05-03T15:22:05.370+0000] {logging_mixin.py:188} INFO - ✓
[2025-05-03T15:22:05.370+0000] {logging_mixin.py:188} INFO -  | ⏱: 0.18s
[2025-05-03T15:22:05.371+0000] {logging_mixin.py:188} INFO - [COMPLETE] ● https://vietnamnet.vn/dh-cong-nghe-tphcm-xu-ly-s...i-cuu-chien-binh-xem-dieu-binh-30-4-2397312.html  | 
[2025-05-03T15:22:05.372+0000] {logging_mixin.py:188} INFO - ✓
[2025-05-03T15:22:05.372+0000] {logging_mixin.py:188} INFO -  | ⏱: 3.27s
[2025-05-03T15:22:05.810+0000] {logging_mixin.py:188} INFO -     ✓ Thêm một đại học xử lý sinh viên vô lễ với cựu chiến binh đi...
[2025-05-03T15:22:05.811+0000] {logging_mixin.py:188} INFO - ⏱️  Tổng thời gian crawl: 24.44 giây
[2025-05-03T15:22:06.982+0000] {logging_mixin.py:188} INFO - Lỗi khi lưu dữ liệu vào MongoDB: batch op errors occurred, full error: {'writeErrors': [{'index': 0, 'code': 11000, 'errmsg': 'E11000 duplicate key error collection: News.giao-duc index: _id_ dup key: { _id: "https://vietnamnet.vn/de-thi-thu-tot-nghiep-thpt-2025-mon-toan-tham-khao-2396830.html" }', 'keyPattern': {'_id': 1}, 'keyValue': {'_id': 'https://vietnamnet.vn/de-thi-thu-tot-nghiep-thpt-2025-mon-toan-tham-khao-2396830.html'}, 'op': {'title': 'Đề thi thử tốt nghiệp THPT môn Toán năm 2025 kèm đáp án', 'author': 'Không có thông tin tác giả', 'publish_date': '2025-04-30T18:42:14.000 +07:00', 'views': None, 'tags': [], 'description': 'Đề thi thử tốt nghiệp THPT 2025 môn Toán do Sở GD-ĐT Nghệ An xây dựng để khảo sát chất lượng học sinh lớp 12 được VietNamNet cập nhật nhanh chóng, chi tiết.\n', 'main_image': 'https://static-images.vnncdn.net/vps_images_publish/000001/000003/2025/4/30/de-thi-thu-tot-nghiep-thpt-mon-toan-nam-2025-kem-dap-an-69481.jpg?width=0&s=29adv_13mKs_Otw3bUBBCw', 'content': 'Thanh Hùng\n\nĐề thi thử tốt nghiệp THPTmôn Toán do Sở GD-ĐT Nghệ An xây dựng với thời gian làm bài trong 90 phút như sau:\n\nĐáp án của đề thi này như sau:\n\nBộ GD-ĐT cho biết đến 17h ngày 28/4 - hạn cuối đăng ký dự thi tốt nghiệp THPT năm 2025, tổng số thí sinh đăng ký dự thi là 1.165.289; tăng 93.894 lượt đăng ký so với năm ngoái (năm 2024, tổng số thí sinh đăng ký dự thi tốt nghiệp THPT là 1.071.395).\n\nTrong đó, thí sinh 12 Chương trình Giáo dục phổ thông 2018 là 1.122.507 (chiếm 96,33%); thí sinh tự do là 42.782 (chiếm 3,67%).\n\nKỳ thi tốt nghiệp THPT năm 2025 diễn ra trong 2 ngày 26/6 và 27/6.\n\nKể từ năm 2025, các thí sinh theo học Chương trình phổ thông 2018 dự thi tốt nghiệp THPT sẽ chỉ thi 4 môn, bao gồm 2 môn thi bắt buộc (Ngữ văn, Toán) và 2 môn lựa chọn (trong số các môn còn lại được học ở lớp 12 gồm: Ngoại ngữ, Lịch sử, Vật lý, Hóa học, Sinh học, Địa lý, Giáo dục kinh tế và pháp luật, Tin học, Công nghệ.\n\nMôn Ngữ văn sẽ thi theo hình thức tự luận với thời gian làm bài 120 phút. Đề thi gồm 2 phần Đọc hiểu (4 điểm) và Viết (6 điểm).\n\nCác môn còn lại sẽ thi theo hình thức trắc nghiệm, trong đó môn Toán có thời gian làm bài 90 phút, những môn còn lại có thời gian làm bài 50 phút.', 'url': 'https://vietnamnet.vn/de-thi-thu-tot-nghiep-thpt-2025-mon-toan-tham-khao-2396830.html', 'category': 'giao-duc', 'crawled_at': '2025-05-03T15:21:48.595825', '_id': 'https://vietnamnet.vn/de-thi-thu-tot-nghiep-thpt-2025-mon-toan-tham-khao-2396830.html'}}, {'index': 1, 'code': 11000, 'errmsg': 'E11000 duplicate key error collection: News.giao-duc index: _id_ dup key: { _id: "https://vietnamnet.vn/5-nam-dau-sau-1975-tphcm-co-4-giam-doc-so-gd-dt-2396452.html" }', 'keyPattern': {'_id': 1}, 'keyValue': {'_id': 'https://vietnamnet.vn/5-nam-dau-sau-1975-tphcm-co-4-giam-doc-so-gd-dt-2396452.html'}, 'op': {'title': '5 năm đầu sau 1975, TPHCM có 4 Giám đốc Sở GD-ĐT', 'author': 'Không có thông tin tác giả', 'publish_date': '2025-05-02T05:00:00.000 +07:00', 'views': None, 'tags': [], 'description': 'Chỉ 5 năm đầu sau ngày thống nhất đất nước 30/4/1975, có 4 người làm giám đốc Sở GD-ĐT TPHCM.Trong 50 năm qua, chỉ có 1 giám đốc là nữ.', 'main_image': 'https://static-images.vnncdn.net/vps_images_publish/000001/000003/2025/4/30/11-tu-lenh-nganh-giao-duc-tphcm-50-nam-qua-la-nhung-ai-69715.jpg?width=0&s=Kx7JLxJBOP-LEQVxEfUn4A', 'content': 'Lê Huyền\n\nTPHCM là địa phương có ngành giáo dục lớn thứ hai cả nước sau Hà Nội, với gần 2 triệu học sinh và hàng trăm nghìn giáo viên. Kể từ ngày 30/4/1975 - khi đất nước thống nhất - đến nay, ngành giáo dục TPHCM đã trải qua 50 năm xây dựng và phát triển, với nhiều thế hệ lãnh đạo lèo lái, định hướng cho sự nghiệp giáo dục của thành phố.\n\nRất ít tư liệu về Giám đốc Sở GD-ĐT TPHCM đầu tiên sau 1975\n\nÔng Hồ Tấn Minh, Chánh Văn phòng Sở GD-ĐT TPHCM, cho PV VietNamNet biết, người đứng đầu ngành giáo dục TPHCM ngay sau năm 1975 là ông Lương Lê Đồng. Hiện tư liệu về ông Lương Lê Đồng rất ít ỏi, nhưng trong trí nhớ của ông Nguyễn Văn Ngai, nguyên Phó Giám đốc Sở GD-ĐT TPHCM, ông Lương Lê Đồng chỉ giữ chức vụ này trong thời gian ngắn, thuộc thời kỳ Quân quản sau 30/4/1975.\n\nNăm 1976-1978, ông Bùi Thanh Khiết làGiám đốcSở GD-ĐT TPHCM. Ông Khiết (1924-1984) quê Cao Lãnh, Sa Đéc nay là Cao Lãnh, Đồng Tháp. Ông tham gia Giải phóng quân từ năm 1945. Năm 1946, bị Pháp bắt và tra tấn dã man, ông nhận mọi tội về mình để hai đồng chí bị bắt chung được thả.\n\nVốn có uy tín với giới trí thức Sài Gòn, ông được báo chí đấu tranh đòi thả. Pháp thả ông với điều kiện không được tham gia kháng chiến nữa. Ngày 4/1/1947, ông được kết nạp vào Đảng Cộng sản Đông Dương. Ông làm Trưởng phòng Chính trị Quân khu 7, viết báo Tiền Đạo lấy bút danh Thiết Khanh. Cuối năm 1947, ông về làm Trưởng phòng Chính trị Quân khu 9 và Trưởng ban Chính trị tỉnh Long Châu Hà.\n\nSau đó ông tập kết ra Bắc. Sau khi tốt nghiệp đại học, ông Bùi Thanh Khiết sang Liên Xô làm nghiên cứu sinh, lấy bằng phó tiến sĩ Triết học. Năm 1964, ông trở về Nam chiến đấu, là Phó Chính ủy Quân khu 8, Khu ủy viên rồi Phó Chính ủy Quân khu 9, Khu ủy viên khu Tây Nam Bộ.\n\nNăm 1973, ông được phong quân hàm Đại tá, là Bí thư Đảng ủy, Phó Trưởng đoàn đại biểu Chính phủ Cách mạng lâm thời cộng hòa miền Nam Việt Nam trong Ban liên hiệp quân sự bốn bên và hai bên, đóng tại sân bay Tân Sơn Nhất. Sau đó, ông Khiết làm Phó Chủ nhiệm Cục Chính trị Bộ Tư lệnh Quân Giải phóng miền Nam, tham gia Chiến dịch Hồ Chí Minh.\n\nSau 30/4/1975, ông Khiết là Ủy viên Thường trực Ủy ban Quân quản thành phố Sài Gòn - Gia Định, rồi Ủy viên Ủy ban Nhân dân kiêm Giám đốc Sở Giáo dục TPHCM. Cuối năm 1976, ông được cử làm Thứ trưởng Bộ Giáo dục, Bí thư Đảng đoàn Bộ Giáo dục.\n\nNăm 1978-1979, người đứng đầu ngành giáo dục TPHCM là ông Phạm Chánh Trực. Theobáo Nhân Dân, ông Phạm Chánh Trực (tức Năm Nghị) trải qua nhiều chức vụ và gắn cả cuộc đời mình với TPHCM. Ông Phạm Chánh Trực sinh ra trong một gia đình giáo chức ở Vĩnh Long. Năm 15 tuổi, ông tham gia phong trào học sinh tại thị xã Vĩnh Long, sau đó tiếp tục hoạt động và lãnh đạo phong trào học sinh, sinh viên Sài Gòn. Ông từng bị tù đày và đã vượt ngục.\n\nSau năm 1975, ông Trực được ông Võ Văn Kiệt, lúc đó là Bí thư Thành ủy TPHCM trao lá cờ ra quân thanh niên xung phong xung kích trên mặt trận kinh tế. Ông là Bí thư Thành đoàn đầu tiên của TPHCM. Sau đó, ông lần lượt đảm nhiệm các chức vụ: Giám đốc Sở GD-ĐT TPHCM, Bí thư Quận ủy quận 5, Phó Chủ tịch UBND thành phố, Phó Bí thư Thường trực Thành ủy, Chủ tịch HĐND thành phố, Phó Ban Kinh tế Trung ương, Trưởng Ban quản lý Khu Công nghệ cao TPHCM.\n\nÔng Lê Quang Vịnh làm giám đốc Sở GD-ĐT TPHCM năm 1978-1979. Ông Lê Quang Vịnh sinh năm 1936, từng là tử tù bị giam trong chuồng cọp, Côn Đảo suốt 15 năm (1961-1975). Sau năm 1975, được giải thoát, ông Lê Quang Vịnh đã giữ các chức vụ Giám đốc Sở GD-ĐT TPHCM, Bí thư Côn Đảo, Phó Ban Dân vận Trung ương, Trưởng Ban Tôn giáo Chính phủ…\n\nTừ năm 1980 đến nay có 7 người làm Giám đốc Sở GD-ĐT\n\nKể từ năm 1980 đến nay, ngành giáo dục TPHCM đã có 7 người đảm nhiệm vị trí đứng đầu, trong đó bà Trương Thị Hồng là nữ Giám đốc duy nhất trong 50 năm qua, giữ chức vụ từ năm 1981 đến 1990.\n\nGS.TS Cao Minh Thì làm Giám đốc Sở GD-ĐT TPHCM giai đoạn 1990-1996. Ông Cao Minh Thì (quê Cần Thơ) tập kết ra Bắc năm 1954 và học ở Trường Miền Nam số 14. Sau khi tốt nghiệp và giảng dạy tại ĐH Sư phạm Hà Nội một thời gian, ông Cao Minh Thì được Mặt trận dân tộc Giải phóng miền Nam cử sang Nga nghiên cứu Vật lý và bảo vệ học vị tiến sĩ. Về Việt Nam, ông công tác tại Trường ĐH Sư phạm Hà Nội và tham gia nhiều hoạt động khoa học tại các trường ĐH như: ĐH Bách khoa, ĐH Giao thông vận tải Hà Nội…\n\nĐúng ngày 30/4/1975, ông Thì đặt chân tới Sài Gòn, từ đó gắn bó cuộc đời mình với sự nghiệp GD-ĐT của TPHCM nói riêng, khu vực miền Nam nói chung. Tháng 6/1975, ông Thì nhận quyết định của TW Cục miền Nam làm Trưởng ban Quân quản Trường ĐH Sư phạm kỹ thuật Thủ Đức. 5 tháng sau, ông được điều về làm Hiệu phó Trường ĐH Sư phạm TPHCM. Năm 1981, ông được UBND TPHCM điều về làm Hiệu trưởng Trường CĐ Sư phạm TPHCM, sau đó làm Giám đốc Sở GD-ĐT.\n\nTS Hồ Thiệu Hùng làm Giám đốc Sở GD-ĐT TPHCM giai đoạn 1996-1997. Tiếp đó ông Trương Song Đức làm Giám đốc Sở GD-ĐT TPHCM năm 1997-2004. TS Huỳnh Công Minh đứng đầu ngành giáo dục thành phố từ 2004 đến 2011. TS Lê Hồng Sơn có 10 năm làm Giám đốc Sở GD-ĐT TPHCM (2011-2021). Người đứng đầu ngành giáo dục TPHCM hiện nay là TS Nguyễn Văn Hiếu. Ông được bổ nhiệm làm Giám đốc Sở từ năm 2021.', 'url': 'https://vietnamnet.vn/5-nam-dau-sau-1975-tphcm-co-4-giam-doc-so-gd-dt-2396452.html', 'category': 'giao-duc', 'crawled_at': '2025-05-03T15:21:52.785932', '_id': 'https://vietnamnet.vn/5-nam-dau-sau-1975-tphcm-co-4-giam-doc-so-gd-dt-2396452.html'}}, {'index': 2, 'code': 11000, 'errmsg': 'E11000 duplicate key error collection: News.giao-duc index: _id_ dup key: { _id: "https://vietnamnet.vn/thu-khoa-thi-lop-10-ha-noi-chi-cach-on-tap-lam-bai-thi-diem-cao-2397294.html" }', 'keyPattern': {'_id': 1}, 'keyValue': {'_id': 'https://vietnamnet.vn/thu-khoa-thi-lop-10-ha-noi-chi-cach-on-tap-lam-bai-thi-diem-cao-2397294.html'}, 'op': {'title': 'Thủ khoa thi lớp 10 Hà Nội chỉ cách ôn tập, làm bài thi điểm cao', 'author': 'Không có thông tin tác giả', 'publish_date': '2025-05-03T13:00:00.000 +07:00', 'views': None, 'tags': [], 'description': 'Thủ khoa thi lớp 10 Hà Nội năm 2024 Nguyễn Hoàng Minh Quân đã chia sẻ cách ôn tập, làm bài thi hiệu quả tới các sĩ tử ở mùa tuyển sinh lớp 10 năm nay.', 'main_image': 'https://static-images.vnncdn.net/vps_images_publish/000001/000003/2025/5/3/thu-khoa-thi-lop-10-ha-noi-chi-cach-on-tap-lam-bai-thi-diem-cao-53024.jpg?width=0&s=dRYc0UZHBhZNfaox87ZTlA', 'content': 'Thanh Hùng\n\nNguyễn Hoàng Minh Quân hiện là học sinh lớp 10A2 Tin của Trường THPT Chuyên Khoa học Tự nhiên (thuộc Trường ĐH Khoa học Tự nhiên - ĐH Quốc gia Hà Nội).\n\nỞ kỳ thi tuyển sinh vào lớp 10 năm 2024, Minh Quân trở thành thủ khoa với tổng điểm 48,5, trong đó Toán và Tiếng Anh đạt điểm 10; môn Ngữ văn đạt 9,25.\n\nNgoài ra, điểm môn Toán thi khối chuyên Tin ở kỳthi vào lớp 10chuyên của Hà Nội của Minh Quân là 8,25; môn chuyên Tiếng Anh 7,2.\n\nMinh Quân cũng trúng tuyển vào cả 2 khối chuyên Tin và chuyên Tiếng Anh của 3 trường chuyên, gồm: Khối chuyên Tin của Trường THPT Chuyên Khoa học Tự nhiên, khối chuyên Tin của Trường THPT Chuyên ĐH Sư phạm Hà Nội, khối chuyên Tiếng Anh của Trường THPT Chuyên Ngoại ngữ (thuộc Trường ĐH Ngoại ngữ - ĐH Quốc gia Hà Nội).\n\nChia sẻ vớiVietNamNet, Minh Quân cho hay, trong thời gian này, các sĩ tử cần hoàn thành đầy đủ các bài tập Toán, Văn, Anh trên lớp được thầy cô giao.\n\nCùng với đó, nên tìm thêm đề thi của các năm trước trên mạng hoặc sách tham khảo và tự bấm giờ rồi làm thử. “Việc luyện đề để biết được khả năng và kiến thức của mình đến đâu. Sau khi làm xong mỗi đề, nên xem đáp án để biết mình sai ở đâu, hổng kiến thức chỗ nào để bổ sung. Cứ mỗi lần làm đề như vậy, kiến thức sẽ dần được cải thiện. Ngoài ra, việc này còn giúp chúng ta biết cách phân bổ thời gian làm bài thi sao cho phù hợp và rèn luyện tâm lý vượt áp lực”, Minh Quân nói.\n\nNam sinh cho hay, với việc học thêm môn chuyên, không cần thiết phải học quá nhiều thầy cô, chỉ nên chọn một một nơi cảm thấy phù hợp. Thay vào đó, sĩ tử có thể dành thời gian để tự "cày cuốc” thêm.\n\nThủ khoa năm 2024 lưu ý các thí sinh dự thi lớp 10 năm nay chú ý dạng thức ra đề mới của Chương trình phổ thông 2018.\n\nKhi làm bài thi, ngoài kiến thức và giải được bài, thí sinh cần lưu ý trình bày rõ ý, đầy đủ nhất để hạn chế mất điểm.\n\n“Như môn Toán, các em cần lưu ý những tiểu tiết như điều kiện của biến; hay khi giải ra đáp số không phải đã xong mà còn cần câu kết luận”, Minh Quân nói.\n\nTrong quá trình làm bài, nếu thấy bài nào suy nghĩ lâu vẫn chưa ra cách làm thì cần chuyển sang bài khác và quay lại sau, nếu còn thời gian.\n\n“Vướng vào giải quyết một bài như vậy gây mất quá nhiều thời gian và khiến căng thẳng tâm lý. Thực ra đôi lúc không phải một bài nào đó khó hay dễ mà có thể do đúng thời điểm đầu óc mình căng thẳng. Nếu đã nghĩ một lúc, thấy bản thân rối cả đầu lên thì không nên cố tiếp ở vòng luẩn quẩn đó và nên chuyển sang bài khác. Khi mình giải quyết được bài khác, tinh thần tốt lên, có khi quay lại bài trước lại tìm ra cách giải. Nếu tâm lý căng thẳng quá, có thể thả bút, ngồi bình tĩnh một chút và uống một ngụm nước”, Minh Quân chia sẻ.\n\nVề mặt tâm lý, Minh Quân cho rằng, cần chuẩn bị một cách rất kỹ lưỡng. Những vật dụng phục vụ cho bài thi như thước kẻ, compa, máy tính… và giấy tờ cá nhân cần thiết cho thủ tục thi nên được chuẩn bị từ hôm trước, tránh để ngày thi mới bắt đầu cuống cuồng, rất dễ ảnh hưởng tâm lý. "Các em cũng lưu ý về điện thoại, phải cất trong cặp để ngoài khu vực thi, bởi rất dễ quên để trong túi quần và khi vào thi sẽ bị lập biên bản và không thể giải thích bằng bất cứ lý do gì”, Minh Quân chia sẻ.\n\nTrước ngày thi, các em cũng cần chủ động đặt báo thức căn giờ thức dậy.\n\nMột điều quan trọng nữa là nên đến điểm thi đúng giờ, thậm chí sớm hơn một chút để có thời gian ngồi ở phòng thi với tâm thế bình tĩnh. “Đến muộn rất dễ bị cuống, rất ảnh hưởng đến việc làm bài và kết quả thi”.\n\nThủ khoa thi lớp 10 Hà Nội năm 2024 cũng khuyên các sĩ tử năm nay không nên học quá nhiều vào những ngày sát kỳ thi. Nên dành thời gian thư giãn, thoải mái đầu óc. “Đến những ngày cuối thì việc học nhồi không được mấy nữa mà càng gây căng thẳng. Chúng ta nên tập trung học và ôn luyện cao độ ở giai đoạn nước rút, những ngày cuối trước thi chỉ nên học với cường độ nhẹ nhàng”, Minh Quân nói.\n\nNgoài thời gian học, để giải tỏa căng thẳng, thủ khoa năm 2024 vẫn duy trì sở thích bơi đều đặn đến sát ngày thi vào lớp 10.', 'url': 'https://vietnamnet.vn/thu-khoa-thi-lop-10-ha-noi-chi-cach-on-tap-lam-bai-thi-diem-cao-2397294.html', 'category': 'giao-duc', 'crawled_at': '2025-05-03T15:21:56.993671', '_id': 'https://vietnamnet.vn/thu-khoa-thi-lop-10-ha-noi-chi-cach-on-tap-lam-bai-thi-diem-cao-2397294.html'}}, {'index': 3, 'code': 11000, 'errmsg': 'E11000 duplicate key error collection: News.giao-duc index: _id_ dup key: { _id: "https://vietnamnet.vn/tre-khong-noi-chuyen-duoc-voi-cha-me-phai-lam-sao-2396191.html" }', 'keyPattern': {'_id': 1}, 'keyValue': {'_id': 'https://vietnamnet.vn/tre-khong-noi-chuyen-duoc-voi-cha-me-phai-lam-sao-2396191.html'}, 'op': {'title': "Trẻ 'không nói chuyện được với cha mẹ', phải làm sao?", 'author': 'Không có thông tin tác giả', 'publish_date': '2025-05-01T15:02:00.000 +07:00', 'views': None, 'tags': [], 'description': 'Không ít bạn trẻ chia sẻ không thể hoặc khó nói chuyện được với cha mẹ, bởi cảm thấy bị phán xét, thiếu sự tin tưởng. Vai trò của những người định hướng (mentor) trở nên cấp thiết.', 'main_image': 'https://static-images.vnncdn.net/vps_images_publish/000001/000003/2025/4/30/tre-khong-noi-chuyen-duoc-voi-cha-me-phai-lam-sao-69893.jpg?width=0&s=LzJG1rDBh6L9G2P2TFjeeA', 'content': 'Thanh Hùng\n\nKhi một lời chào hỏi cũng trở nên khó nói\n\nỞ lứa tuổi từ THCS đến THPT, học sinh trải qua một giai đoạn phát triển tâm sinh lý quan trọng và phức tạp. Ẩn sau những biểu hiện nổi loạn hay thu mình là một thực tế đáng lo ngại: nhiều em trải qua tổn thương tâm lý mà người lớn khó lòng thấu hiểu để can thiệp kịp thời.\n\nM.H. (học lớp 9 tại một trường THCS danh tiếng ở Hà Nội) từng là học sinh giỏi 6 năm liền. Nhưng từ đầu năm lớp 9, cậu bắt đầu thay đổi: điểm số giảm sút, ít tương tác với bạn bè, và gần như không giao tiếp với cha mẹ ngoài những câu trả lời cụt lủn.\n\n“Mỗi lần bố mẹ hỏi học hành thế nào, em thấy như bị chất vấn. Mọi thứ trong nhà đều xoay quanh việc học, nhưng không ai hỏi con có đang ổn không. Em không dám chia sẻ đang áp lực, vì sợ bị nói là yếu đuối”, M.H chia sẻ.\n\nM.H không phản ứng bằng cãi vã hay chống đối - em chỉ dần im lặng. Trong mắt cha mẹ, đó là sự vô tâm nhưng với M.H đó là cách duy nhất để bảo vệ bản thân khỏi tổn thương.\n\nKhông chỉ M.H, nhiều học sinh chia sẻ cảm giác “không thể nói chuyện được với cha mẹ”, cảm thấy bị phán xét, không được tin tưởng. Một số em đối mặt với sự cô lập trong nhóm bạn, bạo lực học đường tinh vi trên mạng xã hội, hoặc đơn giản là cảm giác không thuộc về bất kỳ đâu. Những cảm xúc âm thầm ấy nếu không được giải tỏa, có thể tích tụ thành lo âu, trầm cảm và dẫn tới hậu quả lâu dài cho sự phát triển nhân cách.\n\nSong, trong khi các em khao khát được lắng nghe và tôn trọng, môi trường học đường và gia đình lại thường đề cao kỷ luật và thành tích, khiến sự thấu cảm bị đánh đổi bằng kỳ vọng. Không ít học sinh có biểu hiện “vô kỷ luật”, “thiếu động lực” hay “nổi loạn” nhưng thực chất các em đang gửi đi tín hiệu cầu cứu dưới dạng hành vi.\n\nPGS.TS Trần Thành Nam, Phó Hiệu trưởng Trường ĐH Giáo dục (ĐH Quốc gia Hà Nội), nhận định, trong bối cảnh giới trẻ ngày càng có xu hướng né tránh các cam kết nghiêm túc và dễ xem nhẹ những giá trị cốt lõi như kỷ luật, lòng biết ơn hay sự chuyên nghiệp, vai trò của người định hướng (mentor) trở nên thiết yếu hơn bao giờ hết.\n\nTheo ông, mentor là người đóng vai trò như “ngọn hải đăng” - không chỉ giúp học sinh nhận diện giá trị bản thân và xây dựng tinh thần trách nhiệm, mà còn tạo không gian cởi mở để các em dám chia sẻ mà không lo bị phán xét. Không giống vai trò giám sát của cha mẹ hay giáo viên, mentor đồng hành với học sinh bằng sự tôn trọng và bình đẳng, từ đó giúp các em hiểu rằng tự do không đồng nghĩa với dễ dãi, và trí tuệ chỉ thực sự có giá trị khi đi cùng với tử tế và kỷ luật.\n\nNhững mentor không chỉ dạy kỹ năng, mà còn truyền cảm hứng để trẻ noi theo. Mentor dù không thay thế được vai trò của cha mẹ, nhưng có thể hỗ trợ bằng cách trở thành hình mẫu tích cực cho trẻ. Họ có thể dạy trẻ cách tự quản lý cảm xúc, ra quyết định có trách nhiệm, và hiểu rằng mỗi lựa chọn đều có hậu quả.\n\n“Một mentor có thể hướng dẫn trẻ lập kế hoạch công việc nhỏ, từ đó nhận ra giá trị của sự kỷ luật và cam kết. Họ cũng có thể khuyến khích trẻ tham gia các hoạt động nhóm để học cách tôn trọng nỗ lực của người khác, thay vì chỉ tập trung vào cái tôi cá nhân”, ông Nam lấy ví dụ.\n\nĐể trẻ không phải “tự lớn lên” thiếu định hướng\n\nTrước thực trạng này, cô Hà Minh, người sáng lập Mentors14 (chương trình cố vấn phát triển bản thân Mentoring 1:1) cho rằng học sinh cần được đồng hành như với một con người toàn vẹn, không chỉ ở nghĩa “người học”.\n\n“Tôi tin rằng mọi học sinh đều mang trong mình tiềm năng phát triển tích cực, nhưng các em cần được lắng nghe, được nhìn nhận như một con người với đầy đủ cảm xúc, nỗi sợ, khát khao và giới hạn. Chỉ khi có một người đồng hành đủ tin cậy, các em mới dám nhìn thẳng vào những vấn đề cá nhân để vượt qua”, cô Minh nói.\n\nTheo cô Hà Minh, giải pháp không nằm ở việc bổ sung kỹ năng hay tăng cường kiểm soát, mà bắt đầu từ việc khơi gợi sự hiểu biết bên trong các em - về bản thân, cảm xúc và về con đường các em muốn bước tiếp. “Trong mối quan hệ mentor (người cố vấn) - mentee (người được cố vấn), sự tin tưởng là điều cốt lõi. Từ đó, mentor không chỉ đóng vai trò định hướng học tập, mà còn giúp học sinh xây dựng năng lực tự nhận thức, khả năng biểu đạt cảm xúc lành mạnh, và ý thức về giá trị cá nhân”.\n\nCô Hà Minh cho hay, hiện, các chương trình cố vấn tại Mentors14 không đơn thuần giúp học sinh đạt điểm số tốt hơn. Quan trọng hơn, các em học cách trả lời câu hỏi "Mình là ai?", "Mình có thể làm được gì?" và "Thực sự muốn điều gì cho cuộc sống của mình?". Đây là nền tảng để hình thành một cá nhân tự chủ, hiểu rõ mình, đủ sức đối mặt với thay đổi và có trách nhiệm với cộng đồng.\n\nCô Hà Minh nhấn mạnh: “Giáo dục thực sự không chỉ tạo ra những người giỏi kiến thức, mà là giúp mỗi học sinh trở thành một con người có nhân cách, có khả năng kết nối với chính mình và với xã hội. Mentoring không thay thế cha mẹ hay nhà trường, mà là phần kết nối còn thiếu - lặng lẽ nhưng thiết yếu - trong hành trình lớn lên của các em. Để hướng tới một nền giáo dục toàn diện, việc đồng hành tâm lý cùng học sinh ở tuổi dậy thì cần được nhìn nhận là một phần thiết yếu. Cần có sự phối hợp giữa gia đình, nhà trường và các đơn vị chuyên môn - không chỉ nhằm giúp học sinh vượt qua giai đoạn “mất phương hướng”, mà quan trọng hơn, các em phát triển bản lĩnh và nội lực để làm chủ cuộc sống”.', 'url': 'https://vietnamnet.vn/tre-khong-noi-chuyen-duoc-voi-cha-me-phai-lam-sao-2396191.html', 'category': 'giao-duc', 'crawled_at': '2025-05-03T15:22:01.306969', '_id': 'https://vietnamnet.vn/tre-khong-noi-chuyen-duoc-voi-cha-me-phai-lam-sao-2396191.html'}}, {'index': 4, 'code': 11000, 'errmsg': 'E11000 duplicate key error collection: News.giao-duc index: _id_ dup key: { _id: "https://vietnamnet.vn/dh-cong-nghe-tphcm-xu-ly-sinh-vien-vo-le-voi-cuu-chien-binh-xem-dieu-binh-30-4-2397312.html" }', 'keyPattern': {'_id': 1}, 'keyValue': {'_id': 'https://vietnamnet.vn/dh-cong-nghe-tphcm-xu-ly-sinh-vien-vo-le-voi-cuu-chien-binh-xem-dieu-binh-30-4-2397312.html'}, 'op': {'title': 'Thêm một đại học xử lý sinh viên vô lễ với cựu chiến binh đi xem diễu binh 30/4', 'author': 'Không có thông tin tác giả', 'publish_date': '2025-05-03T14:40:08.000 +07:00', 'views': None, 'tags': [], 'description': 'Trường Đại học Công nghệ TPHCM xác nhận, có sinh viên của trường xuất hiện trong đoạn clip ứng xử thiếu chuẩn mực với cựu chiến binh trong lễ diễu binh 30/4', 'main_image': 'https://static-images.vnncdn.net/vps_images_publish/000001/000003/2025/5/3/4-66080.jpg?width=0&s=h2IZipE-kLDgmuTNUwepow', 'content': 'Lê Huyền\n\nLiên quan đến vụ việc một số sinh viên có hành vi ứng xử thiếu chuẩn mực với các cựu chiến binh trong lúc tham dự lễ diễu binh kỷ niệm 50 năm thống nhất đất nước sáng 30/4, Trường Đại học Công nghệ TPHCM xác nhận: Qua rà soát, bước đầu đã xác định cósinh viêncủa trường xuất hiện trong đoạn clip lan truyền trên mạng xã hội.\n\nHiện nay, sinh viên đã gửi lời xin lỗi chân thành đến các cựu chiến binh và cộng đồng xã hội, đồng thời bày tỏ sự hối hận sâu sắc về hành vi sai trái của mình và xin cơ hội để trưởng thành hơn sau sai lầm.\n\nTS Nguyễn Quốc Anh, Phó Hiệu trưởng nhà trường, nhận định sự việc lần này là một lời cảnh tỉnh nghiêm túc về ý thức ứng xử nơi công cộng, đặc biệt trong những không gian, thời khắc thiêng liêng gắn với truyền thống dân tộc.\n\n“Nhà trường sẽ xử lý theo đúng quy định hiện hành của Bộ GD-ĐT, đồng thời áp dụng biện pháp giáo dục phù hợp để sinh viên có cơ hội sửa sai, trưởng thành, trở thành người có trách nhiệm hơn với cộng đồng và đất nước”, TS Nguyễn Quốc Anh nói.\n\nTheo ông Quốc Anh, nhà trường là một cơ sở giáo dục đào tạo đa ngành, định hướng ứng dụng với tôn chỉ “tri thức - đạo đức - sáng tạo” và mục tiêu giúp người học phát triển toàn diện. 30 năm qua, trường không ngừng chú trọng xây dựng môi trường học tập văn minh, hiện đại, đặc biệt coi trọng nền tảng đạo đức cùng kỹ năng giao tiếp ứng xử, tinh thần trách nhiệm công dân bên cạnh kiến thức chuyên môn, đảm bảo giữ hình ảnh sinh viên tích cực và truyền cảm hứng cho cộng đồng.\n\n“Thông qua sự việc, chúng tôi mong muốn mỗi sinh viên của trường và rộng hơn, mỗi người trẻ hôm nay - hãy nhìn nhận lại ý thức trách nhiệm cá nhân trong hành vi, lời nói nơi công cộng. Trong thời đại mà mọi hành vi có thể bị ghi lại và lan truyền chỉ trong vài giây thì văn hóa ứng xử, lòng biết ơn và sự tôn trọng không chỉ là điều nên có, mà là điều bắt buộc phải có. Đừng để một phút nóng giận, thiếu kiểm soát, đánh đổi cả hình ảnh cá nhân và gây tổn thương đến cộng đồng”, TS Nguyễn Quốc Anh bày tỏ.\n\nTrước đó, sinh viên Trường Đại học Văn Lang cũng bị tố có những hành vi bất kính, vô lễ với cựu chiến binh khi đi xem diễu binh trong đại lễ 30/4. Phía trường này đã họp khẩn để xử lý và khẳng định không đồng tình với những hành vi thiếu chuẩn mực của một cá nhân, gây ảnh hưởng tiêu cực đến hình ảnh tích cực chung của cộng đồng sinh viên và không đại diện cho Trường Đại học Văn Lang. Nhà trường sẽ xử lý vụ việc theo đúng các quy định, quy chế công tác sinh viên của Bộ GD-ĐT.', 'url': 'https://vietnamnet.vn/dh-cong-nghe-tphcm-xu-ly-sinh-vien-vo-le-voi-cuu-chien-binh-xem-dieu-binh-30-4-2397312.html', 'category': 'giao-duc', 'crawled_at': '2025-05-03T15:22:05.618811', '_id': 'https://vietnamnet.vn/dh-cong-nghe-tphcm-xu-ly-sinh-vien-vo-le-voi-cuu-chien-binh-xem-dieu-binh-30-4-2397312.html'}}], 'writeConcernErrors': [], 'nInserted': 0, 'nUpserted': 0, 'nMatched': 0, 'nModified': 0, 'nRemoved': 0, 'upserted': []}
[2025-05-03T15:22:06.983+0000] {python.py:237} INFO - Done. Returned value was: None
[2025-05-03T15:22:06.984+0000] {taskinstance.py:441} INFO - ::group::Post task execution logs
[2025-05-03T15:22:06.991+0000] {taskinstance.py:1206} INFO - Marking task as SUCCESS. dag_id=vietnamnet_multi_category_crawler, task_id=crawl_giao-duc, run_id=scheduled__2025-05-02T00:00:00+00:00, execution_date=20250502T000000, start_date=20250503T152141, end_date=20250503T152206
[2025-05-03T15:22:07.071+0000] {local_task_job_runner.py:240} INFO - Task exited with return code 0
[2025-05-03T15:22:07.085+0000] {taskinstance.py:3503} INFO - 1 downstream tasks scheduled from follow-on schedule check
[2025-05-03T15:22:07.089+0000] {local_task_job_runner.py:222} INFO - ::endgroup::
[2025-05-03T15:28:24.317+0000] {local_task_job_runner.py:120} INFO - ::group::Pre task execution logs
[2025-05-03T15:28:24.338+0000] {taskinstance.py:2076} INFO - Dependencies all met for dep_context=non-requeueable deps ti=<TaskInstance: vietnamnet_multi_category_crawler.crawl_giao-duc scheduled__2025-05-02T00:00:00+00:00 [queued]>
[2025-05-03T15:28:24.346+0000] {taskinstance.py:2076} INFO - Dependencies all met for dep_context=requeueable deps ti=<TaskInstance: vietnamnet_multi_category_crawler.crawl_giao-duc scheduled__2025-05-02T00:00:00+00:00 [queued]>
[2025-05-03T15:28:24.347+0000] {taskinstance.py:2306} INFO - Starting attempt 1 of 2
[2025-05-03T15:28:24.361+0000] {taskinstance.py:2330} INFO - Executing <Task(PythonOperator): crawl_giao-duc> on 2025-05-02 00:00:00+00:00
[2025-05-03T15:28:24.367+0000] {warnings.py:112} WARNING - /home/***/.local/lib/python3.12/site-packages/***/task/task_runner/standard_task_runner.py:61: DeprecationWarning: This process (pid=5344) is multi-threaded, use of fork() may lead to deadlocks in the child.
  pid = os.fork()

[2025-05-03T15:28:24.369+0000] {standard_task_runner.py:63} INFO - Started process 5346 to run task
[2025-05-03T15:28:24.369+0000] {standard_task_runner.py:90} INFO - Running: ['***', 'tasks', 'run', 'vietnamnet_multi_category_crawler', 'crawl_giao-duc', 'scheduled__2025-05-02T00:00:00+00:00', '--job-id', '9', '--raw', '--subdir', 'DAGS_FOLDER/dags.py', '--cfg-path', '/tmp/tmp3kwai_2_']
[2025-05-03T15:28:24.371+0000] {standard_task_runner.py:91} INFO - Job 9: Subtask crawl_giao-duc
[2025-05-03T15:28:24.423+0000] {task_command.py:426} INFO - Running <TaskInstance: vietnamnet_multi_category_crawler.crawl_giao-duc scheduled__2025-05-02T00:00:00+00:00 [running]> on host 35c23d20a97a
[2025-05-03T15:28:24.505+0000] {taskinstance.py:2648} INFO - Exporting env vars: AIRFLOW_CTX_DAG_OWNER='***' AIRFLOW_CTX_DAG_ID='vietnamnet_multi_category_crawler' AIRFLOW_CTX_TASK_ID='crawl_giao-duc' AIRFLOW_CTX_EXECUTION_DATE='2025-05-02T00:00:00+00:00' AIRFLOW_CTX_TRY_NUMBER='1' AIRFLOW_CTX_DAG_RUN_ID='scheduled__2025-05-02T00:00:00+00:00'
[2025-05-03T15:28:24.507+0000] {taskinstance.py:430} INFO - ::endgroup::
[2025-05-03T15:28:25.184+0000] {logging_mixin.py:188} INFO - [INIT].... → Crawl4AI 0.6.2
[2025-05-03T15:28:28.949+0000] {logging_mixin.py:188} INFO - [FETCH]... ↓ https://vietnamnet.vn/giao-duc                                                                       | 
[2025-05-03T15:28:28.950+0000] {logging_mixin.py:188} INFO - ✓
[2025-05-03T15:28:28.951+0000] {logging_mixin.py:188} INFO -  | ⏱: 3.68s
[2025-05-03T15:28:29.265+0000] {logging_mixin.py:188} INFO - [SCRAPE].. ◆ https://vietnamnet.vn/giao-duc                                                                       | 
[2025-05-03T15:28:29.266+0000] {logging_mixin.py:188} INFO - ✓
[2025-05-03T15:28:29.267+0000] {logging_mixin.py:188} INFO -  | ⏱: 0.31s
[2025-05-03T15:28:29.268+0000] {logging_mixin.py:188} INFO - [COMPLETE] ● https://vietnamnet.vn/giao-duc                                                                       | 
[2025-05-03T15:28:29.268+0000] {logging_mixin.py:188} INFO - ✓
[2025-05-03T15:28:29.269+0000] {logging_mixin.py:188} INFO -  | ⏱: 4.00s
[2025-05-03T15:28:29.406+0000] {logging_mixin.py:188} INFO - Tìm thấy 57 link bài viết (trước khi lọc trùng trong DB)
[2025-05-03T15:28:30.390+0000] {logging_mixin.py:188} INFO - 47 bài viết mới cần crawl
[2025-05-03T15:28:30.534+0000] {logging_mixin.py:188} INFO - Đang crawl 5 bài viết từ danh mục giao-duc...
[2025-05-03T15:28:30.535+0000] {logging_mixin.py:188} INFO - --> Crawl: https://vietnamnet.vn/bai-mau-viet-thu-upu-lan-thu-54-nam-2025-dong-vai-dai-duong-2377078.html
[2025-05-03T15:28:31.133+0000] {logging_mixin.py:188} INFO - [INIT].... → Crawl4AI 0.6.2
[2025-05-03T15:28:34.789+0000] {logging_mixin.py:188} INFO - [FETCH]... ↓ https://vietnamnet.vn/bai-mau-viet-thu-upu-lan-thu-54-nam-2025-dong-vai-dai-duong-2377078.html       | 
[2025-05-03T15:28:34.790+0000] {logging_mixin.py:188} INFO - ✓
[2025-05-03T15:28:34.791+0000] {logging_mixin.py:188} INFO -  | ⏱: 3.57s
[2025-05-03T15:28:35.048+0000] {logging_mixin.py:188} INFO - [SCRAPE].. ◆ https://vietnamnet.vn/bai-mau-viet-thu-upu-lan-thu-54-nam-2025-dong-vai-dai-duong-2377078.html       | 
[2025-05-03T15:28:35.049+0000] {logging_mixin.py:188} INFO - ✓
[2025-05-03T15:28:35.049+0000] {logging_mixin.py:188} INFO -  | ⏱: 0.26s
[2025-05-03T15:28:35.050+0000] {logging_mixin.py:188} INFO - [COMPLETE] ● https://vietnamnet.vn/bai-mau-viet-thu-upu-lan-thu-54-nam-2025-dong-vai-dai-duong-2377078.html       | 
[2025-05-03T15:28:35.051+0000] {logging_mixin.py:188} INFO - ✓
[2025-05-03T15:28:35.052+0000] {logging_mixin.py:188} INFO -  | ⏱: 3.83s
[2025-05-03T15:28:35.598+0000] {logging_mixin.py:188} INFO -     ✓ Bài mẫu viết thư UPU lần thứ 54 năm 2025: Đóng vai đại dương...
[2025-05-03T15:28:35.599+0000] {logging_mixin.py:188} INFO - --> Crawl: https://vietnamnet.vn/nu-sinh-truong-ams-gianh-hoc-bong-hiem-tai-dai-hoc-australia-2395166.html
[2025-05-03T15:28:36.174+0000] {logging_mixin.py:188} INFO - [INIT].... → Crawl4AI 0.6.2
[2025-05-03T15:28:40.129+0000] {logging_mixin.py:188} INFO - [FETCH]... ↓ https://vietnamnet.vn/nu-sinh-truong-ams-gianh-hoc-bong-hiem-tai-dai-hoc-australia-2395166.html      | 
[2025-05-03T15:28:40.130+0000] {logging_mixin.py:188} INFO - ✓
[2025-05-03T15:28:40.131+0000] {logging_mixin.py:188} INFO -  | ⏱: 3.87s
[2025-05-03T15:28:40.385+0000] {logging_mixin.py:188} INFO - [SCRAPE].. ◆ https://vietnamnet.vn/nu-sinh-truong-ams-gianh-hoc-bong-hiem-tai-dai-hoc-australia-2395166.html      | 
[2025-05-03T15:28:40.386+0000] {logging_mixin.py:188} INFO - ✓
[2025-05-03T15:28:40.387+0000] {logging_mixin.py:188} INFO -  | ⏱: 0.25s
[2025-05-03T15:28:40.388+0000] {logging_mixin.py:188} INFO - [COMPLETE] ● https://vietnamnet.vn/nu-sinh-truong-ams-gianh-hoc-bong-hiem-tai-dai-hoc-australia-2395166.html      | 
[2025-05-03T15:28:40.388+0000] {logging_mixin.py:188} INFO - ✓
[2025-05-03T15:28:40.389+0000] {logging_mixin.py:188} INFO -  | ⏱: 4.13s
[2025-05-03T15:28:40.780+0000] {logging_mixin.py:188} INFO -     ✓ Nữ sinh trường Amsterdam giành học bổng 'hiếm' tại đại học A...
[2025-05-03T15:28:40.781+0000] {logging_mixin.py:188} INFO - --> Crawl: https://vietnamnet.vn/kiem-diem-5-giao-vien-o-ha-noi-vi-pham-day-them-dung-hoat-dong-trung-tam-2396744.html
[2025-05-03T15:28:41.426+0000] {logging_mixin.py:188} INFO - [INIT].... → Crawl4AI 0.6.2
[2025-05-03T15:28:45.884+0000] {logging_mixin.py:188} INFO - [FETCH]... ↓ https://vietnamnet.vn/kiem-diem-5-giao-vien-o-ha...m-day-them-dung-hoat-dong-trung-tam-2396744.html  | 
[2025-05-03T15:28:45.885+0000] {logging_mixin.py:188} INFO - ✓
[2025-05-03T15:28:45.886+0000] {logging_mixin.py:188} INFO -  | ⏱: 4.37s
[2025-05-03T15:28:46.242+0000] {logging_mixin.py:188} INFO - [SCRAPE].. ◆ https://vietnamnet.vn/kiem-diem-5-giao-vien-o-ha...m-day-them-dung-hoat-dong-trung-tam-2396744.html  | 
[2025-05-03T15:28:46.243+0000] {logging_mixin.py:188} INFO - ✓
[2025-05-03T15:28:46.243+0000] {logging_mixin.py:188} INFO -  | ⏱: 0.35s
[2025-05-03T15:28:46.244+0000] {logging_mixin.py:188} INFO - [COMPLETE] ● https://vietnamnet.vn/kiem-diem-5-giao-vien-o-ha...m-day-them-dung-hoat-dong-trung-tam-2396744.html  | 
[2025-05-03T15:28:46.245+0000] {logging_mixin.py:188} INFO - ✓
[2025-05-03T15:28:46.245+0000] {logging_mixin.py:188} INFO -  | ⏱: 4.73s
[2025-05-03T15:28:46.807+0000] {logging_mixin.py:188} INFO -     ✓ 5 giáo viên ở Hà Nội bị kiểm điểm do vi phạm dạy thêm, dừng ...
[2025-05-03T15:28:46.808+0000] {logging_mixin.py:188} INFO - --> Crawl: https://vietnamnet.vn/nu-ky-su-dung-sau-tham-vong-thach-thuc-boeing-va-airbus-cua-trung-quoc-2393020.html
[2025-05-03T15:28:47.702+0000] {logging_mixin.py:188} INFO - [INIT].... → Crawl4AI 0.6.2
[2025-05-03T15:28:52.915+0000] {logging_mixin.py:188} INFO - [FETCH]... ↓ https://vietnamnet.vn/nu-ky-su-dung-sau-tham-von...huc-boeing-va-airbus-cua-trung-quoc-2393020.html  | 
[2025-05-03T15:28:52.916+0000] {logging_mixin.py:188} INFO - ✓
[2025-05-03T15:28:52.917+0000] {logging_mixin.py:188} INFO -  | ⏱: 5.07s
[2025-05-03T15:28:53.233+0000] {logging_mixin.py:188} INFO - [SCRAPE].. ◆ https://vietnamnet.vn/nu-ky-su-dung-sau-tham-von...huc-boeing-va-airbus-cua-trung-quoc-2393020.html  | 
[2025-05-03T15:28:53.234+0000] {logging_mixin.py:188} INFO - ✓
[2025-05-03T15:28:53.234+0000] {logging_mixin.py:188} INFO -  | ⏱: 0.31s
[2025-05-03T15:28:53.235+0000] {logging_mixin.py:188} INFO - [COMPLETE] ● https://vietnamnet.vn/nu-ky-su-dung-sau-tham-von...huc-boeing-va-airbus-cua-trung-quoc-2393020.html  | 
[2025-05-03T15:28:53.236+0000] {logging_mixin.py:188} INFO - ✓
[2025-05-03T15:28:53.237+0000] {logging_mixin.py:188} INFO -  | ⏱: 5.39s
[2025-05-03T15:28:53.764+0000] {logging_mixin.py:188} INFO -     ✓ Nữ kỹ sư phát triển loại máy bay thách thức các 'ông lớn' ph...
[2025-05-03T15:28:53.765+0000] {logging_mixin.py:188} INFO - --> Crawl: https://vietnamnet.vn/phi-doi-quyet-thang-trong-chien-dich-ho-chi-minh-co-bao-nhieu-phi-cong-2396055.html
[2025-05-03T15:28:54.658+0000] {logging_mixin.py:188} INFO - [INIT].... → Crawl4AI 0.6.2
[2025-05-03T15:28:59.030+0000] {logging_mixin.py:188} INFO - [FETCH]... ↓ https://vietnamnet.vn/phi-doi-quyet-thang-trong-...h-ho-chi-minh-co-bao-nhieu-phi-cong-2396055.html  | 
[2025-05-03T15:28:59.031+0000] {logging_mixin.py:188} INFO - ✓
[2025-05-03T15:28:59.032+0000] {logging_mixin.py:188} INFO -  | ⏱: 4.23s
[2025-05-03T15:28:59.371+0000] {logging_mixin.py:188} INFO - [SCRAPE].. ◆ https://vietnamnet.vn/phi-doi-quyet-thang-trong-...h-ho-chi-minh-co-bao-nhieu-phi-cong-2396055.html  | 
[2025-05-03T15:28:59.372+0000] {logging_mixin.py:188} INFO - ✓
[2025-05-03T15:28:59.373+0000] {logging_mixin.py:188} INFO -  | ⏱: 0.34s
[2025-05-03T15:28:59.375+0000] {logging_mixin.py:188} INFO - [COMPLETE] ● https://vietnamnet.vn/phi-doi-quyet-thang-trong-...h-ho-chi-minh-co-bao-nhieu-phi-cong-2396055.html  | 
[2025-05-03T15:28:59.375+0000] {logging_mixin.py:188} INFO - ✓
[2025-05-03T15:28:59.376+0000] {logging_mixin.py:188} INFO -  | ⏱: 4.58s
[2025-05-03T15:29:00.052+0000] {logging_mixin.py:188} INFO -     ✓ Phi đội Quyết thắng trong Chiến dịch Hồ Chí Minh có bao nhiê...
[2025-05-03T15:29:00.053+0000] {logging_mixin.py:188} INFO - ⏱️  Tổng thời gian crawl: 35.53 giây
[2025-05-03T15:29:01.041+0000] {logging_mixin.py:188} INFO - Đã lưu 5 bài viết vào collection 'giao-duc'
[2025-05-03T15:29:01.109+0000] {python.py:237} INFO - Done. Returned value was: None
[2025-05-03T15:29:01.110+0000] {taskinstance.py:441} INFO - ::group::Post task execution logs
[2025-05-03T15:29:01.118+0000] {taskinstance.py:1206} INFO - Marking task as SUCCESS. dag_id=vietnamnet_multi_category_crawler, task_id=crawl_giao-duc, run_id=scheduled__2025-05-02T00:00:00+00:00, execution_date=20250502T000000, start_date=20250503T152824, end_date=20250503T152901
[2025-05-03T15:29:01.156+0000] {local_task_job_runner.py:240} INFO - Task exited with return code 0
[2025-05-03T15:29:01.176+0000] {taskinstance.py:3503} INFO - 1 downstream tasks scheduled from follow-on schedule check
[2025-05-03T15:29:01.178+0000] {local_task_job_runner.py:222} INFO - ::endgroup::
[2025-05-03T15:39:39.404+0000] {local_task_job_runner.py:120} INFO - ::group::Pre task execution logs
[2025-05-03T15:39:39.449+0000] {taskinstance.py:2076} INFO - Dependencies all met for dep_context=non-requeueable deps ti=<TaskInstance: vietnamnet_multi_category_crawler.crawl_giao-duc scheduled__2025-05-02T00:00:00+00:00 [queued]>
[2025-05-03T15:39:39.463+0000] {taskinstance.py:2076} INFO - Dependencies all met for dep_context=requeueable deps ti=<TaskInstance: vietnamnet_multi_category_crawler.crawl_giao-duc scheduled__2025-05-02T00:00:00+00:00 [queued]>
[2025-05-03T15:39:39.464+0000] {taskinstance.py:2306} INFO - Starting attempt 1 of 2
[2025-05-03T15:39:39.489+0000] {taskinstance.py:2330} INFO - Executing <Task(PythonOperator): crawl_giao-duc> on 2025-05-02 00:00:00+00:00
[2025-05-03T15:39:39.500+0000] {warnings.py:112} WARNING - /home/***/.local/lib/python3.12/site-packages/***/task/task_runner/standard_task_runner.py:61: DeprecationWarning: This process (pid=167) is multi-threaded, use of fork() may lead to deadlocks in the child.
  pid = os.fork()

[2025-05-03T15:39:39.503+0000] {standard_task_runner.py:63} INFO - Started process 175 to run task
[2025-05-03T15:39:39.506+0000] {standard_task_runner.py:90} INFO - Running: ['***', 'tasks', 'run', 'vietnamnet_multi_category_crawler', 'crawl_giao-duc', 'scheduled__2025-05-02T00:00:00+00:00', '--job-id', '5', '--raw', '--subdir', 'DAGS_FOLDER/dags.py', '--cfg-path', '/tmp/tmpykdo8nr8']
[2025-05-03T15:39:39.515+0000] {standard_task_runner.py:91} INFO - Job 5: Subtask crawl_giao-duc
[2025-05-03T15:39:39.644+0000] {task_command.py:426} INFO - Running <TaskInstance: vietnamnet_multi_category_crawler.crawl_giao-duc scheduled__2025-05-02T00:00:00+00:00 [running]> on host 4b7373746518
[2025-05-03T15:39:39.854+0000] {taskinstance.py:2648} INFO - Exporting env vars: AIRFLOW_CTX_DAG_OWNER='***' AIRFLOW_CTX_DAG_ID='vietnamnet_multi_category_crawler' AIRFLOW_CTX_TASK_ID='crawl_giao-duc' AIRFLOW_CTX_EXECUTION_DATE='2025-05-02T00:00:00+00:00' AIRFLOW_CTX_TRY_NUMBER='1' AIRFLOW_CTX_DAG_RUN_ID='scheduled__2025-05-02T00:00:00+00:00'
[2025-05-03T15:39:39.856+0000] {taskinstance.py:430} INFO - ::endgroup::
[2025-05-03T15:39:41.927+0000] {logging_mixin.py:188} INFO - [INIT].... → Crawl4AI 0.6.2
[2025-05-03T15:39:53.228+0000] {logging_mixin.py:188} INFO - [FETCH]... ↓ https://vietnamnet.vn/giao-duc                                                                       | 
[2025-05-03T15:39:53.229+0000] {logging_mixin.py:188} INFO - ✓
[2025-05-03T15:39:53.230+0000] {logging_mixin.py:188} INFO -  | ⏱: 11.00s
[2025-05-03T15:39:54.288+0000] {logging_mixin.py:188} INFO - [SCRAPE].. ◆ https://vietnamnet.vn/giao-duc                                                                       | 
[2025-05-03T15:39:54.301+0000] {logging_mixin.py:188} INFO - ✓
[2025-05-03T15:39:54.303+0000] {logging_mixin.py:188} INFO -  | ⏱: 1.06s
[2025-05-03T15:39:54.305+0000] {logging_mixin.py:188} INFO - [COMPLETE] ● https://vietnamnet.vn/giao-duc                                                                       | 
[2025-05-03T15:39:54.306+0000] {logging_mixin.py:188} INFO - ✓
[2025-05-03T15:39:54.307+0000] {logging_mixin.py:188} INFO -  | ⏱: 12.08s
[2025-05-03T15:39:54.710+0000] {logging_mixin.py:188} INFO - Tìm thấy 57 link bài viết
[2025-05-03T15:39:55.054+0000] {logging_mixin.py:188} INFO - Đang crawl 5 bài viết từ danh mục giao-duc...
[2025-05-03T15:39:55.057+0000] {logging_mixin.py:188} INFO - --> Crawl: https://vietnamnet.vn/5-nam-dau-sau-1975-tphcm-co-4-giam-doc-so-gd-dt-2396452.html
[2025-05-03T15:39:56.825+0000] {logging_mixin.py:188} INFO - [INIT].... → Crawl4AI 0.6.2
[2025-05-03T15:40:11.386+0000] {logging_mixin.py:188} INFO - [FETCH]... ↓ https://vietnamnet.vn/5-nam-dau-sau-1975-tphcm-co-4-giam-doc-so-gd-dt-2396452.html                   | 
[2025-05-03T15:40:11.387+0000] {logging_mixin.py:188} INFO - ✓
[2025-05-03T15:40:11.388+0000] {logging_mixin.py:188} INFO -  | ⏱: 14.35s
[2025-05-03T15:40:12.164+0000] {logging_mixin.py:188} INFO - [SCRAPE].. ◆ https://vietnamnet.vn/5-nam-dau-sau-1975-tphcm-co-4-giam-doc-so-gd-dt-2396452.html                   | 
[2025-05-03T15:40:12.166+0000] {logging_mixin.py:188} INFO - ✓
[2025-05-03T15:40:12.169+0000] {logging_mixin.py:188} INFO -  | ⏱: 0.77s
[2025-05-03T15:40:12.179+0000] {logging_mixin.py:188} INFO - [COMPLETE] ● https://vietnamnet.vn/5-nam-dau-sau-1975-tphcm-co-4-giam-doc-so-gd-dt-2396452.html                   | 
[2025-05-03T15:40:12.182+0000] {logging_mixin.py:188} INFO - ✓
[2025-05-03T15:40:12.183+0000] {logging_mixin.py:188} INFO -  | ⏱: 15.15s
[2025-05-03T15:40:15.225+0000] {logging_mixin.py:188} INFO -     ✓ 5 năm đầu sau 1975, TPHCM có 4 Giám đốc Sở GD-ĐT...
[2025-05-03T15:40:15.226+0000] {logging_mixin.py:188} INFO - --> Crawl: https://vietnamnet.vn/kiem-diem-5-giao-vien-o-ha-noi-vi-pham-day-them-dung-hoat-dong-trung-tam-2396744.html
[2025-05-03T15:40:16.749+0000] {logging_mixin.py:188} INFO - [INIT].... → Crawl4AI 0.6.2
[2025-05-03T16:56:22.879+0000] {local_task_job_runner.py:120} INFO - ::group::Pre task execution logs
[2025-05-03T16:56:22.901+0000] {taskinstance.py:2076} INFO - Dependencies all met for dep_context=non-requeueable deps ti=<TaskInstance: vietnamnet_multi_category_crawler.crawl_giao-duc scheduled__2025-05-02T00:00:00+00:00 [queued]>
[2025-05-03T16:56:22.909+0000] {taskinstance.py:2076} INFO - Dependencies all met for dep_context=requeueable deps ti=<TaskInstance: vietnamnet_multi_category_crawler.crawl_giao-duc scheduled__2025-05-02T00:00:00+00:00 [queued]>
[2025-05-03T16:56:22.910+0000] {taskinstance.py:2306} INFO - Starting attempt 1 of 2
[2025-05-03T16:56:22.922+0000] {taskinstance.py:2330} INFO - Executing <Task(PythonOperator): crawl_giao-duc> on 2025-05-02 00:00:00+00:00
[2025-05-03T16:56:22.928+0000] {warnings.py:112} WARNING - /home/***/.local/lib/python3.12/site-packages/***/task/task_runner/standard_task_runner.py:61: DeprecationWarning: This process (pid=6955) is multi-threaded, use of fork() may lead to deadlocks in the child.
  pid = os.fork()

[2025-05-03T16:56:22.930+0000] {standard_task_runner.py:63} INFO - Started process 6957 to run task
[2025-05-03T16:56:22.930+0000] {standard_task_runner.py:90} INFO - Running: ['***', 'tasks', 'run', 'vietnamnet_multi_category_crawler', 'crawl_giao-duc', 'scheduled__2025-05-02T00:00:00+00:00', '--job-id', '10', '--raw', '--subdir', 'DAGS_FOLDER/dags.py', '--cfg-path', '/tmp/tmp9572ml8q']
[2025-05-03T16:56:22.932+0000] {standard_task_runner.py:91} INFO - Job 10: Subtask crawl_giao-duc
[2025-05-03T16:56:22.975+0000] {task_command.py:426} INFO - Running <TaskInstance: vietnamnet_multi_category_crawler.crawl_giao-duc scheduled__2025-05-02T00:00:00+00:00 [running]> on host 3ca514faf7bb
[2025-05-03T16:56:23.048+0000] {taskinstance.py:2648} INFO - Exporting env vars: AIRFLOW_CTX_DAG_OWNER='***' AIRFLOW_CTX_DAG_ID='vietnamnet_multi_category_crawler' AIRFLOW_CTX_TASK_ID='crawl_giao-duc' AIRFLOW_CTX_EXECUTION_DATE='2025-05-02T00:00:00+00:00' AIRFLOW_CTX_TRY_NUMBER='1' AIRFLOW_CTX_DAG_RUN_ID='scheduled__2025-05-02T00:00:00+00:00'
[2025-05-03T16:56:23.049+0000] {taskinstance.py:430} INFO - ::endgroup::
[2025-05-03T16:56:23.651+0000] {logging_mixin.py:188} INFO - [INIT].... → Crawl4AI 0.6.2
[2025-05-03T16:56:27.144+0000] {logging_mixin.py:188} INFO - [FETCH]... ↓ https://vietnamnet.vn/giao-duc                                                                       | 
[2025-05-03T16:56:27.145+0000] {logging_mixin.py:188} INFO - ✓
[2025-05-03T16:56:27.145+0000] {logging_mixin.py:188} INFO -  | ⏱: 3.42s
[2025-05-03T16:56:27.476+0000] {logging_mixin.py:188} INFO - [SCRAPE].. ◆ https://vietnamnet.vn/giao-duc                                                                       | 
[2025-05-03T16:56:27.476+0000] {logging_mixin.py:188} INFO - ✓
[2025-05-03T16:56:27.477+0000] {logging_mixin.py:188} INFO -  | ⏱: 0.33s
[2025-05-03T16:56:27.478+0000] {logging_mixin.py:188} INFO - [COMPLETE] ● https://vietnamnet.vn/giao-duc                                                                       | 
[2025-05-03T16:56:27.479+0000] {logging_mixin.py:188} INFO - ✓
[2025-05-03T16:56:27.479+0000] {logging_mixin.py:188} INFO -  | ⏱: 3.75s
[2025-05-03T16:56:27.611+0000] {logging_mixin.py:188} INFO - Tìm thấy 55 link bài viết
[2025-05-03T16:56:27.793+0000] {logging_mixin.py:188} INFO - Đang crawl 5 bài viết từ danh mục giao-duc...
[2025-05-03T16:56:27.794+0000] {logging_mixin.py:188} INFO - --> Crawl: https://vietnamnet.vn/buc-anh-nu-cuoi-chien-thang-chup-nguoi-phu-nu-nao-2397183.html
[2025-05-03T16:56:28.471+0000] {logging_mixin.py:188} INFO - [INIT].... → Crawl4AI 0.6.2
[2025-05-03T16:56:31.845+0000] {logging_mixin.py:188} INFO - [FETCH]... ↓ https://vietnamnet.vn/buc-anh-nu-cuoi-chien-thang-chup-nguoi-phu-nu-nao-2397183.html                 | 
[2025-05-03T16:56:31.846+0000] {logging_mixin.py:188} INFO - ✓
[2025-05-03T16:56:31.847+0000] {logging_mixin.py:188} INFO -  | ⏱: 3.31s
[2025-05-03T16:56:32.067+0000] {logging_mixin.py:188} INFO - [SCRAPE].. ◆ https://vietnamnet.vn/buc-anh-nu-cuoi-chien-thang-chup-nguoi-phu-nu-nao-2397183.html                 | 
[2025-05-03T16:56:32.068+0000] {logging_mixin.py:188} INFO - ✓
[2025-05-03T16:56:32.068+0000] {logging_mixin.py:188} INFO -  | ⏱: 0.22s
[2025-05-03T16:56:32.070+0000] {logging_mixin.py:188} INFO - [COMPLETE] ● https://vietnamnet.vn/buc-anh-nu-cuoi-chien-thang-chup-nguoi-phu-nu-nao-2397183.html                 | 
[2025-05-03T16:56:32.070+0000] {logging_mixin.py:188} INFO - ✓
[2025-05-03T16:56:32.071+0000] {logging_mixin.py:188} INFO -  | ⏱: 3.54s
[2025-05-03T16:56:32.513+0000] {logging_mixin.py:188} INFO -     ✓ Bức ảnh "nụ cười chiến thắng" chụp người phụ nữ nào?...
[2025-05-03T16:56:32.514+0000] {logging_mixin.py:188} INFO - --> Crawl: https://vietnamnet.vn/nhung-phu-huynh-truc-chien-cung-con-on-thi-trong-ky-nghi-le-2396915.html
[2025-05-03T16:56:33.141+0000] {logging_mixin.py:188} INFO - [INIT].... → Crawl4AI 0.6.2
[2025-05-03T16:56:36.720+0000] {logging_mixin.py:188} INFO - [FETCH]... ↓ https://vietnamnet.vn/nhung-phu-huynh-truc-chien-cung-con-on-thi-trong-ky-nghi-le-2396915.html       | 
[2025-05-03T16:56:36.721+0000] {logging_mixin.py:188} INFO - ✓
[2025-05-03T16:56:36.721+0000] {logging_mixin.py:188} INFO -  | ⏱: 3.52s
[2025-05-03T16:56:37.075+0000] {logging_mixin.py:188} INFO - [SCRAPE].. ◆ https://vietnamnet.vn/nhung-phu-huynh-truc-chien-cung-con-on-thi-trong-ky-nghi-le-2396915.html       | 
[2025-05-03T16:56:37.075+0000] {logging_mixin.py:188} INFO - ✓
[2025-05-03T16:56:37.076+0000] {logging_mixin.py:188} INFO -  | ⏱: 0.35s
[2025-05-03T16:56:37.077+0000] {logging_mixin.py:188} INFO - [COMPLETE] ● https://vietnamnet.vn/nhung-phu-huynh-truc-chien-cung-con-on-thi-trong-ky-nghi-le-2396915.html       | 
[2025-05-03T16:56:37.078+0000] {logging_mixin.py:188} INFO - ✓
[2025-05-03T16:56:37.078+0000] {logging_mixin.py:188} INFO -  | ⏱: 3.87s
[2025-05-03T16:56:37.501+0000] {logging_mixin.py:188} INFO -     ✓ Những phụ huynh 'trực chiến' cùng con ôn thi trong kỳ nghỉ l...
[2025-05-03T16:56:37.502+0000] {logging_mixin.py:188} INFO - --> Crawl: https://vietnamnet.vn/thi-vao-nganh-y-sau-khi-nghi-huu-cu-ong-tro-thanh-bac-si-o-tuoi-70-2304823.html#comment
[2025-05-03T16:56:38.062+0000] {logging_mixin.py:188} INFO - [INIT].... → Crawl4AI 0.6.2
[2025-05-03T16:56:42.634+0000] {logging_mixin.py:188} INFO - [FETCH]... ↓ https://vietnamnet.vn/thi-vao-nganh-y-sau-khi-ng...-tro-thanh-bac-si-o-tuoi-70-2304823.html#comment  | 
[2025-05-03T16:56:42.635+0000] {logging_mixin.py:188} INFO - ✓
[2025-05-03T16:56:42.636+0000] {logging_mixin.py:188} INFO -  | ⏱: 4.51s
[2025-05-03T16:56:42.781+0000] {logging_mixin.py:188} INFO - [SCRAPE].. ◆ https://vietnamnet.vn/thi-vao-nganh-y-sau-khi-ng...-tro-thanh-bac-si-o-tuoi-70-2304823.html#comment  | 
[2025-05-03T16:56:42.782+0000] {logging_mixin.py:188} INFO - ✓
[2025-05-03T16:56:42.783+0000] {logging_mixin.py:188} INFO -  | ⏱: 0.14s
[2025-05-03T16:56:42.784+0000] {logging_mixin.py:188} INFO - [COMPLETE] ● https://vietnamnet.vn/thi-vao-nganh-y-sau-khi-ng...-tro-thanh-bac-si-o-tuoi-70-2304823.html#comment  | 
[2025-05-03T16:56:42.785+0000] {logging_mixin.py:188} INFO - ✓
[2025-05-03T16:56:42.785+0000] {logging_mixin.py:188} INFO -  | ⏱: 4.66s
[2025-05-03T16:56:43.132+0000] {logging_mixin.py:188} INFO -     ✓ Thi vào ngành y sau khi nghỉ hưu, cụ ông trở thành bác sĩ ở ...
[2025-05-03T16:56:43.133+0000] {logging_mixin.py:188} INFO - --> Crawl: https://vietnamnet.vn/3-hoc-sinh-mat-tich-khi-tam-bien-o-quang-ngai-co-2-anh-em-ruot-2397037.html
[2025-05-03T16:56:43.793+0000] {logging_mixin.py:188} INFO - [INIT].... → Crawl4AI 0.6.2
[2025-05-03T16:56:46.987+0000] {logging_mixin.py:188} INFO - [FETCH]... ↓ https://vietnamnet.vn/3-hoc-sinh-mat-tich-khi-tam-bien-o-quang-ngai-co-2-anh-em-ruot-2397037.html    | 
[2025-05-03T16:56:46.987+0000] {logging_mixin.py:188} INFO - ✓
[2025-05-03T16:56:46.988+0000] {logging_mixin.py:188} INFO -  | ⏱: 3.13s
[2025-05-03T16:56:47.201+0000] {logging_mixin.py:188} INFO - [SCRAPE].. ◆ https://vietnamnet.vn/3-hoc-sinh-mat-tich-khi-tam-bien-o-quang-ngai-co-2-anh-em-ruot-2397037.html    | 
[2025-05-03T16:56:47.201+0000] {logging_mixin.py:188} INFO - ✓
[2025-05-03T16:56:47.202+0000] {logging_mixin.py:188} INFO -  | ⏱: 0.21s
[2025-05-03T16:56:47.203+0000] {logging_mixin.py:188} INFO - [COMPLETE] ● https://vietnamnet.vn/3-hoc-sinh-mat-tich-khi-tam-bien-o-quang-ngai-co-2-anh-em-ruot-2397037.html    | 
[2025-05-03T16:56:47.204+0000] {logging_mixin.py:188} INFO - ✓
[2025-05-03T16:56:47.204+0000] {logging_mixin.py:188} INFO -  | ⏱: 3.35s
[2025-05-03T16:56:47.651+0000] {logging_mixin.py:188} INFO -     ✓ 3 học sinh mất tích khi tắm biển ở Quảng Ngãi, có 2 anh em r...
[2025-05-03T16:56:47.652+0000] {logging_mixin.py:188} INFO - --> Crawl: https://vietnamnet.vn/nhung-sieu-nhan-dat-1-600-diem-sat-chia-se-bi-quyet-hoc-tap-va-chien-thuat-thi-2396933.html
[2025-05-03T16:56:48.325+0000] {logging_mixin.py:188} INFO - [INIT].... → Crawl4AI 0.6.2
[2025-05-03T16:56:52.600+0000] {logging_mixin.py:188} INFO - [FETCH]... ↓ https://vietnamnet.vn/nhung-sieu-nhan-dat-1-600-...bi-quyet-hoc-tap-va-chien-thuat-thi-2396933.html  | 
[2025-05-03T16:56:52.601+0000] {logging_mixin.py:188} INFO - ✓
[2025-05-03T16:56:52.602+0000] {logging_mixin.py:188} INFO -  | ⏱: 4.19s
[2025-05-03T16:56:52.900+0000] {logging_mixin.py:188} INFO - [SCRAPE].. ◆ https://vietnamnet.vn/nhung-sieu-nhan-dat-1-600-...bi-quyet-hoc-tap-va-chien-thuat-thi-2396933.html  | 
[2025-05-03T16:56:52.901+0000] {logging_mixin.py:188} INFO - ✓
[2025-05-03T16:56:52.902+0000] {logging_mixin.py:188} INFO -  | ⏱: 0.30s
[2025-05-03T16:56:52.906+0000] {logging_mixin.py:188} INFO - [COMPLETE] ● https://vietnamnet.vn/nhung-sieu-nhan-dat-1-600-...bi-quyet-hoc-tap-va-chien-thuat-thi-2396933.html  | 
[2025-05-03T16:56:52.909+0000] {logging_mixin.py:188} INFO - ✓
[2025-05-03T16:56:52.911+0000] {logging_mixin.py:188} INFO -  | ⏱: 4.50s
[2025-05-03T16:56:53.422+0000] {logging_mixin.py:188} INFO -     ✓ Những 'siêu nhân' đạt 1.600 điểm SAT chia sẻ bí quyết học tậ...
[2025-05-03T16:56:53.422+0000] {logging_mixin.py:188} INFO - ⏱️  Tổng thời gian crawl: 30.36 giây
[2025-05-03T16:56:54.490+0000] {logging_mixin.py:188} INFO - Lỗi khi lưu dữ liệu vào MongoDB: batch op errors occurred, full error: {'writeErrors': [{'index': 0, 'code': 11000, 'errmsg': 'E11000 duplicate key error collection: News.giao-duc index: _id_ dup key: { _id: "https://vietnamnet.vn/buc-anh-nu-cuoi-chien-thang-chup-nguoi-phu-nu-nao-2397183.html" }', 'keyPattern': {'_id': 1}, 'keyValue': {'_id': 'https://vietnamnet.vn/buc-anh-nu-cuoi-chien-thang-chup-nguoi-phu-nu-nao-2397183.html'}, 'op': {'title': 'Bức ảnh "nụ cười chiến thắng" chụp người phụ nữ nào?', 'author': 'Không có thông tin tác giả', 'publish_date': '2025-05-03T05:02:00.000 +07:00', 'views': None, 'tags': [], 'description': 'Bức ảnh nụ cười chiến thắng chụp bà Võ Thị Thắng đã trở thành biểu tượng cho cả thế hệ anh hùng, là nguồn cảm hứng sáng tác của nhiều tác giả.', 'main_image': 'https://static-images.vnncdn.net/vps_images_publish/000001/000003/2025/5/2/buc-anh-nu-cuoi-chien-thang-chup-nguoi-phu-nu-nao-89100.jpg?width=0&s=7EqpDbZk_FNXWcCyRkUc-A', 'content': 'Lê Huyền\n\nBức ảnh "nụ cười chiến thắng" chụp bà Võ Thị Thắng.\n\nBà Võ Thị Thắng (1945-2014). 16 tuổi bà là thành viên của Mặt trận dân tộc giải phóng huyện Bến Lức; 17 tuổi được điều về Sài Gòn hoạt động bí mật trong phong trào Thanh niên - Sinh viên - Học sinh, phong trào công nhân và lực lượng vũ trang…\n\nTrong chiến dịch Tổng công kích Mậu Thân 1968, bà được giao nhiệm vụ trừ gian ở Phú Lâm, quận 6. Chẳng may bà bị sa vào tay giặc và bị kẻ địch tra tấn và kết án 20 năm khổ sai.\n\nBà Thắng đã dõng dạc tuyên bố: Liệu chính quyền của các ông có tồn tại đến 20 năm để bỏ tù tôi không.\n\nBà nở nụ cười rực rỡ, hiên ngang, khoảnh khắc này đã được một phóng viên người Nhật kịp ghi lại. Bức ảnh "nụ cười chiến thắng" của bà đã trở thành nguồn cảm hứng cho nhiều sáng tác của văn nghệ sĩ trong nước và ngoài nước lúc bấy giờ và trở thành biểu tượng cho cả thế hệ anh hùng.\n\nỞ quận Playa, thủ đô La Habana, Cuba hiện nay có Trường tiểu học Võ Thị Thắng.\n\nTrường tiểu học Võ Thị Thắng được Tổng tư lệnh Fidel Castro và Hội đồng Nhà nước Cuba thành lập cuối năm 1968 sau khi bức ảnh “Nụ cười chiến thắng” được báo chí quốc tế đăng tải, với mục đích bày tỏ tình đoàn kết của Đảng, Nhà nước và nhân dân Cuba đối với sự nghiệp đấu tranh giải phóng dân tộc của nhân dân Việt Nam, phản đối cuộc chiến tranh phi nghĩa ở Việt Nam.\n\nBà Võ Thị Thắng và các bạn tù chính trị nữ được tự do trong đợt trao trả tù binh tại Lộc Ninh (Bình Phước) tháng 4/1974.\n\nĐây là 4 câu thơ trích trong bài thơ “Nụ cười chiến thắng” dài 60 câu của tác giả Trần Quang Long.\n\nTác giả Trần Quang Long đã xúc động viết ngay sau khi xem phiên tòa xử chị Võ Thị Thắng, nữ sinh Trường Gia Long (Sài Gòn), tham gia tự vệ thành, bị bắt trong Tổng tấn công Mậu Thân 1968, bị tòa án quân sự ngụy quyền xử 20 năm khổ sai.\n\nNăm 13 tuổi bà Võ Thị Thắng vào học Trường công lập Gia Long Sài Gòn chính là Trường THPT Nguyễn Thị Minh Khai hiện nay.\n\nTrường được khởi công xây dựng từ năm 1913, từ tâm huyết của những người trí thức yêu nước quan tâm đến vấn đề giáo dục nữ giới.\xa0Ban đầu trường chỉ có những lớp đồng ấu (Enfantin) và những lớp cao đẳng (Supérieur) của bậc sơ học.\n\nNăm 1922 trường đã khánh thành Ban nữ trung học học đường với cái tên Collège de Jeunes Filles Indigènes (Trường con gái bản xứ). Màu tím được chọn là màu áo đồng phục cho nữ sinh thời bấy giờ, tượng trưng cho đức tính đoan trang, kín đáo và khiêm nhường của thiếu nữ Việt Nam, vì thế trường còn được gọi là Trường Áo Tím.\n\nNăm 1940, trường được đổi tên là Lycée Gia Long, màu áo tím của nữ sinh được chuyển sang màu áo trắng tinh khôi cùng với huy hiệu bông mai vàng rực rỡ lại càng tô điểm thêm những trang sử truyền thống hào hùng cho ngôi trường.\n\nSau 30/4/1975, Trường được chính quyền mới đổi tên thành Trường Phổ thông cấp 2-3 Nguyễn Thị Minh Khai.\n\nNiên khóa 1978-1979, Trường giải thể cấp 2, thu nhận nữ sinh lẫn nam sinh, đổi tên thành Trường THPT Nguyễn Thị Minh Khai.\n\nTrường THPT Nguyễn Thị Minh Khai nổi tiếng ở TPHCM hiện nay.', 'url': 'https://vietnamnet.vn/buc-anh-nu-cuoi-chien-thang-chup-nguoi-phu-nu-nao-2397183.html', 'category': 'giao-duc', 'crawled_at': '2025-05-03T16:56:32.330503', '_id': 'https://vietnamnet.vn/buc-anh-nu-cuoi-chien-thang-chup-nguoi-phu-nu-nao-2397183.html'}}, {'index': 1, 'code': 11000, 'errmsg': 'E11000 duplicate key error collection: News.giao-duc index: _id_ dup key: { _id: "https://vietnamnet.vn/nhung-phu-huynh-truc-chien-cung-con-on-thi-trong-ky-nghi-le-2396915.html" }', 'keyPattern': {'_id': 1}, 'keyValue': {'_id': 'https://vietnamnet.vn/nhung-phu-huynh-truc-chien-cung-con-on-thi-trong-ky-nghi-le-2396915.html'}, 'op': {'title': "Những phụ huynh 'trực chiến' cùng con ôn thi trong kỳ nghỉ lễ", 'author': 'Không có thông tin tác giả', 'publish_date': '2025-05-01T10:30:00.000 +07:00', 'views': None, 'tags': [], 'description': "Khi cả nước bước vào kỳ nghỉ lễ 5 ngày, nhiều gia đình đi du lịch xa gần, không ít phụ huynh có con trong giai đoạn 'nước rút' thi cử đều lựa chọn ở nhà.", 'main_image': 'https://static-images.vnncdn.net/vps_images_publish/000001/000003/2025/5/1/nhung-phu-huynh-truc-chien-cung-con-on-thi-trong-ky-nghi-le-39741.jpg?width=0&s=o44KZnmv0B7RxdvoWC4Szg', 'content': 'Hoàng Linh\n\n‘Con đang tối mặt ôn thi, bố mẹ không lòng dạ nào đi chơi’\n\nChị Tuyết (quận Hoàn Kiếm, Hà Nội) gác lại kế hoạch về quê, đi du lịch để ở nhà chăm sóc con gái lớp 12 đang ôn thi đại học. Đang học một trường THPT có tiếng tại Hà Nội, chọn khối A01 (gồm Toán, Lý, Anh), cô bé đặt mục tiêu vào khoa Phân tích kinh doanh, Đại học Bách khoa Hà Nội. Dù con có học bạ 9.0 suốt ba năm cấp 3, nhưng IELTS chỉ đạt 6.0 và dự đoán kết quả thi đánh giá tư duy gần đây tại Bách khoa không như kỳ vọng, cả nhà đều thấp thỏm, lo con không đỗ vào trường như mong muốn.\n\n“Lịch học của con căng lắm. Ngoài học chính và phụ đạo các môn ôn thi ở trường, mỗi tuần con có 2 buổi học thêm Toán, 2 buổi Lý, 2 buổi luyện IELTS ở trung tâm, thêm cả gia sư tại nhà. Tối đi học thêm về có khi 22h, con chỉ kịp ăn uống, tắm rửa rồi đi ngủ, tới 3h sáng dậy học”, chị Tuyết kể.\n\nChị lo lắng nhưng cũng không dám thể hiện nhiều để tránh tạo áp lực cho con: “Dịp lễ này, mình chỉ ở nhà lo cơm nước, giục con đi ngủ sớm, chứ cũng không thể kèm cặp con học như hồi nhỏ. Chỉ sợ con học nhiều, căng thẳng lại ốm thì khổ”, chị chia sẻ.\n\nCon gái cả từng thi tốt nghiệp 2 năm trước, chị Tuyết thừa nhận “lần này mức độ lo lắng, căng thẳng cao gấp nhiều lần": “Cô chị tới năm lớp 12 đã có IELTS 8.0, trước khi thi tốt nghiệp THPT đã biết kết quả xét tuyển sớm đỗ vào các trường Luật, Học viện Ngoại giao... Còn tới bạn này, sức học không chắc bằng, giờ vẫn phải căng mình lo nhiều môn, nâng điểm IELTS, trong khi năm nay có nhiều thay đổi sát nút trong quy chế thi, phương thức xét tuyển khiến con và bố mẹ đều bất ngờ”, chị Tuyết nói.\n\nNgười mẹ kể, đứng trước kỳ thi lớn, cả gia đình chị đều căng thẳng nên dễ “gây sự” với nhau hơn. Đợt nghỉ lễ này chỉ định tổ chức kỳ nghỉ 2-3 ngày ở gần thủ đô để cả nhà thư giãn nhưng con nhất quyết không đi vì “trung tâm có cho nghỉ học thêm, con cũng còn rất nhiều bài tập phải làm, đề phải luyện”.\n\n“Vài hôm trước con đi thi đánh giá tư duy về kể ‘làm bài tới đâu, con nước mắt nước mũi ròng ròng tới đó vì đề khó quá’. Mình nghe vậy mà đau thắt tim, thương con, chỉ muốn bảo ‘thôi khỏi thi cử, về đây mẹ lo’, nhưng phải cố nén lại, động viên con ‘thua keo này ta bày keo khác”, chị Tuyết chia sẻ.\n\nKhông chỉ các gia đình có con thi đại học mới "nín thở", nhiều phụ huynh có con chuẩn bị thi vào lớp 10 cũng đang trải qua thời kỳ đầy áp lực khi cơ hội vào trường công phía trước là một cánh cửa hẹp.\n\nChị Trương Hồng Liên (quận Hoàng Mai, Hà Nội) có con gái học lớp 9, đặt nguyện vọng vào trường THPT Việt Đức. Điểm khảo sát gần đây của con chị khá cao (Toán 9, Văn 8, Anh 9,25) nhưng vẫn không chắc suất, vì theo chị tính toán, điểm chuẩn vào Việt Đức có thể 8,5-9 mỗi môn.\n\n“Mẹ bảo con ‘quay xe’ sang trường Trần Phú cho an toàn, nhưng cháu không nghe. Nguyện vọng 2 của con là trường Trương Định cũng có tỷ lệ chọi không thấp. Tới nước này thì gia đình chỉ còn cách thêm phương án vào trường tư như Tạ Quang Bửu để nhỡ hai nguyện vọng không đạt thì con vẫn còn bến đỗ, chỉ có bố mẹ phải ‘cày’ ác liệt hơn”, chị Liên kể.\n\nChị cho biết, hiện tại, ngoài học chính và được các thầy phụ đạo miễn phí trên trường, con chị buổi tối còn học thêm online một tuần 4 buổi Toán và 1 buổi Văn. “Nhiều hôm gần 1h sáng con mới ngủ. Con gầy gò, mẹ nhìn xót xa, giục đi ngủ sớm thì con nói ‘con phải cố làm hết phiếu bài tập, không xong cô hay trung tâm đều không cho vào lớp”, người mẹ chia sẻ.\n\nChị cho biết, bản thân luôn cố gắng trở thành hậu phương vững chắc, thấu hiểu, động viên con, tuyệt đối không cố ép con vào trường công bằng mọi giá để tránh tạo thêm áp lực.\n\nThầy cô, phụ huynh: Cùng con đi qua giai đoạn ‘nước rút’\n\nÔng Minh Đức, một gia sư Toán lâu năm tại Hà Nội cho biết, lịch dạy của ông dịp nghỉ lễ vẫn kín. Học sinh lớp 9 và 12 gần như không nghỉ buổi nào bởi nhiều phụ huynh lo “con mất nhịp học, khó vào guồng lại”.\n\nÔng cho rằng, bố mẹ có con thi vào lớp 10 các trường top giữa tại Hà Nội là nhóm căng thẳng nhất. “Những học sinh chọn trường top đầu thường có học lực tốt, khả năng làm bài chắc chắn và bản thân các em tự giác. Các em chọn trường top 2 làm bài chưa chắc tay, ít khi giải được các câu hỏi khó, mức điểm tối đa thường 8,5-9, nên chỉ cần sai sót nhỏ là rơi vào tình trạng \'chấp chới\'. Chưa kể, điểm chuẩn của các trường top giữa thường ít ổn định hơn, dễ thay đổi qua các năm. Nói chung, với nhóm học sinh này, con lo một thì cha mẹ lo mười”, ông phân tích.\n\nVới học sinh, thầy Đức khuyên, trong giai đoạn nước rút này, các em càng cần giữ bình tĩnh, xây dựng kế hoạch học tập rõ ràng, sắp xếp thời gian ngủ nghỉ hợp lý để đảm bảo sức khỏe, duy trì sự tỉnh táo, tập trung.\n\nVới phụ huynh, theo thầy, đến giai đoạn này, điều quan trọng nhất là cố gắng động viên tinh thần cho con, tiếp tục rèn tính chủ động trong học tập và tạo điều kiện cho con nghỉ ngơi hợp lý.\n\nLà một giáo viên dạy Văn lớp 12, cô giáo Nguyễn Thị Hà (Trường THPT Quỳnh Lưu 4, Nghệ An) cho biết: “Năm nay, cả học sinh lẫn phụ huynh đều căng thẳng hơn. Chương trình thay đổi, nhiều học sinh và giáo viên không thể áp dụng hoàn toàn kinh nghiệm các năm trước”.\n\nCô Hà nhận thấy trạng thái căng thẳng thể hiện rõ trên gương mặt từng học sinh, biểu hiện dễ thấy nhất là nhiều em nổi mụn, sắc mặt phờ phạc, mệt mỏi khi tới lớp.\n\nCô Hà nhấn mạnh, chương trình mới dù là sự thay đổi cần thiết nhưng học sinh lứa đầu sẽ vất vả để thích ứng, vì vậy phụ huynh càng cần quan tâm, hỗ trợ con, phối hợp với giáo viên giúp con tháo gỡ vướng mắc. Cô Hà dẫn chứng, những quyết định quan trọng như việc học sinh đổi môn thi, khối thi vào phút chót cần sự đồng hành sát sao của cả gia đình và nhà trường. "Mọi sự hỗ trợ lúc này chủ yếu là về mặt tinh thần, bởi thực sự chính các em đang là người phải đối diện và vượt qua thử thách", cô giáo chia sẻ.', 'url': 'https://vietnamnet.vn/nhung-phu-huynh-truc-chien-cung-con-on-thi-trong-ky-nghi-le-2396915.html', 'category': 'giao-duc', 'crawled_at': '2025-05-03T16:56:37.327019', '_id': 'https://vietnamnet.vn/nhung-phu-huynh-truc-chien-cung-con-on-thi-trong-ky-nghi-le-2396915.html'}}, {'index': 2, 'code': 11000, 'errmsg': 'E11000 duplicate key error collection: News.giao-duc index: _id_ dup key: { _id: "https://vietnamnet.vn/thi-vao-nganh-y-sau-khi-nghi-huu-cu-ong-tro-thanh-bac-si-o-tuoi-70-2304823.html#comment" }', 'keyPattern': {'_id': 1}, 'keyValue': {'_id': 'https://vietnamnet.vn/thi-vao-nganh-y-sau-khi-nghi-huu-cu-ong-tro-thanh-bac-si-o-tuoi-70-2304823.html#comment'}, 'op': {'title': 'Thi vào ngành y sau khi nghỉ hưu, cụ ông trở thành bác sĩ ở tuổi 70', 'author': 'Không có thông tin tác giả', 'publish_date': '2024-07-31T07:38:00.000 +07:00', 'views': None, 'tags': [], 'description': ' Ông  Toh Hong-keng là bằng chứng sống cho thấy không bao giờ quá già để học tập. Sau khi về hưu, ông quyết tâm thi vào ngành y và trở thành bác sĩ ở tuổi 70.', 'main_image': 'https://static-images.vnncdn.net/vps_images_publish/000001/000003/2024/7/31/thi-vao-nganh-y-sau-khi-nghi-huu-cu-ong-tro-thanh-bac-si-o-tuoi-70-248.gif?width=0&s=VmSoia8YoCw_f0ZNfOEmmg', 'content': 'Hạ Phương\n\nCâu chuyện đầy cảm hứng của ông Toh Hong-keng, sống tại Hong Kong (Trung Quốc) là bằng chứng sống cho thấy không bao giờ quá già hay quá muộn để học tập. Được truyền cảm hứng từ các sinh viên y khoa, sau khi về hưu, ông quyết tâm theo đuổi ngành y tại một trường đại học có tiếng tại Philippines, với mong muốn có thể giúp đỡ nhiều người, hoạt động trong đoàn Bác sĩ không biên giới hay Hội Chữ Thập Đỏ. Sau nhiều năm học tập và trải qua những khóa thực tập căng thẳng cùng các bạn sinh viên ở tuổi con cháu mình, ông đã tốt nghiệp và trở thành bác sĩ, đúng như mục tiêu đã đề ra.\n\nTheo SCMP, The Star | Video: SCMP, Southwestern University', 'url': 'https://vietnamnet.vn/thi-vao-nganh-y-sau-khi-nghi-huu-cu-ong-tro-thanh-bac-si-o-tuoi-70-2304823.html#comment', 'category': 'giao-duc', 'crawled_at': '2025-05-03T16:56:42.949668', '_id': 'https://vietnamnet.vn/thi-vao-nganh-y-sau-khi-nghi-huu-cu-ong-tro-thanh-bac-si-o-tuoi-70-2304823.html#comment'}}, {'index': 3, 'code': 11000, 'errmsg': 'E11000 duplicate key error collection: News.giao-duc index: _id_ dup key: { _id: "https://vietnamnet.vn/3-hoc-sinh-mat-tich-khi-tam-bien-o-quang-ngai-co-2-anh-em-ruot-2397037.html" }', 'keyPattern': {'_id': 1}, 'keyValue': {'_id': 'https://vietnamnet.vn/3-hoc-sinh-mat-tich-khi-tam-bien-o-quang-ngai-co-2-anh-em-ruot-2397037.html'}, 'op': {'title': '3 học sinh mất tích khi tắm biển ở Quảng Ngãi, có 2 anh em ruột', 'author': 'Không có thông tin tác giả', 'publish_date': '2025-05-01T20:54:40.000 +07:00', 'views': None, 'tags': [], 'description': 'Tối 1/5, lực lượng Cảnh sát PCCC và CNCH Công an tỉnh Quảng Ngãi vẫn đang túc trực tại hiện trường để tìm kiếm 3 học sinh mất tích trong lúc tắm biển.', 'main_image': 'https://static-images.vnncdn.net/vps_images_publish/000001/000003/2025/5/1/3-hoc-sinh-mat-tich-khi-tam-bien-o-quang-ngai-co-2-anh-em-ruot-82737.jpg?width=0&s=tyHCKhr_hMcISkcz7hU5NA', 'content': 'Hà Nam\n\nTối 1/5, ông Phạm Ngọc Lân, Chủ tịch UBND huyện Mộ Đức (Quảng Ngãi) xác nhận, trên địa bàn vừa xảy ra vụ đuối nước khiến 3 học sinh mất tích.\n\nThông tin ban đầu, khoảng 16h30 chiều nay, nhóm 4 học sinh ở huyện Mộ Đức và huyện Ba Tơ rủ nhau đến bãi biển thôn Tân Định (xã Đức Lợi, huyện Mộ Đức) để tắm thì bất ngờ bị sóng lớn cuốn trôi ra xa.\n\nThời điểm này, một ngư dân địa phương phát hiện sự việc nên đưa thuyền đến ứng cứu. Tuy nhiên, người này chỉ cứu được 1 em, 3 học sinh còn lại bị sóng cuốn mất tích.\n\nTrong số 3 học sinh mất tích có 2 anh em ruột là Lê Minh K. (SN 2009), Lê Bảo L. (SN 2012, cùng trú xã Đức Nhuận, huyện Mộ Đức) và Đỗ Minh Th. (SN 2011, trú thị trấn Ba Tơ, huyện Ba Tơ).\n\nĐến 20h40 ngày 1/5, lực lượng chức năng cùng người dân địa phương đang nỗ lực tìm kiếm các nạn nhân. Tuy nhiên, do trời tối, nước biển đang xuống nên công tác tìm kiếm gặp nhiều khó khăn.', 'url': 'https://vietnamnet.vn/3-hoc-sinh-mat-tich-khi-tam-bien-o-quang-ngai-co-2-anh-em-ruot-2397037.html', 'category': 'giao-duc', 'crawled_at': '2025-05-03T16:56:47.478224', '_id': 'https://vietnamnet.vn/3-hoc-sinh-mat-tich-khi-tam-bien-o-quang-ngai-co-2-anh-em-ruot-2397037.html'}}, {'index': 4, 'code': 11000, 'errmsg': 'E11000 duplicate key error collection: News.giao-duc index: _id_ dup key: { _id: "https://vietnamnet.vn/nhung-sieu-nhan-dat-1-600-diem-sat-chia-se-bi-quyet-hoc-tap-va-chien-thuat-thi-2396933.html" }', 'keyPattern': {'_id': 1}, 'keyValue': {'_id': 'https://vietnamnet.vn/nhung-sieu-nhan-dat-1-600-diem-sat-chia-se-bi-quyet-hoc-tap-va-chien-thuat-thi-2396933.html'}, 'op': {'title': "Những 'siêu nhân' đạt 1.600 điểm SAT chia sẻ bí quyết học tập và chiến thuật thi", 'author': 'Không có thông tin tác giả', 'publish_date': '2025-05-02T10:02:21.000 +07:00', 'views': None, 'tags': [], 'description': 'Năm học này ít nhất 3 học sinh của Việt Nam đạt điểm thi SAT tuyệt đối 1.600 - lọt nhóm hiếm trên thế giới. Các “siêu nhân” này đã chia sẻ bí quyết học tập và làm bài thi hiệu quả.', 'main_image': 'https://static-images.vnncdn.net/vps_images_publish/000001/000003/2025/5/2/nhung-sieu-nhan-dat-1-42172.jpg?width=0&s=k-uIKO-nwv-fZjk0w6KmUA', 'content': 'Thanh Hùng\n\nĐể lọt vào nhóm hiếm hoi trên thế giới đạt điểm tuyệt đối SAT, đòi hỏi các thí sinh sự xuất sắc toàn diện về kỹ năng đọc hiểu, suy luận và tư duy logic, nhưng trước hết là chiến thuật học tập và làm bài hiệu quả.\n\nPhạm Đỗ Thái An (lớp 12 chuyên Sinh, Trường THPT Chuyên ĐH Sư phạm Hà Nội)cho hay, trong 3 tháng ôn luyện thi SAT, ngoài theo học tại một trung tâm, em tự tìm kiếm tài liệu trên mạng để luyện tập.\n\nAn đánh giá phần Toán của bài thi SAT không quá khó nhằn. “Mặc dù bài thi tổng hợp khá nhiều dạng toán như phương trình, đường thẳng, lượng giác... nhưng với học sinh Việt Nam, những kiến thức này đều không đánh đố”.\n\nTuy nhiên, An cho rằng, có một số câu hỏi “dễ lừa” nếu thí sinh không để ý, chẳng hạn thay vì yêu cầu tìm x, đề sẽ hỏi tìm 3x, 4x. Nếu không đọc kỹ đề, thí sinh sẽ rất dễ nhầm lẫn.\n\nVới cá nhân An, thách thức không ở phần Toán mà nằm ở phần Đọc Viết. Nữ sinh thường sai ở các bài dạngWords in context. Để cải thiện, mỗi lần sai, An thường ghi chép nội dung hay nhầm lẫn, đến cuối tuần sẽ in thành một tập để chữa lại.\n\nMột bí quyết của An khi làm phần Đọc Viết là tránh đọc dịch từng câu chữ - việc khá tốn thời gian. Thay vào đó, em tìm từ khóa, nắm ý chính của bài, từ đó tăng tốc độ đọc và dễ hiểu hơn. “Một số bạn có thói quen học thuộc những câu hay lặp lại trong đề. Nhưng thực tế, đôi khi trong đề có thể giữ đoạn đầu bài và thay đổi ở câu hỏi. Nếu ỷ lại sự giống nhau mà không để ý câu hỏi, chọn theo điều mình thuộc sẽ rất dễ sai. Vì vậy, cách học hiệu quả là rèn tư duy để giải bài”, An nói.\n\nNguyễn Thị Diệu Anh (lớp 12 Anh 1, Trường THPT Chuyên Hà Tĩnh, tỉnh Hà Tĩnh)chia sẻ để có kết quả học tập tốt, em chú trọng nắm chắc kiến thức căn bản trước khi mở rộng hay tăng dần bài tập nâng cao.\n\nNữ sinh luôn tập trung nghe giảng và tranh thủ giải quyết các bài tập trên lớp để về nhà có thời gian cho việc tìm kiếm, học thêm các kiến thức mới hoặc bổ trợ.\n\nDiệu Anh luôn cố gắng luyện nói và dùng tiếng Anh trong mọi hoạt động, bối cảnh hằng ngày. Em học theo cách tự nhiên, không gò ép bản thân mỗi ngày phải nghe đủ bao nhiêu giờ...\n\nTrước mỗi kỳ thi, Diệu Anh cố gắng luyện càng nhiều đề càng tốt. “Em học qua việc luyện đề và luôn có một quyển vở để ghi lại những lỗi sai khi luyện. Cứ sai chỗ nào, em sẽ tập trung học thêm, đọc thêm kiến thức vùng đó”, nữ sinh nói.\n\nDiệu Anh cho rằng, tinh thần luôn nỗ lực, không bỏ cuộc cũng rất quan trọng. Để đạt điểm SAT tuyệt đối, em đã phải thi đến lần thứ hai. Ở lần thử sức đầu tiên, em chỉ đạt 1.390 - số điểm thấp hơn kỳ vọng.\n\n“Lúc nhận kết quả không như mong đợi, em khá buồn. Nhưng sau khi suy ngẫm lại, em thấy số điểm khi đó phản ánh đúng bởi em chưa có sự chuẩn bị và đầu tư thích đáng. Em đã tự nhủ phải nỗ lực, quyết tâm hơn và kết quả được đền đáp xứng đáng”, Diệu Anh nói.\n\nNguyễn Hoàng Minh (lớp 12A2 Tin, Trường THPT chuyên Khoa học Tự nhiên - ĐH Quốc gia Hà Nội)cho rằng, bài thi SAT ngoài đòi hỏi nền tảng tiếng Anh, thí sinh còn phải học cách tư duy. “Đặc biệt phần Đọc hiểu, không chỉ đơn thuần dịch được là làm được, đề thi còn đánh giá tư duy thí sinh”, Minh nói.\n\nNam sinh cũng cho rằng, việc có chiến thuật làm bài thi hiệu quả rất quan trọng.\n\nTrước thi, em dành nhiều thời gian để làm và chữa các đề, qua đó nhận biết được điểm mạnh, điểm yếu của bản thân và không ngại trao đổi với thầy cô để khắc phục điểm yếu.\n\n“Em thường tổng hợp các đề thi từ những năm trước do mọi người chia sẻ trên mạng. Khi làm đề, câu nào sai, em ghi chú để bổ sung kiến thức và làm những câu tương tự”, Minh nói.\n\nMinh cho hay, áp lực về mặt thời gian của bài thi SAT khá lớn. Như phần Đọc hiểu, có 27 câu hỏi trong vòng 32 phút; tức trung bình chỉ có hơn 1 phút để giải quyết 1 câu. “Trong khi một câu của đề thi có thể rất dài và nhiều tình tiết gây mất tập trung, do đó cần tập trung cao độ vào những thông tin cốt lõi, tăng tốc độ đọc”.\n\nĐây là lý do khi luyện tập và làm đề, em luôn bấm giờ và cố gắng cải thiện tốc độ làm bài. “Từ vựng và ngữ pháp là hai phần không quá khó trong đề thi SAT, nên em xác định làm nhanh nhất có thể để dành thời gian cho phần Đọc hiểu. Em thường chia thời gian ra, ví dụ 5 phút làm phần từ vựng, 5 phút làm phần ngữ pháp, còn lại dành cho Đọc hiểu. Đối với phần Đọc hiểu - một trong những phần khó nhất của bài thi, em thường làm các bài khó trước rồi mới làm bài dễ, đánh dấu lại những câu chưa chắc chắn để quay lại sau”, Minh chia sẻ.\n\nHàng ngày, nam sinh đề cao việc học hiệu quả, chất lượng thay vì số lượng giờ học hay bài tập.', 'url': 'https://vietnamnet.vn/nhung-sieu-nhan-dat-1-600-diem-sat-chia-se-bi-quyet-hoc-tap-va-chien-thuat-thi-2396933.html', 'category': 'giao-duc', 'crawled_at': '2025-05-03T16:56:53.247530', '_id': 'https://vietnamnet.vn/nhung-sieu-nhan-dat-1-600-diem-sat-chia-se-bi-quyet-hoc-tap-va-chien-thuat-thi-2396933.html'}}], 'writeConcernErrors': [], 'nInserted': 0, 'nUpserted': 0, 'nMatched': 0, 'nModified': 0, 'nRemoved': 0, 'upserted': []}
[2025-05-03T16:56:54.491+0000] {python.py:237} INFO - Done. Returned value was: None
[2025-05-03T16:56:54.491+0000] {taskinstance.py:441} INFO - ::group::Post task execution logs
[2025-05-03T16:56:54.498+0000] {taskinstance.py:1206} INFO - Marking task as SUCCESS. dag_id=vietnamnet_multi_category_crawler, task_id=crawl_giao-duc, run_id=scheduled__2025-05-02T00:00:00+00:00, execution_date=20250502T000000, start_date=20250503T165622, end_date=20250503T165654
[2025-05-03T16:56:54.538+0000] {local_task_job_runner.py:240} INFO - Task exited with return code 0
[2025-05-03T16:56:54.553+0000] {taskinstance.py:3503} INFO - 1 downstream tasks scheduled from follow-on schedule check
[2025-05-03T16:56:54.556+0000] {local_task_job_runner.py:222} INFO - ::endgroup::
