[2025-05-04T14:45:49.169+0000] {local_task_job_runner.py:120} INFO - ::group::Pre task execution logs
[2025-05-04T14:45:49.195+0000] {taskinstance.py:2076} INFO - Dependencies all met for dep_context=non-requeueable deps ti=<TaskInstance: vietnamnet_crawler_24h.crawl_chinh-tri manual__2025-05-04T13:55:20.884374+00:00 [queued]>
[2025-05-04T14:45:49.205+0000] {taskinstance.py:2076} INFO - Dependencies all met for dep_context=requeueable deps ti=<TaskInstance: vietnamnet_crawler_24h.crawl_chinh-tri manual__2025-05-04T13:55:20.884374+00:00 [queued]>
[2025-05-04T14:45:49.205+0000] {taskinstance.py:2306} INFO - Starting attempt 1 of 2
[2025-05-04T14:45:49.221+0000] {taskinstance.py:2330} INFO - Executing <Task(PythonOperator): crawl_chinh-tri> on 2025-05-04 13:55:20.884374+00:00
[2025-05-04T14:45:49.227+0000] {warnings.py:112} WARNING - /home/***/.local/lib/python3.12/site-packages/***/task/task_runner/standard_task_runner.py:61: DeprecationWarning: This process (pid=135) is multi-threaded, use of fork() may lead to deadlocks in the child.
  pid = os.fork()

[2025-05-04T14:45:49.229+0000] {standard_task_runner.py:63} INFO - Started process 138 to run task
[2025-05-04T14:45:49.229+0000] {standard_task_runner.py:90} INFO - Running: ['***', 'tasks', 'run', 'vietnamnet_crawler_24h', 'crawl_chinh-tri', 'manual__2025-05-04T13:55:20.884374+00:00', '--job-id', '22', '--raw', '--subdir', 'DAGS_FOLDER/dags.py', '--cfg-path', '/tmp/tmpuez2tf2o']
[2025-05-04T14:45:49.232+0000] {standard_task_runner.py:91} INFO - Job 22: Subtask crawl_chinh-tri
[2025-05-04T14:45:49.283+0000] {task_command.py:426} INFO - Running <TaskInstance: vietnamnet_crawler_24h.crawl_chinh-tri manual__2025-05-04T13:55:20.884374+00:00 [running]> on host 78b16fb5ec43
[2025-05-04T14:45:49.393+0000] {taskinstance.py:2648} INFO - Exporting env vars: AIRFLOW_CTX_DAG_OWNER='***' AIRFLOW_CTX_DAG_ID='vietnamnet_crawler_24h' AIRFLOW_CTX_TASK_ID='crawl_chinh-tri' AIRFLOW_CTX_EXECUTION_DATE='2025-05-04T13:55:20.884374+00:00' AIRFLOW_CTX_TRY_NUMBER='1' AIRFLOW_CTX_DAG_RUN_ID='manual__2025-05-04T13:55:20.884374+00:00'
[2025-05-04T14:45:49.395+0000] {taskinstance.py:430} INFO - ::endgroup::
[2025-05-04T14:45:49.658+0000] {crawler.py:54} INFO - Đã kết nối thành công với MongoDB: News
[2025-05-04T14:45:49.934+0000] {crawler.py:44} INFO - ArticleSummarizer đã được khởi tạo thành công
[2025-05-04T14:45:51.762+0000] {logging_mixin.py:188} INFO - [INIT].... → Crawl4AI 0.6.2
[2025-05-04T14:45:56.112+0000] {logging_mixin.py:188} INFO - [FETCH]... ↓ https://vietnamnet.vn/tin-tuc-24h?bydaterang=&cate=000001                                            | 
[2025-05-04T14:45:56.113+0000] {logging_mixin.py:188} INFO - ✓
[2025-05-04T14:45:56.114+0000] {logging_mixin.py:188} INFO -  | ⏱: 4.18s
[2025-05-04T14:45:56.416+0000] {logging_mixin.py:188} INFO - [SCRAPE].. ◆ https://vietnamnet.vn/tin-tuc-24h?bydaterang=&cate=000001                                            | 
[2025-05-04T14:45:56.417+0000] {logging_mixin.py:188} INFO - ✓
[2025-05-04T14:45:56.417+0000] {logging_mixin.py:188} INFO -  | ⏱: 0.29s
[2025-05-04T14:45:56.418+0000] {logging_mixin.py:188} INFO - [COMPLETE] ● https://vietnamnet.vn/tin-tuc-24h?bydaterang=&cate=000001                                            | 
[2025-05-04T14:45:56.419+0000] {logging_mixin.py:188} INFO - ✓
[2025-05-04T14:45:56.420+0000] {logging_mixin.py:188} INFO -  | ⏱: 4.49s
[2025-05-04T14:45:56.830+0000] {crawler.py:84} INFO - Tìm thấy 25 link bài viết cho danh mục chinh-tri
[2025-05-04T14:45:59.126+0000] {crawler.py:103} INFO - Đã lọc: 25 URLs ban đầu -> 0 URLs mới
[2025-05-04T14:45:59.128+0000] {crawler.py:222} INFO - Không có bài viết mới nào trong danh mục chinh-tri cần crawl.
[2025-05-04T14:45:59.136+0000] {crawler.py:257} INFO - Không có bài viết để lưu vào collection 'chinh-tri'
[2025-05-04T14:45:59.201+0000] {python.py:237} INFO - Done. Returned value was: None
[2025-05-04T14:45:59.202+0000] {taskinstance.py:441} INFO - ::group::Post task execution logs
[2025-05-04T14:45:59.236+0000] {taskinstance.py:1206} INFO - Marking task as SUCCESS. dag_id=vietnamnet_crawler_24h, task_id=crawl_chinh-tri, run_id=manual__2025-05-04T13:55:20.884374+00:00, execution_date=20250504T135520, start_date=20250504T144549, end_date=20250504T144559
[2025-05-04T14:45:59.322+0000] {local_task_job_runner.py:240} INFO - Task exited with return code 0
[2025-05-04T14:45:59.391+0000] {taskinstance.py:3503} INFO - 1 downstream tasks scheduled from follow-on schedule check
[2025-05-04T14:45:59.395+0000] {local_task_job_runner.py:222} INFO - ::endgroup::
