[2025-05-18T22:16:44.030+0000] {local_task_job_runner.py:120} INFO - ::group::Pre task execution logs
[2025-05-18T22:16:44.053+0000] {taskinstance.py:2076} INFO - Dependencies all met for dep_context=non-requeueable deps ti=<TaskInstance: vietnamnet_crawler_24h.crawl_chinh-tri scheduled__2025-05-18T21:30:00+00:00 [queued]>
[2025-05-18T22:16:44.068+0000] {taskinstance.py:2076} INFO - Dependencies all met for dep_context=requeueable deps ti=<TaskInstance: vietnamnet_crawler_24h.crawl_chinh-tri scheduled__2025-05-18T21:30:00+00:00 [queued]>
[2025-05-18T22:16:44.069+0000] {taskinstance.py:2306} INFO - Starting attempt 1 of 2
[2025-05-18T22:16:44.089+0000] {taskinstance.py:2330} INFO - Executing <Task(PythonOperator): crawl_chinh-tri> on 2025-05-18 21:30:00+00:00
[2025-05-18T22:16:44.096+0000] {warnings.py:112} WARNING - /home/***/.local/lib/python3.12/site-packages/***/task/task_runner/standard_task_runner.py:61: DeprecationWarning: This process (pid=19654) is multi-threaded, use of fork() may lead to deadlocks in the child.
  pid = os.fork()

[2025-05-18T22:16:44.098+0000] {standard_task_runner.py:63} INFO - Started process 19674 to run task
[2025-05-18T22:16:44.098+0000] {standard_task_runner.py:90} INFO - Running: ['***', 'tasks', 'run', 'vietnamnet_crawler_24h', 'crawl_chinh-tri', 'scheduled__2025-05-18T21:30:00+00:00', '--job-id', '66', '--raw', '--subdir', 'DAGS_FOLDER/dags.py', '--cfg-path', '/tmp/tmp35l487wy']
[2025-05-18T22:16:44.101+0000] {standard_task_runner.py:91} INFO - Job 66: Subtask crawl_chinh-tri
[2025-05-18T22:16:44.149+0000] {task_command.py:426} INFO - Running <TaskInstance: vietnamnet_crawler_24h.crawl_chinh-tri scheduled__2025-05-18T21:30:00+00:00 [running]> on host a383b65f89e1
[2025-05-18T22:16:44.287+0000] {taskinstance.py:2648} INFO - Exporting env vars: AIRFLOW_CTX_DAG_OWNER='***' AIRFLOW_CTX_DAG_ID='vietnamnet_crawler_24h' AIRFLOW_CTX_TASK_ID='crawl_chinh-tri' AIRFLOW_CTX_EXECUTION_DATE='2025-05-18T21:30:00+00:00' AIRFLOW_CTX_TRY_NUMBER='1' AIRFLOW_CTX_DAG_RUN_ID='scheduled__2025-05-18T21:30:00+00:00'
[2025-05-18T22:16:44.289+0000] {taskinstance.py:430} INFO - ::endgroup::
[2025-05-18T22:16:44.507+0000] {crawler.py:55} INFO - Đã kết nối thành công với MongoDB: News
[2025-05-18T22:16:44.763+0000] {logging_mixin.py:188} INFO - [INIT].... → Crawl4AI 0.6.3
[2025-05-18T22:16:47.679+0000] {logging_mixin.py:188} INFO - [FETCH]... ↓ https://vietnamnet.vn/tin-tuc-24h?bydaterang=&cate=000001          
| ✓ | ⏱: 2.83s
[2025-05-18T22:16:47.851+0000] {logging_mixin.py:188} INFO - [SCRAPE].. ◆ https://vietnamnet.vn/tin-tuc-24h?bydaterang=&cate=000001          
| ✓ | ⏱: 0.17s
[2025-05-18T22:16:47.853+0000] {logging_mixin.py:188} INFO - [COMPLETE] ● https://vietnamnet.vn/tin-tuc-24h?bydaterang=&cate=000001          
| ✓ | ⏱: 3.00s
[2025-05-18T22:16:48.091+0000] {crawler.py:85} INFO - Tìm thấy 25 link bài viết cho danh mục chinh-tri
[2025-05-18T22:16:48.625+0000] {crawler.py:110} INFO - Đã lọc: 25 URLs ban đầu -> 3 URLs sau xử lý live
[2025-05-18T22:16:48.626+0000] {crawler.py:255} INFO - Đang crawl 3 bài viết mới từ danh mục chinh-tri...
[2025-05-18T22:16:48.626+0000] {crawler.py:258} INFO - --> Crawl: https://vietnamnet.vn/bo-chinh-tri-ban-bi-thu-yeu-cau-kien-quyet-xu-ly-sai-pham-trong-cong-tac-can-bo-khi-sap-xep-2402411.html
[2025-05-18T22:16:49.368+0000] {logging_mixin.py:188} INFO - [INIT].... → Crawl4AI 0.6.3
[2025-05-18T22:16:52.643+0000] {logging_mixin.py:188} INFO - [FETCH]... ↓ 
https://vietnamnet.vn/bo-chinh-tri-ban-bi-thu-ye...m-trong-cong-tac-can-bo-khi-s
ap-xep-2402411.html  | ✓ | ⏱: 3.20s
[2025-05-18T22:16:52.894+0000] {logging_mixin.py:188} INFO - [SCRAPE].. ◆ 
https://vietnamnet.vn/bo-chinh-tri-ban-bi-thu-ye...m-trong-cong-tac-can-bo-khi-s
ap-xep-2402411.html  | ✓ | ⏱: 0.25s
[2025-05-18T22:16:52.896+0000] {logging_mixin.py:188} INFO - [COMPLETE] ● 
https://vietnamnet.vn/bo-chinh-tri-ban-bi-thu-ye...m-trong-cong-tac-can-bo-khi-s
ap-xep-2402411.html  | ✓ | ⏱: 3.46s
[2025-05-18T22:16:53.384+0000] {crawler.py:262} INFO -     ✓ Bộ Chính trị, Ban Bí thư yêu cầu kiên quyết xử lý sai phạm t...

[2025-05-18T22:16:53.389+0000] {crawler.py:258} INFO - --> Crawl: https://vietnamnet.vn/thu-tuong-bo-nhiem-11-nhan-su-bo-quoc-phong-2402437.html
[2025-05-18T22:16:54.357+0000] {logging_mixin.py:188} INFO - [INIT].... → Crawl4AI 0.6.3
[2025-05-18T22:17:00.151+0000] {logging_mixin.py:188} INFO - [FETCH]... ↓ 
https://vietnamnet.vn/thu-tuong-bo-nhiem-11-nhan-su-bo-quoc-phong-2402437.html  
| ✓ | ⏱: 5.84s
[2025-05-18T22:17:00.709+0000] {logging_mixin.py:188} INFO - [SCRAPE].. ◆ 
https://vietnamnet.vn/thu-tuong-bo-nhiem-11-nhan-su-bo-quoc-phong-2402437.html  
| ✓ | ⏱: 0.56s
[2025-05-18T22:17:00.712+0000] {logging_mixin.py:188} INFO - [COMPLETE] ● 
https://vietnamnet.vn/thu-tuong-bo-nhiem-11-nhan-su-bo-quoc-phong-2402437.html  
| ✓ | ⏱: 6.40s
[2025-05-18T22:17:01.655+0000] {crawler.py:262} INFO -     ✓ Thủ tướng bổ nhiệm 11 nhân sự Bộ Quốc phòng...

[2025-05-18T22:17:01.656+0000] {crawler.py:258} INFO - --> Crawl: https://vietnamnet.vn/can-bo-lam-chinh-sach-co-chuyen-mon-kinh-nghiem-co-the-duoc-keo-dai-tuoi-huu-2402445.html
[2025-05-18T22:17:03.405+0000] {logging_mixin.py:188} INFO - [INIT].... → Crawl4AI 0.6.3
[2025-05-18T22:20:55.975+0000] {local_task_job_runner.py:120} INFO - ::group::Pre task execution logs
[2025-05-18T22:20:55.996+0000] {taskinstance.py:2076} INFO - Dependencies all met for dep_context=non-requeueable deps ti=<TaskInstance: vietnamnet_crawler_24h.crawl_chinh-tri scheduled__2025-05-18T21:30:00+00:00 [queued]>
[2025-05-18T22:20:56.005+0000] {taskinstance.py:2076} INFO - Dependencies all met for dep_context=requeueable deps ti=<TaskInstance: vietnamnet_crawler_24h.crawl_chinh-tri scheduled__2025-05-18T21:30:00+00:00 [queued]>
[2025-05-18T22:20:56.005+0000] {taskinstance.py:2306} INFO - Starting attempt 1 of 2
[2025-05-18T22:20:56.017+0000] {taskinstance.py:2330} INFO - Executing <Task(PythonOperator): crawl_chinh-tri> on 2025-05-18 21:30:00+00:00
[2025-05-18T22:20:56.022+0000] {warnings.py:112} WARNING - /home/***/.local/lib/python3.12/site-packages/***/task/task_runner/standard_task_runner.py:61: DeprecationWarning: This process (pid=310) is multi-threaded, use of fork() may lead to deadlocks in the child.
  pid = os.fork()

[2025-05-18T22:20:56.024+0000] {standard_task_runner.py:63} INFO - Started process 311 to run task
[2025-05-18T22:20:56.024+0000] {standard_task_runner.py:90} INFO - Running: ['***', 'tasks', 'run', 'vietnamnet_crawler_24h', 'crawl_chinh-tri', 'scheduled__2025-05-18T21:30:00+00:00', '--job-id', '4', '--raw', '--subdir', 'DAGS_FOLDER/dags.py', '--cfg-path', '/tmp/tmpdjn8vp3u']
[2025-05-18T22:20:56.026+0000] {standard_task_runner.py:91} INFO - Job 4: Subtask crawl_chinh-tri
[2025-05-18T22:20:56.064+0000] {task_command.py:426} INFO - Running <TaskInstance: vietnamnet_crawler_24h.crawl_chinh-tri scheduled__2025-05-18T21:30:00+00:00 [running]> on host 77183253eef9
[2025-05-18T22:20:56.137+0000] {taskinstance.py:2648} INFO - Exporting env vars: AIRFLOW_CTX_DAG_OWNER='***' AIRFLOW_CTX_DAG_ID='vietnamnet_crawler_24h' AIRFLOW_CTX_TASK_ID='crawl_chinh-tri' AIRFLOW_CTX_EXECUTION_DATE='2025-05-18T21:30:00+00:00' AIRFLOW_CTX_TRY_NUMBER='1' AIRFLOW_CTX_DAG_RUN_ID='scheduled__2025-05-18T21:30:00+00:00'
[2025-05-18T22:20:56.138+0000] {taskinstance.py:430} INFO - ::endgroup::
[2025-05-18T22:20:56.294+0000] {crawler.py:55} INFO - Đã kết nối thành công với MongoDB: News
[2025-05-18T22:20:56.850+0000] {logging_mixin.py:188} INFO - [INIT].... → Crawl4AI 0.6.3
[2025-05-18T22:20:59.238+0000] {logging_mixin.py:188} INFO - [FETCH]... ↓ https://vietnamnet.vn/tin-tuc-24h?bydaterang=&cate=000001          
| ✓ | ⏱: 2.32s
[2025-05-18T22:20:59.457+0000] {logging_mixin.py:188} INFO - [SCRAPE].. ◆ https://vietnamnet.vn/tin-tuc-24h?bydaterang=&cate=000001          
| ✓ | ⏱: 0.22s
[2025-05-18T22:20:59.459+0000] {logging_mixin.py:188} INFO - [COMPLETE] ● https://vietnamnet.vn/tin-tuc-24h?bydaterang=&cate=000001          
| ✓ | ⏱: 2.54s
[2025-05-18T22:20:59.682+0000] {crawler.py:85} INFO - Tìm thấy 25 link bài viết cho danh mục chinh-tri
[2025-05-18T22:21:00.215+0000] {crawler.py:110} INFO - Đã lọc: 25 URLs ban đầu -> 5 URLs sau xử lý live
[2025-05-18T22:21:00.216+0000] {crawler.py:255} INFO - Đang crawl 5 bài viết mới từ danh mục chinh-tri...
[2025-05-18T22:21:00.216+0000] {crawler.py:258} INFO - --> Crawl: https://vietnamnet.vn/bo-chinh-tri-ban-bi-thu-yeu-cau-kien-quyet-xu-ly-sai-pham-trong-cong-tac-can-bo-khi-sap-xep-2402411.html
[2025-05-18T22:21:00.786+0000] {logging_mixin.py:188} INFO - [INIT].... → Crawl4AI 0.6.3
[2025-05-18T22:21:03.170+0000] {logging_mixin.py:188} INFO - [FETCH]... ↓ 
https://vietnamnet.vn/bo-chinh-tri-ban-bi-thu-ye...m-trong-cong-tac-can-bo-khi-s
ap-xep-2402411.html  | ✓ | ⏱: 2.33s
[2025-05-18T22:21:03.364+0000] {logging_mixin.py:188} INFO - [SCRAPE].. ◆ 
https://vietnamnet.vn/bo-chinh-tri-ban-bi-thu-ye...m-trong-cong-tac-can-bo-khi-s
ap-xep-2402411.html  | ✓ | ⏱: 0.19s
[2025-05-18T22:21:03.366+0000] {logging_mixin.py:188} INFO - [COMPLETE] ● 
https://vietnamnet.vn/bo-chinh-tri-ban-bi-thu-ye...m-trong-cong-tac-can-bo-khi-s
ap-xep-2402411.html  | ✓ | ⏱: 2.52s
[2025-05-18T22:21:03.749+0000] {crawler.py:262} INFO -     ✓ Bộ Chính trị, Ban Bí thư yêu cầu kiên quyết xử lý sai phạm t...

[2025-05-18T22:21:03.750+0000] {crawler.py:258} INFO - --> Crawl: https://vietnamnet.vn/chuyen-kieu-bao-tho-bac-ho-khi-nguoi-con-song-2402414.html
[2025-05-18T22:21:04.245+0000] {logging_mixin.py:188} INFO - [INIT].... → Crawl4AI 0.6.3
[2025-05-18T22:21:06.513+0000] {logging_mixin.py:188} INFO - [FETCH]... ↓ 
https://vietnamnet.vn/chuyen-kieu-bao-tho-bac-ho-khi-nguoi-con-song-2402414.html
| ✓ | ⏱: 2.22s
[2025-05-18T22:21:06.709+0000] {logging_mixin.py:188} INFO - [SCRAPE].. ◆ 
https://vietnamnet.vn/chuyen-kieu-bao-tho-bac-ho-khi-nguoi-con-song-2402414.html
| ✓ | ⏱: 0.19s
[2025-05-18T22:21:06.710+0000] {logging_mixin.py:188} INFO - [COMPLETE] ● 
https://vietnamnet.vn/chuyen-kieu-bao-tho-bac-ho-khi-nguoi-con-song-2402414.html
| ✓ | ⏱: 2.42s
[2025-05-18T22:21:07.090+0000] {crawler.py:262} INFO -     ✓ Chuyện kiều bào thờ Bác Hồ khi Người còn sống...

[2025-05-18T22:21:07.091+0000] {crawler.py:258} INFO - --> Crawl: https://vietnamnet.vn/thu-tuong-bo-nhiem-11-nhan-su-bo-quoc-phong-2402437.html
[2025-05-18T22:21:07.585+0000] {logging_mixin.py:188} INFO - [INIT].... → Crawl4AI 0.6.3
[2025-05-18T22:21:09.800+0000] {logging_mixin.py:188} INFO - [FETCH]... ↓ 
https://vietnamnet.vn/thu-tuong-bo-nhiem-11-nhan-su-bo-quoc-phong-2402437.html  
| ✓ | ⏱: 2.16s
[2025-05-18T22:21:09.985+0000] {logging_mixin.py:188} INFO - [SCRAPE].. ◆ 
https://vietnamnet.vn/thu-tuong-bo-nhiem-11-nhan-su-bo-quoc-phong-2402437.html  
| ✓ | ⏱: 0.18s
[2025-05-18T22:21:09.987+0000] {logging_mixin.py:188} INFO - [COMPLETE] ● 
https://vietnamnet.vn/thu-tuong-bo-nhiem-11-nhan-su-bo-quoc-phong-2402437.html  
| ✓ | ⏱: 2.35s
[2025-05-18T22:21:10.369+0000] {crawler.py:262} INFO -     ✓ Thủ tướng bổ nhiệm 11 nhân sự Bộ Quốc phòng...

[2025-05-18T22:21:10.370+0000] {crawler.py:258} INFO - --> Crawl: https://vietnamnet.vn/can-bo-lam-chinh-sach-co-chuyen-mon-kinh-nghiem-co-the-duoc-keo-dai-tuoi-huu-2402445.html
[2025-05-18T22:21:10.886+0000] {logging_mixin.py:188} INFO - [INIT].... → Crawl4AI 0.6.3
[2025-05-18T22:21:13.160+0000] {logging_mixin.py:188} INFO - [FETCH]... ↓ 
https://vietnamnet.vn/can-bo-lam-chinh-sach-co-c...nghiem-co-the-duoc-keo-dai-tu
oi-huu-2402445.html  | ✓ | ⏱: 2.22s
[2025-05-18T22:21:13.367+0000] {logging_mixin.py:188} INFO - [SCRAPE].. ◆ 
https://vietnamnet.vn/can-bo-lam-chinh-sach-co-c...nghiem-co-the-duoc-keo-dai-tu
oi-huu-2402445.html  | ✓ | ⏱: 0.20s
[2025-05-18T22:21:13.369+0000] {logging_mixin.py:188} INFO - [COMPLETE] ● 
https://vietnamnet.vn/can-bo-lam-chinh-sach-co-c...nghiem-co-the-duoc-keo-dai-tu
oi-huu-2402445.html  | ✓ | ⏱: 2.43s
[2025-05-18T22:21:13.883+0000] {crawler.py:262} INFO -     ✓ Cán bộ xây dựng pháp luật có chuyên môn, kinh nghiệm được ké...

[2025-05-18T22:21:13.883+0000] {crawler.py:258} INFO - --> Crawl: https://vietnamnet.vn/danh-sach-bi-thu-chu-tich-52-tinh-thanh-pho-du-kien-sap-nhap-2401180.html
[2025-05-18T22:21:14.376+0000] {logging_mixin.py:188} INFO - [INIT].... → Crawl4AI 0.6.3
[2025-05-18T22:21:16.663+0000] {logging_mixin.py:188} INFO - [FETCH]... ↓ 
https://vietnamnet.vn/danh-sach-bi-thu-chu-tich-52-tinh-thanh-pho-du-kien-sap-nh
ap-2401180.html      | ✓ | ⏱: 2.23s
[2025-05-18T22:21:16.865+0000] {logging_mixin.py:188} INFO - [SCRAPE].. ◆ 
https://vietnamnet.vn/danh-sach-bi-thu-chu-tich-52-tinh-thanh-pho-du-kien-sap-nh
ap-2401180.html      | ✓ | ⏱: 0.20s
[2025-05-18T22:21:16.867+0000] {logging_mixin.py:188} INFO - [COMPLETE] ● 
https://vietnamnet.vn/danh-sach-bi-thu-chu-tich-52-tinh-thanh-pho-du-kien-sap-nh
ap-2401180.html      | ✓ | ⏱: 2.44s
[2025-05-18T22:21:17.220+0000] {crawler.py:262} INFO -     ✓ Danh sách bí thư, chủ tịch 52 tỉnh, thành dự kiến sáp nhập...

[2025-05-18T22:21:17.221+0000] {crawler.py:265} INFO - ⏱️  Tổng thời gian crawl: 20.93 giây
[2025-05-18T22:21:17.413+0000] {crawler.py:292} INFO - Đã lưu 5 bài viết vào collection 'chinh-tri'
[2025-05-18T22:21:17.470+0000] {python.py:237} INFO - Done. Returned value was: None
[2025-05-18T22:21:17.471+0000] {taskinstance.py:441} INFO - ::group::Post task execution logs
[2025-05-18T22:21:17.478+0000] {taskinstance.py:1206} INFO - Marking task as SUCCESS. dag_id=vietnamnet_crawler_24h, task_id=crawl_chinh-tri, run_id=scheduled__2025-05-18T21:30:00+00:00, execution_date=20250518T213000, start_date=20250518T222055, end_date=20250518T222117
[2025-05-18T22:21:17.521+0000] {local_task_job_runner.py:240} INFO - Task exited with return code 0
[2025-05-18T22:21:17.545+0000] {taskinstance.py:3503} INFO - 1 downstream tasks scheduled from follow-on schedule check
[2025-05-18T22:21:17.547+0000] {local_task_job_runner.py:222} INFO - ::endgroup::
