[2025-06-02T14:17:21.863+0000] {local_task_job_runner.py:120} INFO - ::group::Pre task execution logs
[2025-06-02T14:17:22.029+0000] {taskinstance.py:2076} INFO - Dependencies all met for dep_context=non-requeueable deps ti=<TaskInstance: vietnamnet_crawler_24h.crawl_cong-nghe manual__2025-06-02T14:12:09.225841+00:00 [queued]>
[2025-06-02T14:17:22.118+0000] {taskinstance.py:2076} INFO - Dependencies all met for dep_context=requeueable deps ti=<TaskInstance: vietnamnet_crawler_24h.crawl_cong-nghe manual__2025-06-02T14:12:09.225841+00:00 [queued]>
[2025-06-02T14:17:22.139+0000] {taskinstance.py:2306} INFO - Starting attempt 2 of 2
[2025-06-02T14:17:22.279+0000] {taskinstance.py:2330} INFO - Executing <Task(PythonOperator): crawl_cong-nghe> on 2025-06-02 14:12:09.225841+00:00
[2025-06-02T14:17:22.328+0000] {warnings.py:112} WARNING - /home/***/.local/lib/python3.12/site-packages/***/task/task_runner/standard_task_runner.py:61: DeprecationWarning: This process (pid=6630) is multi-threaded, use of fork() may lead to deadlocks in the child.
  pid = os.fork()

[2025-06-02T14:17:22.336+0000] {standard_task_runner.py:90} INFO - Running: ['***', 'tasks', 'run', 'vietnamnet_crawler_24h', 'crawl_cong-nghe', 'manual__2025-06-02T14:12:09.225841+00:00', '--job-id', '6', '--raw', '--subdir', 'DAGS_FOLDER/dags.py', '--cfg-path', '/tmp/tmpvqnml045']
[2025-06-02T14:17:22.346+0000] {standard_task_runner.py:63} INFO - Started process 6711 to run task
[2025-06-02T14:17:22.362+0000] {standard_task_runner.py:91} INFO - Job 6: Subtask crawl_cong-nghe
[2025-06-02T14:17:22.656+0000] {task_command.py:426} INFO - Running <TaskInstance: vietnamnet_crawler_24h.crawl_cong-nghe manual__2025-06-02T14:12:09.225841+00:00 [running]> on host 1c99532c5ee4
[2025-06-02T14:17:23.139+0000] {taskinstance.py:2648} INFO - Exporting env vars: AIRFLOW_CTX_DAG_OWNER='***' AIRFLOW_CTX_DAG_ID='vietnamnet_crawler_24h' AIRFLOW_CTX_TASK_ID='crawl_cong-nghe' AIRFLOW_CTX_EXECUTION_DATE='2025-06-02T14:12:09.225841+00:00' AIRFLOW_CTX_TRY_NUMBER='2' AIRFLOW_CTX_DAG_RUN_ID='manual__2025-06-02T14:12:09.225841+00:00'
[2025-06-02T14:17:23.146+0000] {taskinstance.py:430} INFO - ::endgroup::
[2025-06-02T14:17:26.105+0000] {crawler.py:55} INFO - Đã kết nối thành công với MongoDB: News
[2025-06-02T14:17:31.048+0000] {logging_mixin.py:188} INFO - [INIT].... → Crawl4AI 0.6.3
[2025-06-02T14:17:38.794+0000] {logging_mixin.py:188} INFO - [FETCH]... ↓ https://vietnamnet.vn/tin-tuc-24h?bydaterang=&cate=00MK8V          
| ✓ | ⏱: 7.29s
[2025-06-02T14:17:39.036+0000] {logging_mixin.py:188} INFO - [SCRAPE].. ◆ https://vietnamnet.vn/tin-tuc-24h?bydaterang=&cate=00MK8V          
| ✓ | ⏱: 0.24s
[2025-06-02T14:17:39.039+0000] {logging_mixin.py:188} INFO - [COMPLETE] ● https://vietnamnet.vn/tin-tuc-24h?bydaterang=&cate=00MK8V          
| ✓ | ⏱: 7.53s
[2025-06-02T14:17:39.601+0000] {crawler.py:85} INFO - Tìm thấy 25 link bài viết cho danh mục cong-nghe
[2025-06-02T14:17:41.484+0000] {crawler.py:110} INFO - Đã lọc: 25 URLs ban đầu -> 0 URLs sau xử lý live
[2025-06-02T14:17:41.485+0000] {crawler.py:252} INFO - Không có bài viết mới nào trong danh mục cong-nghe cần crawl.
[2025-06-02T14:17:41.551+0000] {crawler.py:294} INFO - Không có bài viết để lưu vào collection 'cong-nghe'
[2025-06-02T14:17:41.614+0000] {python.py:237} INFO - Done. Returned value was: None
[2025-06-02T14:17:41.617+0000] {taskinstance.py:441} INFO - ::group::Post task execution logs
[2025-06-02T14:17:41.648+0000] {taskinstance.py:1206} INFO - Marking task as SUCCESS. dag_id=vietnamnet_crawler_24h, task_id=crawl_cong-nghe, run_id=manual__2025-06-02T14:12:09.225841+00:00, execution_date=20250602T141209, start_date=20250602T141722, end_date=20250602T141741
[2025-06-02T14:17:41.856+0000] {local_task_job_runner.py:240} INFO - Task exited with return code 0
[2025-06-02T14:17:41.971+0000] {taskinstance.py:3503} INFO - 1 downstream tasks scheduled from follow-on schedule check
[2025-06-02T14:17:42.017+0000] {local_task_job_runner.py:222} INFO - ::endgroup::
