[2025-05-18T09:36:22.037+0000] {local_task_job_runner.py:120} INFO - ::group::Pre task execution logs
[2025-05-18T09:36:22.075+0000] {taskinstance.py:2076} INFO - Dependencies all met for dep_context=non-requeueable deps ti=<TaskInstance: vietnamnet_crawler_24h.crawl_giao-duc manual__2025-05-18T09:35:50.340133+00:00 [queued]>
[2025-05-18T09:36:22.086+0000] {taskinstance.py:2076} INFO - Dependencies all met for dep_context=requeueable deps ti=<TaskInstance: vietnamnet_crawler_24h.crawl_giao-duc manual__2025-05-18T09:35:50.340133+00:00 [queued]>
[2025-05-18T09:36:22.087+0000] {taskinstance.py:2306} INFO - Starting attempt 1 of 2
[2025-05-18T09:36:22.107+0000] {taskinstance.py:2330} INFO - Executing <Task(PythonOperator): crawl_giao-duc> on 2025-05-18 09:35:50.340133+00:00
[2025-05-18T09:36:22.114+0000] {warnings.py:112} WARNING - /home/***/.local/lib/python3.12/site-packages/***/task/task_runner/standard_task_runner.py:61: DeprecationWarning: This process (pid=4661) is multi-threaded, use of fork() may lead to deadlocks in the child.
  pid = os.fork()

[2025-05-18T09:36:22.117+0000] {standard_task_runner.py:63} INFO - Started process 4662 to run task
[2025-05-18T09:36:22.117+0000] {standard_task_runner.py:90} INFO - Running: ['***', 'tasks', 'run', 'vietnamnet_crawler_24h', 'crawl_giao-duc', 'manual__2025-05-18T09:35:50.340133+00:00', '--job-id', '23', '--raw', '--subdir', 'DAGS_FOLDER/dags.py', '--cfg-path', '/tmp/tmpnsggfir7']
[2025-05-18T09:36:22.120+0000] {standard_task_runner.py:91} INFO - Job 23: Subtask crawl_giao-duc
[2025-05-18T09:36:22.174+0000] {task_command.py:426} INFO - Running <TaskInstance: vietnamnet_crawler_24h.crawl_giao-duc manual__2025-05-18T09:35:50.340133+00:00 [running]> on host 4a3ee431a987
[2025-05-18T09:36:22.347+0000] {taskinstance.py:2648} INFO - Exporting env vars: AIRFLOW_CTX_DAG_OWNER='***' AIRFLOW_CTX_DAG_ID='vietnamnet_crawler_24h' AIRFLOW_CTX_TASK_ID='crawl_giao-duc' AIRFLOW_CTX_EXECUTION_DATE='2025-05-18T09:35:50.340133+00:00' AIRFLOW_CTX_TRY_NUMBER='1' AIRFLOW_CTX_DAG_RUN_ID='manual__2025-05-18T09:35:50.340133+00:00'
[2025-05-18T09:36:22.352+0000] {taskinstance.py:430} INFO - ::endgroup::
[2025-05-18T09:36:22.884+0000] {crawler.py:55} INFO - Đã kết nối thành công với MongoDB: News
[2025-05-18T09:36:24.212+0000] {logging_mixin.py:188} INFO - [INIT].... → Crawl4AI 0.6.3
[2025-05-18T09:36:27.300+0000] {logging_mixin.py:188} INFO - [FETCH]... ↓ https://vietnamnet.vn/tin-tuc-24h?bydaterang=&cate=000006          
| ✓ | ⏱: 2.99s
[2025-05-18T09:36:27.815+0000] {logging_mixin.py:188} INFO - [SCRAPE].. ◆ https://vietnamnet.vn/tin-tuc-24h?bydaterang=&cate=000006          
| ✓ | ⏱: 0.51s
[2025-05-18T09:36:27.823+0000] {logging_mixin.py:188} INFO - [COMPLETE] ● https://vietnamnet.vn/tin-tuc-24h?bydaterang=&cate=000006          
| ✓ | ⏱: 3.51s
[2025-05-18T09:36:28.415+0000] {crawler.py:85} INFO - Tìm thấy 25 link bài viết cho danh mục giao-duc
[2025-05-18T09:36:29.212+0000] {crawler.py:110} INFO - Đã lọc: 25 URLs ban đầu -> 1 URLs sau xử lý live
[2025-05-18T09:36:29.213+0000] {crawler.py:255} INFO - Đang crawl 1 bài viết mới từ danh mục giao-duc...
[2025-05-18T09:36:29.214+0000] {crawler.py:258} INFO - --> Crawl: https://vietnamnet.vn/de-thi-thu-tot-nghiep-thpt-nam-2025-mon-toan-kem-dap-an-cua-hai-phong-2401449.html
[2025-05-18T09:36:29.982+0000] {logging_mixin.py:188} INFO - [INIT].... → Crawl4AI 0.6.3
[2025-05-18T09:36:32.895+0000] {logging_mixin.py:188} INFO - [FETCH]... ↓ 
https://vietnamnet.vn/de-thi-thu-tot-nghiep-thpt...5-mon-toan-kem-dap-an-cua-hai
-phong-2401449.html  | ✓ | ⏱: 2.82s
[2025-05-18T09:36:33.091+0000] {logging_mixin.py:188} INFO - [SCRAPE].. ◆ 
https://vietnamnet.vn/de-thi-thu-tot-nghiep-thpt...5-mon-toan-kem-dap-an-cua-hai
-phong-2401449.html  | ✓ | ⏱: 0.19s
[2025-05-18T09:36:33.093+0000] {logging_mixin.py:188} INFO - [COMPLETE] ● 
https://vietnamnet.vn/de-thi-thu-tot-nghiep-thpt...5-mon-toan-kem-dap-an-cua-hai
-phong-2401449.html  | ✓ | ⏱: 3.02s
[2025-05-18T09:36:33.536+0000] {crawler.py:262} INFO -     ✓ Đề thi thử tốt nghiệp THPT năm 2025 môn Toán kèm đáp án của ...

[2025-05-18T09:36:33.537+0000] {crawler.py:265} INFO - ⏱️  Tổng thời gian crawl: 10.65 giây
[2025-05-18T09:36:33.691+0000] {crawler.py:292} INFO - Đã lưu 1 bài viết vào collection 'giao-duc'
[2025-05-18T09:36:33.765+0000] {python.py:237} INFO - Done. Returned value was: None
[2025-05-18T09:36:33.766+0000] {taskinstance.py:441} INFO - ::group::Post task execution logs
[2025-05-18T09:36:33.773+0000] {taskinstance.py:1206} INFO - Marking task as SUCCESS. dag_id=vietnamnet_crawler_24h, task_id=crawl_giao-duc, run_id=manual__2025-05-18T09:35:50.340133+00:00, execution_date=20250518T093550, start_date=20250518T093622, end_date=20250518T093633
[2025-05-18T09:36:33.817+0000] {local_task_job_runner.py:240} INFO - Task exited with return code 0
[2025-05-18T09:36:33.846+0000] {taskinstance.py:3503} INFO - 1 downstream tasks scheduled from follow-on schedule check
[2025-05-18T09:36:33.849+0000] {local_task_job_runner.py:222} INFO - ::endgroup::
