[2025-05-18T11:35:51.107+0000] {local_task_job_runner.py:120} INFO - ::group::Pre task execution logs
[2025-05-18T11:35:51.197+0000] {taskinstance.py:2076} INFO - Dependencies all met for dep_context=non-requeueable deps ti=<TaskInstance: vietnamnet_crawler_24h.crawl_doi-song scheduled__2025-05-18T11:00:00+00:00 [queued]>
[2025-05-18T11:35:51.232+0000] {taskinstance.py:2076} INFO - Dependencies all met for dep_context=requeueable deps ti=<TaskInstance: vietnamnet_crawler_24h.crawl_doi-song scheduled__2025-05-18T11:00:00+00:00 [queued]>
[2025-05-18T11:35:51.237+0000] {taskinstance.py:2306} INFO - Starting attempt 1 of 2
[2025-05-18T11:35:51.303+0000] {taskinstance.py:2330} INFO - Executing <Task(PythonOperator): crawl_doi-song> on 2025-05-18 11:00:00+00:00
[2025-05-18T11:35:51.334+0000] {warnings.py:112} WARNING - /home/***/.local/lib/python3.12/site-packages/***/task/task_runner/standard_task_runner.py:61: DeprecationWarning: This process (pid=2395) is multi-threaded, use of fork() may lead to deadlocks in the child.
  pid = os.fork()

[2025-05-18T11:35:51.340+0000] {standard_task_runner.py:63} INFO - Started process 2396 to run task
[2025-05-18T11:35:51.338+0000] {standard_task_runner.py:90} INFO - Running: ['***', 'tasks', 'run', 'vietnamnet_crawler_24h', 'crawl_doi-song', 'scheduled__2025-05-18T11:00:00+00:00', '--job-id', '8', '--raw', '--subdir', 'DAGS_FOLDER/dags.py', '--cfg-path', '/tmp/tmpergcltxn']
[2025-05-18T11:35:51.347+0000] {standard_task_runner.py:91} INFO - Job 8: Subtask crawl_doi-song
[2025-05-18T11:35:51.491+0000] {task_command.py:426} INFO - Running <TaskInstance: vietnamnet_crawler_24h.crawl_doi-song scheduled__2025-05-18T11:00:00+00:00 [running]> on host a383b65f89e1
[2025-05-18T11:35:52.389+0000] {taskinstance.py:2648} INFO - Exporting env vars: AIRFLOW_CTX_DAG_OWNER='***' AIRFLOW_CTX_DAG_ID='vietnamnet_crawler_24h' AIRFLOW_CTX_TASK_ID='crawl_doi-song' AIRFLOW_CTX_EXECUTION_DATE='2025-05-18T11:00:00+00:00' AIRFLOW_CTX_TRY_NUMBER='1' AIRFLOW_CTX_DAG_RUN_ID='scheduled__2025-05-18T11:00:00+00:00'
[2025-05-18T11:35:52.393+0000] {taskinstance.py:430} INFO - ::endgroup::
[2025-05-18T11:35:53.374+0000] {crawler.py:55} INFO - Đã kết nối thành công với MongoDB: News
[2025-05-18T11:35:55.071+0000] {logging_mixin.py:188} INFO - [INIT].... → Crawl4AI 0.6.3
[2025-05-18T11:36:00.086+0000] {logging_mixin.py:188} INFO - [FETCH]... ↓ https://vietnamnet.vn/tin-tuc-24h?bydaterang=&cate=000007          
| ✓ | ⏱: 4.91s
[2025-05-18T11:36:00.434+0000] {logging_mixin.py:188} INFO - [SCRAPE].. ◆ https://vietnamnet.vn/tin-tuc-24h?bydaterang=&cate=000007          
| ✓ | ⏱: 0.34s
[2025-05-18T11:36:00.437+0000] {logging_mixin.py:188} INFO - [COMPLETE] ● https://vietnamnet.vn/tin-tuc-24h?bydaterang=&cate=000007          
| ✓ | ⏱: 5.27s
[2025-05-18T11:36:00.836+0000] {crawler.py:85} INFO - Tìm thấy 25 link bài viết cho danh mục doi-song
[2025-05-18T11:36:01.564+0000] {crawler.py:110} INFO - Đã lọc: 25 URLs ban đầu -> 1 URLs sau xử lý live
[2025-05-18T11:36:01.567+0000] {crawler.py:255} INFO - Đang crawl 1 bài viết mới từ danh mục doi-song...
[2025-05-18T11:36:01.568+0000] {crawler.py:258} INFO - --> Crawl: https://vietnamnet.vn/to-gia-dinh-trieu-phu-quyt-tien-bua-toi-nha-hang-tra-gia-dat-2401502.html
[2025-05-18T11:36:02.944+0000] {logging_mixin.py:188} INFO - [INIT].... → Crawl4AI 0.6.3
[2025-05-18T11:36:09.023+0000] {logging_mixin.py:188} INFO - [FETCH]... ↓ 
https://vietnamnet.vn/to-gia-dinh-trieu-phu-quyt-tien-bua-toi-nha-hang-tra-gia-d
at-2401502.html      | ✓ | ⏱: 5.81s
[2025-05-18T11:36:09.368+0000] {logging_mixin.py:188} INFO - [SCRAPE].. ◆ 
https://vietnamnet.vn/to-gia-dinh-trieu-phu-quyt-tien-bua-toi-nha-hang-tra-gia-d
at-2401502.html      | ✓ | ⏱: 0.34s
[2025-05-18T11:36:09.372+0000] {logging_mixin.py:188} INFO - [COMPLETE] ● 
https://vietnamnet.vn/to-gia-dinh-trieu-phu-quyt-tien-bua-toi-nha-hang-tra-gia-d
at-2401502.html      | ✓ | ⏱: 6.16s
[2025-05-18T11:36:10.329+0000] {crawler.py:262} INFO -     ✓ Tố gia đình triệu phú quỵt tiền bữa tối, nhà hàng trả giá đắ...

[2025-05-18T11:36:10.330+0000] {crawler.py:265} INFO - ⏱️  Tổng thời gian crawl: 16.95 giây
[2025-05-18T11:36:10.463+0000] {crawler.py:292} INFO - Đã lưu 1 bài viết vào collection 'doi-song'
[2025-05-18T11:36:10.524+0000] {python.py:237} INFO - Done. Returned value was: None
[2025-05-18T11:36:10.526+0000] {taskinstance.py:441} INFO - ::group::Post task execution logs
[2025-05-18T11:36:10.536+0000] {taskinstance.py:1206} INFO - Marking task as SUCCESS. dag_id=vietnamnet_crawler_24h, task_id=crawl_doi-song, run_id=scheduled__2025-05-18T11:00:00+00:00, execution_date=20250518T110000, start_date=20250518T113551, end_date=20250518T113610
[2025-05-18T11:36:10.608+0000] {local_task_job_runner.py:240} INFO - Task exited with return code 0
[2025-05-18T11:36:10.627+0000] {taskinstance.py:3503} INFO - 0 downstream tasks scheduled from follow-on schedule check
[2025-05-18T11:36:10.648+0000] {local_task_job_runner.py:222} INFO - ::endgroup::
