[2025-05-04T13:31:06.613+0000] {local_task_job_runner.py:120} INFO - ::group::Pre task execution logs
[2025-05-04T13:31:06.654+0000] {taskinstance.py:2076} INFO - Dependencies all met for dep_context=non-requeueable deps ti=<TaskInstance: vietnamnet_crawler_with_summary.clean_old_articles scheduled__2025-05-04T13:00:00+00:00 [queued]>
[2025-05-04T13:31:06.666+0000] {taskinstance.py:2076} INFO - Dependencies all met for dep_context=requeueable deps ti=<TaskInstance: vietnamnet_crawler_with_summary.clean_old_articles scheduled__2025-05-04T13:00:00+00:00 [queued]>
[2025-05-04T13:31:06.667+0000] {taskinstance.py:2306} INFO - Starting attempt 1 of 2
[2025-05-04T13:31:06.689+0000] {taskinstance.py:2330} INFO - Executing <Task(PythonOperator): clean_old_articles> on 2025-05-04 13:00:00+00:00
[2025-05-04T13:31:06.697+0000] {warnings.py:112} WARNING - /home/***/.local/lib/python3.12/site-packages/***/task/task_runner/standard_task_runner.py:61: DeprecationWarning: This process (pid=199) is multi-threaded, use of fork() may lead to deadlocks in the child.
  pid = os.fork()

[2025-05-04T13:31:06.699+0000] {standard_task_runner.py:63} INFO - Started process 201 to run task
[2025-05-04T13:31:06.701+0000] {standard_task_runner.py:90} INFO - Running: ['***', 'tasks', 'run', 'vietnamnet_crawler_with_summary', 'clean_old_articles', 'scheduled__2025-05-04T13:00:00+00:00', '--job-id', '4', '--raw', '--subdir', 'DAGS_FOLDER/dags.py', '--cfg-path', '/tmp/tmp9rqjwvtl']
[2025-05-04T13:31:06.706+0000] {standard_task_runner.py:91} INFO - Job 4: Subtask clean_old_articles
[2025-05-04T13:31:06.769+0000] {task_command.py:426} INFO - Running <TaskInstance: vietnamnet_crawler_with_summary.clean_old_articles scheduled__2025-05-04T13:00:00+00:00 [running]> on host 38037b7cfc5d
[2025-05-04T13:31:06.885+0000] {taskinstance.py:2648} INFO - Exporting env vars: AIRFLOW_CTX_DAG_OWNER='***' AIRFLOW_CTX_DAG_ID='vietnamnet_crawler_with_summary' AIRFLOW_CTX_TASK_ID='clean_old_articles' AIRFLOW_CTX_EXECUTION_DATE='2025-05-04T13:00:00+00:00' AIRFLOW_CTX_TRY_NUMBER='1' AIRFLOW_CTX_DAG_RUN_ID='scheduled__2025-05-04T13:00:00+00:00'
[2025-05-04T13:31:06.888+0000] {taskinstance.py:430} INFO - ::endgroup::
[2025-05-04T13:31:07.422+0000] {database_cleaner.py:33} INFO - Đã kết nối MongoDB: News
[2025-05-04T13:31:07.423+0000] {database_cleaner.py:102} INFO - Xóa các bài viết trước: 2025-04-03T20:31:07.423231+07:00
[2025-05-04T13:31:08.484+0000] {database_cleaner.py:125} INFO - Collection 'the-gioi': 0 bài bị xóa
[2025-05-04T13:31:09.922+0000] {database_cleaner.py:117} INFO - 10 bài đã xóa từ 'chinh-tri'
[2025-05-04T13:31:10.581+0000] {database_cleaner.py:117} INFO - 20 bài đã xóa từ 'chinh-tri'
[2025-05-04T13:31:10.749+0000] {database_cleaner.py:125} INFO - Collection 'chinh-tri': 22 bài bị xóa
[2025-05-04T13:31:11.181+0000] {database_cleaner.py:125} INFO - Collection 'doi-song': 5 bài bị xóa
[2025-05-04T13:31:12.784+0000] {database_cleaner.py:117} INFO - 10 bài đã xóa từ 'giao-duc'
[2025-05-04T13:31:12.878+0000] {database_cleaner.py:125} INFO - Collection 'giao-duc': 11 bài bị xóa
[2025-05-04T13:31:12.941+0000] {database_cleaner.py:42} INFO - Đã đóng kết nối MongoDB
[2025-05-04T13:31:12.942+0000] {database_cleaner.py:142} INFO - Đã xóa tổng cộng 38 bài, còn lại 1134
[2025-05-04T13:31:12.943+0000] {python.py:237} INFO - Done. Returned value was: {'the-gioi': {'total': 25, 'deleted': 0, 'remaining': 25}, 'chinh-tri': {'total': 699, 'deleted': 22, 'remaining': 677}, 'doi-song': {'total': 73, 'deleted': 5, 'remaining': 68}, 'giao-duc': {'total': 375, 'deleted': 11, 'remaining': 364}}
[2025-05-04T13:31:12.944+0000] {taskinstance.py:441} INFO - ::group::Post task execution logs
[2025-05-04T13:31:12.967+0000] {taskinstance.py:1206} INFO - Marking task as SUCCESS. dag_id=vietnamnet_crawler_with_summary, task_id=clean_old_articles, run_id=scheduled__2025-05-04T13:00:00+00:00, execution_date=20250504T130000, start_date=20250504T133106, end_date=20250504T133112
[2025-05-04T13:31:12.996+0000] {local_task_job_runner.py:240} INFO - Task exited with return code 0
[2025-05-04T13:31:13.022+0000] {taskinstance.py:3503} INFO - 1 downstream tasks scheduled from follow-on schedule check
[2025-05-04T13:31:13.025+0000] {local_task_job_runner.py:222} INFO - ::endgroup::
