[2025-05-16T13:44:56.392+0000] {local_task_job_runner.py:120} INFO - ::group::Pre task execution logs
[2025-05-16T13:44:56.418+0000] {taskinstance.py:2076} INFO - Dependencies all met for dep_context=non-requeueable deps ti=<TaskInstance: vietnamnet_crawler_24h.crawl_doi-song manual__2025-05-16T13:44:14.891160+00:00 [queued]>
[2025-05-16T13:44:56.429+0000] {taskinstance.py:2076} INFO - Dependencies all met for dep_context=requeueable deps ti=<TaskInstance: vietnamnet_crawler_24h.crawl_doi-song manual__2025-05-16T13:44:14.891160+00:00 [queued]>
[2025-05-16T13:44:56.430+0000] {taskinstance.py:2306} INFO - Starting attempt 1 of 2
[2025-05-16T13:44:56.446+0000] {taskinstance.py:2330} INFO - Executing <Task(PythonOperator): crawl_doi-song> on 2025-05-16 13:44:14.891160+00:00
[2025-05-16T13:44:56.453+0000] {warnings.py:112} WARNING - /home/***/.local/lib/python3.12/site-packages/***/task/task_runner/standard_task_runner.py:61: DeprecationWarning: This process (pid=14269) is multi-threaded, use of fork() may lead to deadlocks in the child.
  pid = os.fork()

[2025-05-16T13:44:56.455+0000] {standard_task_runner.py:63} INFO - Started process 14270 to run task
[2025-05-16T13:44:56.454+0000] {standard_task_runner.py:90} INFO - Running: ['***', 'tasks', 'run', 'vietnamnet_crawler_24h', 'crawl_doi-song', 'manual__2025-05-16T13:44:14.891160+00:00', '--job-id', '65', '--raw', '--subdir', 'DAGS_FOLDER/dags.py', '--cfg-path', '/tmp/tmp_nu3u5gj']
[2025-05-16T13:44:56.457+0000] {standard_task_runner.py:91} INFO - Job 65: Subtask crawl_doi-song
[2025-05-16T13:44:56.508+0000] {task_command.py:426} INFO - Running <TaskInstance: vietnamnet_crawler_24h.crawl_doi-song manual__2025-05-16T13:44:14.891160+00:00 [running]> on host 60d771d880eb
[2025-05-16T13:44:56.612+0000] {taskinstance.py:2648} INFO - Exporting env vars: AIRFLOW_CTX_DAG_OWNER='***' AIRFLOW_CTX_DAG_ID='vietnamnet_crawler_24h' AIRFLOW_CTX_TASK_ID='crawl_doi-song' AIRFLOW_CTX_EXECUTION_DATE='2025-05-16T13:44:14.891160+00:00' AIRFLOW_CTX_TRY_NUMBER='1' AIRFLOW_CTX_DAG_RUN_ID='manual__2025-05-16T13:44:14.891160+00:00'
[2025-05-16T13:44:56.614+0000] {taskinstance.py:430} INFO - ::endgroup::
[2025-05-16T13:44:56.846+0000] {crawler.py:54} INFO - Đã kết nối thành công với MongoDB: News
[2025-05-16T13:44:57.780+0000] {logging_mixin.py:188} INFO - [INIT].... → Crawl4AI 0.6.2
[2025-05-16T13:45:00.342+0000] {logging_mixin.py:188} INFO - [FETCH]... ↓ https://vietnamnet.vn/tin-tuc-24h?bydaterang=&cate=000007                                            | 
[2025-05-16T13:45:00.343+0000] {logging_mixin.py:188} INFO - ✓
[2025-05-16T13:45:00.343+0000] {logging_mixin.py:188} INFO -  | ⏱: 2.49s
[2025-05-16T13:45:00.505+0000] {logging_mixin.py:188} INFO - [SCRAPE].. ◆ https://vietnamnet.vn/tin-tuc-24h?bydaterang=&cate=000007                                            | 
[2025-05-16T13:45:00.505+0000] {logging_mixin.py:188} INFO - ✓
[2025-05-16T13:45:00.506+0000] {logging_mixin.py:188} INFO -  | ⏱: 0.16s
[2025-05-16T13:45:00.507+0000] {logging_mixin.py:188} INFO - [COMPLETE] ● https://vietnamnet.vn/tin-tuc-24h?bydaterang=&cate=000007                                            | 
[2025-05-16T13:45:00.507+0000] {logging_mixin.py:188} INFO - ✓
[2025-05-16T13:45:00.508+0000] {logging_mixin.py:188} INFO -  | ⏱: 2.65s
[2025-05-16T13:45:00.763+0000] {crawler.py:84} INFO - Tìm thấy 25 link bài viết cho danh mục doi-song
[2025-05-16T13:45:01.382+0000] {crawler.py:108} INFO - Đã lọc: 25 URLs ban đầu -> 1 URLs mới
[2025-05-16T13:45:01.383+0000] {crawler.py:232} INFO - Đang crawl 1 bài viết mới từ danh mục doi-song...
[2025-05-16T13:45:01.383+0000] {crawler.py:235} INFO - --> Crawl: https://vietnamnet.vn/vi-cai-dieu-hoa-dong-nghiep-bat-hoa-me-chong-gian-nang-dau-3-ngay-2401650.html
[2025-05-16T13:45:02.042+0000] {logging_mixin.py:188} INFO - [INIT].... → Crawl4AI 0.6.2
[2025-05-16T13:45:04.803+0000] {logging_mixin.py:188} INFO - [FETCH]... ↓ https://vietnamnet.vn/vi-cai-dieu-hoa-dong-nghiep-bat-hoa-me-chong-gian-nang-dau-3-ngay-2401650.html | 
[2025-05-16T13:45:04.803+0000] {logging_mixin.py:188} INFO - ✓
[2025-05-16T13:45:04.806+0000] {logging_mixin.py:188} INFO -  | ⏱: 2.69s
[2025-05-16T13:45:04.993+0000] {logging_mixin.py:188} INFO - [SCRAPE].. ◆ https://vietnamnet.vn/vi-cai-dieu-hoa-dong-nghiep-bat-hoa-me-chong-gian-nang-dau-3-ngay-2401650.html | 
[2025-05-16T13:45:04.993+0000] {logging_mixin.py:188} INFO - ✓
[2025-05-16T13:45:04.994+0000] {logging_mixin.py:188} INFO -  | ⏱: 0.18s
[2025-05-16T13:45:04.995+0000] {logging_mixin.py:188} INFO - [COMPLETE] ● https://vietnamnet.vn/vi-cai-dieu-hoa-dong-nghiep-bat-hoa-me-chong-gian-nang-dau-3-ngay-2401650.html | 
[2025-05-16T13:45:04.996+0000] {logging_mixin.py:188} INFO - ✓
[2025-05-16T13:45:04.997+0000] {logging_mixin.py:188} INFO -  | ⏱: 2.88s
[2025-05-16T13:45:05.821+0000] {crawler.py:239} INFO -     ✓ Vì cái điều hòa, đồng nghiệp bất hòa, mẹ chồng giận nàng dâu...

[2025-05-16T13:45:05.822+0000] {crawler.py:242} INFO - ⏱️  Tổng thời gian crawl: 8.97 giây
[2025-05-16T13:45:05.893+0000] {crawler.py:267} INFO - Đã lưu 1 bài viết vào collection 'doi-song'
[2025-05-16T13:45:05.956+0000] {python.py:237} INFO - Done. Returned value was: None
[2025-05-16T13:45:05.957+0000] {taskinstance.py:441} INFO - ::group::Post task execution logs
[2025-05-16T13:45:05.965+0000] {taskinstance.py:1206} INFO - Marking task as SUCCESS. dag_id=vietnamnet_crawler_24h, task_id=crawl_doi-song, run_id=manual__2025-05-16T13:44:14.891160+00:00, execution_date=20250516T134414, start_date=20250516T134456, end_date=20250516T134505
[2025-05-16T13:45:06.016+0000] {local_task_job_runner.py:240} INFO - Task exited with return code 0
[2025-05-16T13:45:06.032+0000] {taskinstance.py:3503} INFO - 0 downstream tasks scheduled from follow-on schedule check
[2025-05-16T13:45:06.041+0000] {local_task_job_runner.py:222} INFO - ::endgroup::
