[2025-05-05T04:26:55.588+0000] {local_task_job_runner.py:120} INFO - ::group::Pre task execution logs
[2025-05-05T04:26:55.614+0000] {taskinstance.py:2076} INFO - Dependencies all met for dep_context=non-requeueable deps ti=<TaskInstance: vietnamnet_crawler_24h.crawl_cong-nghe manual__2025-05-05T04:26:02.799460+00:00 [queued]>
[2025-05-05T04:26:55.624+0000] {taskinstance.py:2076} INFO - Dependencies all met for dep_context=requeueable deps ti=<TaskInstance: vietnamnet_crawler_24h.crawl_cong-nghe manual__2025-05-05T04:26:02.799460+00:00 [queued]>
[2025-05-05T04:26:55.625+0000] {taskinstance.py:2306} INFO - Starting attempt 1 of 2
[2025-05-05T04:26:55.642+0000] {taskinstance.py:2330} INFO - Executing <Task(PythonOperator): crawl_cong-nghe> on 2025-05-05 04:26:02.799460+00:00
[2025-05-05T04:26:55.649+0000] {warnings.py:112} WARNING - /home/***/.local/lib/python3.12/site-packages/***/task/task_runner/standard_task_runner.py:61: DeprecationWarning: This process (pid=1884) is multi-threaded, use of fork() may lead to deadlocks in the child.
  pid = os.fork()

[2025-05-05T04:26:55.651+0000] {standard_task_runner.py:63} INFO - Started process 1886 to run task
[2025-05-05T04:26:55.652+0000] {standard_task_runner.py:90} INFO - Running: ['***', 'tasks', 'run', 'vietnamnet_crawler_24h', 'crawl_cong-nghe', 'manual__2025-05-05T04:26:02.799460+00:00', '--job-id', '26', '--raw', '--subdir', 'DAGS_FOLDER/dags.py', '--cfg-path', '/tmp/tmpcjmm7wti']
[2025-05-05T04:26:55.656+0000] {standard_task_runner.py:91} INFO - Job 26: Subtask crawl_cong-nghe
[2025-05-05T04:26:55.705+0000] {task_command.py:426} INFO - Running <TaskInstance: vietnamnet_crawler_24h.crawl_cong-nghe manual__2025-05-05T04:26:02.799460+00:00 [running]> on host 9f13ced5b14d
[2025-05-05T04:26:55.806+0000] {taskinstance.py:2648} INFO - Exporting env vars: AIRFLOW_CTX_DAG_OWNER='***' AIRFLOW_CTX_DAG_ID='vietnamnet_crawler_24h' AIRFLOW_CTX_TASK_ID='crawl_cong-nghe' AIRFLOW_CTX_EXECUTION_DATE='2025-05-05T04:26:02.799460+00:00' AIRFLOW_CTX_TRY_NUMBER='1' AIRFLOW_CTX_DAG_RUN_ID='manual__2025-05-05T04:26:02.799460+00:00'
[2025-05-05T04:26:55.808+0000] {taskinstance.py:430} INFO - ::endgroup::
[2025-05-05T04:26:56.007+0000] {crawler.py:54} INFO - Đã kết nối thành công với MongoDB: News
[2025-05-05T04:26:56.222+0000] {crawler.py:44} INFO - ArticleSummarizer đã được khởi tạo thành công
[2025-05-05T04:26:57.112+0000] {logging_mixin.py:188} INFO - [INIT].... → Crawl4AI 0.6.2
[2025-05-05T04:27:01.597+0000] {logging_mixin.py:188} INFO - [FETCH]... ↓ https://vietnamnet.vn/tin-tuc-24h?bydaterang=&cate=00MK8V                                            | 
[2025-05-05T04:27:01.598+0000] {logging_mixin.py:188} INFO - ✓
[2025-05-05T04:27:01.599+0000] {logging_mixin.py:188} INFO -  | ⏱: 4.38s
[2025-05-05T04:27:01.957+0000] {logging_mixin.py:188} INFO - [SCRAPE].. ◆ https://vietnamnet.vn/tin-tuc-24h?bydaterang=&cate=00MK8V                                            | 
[2025-05-05T04:27:01.958+0000] {logging_mixin.py:188} INFO - ✓
[2025-05-05T04:27:01.959+0000] {logging_mixin.py:188} INFO -  | ⏱: 0.35s
[2025-05-05T04:27:01.962+0000] {logging_mixin.py:188} INFO - [COMPLETE] ● https://vietnamnet.vn/tin-tuc-24h?bydaterang=&cate=00MK8V                                            | 
[2025-05-05T04:27:01.963+0000] {logging_mixin.py:188} INFO - ✓
[2025-05-05T04:27:01.963+0000] {logging_mixin.py:188} INFO -  | ⏱: 4.74s
[2025-05-05T04:27:02.385+0000] {crawler.py:84} INFO - Tìm thấy 25 link bài viết cho danh mục cong-nghe
[2025-05-05T04:27:04.514+0000] {crawler.py:103} INFO - Đã lọc: 25 URLs ban đầu -> 0 URLs mới
[2025-05-05T04:27:04.515+0000] {crawler.py:222} INFO - Không có bài viết mới nào trong danh mục cong-nghe cần crawl.
[2025-05-05T04:27:04.516+0000] {crawler.py:257} INFO - Không có bài viết để lưu vào collection 'cong-nghe'
[2025-05-05T04:27:04.578+0000] {python.py:237} INFO - Done. Returned value was: None
[2025-05-05T04:27:04.579+0000] {taskinstance.py:441} INFO - ::group::Post task execution logs
[2025-05-05T04:27:04.589+0000] {taskinstance.py:1206} INFO - Marking task as SUCCESS. dag_id=vietnamnet_crawler_24h, task_id=crawl_cong-nghe, run_id=manual__2025-05-05T04:26:02.799460+00:00, execution_date=20250505T042602, start_date=20250505T042655, end_date=20250505T042704
[2025-05-05T04:27:04.636+0000] {local_task_job_runner.py:240} INFO - Task exited with return code 0
[2025-05-05T04:27:04.666+0000] {taskinstance.py:3503} INFO - 1 downstream tasks scheduled from follow-on schedule check
[2025-05-05T04:27:04.668+0000] {local_task_job_runner.py:222} INFO - ::endgroup::
