[2025-05-11T17:54:03.944+0000] {local_task_job_runner.py:120} INFO - ::group::Pre task execution logs
[2025-05-11T17:54:03.984+0000] {taskinstance.py:2076} INFO - Dependencies all met for dep_context=non-requeueable deps ti=<TaskInstance: vietnamnet_crawler_24h.crawl_cong-nghe scheduled__2025-05-11T17:00:00+00:00 [queued]>
[2025-05-11T17:54:03.999+0000] {taskinstance.py:2076} INFO - Dependencies all met for dep_context=requeueable deps ti=<TaskInstance: vietnamnet_crawler_24h.crawl_cong-nghe scheduled__2025-05-11T17:00:00+00:00 [queued]>
[2025-05-11T17:54:04.001+0000] {taskinstance.py:2306} INFO - Starting attempt 1 of 2
[2025-05-11T17:54:04.051+0000] {taskinstance.py:2330} INFO - Executing <Task(PythonOperator): crawl_cong-nghe> on 2025-05-11 17:00:00+00:00
[2025-05-11T17:54:04.061+0000] {warnings.py:112} WARNING - /home/***/.local/lib/python3.12/site-packages/***/task/task_runner/standard_task_runner.py:61: DeprecationWarning: This process (pid=18740) is multi-threaded, use of fork() may lead to deadlocks in the child.
  pid = os.fork()

[2025-05-11T17:54:04.063+0000] {standard_task_runner.py:63} INFO - Started process 18789 to run task
[2025-05-11T17:54:04.064+0000] {standard_task_runner.py:90} INFO - Running: ['***', 'tasks', 'run', 'vietnamnet_crawler_24h', 'crawl_cong-nghe', 'scheduled__2025-05-11T17:00:00+00:00', '--job-id', '14', '--raw', '--subdir', 'DAGS_FOLDER/dags.py', '--cfg-path', '/tmp/tmpb7ifmjbh']
[2025-05-11T17:54:04.068+0000] {standard_task_runner.py:91} INFO - Job 14: Subtask crawl_cong-nghe
[2025-05-11T17:54:04.150+0000] {task_command.py:426} INFO - Running <TaskInstance: vietnamnet_crawler_24h.crawl_cong-nghe scheduled__2025-05-11T17:00:00+00:00 [running]> on host 2e5e0a2a1f8e
[2025-05-11T17:54:04.253+0000] {taskinstance.py:2648} INFO - Exporting env vars: AIRFLOW_CTX_DAG_OWNER='***' AIRFLOW_CTX_DAG_ID='vietnamnet_crawler_24h' AIRFLOW_CTX_TASK_ID='crawl_cong-nghe' AIRFLOW_CTX_EXECUTION_DATE='2025-05-11T17:00:00+00:00' AIRFLOW_CTX_TRY_NUMBER='1' AIRFLOW_CTX_DAG_RUN_ID='scheduled__2025-05-11T17:00:00+00:00'
[2025-05-11T17:54:04.254+0000] {taskinstance.py:430} INFO - ::endgroup::
[2025-05-11T17:54:04.497+0000] {crawler.py:54} INFO - Đã kết nối thành công với MongoDB: News
[2025-05-11T17:54:04.684+0000] {crawler.py:44} INFO - ArticleSummarizer đã được khởi tạo thành công
[2025-05-11T17:54:05.344+0000] {logging_mixin.py:188} INFO - [INIT].... → Crawl4AI 0.6.2
[2025-05-11T17:54:08.345+0000] {logging_mixin.py:188} INFO - [FETCH]... ↓ https://vietnamnet.vn/tin-tuc-24h?bydaterang=&cate=00MK8V                                            | 
[2025-05-11T17:54:08.346+0000] {logging_mixin.py:188} INFO - ✓
[2025-05-11T17:54:08.347+0000] {logging_mixin.py:188} INFO -  | ⏱: 2.94s
[2025-05-11T17:54:08.923+0000] {logging_mixin.py:188} INFO - [SCRAPE].. ◆ https://vietnamnet.vn/tin-tuc-24h?bydaterang=&cate=00MK8V                                            | 
[2025-05-11T17:54:08.923+0000] {logging_mixin.py:188} INFO - ✓
[2025-05-11T17:54:08.924+0000] {logging_mixin.py:188} INFO -  | ⏱: 0.57s
[2025-05-11T17:54:08.926+0000] {logging_mixin.py:188} INFO - [COMPLETE] ● https://vietnamnet.vn/tin-tuc-24h?bydaterang=&cate=00MK8V                                            | 
[2025-05-11T17:54:08.927+0000] {logging_mixin.py:188} INFO - ✓
[2025-05-11T17:54:08.927+0000] {logging_mixin.py:188} INFO -  | ⏱: 3.53s
[2025-05-11T17:54:09.031+0000] {crawler.py:84} INFO - Tìm thấy 25 link bài viết cho danh mục cong-nghe
[2025-05-11T17:54:11.943+0000] {crawler.py:103} INFO - Đã lọc: 25 URLs ban đầu -> 0 URLs mới
[2025-05-11T17:54:11.943+0000] {crawler.py:222} INFO - Không có bài viết mới nào trong danh mục cong-nghe cần crawl.
[2025-05-11T17:54:11.944+0000] {crawler.py:257} INFO - Không có bài viết để lưu vào collection 'cong-nghe'
[2025-05-11T17:54:12.015+0000] {python.py:237} INFO - Done. Returned value was: None
[2025-05-11T17:54:12.015+0000] {taskinstance.py:441} INFO - ::group::Post task execution logs
[2025-05-11T17:54:12.024+0000] {taskinstance.py:1206} INFO - Marking task as SUCCESS. dag_id=vietnamnet_crawler_24h, task_id=crawl_cong-nghe, run_id=scheduled__2025-05-11T17:00:00+00:00, execution_date=20250511T170000, start_date=20250511T175403, end_date=20250511T175412
[2025-05-11T17:54:12.081+0000] {local_task_job_runner.py:240} INFO - Task exited with return code 0
[2025-05-11T17:54:12.105+0000] {taskinstance.py:3503} INFO - 1 downstream tasks scheduled from follow-on schedule check
[2025-05-11T17:54:12.108+0000] {local_task_job_runner.py:222} INFO - ::endgroup::
