[2025-05-18T11:33:50.599+0000] {local_task_job_runner.py:120} INFO - ::group::Pre task execution logs
[2025-05-18T11:33:50.633+0000] {taskinstance.py:2076} INFO - Dependencies all met for dep_context=non-requeueable deps ti=<TaskInstance: vietnamnet_crawler_24h.crawl_chinh-tri scheduled__2025-05-18T11:00:00+00:00 [queued]>
[2025-05-18T11:33:50.648+0000] {taskinstance.py:2076} INFO - Dependencies all met for dep_context=requeueable deps ti=<TaskInstance: vietnamnet_crawler_24h.crawl_chinh-tri scheduled__2025-05-18T11:00:00+00:00 [queued]>
[2025-05-18T11:33:50.649+0000] {taskinstance.py:2306} INFO - Starting attempt 1 of 2
[2025-05-18T11:33:50.669+0000] {taskinstance.py:2330} INFO - Executing <Task(PythonOperator): crawl_chinh-tri> on 2025-05-18 11:00:00+00:00
[2025-05-18T11:33:50.678+0000] {warnings.py:112} WARNING - /home/***/.local/lib/python3.12/site-packages/***/task/task_runner/standard_task_runner.py:61: DeprecationWarning: This process (pid=943) is multi-threaded, use of fork() may lead to deadlocks in the child.
  pid = os.fork()

[2025-05-18T11:33:50.682+0000] {standard_task_runner.py:63} INFO - Started process 944 to run task
[2025-05-18T11:33:50.682+0000] {standard_task_runner.py:90} INFO - Running: ['***', 'tasks', 'run', 'vietnamnet_crawler_24h', 'crawl_chinh-tri', 'scheduled__2025-05-18T11:00:00+00:00', '--job-id', '4', '--raw', '--subdir', 'DAGS_FOLDER/dags.py', '--cfg-path', '/tmp/tmpgifkx68_']
[2025-05-18T11:33:50.685+0000] {standard_task_runner.py:91} INFO - Job 4: Subtask crawl_chinh-tri
[2025-05-18T11:33:50.760+0000] {task_command.py:426} INFO - Running <TaskInstance: vietnamnet_crawler_24h.crawl_chinh-tri scheduled__2025-05-18T11:00:00+00:00 [running]> on host a383b65f89e1
[2025-05-18T11:33:50.900+0000] {taskinstance.py:2648} INFO - Exporting env vars: AIRFLOW_CTX_DAG_OWNER='***' AIRFLOW_CTX_DAG_ID='vietnamnet_crawler_24h' AIRFLOW_CTX_TASK_ID='crawl_chinh-tri' AIRFLOW_CTX_EXECUTION_DATE='2025-05-18T11:00:00+00:00' AIRFLOW_CTX_TRY_NUMBER='1' AIRFLOW_CTX_DAG_RUN_ID='scheduled__2025-05-18T11:00:00+00:00'
[2025-05-18T11:33:50.902+0000] {taskinstance.py:430} INFO - ::endgroup::
[2025-05-18T11:33:51.202+0000] {crawler.py:55} INFO - Đã kết nối thành công với MongoDB: News
[2025-05-18T11:33:52.441+0000] {logging_mixin.py:188} INFO - [INIT].... → Crawl4AI 0.6.3
[2025-05-18T11:34:01.298+0000] {logging_mixin.py:188} INFO - [FETCH]... ↓ https://vietnamnet.vn/tin-tuc-24h?bydaterang=&cate=000001          
| ✓ | ⏱: 8.64s
[2025-05-18T11:34:01.891+0000] {logging_mixin.py:188} INFO - [SCRAPE].. ◆ https://vietnamnet.vn/tin-tuc-24h?bydaterang=&cate=000001          
| ✓ | ⏱: 0.58s
[2025-05-18T11:34:01.898+0000] {logging_mixin.py:188} INFO - [COMPLETE] ● https://vietnamnet.vn/tin-tuc-24h?bydaterang=&cate=000001          
| ✓ | ⏱: 9.24s
[2025-05-18T11:34:02.545+0000] {crawler.py:85} INFO - Tìm thấy 25 link bài viết cho danh mục chinh-tri
[2025-05-18T11:34:03.284+0000] {crawler.py:110} INFO - Đã lọc: 25 URLs ban đầu -> 3 URLs sau xử lý live
[2025-05-18T11:34:03.285+0000] {crawler.py:255} INFO - Đang crawl 3 bài viết mới từ danh mục chinh-tri...
[2025-05-18T11:34:03.285+0000] {crawler.py:258} INFO - --> Crawl: https://vietnamnet.vn/hoc-thac-si-tien-si-o-nuoc-ngoai-ve-ai-lai-di-lam-o-cap-xa-2402302.html
[2025-05-18T11:34:04.318+0000] {logging_mixin.py:188} INFO - [INIT].... → Crawl4AI 0.6.3
[2025-05-18T11:34:13.262+0000] {logging_mixin.py:188} INFO - [FETCH]... ↓ 
https://vietnamnet.vn/hoc-thac-si-tien-si-o-nuoc-ngoai-ve-ai-lai-di-lam-o-cap-xa
-2402302.html        | ✓ | ⏱: 8.89s
[2025-05-18T11:34:13.932+0000] {logging_mixin.py:188} INFO - [SCRAPE].. ◆ 
https://vietnamnet.vn/hoc-thac-si-tien-si-o-nuoc-ngoai-ve-ai-lai-di-lam-o-cap-xa
-2402302.html        | ✓ | ⏱: 0.67s
[2025-05-18T11:34:13.936+0000] {logging_mixin.py:188} INFO - [COMPLETE] ● 
https://vietnamnet.vn/hoc-thac-si-tien-si-o-nuoc-ngoai-ve-ai-lai-di-lam-o-cap-xa
-2402302.html        | ✓ | ⏱: 9.57s
[2025-05-18T11:34:15.148+0000] {crawler.py:262} INFO -     ✓ Học thạc sĩ, tiến sĩ ở nước ngoài về, ai lại đi làm ở cấp xã...

[2025-05-18T11:34:15.150+0000] {crawler.py:258} INFO - --> Crawl: https://vietnamnet.vn/tong-bi-thu-co-dong-chi-noi-con-duong-phat-trien-cua-tinh-chu-yeu-xin-ngan-sach-2402338.html
[2025-05-18T11:34:16.722+0000] {logging_mixin.py:188} INFO - [INIT].... → Crawl4AI 0.6.3
[2025-05-18T11:34:22.243+0000] {logging_mixin.py:188} INFO - [FETCH]... ↓ 
https://vietnamnet.vn/tong-bi-thu-co-dong-chi-no...rien-cua-tinh-chu-yeu-xin-nga
n-sach-2402338.html  | ✓ | ⏱: 5.44s
[2025-05-18T11:34:22.738+0000] {logging_mixin.py:188} INFO - [SCRAPE].. ◆ 
https://vietnamnet.vn/tong-bi-thu-co-dong-chi-no...rien-cua-tinh-chu-yeu-xin-nga
n-sach-2402338.html  | ✓ | ⏱: 0.49s
[2025-05-18T11:34:22.742+0000] {logging_mixin.py:188} INFO - [COMPLETE] ● 
https://vietnamnet.vn/tong-bi-thu-co-dong-chi-no...rien-cua-tinh-chu-yeu-xin-nga
n-sach-2402338.html  | ✓ | ⏱: 5.94s
[2025-05-18T11:34:23.818+0000] {crawler.py:262} INFO -     ✓ Tổng Bí thư: Có tỉnh phát triển nhờ xin ngân sách TƯ, không ...

[2025-05-18T11:34:23.819+0000] {crawler.py:258} INFO - --> Crawl: https://vietnamnet.vn/mot-cum-tu-va-tu-duy-ve-tinh-da-dang-trong-su-thong-nhat-cua-hien-phap-2401979.html
[2025-05-18T11:34:24.977+0000] {logging_mixin.py:188} INFO - [INIT].... → Crawl4AI 0.6.3
[2025-05-18T11:34:32.264+0000] {logging_mixin.py:188} INFO - [FETCH]... ↓ 
https://vietnamnet.vn/mot-cum-tu-va-tu-duy-ve-ti...g-trong-su-thong-nhat-cua-hie
n-phap-2401979.html  | ✓ | ⏱: 7.18s
[2025-05-18T11:34:33.424+0000] {logging_mixin.py:188} INFO - [SCRAPE].. ◆ 
https://vietnamnet.vn/mot-cum-tu-va-tu-duy-ve-ti...g-trong-su-thong-nhat-cua-hie
n-phap-2401979.html  | ✓ | ⏱: 1.14s
[2025-05-18T11:34:33.436+0000] {logging_mixin.py:188} INFO - [COMPLETE] ● 
https://vietnamnet.vn/mot-cum-tu-va-tu-duy-ve-ti...g-trong-su-thong-nhat-cua-hie
n-phap-2401979.html  | ✓ | ⏱: 8.35s
[2025-05-18T11:34:34.998+0000] {crawler.py:262} INFO -     ✓ Một cụm từ và tư duy về 'tính đa dạng trong sự thống nhất' c...

[2025-05-18T11:34:35.002+0000] {crawler.py:265} INFO - ⏱️  Tổng thời gian crawl: 43.80 giây
[2025-05-18T11:34:35.211+0000] {crawler.py:292} INFO - Đã lưu 3 bài viết vào collection 'chinh-tri'
[2025-05-18T11:34:35.279+0000] {python.py:237} INFO - Done. Returned value was: None
[2025-05-18T11:34:35.283+0000] {taskinstance.py:441} INFO - ::group::Post task execution logs
[2025-05-18T11:34:35.305+0000] {taskinstance.py:1206} INFO - Marking task as SUCCESS. dag_id=vietnamnet_crawler_24h, task_id=crawl_chinh-tri, run_id=scheduled__2025-05-18T11:00:00+00:00, execution_date=20250518T110000, start_date=20250518T113350, end_date=20250518T113435
[2025-05-18T11:34:35.398+0000] {local_task_job_runner.py:240} INFO - Task exited with return code 0
[2025-05-18T11:34:35.453+0000] {taskinstance.py:3503} INFO - 1 downstream tasks scheduled from follow-on schedule check
[2025-05-18T11:34:35.457+0000] {local_task_job_runner.py:222} INFO - ::endgroup::
