[2025-05-18T01:17:48.840+0000] {local_task_job_runner.py:120} INFO - ::group::Pre task execution logs
[2025-05-18T01:17:48.891+0000] {taskinstance.py:2076} INFO - Dependencies all met for dep_context=non-requeueable deps ti=<TaskInstance: vietnamnet_crawler_24h.crawl_giao-duc scheduled__2025-05-18T00:30:00+00:00 [queued]>
[2025-05-18T01:17:48.920+0000] {taskinstance.py:2076} INFO - Dependencies all met for dep_context=requeueable deps ti=<TaskInstance: vietnamnet_crawler_24h.crawl_giao-duc scheduled__2025-05-18T00:30:00+00:00 [queued]>
[2025-05-18T01:17:48.921+0000] {taskinstance.py:2306} INFO - Starting attempt 1 of 2
[2025-05-18T01:17:48.952+0000] {taskinstance.py:2330} INFO - Executing <Task(PythonOperator): crawl_giao-duc> on 2025-05-18 00:30:00+00:00
[2025-05-18T01:17:48.960+0000] {warnings.py:112} WARNING - /home/***/.local/lib/python3.12/site-packages/***/task/task_runner/standard_task_runner.py:61: DeprecationWarning: This process (pid=522) is multi-threaded, use of fork() may lead to deadlocks in the child.
  pid = os.fork()

[2025-05-18T01:17:48.963+0000] {standard_task_runner.py:63} INFO - Started process 524 to run task
[2025-05-18T01:17:48.964+0000] {standard_task_runner.py:90} INFO - Running: ['***', 'tasks', 'run', 'vietnamnet_crawler_24h', 'crawl_giao-duc', 'scheduled__2025-05-18T00:30:00+00:00', '--job-id', '10', '--raw', '--subdir', 'DAGS_FOLDER/dags.py', '--cfg-path', '/tmp/tmpbwij0wmv']
[2025-05-18T01:17:48.966+0000] {standard_task_runner.py:91} INFO - Job 10: Subtask crawl_giao-duc
[2025-05-18T01:17:49.034+0000] {task_command.py:426} INFO - Running <TaskInstance: vietnamnet_crawler_24h.crawl_giao-duc scheduled__2025-05-18T00:30:00+00:00 [running]> on host fa0f5fb7e7ff
[2025-05-18T01:17:49.168+0000] {taskinstance.py:2648} INFO - Exporting env vars: AIRFLOW_CTX_DAG_OWNER='***' AIRFLOW_CTX_DAG_ID='vietnamnet_crawler_24h' AIRFLOW_CTX_TASK_ID='crawl_giao-duc' AIRFLOW_CTX_EXECUTION_DATE='2025-05-18T00:30:00+00:00' AIRFLOW_CTX_TRY_NUMBER='1' AIRFLOW_CTX_DAG_RUN_ID='scheduled__2025-05-18T00:30:00+00:00'
[2025-05-18T01:17:49.170+0000] {taskinstance.py:430} INFO - ::endgroup::
[2025-05-18T01:17:49.451+0000] {crawler.py:55} INFO - Đã kết nối thành công với MongoDB: News
[2025-05-18T01:17:50.540+0000] {logging_mixin.py:188} INFO - [INIT].... → Crawl4AI 0.6.3
[2025-05-18T01:17:54.947+0000] {logging_mixin.py:188} INFO - [FETCH]... ↓ https://vietnamnet.vn/tin-tuc-24h?bydaterang=&cate=000006          
| ✓ | ⏱: 4.30s
[2025-05-18T01:17:55.410+0000] {logging_mixin.py:188} INFO - [SCRAPE].. ◆ https://vietnamnet.vn/tin-tuc-24h?bydaterang=&cate=000006          
| ✓ | ⏱: 0.46s
[2025-05-18T01:17:55.416+0000] {logging_mixin.py:188} INFO - [COMPLETE] ● https://vietnamnet.vn/tin-tuc-24h?bydaterang=&cate=000006          
| ✓ | ⏱: 4.77s
[2025-05-18T01:17:55.962+0000] {crawler.py:85} INFO - Tìm thấy 25 link bài viết cho danh mục giao-duc
[2025-05-18T01:17:56.798+0000] {crawler.py:110} INFO - Đã lọc: 25 URLs ban đầu -> 0 URLs sau xử lý live
[2025-05-18T01:17:56.799+0000] {crawler.py:252} INFO - Không có bài viết mới nào trong danh mục giao-duc cần crawl.
[2025-05-18T01:17:56.866+0000] {crawler.py:294} INFO - Không có bài viết để lưu vào collection 'giao-duc'
[2025-05-18T01:17:56.928+0000] {python.py:237} INFO - Done. Returned value was: None
[2025-05-18T01:17:56.929+0000] {taskinstance.py:441} INFO - ::group::Post task execution logs
[2025-05-18T01:17:56.938+0000] {taskinstance.py:1206} INFO - Marking task as SUCCESS. dag_id=vietnamnet_crawler_24h, task_id=crawl_giao-duc, run_id=scheduled__2025-05-18T00:30:00+00:00, execution_date=20250518T003000, start_date=20250518T011748, end_date=20250518T011756
[2025-05-18T01:17:57.025+0000] {local_task_job_runner.py:240} INFO - Task exited with return code 0
[2025-05-18T01:17:57.057+0000] {taskinstance.py:3503} INFO - 1 downstream tasks scheduled from follow-on schedule check
[2025-05-18T01:17:57.098+0000] {local_task_job_runner.py:222} INFO - ::endgroup::
