[2025-05-16T13:00:31.231+0000] {local_task_job_runner.py:120} INFO - ::group::Pre task execution logs
[2025-05-16T13:00:31.264+0000] {taskinstance.py:2076} INFO - Dependencies all met for dep_context=non-requeueable deps ti=<TaskInstance: vietnamnet_crawler_24h.crawl_cong-nghe scheduled__2025-05-16T12:30:00+00:00 [queued]>
[2025-05-16T13:00:31.278+0000] {taskinstance.py:2076} INFO - Dependencies all met for dep_context=requeueable deps ti=<TaskInstance: vietnamnet_crawler_24h.crawl_cong-nghe scheduled__2025-05-16T12:30:00+00:00 [queued]>
[2025-05-16T13:00:31.279+0000] {taskinstance.py:2306} INFO - Starting attempt 1 of 2
[2025-05-16T13:00:31.318+0000] {taskinstance.py:2330} INFO - Executing <Task(PythonOperator): crawl_cong-nghe> on 2025-05-16 12:30:00+00:00
[2025-05-16T13:00:31.325+0000] {warnings.py:112} WARNING - /home/***/.local/lib/python3.12/site-packages/***/task/task_runner/standard_task_runner.py:61: DeprecationWarning: This process (pid=8927) is multi-threaded, use of fork() may lead to deadlocks in the child.
  pid = os.fork()

[2025-05-16T13:00:31.326+0000] {standard_task_runner.py:63} INFO - Started process 8928 to run task
[2025-05-16T13:00:31.327+0000] {standard_task_runner.py:90} INFO - Running: ['***', 'tasks', 'run', 'vietnamnet_crawler_24h', 'crawl_cong-nghe', 'scheduled__2025-05-16T12:30:00+00:00', '--job-id', '35', '--raw', '--subdir', 'DAGS_FOLDER/dags.py', '--cfg-path', '/tmp/tmpp6szb521']
[2025-05-16T13:00:31.329+0000] {standard_task_runner.py:91} INFO - Job 35: Subtask crawl_cong-nghe
[2025-05-16T13:00:31.404+0000] {task_command.py:426} INFO - Running <TaskInstance: vietnamnet_crawler_24h.crawl_cong-nghe scheduled__2025-05-16T12:30:00+00:00 [running]> on host 60d771d880eb
[2025-05-16T13:00:31.552+0000] {taskinstance.py:2648} INFO - Exporting env vars: AIRFLOW_CTX_DAG_OWNER='***' AIRFLOW_CTX_DAG_ID='vietnamnet_crawler_24h' AIRFLOW_CTX_TASK_ID='crawl_cong-nghe' AIRFLOW_CTX_EXECUTION_DATE='2025-05-16T12:30:00+00:00' AIRFLOW_CTX_TRY_NUMBER='1' AIRFLOW_CTX_DAG_RUN_ID='scheduled__2025-05-16T12:30:00+00:00'
[2025-05-16T13:00:31.554+0000] {taskinstance.py:430} INFO - ::endgroup::
[2025-05-16T13:00:31.734+0000] {crawler.py:54} INFO - Đã kết nối thành công với MongoDB: News
[2025-05-16T13:00:32.428+0000] {logging_mixin.py:188} INFO - [INIT].... → Crawl4AI 0.6.2
[2025-05-16T13:00:35.612+0000] {logging_mixin.py:188} INFO - [FETCH]... ↓ https://vietnamnet.vn/tin-tuc-24h?bydaterang=&cate=00MK8V                                            | 
[2025-05-16T13:00:35.613+0000] {logging_mixin.py:188} INFO - ✓
[2025-05-16T13:00:35.613+0000] {logging_mixin.py:188} INFO -  | ⏱: 3.11s
[2025-05-16T13:00:35.843+0000] {logging_mixin.py:188} INFO - [SCRAPE].. ◆ https://vietnamnet.vn/tin-tuc-24h?bydaterang=&cate=00MK8V                                            | 
[2025-05-16T13:00:35.844+0000] {logging_mixin.py:188} INFO - ✓
[2025-05-16T13:00:35.844+0000] {logging_mixin.py:188} INFO -  | ⏱: 0.23s
[2025-05-16T13:00:35.846+0000] {logging_mixin.py:188} INFO - [COMPLETE] ● https://vietnamnet.vn/tin-tuc-24h?bydaterang=&cate=00MK8V                                            | 
[2025-05-16T13:00:35.846+0000] {logging_mixin.py:188} INFO - ✓
[2025-05-16T13:00:35.847+0000] {logging_mixin.py:188} INFO -  | ⏱: 3.35s
[2025-05-16T13:00:36.176+0000] {crawler.py:84} INFO - Tìm thấy 25 link bài viết cho danh mục cong-nghe
[2025-05-16T13:00:37.530+0000] {crawler.py:108} INFO - Đã lọc: 25 URLs ban đầu -> 0 URLs mới
[2025-05-16T13:00:37.530+0000] {crawler.py:229} INFO - Không có bài viết mới nào trong danh mục cong-nghe cần crawl.
[2025-05-16T13:00:37.531+0000] {crawler.py:269} INFO - Không có bài viết để lưu vào collection 'cong-nghe'
[2025-05-16T13:00:37.603+0000] {python.py:237} INFO - Done. Returned value was: None
[2025-05-16T13:00:37.604+0000] {taskinstance.py:441} INFO - ::group::Post task execution logs
[2025-05-16T13:00:37.613+0000] {taskinstance.py:1206} INFO - Marking task as SUCCESS. dag_id=vietnamnet_crawler_24h, task_id=crawl_cong-nghe, run_id=scheduled__2025-05-16T12:30:00+00:00, execution_date=20250516T123000, start_date=20250516T130031, end_date=20250516T130037
[2025-05-16T13:00:37.659+0000] {local_task_job_runner.py:240} INFO - Task exited with return code 0
[2025-05-16T13:00:37.689+0000] {taskinstance.py:3503} INFO - 1 downstream tasks scheduled from follow-on schedule check
[2025-05-16T13:00:37.692+0000] {local_task_job_runner.py:222} INFO - ::endgroup::
