[2025-06-08T20:29:11.770+0000] {local_task_job_runner.py:120} INFO - ::group::Pre task execution logs
[2025-06-08T20:29:11.787+0000] {taskinstance.py:2076} INFO - Dependencies all met for dep_context=non-requeueable deps ti=<TaskInstance: deepai_monthly_insights.generate_monthly_insights_per_collection manual__2025-06-08T20:01:13.491972+00:00 [queued]>
[2025-06-08T20:29:11.798+0000] {taskinstance.py:2076} INFO - Dependencies all met for dep_context=requeueable deps ti=<TaskInstance: deepai_monthly_insights.generate_monthly_insights_per_collection manual__2025-06-08T20:01:13.491972+00:00 [queued]>
[2025-06-08T20:29:11.799+0000] {taskinstance.py:2306} INFO - Starting attempt 3 of 3
[2025-06-08T20:29:11.813+0000] {taskinstance.py:2330} INFO - Executing <Task(PythonOperator): generate_monthly_insights_per_collection> on 2025-06-08 20:01:13.491972+00:00
[2025-06-08T20:29:11.820+0000] {warnings.py:112} WARNING - /home/***/.local/lib/python3.12/site-packages/***/task/task_runner/standard_task_runner.py:61: DeprecationWarning: This process (pid=281) is multi-threaded, use of fork() may lead to deadlocks in the child.
  pid = os.fork()

[2025-06-08T20:29:11.823+0000] {standard_task_runner.py:63} INFO - Started process 285 to run task
[2025-06-08T20:29:11.824+0000] {standard_task_runner.py:90} INFO - Running: ['***', 'tasks', 'run', 'deepai_monthly_insights', 'generate_monthly_insights_per_collection', 'manual__2025-06-08T20:01:13.491972+00:00', '--job-id', '23', '--raw', '--subdir', 'DAGS_FOLDER/dags.py', '--cfg-path', '/tmp/tmp_txfe528']
[2025-06-08T20:29:11.827+0000] {standard_task_runner.py:91} INFO - Job 23: Subtask generate_monthly_insights_per_collection
[2025-06-08T20:29:11.879+0000] {task_command.py:426} INFO - Running <TaskInstance: deepai_monthly_insights.generate_monthly_insights_per_collection manual__2025-06-08T20:01:13.491972+00:00 [running]> on host 80766824f437
[2025-06-08T20:29:11.965+0000] {taskinstance.py:2648} INFO - Exporting env vars: AIRFLOW_CTX_DAG_OWNER='***' AIRFLOW_CTX_DAG_ID='deepai_monthly_insights' AIRFLOW_CTX_TASK_ID='generate_monthly_insights_per_collection' AIRFLOW_CTX_EXECUTION_DATE='2025-06-08T20:01:13.491972+00:00' AIRFLOW_CTX_TRY_NUMBER='3' AIRFLOW_CTX_DAG_RUN_ID='manual__2025-06-08T20:01:13.491972+00:00'
[2025-06-08T20:29:11.967+0000] {taskinstance.py:430} INFO - ::endgroup::
[2025-06-08T20:29:11.983+0000] {dags.py:199} INFO - Bắt đầu tạo insights cho từng category từ dữ liệu tháng qua
[2025-06-08T20:29:12.305+0000] {dags.py:213} INFO - Tạo insights riêng cho từng category và lưu vào database...
[2025-06-08T20:29:22.048+0000] {logging_mixin.py:188} INFO - ✅ Đã lưu insight cho collection 'hardware' (ID: 2025-06)
[2025-06-08T20:29:22.113+0000] {logging_mixin.py:188} INFO - ✅ Đã lưu insight cho collection 'culture' (ID: 2025-06)
[2025-06-08T20:29:22.178+0000] {logging_mixin.py:188} INFO - ✅ Đã lưu insight cho collection 'science' (ID: 2025-06)
[2025-06-08T20:29:22.245+0000] {logging_mixin.py:188} INFO - ✅ Đã lưu insight cho collection 'business' (ID: 2025-06)
[2025-06-08T20:29:22.246+0000] {logging_mixin.py:188} INFO - 
📊 Tổng kết: Đã lưu thành công 4/4 insights vào database 'deeplearning_ai_insight'
[2025-06-08T20:29:22.247+0000] {dags.py:221} INFO - Đã tạo và lưu thành công 4 insights vào database 'deeplearning_ai_insight'
[2025-06-08T20:29:22.557+0000] {dags.py:225} INFO - Thống kê Insight Database: 4 insights trong 4 collections
[2025-06-08T20:29:22.558+0000] {dags.py:230} INFO - Hoàn thành tạo insights tháng
[2025-06-08T20:29:22.559+0000] {python.py:237} INFO - Done. Returned value was: None
[2025-06-08T20:29:22.560+0000] {taskinstance.py:441} INFO - ::group::Post task execution logs
[2025-06-08T20:29:22.568+0000] {taskinstance.py:1206} INFO - Marking task as SUCCESS. dag_id=deepai_monthly_insights, task_id=generate_monthly_insights_per_collection, run_id=manual__2025-06-08T20:01:13.491972+00:00, execution_date=20250608T200113, start_date=20250608T202911, end_date=20250608T202922
[2025-06-08T20:29:22.602+0000] {local_task_job_runner.py:240} INFO - Task exited with return code 0
[2025-06-08T20:29:22.628+0000] {taskinstance.py:3503} INFO - 0 downstream tasks scheduled from follow-on schedule check
[2025-06-08T20:29:22.631+0000] {local_task_job_runner.py:222} INFO - ::endgroup::
