[2025-05-17T12:35:33.754+0000] {local_task_job_runner.py:120} INFO - ::group::Pre task execution logs
[2025-05-17T12:35:33.781+0000] {taskinstance.py:2076} INFO - Dependencies all met for dep_context=non-requeueable deps ti=<TaskInstance: vietnamnet_crawler_24h.crawl_the-gioi scheduled__2025-05-17T12:00:00+00:00 [queued]>
[2025-05-17T12:35:33.791+0000] {taskinstance.py:2076} INFO - Dependencies all met for dep_context=requeueable deps ti=<TaskInstance: vietnamnet_crawler_24h.crawl_the-gioi scheduled__2025-05-17T12:00:00+00:00 [queued]>
[2025-05-17T12:35:33.792+0000] {taskinstance.py:2306} INFO - Starting attempt 1 of 2
[2025-05-17T12:35:33.833+0000] {taskinstance.py:2330} INFO - Executing <Task(PythonOperator): crawl_the-gioi> on 2025-05-17 12:00:00+00:00
[2025-05-17T12:35:33.840+0000] {warnings.py:112} WARNING - /home/***/.local/lib/python3.12/site-packages/***/task/task_runner/standard_task_runner.py:61: DeprecationWarning: This process (pid=2208) is multi-threaded, use of fork() may lead to deadlocks in the child.
  pid = os.fork()

[2025-05-17T12:35:33.842+0000] {standard_task_runner.py:63} INFO - Started process 2210 to run task
[2025-05-17T12:35:33.843+0000] {standard_task_runner.py:90} INFO - Running: ['***', 'tasks', 'run', 'vietnamnet_crawler_24h', 'crawl_the-gioi', 'scheduled__2025-05-17T12:00:00+00:00', '--job-id', '153', '--raw', '--subdir', 'DAGS_FOLDER/dags.py', '--cfg-path', '/tmp/tmpm7iq9j0a']
[2025-05-17T12:35:33.846+0000] {standard_task_runner.py:91} INFO - Job 153: Subtask crawl_the-gioi
[2025-05-17T12:35:33.936+0000] {task_command.py:426} INFO - Running <TaskInstance: vietnamnet_crawler_24h.crawl_the-gioi scheduled__2025-05-17T12:00:00+00:00 [running]> on host 60d771d880eb
[2025-05-17T12:35:34.095+0000] {taskinstance.py:2648} INFO - Exporting env vars: AIRFLOW_CTX_DAG_OWNER='***' AIRFLOW_CTX_DAG_ID='vietnamnet_crawler_24h' AIRFLOW_CTX_TASK_ID='crawl_the-gioi' AIRFLOW_CTX_EXECUTION_DATE='2025-05-17T12:00:00+00:00' AIRFLOW_CTX_TRY_NUMBER='1' AIRFLOW_CTX_DAG_RUN_ID='scheduled__2025-05-17T12:00:00+00:00'
[2025-05-17T12:35:34.097+0000] {taskinstance.py:430} INFO - ::endgroup::
[2025-05-17T12:35:34.328+0000] {crawler.py:55} INFO - Đã kết nối thành công với MongoDB: News
[2025-05-17T12:35:35.302+0000] {logging_mixin.py:188} INFO - [INIT].... → Crawl4AI 0.6.2
[2025-05-17T12:35:40.549+0000] {logging_mixin.py:188} INFO - [FETCH]... ↓ https://vietnamnet.vn/tin-tuc-24h?bydaterang=&cate=000005                                            | 
[2025-05-17T12:35:40.551+0000] {logging_mixin.py:188} INFO - ✓
[2025-05-17T12:35:40.555+0000] {logging_mixin.py:188} INFO -  | ⏱: 5.12s
[2025-05-17T12:35:41.047+0000] {logging_mixin.py:188} INFO - [SCRAPE].. ◆ https://vietnamnet.vn/tin-tuc-24h?bydaterang=&cate=000005                                            | 
[2025-05-17T12:35:41.048+0000] {logging_mixin.py:188} INFO - ✓
[2025-05-17T12:35:41.049+0000] {logging_mixin.py:188} INFO -  | ⏱: 
[2025-05-17T12:35:41.049+0000] {logging_mixin.py:188} INFO - 0.48
[2025-05-17T12:35:41.050+0000] {logging_mixin.py:188} INFO - s
[2025-05-17T12:35:41.052+0000] {logging_mixin.py:188} INFO - [COMPLETE] ● https://vietnamnet.vn/tin-tuc-24h?bydaterang=&cate=000005                                            | 
[2025-05-17T12:35:41.053+0000] {logging_mixin.py:188} INFO - ✓
[2025-05-17T12:35:41.053+0000] {logging_mixin.py:188} INFO -  | ⏱: 5.63s
[2025-05-17T12:35:41.546+0000] {crawler.py:85} INFO - Tìm thấy 25 link bài viết cho danh mục the-gioi
[2025-05-17T12:35:42.320+0000] {crawler.py:110} INFO - Đã lọc: 25 URLs ban đầu -> 0 URLs sau xử lý live
[2025-05-17T12:35:42.320+0000] {crawler.py:252} INFO - Không có bài viết mới nào trong danh mục the-gioi cần crawl.
[2025-05-17T12:35:42.398+0000] {crawler.py:294} INFO - Không có bài viết để lưu vào collection 'the-gioi'
[2025-05-17T12:35:42.462+0000] {python.py:237} INFO - Done. Returned value was: None
[2025-05-17T12:35:42.463+0000] {taskinstance.py:441} INFO - ::group::Post task execution logs
[2025-05-17T12:35:42.474+0000] {taskinstance.py:1206} INFO - Marking task as SUCCESS. dag_id=vietnamnet_crawler_24h, task_id=crawl_the-gioi, run_id=scheduled__2025-05-17T12:00:00+00:00, execution_date=20250517T120000, start_date=20250517T123533, end_date=20250517T123542
[2025-05-17T12:35:42.531+0000] {local_task_job_runner.py:240} INFO - Task exited with return code 0
[2025-05-17T12:35:42.573+0000] {taskinstance.py:3503} INFO - 1 downstream tasks scheduled from follow-on schedule check
[2025-05-17T12:35:42.578+0000] {local_task_job_runner.py:222} INFO - ::endgroup::
