[2025-05-17T12:35:03.872+0000] {local_task_job_runner.py:120} INFO - ::group::Pre task execution logs
[2025-05-17T12:35:03.904+0000] {taskinstance.py:2076} INFO - Dependencies all met for dep_context=non-requeueable deps ti=<TaskInstance: vietnamnet_crawler_24h.clean_old_articles manual__2025-05-17T12:35:00.311362+00:00 [queued]>
[2025-05-17T12:35:03.913+0000] {taskinstance.py:2076} INFO - Dependencies all met for dep_context=requeueable deps ti=<TaskInstance: vietnamnet_crawler_24h.clean_old_articles manual__2025-05-17T12:35:00.311362+00:00 [queued]>
[2025-05-17T12:35:03.914+0000] {taskinstance.py:2306} INFO - Starting attempt 1 of 2
[2025-05-17T12:35:03.931+0000] {taskinstance.py:2330} INFO - Executing <Task(PythonOperator): clean_old_articles> on 2025-05-17 12:35:00.311362+00:00
[2025-05-17T12:35:03.939+0000] {warnings.py:112} WARNING - /home/***/.local/lib/python3.12/site-packages/***/task/task_runner/standard_task_runner.py:61: DeprecationWarning: This process (pid=1650) is multi-threaded, use of fork() may lead to deadlocks in the child.
  pid = os.fork()

[2025-05-17T12:35:03.941+0000] {standard_task_runner.py:63} INFO - Started process 1651 to run task
[2025-05-17T12:35:03.941+0000] {standard_task_runner.py:90} INFO - Running: ['***', 'tasks', 'run', 'vietnamnet_crawler_24h', 'clean_old_articles', 'manual__2025-05-17T12:35:00.311362+00:00', '--job-id', '146', '--raw', '--subdir', 'DAGS_FOLDER/dags.py', '--cfg-path', '/tmp/tmp6rwr8l_1']
[2025-05-17T12:35:03.944+0000] {standard_task_runner.py:91} INFO - Job 146: Subtask clean_old_articles
[2025-05-17T12:35:04.000+0000] {task_command.py:426} INFO - Running <TaskInstance: vietnamnet_crawler_24h.clean_old_articles manual__2025-05-17T12:35:00.311362+00:00 [running]> on host 60d771d880eb
[2025-05-17T12:35:04.129+0000] {taskinstance.py:2648} INFO - Exporting env vars: AIRFLOW_CTX_DAG_OWNER='***' AIRFLOW_CTX_DAG_ID='vietnamnet_crawler_24h' AIRFLOW_CTX_TASK_ID='clean_old_articles' AIRFLOW_CTX_EXECUTION_DATE='2025-05-17T12:35:00.311362+00:00' AIRFLOW_CTX_TRY_NUMBER='1' AIRFLOW_CTX_DAG_RUN_ID='manual__2025-05-17T12:35:00.311362+00:00'
[2025-05-17T12:35:04.130+0000] {taskinstance.py:430} INFO - ::endgroup::
[2025-05-17T12:35:04.535+0000] {database_cleaner.py:33} INFO - Đã kết nối MongoDB: News
[2025-05-17T12:35:04.536+0000] {database_cleaner.py:102} INFO - Xóa các bài viết trước: 2025-04-16T19:35:04.536138+07:00
[2025-05-17T12:35:05.376+0000] {database_cleaner.py:125} INFO - Collection 'cong-nghe': 0 bài bị xóa
[2025-05-17T12:35:06.640+0000] {database_cleaner.py:117} INFO - 10 bài đã xóa từ 'the-gioi'
[2025-05-17T12:35:07.329+0000] {database_cleaner.py:117} INFO - 20 bài đã xóa từ 'the-gioi'
[2025-05-17T12:35:07.345+0000] {database_cleaner.py:125} INFO - Collection 'the-gioi': 20 bài bị xóa
[2025-05-17T12:35:08.919+0000] {database_cleaner.py:117} INFO - 10 bài đã xóa từ 'chinh-tri'
[2025-05-17T12:35:09.549+0000] {database_cleaner.py:117} INFO - 20 bài đã xóa từ 'chinh-tri'
[2025-05-17T12:35:09.622+0000] {database_cleaner.py:125} INFO - Collection 'chinh-tri': 21 bài bị xóa
[2025-05-17T12:35:10.399+0000] {database_cleaner.py:125} INFO - Collection 'phap-luat': 9 bài bị xóa
[2025-05-17T12:35:11.241+0000] {database_cleaner.py:125} INFO - Collection 'doi-song': 9 bài bị xóa
[2025-05-17T12:35:12.262+0000] {database_cleaner.py:117} INFO - 10 bài đã xóa từ 'giao-duc'
[2025-05-17T12:35:12.638+0000] {database_cleaner.py:125} INFO - Collection 'giao-duc': 16 bài bị xóa
[2025-05-17T12:35:12.700+0000] {database_cleaner.py:42} INFO - Đã đóng kết nối MongoDB
[2025-05-17T12:35:12.700+0000] {database_cleaner.py:142} INFO - Đã xóa tổng cộng 75 bài, còn lại 1681
[2025-05-17T12:35:12.701+0000] {python.py:237} INFO - Done. Returned value was: {'cong-nghe': {'total': 0, 'deleted': 0, 'remaining': 0}, 'the-gioi': {'total': 413, 'deleted': 20, 'remaining': 393}, 'chinh-tri': {'total': 524, 'deleted': 21, 'remaining': 503}, 'phap-luat': {'total': 220, 'deleted': 9, 'remaining': 211}, 'doi-song': {'total': 291, 'deleted': 9, 'remaining': 282}, 'giao-duc': {'total': 308, 'deleted': 16, 'remaining': 292}}
[2025-05-17T12:35:12.701+0000] {taskinstance.py:441} INFO - ::group::Post task execution logs
[2025-05-17T12:35:12.719+0000] {taskinstance.py:1206} INFO - Marking task as SUCCESS. dag_id=vietnamnet_crawler_24h, task_id=clean_old_articles, run_id=manual__2025-05-17T12:35:00.311362+00:00, execution_date=20250517T123500, start_date=20250517T123503, end_date=20250517T123512
[2025-05-17T12:35:12.751+0000] {local_task_job_runner.py:240} INFO - Task exited with return code 0
[2025-05-17T12:35:12.779+0000] {taskinstance.py:3503} INFO - 1 downstream tasks scheduled from follow-on schedule check
[2025-05-17T12:35:12.781+0000] {local_task_job_runner.py:222} INFO - ::endgroup::
