[2025-05-18T09:56:38.386+0000] {local_task_job_runner.py:120} INFO - ::group::Pre task execution logs
[2025-05-18T09:56:38.410+0000] {taskinstance.py:2076} INFO - Dependencies all met for dep_context=non-requeueable deps ti=<TaskInstance: vietnamnet_crawler_24h.crawl_chinh-tri manual__2025-05-18T09:56:24.922804+00:00 [queued]>
[2025-05-18T09:56:38.419+0000] {taskinstance.py:2076} INFO - Dependencies all met for dep_context=requeueable deps ti=<TaskInstance: vietnamnet_crawler_24h.crawl_chinh-tri manual__2025-05-18T09:56:24.922804+00:00 [queued]>
[2025-05-18T09:56:38.419+0000] {taskinstance.py:2306} INFO - Starting attempt 1 of 2
[2025-05-18T09:56:38.434+0000] {taskinstance.py:2330} INFO - Executing <Task(PythonOperator): crawl_chinh-tri> on 2025-05-18 09:56:24.922804+00:00
[2025-05-18T09:56:38.440+0000] {warnings.py:112} WARNING - /home/***/.local/lib/python3.12/site-packages/***/task/task_runner/standard_task_runner.py:61: DeprecationWarning: This process (pid=6407) is multi-threaded, use of fork() may lead to deadlocks in the child.
  pid = os.fork()

[2025-05-18T09:56:38.441+0000] {standard_task_runner.py:63} INFO - Started process 6408 to run task
[2025-05-18T09:56:38.442+0000] {standard_task_runner.py:90} INFO - Running: ['***', 'tasks', 'run', 'vietnamnet_crawler_24h', 'crawl_chinh-tri', 'manual__2025-05-18T09:56:24.922804+00:00', '--job-id', '28', '--raw', '--subdir', 'DAGS_FOLDER/dags.py', '--cfg-path', '/tmp/tmpcj64exig']
[2025-05-18T09:56:38.444+0000] {standard_task_runner.py:91} INFO - Job 28: Subtask crawl_chinh-tri
[2025-05-18T09:56:38.490+0000] {task_command.py:426} INFO - Running <TaskInstance: vietnamnet_crawler_24h.crawl_chinh-tri manual__2025-05-18T09:56:24.922804+00:00 [running]> on host 4a3ee431a987
[2025-05-18T09:56:38.584+0000] {taskinstance.py:2648} INFO - Exporting env vars: AIRFLOW_CTX_DAG_OWNER='***' AIRFLOW_CTX_DAG_ID='vietnamnet_crawler_24h' AIRFLOW_CTX_TASK_ID='crawl_chinh-tri' AIRFLOW_CTX_EXECUTION_DATE='2025-05-18T09:56:24.922804+00:00' AIRFLOW_CTX_TRY_NUMBER='1' AIRFLOW_CTX_DAG_RUN_ID='manual__2025-05-18T09:56:24.922804+00:00'
[2025-05-18T09:56:38.585+0000] {taskinstance.py:430} INFO - ::endgroup::
[2025-05-18T09:56:38.811+0000] {crawler.py:55} INFO - Đã kết nối thành công với MongoDB: News
[2025-05-18T09:56:39.387+0000] {logging_mixin.py:188} INFO - [INIT].... → Crawl4AI 0.6.3
[2025-05-18T09:56:41.781+0000] {logging_mixin.py:188} INFO - [FETCH]... ↓ https://vietnamnet.vn/tin-tuc-24h?bydaterang=&cate=000001          
| ✓ | ⏱: 2.33s
[2025-05-18T09:56:42.019+0000] {logging_mixin.py:188} INFO - [SCRAPE].. ◆ https://vietnamnet.vn/tin-tuc-24h?bydaterang=&cate=000001          
| ✓ | ⏱: 0.24s
[2025-05-18T09:56:42.021+0000] {logging_mixin.py:188} INFO - [COMPLETE] ● https://vietnamnet.vn/tin-tuc-24h?bydaterang=&cate=000001          
| ✓ | ⏱: 2.57s
[2025-05-18T09:56:42.272+0000] {crawler.py:85} INFO - Tìm thấy 25 link bài viết cho danh mục chinh-tri
[2025-05-18T09:56:42.868+0000] {crawler.py:110} INFO - Đã lọc: 25 URLs ban đầu -> 0 URLs sau xử lý live
[2025-05-18T09:56:42.869+0000] {crawler.py:252} INFO - Không có bài viết mới nào trong danh mục chinh-tri cần crawl.
[2025-05-18T09:56:42.935+0000] {crawler.py:294} INFO - Không có bài viết để lưu vào collection 'chinh-tri'
[2025-05-18T09:56:42.996+0000] {python.py:237} INFO - Done. Returned value was: None
[2025-05-18T09:56:42.997+0000] {taskinstance.py:441} INFO - ::group::Post task execution logs
[2025-05-18T09:56:43.005+0000] {taskinstance.py:1206} INFO - Marking task as SUCCESS. dag_id=vietnamnet_crawler_24h, task_id=crawl_chinh-tri, run_id=manual__2025-05-18T09:56:24.922804+00:00, execution_date=20250518T095624, start_date=20250518T095638, end_date=20250518T095643
[2025-05-18T09:56:43.031+0000] {local_task_job_runner.py:240} INFO - Task exited with return code 0
[2025-05-18T09:56:43.055+0000] {taskinstance.py:3503} INFO - 1 downstream tasks scheduled from follow-on schedule check
[2025-05-18T09:56:43.058+0000] {local_task_job_runner.py:222} INFO - ::endgroup::
