[2025-05-18T13:00:14.941+0000] {local_task_job_runner.py:120} INFO - ::group::Pre task execution logs
[2025-05-18T13:00:14.958+0000] {taskinstance.py:2076} INFO - Dependencies all met for dep_context=non-requeueable deps ti=<TaskInstance: vietnamnet_crawler_24h.crawl_giao-duc scheduled__2025-05-18T12:30:00+00:00 [queued]>
[2025-05-18T13:00:14.964+0000] {taskinstance.py:2076} INFO - Dependencies all met for dep_context=requeueable deps ti=<TaskInstance: vietnamnet_crawler_24h.crawl_giao-duc scheduled__2025-05-18T12:30:00+00:00 [queued]>
[2025-05-18T13:00:14.965+0000] {taskinstance.py:2306} INFO - Starting attempt 1 of 2
[2025-05-18T13:00:14.977+0000] {taskinstance.py:2330} INFO - Executing <Task(PythonOperator): crawl_giao-duc> on 2025-05-18 12:30:00+00:00
[2025-05-18T13:00:14.983+0000] {warnings.py:112} WARNING - /home/***/.local/lib/python3.12/site-packages/***/task/task_runner/standard_task_runner.py:61: DeprecationWarning: This process (pid=7317) is multi-threaded, use of fork() may lead to deadlocks in the child.
  pid = os.fork()

[2025-05-18T13:00:14.985+0000] {standard_task_runner.py:63} INFO - Started process 7318 to run task
[2025-05-18T13:00:14.984+0000] {standard_task_runner.py:90} INFO - Running: ['***', 'tasks', 'run', 'vietnamnet_crawler_24h', 'crawl_giao-duc', 'scheduled__2025-05-18T12:30:00+00:00', '--job-id', '23', '--raw', '--subdir', 'DAGS_FOLDER/dags.py', '--cfg-path', '/tmp/tmpnxk_0neo']
[2025-05-18T13:00:14.987+0000] {standard_task_runner.py:91} INFO - Job 23: Subtask crawl_giao-duc
[2025-05-18T13:00:15.021+0000] {task_command.py:426} INFO - Running <TaskInstance: vietnamnet_crawler_24h.crawl_giao-duc scheduled__2025-05-18T12:30:00+00:00 [running]> on host a383b65f89e1
[2025-05-18T13:00:15.092+0000] {taskinstance.py:2648} INFO - Exporting env vars: AIRFLOW_CTX_DAG_OWNER='***' AIRFLOW_CTX_DAG_ID='vietnamnet_crawler_24h' AIRFLOW_CTX_TASK_ID='crawl_giao-duc' AIRFLOW_CTX_EXECUTION_DATE='2025-05-18T12:30:00+00:00' AIRFLOW_CTX_TRY_NUMBER='1' AIRFLOW_CTX_DAG_RUN_ID='scheduled__2025-05-18T12:30:00+00:00'
[2025-05-18T13:00:15.093+0000] {taskinstance.py:430} INFO - ::endgroup::
[2025-05-18T13:00:15.235+0000] {crawler.py:55} INFO - Đã kết nối thành công với MongoDB: News
[2025-05-18T13:00:15.735+0000] {logging_mixin.py:188} INFO - [INIT].... → Crawl4AI 0.6.3
[2025-05-18T13:00:17.513+0000] {logging_mixin.py:188} INFO - [FETCH]... ↓ https://vietnamnet.vn/tin-tuc-24h?bydaterang=&cate=000006          
| ✓ | ⏱: 1.72s
[2025-05-18T13:00:17.673+0000] {logging_mixin.py:188} INFO - [SCRAPE].. ◆ https://vietnamnet.vn/tin-tuc-24h?bydaterang=&cate=000006          
| ✓ | ⏱: 0.16s
[2025-05-18T13:00:17.675+0000] {logging_mixin.py:188} INFO - [COMPLETE] ● https://vietnamnet.vn/tin-tuc-24h?bydaterang=&cate=000006          
| ✓ | ⏱: 1.88s
[2025-05-18T13:00:17.872+0000] {crawler.py:85} INFO - Tìm thấy 25 link bài viết cho danh mục giao-duc
[2025-05-18T13:00:18.478+0000] {crawler.py:110} INFO - Đã lọc: 25 URLs ban đầu -> 0 URLs sau xử lý live
[2025-05-18T13:00:18.480+0000] {crawler.py:252} INFO - Không có bài viết mới nào trong danh mục giao-duc cần crawl.
[2025-05-18T13:00:18.551+0000] {crawler.py:294} INFO - Không có bài viết để lưu vào collection 'giao-duc'
[2025-05-18T13:00:18.621+0000] {python.py:237} INFO - Done. Returned value was: None
[2025-05-18T13:00:18.624+0000] {taskinstance.py:441} INFO - ::group::Post task execution logs
[2025-05-18T13:00:18.631+0000] {taskinstance.py:1206} INFO - Marking task as SUCCESS. dag_id=vietnamnet_crawler_24h, task_id=crawl_giao-duc, run_id=scheduled__2025-05-18T12:30:00+00:00, execution_date=20250518T123000, start_date=20250518T130014, end_date=20250518T130018
[2025-05-18T13:00:18.694+0000] {local_task_job_runner.py:240} INFO - Task exited with return code 0
[2025-05-18T13:00:18.713+0000] {taskinstance.py:3503} INFO - 1 downstream tasks scheduled from follow-on schedule check
[2025-05-18T13:00:18.716+0000] {local_task_job_runner.py:222} INFO - ::endgroup::
