[2025-05-16T08:47:22.120+0000] {local_task_job_runner.py:120} INFO - ::group::Pre task execution logs
[2025-05-16T08:47:22.145+0000] {taskinstance.py:2076} INFO - Dependencies all met for dep_context=non-requeueable deps ti=<TaskInstance: vietnamnet_crawler_24h.crawl_phap-luat scheduled__2025-05-15T17:00:00+00:00 [queued]>
[2025-05-16T08:47:22.155+0000] {taskinstance.py:2076} INFO - Dependencies all met for dep_context=requeueable deps ti=<TaskInstance: vietnamnet_crawler_24h.crawl_phap-luat scheduled__2025-05-15T17:00:00+00:00 [queued]>
[2025-05-16T08:47:22.156+0000] {taskinstance.py:2306} INFO - Starting attempt 1 of 2
[2025-05-16T08:47:22.205+0000] {taskinstance.py:2330} INFO - Executing <Task(PythonOperator): crawl_phap-luat> on 2025-05-15 17:00:00+00:00
[2025-05-16T08:47:22.213+0000] {warnings.py:112} WARNING - /home/***/.local/lib/python3.12/site-packages/***/task/task_runner/standard_task_runner.py:61: DeprecationWarning: This process (pid=2046) is multi-threaded, use of fork() may lead to deadlocks in the child.
  pid = os.fork()

[2025-05-16T08:47:22.215+0000] {standard_task_runner.py:63} INFO - Started process 2076 to run task
[2025-05-16T08:47:22.216+0000] {standard_task_runner.py:90} INFO - Running: ['***', 'tasks', 'run', 'vietnamnet_crawler_24h', 'crawl_phap-luat', 'scheduled__2025-05-15T17:00:00+00:00', '--job-id', '23', '--raw', '--subdir', 'DAGS_FOLDER/dags.py', '--cfg-path', '/tmp/tmpyow7ttdt']
[2025-05-16T08:47:22.220+0000] {standard_task_runner.py:91} INFO - Job 23: Subtask crawl_phap-luat
[2025-05-16T08:47:22.308+0000] {task_command.py:426} INFO - Running <TaskInstance: vietnamnet_crawler_24h.crawl_phap-luat scheduled__2025-05-15T17:00:00+00:00 [running]> on host 3e0aeda9ad24
[2025-05-16T08:47:22.501+0000] {taskinstance.py:2648} INFO - Exporting env vars: AIRFLOW_CTX_DAG_OWNER='***' AIRFLOW_CTX_DAG_ID='vietnamnet_crawler_24h' AIRFLOW_CTX_TASK_ID='crawl_phap-luat' AIRFLOW_CTX_EXECUTION_DATE='2025-05-15T17:00:00+00:00' AIRFLOW_CTX_TRY_NUMBER='1' AIRFLOW_CTX_DAG_RUN_ID='scheduled__2025-05-15T17:00:00+00:00'
[2025-05-16T08:47:22.502+0000] {taskinstance.py:430} INFO - ::endgroup::
[2025-05-16T08:47:22.682+0000] {crawler.py:54} INFO - Đã kết nối thành công với MongoDB: News
[2025-05-16T08:47:22.841+0000] {crawler.py:44} INFO - ArticleSummarizer đã được khởi tạo thành công
[2025-05-16T08:47:23.546+0000] {logging_mixin.py:188} INFO - [INIT].... → Crawl4AI 0.6.2
[2025-05-16T08:47:26.756+0000] {logging_mixin.py:188} INFO - [FETCH]... ↓ https://vietnamnet.vn/tin-tuc-24h?bydaterang=&cate=000008                                            | 
[2025-05-16T08:47:26.757+0000] {logging_mixin.py:188} INFO - ✓
[2025-05-16T08:47:26.757+0000] {logging_mixin.py:188} INFO -  | ⏱: 3.13s
[2025-05-16T08:47:27.287+0000] {logging_mixin.py:188} INFO - [SCRAPE].. ◆ https://vietnamnet.vn/tin-tuc-24h?bydaterang=&cate=000008                                            | 
[2025-05-16T08:47:27.288+0000] {logging_mixin.py:188} INFO - ✓
[2025-05-16T08:47:27.288+0000] {logging_mixin.py:188} INFO -  | ⏱: 0.53s
[2025-05-16T08:47:27.290+0000] {logging_mixin.py:188} INFO - [COMPLETE] ● https://vietnamnet.vn/tin-tuc-24h?bydaterang=&cate=000008                                            | 
[2025-05-16T08:47:27.290+0000] {logging_mixin.py:188} INFO - ✓
[2025-05-16T08:47:27.291+0000] {logging_mixin.py:188} INFO -  | ⏱: 3.67s
[2025-05-16T08:47:27.461+0000] {crawler.py:84} INFO - Tìm thấy 25 link bài viết cho danh mục phap-luat
[2025-05-16T08:47:29.734+0000] {crawler.py:110} INFO - Đã lọc: 25 URLs ban đầu -> 0 URLs mới
[2025-05-16T08:47:29.734+0000] {crawler.py:231} INFO - Không có bài viết mới nào trong danh mục phap-luat cần crawl.
[2025-05-16T08:47:29.735+0000] {crawler.py:271} INFO - Không có bài viết để lưu vào collection 'phap-luat'
[2025-05-16T08:47:29.799+0000] {python.py:237} INFO - Done. Returned value was: None
[2025-05-16T08:47:29.800+0000] {taskinstance.py:441} INFO - ::group::Post task execution logs
[2025-05-16T08:47:29.808+0000] {taskinstance.py:1206} INFO - Marking task as SUCCESS. dag_id=vietnamnet_crawler_24h, task_id=crawl_phap-luat, run_id=scheduled__2025-05-15T17:00:00+00:00, execution_date=20250515T170000, start_date=20250516T084722, end_date=20250516T084729
[2025-05-16T08:47:29.857+0000] {local_task_job_runner.py:240} INFO - Task exited with return code 0
[2025-05-16T08:47:29.879+0000] {taskinstance.py:3503} INFO - 1 downstream tasks scheduled from follow-on schedule check
[2025-05-16T08:47:29.882+0000] {local_task_job_runner.py:222} INFO - ::endgroup::
