[2025-05-15T10:27:32.329+0000] {local_task_job_runner.py:120} INFO - ::group::Pre task execution logs
[2025-05-15T10:27:32.370+0000] {taskinstance.py:2076} INFO - Dependencies all met for dep_context=non-requeueable deps ti=<TaskInstance: vietnamnet_crawler_24h.crawl_the-gioi scheduled__2025-05-15T09:30:00+00:00 [queued]>
[2025-05-15T10:27:32.385+0000] {taskinstance.py:2076} INFO - Dependencies all met for dep_context=requeueable deps ti=<TaskInstance: vietnamnet_crawler_24h.crawl_the-gioi scheduled__2025-05-15T09:30:00+00:00 [queued]>
[2025-05-15T10:27:32.386+0000] {taskinstance.py:2306} INFO - Starting attempt 1 of 2
[2025-05-15T10:27:32.411+0000] {taskinstance.py:2330} INFO - Executing <Task(PythonOperator): crawl_the-gioi> on 2025-05-15 09:30:00+00:00
[2025-05-15T10:27:32.422+0000] {warnings.py:112} WARNING - /home/***/.local/lib/python3.12/site-packages/***/task/task_runner/standard_task_runner.py:61: DeprecationWarning: This process (pid=4930) is multi-threaded, use of fork() may lead to deadlocks in the child.
  pid = os.fork()

[2025-05-15T10:27:32.426+0000] {standard_task_runner.py:63} INFO - Started process 4937 to run task
[2025-05-15T10:27:32.427+0000] {standard_task_runner.py:90} INFO - Running: ['***', 'tasks', 'run', 'vietnamnet_crawler_24h', 'crawl_the-gioi', 'scheduled__2025-05-15T09:30:00+00:00', '--job-id', '19', '--raw', '--subdir', 'DAGS_FOLDER/dags.py', '--cfg-path', '/tmp/tmp7w10lvd1']
[2025-05-15T10:27:32.431+0000] {standard_task_runner.py:91} INFO - Job 19: Subtask crawl_the-gioi
[2025-05-15T10:27:32.503+0000] {task_command.py:426} INFO - Running <TaskInstance: vietnamnet_crawler_24h.crawl_the-gioi scheduled__2025-05-15T09:30:00+00:00 [running]> on host 45f6bdc6b965
[2025-05-15T10:27:32.618+0000] {taskinstance.py:2648} INFO - Exporting env vars: AIRFLOW_CTX_DAG_OWNER='***' AIRFLOW_CTX_DAG_ID='vietnamnet_crawler_24h' AIRFLOW_CTX_TASK_ID='crawl_the-gioi' AIRFLOW_CTX_EXECUTION_DATE='2025-05-15T09:30:00+00:00' AIRFLOW_CTX_TRY_NUMBER='1' AIRFLOW_CTX_DAG_RUN_ID='scheduled__2025-05-15T09:30:00+00:00'
[2025-05-15T10:27:32.620+0000] {taskinstance.py:430} INFO - ::endgroup::
[2025-05-15T10:27:32.855+0000] {crawler.py:54} INFO - Đã kết nối thành công với MongoDB: News
[2025-05-15T10:27:33.083+0000] {crawler.py:44} INFO - ArticleSummarizer đã được khởi tạo thành công
[2025-05-15T10:27:34.115+0000] {logging_mixin.py:188} INFO - [INIT].... → Crawl4AI 0.6.2
[2025-05-15T10:27:39.981+0000] {logging_mixin.py:188} INFO - [FETCH]... ↓ https://vietnamnet.vn/tin-tuc-24h?bydaterang=&cate=000005                                            | 
[2025-05-15T10:27:39.988+0000] {logging_mixin.py:188} INFO - ✓
[2025-05-15T10:27:39.993+0000] {logging_mixin.py:188} INFO -  | ⏱: 5.71s
[2025-05-15T10:27:40.338+0000] {logging_mixin.py:188} INFO - [SCRAPE].. ◆ https://vietnamnet.vn/tin-tuc-24h?bydaterang=&cate=000005                                            | 
[2025-05-15T10:27:40.339+0000] {logging_mixin.py:188} INFO - ✓
[2025-05-15T10:27:40.340+0000] {logging_mixin.py:188} INFO -  | ⏱: 0.34s
[2025-05-15T10:27:40.342+0000] {logging_mixin.py:188} INFO - [COMPLETE] ● https://vietnamnet.vn/tin-tuc-24h?bydaterang=&cate=000005                                            | 
[2025-05-15T10:27:40.343+0000] {logging_mixin.py:188} INFO - ✓
[2025-05-15T10:27:40.343+0000] {logging_mixin.py:188} INFO -  | ⏱: 6.07s
[2025-05-15T10:27:40.849+0000] {crawler.py:84} INFO - Tìm thấy 25 link bài viết cho danh mục the-gioi
[2025-05-15T10:27:43.070+0000] {crawler.py:103} INFO - Đã lọc: 25 URLs ban đầu -> 0 URLs mới
[2025-05-15T10:27:43.072+0000] {crawler.py:222} INFO - Không có bài viết mới nào trong danh mục the-gioi cần crawl.
[2025-05-15T10:27:43.075+0000] {crawler.py:257} INFO - Không có bài viết để lưu vào collection 'the-gioi'
[2025-05-15T10:27:43.141+0000] {python.py:237} INFO - Done. Returned value was: None
[2025-05-15T10:27:43.142+0000] {taskinstance.py:441} INFO - ::group::Post task execution logs
[2025-05-15T10:27:43.164+0000] {taskinstance.py:1206} INFO - Marking task as SUCCESS. dag_id=vietnamnet_crawler_24h, task_id=crawl_the-gioi, run_id=scheduled__2025-05-15T09:30:00+00:00, execution_date=20250515T093000, start_date=20250515T102732, end_date=20250515T102743
[2025-05-15T10:27:43.223+0000] {local_task_job_runner.py:240} INFO - Task exited with return code 0
[2025-05-15T10:27:43.271+0000] {taskinstance.py:3503} INFO - 1 downstream tasks scheduled from follow-on schedule check
[2025-05-15T10:27:43.274+0000] {local_task_job_runner.py:222} INFO - ::endgroup::
