[2025-05-18T01:17:58.798+0000] {local_task_job_runner.py:120} INFO - ::group::Pre task execution logs
[2025-05-18T01:17:58.826+0000] {taskinstance.py:2076} INFO - Dependencies all met for dep_context=non-requeueable deps ti=<TaskInstance: vietnamnet_crawler_24h.crawl_the-gioi manual__2025-05-18T01:17:35.027615+00:00 [queued]>
[2025-05-18T01:17:58.848+0000] {taskinstance.py:2076} INFO - Dependencies all met for dep_context=requeueable deps ti=<TaskInstance: vietnamnet_crawler_24h.crawl_the-gioi manual__2025-05-18T01:17:35.027615+00:00 [queued]>
[2025-05-18T01:17:58.849+0000] {taskinstance.py:2306} INFO - Starting attempt 1 of 2
[2025-05-18T01:17:58.874+0000] {taskinstance.py:2330} INFO - Executing <Task(PythonOperator): crawl_the-gioi> on 2025-05-18 01:17:35.027615+00:00
[2025-05-18T01:17:58.883+0000] {warnings.py:112} WARNING - /home/***/.local/lib/python3.12/site-packages/***/task/task_runner/standard_task_runner.py:61: DeprecationWarning: This process (pid=810) is multi-threaded, use of fork() may lead to deadlocks in the child.
  pid = os.fork()

[2025-05-18T01:17:58.885+0000] {standard_task_runner.py:63} INFO - Started process 812 to run task
[2025-05-18T01:17:58.884+0000] {standard_task_runner.py:90} INFO - Running: ['***', 'tasks', 'run', 'vietnamnet_crawler_24h', 'crawl_the-gioi', 'manual__2025-05-18T01:17:35.027615+00:00', '--job-id', '11', '--raw', '--subdir', 'DAGS_FOLDER/dags.py', '--cfg-path', '/tmp/tmps3oulzdd']
[2025-05-18T01:17:58.887+0000] {standard_task_runner.py:91} INFO - Job 11: Subtask crawl_the-gioi
[2025-05-18T01:17:58.942+0000] {task_command.py:426} INFO - Running <TaskInstance: vietnamnet_crawler_24h.crawl_the-gioi manual__2025-05-18T01:17:35.027615+00:00 [running]> on host fa0f5fb7e7ff
[2025-05-18T01:17:59.057+0000] {taskinstance.py:2648} INFO - Exporting env vars: AIRFLOW_CTX_DAG_OWNER='***' AIRFLOW_CTX_DAG_ID='vietnamnet_crawler_24h' AIRFLOW_CTX_TASK_ID='crawl_the-gioi' AIRFLOW_CTX_EXECUTION_DATE='2025-05-18T01:17:35.027615+00:00' AIRFLOW_CTX_TRY_NUMBER='1' AIRFLOW_CTX_DAG_RUN_ID='manual__2025-05-18T01:17:35.027615+00:00'
[2025-05-18T01:17:59.059+0000] {taskinstance.py:430} INFO - ::endgroup::
[2025-05-18T01:17:59.287+0000] {crawler.py:55} INFO - Đã kết nối thành công với MongoDB: News
[2025-05-18T01:18:00.164+0000] {logging_mixin.py:188} INFO - [INIT].... → Crawl4AI 0.6.3
[2025-05-18T01:18:04.496+0000] {logging_mixin.py:188} INFO - [FETCH]... ↓ https://vietnamnet.vn/tin-tuc-24h?bydaterang=&cate=000005          
| ✓ | ⏱: 4.25s
[2025-05-18T01:18:04.827+0000] {logging_mixin.py:188} INFO - [SCRAPE].. ◆ https://vietnamnet.vn/tin-tuc-24h?bydaterang=&cate=000005          
| ✓ | ⏱: 0.33s
[2025-05-18T01:18:04.830+0000] {logging_mixin.py:188} INFO - [COMPLETE] ● https://vietnamnet.vn/tin-tuc-24h?bydaterang=&cate=000005          
| ✓ | ⏱: 4.58s
[2025-05-18T01:18:04.930+0000] {crawler.py:85} INFO - Tìm thấy 25 link bài viết cho danh mục the-gioi
[2025-05-18T01:18:06.329+0000] {crawler.py:110} INFO - Đã lọc: 25 URLs ban đầu -> 1 URLs sau xử lý live
[2025-05-18T01:18:06.330+0000] {crawler.py:255} INFO - Đang crawl 1 bài viết mới từ danh mục the-gioi...
[2025-05-18T01:18:06.330+0000] {crawler.py:258} INFO - --> Crawl: https://vietnamnet.vn/ong-trump-cong-bo-thoi-gian-dien-dam-voi-tong-thong-putin-2402249.html
[2025-05-18T01:18:07.204+0000] {logging_mixin.py:188} INFO - [INIT].... → Crawl4AI 0.6.3
[2025-05-18T01:18:13.077+0000] {logging_mixin.py:188} INFO - [FETCH]... ↓ 
https://vietnamnet.vn/ong-trump-cong-bo-thoi-gian-dien-dam-voi-tong-thong-putin-
2402249.html         | ✓ | ⏱: 5.80s
[2025-05-18T01:18:13.566+0000] {logging_mixin.py:188} INFO - [SCRAPE].. ◆ 
https://vietnamnet.vn/ong-trump-cong-bo-thoi-gian-dien-dam-voi-tong-thong-putin-
2402249.html         | ✓ | ⏱: 0.48s
[2025-05-18T01:18:13.569+0000] {logging_mixin.py:188} INFO - [COMPLETE] ● 
https://vietnamnet.vn/ong-trump-cong-bo-thoi-gian-dien-dam-voi-tong-thong-putin-
2402249.html         | ✓ | ⏱: 6.29s
[2025-05-18T01:18:14.149+0000] {crawler.py:262} INFO -     ✓ Ông Trump công bố thời gian điện đàm với Tổng thống Putin, l...

[2025-05-18T01:18:14.150+0000] {crawler.py:265} INFO - ⏱️  Tổng thời gian crawl: 14.86 giây
[2025-05-18T01:18:14.297+0000] {crawler.py:292} INFO - Đã lưu 1 bài viết vào collection 'the-gioi'
[2025-05-18T01:18:14.365+0000] {python.py:237} INFO - Done. Returned value was: None
[2025-05-18T01:18:14.368+0000] {taskinstance.py:441} INFO - ::group::Post task execution logs
[2025-05-18T01:18:14.387+0000] {taskinstance.py:1206} INFO - Marking task as SUCCESS. dag_id=vietnamnet_crawler_24h, task_id=crawl_the-gioi, run_id=manual__2025-05-18T01:17:35.027615+00:00, execution_date=20250518T011735, start_date=20250518T011758, end_date=20250518T011814
[2025-05-18T01:18:14.500+0000] {local_task_job_runner.py:240} INFO - Task exited with return code 0
[2025-05-18T01:18:14.559+0000] {taskinstance.py:3503} INFO - 1 downstream tasks scheduled from follow-on schedule check
[2025-05-18T01:18:14.567+0000] {local_task_job_runner.py:222} INFO - ::endgroup::
