[2025-05-18T09:19:53.743+0000] {local_task_job_runner.py:120} INFO - ::group::Pre task execution logs
[2025-05-18T09:19:53.762+0000] {taskinstance.py:2076} INFO - Dependencies all met for dep_context=non-requeueable deps ti=<TaskInstance: vietnamnet_crawler_24h.crawl_doi-song scheduled__2025-05-18T08:30:00+00:00 [queued]>
[2025-05-18T09:19:53.769+0000] {taskinstance.py:2076} INFO - Dependencies all met for dep_context=requeueable deps ti=<TaskInstance: vietnamnet_crawler_24h.crawl_doi-song scheduled__2025-05-18T08:30:00+00:00 [queued]>
[2025-05-18T09:19:53.769+0000] {taskinstance.py:2306} INFO - Starting attempt 1 of 2
[2025-05-18T09:19:53.781+0000] {taskinstance.py:2330} INFO - Executing <Task(PythonOperator): crawl_doi-song> on 2025-05-18 08:30:00+00:00
[2025-05-18T09:19:53.786+0000] {warnings.py:112} WARNING - /home/***/.local/lib/python3.12/site-packages/***/task/task_runner/standard_task_runner.py:61: DeprecationWarning: This process (pid=977) is multi-threaded, use of fork() may lead to deadlocks in the child.
  pid = os.fork()

[2025-05-18T09:19:53.787+0000] {standard_task_runner.py:63} INFO - Started process 978 to run task
[2025-05-18T09:19:53.787+0000] {standard_task_runner.py:90} INFO - Running: ['***', 'tasks', 'run', 'vietnamnet_crawler_24h', 'crawl_doi-song', 'scheduled__2025-05-18T08:30:00+00:00', '--job-id', '8', '--raw', '--subdir', 'DAGS_FOLDER/dags.py', '--cfg-path', '/tmp/tmpjy4uxsv5']
[2025-05-18T09:19:53.789+0000] {standard_task_runner.py:91} INFO - Job 8: Subtask crawl_doi-song
[2025-05-18T09:19:53.827+0000] {task_command.py:426} INFO - Running <TaskInstance: vietnamnet_crawler_24h.crawl_doi-song scheduled__2025-05-18T08:30:00+00:00 [running]> on host 4a3ee431a987
[2025-05-18T09:19:53.899+0000] {taskinstance.py:2648} INFO - Exporting env vars: AIRFLOW_CTX_DAG_OWNER='***' AIRFLOW_CTX_DAG_ID='vietnamnet_crawler_24h' AIRFLOW_CTX_TASK_ID='crawl_doi-song' AIRFLOW_CTX_EXECUTION_DATE='2025-05-18T08:30:00+00:00' AIRFLOW_CTX_TRY_NUMBER='1' AIRFLOW_CTX_DAG_RUN_ID='scheduled__2025-05-18T08:30:00+00:00'
[2025-05-18T09:19:53.900+0000] {taskinstance.py:430} INFO - ::endgroup::
[2025-05-18T09:19:54.048+0000] {crawler.py:55} INFO - Đã kết nối thành công với MongoDB: News
[2025-05-18T09:19:54.689+0000] {logging_mixin.py:188} INFO - [INIT].... → Crawl4AI 0.6.3
[2025-05-18T09:19:57.189+0000] {logging_mixin.py:188} INFO - [FETCH]... ↓ https://vietnamnet.vn/tin-tuc-24h?bydaterang=&cate=000007          
| ✓ | ⏱: 2.44s
[2025-05-18T09:19:57.410+0000] {logging_mixin.py:188} INFO - [SCRAPE].. ◆ https://vietnamnet.vn/tin-tuc-24h?bydaterang=&cate=000007          
| ✓ | ⏱: 0.22s
[2025-05-18T09:19:57.412+0000] {logging_mixin.py:188} INFO - [COMPLETE] ● https://vietnamnet.vn/tin-tuc-24h?bydaterang=&cate=000007          
| ✓ | ⏱: 2.67s
[2025-05-18T09:19:57.487+0000] {crawler.py:85} INFO - Tìm thấy 25 link bài viết cho danh mục doi-song
[2025-05-18T09:19:58.075+0000] {crawler.py:110} INFO - Đã lọc: 25 URLs ban đầu -> 0 URLs sau xử lý live
[2025-05-18T09:19:58.076+0000] {crawler.py:252} INFO - Không có bài viết mới nào trong danh mục doi-song cần crawl.
[2025-05-18T09:19:58.145+0000] {crawler.py:294} INFO - Không có bài viết để lưu vào collection 'doi-song'
[2025-05-18T09:19:58.206+0000] {python.py:237} INFO - Done. Returned value was: None
[2025-05-18T09:19:58.207+0000] {taskinstance.py:441} INFO - ::group::Post task execution logs
[2025-05-18T09:19:58.214+0000] {taskinstance.py:1206} INFO - Marking task as SUCCESS. dag_id=vietnamnet_crawler_24h, task_id=crawl_doi-song, run_id=scheduled__2025-05-18T08:30:00+00:00, execution_date=20250518T083000, start_date=20250518T091953, end_date=20250518T091958
[2025-05-18T09:19:58.256+0000] {local_task_job_runner.py:240} INFO - Task exited with return code 0
[2025-05-18T09:19:58.269+0000] {taskinstance.py:3503} INFO - 0 downstream tasks scheduled from follow-on schedule check
[2025-05-18T09:19:58.271+0000] {local_task_job_runner.py:222} INFO - ::endgroup::
