[2025-05-16T17:08:55.088+0000] {local_task_job_runner.py:120} INFO - ::group::Pre task execution logs
[2025-05-16T17:08:55.109+0000] {taskinstance.py:2076} INFO - Dependencies all met for dep_context=non-requeueable deps ti=<TaskInstance: vietnamnet_crawler_24h.crawl_giao-duc scheduled__2025-05-16T16:30:00+00:00 [queued]>
[2025-05-16T17:08:55.117+0000] {taskinstance.py:2076} INFO - Dependencies all met for dep_context=requeueable deps ti=<TaskInstance: vietnamnet_crawler_24h.crawl_giao-duc scheduled__2025-05-16T16:30:00+00:00 [queued]>
[2025-05-16T17:08:55.118+0000] {taskinstance.py:2306} INFO - Starting attempt 1 of 2
[2025-05-16T17:08:55.135+0000] {taskinstance.py:2330} INFO - Executing <Task(PythonOperator): crawl_giao-duc> on 2025-05-16 16:30:00+00:00
[2025-05-16T17:08:55.145+0000] {warnings.py:112} WARNING - /home/***/.local/lib/python3.12/site-packages/***/task/task_runner/standard_task_runner.py:61: DeprecationWarning: This process (pid=715) is multi-threaded, use of fork() may lead to deadlocks in the child.
  pid = os.fork()

[2025-05-16T17:08:55.147+0000] {standard_task_runner.py:63} INFO - Started process 718 to run task
[2025-05-16T17:08:55.148+0000] {standard_task_runner.py:90} INFO - Running: ['***', 'tasks', 'run', 'vietnamnet_crawler_24h', 'crawl_giao-duc', 'scheduled__2025-05-16T16:30:00+00:00', '--job-id', '81', '--raw', '--subdir', 'DAGS_FOLDER/dags.py', '--cfg-path', '/tmp/tmpgnwlzlpu']
[2025-05-16T17:08:55.150+0000] {standard_task_runner.py:91} INFO - Job 81: Subtask crawl_giao-duc
[2025-05-16T17:08:55.190+0000] {task_command.py:426} INFO - Running <TaskInstance: vietnamnet_crawler_24h.crawl_giao-duc scheduled__2025-05-16T16:30:00+00:00 [running]> on host 60d771d880eb
[2025-05-16T17:08:55.275+0000] {taskinstance.py:2648} INFO - Exporting env vars: AIRFLOW_CTX_DAG_OWNER='***' AIRFLOW_CTX_DAG_ID='vietnamnet_crawler_24h' AIRFLOW_CTX_TASK_ID='crawl_giao-duc' AIRFLOW_CTX_EXECUTION_DATE='2025-05-16T16:30:00+00:00' AIRFLOW_CTX_TRY_NUMBER='1' AIRFLOW_CTX_DAG_RUN_ID='scheduled__2025-05-16T16:30:00+00:00'
[2025-05-16T17:08:55.276+0000] {taskinstance.py:430} INFO - ::endgroup::
[2025-05-16T17:08:55.464+0000] {crawler.py:55} INFO - Đã kết nối thành công với MongoDB: News
[2025-05-16T17:08:56.246+0000] {logging_mixin.py:188} INFO - [INIT].... → Crawl4AI 0.6.2
[2025-05-16T17:09:00.039+0000] {logging_mixin.py:188} INFO - [FETCH]... ↓ https://vietnamnet.vn/tin-tuc-24h?bydaterang=&cate=000006                                            | 
[2025-05-16T17:09:00.041+0000] {logging_mixin.py:188} INFO - ✓
[2025-05-16T17:09:00.042+0000] {logging_mixin.py:188} INFO -  | ⏱: 3.76s
[2025-05-16T17:09:00.479+0000] {logging_mixin.py:188} INFO - [SCRAPE].. ◆ https://vietnamnet.vn/tin-tuc-24h?bydaterang=&cate=000006                                            | 
[2025-05-16T17:09:00.482+0000] {logging_mixin.py:188} INFO - ✓
[2025-05-16T17:09:00.482+0000] {logging_mixin.py:188} INFO -  | ⏱: 0.44s
[2025-05-16T17:09:00.485+0000] {logging_mixin.py:188} INFO - [COMPLETE] ● https://vietnamnet.vn/tin-tuc-24h?bydaterang=&cate=000006                                            | 
[2025-05-16T17:09:00.486+0000] {logging_mixin.py:188} INFO - ✓
[2025-05-16T17:09:00.486+0000] {logging_mixin.py:188} INFO -  | ⏱: 4.21s
[2025-05-16T17:09:00.943+0000] {crawler.py:85} INFO - Tìm thấy 25 link bài viết cho danh mục giao-duc
[2025-05-16T17:09:01.625+0000] {crawler.py:110} INFO - Đã lọc: 25 URLs ban đầu -> 0 URLs sau xử lý live
[2025-05-16T17:09:01.626+0000] {crawler.py:244} INFO - Không có bài viết mới nào trong danh mục giao-duc cần crawl.
[2025-05-16T17:09:01.627+0000] {crawler.py:284} INFO - Không có bài viết để lưu vào collection 'giao-duc'
[2025-05-16T17:09:01.696+0000] {python.py:237} INFO - Done. Returned value was: None
[2025-05-16T17:09:01.698+0000] {taskinstance.py:441} INFO - ::group::Post task execution logs
[2025-05-16T17:09:01.714+0000] {taskinstance.py:1206} INFO - Marking task as SUCCESS. dag_id=vietnamnet_crawler_24h, task_id=crawl_giao-duc, run_id=scheduled__2025-05-16T16:30:00+00:00, execution_date=20250516T163000, start_date=20250516T170855, end_date=20250516T170901
[2025-05-16T17:09:01.788+0000] {local_task_job_runner.py:240} INFO - Task exited with return code 0
[2025-05-16T17:09:01.827+0000] {taskinstance.py:3503} INFO - 1 downstream tasks scheduled from follow-on schedule check
[2025-05-16T17:09:01.830+0000] {local_task_job_runner.py:222} INFO - ::endgroup::
