[2025-05-03T20:30:49.535+0000] {local_task_job_runner.py:120} INFO - ::group::Pre task execution logs
[2025-05-03T20:30:49.556+0000] {taskinstance.py:2076} INFO - Dependencies all met for dep_context=non-requeueable deps ti=<TaskInstance: vietnamnet_crawler_with_summary.crawl_giao-duc scheduled__2025-05-03T20:00:00+00:00 [queued]>
[2025-05-03T20:30:49.565+0000] {taskinstance.py:2076} INFO - Dependencies all met for dep_context=requeueable deps ti=<TaskInstance: vietnamnet_crawler_with_summary.crawl_giao-duc scheduled__2025-05-03T20:00:00+00:00 [queued]>
[2025-05-03T20:30:49.565+0000] {taskinstance.py:2306} INFO - Starting attempt 1 of 2
[2025-05-03T20:30:49.577+0000] {taskinstance.py:2330} INFO - Executing <Task(PythonOperator): crawl_giao-duc> on 2025-05-03 20:00:00+00:00
[2025-05-03T20:30:49.583+0000] {warnings.py:112} WARNING - /home/***/.local/lib/python3.12/site-packages/***/task/task_runner/standard_task_runner.py:61: DeprecationWarning: This process (pid=43397) is multi-threaded, use of fork() may lead to deadlocks in the child.
  pid = os.fork()

[2025-05-03T20:30:49.585+0000] {standard_task_runner.py:63} INFO - Started process 43398 to run task
[2025-05-03T20:30:49.585+0000] {standard_task_runner.py:90} INFO - Running: ['***', 'tasks', 'run', 'vietnamnet_crawler_with_summary', 'crawl_giao-duc', 'scheduled__2025-05-03T20:00:00+00:00', '--job-id', '16', '--raw', '--subdir', 'DAGS_FOLDER/dags.py', '--cfg-path', '/tmp/tmp4545rz7h']
[2025-05-03T20:30:49.588+0000] {standard_task_runner.py:91} INFO - Job 16: Subtask crawl_giao-duc
[2025-05-03T20:30:49.625+0000] {task_command.py:426} INFO - Running <TaskInstance: vietnamnet_crawler_with_summary.crawl_giao-duc scheduled__2025-05-03T20:00:00+00:00 [running]> on host 61b2c69a7af3
[2025-05-03T20:30:49.701+0000] {taskinstance.py:2648} INFO - Exporting env vars: AIRFLOW_CTX_DAG_OWNER='***' AIRFLOW_CTX_DAG_ID='vietnamnet_crawler_with_summary' AIRFLOW_CTX_TASK_ID='crawl_giao-duc' AIRFLOW_CTX_EXECUTION_DATE='2025-05-03T20:00:00+00:00' AIRFLOW_CTX_TRY_NUMBER='1' AIRFLOW_CTX_DAG_RUN_ID='scheduled__2025-05-03T20:00:00+00:00'
[2025-05-03T20:30:49.703+0000] {taskinstance.py:430} INFO - ::endgroup::
[2025-05-03T20:30:49.853+0000] {crawler.py:61} INFO - Đã kết nối thành công với MongoDB: News
[2025-05-03T20:30:49.989+0000] {crawler.py:44} INFO - ArticleSummarizer đã được khởi tạo thành công
[2025-05-03T20:30:50.563+0000] {logging_mixin.py:188} INFO - [INIT].... → Crawl4AI 0.6.2
[2025-05-03T20:30:53.305+0000] {logging_mixin.py:188} INFO - [FETCH]... ↓ https://vietnamnet.vn/giao-duc                                                                       | 
[2025-05-03T20:30:53.306+0000] {logging_mixin.py:188} INFO - ✓
[2025-05-03T20:30:53.306+0000] {logging_mixin.py:188} INFO -  | ⏱: 2.69s
[2025-05-03T20:30:53.769+0000] {logging_mixin.py:188} INFO - [SCRAPE].. ◆ https://vietnamnet.vn/giao-duc                                                                       | 
[2025-05-03T20:30:53.769+0000] {logging_mixin.py:188} INFO - ✓
[2025-05-03T20:30:53.770+0000] {logging_mixin.py:188} INFO -  | ⏱: 0.46s
[2025-05-03T20:30:53.771+0000] {logging_mixin.py:188} INFO - [COMPLETE] ● https://vietnamnet.vn/giao-duc                                                                       | 
[2025-05-03T20:30:53.772+0000] {logging_mixin.py:188} INFO - ✓
[2025-05-03T20:30:53.773+0000] {logging_mixin.py:188} INFO -  | ⏱: 3.15s
[2025-05-03T20:30:53.898+0000] {crawler.py:87} INFO - Tìm thấy 55 link bài viết
[2025-05-03T20:30:57.792+0000] {crawler.py:106} INFO - Đã lọc: 55 URLs ban đầu -> 0 URLs mới
[2025-05-03T20:30:57.793+0000] {crawler.py:225} INFO - Không có bài viết mới nào trong danh mục giao-duc cần crawl.
[2025-05-03T20:30:57.794+0000] {crawler.py:260} INFO - Không có bài viết để lưu vào collection 'giao-duc'
[2025-05-03T20:30:57.853+0000] {python.py:237} INFO - Done. Returned value was: None
[2025-05-03T20:30:57.854+0000] {taskinstance.py:441} INFO - ::group::Post task execution logs
[2025-05-03T20:30:57.861+0000] {taskinstance.py:1206} INFO - Marking task as SUCCESS. dag_id=vietnamnet_crawler_with_summary, task_id=crawl_giao-duc, run_id=scheduled__2025-05-03T20:00:00+00:00, execution_date=20250503T200000, start_date=20250503T203049, end_date=20250503T203057
[2025-05-03T20:30:57.897+0000] {local_task_job_runner.py:240} INFO - Task exited with return code 0
[2025-05-03T20:30:57.912+0000] {taskinstance.py:3503} INFO - 1 downstream tasks scheduled from follow-on schedule check
[2025-05-03T20:30:57.915+0000] {local_task_job_runner.py:222} INFO - ::endgroup::
