[2025-05-16T12:58:57.096+0000] {local_task_job_runner.py:120} INFO - ::group::Pre task execution logs
[2025-05-16T12:58:57.117+0000] {taskinstance.py:2076} INFO - Dependencies all met for dep_context=non-requeueable deps ti=<TaskInstance: vietnamnet_crawler_24h.crawl_the-gioi manual__2025-05-16T12:58:33.034739+00:00 [queued]>
[2025-05-16T12:58:57.126+0000] {taskinstance.py:2076} INFO - Dependencies all met for dep_context=requeueable deps ti=<TaskInstance: vietnamnet_crawler_24h.crawl_the-gioi manual__2025-05-16T12:58:33.034739+00:00 [queued]>
[2025-05-16T12:58:57.126+0000] {taskinstance.py:2306} INFO - Starting attempt 1 of 2
[2025-05-16T12:58:57.140+0000] {taskinstance.py:2330} INFO - Executing <Task(PythonOperator): crawl_the-gioi> on 2025-05-16 12:58:33.034739+00:00
[2025-05-16T12:58:57.146+0000] {warnings.py:112} WARNING - /home/***/.local/lib/python3.12/site-packages/***/task/task_runner/standard_task_runner.py:61: DeprecationWarning: This process (pid=7147) is multi-threaded, use of fork() may lead to deadlocks in the child.
  pid = os.fork()

[2025-05-16T12:58:57.147+0000] {standard_task_runner.py:63} INFO - Started process 7155 to run task
[2025-05-16T12:58:57.148+0000] {standard_task_runner.py:90} INFO - Running: ['***', 'tasks', 'run', 'vietnamnet_crawler_24h', 'crawl_the-gioi', 'manual__2025-05-16T12:58:33.034739+00:00', '--job-id', '27', '--raw', '--subdir', 'DAGS_FOLDER/dags.py', '--cfg-path', '/tmp/tmpkr65_mwh']
[2025-05-16T12:58:57.150+0000] {standard_task_runner.py:91} INFO - Job 27: Subtask crawl_the-gioi
[2025-05-16T12:58:57.191+0000] {task_command.py:426} INFO - Running <TaskInstance: vietnamnet_crawler_24h.crawl_the-gioi manual__2025-05-16T12:58:33.034739+00:00 [running]> on host 60d771d880eb
[2025-05-16T12:58:57.275+0000] {taskinstance.py:2648} INFO - Exporting env vars: AIRFLOW_CTX_DAG_OWNER='***' AIRFLOW_CTX_DAG_ID='vietnamnet_crawler_24h' AIRFLOW_CTX_TASK_ID='crawl_the-gioi' AIRFLOW_CTX_EXECUTION_DATE='2025-05-16T12:58:33.034739+00:00' AIRFLOW_CTX_TRY_NUMBER='1' AIRFLOW_CTX_DAG_RUN_ID='manual__2025-05-16T12:58:33.034739+00:00'
[2025-05-16T12:58:57.276+0000] {taskinstance.py:430} INFO - ::endgroup::
[2025-05-16T12:58:57.453+0000] {crawler.py:54} INFO - Đã kết nối thành công với MongoDB: News
[2025-05-16T12:58:58.173+0000] {logging_mixin.py:188} INFO - [INIT].... → Crawl4AI 0.6.2
[2025-05-16T12:59:00.769+0000] {logging_mixin.py:188} INFO - [FETCH]... ↓ https://vietnamnet.vn/tin-tuc-24h?bydaterang=&cate=000005                                            | 
[2025-05-16T12:59:00.770+0000] {logging_mixin.py:188} INFO - ✓
[2025-05-16T12:59:00.770+0000] {logging_mixin.py:188} INFO -  | ⏱: 2.52s
[2025-05-16T12:59:00.930+0000] {logging_mixin.py:188} INFO - [SCRAPE].. ◆ https://vietnamnet.vn/tin-tuc-24h?bydaterang=&cate=000005                                            | 
[2025-05-16T12:59:00.931+0000] {logging_mixin.py:188} INFO - ✓
[2025-05-16T12:59:00.931+0000] {logging_mixin.py:188} INFO -  | ⏱: 0.16s
[2025-05-16T12:59:00.932+0000] {logging_mixin.py:188} INFO - [COMPLETE] ● https://vietnamnet.vn/tin-tuc-24h?bydaterang=&cate=000005                                            | 
[2025-05-16T12:59:00.933+0000] {logging_mixin.py:188} INFO - ✓
[2025-05-16T12:59:00.933+0000] {logging_mixin.py:188} INFO -  | ⏱: 2.69s
[2025-05-16T12:59:01.165+0000] {crawler.py:84} INFO - Tìm thấy 25 link bài viết cho danh mục the-gioi
[2025-05-16T12:59:01.806+0000] {crawler.py:108} INFO - Đã lọc: 25 URLs ban đầu -> 2 URLs mới
[2025-05-16T12:59:01.807+0000] {crawler.py:232} INFO - Đang crawl 2 bài viết mới từ danh mục the-gioi...
[2025-05-16T12:59:01.807+0000] {crawler.py:235} INFO - --> Crawl: https://vietnamnet.vn/tong-thong-putin-gay-sot-vi-man-do-vui-cung-thu-tuong-malaysia-2401863.html
[2025-05-16T12:59:02.322+0000] {logging_mixin.py:188} INFO - [INIT].... → Crawl4AI 0.6.2
[2025-05-16T12:59:04.475+0000] {logging_mixin.py:188} INFO - [FETCH]... ↓ https://vietnamnet.vn/tong-thong-putin-gay-sot-vi-man-do-vui-cung-thu-tuong-malaysia-2401863.html    | 
[2025-05-16T12:59:04.476+0000] {logging_mixin.py:188} INFO - ✓
[2025-05-16T12:59:04.477+0000] {logging_mixin.py:188} INFO -  | ⏱: 2.80s
[2025-05-16T12:59:04.676+0000] {logging_mixin.py:188} INFO - [SCRAPE].. ◆ https://vietnamnet.vn/tong-thong-putin-gay-sot-vi-man-do-vui-cung-thu-tuong-malaysia-2401863.html    | 
[2025-05-16T12:59:04.677+0000] {logging_mixin.py:188} INFO - ✓
[2025-05-16T12:59:04.677+0000] {logging_mixin.py:188} INFO -  | ⏱: 0.20s
[2025-05-16T12:59:04.678+0000] {logging_mixin.py:188} INFO - [COMPLETE] ● https://vietnamnet.vn/tong-thong-putin-gay-sot-vi-man-do-vui-cung-thu-tuong-malaysia-2401863.html    | 
[2025-05-16T12:59:04.679+0000] {logging_mixin.py:188} INFO - ✓
[2025-05-16T12:59:04.680+0000] {logging_mixin.py:188} INFO -  | ⏱: 3.00s
[2025-05-16T12:59:05.105+0000] {crawler.py:239} INFO -     ✓ Tổng thống Putin gây 'sốt' vì màn đố vui cùng Thủ tướng Mala...

[2025-05-16T12:59:05.106+0000] {crawler.py:235} INFO - --> Crawl: https://vietnamnet.vn/nga-va-ukraine-bat-dau-dam-phan-truc-tiep-tai-tho-nhi-ky-2401868.html
[2025-05-16T12:59:05.698+0000] {logging_mixin.py:188} INFO - [INIT].... → Crawl4AI 0.6.2
[2025-05-16T12:59:09.105+0000] {logging_mixin.py:188} INFO - [FETCH]... ↓ https://vietnamnet.vn/nga-va-ukraine-bat-dau-dam-phan-truc-tiep-tai-tho-nhi-ky-2401868.html          | 
[2025-05-16T12:59:09.106+0000] {logging_mixin.py:188} INFO - ✓
[2025-05-16T12:59:09.107+0000] {logging_mixin.py:188} INFO -  | ⏱: 3.34s
[2025-05-16T12:59:09.388+0000] {logging_mixin.py:188} INFO - [SCRAPE].. ◆ https://vietnamnet.vn/nga-va-ukraine-bat-dau-dam-phan-truc-tiep-tai-tho-nhi-ky-2401868.html          | 
[2025-05-16T12:59:09.388+0000] {logging_mixin.py:188} INFO - ✓
[2025-05-16T12:59:09.389+0000] {logging_mixin.py:188} INFO -  | ⏱: 
[2025-05-16T12:59:09.389+0000] {logging_mixin.py:188} INFO - 0.28
[2025-05-16T12:59:09.389+0000] {logging_mixin.py:188} INFO - s
[2025-05-16T12:59:09.390+0000] {logging_mixin.py:188} INFO - [COMPLETE] ● https://vietnamnet.vn/nga-va-ukraine-bat-dau-dam-phan-truc-tiep-tai-tho-nhi-ky-2401868.html          | 
[2025-05-16T12:59:09.391+0000] {logging_mixin.py:188} INFO - ✓
[2025-05-16T12:59:09.391+0000] {logging_mixin.py:188} INFO -  | ⏱: 3.62s
[2025-05-16T12:59:09.813+0000] {crawler.py:239} INFO -     ✓ Nga và Ukraine bắt đầu đàm phán trực tiếp tại Thổ Nhĩ Kỳ...

[2025-05-16T12:59:09.814+0000] {crawler.py:242} INFO - ⏱️  Tổng thời gian crawl: 12.36 giây
[2025-05-16T12:59:09.890+0000] {crawler.py:267} INFO - Đã lưu 2 bài viết vào collection 'the-gioi'
[2025-05-16T12:59:09.957+0000] {python.py:237} INFO - Done. Returned value was: None
[2025-05-16T12:59:09.957+0000] {taskinstance.py:441} INFO - ::group::Post task execution logs
[2025-05-16T12:59:09.964+0000] {taskinstance.py:1206} INFO - Marking task as SUCCESS. dag_id=vietnamnet_crawler_24h, task_id=crawl_the-gioi, run_id=manual__2025-05-16T12:58:33.034739+00:00, execution_date=20250516T125833, start_date=20250516T125857, end_date=20250516T125909
[2025-05-16T12:59:10.017+0000] {local_task_job_runner.py:240} INFO - Task exited with return code 0
[2025-05-16T12:59:10.039+0000] {taskinstance.py:3503} INFO - 1 downstream tasks scheduled from follow-on schedule check
[2025-05-16T12:59:10.041+0000] {local_task_job_runner.py:222} INFO - ::endgroup::
