[2025-05-05T09:02:30.013+0000] {local_task_job_runner.py:120} INFO - ::group::Pre task execution logs
[2025-05-05T09:02:30.041+0000] {taskinstance.py:2076} INFO - Dependencies all met for dep_context=non-requeueable deps ti=<TaskInstance: vietnamnet_crawler_24h.crawl_the-gioi manual__2025-05-05T09:01:58.894564+00:00 [queued]>
[2025-05-05T09:02:30.051+0000] {taskinstance.py:2076} INFO - Dependencies all met for dep_context=requeueable deps ti=<TaskInstance: vietnamnet_crawler_24h.crawl_the-gioi manual__2025-05-05T09:01:58.894564+00:00 [queued]>
[2025-05-05T09:02:30.052+0000] {taskinstance.py:2306} INFO - Starting attempt 1 of 2
[2025-05-05T09:02:30.069+0000] {taskinstance.py:2330} INFO - Executing <Task(PythonOperator): crawl_the-gioi> on 2025-05-05 09:01:58.894564+00:00
[2025-05-05T09:02:30.077+0000] {warnings.py:112} WARNING - /home/***/.local/lib/python3.12/site-packages/***/task/task_runner/standard_task_runner.py:61: DeprecationWarning: This process (pid=827) is multi-threaded, use of fork() may lead to deadlocks in the child.
  pid = os.fork()

[2025-05-05T09:02:30.078+0000] {standard_task_runner.py:63} INFO - Started process 862 to run task
[2025-05-05T09:02:30.079+0000] {standard_task_runner.py:90} INFO - Running: ['***', 'tasks', 'run', 'vietnamnet_crawler_24h', 'crawl_the-gioi', 'manual__2025-05-05T09:01:58.894564+00:00', '--job-id', '10', '--raw', '--subdir', 'DAGS_FOLDER/dags.py', '--cfg-path', '/tmp/tmpnh7cppdu']
[2025-05-05T09:02:30.082+0000] {standard_task_runner.py:91} INFO - Job 10: Subtask crawl_the-gioi
[2025-05-05T09:02:30.144+0000] {task_command.py:426} INFO - Running <TaskInstance: vietnamnet_crawler_24h.crawl_the-gioi manual__2025-05-05T09:01:58.894564+00:00 [running]> on host 61334513b462
[2025-05-05T09:02:30.248+0000] {taskinstance.py:2648} INFO - Exporting env vars: AIRFLOW_CTX_DAG_OWNER='***' AIRFLOW_CTX_DAG_ID='vietnamnet_crawler_24h' AIRFLOW_CTX_TASK_ID='crawl_the-gioi' AIRFLOW_CTX_EXECUTION_DATE='2025-05-05T09:01:58.894564+00:00' AIRFLOW_CTX_TRY_NUMBER='1' AIRFLOW_CTX_DAG_RUN_ID='manual__2025-05-05T09:01:58.894564+00:00'
[2025-05-05T09:02:30.250+0000] {taskinstance.py:430} INFO - ::endgroup::
[2025-05-05T09:02:30.465+0000] {crawler.py:54} INFO - Đã kết nối thành công với MongoDB: News
[2025-05-05T09:02:30.629+0000] {crawler.py:44} INFO - ArticleSummarizer đã được khởi tạo thành công
[2025-05-05T09:02:31.368+0000] {logging_mixin.py:188} INFO - [INIT].... → Crawl4AI 0.6.2
[2025-05-05T09:02:34.306+0000] {logging_mixin.py:188} INFO - [FETCH]... ↓ https://vietnamnet.vn/tin-tuc-24h?bydaterang=&cate=000005                                            | 
[2025-05-05T09:02:34.307+0000] {logging_mixin.py:188} INFO - ✓
[2025-05-05T09:02:34.307+0000] {logging_mixin.py:188} INFO -  | ⏱: 2.86s
[2025-05-05T09:02:34.485+0000] {logging_mixin.py:188} INFO - [SCRAPE].. ◆ https://vietnamnet.vn/tin-tuc-24h?bydaterang=&cate=000005                                            | 
[2025-05-05T09:02:34.486+0000] {logging_mixin.py:188} INFO - ✓
[2025-05-05T09:02:34.486+0000] {logging_mixin.py:188} INFO -  | ⏱: 0.18s
[2025-05-05T09:02:34.488+0000] {logging_mixin.py:188} INFO - [COMPLETE] ● https://vietnamnet.vn/tin-tuc-24h?bydaterang=&cate=000005                                            | 
[2025-05-05T09:02:34.488+0000] {logging_mixin.py:188} INFO - ✓
[2025-05-05T09:02:34.489+0000] {logging_mixin.py:188} INFO -  | ⏱: 3.04s
[2025-05-05T09:02:34.735+0000] {crawler.py:84} INFO - Tìm thấy 25 link bài viết cho danh mục the-gioi
[2025-05-05T09:02:36.477+0000] {crawler.py:103} INFO - Đã lọc: 25 URLs ban đầu -> 0 URLs mới
[2025-05-05T09:02:36.477+0000] {crawler.py:222} INFO - Không có bài viết mới nào trong danh mục the-gioi cần crawl.
[2025-05-05T09:02:36.478+0000] {crawler.py:257} INFO - Không có bài viết để lưu vào collection 'the-gioi'
[2025-05-05T09:02:36.545+0000] {python.py:237} INFO - Done. Returned value was: None
[2025-05-05T09:02:36.545+0000] {taskinstance.py:441} INFO - ::group::Post task execution logs
[2025-05-05T09:02:36.557+0000] {taskinstance.py:1206} INFO - Marking task as SUCCESS. dag_id=vietnamnet_crawler_24h, task_id=crawl_the-gioi, run_id=manual__2025-05-05T09:01:58.894564+00:00, execution_date=20250505T090158, start_date=20250505T090230, end_date=20250505T090236
[2025-05-05T09:02:36.604+0000] {local_task_job_runner.py:240} INFO - Task exited with return code 0
[2025-05-05T09:02:36.626+0000] {taskinstance.py:3503} INFO - 1 downstream tasks scheduled from follow-on schedule check
[2025-05-05T09:02:36.628+0000] {local_task_job_runner.py:222} INFO - ::endgroup::
