[2025-05-16T12:20:36.139+0000] {local_task_job_runner.py:120} INFO - ::group::Pre task execution logs
[2025-05-16T12:20:36.191+0000] {taskinstance.py:2076} INFO - Dependencies all met for dep_context=non-requeueable deps ti=<TaskInstance: vietnamnet_crawler_24h.crawl_the-gioi scheduled__2025-05-16T11:30:00+00:00 [queued]>
[2025-05-16T12:20:36.217+0000] {taskinstance.py:2076} INFO - Dependencies all met for dep_context=requeueable deps ti=<TaskInstance: vietnamnet_crawler_24h.crawl_the-gioi scheduled__2025-05-16T11:30:00+00:00 [queued]>
[2025-05-16T12:20:36.221+0000] {taskinstance.py:2306} INFO - Starting attempt 1 of 2
[2025-05-16T12:20:36.264+0000] {taskinstance.py:2330} INFO - Executing <Task(PythonOperator): crawl_the-gioi> on 2025-05-16 11:30:00+00:00
[2025-05-16T12:20:36.283+0000] {warnings.py:112} WARNING - /home/***/.local/lib/python3.12/site-packages/***/task/task_runner/standard_task_runner.py:61: DeprecationWarning: This process (pid=366) is multi-threaded, use of fork() may lead to deadlocks in the child.
  pid = os.fork()

[2025-05-16T12:20:36.286+0000] {standard_task_runner.py:63} INFO - Started process 367 to run task
[2025-05-16T12:20:36.284+0000] {standard_task_runner.py:90} INFO - Running: ['***', 'tasks', 'run', 'vietnamnet_crawler_24h', 'crawl_the-gioi', 'scheduled__2025-05-16T11:30:00+00:00', '--job-id', '63', '--raw', '--subdir', 'DAGS_FOLDER/dags.py', '--cfg-path', '/tmp/tmp2mgcp94c']
[2025-05-16T12:20:36.290+0000] {standard_task_runner.py:91} INFO - Job 63: Subtask crawl_the-gioi
[2025-05-16T12:20:36.368+0000] {task_command.py:426} INFO - Running <TaskInstance: vietnamnet_crawler_24h.crawl_the-gioi scheduled__2025-05-16T11:30:00+00:00 [running]> on host 71b827885e5f
[2025-05-16T12:20:36.522+0000] {taskinstance.py:2648} INFO - Exporting env vars: AIRFLOW_CTX_DAG_OWNER='***' AIRFLOW_CTX_DAG_ID='vietnamnet_crawler_24h' AIRFLOW_CTX_TASK_ID='crawl_the-gioi' AIRFLOW_CTX_EXECUTION_DATE='2025-05-16T11:30:00+00:00' AIRFLOW_CTX_TRY_NUMBER='1' AIRFLOW_CTX_DAG_RUN_ID='scheduled__2025-05-16T11:30:00+00:00'
[2025-05-16T12:20:36.523+0000] {taskinstance.py:430} INFO - ::endgroup::
[2025-05-16T12:20:36.787+0000] {crawler.py:54} INFO - Đã kết nối thành công với MongoDB: News
[2025-05-16T12:20:37.698+0000] {logging_mixin.py:188} INFO - [INIT].... → Crawl4AI 0.6.2
[2025-05-16T12:20:38.414+0000] {logging_mixin.py:188} INFO - [FETCH]... ↓ https://vietnamnet.vn/tin-tuc-24h?bydaterang=&cate=000005                                            | 
[2025-05-16T12:20:38.415+0000] {logging_mixin.py:188} INFO - ✓
[2025-05-16T12:20:38.415+0000] {logging_mixin.py:188} INFO -  | ⏱: 0.65s
[2025-05-16T12:20:38.420+0000] {logging_mixin.py:188} INFO - [SCRAPE].. ◆ https://vietnamnet.vn/tin-tuc-24h?bydaterang=&cate=000005                                            | 
[2025-05-16T12:20:38.421+0000] {logging_mixin.py:188} INFO - ✓
[2025-05-16T12:20:38.421+0000] {logging_mixin.py:188} INFO -  | ⏱: 0.00s
[2025-05-16T12:20:38.423+0000] {logging_mixin.py:188} INFO - [COMPLETE] ● https://vietnamnet.vn/tin-tuc-24h?bydaterang=&cate=000005                                            | 
[2025-05-16T12:20:38.424+0000] {logging_mixin.py:188} INFO - ✓
[2025-05-16T12:20:38.424+0000] {logging_mixin.py:188} INFO -  | ⏱: 0.66s
[2025-05-16T12:20:38.426+0000] {crawler.py:84} INFO - Tìm thấy 0 link bài viết cho danh mục the-gioi
[2025-05-16T12:20:39.088+0000] {crawler.py:108} INFO - Đã lọc: 0 URLs ban đầu -> 0 URLs mới
[2025-05-16T12:20:39.089+0000] {crawler.py:229} INFO - Không có bài viết mới nào trong danh mục the-gioi cần crawl.
[2025-05-16T12:20:39.089+0000] {crawler.py:269} INFO - Không có bài viết để lưu vào collection 'the-gioi'
[2025-05-16T12:20:39.245+0000] {python.py:237} INFO - Done. Returned value was: None
[2025-05-16T12:20:39.246+0000] {taskinstance.py:441} INFO - ::group::Post task execution logs
[2025-05-16T12:20:39.254+0000] {taskinstance.py:1206} INFO - Marking task as SUCCESS. dag_id=vietnamnet_crawler_24h, task_id=crawl_the-gioi, run_id=scheduled__2025-05-16T11:30:00+00:00, execution_date=20250516T113000, start_date=20250516T122036, end_date=20250516T122039
[2025-05-16T12:20:39.314+0000] {local_task_job_runner.py:240} INFO - Task exited with return code 0
[2025-05-16T12:20:39.338+0000] {taskinstance.py:3503} INFO - 1 downstream tasks scheduled from follow-on schedule check
[2025-05-16T12:20:39.341+0000] {local_task_job_runner.py:222} INFO - ::endgroup::
