[2025-05-18T09:56:26.732+0000] {local_task_job_runner.py:120} INFO - ::group::Pre task execution logs
[2025-05-18T09:56:26.764+0000] {taskinstance.py:2076} INFO - Dependencies all met for dep_context=non-requeueable deps ti=<TaskInstance: vietnamnet_crawler_24h.crawl_cong-nghe manual__2025-05-18T09:56:24.922804+00:00 [queued]>
[2025-05-18T09:56:26.778+0000] {taskinstance.py:2076} INFO - Dependencies all met for dep_context=requeueable deps ti=<TaskInstance: vietnamnet_crawler_24h.crawl_cong-nghe manual__2025-05-18T09:56:24.922804+00:00 [queued]>
[2025-05-18T09:56:26.779+0000] {taskinstance.py:2306} INFO - Starting attempt 1 of 2
[2025-05-18T09:56:26.794+0000] {taskinstance.py:2330} INFO - Executing <Task(PythonOperator): crawl_cong-nghe> on 2025-05-18 09:56:24.922804+00:00
[2025-05-18T09:56:26.803+0000] {warnings.py:112} WARNING - /home/***/.local/lib/python3.12/site-packages/***/task/task_runner/standard_task_runner.py:61: DeprecationWarning: This process (pid=6127) is multi-threaded, use of fork() may lead to deadlocks in the child.
  pid = os.fork()

[2025-05-18T09:56:26.806+0000] {standard_task_runner.py:63} INFO - Started process 6128 to run task
[2025-05-18T09:56:26.806+0000] {standard_task_runner.py:90} INFO - Running: ['***', 'tasks', 'run', 'vietnamnet_crawler_24h', 'crawl_cong-nghe', 'manual__2025-05-18T09:56:24.922804+00:00', '--job-id', '27', '--raw', '--subdir', 'DAGS_FOLDER/dags.py', '--cfg-path', '/tmp/tmpm_r8ksi1']
[2025-05-18T09:56:26.808+0000] {standard_task_runner.py:91} INFO - Job 27: Subtask crawl_cong-nghe
[2025-05-18T09:56:26.878+0000] {task_command.py:426} INFO - Running <TaskInstance: vietnamnet_crawler_24h.crawl_cong-nghe manual__2025-05-18T09:56:24.922804+00:00 [running]> on host 4a3ee431a987
[2025-05-18T09:56:26.995+0000] {taskinstance.py:2648} INFO - Exporting env vars: AIRFLOW_CTX_DAG_OWNER='***' AIRFLOW_CTX_DAG_ID='vietnamnet_crawler_24h' AIRFLOW_CTX_TASK_ID='crawl_cong-nghe' AIRFLOW_CTX_EXECUTION_DATE='2025-05-18T09:56:24.922804+00:00' AIRFLOW_CTX_TRY_NUMBER='1' AIRFLOW_CTX_DAG_RUN_ID='manual__2025-05-18T09:56:24.922804+00:00'
[2025-05-18T09:56:26.997+0000] {taskinstance.py:430} INFO - ::endgroup::
[2025-05-18T09:56:27.263+0000] {crawler.py:55} INFO - Đã kết nối thành công với MongoDB: News
[2025-05-18T09:56:27.888+0000] {logging_mixin.py:188} INFO - [INIT].... → Crawl4AI 0.6.3
[2025-05-18T09:56:30.523+0000] {logging_mixin.py:188} INFO - [FETCH]... ↓ https://vietnamnet.vn/tin-tuc-24h?bydaterang=&cate=00MK8V          
| ✓ | ⏱: 2.57s
[2025-05-18T09:56:30.703+0000] {logging_mixin.py:188} INFO - [SCRAPE].. ◆ https://vietnamnet.vn/tin-tuc-24h?bydaterang=&cate=00MK8V          
| ✓ | ⏱: 0.18s
[2025-05-18T09:56:30.705+0000] {logging_mixin.py:188} INFO - [COMPLETE] ● https://vietnamnet.vn/tin-tuc-24h?bydaterang=&cate=00MK8V          
| ✓ | ⏱: 2.75s
[2025-05-18T09:56:30.931+0000] {crawler.py:85} INFO - Tìm thấy 25 link bài viết cho danh mục cong-nghe
[2025-05-18T09:56:31.542+0000] {crawler.py:110} INFO - Đã lọc: 25 URLs ban đầu -> 1 URLs sau xử lý live
[2025-05-18T09:56:31.543+0000] {crawler.py:255} INFO - Đang crawl 1 bài viết mới từ danh mục cong-nghe...
[2025-05-18T09:56:31.544+0000] {crawler.py:258} INFO - --> Crawl: https://vietnamnet.vn/xem-robot-hinh-nguoi-trung-quoc-tung-2-cu-dam-sam-set-nhu-vo-su-2402380.html
[2025-05-18T09:56:32.061+0000] {logging_mixin.py:188} INFO - [INIT].... → Crawl4AI 0.6.3
[2025-05-18T09:56:35.520+0000] {logging_mixin.py:188} INFO - [FETCH]... ↓ 
https://vietnamnet.vn/xem-robot-hinh-nguoi-trung-quoc-tung-2-cu-dam-sam-set-nhu-
vo-su-2402380.html   | ✓ | ⏱: 3.40s
[2025-05-18T09:56:35.734+0000] {logging_mixin.py:188} INFO - [SCRAPE].. ◆ 
https://vietnamnet.vn/xem-robot-hinh-nguoi-trung-quoc-tung-2-cu-dam-sam-set-nhu-
vo-su-2402380.html   | ✓ | ⏱: 0.21s
[2025-05-18T09:56:35.736+0000] {logging_mixin.py:188} INFO - [COMPLETE] ● 
https://vietnamnet.vn/xem-robot-hinh-nguoi-trung-quoc-tung-2-cu-dam-sam-set-nhu-
vo-su-2402380.html   | ✓ | ⏱: 3.62s
[2025-05-18T09:56:36.116+0000] {crawler.py:262} INFO -     ✓ Xem robot hình người Trung Quốc tung 2 cú đấm sấm sét như võ...

[2025-05-18T09:56:36.117+0000] {crawler.py:265} INFO - ⏱️  Tổng thời gian crawl: 8.85 giây
[2025-05-18T09:56:36.292+0000] {crawler.py:292} INFO - Đã lưu 1 bài viết vào collection 'cong-nghe'
[2025-05-18T09:56:36.354+0000] {python.py:237} INFO - Done. Returned value was: None
[2025-05-18T09:56:36.355+0000] {taskinstance.py:441} INFO - ::group::Post task execution logs
[2025-05-18T09:56:36.361+0000] {taskinstance.py:1206} INFO - Marking task as SUCCESS. dag_id=vietnamnet_crawler_24h, task_id=crawl_cong-nghe, run_id=manual__2025-05-18T09:56:24.922804+00:00, execution_date=20250518T095624, start_date=20250518T095626, end_date=20250518T095636
[2025-05-18T09:56:36.408+0000] {local_task_job_runner.py:240} INFO - Task exited with return code 0
[2025-05-18T09:56:36.429+0000] {taskinstance.py:3503} INFO - 1 downstream tasks scheduled from follow-on schedule check
[2025-05-18T09:56:36.431+0000] {local_task_job_runner.py:222} INFO - ::endgroup::
