[2025-06-23T09:30:03.274+0000] {local_task_job_runner.py:120} INFO - ::group::Pre task execution logs
[2025-06-23T09:30:03.291+0000] {taskinstance.py:2076} INFO - Dependencies all met for dep_context=non-requeueable deps ti=<TaskInstance: deepai_crawler_10min.crawl_hardware scheduled__2025-06-23T09:20:00+00:00 [queued]>
[2025-06-23T09:30:03.301+0000] {taskinstance.py:2076} INFO - Dependencies all met for dep_context=requeueable deps ti=<TaskInstance: deepai_crawler_10min.crawl_hardware scheduled__2025-06-23T09:20:00+00:00 [queued]>
[2025-06-23T09:30:03.302+0000] {taskinstance.py:2306} INFO - Starting attempt 1 of 3
[2025-06-23T09:30:03.317+0000] {taskinstance.py:2330} INFO - Executing <Task(PythonOperator): crawl_hardware> on 2025-06-23 09:20:00+00:00
[2025-06-23T09:30:03.325+0000] {warnings.py:112} WARNING - /home/***/.local/lib/python3.12/site-packages/***/task/task_runner/standard_task_runner.py:61: DeprecationWarning: This process (pid=24018) is multi-threaded, use of fork() may lead to deadlocks in the child.
  pid = os.fork()

[2025-06-23T09:30:03.327+0000] {standard_task_runner.py:63} INFO - Started process 24025 to run task
[2025-06-23T09:30:03.328+0000] {standard_task_runner.py:90} INFO - Running: ['***', 'tasks', 'run', 'deepai_crawler_10min', 'crawl_hardware', 'scheduled__2025-06-23T09:20:00+00:00', '--job-id', '1291', '--raw', '--subdir', 'DAGS_FOLDER/dags.py', '--cfg-path', '/tmp/tmpht503fi3']
[2025-06-23T09:30:03.331+0000] {standard_task_runner.py:91} INFO - Job 1291: Subtask crawl_hardware
[2025-06-23T09:30:03.376+0000] {task_command.py:426} INFO - Running <TaskInstance: deepai_crawler_10min.crawl_hardware scheduled__2025-06-23T09:20:00+00:00 [running]> on host 13e6c13b5a13
[2025-06-23T09:30:03.474+0000] {taskinstance.py:2648} INFO - Exporting env vars: AIRFLOW_CTX_DAG_OWNER='***' AIRFLOW_CTX_DAG_ID='deepai_crawler_10min' AIRFLOW_CTX_TASK_ID='crawl_hardware' AIRFLOW_CTX_EXECUTION_DATE='2025-06-23T09:20:00+00:00' AIRFLOW_CTX_TRY_NUMBER='1' AIRFLOW_CTX_DAG_RUN_ID='scheduled__2025-06-23T09:20:00+00:00'
[2025-06-23T09:30:03.476+0000] {taskinstance.py:430} INFO - ::endgroup::
[2025-06-23T09:30:03.494+0000] {dags.py:178} INFO - Bắt đầu crawl category: hardware
[2025-06-23T09:30:03.757+0000] {crawler_deeplai.py:51} INFO - Đã kết nối thành công với MongoDB: deeplearning_ai_news
[2025-06-23T09:30:03.785+0000] {client.py:1980} DEBUG - Getting prompt '3 Points-label:production'
[2025-06-23T09:30:03.786+0000] {client.py:1984} DEBUG - Prompt '3 Points-label:production' not found in cache or caching disabled.
[2025-06-23T09:30:03.786+0000] {client.py:2068} DEBUG - Fetching prompt '3 Points-label:production' from server...
[2025-06-23T09:30:03.809+0000] {log.py:232} WARNING - 2025-06-23 09:30:03,808 - httpx - INFO - HTTP Request: GET http://host.docker.internal:4000/api/public/v2/prompts/3%20Points?label=production "HTTP/1.1 200 OK"
[2025-06-23T09:30:03.808+0000] {_client.py:1025} INFO - HTTP Request: GET http://host.docker.internal:4000/api/public/v2/prompts/3%20Points?label=production "HTTP/1.1 200 OK"
[2025-06-23T09:30:03.813+0000] {crawler_deeplai.py:465} INFO - 🚀 Đang bắt đầu quá trình crawl với Load More...
[2025-06-23T09:30:04.041+0000] {media_manager.py:52} DEBUG - Queue: Media upload queue is empty, waiting for new jobs
[2025-06-23T09:30:04.669+0000] {logging_mixin.py:188} INFO - [INIT].... → Crawl4AI 0.6.3
[2025-06-23T09:30:04.676+0000] {crawler_deeplai.py:179} INFO - 🌐 Đang truy cập: https://www.deeplearning.ai/the-batch/tag/hardware/
[2025-06-23T09:30:04.677+0000] {crawler_deeplai.py:180} INFO - ⚙️ Cấu hình: max_articles=100, min_threshold=5, max_clicks=1
[2025-06-23T09:30:05.042+0000] {media_manager.py:52} DEBUG - Queue: Media upload queue is empty, waiting for new jobs
[2025-06-23T09:30:06.042+0000] {media_manager.py:52} DEBUG - Queue: Media upload queue is empty, waiting for new jobs
[2025-06-23T09:30:07.043+0000] {media_manager.py:52} DEBUG - Queue: Media upload queue is empty, waiting for new jobs
[2025-06-23T09:30:08.044+0000] {media_manager.py:52} DEBUG - Queue: Media upload queue is empty, waiting for new jobs
[2025-06-23T09:30:09.045+0000] {media_manager.py:52} DEBUG - Queue: Media upload queue is empty, waiting for new jobs
[2025-06-23T09:30:09.071+0000] {logging_mixin.py:188} INFO - [FETCH]... ↓ https://www.deeplearning.ai/the-batch/tag/hardware/                
| ✓ | ⏱: 4.39s
[2025-06-23T09:30:09.187+0000] {logging_mixin.py:188} INFO - [SCRAPE].. ◆ https://www.deeplearning.ai/the-batch/tag/hardware/                
| ✓ | ⏱: 0.11s
[2025-06-23T09:30:09.190+0000] {logging_mixin.py:188} INFO - [COMPLETE] ● https://www.deeplearning.ai/the-batch/tag/hardware/                
| ✓ | ⏱: 4.51s
[2025-06-23T09:30:09.191+0000] {crawler_deeplai.py:184} INFO - 📋 JavaScript execution result: {'success': True, 'results': [{'success': True, 'result': {}}]}
[2025-06-23T09:30:09.242+0000] {crawler_deeplai.py:204} INFO - 🎯 Tổng cộng tìm thấy 30 link bài viết unique
[2025-06-23T09:30:09.243+0000] {crawler_deeplai.py:208} INFO - 🔍 Một vài URL đầu tiên:
[2025-06-23T09:30:09.243+0000] {crawler_deeplai.py:210} INFO -   1. https://www.deeplearning.ai/the-batch/ai-creates-an-interactive-minecraft-like-world-in-real-time/
[2025-06-23T09:30:09.244+0000] {crawler_deeplai.py:210} INFO -   2. https://www.deeplearning.ai/the-batch/ai-electricity-demands-spur-an-expansion-of-power-sources/
[2025-06-23T09:30:09.245+0000] {crawler_deeplai.py:210} INFO -   3. https://www.deeplearning.ai/the-batch/all-about-nvidia-gpu-shortage/
[2025-06-23T09:30:09.245+0000] {crawler_deeplai.py:210} INFO -   4. https://www.deeplearning.ai/the-batch/all-about-nvidias-new-blackwell-architecture-and-b200-gpu/
[2025-06-23T09:30:09.246+0000] {crawler_deeplai.py:210} INFO -   5. https://www.deeplearning.ai/the-batch/amazon-google-and-microsoft-bet-on-nuclear-power-to-meet-ai-energy-demands/
[2025-06-23T09:30:09.246+0000] {crawler_deeplai.py:214} INFO - 📊 Sẽ crawl 30 bài viết
[2025-06-23T09:30:09.772+0000] {crawler_deeplai.py:458} INFO - Đã lọc: 30 URLs ban đầu -> 0 URLs mới
[2025-06-23T09:30:09.772+0000] {crawler_deeplai.py:476} INFO - ℹ️ Không có bài viết mới nào trong danh mục hardware cần crawl.
[2025-06-23T09:30:09.773+0000] {crawler_deeplai.py:533} INFO - ℹ️ Không có bài viết để lưu vào collection 'hardware'
[2025-06-23T09:30:09.820+0000] {dags.py:183} INFO - Hoàn thành crawl category: hardware
[2025-06-23T09:30:09.820+0000] {python.py:237} INFO - Done. Returned value was: None
[2025-06-23T09:30:09.821+0000] {taskinstance.py:441} INFO - ::group::Post task execution logs
[2025-06-23T09:30:09.831+0000] {taskinstance.py:1206} INFO - Marking task as SUCCESS. dag_id=deepai_crawler_10min, task_id=crawl_hardware, run_id=scheduled__2025-06-23T09:20:00+00:00, execution_date=20250623T092000, start_date=20250623T093003, end_date=20250623T093009
[2025-06-23T09:30:09.876+0000] {local_task_job_runner.py:240} INFO - Task exited with return code 0
[2025-06-23T09:30:09.901+0000] {taskinstance.py:3503} INFO - 1 downstream tasks scheduled from follow-on schedule check
[2025-06-23T09:30:09.903+0000] {local_task_job_runner.py:222} INFO - ::endgroup::
