[2025-05-16T12:58:50.219+0000] {local_task_job_runner.py:120} INFO - ::group::Pre task execution logs
[2025-05-16T12:58:50.242+0000] {taskinstance.py:2076} INFO - Dependencies all met for dep_context=non-requeueable deps ti=<TaskInstance: vietnamnet_crawler_24h.crawl_giao-duc manual__2025-05-16T12:58:33.034739+00:00 [queued]>
[2025-05-16T12:58:50.255+0000] {taskinstance.py:2076} INFO - Dependencies all met for dep_context=requeueable deps ti=<TaskInstance: vietnamnet_crawler_24h.crawl_giao-duc manual__2025-05-16T12:58:33.034739+00:00 [queued]>
[2025-05-16T12:58:50.256+0000] {taskinstance.py:2306} INFO - Starting attempt 1 of 2
[2025-05-16T12:58:50.275+0000] {taskinstance.py:2330} INFO - Executing <Task(PythonOperator): crawl_giao-duc> on 2025-05-16 12:58:33.034739+00:00
[2025-05-16T12:58:50.283+0000] {warnings.py:112} WARNING - /home/***/.local/lib/python3.12/site-packages/***/task/task_runner/standard_task_runner.py:61: DeprecationWarning: This process (pid=7023) is multi-threaded, use of fork() may lead to deadlocks in the child.
  pid = os.fork()

[2025-05-16T12:58:50.286+0000] {standard_task_runner.py:63} INFO - Started process 7024 to run task
[2025-05-16T12:58:50.285+0000] {standard_task_runner.py:90} INFO - Running: ['***', 'tasks', 'run', 'vietnamnet_crawler_24h', 'crawl_giao-duc', 'manual__2025-05-16T12:58:33.034739+00:00', '--job-id', '26', '--raw', '--subdir', 'DAGS_FOLDER/dags.py', '--cfg-path', '/tmp/tmp86aqx9f5']
[2025-05-16T12:58:50.287+0000] {standard_task_runner.py:91} INFO - Job 26: Subtask crawl_giao-duc
[2025-05-16T12:58:50.340+0000] {task_command.py:426} INFO - Running <TaskInstance: vietnamnet_crawler_24h.crawl_giao-duc manual__2025-05-16T12:58:33.034739+00:00 [running]> on host 60d771d880eb
[2025-05-16T12:58:50.457+0000] {taskinstance.py:2648} INFO - Exporting env vars: AIRFLOW_CTX_DAG_OWNER='***' AIRFLOW_CTX_DAG_ID='vietnamnet_crawler_24h' AIRFLOW_CTX_TASK_ID='crawl_giao-duc' AIRFLOW_CTX_EXECUTION_DATE='2025-05-16T12:58:33.034739+00:00' AIRFLOW_CTX_TRY_NUMBER='1' AIRFLOW_CTX_DAG_RUN_ID='manual__2025-05-16T12:58:33.034739+00:00'
[2025-05-16T12:58:50.459+0000] {taskinstance.py:430} INFO - ::endgroup::
[2025-05-16T12:58:50.738+0000] {crawler.py:54} INFO - Đã kết nối thành công với MongoDB: News
[2025-05-16T12:58:51.524+0000] {logging_mixin.py:188} INFO - [INIT].... → Crawl4AI 0.6.2
[2025-05-16T12:58:54.160+0000] {logging_mixin.py:188} INFO - [FETCH]... ↓ https://vietnamnet.vn/tin-tuc-24h?bydaterang=&cate=000006                                            | 
[2025-05-16T12:58:54.161+0000] {logging_mixin.py:188} INFO - ✓
[2025-05-16T12:58:54.162+0000] {logging_mixin.py:188} INFO -  | ⏱: 2.57s
[2025-05-16T12:58:54.374+0000] {logging_mixin.py:188} INFO - [SCRAPE].. ◆ https://vietnamnet.vn/tin-tuc-24h?bydaterang=&cate=000006                                            | 
[2025-05-16T12:58:54.375+0000] {logging_mixin.py:188} INFO - ✓
[2025-05-16T12:58:54.376+0000] {logging_mixin.py:188} INFO -  | ⏱: 0.21s
[2025-05-16T12:58:54.377+0000] {logging_mixin.py:188} INFO - [COMPLETE] ● https://vietnamnet.vn/tin-tuc-24h?bydaterang=&cate=000006                                            | 
[2025-05-16T12:58:54.378+0000] {logging_mixin.py:188} INFO - ✓
[2025-05-16T12:58:54.378+0000] {logging_mixin.py:188} INFO -  | ⏱: 2.78s
[2025-05-16T12:58:54.637+0000] {crawler.py:84} INFO - Tìm thấy 25 link bài viết cho danh mục giao-duc
[2025-05-16T12:58:55.283+0000] {crawler.py:108} INFO - Đã lọc: 25 URLs ban đầu -> 0 URLs mới
[2025-05-16T12:58:55.283+0000] {crawler.py:229} INFO - Không có bài viết mới nào trong danh mục giao-duc cần crawl.
[2025-05-16T12:58:55.283+0000] {crawler.py:269} INFO - Không có bài viết để lưu vào collection 'giao-duc'
[2025-05-16T12:58:55.344+0000] {python.py:237} INFO - Done. Returned value was: None
[2025-05-16T12:58:55.345+0000] {taskinstance.py:441} INFO - ::group::Post task execution logs
[2025-05-16T12:58:55.352+0000] {taskinstance.py:1206} INFO - Marking task as SUCCESS. dag_id=vietnamnet_crawler_24h, task_id=crawl_giao-duc, run_id=manual__2025-05-16T12:58:33.034739+00:00, execution_date=20250516T125833, start_date=20250516T125850, end_date=20250516T125855
[2025-05-16T12:58:55.389+0000] {local_task_job_runner.py:240} INFO - Task exited with return code 0
[2025-05-16T12:58:55.412+0000] {taskinstance.py:3503} INFO - 1 downstream tasks scheduled from follow-on schedule check
[2025-05-16T12:58:55.414+0000] {local_task_job_runner.py:222} INFO - ::endgroup::
