[2025-05-16T17:28:44.741+0000] {local_task_job_runner.py:120} INFO - ::group::Pre task execution logs
[2025-05-16T17:28:44.763+0000] {taskinstance.py:2076} INFO - Dependencies all met for dep_context=non-requeueable deps ti=<TaskInstance: vietnamnet_crawler_24h.crawl_cong-nghe manual__2025-05-16T17:28:17.222592+00:00 [queued]>
[2025-05-16T17:28:44.771+0000] {taskinstance.py:2076} INFO - Dependencies all met for dep_context=requeueable deps ti=<TaskInstance: vietnamnet_crawler_24h.crawl_cong-nghe manual__2025-05-16T17:28:17.222592+00:00 [queued]>
[2025-05-16T17:28:44.771+0000] {taskinstance.py:2306} INFO - Starting attempt 1 of 2
[2025-05-16T17:28:44.785+0000] {taskinstance.py:2330} INFO - Executing <Task(PythonOperator): crawl_cong-nghe> on 2025-05-16 17:28:17.222592+00:00
[2025-05-16T17:28:44.791+0000] {warnings.py:112} WARNING - /home/***/.local/lib/python3.12/site-packages/***/task/task_runner/standard_task_runner.py:61: DeprecationWarning: This process (pid=1444) is multi-threaded, use of fork() may lead to deadlocks in the child.
  pid = os.fork()

[2025-05-16T17:28:44.792+0000] {standard_task_runner.py:63} INFO - Started process 1445 to run task
[2025-05-16T17:28:44.792+0000] {standard_task_runner.py:90} INFO - Running: ['***', 'tasks', 'run', 'vietnamnet_crawler_24h', 'crawl_cong-nghe', 'manual__2025-05-16T17:28:17.222592+00:00', '--job-id', '111', '--raw', '--subdir', 'DAGS_FOLDER/dags.py', '--cfg-path', '/tmp/tmpj9tlxjnt']
[2025-05-16T17:28:44.794+0000] {standard_task_runner.py:91} INFO - Job 111: Subtask crawl_cong-nghe
[2025-05-16T17:28:44.837+0000] {task_command.py:426} INFO - Running <TaskInstance: vietnamnet_crawler_24h.crawl_cong-nghe manual__2025-05-16T17:28:17.222592+00:00 [running]> on host 60d771d880eb
[2025-05-16T17:28:44.919+0000] {taskinstance.py:2648} INFO - Exporting env vars: AIRFLOW_CTX_DAG_OWNER='***' AIRFLOW_CTX_DAG_ID='vietnamnet_crawler_24h' AIRFLOW_CTX_TASK_ID='crawl_cong-nghe' AIRFLOW_CTX_EXECUTION_DATE='2025-05-16T17:28:17.222592+00:00' AIRFLOW_CTX_TRY_NUMBER='1' AIRFLOW_CTX_DAG_RUN_ID='manual__2025-05-16T17:28:17.222592+00:00'
[2025-05-16T17:28:44.920+0000] {taskinstance.py:430} INFO - ::endgroup::
[2025-05-16T17:28:45.090+0000] {crawler.py:55} INFO - Đã kết nối thành công với MongoDB: News
[2025-05-16T17:28:45.702+0000] {logging_mixin.py:188} INFO - [INIT].... → Crawl4AI 0.6.2
[2025-05-16T17:28:48.326+0000] {logging_mixin.py:188} INFO - [FETCH]... ↓ https://vietnamnet.vn/tin-tuc-24h?bydaterang=&cate=00MK8V                                            | 
[2025-05-16T17:28:48.327+0000] {logging_mixin.py:188} INFO - ✓
[2025-05-16T17:28:48.327+0000] {logging_mixin.py:188} INFO -  | ⏱: 2.57s
[2025-05-16T17:28:48.489+0000] {logging_mixin.py:188} INFO - [SCRAPE].. ◆ https://vietnamnet.vn/tin-tuc-24h?bydaterang=&cate=00MK8V                                            | 
[2025-05-16T17:28:48.490+0000] {logging_mixin.py:188} INFO - ✓
[2025-05-16T17:28:48.490+0000] {logging_mixin.py:188} INFO -  | ⏱: 
[2025-05-16T17:28:48.491+0000] {logging_mixin.py:188} INFO - 0.16
[2025-05-16T17:28:48.491+0000] {logging_mixin.py:188} INFO - s
[2025-05-16T17:28:48.492+0000] {logging_mixin.py:188} INFO - [COMPLETE] ● https://vietnamnet.vn/tin-tuc-24h?bydaterang=&cate=00MK8V                                            | 
[2025-05-16T17:28:48.493+0000] {logging_mixin.py:188} INFO - ✓
[2025-05-16T17:28:48.493+0000] {logging_mixin.py:188} INFO -  | ⏱: 2.74s
[2025-05-16T17:28:48.721+0000] {crawler.py:85} INFO - Tìm thấy 25 link bài viết cho danh mục cong-nghe
[2025-05-16T17:28:49.333+0000] {crawler.py:110} INFO - Đã lọc: 25 URLs ban đầu -> 0 URLs sau xử lý live
[2025-05-16T17:28:49.334+0000] {crawler.py:252} INFO - Không có bài viết mới nào trong danh mục cong-nghe cần crawl.
[2025-05-16T17:28:49.403+0000] {crawler.py:294} INFO - Không có bài viết để lưu vào collection 'cong-nghe'
[2025-05-16T17:28:49.467+0000] {python.py:237} INFO - Done. Returned value was: None
[2025-05-16T17:28:49.468+0000] {taskinstance.py:441} INFO - ::group::Post task execution logs
[2025-05-16T17:28:49.476+0000] {taskinstance.py:1206} INFO - Marking task as SUCCESS. dag_id=vietnamnet_crawler_24h, task_id=crawl_cong-nghe, run_id=manual__2025-05-16T17:28:17.222592+00:00, execution_date=20250516T172817, start_date=20250516T172844, end_date=20250516T172849
[2025-05-16T17:28:49.504+0000] {local_task_job_runner.py:240} INFO - Task exited with return code 0
[2025-05-16T17:28:49.523+0000] {taskinstance.py:3503} INFO - 1 downstream tasks scheduled from follow-on schedule check
[2025-05-16T17:28:49.525+0000] {local_task_job_runner.py:222} INFO - ::endgroup::
