[2025-05-03T21:00:13.225+0000] {local_task_job_runner.py:120} INFO - ::group::Pre task execution logs
[2025-05-03T21:00:13.242+0000] {taskinstance.py:2076} INFO - Dependencies all met for dep_context=non-requeueable deps ti=<TaskInstance: vietnamnet_crawler_with_summary.crawl_thoi-su scheduled__2025-05-03T20:30:00+00:00 [queued]>
[2025-05-03T21:00:13.249+0000] {taskinstance.py:2076} INFO - Dependencies all met for dep_context=requeueable deps ti=<TaskInstance: vietnamnet_crawler_with_summary.crawl_thoi-su scheduled__2025-05-03T20:30:00+00:00 [queued]>
[2025-05-03T21:00:13.250+0000] {taskinstance.py:2306} INFO - Starting attempt 1 of 2
[2025-05-03T21:00:13.261+0000] {taskinstance.py:2330} INFO - Executing <Task(PythonOperator): crawl_thoi-su> on 2025-05-03 20:30:00+00:00
[2025-05-03T21:00:13.266+0000] {warnings.py:112} WARNING - /home/***/.local/lib/python3.12/site-packages/***/task/task_runner/standard_task_runner.py:61: DeprecationWarning: This process (pid=44893) is multi-threaded, use of fork() may lead to deadlocks in the child.
  pid = os.fork()

[2025-05-03T21:00:13.267+0000] {standard_task_runner.py:63} INFO - Started process 44894 to run task
[2025-05-03T21:00:13.268+0000] {standard_task_runner.py:90} INFO - Running: ['***', 'tasks', 'run', 'vietnamnet_crawler_with_summary', 'crawl_thoi-su', 'scheduled__2025-05-03T20:30:00+00:00', '--job-id', '19', '--raw', '--subdir', 'DAGS_FOLDER/dags.py', '--cfg-path', '/tmp/tmpt24cl3vp']
[2025-05-03T21:00:13.270+0000] {standard_task_runner.py:91} INFO - Job 19: Subtask crawl_thoi-su
[2025-05-03T21:00:13.303+0000] {task_command.py:426} INFO - Running <TaskInstance: vietnamnet_crawler_with_summary.crawl_thoi-su scheduled__2025-05-03T20:30:00+00:00 [running]> on host 61b2c69a7af3
[2025-05-03T21:00:13.371+0000] {taskinstance.py:2648} INFO - Exporting env vars: AIRFLOW_CTX_DAG_OWNER='***' AIRFLOW_CTX_DAG_ID='vietnamnet_crawler_with_summary' AIRFLOW_CTX_TASK_ID='crawl_thoi-su' AIRFLOW_CTX_EXECUTION_DATE='2025-05-03T20:30:00+00:00' AIRFLOW_CTX_TRY_NUMBER='1' AIRFLOW_CTX_DAG_RUN_ID='scheduled__2025-05-03T20:30:00+00:00'
[2025-05-03T21:00:13.372+0000] {taskinstance.py:430} INFO - ::endgroup::
[2025-05-03T21:00:13.513+0000] {crawler.py:61} INFO - Đã kết nối thành công với MongoDB: News
[2025-05-03T21:00:13.632+0000] {crawler.py:44} INFO - ArticleSummarizer đã được khởi tạo thành công
[2025-05-03T21:00:14.119+0000] {logging_mixin.py:188} INFO - [INIT].... → Crawl4AI 0.6.2
[2025-05-03T21:00:15.948+0000] {logging_mixin.py:188} INFO - [FETCH]... ↓ https://vietnamnet.vn/thoi-su                                                                        | 
[2025-05-03T21:00:15.949+0000] {logging_mixin.py:188} INFO - ✓
[2025-05-03T21:00:15.949+0000] {logging_mixin.py:188} INFO -  | ⏱: 1.80s
[2025-05-03T21:00:16.273+0000] {logging_mixin.py:188} INFO - [SCRAPE].. ◆ https://vietnamnet.vn/thoi-su                                                                        | 
[2025-05-03T21:00:16.274+0000] {logging_mixin.py:188} INFO - ✓
[2025-05-03T21:00:16.274+0000] {logging_mixin.py:188} INFO -  | ⏱: 0.32s
[2025-05-03T21:00:16.275+0000] {logging_mixin.py:188} INFO - [COMPLETE] ● https://vietnamnet.vn/thoi-su                                                                        | 
[2025-05-03T21:00:16.276+0000] {logging_mixin.py:188} INFO - ✓
[2025-05-03T21:00:16.276+0000] {logging_mixin.py:188} INFO -  | ⏱: 2.13s
[2025-05-03T21:00:16.360+0000] {crawler.py:87} INFO - Tìm thấy 47 link bài viết
[2025-05-03T21:00:19.987+0000] {crawler.py:106} INFO - Đã lọc: 47 URLs ban đầu -> 0 URLs mới
[2025-05-03T21:00:19.987+0000] {crawler.py:225} INFO - Không có bài viết mới nào trong danh mục thoi-su cần crawl.
[2025-05-03T21:00:19.988+0000] {crawler.py:260} INFO - Không có bài viết để lưu vào collection 'thoi-su'
[2025-05-03T21:00:20.052+0000] {python.py:237} INFO - Done. Returned value was: None
[2025-05-03T21:00:20.053+0000] {taskinstance.py:441} INFO - ::group::Post task execution logs
[2025-05-03T21:00:20.060+0000] {taskinstance.py:1206} INFO - Marking task as SUCCESS. dag_id=vietnamnet_crawler_with_summary, task_id=crawl_thoi-su, run_id=scheduled__2025-05-03T20:30:00+00:00, execution_date=20250503T203000, start_date=20250503T210013, end_date=20250503T210020
[2025-05-03T21:00:20.087+0000] {local_task_job_runner.py:240} INFO - Task exited with return code 0
[2025-05-03T21:00:20.108+0000] {taskinstance.py:3503} INFO - 1 downstream tasks scheduled from follow-on schedule check
[2025-05-03T21:00:20.110+0000] {local_task_job_runner.py:222} INFO - ::endgroup::
