[2025-05-15T10:30:02.997+0000] {local_task_job_runner.py:120} INFO - ::group::Pre task execution logs
[2025-05-15T10:30:03.023+0000] {taskinstance.py:2076} INFO - Dependencies all met for dep_context=non-requeueable deps ti=<TaskInstance: vietnamnet_crawler_24h.clean_old_articles scheduled__2025-05-15T10:00:00+00:00 [queued]>
[2025-05-15T10:30:03.037+0000] {taskinstance.py:2076} INFO - Dependencies all met for dep_context=requeueable deps ti=<TaskInstance: vietnamnet_crawler_24h.clean_old_articles scheduled__2025-05-15T10:00:00+00:00 [queued]>
[2025-05-15T10:30:03.038+0000] {taskinstance.py:2306} INFO - Starting attempt 1 of 2
[2025-05-15T10:30:03.056+0000] {taskinstance.py:2330} INFO - Executing <Task(PythonOperator): clean_old_articles> on 2025-05-15 10:00:00+00:00
[2025-05-15T10:30:03.063+0000] {warnings.py:112} WARNING - /home/***/.local/lib/python3.12/site-packages/***/task/task_runner/standard_task_runner.py:61: DeprecationWarning: This process (pid=10233) is multi-threaded, use of fork() may lead to deadlocks in the child.
  pid = os.fork()

[2025-05-15T10:30:03.065+0000] {standard_task_runner.py:63} INFO - Started process 10256 to run task
[2025-05-15T10:30:03.066+0000] {standard_task_runner.py:90} INFO - Running: ['***', 'tasks', 'run', 'vietnamnet_crawler_24h', 'clean_old_articles', 'scheduled__2025-05-15T10:00:00+00:00', '--job-id', '34', '--raw', '--subdir', 'DAGS_FOLDER/dags.py', '--cfg-path', '/tmp/tmp31f5ffrc']
[2025-05-15T10:30:03.069+0000] {standard_task_runner.py:91} INFO - Job 34: Subtask clean_old_articles
[2025-05-15T10:30:03.132+0000] {task_command.py:426} INFO - Running <TaskInstance: vietnamnet_crawler_24h.clean_old_articles scheduled__2025-05-15T10:00:00+00:00 [running]> on host 45f6bdc6b965
[2025-05-15T10:30:03.268+0000] {taskinstance.py:2648} INFO - Exporting env vars: AIRFLOW_CTX_DAG_OWNER='***' AIRFLOW_CTX_DAG_ID='vietnamnet_crawler_24h' AIRFLOW_CTX_TASK_ID='clean_old_articles' AIRFLOW_CTX_EXECUTION_DATE='2025-05-15T10:00:00+00:00' AIRFLOW_CTX_TRY_NUMBER='1' AIRFLOW_CTX_DAG_RUN_ID='scheduled__2025-05-15T10:00:00+00:00'
[2025-05-15T10:30:03.270+0000] {taskinstance.py:430} INFO - ::endgroup::
[2025-05-15T10:30:03.583+0000] {database_cleaner.py:33} INFO - Đã kết nối MongoDB: News
[2025-05-15T10:30:03.584+0000] {database_cleaner.py:102} INFO - Xóa các bài viết trước: 2025-04-14T17:30:03.584314+07:00
[2025-05-15T10:30:04.848+0000] {database_cleaner.py:125} INFO - Collection 'cong-nghe': 0 bài bị xóa
[2025-05-15T10:30:05.123+0000] {database_cleaner.py:125} INFO - Collection 'the-gioi': 0 bài bị xóa
[2025-05-15T10:30:05.539+0000] {database_cleaner.py:125} INFO - Collection 'chinh-tri': 0 bài bị xóa
[2025-05-15T10:30:05.749+0000] {database_cleaner.py:125} INFO - Collection 'phap-luat': 0 bài bị xóa
[2025-05-15T10:30:05.976+0000] {database_cleaner.py:125} INFO - Collection 'doi-song': 0 bài bị xóa
[2025-05-15T10:30:06.214+0000] {database_cleaner.py:125} INFO - Collection 'giao-duc': 0 bài bị xóa
[2025-05-15T10:30:06.292+0000] {database_cleaner.py:42} INFO - Đã đóng kết nối MongoDB
[2025-05-15T10:30:06.294+0000] {database_cleaner.py:142} INFO - Đã xóa tổng cộng 0 bài, còn lại 1670
[2025-05-15T10:30:06.295+0000] {python.py:237} INFO - Done. Returned value was: {'cong-nghe': {'total': 136, 'deleted': 0, 'remaining': 136}, 'the-gioi': {'total': 364, 'deleted': 0, 'remaining': 364}, 'chinh-tri': {'total': 497, 'deleted': 0, 'remaining': 497}, 'phap-luat': {'total': 168, 'deleted': 0, 'remaining': 168}, 'doi-song': {'total': 244, 'deleted': 0, 'remaining': 244}, 'giao-duc': {'total': 261, 'deleted': 0, 'remaining': 261}}
[2025-05-15T10:30:06.296+0000] {taskinstance.py:441} INFO - ::group::Post task execution logs
[2025-05-15T10:30:06.336+0000] {taskinstance.py:1206} INFO - Marking task as SUCCESS. dag_id=vietnamnet_crawler_24h, task_id=clean_old_articles, run_id=scheduled__2025-05-15T10:00:00+00:00, execution_date=20250515T100000, start_date=20250515T103003, end_date=20250515T103006
[2025-05-15T10:30:06.413+0000] {local_task_job_runner.py:240} INFO - Task exited with return code 0
[2025-05-15T10:30:06.471+0000] {taskinstance.py:3503} INFO - 1 downstream tasks scheduled from follow-on schedule check
[2025-05-15T10:30:06.476+0000] {local_task_job_runner.py:222} INFO - ::endgroup::
