[2025-05-16T17:20:16.210+0000] {local_task_job_runner.py:120} INFO - ::group::Pre task execution logs
[2025-05-16T17:20:16.232+0000] {taskinstance.py:2076} INFO - Dependencies all met for dep_context=non-requeueable deps ti=<TaskInstance: vietnamnet_crawler_24h.crawl_the-gioi manual__2025-05-16T17:19:39.822245+00:00 [queued]>
[2025-05-16T17:20:16.242+0000] {taskinstance.py:2076} INFO - Dependencies all met for dep_context=requeueable deps ti=<TaskInstance: vietnamnet_crawler_24h.crawl_the-gioi manual__2025-05-16T17:19:39.822245+00:00 [queued]>
[2025-05-16T17:20:16.243+0000] {taskinstance.py:2306} INFO - Starting attempt 1 of 2
[2025-05-16T17:20:16.257+0000] {taskinstance.py:2330} INFO - Executing <Task(PythonOperator): crawl_the-gioi> on 2025-05-16 17:19:39.822245+00:00
[2025-05-16T17:20:16.263+0000] {warnings.py:112} WARNING - /home/***/.local/lib/python3.12/site-packages/***/task/task_runner/standard_task_runner.py:61: DeprecationWarning: This process (pid=3520) is multi-threaded, use of fork() may lead to deadlocks in the child.
  pid = os.fork()

[2025-05-16T17:20:16.265+0000] {standard_task_runner.py:63} INFO - Started process 3521 to run task
[2025-05-16T17:20:16.265+0000] {standard_task_runner.py:90} INFO - Running: ['***', 'tasks', 'run', 'vietnamnet_crawler_24h', 'crawl_the-gioi', 'manual__2025-05-16T17:19:39.822245+00:00', '--job-id', '94', '--raw', '--subdir', 'DAGS_FOLDER/dags.py', '--cfg-path', '/tmp/tmpjdtyf980']
[2025-05-16T17:20:16.268+0000] {standard_task_runner.py:91} INFO - Job 94: Subtask crawl_the-gioi
[2025-05-16T17:20:16.309+0000] {task_command.py:426} INFO - Running <TaskInstance: vietnamnet_crawler_24h.crawl_the-gioi manual__2025-05-16T17:19:39.822245+00:00 [running]> on host 60d771d880eb
[2025-05-16T17:20:16.406+0000] {taskinstance.py:2648} INFO - Exporting env vars: AIRFLOW_CTX_DAG_OWNER='***' AIRFLOW_CTX_DAG_ID='vietnamnet_crawler_24h' AIRFLOW_CTX_TASK_ID='crawl_the-gioi' AIRFLOW_CTX_EXECUTION_DATE='2025-05-16T17:19:39.822245+00:00' AIRFLOW_CTX_TRY_NUMBER='1' AIRFLOW_CTX_DAG_RUN_ID='manual__2025-05-16T17:19:39.822245+00:00'
[2025-05-16T17:20:16.407+0000] {taskinstance.py:430} INFO - ::endgroup::
[2025-05-16T17:20:16.587+0000] {crawler.py:55} INFO - Đã kết nối thành công với MongoDB: News
[2025-05-16T17:20:17.323+0000] {logging_mixin.py:188} INFO - [INIT].... → Crawl4AI 0.6.2
[2025-05-16T17:20:20.511+0000] {logging_mixin.py:188} INFO - [FETCH]... ↓ https://vietnamnet.vn/tin-tuc-24h?bydaterang=&cate=000005                                            | 
[2025-05-16T17:20:20.512+0000] {logging_mixin.py:188} INFO - ✓
[2025-05-16T17:20:20.513+0000] {logging_mixin.py:188} INFO -  | ⏱: 3.11s
[2025-05-16T17:20:20.736+0000] {logging_mixin.py:188} INFO - [SCRAPE].. ◆ https://vietnamnet.vn/tin-tuc-24h?bydaterang=&cate=000005                                            | 
[2025-05-16T17:20:20.737+0000] {logging_mixin.py:188} INFO - ✓
[2025-05-16T17:20:20.737+0000] {logging_mixin.py:188} INFO -  | ⏱: 0.22s
[2025-05-16T17:20:20.738+0000] {logging_mixin.py:188} INFO - [COMPLETE] ● https://vietnamnet.vn/tin-tuc-24h?bydaterang=&cate=000005                                            | 
[2025-05-16T17:20:20.739+0000] {logging_mixin.py:188} INFO - ✓
[2025-05-16T17:20:20.740+0000] {logging_mixin.py:188} INFO -  | ⏱: 3.34s
[2025-05-16T17:20:21.163+0000] {crawler.py:85} INFO - Tìm thấy 25 link bài viết cho danh mục the-gioi
[2025-05-16T17:20:21.854+0000] {crawler.py:110} INFO - Đã lọc: 25 URLs ban đầu -> 1 URLs sau xử lý live
[2025-05-16T17:20:21.855+0000] {crawler.py:247} INFO - Đang crawl 1 bài viết mới từ danh mục the-gioi...
[2025-05-16T17:20:21.856+0000] {crawler.py:250} INFO - --> Crawl: https://vietnamnet.vn/dam-phan-nga-ukraine-ket-thuc-ma-khong-dat-duoc-tien-trien-2401907.html
[2025-05-16T17:20:22.897+0000] {logging_mixin.py:188} INFO - [INIT].... → Crawl4AI 0.6.2
[2025-05-16T17:20:25.993+0000] {logging_mixin.py:188} INFO - [FETCH]... ↓ https://vietnamnet.vn/dam-phan-nga-ukraine-ket-thuc-ma-khong-dat-duoc-tien-trien-2401907.html        | 
[2025-05-16T17:20:25.994+0000] {logging_mixin.py:188} INFO - ✓
[2025-05-16T17:20:25.995+0000] {logging_mixin.py:188} INFO -  | ⏱: 2.99s
[2025-05-16T17:20:26.216+0000] {logging_mixin.py:188} INFO - [SCRAPE].. ◆ https://vietnamnet.vn/dam-phan-nga-ukraine-ket-thuc-ma-khong-dat-duoc-tien-trien-2401907.html        | 
[2025-05-16T17:20:26.217+0000] {logging_mixin.py:188} INFO - ✓
[2025-05-16T17:20:26.218+0000] {logging_mixin.py:188} INFO -  | ⏱: 
[2025-05-16T17:20:26.218+0000] {logging_mixin.py:188} INFO - 0.22
[2025-05-16T17:20:26.219+0000] {logging_mixin.py:188} INFO - s
[2025-05-16T17:20:26.221+0000] {logging_mixin.py:188} INFO - [COMPLETE] ● https://vietnamnet.vn/dam-phan-nga-ukraine-ket-thuc-ma-khong-dat-duoc-tien-trien-2401907.html        | 
[2025-05-16T17:20:26.222+0000] {logging_mixin.py:188} INFO - ✓
[2025-05-16T17:20:26.222+0000] {logging_mixin.py:188} INFO -  | ⏱: 3.21s
[2025-05-16T17:20:26.866+0000] {crawler.py:254} INFO -     ✓ Đàm phán Nga - Ukraine kết thúc mà không đạt được tiến triển...

[2025-05-16T17:20:26.867+0000] {crawler.py:257} INFO - ⏱️  Tổng thời gian crawl: 10.28 giây
[2025-05-16T17:20:26.934+0000] {crawler.py:282} INFO - Đã lưu 1 bài viết vào collection 'the-gioi'
[2025-05-16T17:20:26.951+0000] {python.py:237} INFO - Done. Returned value was: None
[2025-05-16T17:20:26.952+0000] {taskinstance.py:441} INFO - ::group::Post task execution logs
[2025-05-16T17:20:26.960+0000] {taskinstance.py:1206} INFO - Marking task as SUCCESS. dag_id=vietnamnet_crawler_24h, task_id=crawl_the-gioi, run_id=manual__2025-05-16T17:19:39.822245+00:00, execution_date=20250516T171939, start_date=20250516T172016, end_date=20250516T172026
[2025-05-16T17:20:27.016+0000] {local_task_job_runner.py:240} INFO - Task exited with return code 0
[2025-05-16T17:20:27.037+0000] {taskinstance.py:3503} INFO - 1 downstream tasks scheduled from follow-on schedule check
[2025-05-16T17:20:27.040+0000] {local_task_job_runner.py:222} INFO - ::endgroup::
