[2025-05-18T11:33:29.293+0000] {local_task_job_runner.py:120} INFO - ::group::Pre task execution logs
[2025-05-18T11:33:29.331+0000] {taskinstance.py:2076} INFO - Dependencies all met for dep_context=non-requeueable deps ti=<TaskInstance: vietnamnet_crawler_24h.crawl_cong-nghe scheduled__2025-05-18T11:00:00+00:00 [queued]>
[2025-05-18T11:33:29.346+0000] {taskinstance.py:2076} INFO - Dependencies all met for dep_context=requeueable deps ti=<TaskInstance: vietnamnet_crawler_24h.crawl_cong-nghe scheduled__2025-05-18T11:00:00+00:00 [queued]>
[2025-05-18T11:33:29.347+0000] {taskinstance.py:2306} INFO - Starting attempt 1 of 2
[2025-05-18T11:33:29.368+0000] {taskinstance.py:2330} INFO - Executing <Task(PythonOperator): crawl_cong-nghe> on 2025-05-18 11:00:00+00:00
[2025-05-18T11:33:29.376+0000] {warnings.py:112} WARNING - /home/***/.local/lib/python3.12/site-packages/***/task/task_runner/standard_task_runner.py:61: DeprecationWarning: This process (pid=488) is multi-threaded, use of fork() may lead to deadlocks in the child.
  pid = os.fork()

[2025-05-18T11:33:29.380+0000] {standard_task_runner.py:63} INFO - Started process 489 to run task
[2025-05-18T11:33:29.382+0000] {standard_task_runner.py:90} INFO - Running: ['***', 'tasks', 'run', 'vietnamnet_crawler_24h', 'crawl_cong-nghe', 'scheduled__2025-05-18T11:00:00+00:00', '--job-id', '3', '--raw', '--subdir', 'DAGS_FOLDER/dags.py', '--cfg-path', '/tmp/tmpd5_fxruz']
[2025-05-18T11:33:29.385+0000] {standard_task_runner.py:91} INFO - Job 3: Subtask crawl_cong-nghe
[2025-05-18T11:33:29.469+0000] {task_command.py:426} INFO - Running <TaskInstance: vietnamnet_crawler_24h.crawl_cong-nghe scheduled__2025-05-18T11:00:00+00:00 [running]> on host a383b65f89e1
[2025-05-18T11:33:29.619+0000] {taskinstance.py:2648} INFO - Exporting env vars: AIRFLOW_CTX_DAG_OWNER='***' AIRFLOW_CTX_DAG_ID='vietnamnet_crawler_24h' AIRFLOW_CTX_TASK_ID='crawl_cong-nghe' AIRFLOW_CTX_EXECUTION_DATE='2025-05-18T11:00:00+00:00' AIRFLOW_CTX_TRY_NUMBER='1' AIRFLOW_CTX_DAG_RUN_ID='scheduled__2025-05-18T11:00:00+00:00'
[2025-05-18T11:33:29.622+0000] {taskinstance.py:430} INFO - ::endgroup::
[2025-05-18T11:33:30.182+0000] {crawler.py:55} INFO - Đã kết nối thành công với MongoDB: News
[2025-05-18T11:33:30.983+0000] {logging_mixin.py:188} INFO - [INIT].... → Crawl4AI 0.6.3
[2025-05-18T11:33:34.636+0000] {logging_mixin.py:188} INFO - [FETCH]... ↓ https://vietnamnet.vn/tin-tuc-24h?bydaterang=&cate=00MK8V          
| ✓ | ⏱: 3.57s
[2025-05-18T11:33:34.895+0000] {logging_mixin.py:188} INFO - [SCRAPE].. ◆ https://vietnamnet.vn/tin-tuc-24h?bydaterang=&cate=00MK8V          
| ✓ | ⏱: 0.26s
[2025-05-18T11:33:34.898+0000] {logging_mixin.py:188} INFO - [COMPLETE] ● https://vietnamnet.vn/tin-tuc-24h?bydaterang=&cate=00MK8V          
| ✓ | ⏱: 3.84s
[2025-05-18T11:33:35.218+0000] {crawler.py:85} INFO - Tìm thấy 25 link bài viết cho danh mục cong-nghe
[2025-05-18T11:33:35.889+0000] {crawler.py:110} INFO - Đã lọc: 25 URLs ban đầu -> 2 URLs sau xử lý live
[2025-05-18T11:33:35.890+0000] {crawler.py:255} INFO - Đang crawl 2 bài viết mới từ danh mục cong-nghe...
[2025-05-18T11:33:35.890+0000] {crawler.py:258} INFO - --> Crawl: https://vietnamnet.vn/nguoi-lao-dong-can-chu-dong-hoc-ky-nang-ai-tu-gio-de-khong-mat-viec-2402263.html
[2025-05-18T11:33:36.568+0000] {logging_mixin.py:188} INFO - [INIT].... → Crawl4AI 0.6.3
[2025-05-18T11:33:40.168+0000] {logging_mixin.py:188} INFO - [FETCH]... ↓ 
https://vietnamnet.vn/nguoi-lao-dong-can-chu-don...ky-nang-ai-tu-gio-de-khong-ma
t-viec-2402263.html  | ✓ | ⏱: 3.54s
[2025-05-18T11:33:40.549+0000] {logging_mixin.py:188} INFO - [SCRAPE].. ◆ 
https://vietnamnet.vn/nguoi-lao-dong-can-chu-don...ky-nang-ai-tu-gio-de-khong-ma
t-viec-2402263.html  | ✓ | ⏱: 0.38s
[2025-05-18T11:33:40.552+0000] {logging_mixin.py:188} INFO - [COMPLETE] ● 
https://vietnamnet.vn/nguoi-lao-dong-can-chu-don...ky-nang-ai-tu-gio-de-khong-ma
t-viec-2402263.html  | ✓ | ⏱: 3.92s
[2025-05-18T11:33:41.159+0000] {crawler.py:262} INFO -     ✓ Người lao động cần chủ động học kỹ năng AI từ giờ để không m...

[2025-05-18T11:33:41.160+0000] {crawler.py:258} INFO - --> Crawl: https://vietnamnet.vn/giai-ma-trend-cai-bong-meo-bi-an-dang-day-song-mang-xa-hoi-2402141.html
[2025-05-18T11:33:41.982+0000] {logging_mixin.py:188} INFO - [INIT].... → Crawl4AI 0.6.3
[2025-05-18T11:33:46.931+0000] {logging_mixin.py:188} INFO - [FETCH]... ↓ 
https://vietnamnet.vn/giai-ma-trend-cai-bong-meo-bi-an-dang-day-song-mang-xa-hoi
-2402141.html        | ✓ | ⏱: 4.87s
[2025-05-18T11:33:47.236+0000] {logging_mixin.py:188} INFO - [SCRAPE].. ◆ 
https://vietnamnet.vn/giai-ma-trend-cai-bong-meo-bi-an-dang-day-song-mang-xa-hoi
-2402141.html        | ✓ | ⏱: 0.30s
[2025-05-18T11:33:47.239+0000] {logging_mixin.py:188} INFO - [COMPLETE] ● 
https://vietnamnet.vn/giai-ma-trend-cai-bong-meo-bi-an-dang-day-song-mang-xa-hoi
-2402141.html        | ✓ | ⏱: 5.18s
[2025-05-18T11:33:47.804+0000] {crawler.py:262} INFO -     ✓ Giải mã trend 'cái bóng mèo bí ẩn' đang dậy sóng mạng xã hội...

[2025-05-18T11:33:47.804+0000] {crawler.py:265} INFO - ⏱️  Tổng thời gian crawl: 17.62 giây
[2025-05-18T11:33:47.958+0000] {crawler.py:292} INFO - Đã lưu 2 bài viết vào collection 'cong-nghe'
[2025-05-18T11:33:48.028+0000] {python.py:237} INFO - Done. Returned value was: None
[2025-05-18T11:33:48.029+0000] {taskinstance.py:441} INFO - ::group::Post task execution logs
[2025-05-18T11:33:48.041+0000] {taskinstance.py:1206} INFO - Marking task as SUCCESS. dag_id=vietnamnet_crawler_24h, task_id=crawl_cong-nghe, run_id=scheduled__2025-05-18T11:00:00+00:00, execution_date=20250518T110000, start_date=20250518T113329, end_date=20250518T113348
[2025-05-18T11:33:48.111+0000] {local_task_job_runner.py:240} INFO - Task exited with return code 0
[2025-05-18T11:33:48.150+0000] {taskinstance.py:3503} INFO - 1 downstream tasks scheduled from follow-on schedule check
[2025-05-18T11:33:48.153+0000] {local_task_job_runner.py:222} INFO - ::endgroup::
