[2025-05-16T13:35:45.786+0000] {local_task_job_runner.py:120} INFO - ::group::Pre task execution logs
[2025-05-16T13:35:45.809+0000] {taskinstance.py:2076} INFO - Dependencies all met for dep_context=non-requeueable deps ti=<TaskInstance: vietnamnet_crawler_24h.crawl_the-gioi manual__2025-05-16T13:35:22.448931+00:00 [queued]>
[2025-05-16T13:35:45.819+0000] {taskinstance.py:2076} INFO - Dependencies all met for dep_context=requeueable deps ti=<TaskInstance: vietnamnet_crawler_24h.crawl_the-gioi manual__2025-05-16T13:35:22.448931+00:00 [queued]>
[2025-05-16T13:35:45.819+0000] {taskinstance.py:2306} INFO - Starting attempt 1 of 2
[2025-05-16T13:35:45.837+0000] {taskinstance.py:2330} INFO - Executing <Task(PythonOperator): crawl_the-gioi> on 2025-05-16 13:35:22.448931+00:00
[2025-05-16T13:35:45.843+0000] {warnings.py:112} WARNING - /home/***/.local/lib/python3.12/site-packages/***/task/task_runner/standard_task_runner.py:61: DeprecationWarning: This process (pid=11063) is multi-threaded, use of fork() may lead to deadlocks in the child.
  pid = os.fork()

[2025-05-16T13:35:45.845+0000] {standard_task_runner.py:63} INFO - Started process 11076 to run task
[2025-05-16T13:35:45.846+0000] {standard_task_runner.py:90} INFO - Running: ['***', 'tasks', 'run', 'vietnamnet_crawler_24h', 'crawl_the-gioi', 'manual__2025-05-16T13:35:22.448931+00:00', '--job-id', '45', '--raw', '--subdir', 'DAGS_FOLDER/dags.py', '--cfg-path', '/tmp/tmpbig6qadx']
[2025-05-16T13:35:45.849+0000] {standard_task_runner.py:91} INFO - Job 45: Subtask crawl_the-gioi
[2025-05-16T13:35:45.905+0000] {task_command.py:426} INFO - Running <TaskInstance: vietnamnet_crawler_24h.crawl_the-gioi manual__2025-05-16T13:35:22.448931+00:00 [running]> on host 60d771d880eb
[2025-05-16T13:35:46.027+0000] {taskinstance.py:2648} INFO - Exporting env vars: AIRFLOW_CTX_DAG_OWNER='***' AIRFLOW_CTX_DAG_ID='vietnamnet_crawler_24h' AIRFLOW_CTX_TASK_ID='crawl_the-gioi' AIRFLOW_CTX_EXECUTION_DATE='2025-05-16T13:35:22.448931+00:00' AIRFLOW_CTX_TRY_NUMBER='1' AIRFLOW_CTX_DAG_RUN_ID='manual__2025-05-16T13:35:22.448931+00:00'
[2025-05-16T13:35:46.028+0000] {taskinstance.py:430} INFO - ::endgroup::
[2025-05-16T13:35:46.227+0000] {crawler.py:54} INFO - Đã kết nối thành công với MongoDB: News
[2025-05-16T13:35:46.941+0000] {logging_mixin.py:188} INFO - [INIT].... → Crawl4AI 0.6.2
[2025-05-16T13:35:51.203+0000] {logging_mixin.py:188} INFO - [FETCH]... ↓ https://vietnamnet.vn/tin-tuc-24h?bydaterang=&cate=000005                                            | 
[2025-05-16T13:35:51.203+0000] {logging_mixin.py:188} INFO - ✓
[2025-05-16T13:35:51.204+0000] {logging_mixin.py:188} INFO -  | ⏱: 4.20s
[2025-05-16T13:35:51.453+0000] {logging_mixin.py:188} INFO - [SCRAPE].. ◆ https://vietnamnet.vn/tin-tuc-24h?bydaterang=&cate=000005                                            | 
[2025-05-16T13:35:51.454+0000] {logging_mixin.py:188} INFO - ✓
[2025-05-16T13:35:51.455+0000] {logging_mixin.py:188} INFO -  | ⏱: 0.25s
[2025-05-16T13:35:51.456+0000] {logging_mixin.py:188} INFO - [COMPLETE] ● https://vietnamnet.vn/tin-tuc-24h?bydaterang=&cate=000005                                            | 
[2025-05-16T13:35:51.457+0000] {logging_mixin.py:188} INFO - ✓
[2025-05-16T13:35:51.457+0000] {logging_mixin.py:188} INFO -  | ⏱: 4.45s
[2025-05-16T13:35:51.762+0000] {crawler.py:84} INFO - Tìm thấy 25 link bài viết cho danh mục the-gioi
[2025-05-16T13:35:52.404+0000] {crawler.py:108} INFO - Đã lọc: 25 URLs ban đầu -> 0 URLs mới
[2025-05-16T13:35:52.405+0000] {crawler.py:229} INFO - Không có bài viết mới nào trong danh mục the-gioi cần crawl.
[2025-05-16T13:35:52.405+0000] {crawler.py:269} INFO - Không có bài viết để lưu vào collection 'the-gioi'
[2025-05-16T13:35:52.470+0000] {python.py:237} INFO - Done. Returned value was: None
[2025-05-16T13:35:52.470+0000] {taskinstance.py:441} INFO - ::group::Post task execution logs
[2025-05-16T13:35:52.478+0000] {taskinstance.py:1206} INFO - Marking task as SUCCESS. dag_id=vietnamnet_crawler_24h, task_id=crawl_the-gioi, run_id=manual__2025-05-16T13:35:22.448931+00:00, execution_date=20250516T133522, start_date=20250516T133545, end_date=20250516T133552
[2025-05-16T13:35:52.519+0000] {local_task_job_runner.py:240} INFO - Task exited with return code 0
[2025-05-16T13:35:52.530+0000] {local_task_job_runner.py:222} INFO - ::endgroup::
