[2025-05-16T13:35:30.947+0000] {local_task_job_runner.py:120} INFO - ::group::Pre task execution logs
[2025-05-16T13:35:30.974+0000] {taskinstance.py:2076} INFO - Dependencies all met for dep_context=non-requeueable deps ti=<TaskInstance: vietnamnet_crawler_24h.crawl_chinh-tri scheduled__2025-05-16T13:00:00+00:00 [queued]>
[2025-05-16T13:35:30.983+0000] {taskinstance.py:2076} INFO - Dependencies all met for dep_context=requeueable deps ti=<TaskInstance: vietnamnet_crawler_24h.crawl_chinh-tri scheduled__2025-05-16T13:00:00+00:00 [queued]>
[2025-05-16T13:35:30.984+0000] {taskinstance.py:2306} INFO - Starting attempt 1 of 2
[2025-05-16T13:35:30.999+0000] {taskinstance.py:2330} INFO - Executing <Task(PythonOperator): crawl_chinh-tri> on 2025-05-16 13:00:00+00:00
[2025-05-16T13:35:31.005+0000] {warnings.py:112} WARNING - /home/***/.local/lib/python3.12/site-packages/***/task/task_runner/standard_task_runner.py:61: DeprecationWarning: This process (pid=10556) is multi-threaded, use of fork() may lead to deadlocks in the child.
  pid = os.fork()

[2025-05-16T13:35:31.007+0000] {standard_task_runner.py:63} INFO - Started process 10559 to run task
[2025-05-16T13:35:31.007+0000] {standard_task_runner.py:90} INFO - Running: ['***', 'tasks', 'run', 'vietnamnet_crawler_24h', 'crawl_chinh-tri', 'scheduled__2025-05-16T13:00:00+00:00', '--job-id', '41', '--raw', '--subdir', 'DAGS_FOLDER/dags.py', '--cfg-path', '/tmp/tmpru7_5j8n']
[2025-05-16T13:35:31.012+0000] {standard_task_runner.py:91} INFO - Job 41: Subtask crawl_chinh-tri
[2025-05-16T13:35:31.066+0000] {task_command.py:426} INFO - Running <TaskInstance: vietnamnet_crawler_24h.crawl_chinh-tri scheduled__2025-05-16T13:00:00+00:00 [running]> on host 60d771d880eb
[2025-05-16T13:35:31.172+0000] {taskinstance.py:2648} INFO - Exporting env vars: AIRFLOW_CTX_DAG_OWNER='***' AIRFLOW_CTX_DAG_ID='vietnamnet_crawler_24h' AIRFLOW_CTX_TASK_ID='crawl_chinh-tri' AIRFLOW_CTX_EXECUTION_DATE='2025-05-16T13:00:00+00:00' AIRFLOW_CTX_TRY_NUMBER='1' AIRFLOW_CTX_DAG_RUN_ID='scheduled__2025-05-16T13:00:00+00:00'
[2025-05-16T13:35:31.178+0000] {taskinstance.py:430} INFO - ::endgroup::
[2025-05-16T13:35:31.406+0000] {crawler.py:54} INFO - Đã kết nối thành công với MongoDB: News
[2025-05-16T13:35:32.377+0000] {logging_mixin.py:188} INFO - [INIT].... → Crawl4AI 0.6.2
[2025-05-16T13:35:35.699+0000] {logging_mixin.py:188} INFO - [FETCH]... ↓ https://vietnamnet.vn/tin-tuc-24h?bydaterang=&cate=000001                                            | 
[2025-05-16T13:35:35.699+0000] {logging_mixin.py:188} INFO - ✓
[2025-05-16T13:35:35.700+0000] {logging_mixin.py:188} INFO -  | ⏱: 3.23s
[2025-05-16T13:35:35.973+0000] {logging_mixin.py:188} INFO - [SCRAPE].. ◆ https://vietnamnet.vn/tin-tuc-24h?bydaterang=&cate=000001                                            | 
[2025-05-16T13:35:35.974+0000] {logging_mixin.py:188} INFO - ✓
[2025-05-16T13:35:35.975+0000] {logging_mixin.py:188} INFO -  | ⏱: 0.27s
[2025-05-16T13:35:35.976+0000] {logging_mixin.py:188} INFO - [COMPLETE] ● https://vietnamnet.vn/tin-tuc-24h?bydaterang=&cate=000001                                            | 
[2025-05-16T13:35:35.977+0000] {logging_mixin.py:188} INFO - ✓
[2025-05-16T13:35:35.977+0000] {logging_mixin.py:188} INFO -  | ⏱: 3.50s
[2025-05-16T13:35:36.119+0000] {crawler.py:84} INFO - Tìm thấy 25 link bài viết cho danh mục chinh-tri
[2025-05-16T13:35:36.718+0000] {crawler.py:108} INFO - Đã lọc: 25 URLs ban đầu -> 0 URLs mới
[2025-05-16T13:35:36.718+0000] {crawler.py:229} INFO - Không có bài viết mới nào trong danh mục chinh-tri cần crawl.
[2025-05-16T13:35:36.719+0000] {crawler.py:269} INFO - Không có bài viết để lưu vào collection 'chinh-tri'
[2025-05-16T13:35:36.783+0000] {python.py:237} INFO - Done. Returned value was: None
[2025-05-16T13:35:36.784+0000] {taskinstance.py:441} INFO - ::group::Post task execution logs
[2025-05-16T13:35:36.792+0000] {taskinstance.py:1206} INFO - Marking task as SUCCESS. dag_id=vietnamnet_crawler_24h, task_id=crawl_chinh-tri, run_id=scheduled__2025-05-16T13:00:00+00:00, execution_date=20250516T130000, start_date=20250516T133530, end_date=20250516T133536
[2025-05-16T13:35:36.822+0000] {local_task_job_runner.py:240} INFO - Task exited with return code 0
[2025-05-16T13:35:36.847+0000] {taskinstance.py:3503} INFO - 1 downstream tasks scheduled from follow-on schedule check
[2025-05-16T13:35:36.850+0000] {local_task_job_runner.py:222} INFO - ::endgroup::
