[2025-06-09T06:49:04.905+0000] {local_task_job_runner.py:120} INFO - ::group::Pre task execution logs
[2025-06-09T06:49:04.920+0000] {taskinstance.py:2076} INFO - Dependencies all met for dep_context=non-requeueable deps ti=<TaskInstance: deepai_crawler_10min.crawl_hardware scheduled__2025-06-09T06:30:00+00:00 [queued]>
[2025-06-09T06:49:04.928+0000] {taskinstance.py:2076} INFO - Dependencies all met for dep_context=requeueable deps ti=<TaskInstance: deepai_crawler_10min.crawl_hardware scheduled__2025-06-09T06:30:00+00:00 [queued]>
[2025-06-09T06:49:04.928+0000] {taskinstance.py:2306} INFO - Starting attempt 1 of 3
[2025-06-09T06:49:04.940+0000] {taskinstance.py:2330} INFO - Executing <Task(PythonOperator): crawl_hardware> on 2025-06-09 06:30:00+00:00
[2025-06-09T06:49:04.948+0000] {warnings.py:112} WARNING - /home/***/.local/lib/python3.12/site-packages/***/task/task_runner/standard_task_runner.py:61: DeprecationWarning: This process (pid=1071) is multi-threaded, use of fork() may lead to deadlocks in the child.
  pid = os.fork()

[2025-06-09T06:49:04.950+0000] {standard_task_runner.py:63} INFO - Started process 1076 to run task
[2025-06-09T06:49:04.950+0000] {standard_task_runner.py:90} INFO - Running: ['***', 'tasks', 'run', 'deepai_crawler_10min', 'crawl_hardware', 'scheduled__2025-06-09T06:30:00+00:00', '--job-id', '25', '--raw', '--subdir', 'DAGS_FOLDER/dags.py', '--cfg-path', '/tmp/tmpg9clz7yw']
[2025-06-09T06:49:04.954+0000] {standard_task_runner.py:91} INFO - Job 25: Subtask crawl_hardware
[2025-06-09T06:49:05.001+0000] {task_command.py:426} INFO - Running <TaskInstance: deepai_crawler_10min.crawl_hardware scheduled__2025-06-09T06:30:00+00:00 [running]> on host d8dffa52d0ec
[2025-06-09T06:49:05.088+0000] {taskinstance.py:2648} INFO - Exporting env vars: AIRFLOW_CTX_DAG_OWNER='***' AIRFLOW_CTX_DAG_ID='deepai_crawler_10min' AIRFLOW_CTX_TASK_ID='crawl_hardware' AIRFLOW_CTX_EXECUTION_DATE='2025-06-09T06:30:00+00:00' AIRFLOW_CTX_TRY_NUMBER='1' AIRFLOW_CTX_DAG_RUN_ID='scheduled__2025-06-09T06:30:00+00:00'
[2025-06-09T06:49:05.090+0000] {taskinstance.py:430} INFO - ::endgroup::
[2025-06-09T06:49:05.105+0000] {dags.py:167} INFO - Bắt đầu crawl category: hardware
[2025-06-09T06:49:05.491+0000] {crawler_deeplai.py:49} INFO - Đã kết nối thành công với MongoDB: deeplearning_ai_news
[2025-06-09T06:49:05.567+0000] {crawler_deeplai.py:463} INFO - 🚀 Đang bắt đầu quá trình crawl với Load More...
[2025-06-09T06:49:07.381+0000] {logging_mixin.py:188} INFO - [INIT].... → Crawl4AI 0.6.3
[2025-06-09T06:49:07.383+0000] {crawler_deeplai.py:177} INFO - 🌐 Đang truy cập: https://www.deeplearning.ai/the-batch/tag/hardware/
[2025-06-09T06:49:07.384+0000] {crawler_deeplai.py:178} INFO - ⚙️ Cấu hình: max_articles=100, min_threshold=5, max_clicks=1
[2025-06-09T06:49:13.521+0000] {logging_mixin.py:188} INFO - [FETCH]... ↓ https://www.deeplearning.ai/the-batch/tag/hardware/                
| ✓ | ⏱: 6.13s
[2025-06-09T06:49:14.382+0000] {logging_mixin.py:188} INFO - [SCRAPE].. ◆ https://www.deeplearning.ai/the-batch/tag/hardware/                
| ✓ | ⏱: 0.86s
[2025-06-09T06:49:14.384+0000] {logging_mixin.py:188} INFO - [COMPLETE] ● https://www.deeplearning.ai/the-batch/tag/hardware/                
| ✓ | ⏱: 7.00s
[2025-06-09T06:49:14.385+0000] {crawler_deeplai.py:182} INFO - 📋 JavaScript execution result: {'success': True, 'results': [{'success': True, 'result': {}}]}
[2025-06-09T06:49:14.439+0000] {crawler_deeplai.py:202} INFO - 🎯 Tổng cộng tìm thấy 30 link bài viết unique
[2025-06-09T06:49:14.439+0000] {crawler_deeplai.py:206} INFO - 🔍 Một vài URL đầu tiên:
[2025-06-09T06:49:14.440+0000] {crawler_deeplai.py:208} INFO -   1. https://www.deeplearning.ai/the-batch/ai-creates-an-interactive-minecraft-like-world-in-real-time/
[2025-06-09T06:49:14.441+0000] {crawler_deeplai.py:208} INFO -   2. https://www.deeplearning.ai/the-batch/ai-electricity-demands-spur-an-expansion-of-power-sources/
[2025-06-09T06:49:14.441+0000] {crawler_deeplai.py:208} INFO -   3. https://www.deeplearning.ai/the-batch/all-about-nvidia-gpu-shortage/
[2025-06-09T06:49:14.442+0000] {crawler_deeplai.py:208} INFO -   4. https://www.deeplearning.ai/the-batch/all-about-nvidias-new-blackwell-architecture-and-b200-gpu/
[2025-06-09T06:49:14.442+0000] {crawler_deeplai.py:208} INFO -   5. https://www.deeplearning.ai/the-batch/amazon-google-and-microsoft-bet-on-nuclear-power-to-meet-ai-energy-demands/
[2025-06-09T06:49:14.443+0000] {crawler_deeplai.py:212} INFO - 📊 Sẽ crawl 30 bài viết
[2025-06-09T06:49:15.041+0000] {crawler_deeplai.py:456} INFO - Đã lọc: 30 URLs ban đầu -> 1 URLs mới
[2025-06-09T06:49:15.042+0000] {crawler_deeplai.py:477} INFO - 📝 Đang crawl 1 bài viết mới...
[2025-06-09T06:49:15.043+0000] {crawler_deeplai.py:484} INFO - [1/1] 🔄 Đang crawl: https://www.deeplearning.ai/the-batch/the-international-energy-agency-examines-the-energy-costs-and-potential-savings-of-the-ai-boom/
[2025-06-09T06:49:16.056+0000] {logging_mixin.py:188} INFO - [INIT].... → Crawl4AI 0.6.3
[2025-06-09T06:49:19.723+0000] {logging_mixin.py:188} INFO - [FETCH]... ↓ 
https://www.deeplearning.ai/the-batch/the-intern...ergy-costs-and-potential-savi
ngs-of-the-ai-boom/  | ✓ | ⏱: 3.66s
[2025-06-09T06:49:19.819+0000] {logging_mixin.py:188} INFO - [SCRAPE].. ◆ 
https://www.deeplearning.ai/the-batch/the-intern...ergy-costs-and-potential-savi
ngs-of-the-ai-boom/  | ✓ | ⏱: 0.09s
[2025-06-09T06:49:19.822+0000] {logging_mixin.py:188} INFO - [COMPLETE] ● 
https://www.deeplearning.ai/the-batch/the-intern...ergy-costs-and-potential-savi
ngs-of-the-ai-boom/  | ✓ | ⏱: 3.76s
[2025-06-09T06:49:19.867+0000] {logging_mixin.py:188} INFO - Title: AI Uses Energy, AI Saves Energy
[2025-06-09T06:49:19.868+0000] {logging_mixin.py:188} INFO - Subtitle: The International Energy Agency examines the energy costs and potential savings of the AI boom
[2025-06-09T06:49:22.400+0000] {crawler_deeplai.py:488} INFO -     ✅ AI Uses Energy, AI Saves Energy...
[2025-06-09T06:49:23.403+0000] {crawler_deeplai.py:501} INFO - ⏱️ Tổng thời gian crawl: 17.84 giây
[2025-06-09T06:49:23.404+0000] {crawler_deeplai.py:502} INFO - 📊 Thành công crawl: 1/1 bài viết
[2025-06-09T06:49:23.460+0000] {crawler_deeplai.py:529} INFO - 💾 Đã lưu thành công 1/1 bài viết vào collection 'hardware'
[2025-06-09T06:49:23.512+0000] {dags.py:172} INFO - Hoàn thành crawl category: hardware
[2025-06-09T06:49:23.513+0000] {python.py:237} INFO - Done. Returned value was: None
[2025-06-09T06:49:23.514+0000] {taskinstance.py:441} INFO - ::group::Post task execution logs
[2025-06-09T06:49:23.528+0000] {taskinstance.py:1206} INFO - Marking task as SUCCESS. dag_id=deepai_crawler_10min, task_id=crawl_hardware, run_id=scheduled__2025-06-09T06:30:00+00:00, execution_date=20250609T063000, start_date=20250609T064904, end_date=20250609T064923
[2025-06-09T06:49:23.582+0000] {local_task_job_runner.py:240} INFO - Task exited with return code 0
[2025-06-09T06:49:23.643+0000] {taskinstance.py:3503} INFO - 1 downstream tasks scheduled from follow-on schedule check
[2025-06-09T06:49:23.648+0000] {local_task_job_runner.py:222} INFO - ::endgroup::
