[2025-05-18T22:16:34.206+0000] {local_task_job_runner.py:120} INFO - ::group::Pre task execution logs
[2025-05-18T22:16:34.234+0000] {taskinstance.py:2076} INFO - Dependencies all met for dep_context=non-requeueable deps ti=<TaskInstance: vietnamnet_crawler_24h.crawl_cong-nghe scheduled__2025-05-18T16:00:00+00:00 [queued]>
[2025-05-18T22:16:34.248+0000] {taskinstance.py:2076} INFO - Dependencies all met for dep_context=requeueable deps ti=<TaskInstance: vietnamnet_crawler_24h.crawl_cong-nghe scheduled__2025-05-18T16:00:00+00:00 [queued]>
[2025-05-18T22:16:34.249+0000] {taskinstance.py:2306} INFO - Starting attempt 1 of 2
[2025-05-18T22:16:34.271+0000] {taskinstance.py:2330} INFO - Executing <Task(PythonOperator): crawl_cong-nghe> on 2025-05-18 16:00:00+00:00
[2025-05-18T22:16:34.279+0000] {warnings.py:112} WARNING - /home/***/.local/lib/python3.12/site-packages/***/task/task_runner/standard_task_runner.py:61: DeprecationWarning: This process (pid=19368) is multi-threaded, use of fork() may lead to deadlocks in the child.
  pid = os.fork()

[2025-05-18T22:16:34.282+0000] {standard_task_runner.py:63} INFO - Started process 19370 to run task
[2025-05-18T22:16:34.282+0000] {standard_task_runner.py:90} INFO - Running: ['***', 'tasks', 'run', 'vietnamnet_crawler_24h', 'crawl_cong-nghe', 'scheduled__2025-05-18T16:00:00+00:00', '--job-id', '63', '--raw', '--subdir', 'DAGS_FOLDER/dags.py', '--cfg-path', '/tmp/tmpxs4v2eqd']
[2025-05-18T22:16:34.286+0000] {standard_task_runner.py:91} INFO - Job 63: Subtask crawl_cong-nghe
[2025-05-18T22:16:34.373+0000] {task_command.py:426} INFO - Running <TaskInstance: vietnamnet_crawler_24h.crawl_cong-nghe scheduled__2025-05-18T16:00:00+00:00 [running]> on host a383b65f89e1
[2025-05-18T22:16:34.533+0000] {taskinstance.py:2648} INFO - Exporting env vars: AIRFLOW_CTX_DAG_OWNER='***' AIRFLOW_CTX_DAG_ID='vietnamnet_crawler_24h' AIRFLOW_CTX_TASK_ID='crawl_cong-nghe' AIRFLOW_CTX_EXECUTION_DATE='2025-05-18T16:00:00+00:00' AIRFLOW_CTX_TRY_NUMBER='1' AIRFLOW_CTX_DAG_RUN_ID='scheduled__2025-05-18T16:00:00+00:00'
[2025-05-18T22:16:34.534+0000] {taskinstance.py:430} INFO - ::endgroup::
[2025-05-18T22:16:34.867+0000] {crawler.py:55} INFO - Đã kết nối thành công với MongoDB: News
[2025-05-18T22:16:35.871+0000] {logging_mixin.py:188} INFO - [INIT].... → Crawl4AI 0.6.3
[2025-05-18T22:16:39.424+0000] {logging_mixin.py:188} INFO - [FETCH]... ↓ https://vietnamnet.vn/tin-tuc-24h?bydaterang=&cate=00MK8V          
| ✓ | ⏱: 3.44s
[2025-05-18T22:16:39.684+0000] {logging_mixin.py:188} INFO - [SCRAPE].. ◆ https://vietnamnet.vn/tin-tuc-24h?bydaterang=&cate=00MK8V          
| ✓ | ⏱: 0.26s
[2025-05-18T22:16:39.687+0000] {logging_mixin.py:188} INFO - [COMPLETE] ● https://vietnamnet.vn/tin-tuc-24h?bydaterang=&cate=00MK8V          
| ✓ | ⏱: 3.71s
[2025-05-18T22:16:39.967+0000] {crawler.py:85} INFO - Tìm thấy 25 link bài viết cho danh mục cong-nghe
[2025-05-18T22:16:40.524+0000] {crawler.py:110} INFO - Đã lọc: 25 URLs ban đầu -> 0 URLs sau xử lý live
[2025-05-18T22:16:40.524+0000] {crawler.py:252} INFO - Không có bài viết mới nào trong danh mục cong-nghe cần crawl.
[2025-05-18T22:16:40.590+0000] {crawler.py:294} INFO - Không có bài viết để lưu vào collection 'cong-nghe'
[2025-05-18T22:16:40.658+0000] {python.py:237} INFO - Done. Returned value was: None
[2025-05-18T22:16:40.659+0000] {taskinstance.py:441} INFO - ::group::Post task execution logs
[2025-05-18T22:16:40.668+0000] {taskinstance.py:1206} INFO - Marking task as SUCCESS. dag_id=vietnamnet_crawler_24h, task_id=crawl_cong-nghe, run_id=scheduled__2025-05-18T16:00:00+00:00, execution_date=20250518T160000, start_date=20250518T221634, end_date=20250518T221640
[2025-05-18T22:16:40.725+0000] {local_task_job_runner.py:240} INFO - Task exited with return code 0
[2025-05-18T22:16:40.752+0000] {taskinstance.py:3503} INFO - 1 downstream tasks scheduled from follow-on schedule check
[2025-05-18T22:16:40.754+0000] {local_task_job_runner.py:222} INFO - ::endgroup::
