[2025-05-17T12:41:04.630+0000] {local_task_job_runner.py:120} INFO - ::group::Pre task execution logs
[2025-05-17T12:41:04.652+0000] {taskinstance.py:2076} INFO - Dependencies all met for dep_context=non-requeueable deps ti=<TaskInstance: vietnamnet_crawler_24h.clean_old_articles manual__2025-05-17T12:41:02.981896+00:00 [queued]>
[2025-05-17T12:41:04.670+0000] {taskinstance.py:2076} INFO - Dependencies all met for dep_context=requeueable deps ti=<TaskInstance: vietnamnet_crawler_24h.clean_old_articles manual__2025-05-17T12:41:02.981896+00:00 [queued]>
[2025-05-17T12:41:04.671+0000] {taskinstance.py:2306} INFO - Starting attempt 1 of 2
[2025-05-17T12:41:04.685+0000] {taskinstance.py:2330} INFO - Executing <Task(PythonOperator): clean_old_articles> on 2025-05-17 12:41:02.981896+00:00
[2025-05-17T12:41:04.691+0000] {warnings.py:112} WARNING - /home/***/.local/lib/python3.12/site-packages/***/task/task_runner/standard_task_runner.py:61: DeprecationWarning: This process (pid=10645) is multi-threaded, use of fork() may lead to deadlocks in the child.
  pid = os.fork()

[2025-05-17T12:41:04.692+0000] {standard_task_runner.py:63} INFO - Started process 10646 to run task
[2025-05-17T12:41:04.693+0000] {standard_task_runner.py:90} INFO - Running: ['***', 'tasks', 'run', 'vietnamnet_crawler_24h', 'clean_old_articles', 'manual__2025-05-17T12:41:02.981896+00:00', '--job-id', '160', '--raw', '--subdir', 'DAGS_FOLDER/dags.py', '--cfg-path', '/tmp/tmp6eqlwa5a']
[2025-05-17T12:41:04.695+0000] {standard_task_runner.py:91} INFO - Job 160: Subtask clean_old_articles
[2025-05-17T12:41:04.734+0000] {task_command.py:426} INFO - Running <TaskInstance: vietnamnet_crawler_24h.clean_old_articles manual__2025-05-17T12:41:02.981896+00:00 [running]> on host 60d771d880eb
[2025-05-17T12:41:04.822+0000] {taskinstance.py:2648} INFO - Exporting env vars: AIRFLOW_CTX_DAG_OWNER='***' AIRFLOW_CTX_DAG_ID='vietnamnet_crawler_24h' AIRFLOW_CTX_TASK_ID='clean_old_articles' AIRFLOW_CTX_EXECUTION_DATE='2025-05-17T12:41:02.981896+00:00' AIRFLOW_CTX_TRY_NUMBER='1' AIRFLOW_CTX_DAG_RUN_ID='manual__2025-05-17T12:41:02.981896+00:00'
[2025-05-17T12:41:04.824+0000] {taskinstance.py:430} INFO - ::endgroup::
[2025-05-17T12:41:05.028+0000] {database_cleaner.py:33} INFO - Đã kết nối MongoDB: News
[2025-05-17T12:41:05.029+0000] {database_cleaner.py:102} INFO - Xóa các bài viết trước: 2025-04-16T19:41:05.029262+07:00
[2025-05-17T12:41:05.811+0000] {database_cleaner.py:125} INFO - Collection 'cong-nghe': 0 bài bị xóa
[2025-05-17T12:41:06.334+0000] {database_cleaner.py:125} INFO - Collection 'the-gioi': 0 bài bị xóa
[2025-05-17T12:41:06.780+0000] {database_cleaner.py:125} INFO - Collection 'chinh-tri': 1 bài bị xóa
[2025-05-17T12:41:06.962+0000] {database_cleaner.py:125} INFO - Collection 'phap-luat': 0 bài bị xóa
[2025-05-17T12:41:07.200+0000] {database_cleaner.py:125} INFO - Collection 'doi-song': 0 bài bị xóa
[2025-05-17T12:41:07.440+0000] {database_cleaner.py:125} INFO - Collection 'giao-duc': 0 bài bị xóa
[2025-05-17T12:41:07.507+0000] {database_cleaner.py:42} INFO - Đã đóng kết nối MongoDB
[2025-05-17T12:41:07.508+0000] {database_cleaner.py:142} INFO - Đã xóa tổng cộng 1 bài, còn lại 1680
[2025-05-17T12:41:07.509+0000] {python.py:237} INFO - Done. Returned value was: {'cong-nghe': {'total': 0, 'deleted': 0, 'remaining': 0}, 'the-gioi': {'total': 393, 'deleted': 0, 'remaining': 393}, 'chinh-tri': {'total': 503, 'deleted': 1, 'remaining': 502}, 'phap-luat': {'total': 211, 'deleted': 0, 'remaining': 211}, 'doi-song': {'total': 282, 'deleted': 0, 'remaining': 282}, 'giao-duc': {'total': 292, 'deleted': 0, 'remaining': 292}}
[2025-05-17T12:41:07.509+0000] {taskinstance.py:441} INFO - ::group::Post task execution logs
[2025-05-17T12:41:07.527+0000] {taskinstance.py:1206} INFO - Marking task as SUCCESS. dag_id=vietnamnet_crawler_24h, task_id=clean_old_articles, run_id=manual__2025-05-17T12:41:02.981896+00:00, execution_date=20250517T124102, start_date=20250517T124104, end_date=20250517T124107
[2025-05-17T12:41:07.557+0000] {local_task_job_runner.py:240} INFO - Task exited with return code 0
[2025-05-17T12:41:07.582+0000] {taskinstance.py:3503} INFO - 1 downstream tasks scheduled from follow-on schedule check
[2025-05-17T12:41:07.584+0000] {local_task_job_runner.py:222} INFO - ::endgroup::
