[2025-05-16T11:31:06.493+0000] {local_task_job_runner.py:120} INFO - ::group::Pre task execution logs
[2025-05-16T11:31:06.523+0000] {taskinstance.py:2076} INFO - Dependencies all met for dep_context=non-requeueable deps ti=<TaskInstance: vietnamnet_crawler_24h.crawl_cong-nghe scheduled__2025-05-16T11:00:00+00:00 [queued]>
[2025-05-16T11:31:06.535+0000] {taskinstance.py:2076} INFO - Dependencies all met for dep_context=requeueable deps ti=<TaskInstance: vietnamnet_crawler_24h.crawl_cong-nghe scheduled__2025-05-16T11:00:00+00:00 [queued]>
[2025-05-16T11:31:06.536+0000] {taskinstance.py:2306} INFO - Starting attempt 1 of 2
[2025-05-16T11:31:06.557+0000] {taskinstance.py:2330} INFO - Executing <Task(PythonOperator): crawl_cong-nghe> on 2025-05-16 11:00:00+00:00
[2025-05-16T11:31:06.565+0000] {warnings.py:112} WARNING - /home/***/.local/lib/python3.12/site-packages/***/task/task_runner/standard_task_runner.py:61: DeprecationWarning: This process (pid=1269) is multi-threaded, use of fork() may lead to deadlocks in the child.
  pid = os.fork()

[2025-05-16T11:31:06.567+0000] {standard_task_runner.py:63} INFO - Started process 1270 to run task
[2025-05-16T11:31:06.568+0000] {standard_task_runner.py:90} INFO - Running: ['***', 'tasks', 'run', 'vietnamnet_crawler_24h', 'crawl_cong-nghe', 'scheduled__2025-05-16T11:00:00+00:00', '--job-id', '55', '--raw', '--subdir', 'DAGS_FOLDER/dags.py', '--cfg-path', '/tmp/tmpcgk3kh75']
[2025-05-16T11:31:06.572+0000] {standard_task_runner.py:91} INFO - Job 55: Subtask crawl_cong-nghe
[2025-05-16T11:31:06.640+0000] {task_command.py:426} INFO - Running <TaskInstance: vietnamnet_crawler_24h.crawl_cong-nghe scheduled__2025-05-16T11:00:00+00:00 [running]> on host 71b827885e5f
[2025-05-16T11:31:06.798+0000] {taskinstance.py:2648} INFO - Exporting env vars: AIRFLOW_CTX_DAG_OWNER='***' AIRFLOW_CTX_DAG_ID='vietnamnet_crawler_24h' AIRFLOW_CTX_TASK_ID='crawl_cong-nghe' AIRFLOW_CTX_EXECUTION_DATE='2025-05-16T11:00:00+00:00' AIRFLOW_CTX_TRY_NUMBER='1' AIRFLOW_CTX_DAG_RUN_ID='scheduled__2025-05-16T11:00:00+00:00'
[2025-05-16T11:31:06.801+0000] {taskinstance.py:430} INFO - ::endgroup::
[2025-05-16T11:31:07.163+0000] {crawler.py:54} INFO - Đã kết nối thành công với MongoDB: News
[2025-05-16T11:31:08.107+0000] {logging_mixin.py:188} INFO - [INIT].... → Crawl4AI 0.6.2
[2025-05-16T11:31:12.540+0000] {logging_mixin.py:188} INFO - [FETCH]... ↓ https://vietnamnet.vn/tin-tuc-24h?bydaterang=&cate=00MK8V                                            | 
[2025-05-16T11:31:12.542+0000] {logging_mixin.py:188} INFO - ✓
[2025-05-16T11:31:12.542+0000] {logging_mixin.py:188} INFO -  | ⏱: 4.38s
[2025-05-16T11:31:12.855+0000] {logging_mixin.py:188} INFO - [SCRAPE].. ◆ https://vietnamnet.vn/tin-tuc-24h?bydaterang=&cate=00MK8V                                            | 
[2025-05-16T11:31:12.856+0000] {logging_mixin.py:188} INFO - ✓
[2025-05-16T11:31:12.857+0000] {logging_mixin.py:188} INFO -  | ⏱: 0.31s
[2025-05-16T11:31:12.859+0000] {logging_mixin.py:188} INFO - [COMPLETE] ● https://vietnamnet.vn/tin-tuc-24h?bydaterang=&cate=00MK8V                                            | 
[2025-05-16T11:31:12.860+0000] {logging_mixin.py:188} INFO - ✓
[2025-05-16T11:31:12.861+0000] {logging_mixin.py:188} INFO -  | ⏱: 4.70s
[2025-05-16T11:31:13.323+0000] {crawler.py:84} INFO - Tìm thấy 25 link bài viết cho danh mục cong-nghe
[2025-05-16T11:31:14.065+0000] {crawler.py:108} INFO - Đã lọc: 25 URLs ban đầu -> 0 URLs mới
[2025-05-16T11:31:14.065+0000] {crawler.py:229} INFO - Không có bài viết mới nào trong danh mục cong-nghe cần crawl.
[2025-05-16T11:31:14.066+0000] {crawler.py:269} INFO - Không có bài viết để lưu vào collection 'cong-nghe'
[2025-05-16T11:31:14.135+0000] {python.py:237} INFO - Done. Returned value was: None
[2025-05-16T11:31:14.136+0000] {taskinstance.py:441} INFO - ::group::Post task execution logs
[2025-05-16T11:31:14.147+0000] {taskinstance.py:1206} INFO - Marking task as SUCCESS. dag_id=vietnamnet_crawler_24h, task_id=crawl_cong-nghe, run_id=scheduled__2025-05-16T11:00:00+00:00, execution_date=20250516T110000, start_date=20250516T113106, end_date=20250516T113114
[2025-05-16T11:31:14.211+0000] {local_task_job_runner.py:240} INFO - Task exited with return code 0
[2025-05-16T11:31:14.266+0000] {taskinstance.py:3503} INFO - 0 downstream tasks scheduled from follow-on schedule check
[2025-05-16T11:31:14.271+0000] {local_task_job_runner.py:222} INFO - ::endgroup::
