[2025-05-04T13:55:03.818+0000] {local_task_job_runner.py:120} INFO - ::group::Pre task execution logs
[2025-05-04T13:55:03.849+0000] {taskinstance.py:2076} INFO - Dependencies all met for dep_context=non-requeueable deps ti=<TaskInstance: vietnamnet_crawler_24h.crawl_cong-nghe scheduled__2025-05-04T13:00:00+00:00 [queued]>
[2025-05-04T13:55:03.860+0000] {taskinstance.py:2076} INFO - Dependencies all met for dep_context=requeueable deps ti=<TaskInstance: vietnamnet_crawler_24h.crawl_cong-nghe scheduled__2025-05-04T13:00:00+00:00 [queued]>
[2025-05-04T13:55:03.860+0000] {taskinstance.py:2306} INFO - Starting attempt 1 of 2
[2025-05-04T13:55:03.877+0000] {taskinstance.py:2330} INFO - Executing <Task(PythonOperator): crawl_cong-nghe> on 2025-05-04 13:00:00+00:00
[2025-05-04T13:55:03.885+0000] {warnings.py:112} WARNING - /home/***/.local/lib/python3.12/site-packages/***/task/task_runner/standard_task_runner.py:61: DeprecationWarning: This process (pid=1003) is multi-threaded, use of fork() may lead to deadlocks in the child.
  pid = os.fork()

[2025-05-04T13:55:03.888+0000] {standard_task_runner.py:63} INFO - Started process 1005 to run task
[2025-05-04T13:55:03.887+0000] {standard_task_runner.py:90} INFO - Running: ['***', 'tasks', 'run', 'vietnamnet_crawler_24h', 'crawl_cong-nghe', 'scheduled__2025-05-04T13:00:00+00:00', '--job-id', '11', '--raw', '--subdir', 'DAGS_FOLDER/dags.py', '--cfg-path', '/tmp/tmp91esbf3p']
[2025-05-04T13:55:03.890+0000] {standard_task_runner.py:91} INFO - Job 11: Subtask crawl_cong-nghe
[2025-05-04T13:55:03.949+0000] {task_command.py:426} INFO - Running <TaskInstance: vietnamnet_crawler_24h.crawl_cong-nghe scheduled__2025-05-04T13:00:00+00:00 [running]> on host 78b16fb5ec43
[2025-05-04T13:55:04.065+0000] {taskinstance.py:2648} INFO - Exporting env vars: AIRFLOW_CTX_DAG_OWNER='***' AIRFLOW_CTX_DAG_ID='vietnamnet_crawler_24h' AIRFLOW_CTX_TASK_ID='crawl_cong-nghe' AIRFLOW_CTX_EXECUTION_DATE='2025-05-04T13:00:00+00:00' AIRFLOW_CTX_TRY_NUMBER='1' AIRFLOW_CTX_DAG_RUN_ID='scheduled__2025-05-04T13:00:00+00:00'
[2025-05-04T13:55:04.067+0000] {taskinstance.py:430} INFO - ::endgroup::
[2025-05-04T13:55:04.275+0000] {crawler.py:54} INFO - Đã kết nối thành công với MongoDB: News
[2025-05-04T13:55:04.496+0000] {crawler.py:44} INFO - ArticleSummarizer đã được khởi tạo thành công
[2025-05-04T13:55:05.311+0000] {logging_mixin.py:188} INFO - [INIT].... → Crawl4AI 0.6.2
[2025-05-04T13:55:09.924+0000] {logging_mixin.py:188} INFO - [FETCH]... ↓ https://vietnamnet.vn/tin-tuc-24h?bydaterang=&cate=00MK8V                                            | 
[2025-05-04T13:55:09.926+0000] {logging_mixin.py:188} INFO - ✓
[2025-05-04T13:55:09.926+0000] {logging_mixin.py:188} INFO -  | ⏱: 4.50s
[2025-05-04T13:55:10.217+0000] {logging_mixin.py:188} INFO - [SCRAPE].. ◆ https://vietnamnet.vn/tin-tuc-24h?bydaterang=&cate=00MK8V                                            | 
[2025-05-04T13:55:10.218+0000] {logging_mixin.py:188} INFO - ✓
[2025-05-04T13:55:10.218+0000] {logging_mixin.py:188} INFO -  | ⏱: 0.29s
[2025-05-04T13:55:10.220+0000] {logging_mixin.py:188} INFO - [COMPLETE] ● https://vietnamnet.vn/tin-tuc-24h?bydaterang=&cate=00MK8V                                            | 
[2025-05-04T13:55:10.220+0000] {logging_mixin.py:188} INFO - ✓
[2025-05-04T13:55:10.221+0000] {logging_mixin.py:188} INFO -  | ⏱: 4.79s
[2025-05-04T13:55:10.534+0000] {crawler.py:86} INFO - Tìm thấy 0 link bài viết cho danh mục cong-nghe
[2025-05-04T13:55:10.717+0000] {crawler.py:105} INFO - Đã lọc: 0 URLs ban đầu -> 0 URLs mới
[2025-05-04T13:55:10.717+0000] {crawler.py:224} INFO - Không có bài viết mới nào trong danh mục cong-nghe cần crawl.
[2025-05-04T13:55:10.718+0000] {crawler.py:259} INFO - Không có bài viết để lưu vào collection 'cong-nghe'
[2025-05-04T13:55:10.719+0000] {python.py:237} INFO - Done. Returned value was: None
[2025-05-04T13:55:10.719+0000] {taskinstance.py:441} INFO - ::group::Post task execution logs
[2025-05-04T13:55:10.729+0000] {taskinstance.py:1206} INFO - Marking task as SUCCESS. dag_id=vietnamnet_crawler_24h, task_id=crawl_cong-nghe, run_id=scheduled__2025-05-04T13:00:00+00:00, execution_date=20250504T130000, start_date=20250504T135503, end_date=20250504T135510
[2025-05-04T13:55:10.758+0000] {local_task_job_runner.py:240} INFO - Task exited with return code 0
[2025-05-04T13:55:10.786+0000] {taskinstance.py:3503} INFO - 1 downstream tasks scheduled from follow-on schedule check
[2025-05-04T13:55:10.789+0000] {local_task_job_runner.py:222} INFO - ::endgroup::
