[2025-05-15T10:30:31.124+0000] {local_task_job_runner.py:120} INFO - ::group::Pre task execution logs
[2025-05-15T10:30:31.150+0000] {taskinstance.py:2076} INFO - Dependencies all met for dep_context=non-requeueable deps ti=<TaskInstance: vietnamnet_crawler_24h.crawl_phap-luat manual__2025-05-15T10:27:15.440506+00:00 [queued]>
[2025-05-15T10:30:31.159+0000] {taskinstance.py:2076} INFO - Dependencies all met for dep_context=requeueable deps ti=<TaskInstance: vietnamnet_crawler_24h.crawl_phap-luat manual__2025-05-15T10:27:15.440506+00:00 [queued]>
[2025-05-15T10:30:31.160+0000] {taskinstance.py:2306} INFO - Starting attempt 1 of 2
[2025-05-15T10:30:31.175+0000] {taskinstance.py:2330} INFO - Executing <Task(PythonOperator): crawl_phap-luat> on 2025-05-15 10:27:15.440506+00:00
[2025-05-15T10:30:31.183+0000] {warnings.py:112} WARNING - /home/***/.local/lib/python3.12/site-packages/***/task/task_runner/standard_task_runner.py:61: DeprecationWarning: This process (pid=11169) is multi-threaded, use of fork() may lead to deadlocks in the child.
  pid = os.fork()

[2025-05-15T10:30:31.184+0000] {standard_task_runner.py:63} INFO - Started process 11199 to run task
[2025-05-15T10:30:31.185+0000] {standard_task_runner.py:90} INFO - Running: ['***', 'tasks', 'run', 'vietnamnet_crawler_24h', 'crawl_phap-luat', 'manual__2025-05-15T10:27:15.440506+00:00', '--job-id', '38', '--raw', '--subdir', 'DAGS_FOLDER/dags.py', '--cfg-path', '/tmp/tmpvpxwx_wr']
[2025-05-15T10:30:31.187+0000] {standard_task_runner.py:91} INFO - Job 38: Subtask crawl_phap-luat
[2025-05-15T10:30:31.235+0000] {task_command.py:426} INFO - Running <TaskInstance: vietnamnet_crawler_24h.crawl_phap-luat manual__2025-05-15T10:27:15.440506+00:00 [running]> on host 45f6bdc6b965
[2025-05-15T10:30:31.330+0000] {taskinstance.py:2648} INFO - Exporting env vars: AIRFLOW_CTX_DAG_OWNER='***' AIRFLOW_CTX_DAG_ID='vietnamnet_crawler_24h' AIRFLOW_CTX_TASK_ID='crawl_phap-luat' AIRFLOW_CTX_EXECUTION_DATE='2025-05-15T10:27:15.440506+00:00' AIRFLOW_CTX_TRY_NUMBER='1' AIRFLOW_CTX_DAG_RUN_ID='manual__2025-05-15T10:27:15.440506+00:00'
[2025-05-15T10:30:31.332+0000] {taskinstance.py:430} INFO - ::endgroup::
[2025-05-15T10:30:31.503+0000] {crawler.py:54} INFO - Đã kết nối thành công với MongoDB: News
[2025-05-15T10:30:31.631+0000] {crawler.py:44} INFO - ArticleSummarizer đã được khởi tạo thành công
[2025-05-15T10:30:32.332+0000] {logging_mixin.py:188} INFO - [INIT].... → Crawl4AI 0.6.2
[2025-05-15T10:30:36.425+0000] {logging_mixin.py:188} INFO - [FETCH]... ↓ https://vietnamnet.vn/tin-tuc-24h?bydaterang=&cate=000008                                            | 
[2025-05-15T10:30:36.426+0000] {logging_mixin.py:188} INFO - ✓
[2025-05-15T10:30:36.427+0000] {logging_mixin.py:188} INFO -  | ⏱: 4.01s
[2025-05-15T10:30:36.997+0000] {logging_mixin.py:188} INFO - [SCRAPE].. ◆ https://vietnamnet.vn/tin-tuc-24h?bydaterang=&cate=000008                                            | 
[2025-05-15T10:30:36.999+0000] {logging_mixin.py:188} INFO - ✓
[2025-05-15T10:30:37.001+0000] {logging_mixin.py:188} INFO -  | ⏱: 0.57s
[2025-05-15T10:30:37.003+0000] {logging_mixin.py:188} INFO - [COMPLETE] ● https://vietnamnet.vn/tin-tuc-24h?bydaterang=&cate=000008                                            | 
[2025-05-15T10:30:37.004+0000] {logging_mixin.py:188} INFO - ✓
[2025-05-15T10:30:37.005+0000] {logging_mixin.py:188} INFO -  | ⏱: 4.58s
[2025-05-15T10:30:37.150+0000] {crawler.py:84} INFO - Tìm thấy 25 link bài viết cho danh mục phap-luat
[2025-05-15T10:30:39.374+0000] {crawler.py:103} INFO - Đã lọc: 25 URLs ban đầu -> 0 URLs mới
[2025-05-15T10:30:39.375+0000] {crawler.py:222} INFO - Không có bài viết mới nào trong danh mục phap-luat cần crawl.
[2025-05-15T10:30:39.375+0000] {crawler.py:257} INFO - Không có bài viết để lưu vào collection 'phap-luat'
[2025-05-15T10:30:39.443+0000] {python.py:237} INFO - Done. Returned value was: None
[2025-05-15T10:30:39.443+0000] {taskinstance.py:441} INFO - ::group::Post task execution logs
[2025-05-15T10:30:39.452+0000] {taskinstance.py:1206} INFO - Marking task as SUCCESS. dag_id=vietnamnet_crawler_24h, task_id=crawl_phap-luat, run_id=manual__2025-05-15T10:27:15.440506+00:00, execution_date=20250515T102715, start_date=20250515T103031, end_date=20250515T103039
[2025-05-15T10:30:39.482+0000] {local_task_job_runner.py:240} INFO - Task exited with return code 0
[2025-05-15T10:30:39.501+0000] {taskinstance.py:3503} INFO - 1 downstream tasks scheduled from follow-on schedule check
[2025-05-15T10:30:39.504+0000] {local_task_job_runner.py:222} INFO - ::endgroup::
