[2025-05-16T12:54:03.367+0000] {local_task_job_runner.py:120} INFO - ::group::Pre task execution logs
[2025-05-16T12:54:03.387+0000] {taskinstance.py:2076} INFO - Dependencies all met for dep_context=non-requeueable deps ti=<TaskInstance: vietnamnet_crawler_24h.clean_old_articles manual__2025-05-16T12:54:01.730358+00:00 [queued]>
[2025-05-16T12:54:03.395+0000] {taskinstance.py:2076} INFO - Dependencies all met for dep_context=requeueable deps ti=<TaskInstance: vietnamnet_crawler_24h.clean_old_articles manual__2025-05-16T12:54:01.730358+00:00 [queued]>
[2025-05-16T12:54:03.396+0000] {taskinstance.py:2306} INFO - Starting attempt 1 of 2
[2025-05-16T12:54:03.409+0000] {taskinstance.py:2330} INFO - Executing <Task(PythonOperator): clean_old_articles> on 2025-05-16 12:54:01.730358+00:00
[2025-05-16T12:54:03.414+0000] {warnings.py:112} WARNING - /home/***/.local/lib/python3.12/site-packages/***/task/task_runner/standard_task_runner.py:61: DeprecationWarning: This process (pid=2317) is multi-threaded, use of fork() may lead to deadlocks in the child.
  pid = os.fork()

[2025-05-16T12:54:03.416+0000] {standard_task_runner.py:63} INFO - Started process 2325 to run task
[2025-05-16T12:54:03.417+0000] {standard_task_runner.py:90} INFO - Running: ['***', 'tasks', 'run', 'vietnamnet_crawler_24h', 'clean_old_articles', 'manual__2025-05-16T12:54:01.730358+00:00', '--job-id', '17', '--raw', '--subdir', 'DAGS_FOLDER/dags.py', '--cfg-path', '/tmp/tmp7fl7m57d']
[2025-05-16T12:54:03.420+0000] {standard_task_runner.py:91} INFO - Job 17: Subtask clean_old_articles
[2025-05-16T12:54:03.460+0000] {task_command.py:426} INFO - Running <TaskInstance: vietnamnet_crawler_24h.clean_old_articles manual__2025-05-16T12:54:01.730358+00:00 [running]> on host 60d771d880eb
[2025-05-16T12:54:03.538+0000] {taskinstance.py:2648} INFO - Exporting env vars: AIRFLOW_CTX_DAG_OWNER='***' AIRFLOW_CTX_DAG_ID='vietnamnet_crawler_24h' AIRFLOW_CTX_TASK_ID='clean_old_articles' AIRFLOW_CTX_EXECUTION_DATE='2025-05-16T12:54:01.730358+00:00' AIRFLOW_CTX_TRY_NUMBER='1' AIRFLOW_CTX_DAG_RUN_ID='manual__2025-05-16T12:54:01.730358+00:00'
[2025-05-16T12:54:03.539+0000] {taskinstance.py:430} INFO - ::endgroup::
[2025-05-16T12:54:03.869+0000] {database_cleaner.py:33} INFO - Đã kết nối MongoDB: News
[2025-05-16T12:54:03.870+0000] {database_cleaner.py:102} INFO - Xóa các bài viết trước: 2025-04-15T19:54:03.870335+07:00
[2025-05-16T12:54:05.356+0000] {database_cleaner.py:125} INFO - Collection 'the-gioi': 1 bài bị xóa
[2025-05-16T12:54:05.781+0000] {database_cleaner.py:125} INFO - Collection 'chinh-tri': 0 bài bị xóa
[2025-05-16T12:54:05.985+0000] {database_cleaner.py:125} INFO - Collection 'phap-luat': 0 bài bị xóa
[2025-05-16T12:54:06.205+0000] {database_cleaner.py:125} INFO - Collection 'doi-song': 0 bài bị xóa
[2025-05-16T12:54:06.443+0000] {database_cleaner.py:125} INFO - Collection 'giao-duc': 0 bài bị xóa
[2025-05-16T12:54:06.509+0000] {database_cleaner.py:42} INFO - Đã đóng kết nối MongoDB
[2025-05-16T12:54:06.510+0000] {database_cleaner.py:142} INFO - Đã xóa tổng cộng 1 bài, còn lại 1753
[2025-05-16T12:54:06.510+0000] {python.py:237} INFO - Done. Returned value was: {'the-gioi': {'total': 412, 'deleted': 1, 'remaining': 411}, 'chinh-tri': {'total': 520, 'deleted': 0, 'remaining': 520}, 'phap-luat': {'total': 222, 'deleted': 0, 'remaining': 222}, 'doi-song': {'total': 291, 'deleted': 0, 'remaining': 291}, 'giao-duc': {'total': 309, 'deleted': 0, 'remaining': 309}}
[2025-05-16T12:54:06.511+0000] {taskinstance.py:441} INFO - ::group::Post task execution logs
[2025-05-16T12:54:06.534+0000] {taskinstance.py:1206} INFO - Marking task as SUCCESS. dag_id=vietnamnet_crawler_24h, task_id=clean_old_articles, run_id=manual__2025-05-16T12:54:01.730358+00:00, execution_date=20250516T125401, start_date=20250516T125403, end_date=20250516T125406
[2025-05-16T12:54:06.584+0000] {local_task_job_runner.py:240} INFO - Task exited with return code 0
[2025-05-16T12:54:06.605+0000] {taskinstance.py:3503} INFO - 1 downstream tasks scheduled from follow-on schedule check
[2025-05-16T12:54:06.609+0000] {local_task_job_runner.py:222} INFO - ::endgroup::
