[2025-05-18T01:18:18.864+0000] {local_task_job_runner.py:120} INFO - ::group::Pre task execution logs
[2025-05-18T01:18:18.908+0000] {taskinstance.py:2076} INFO - Dependencies all met for dep_context=non-requeueable deps ti=<TaskInstance: vietnamnet_crawler_24h.crawl_cong-nghe scheduled__2025-05-18T00:30:00+00:00 [queued]>
[2025-05-18T01:18:18.925+0000] {taskinstance.py:2076} INFO - Dependencies all met for dep_context=requeueable deps ti=<TaskInstance: vietnamnet_crawler_24h.crawl_cong-nghe scheduled__2025-05-18T00:30:00+00:00 [queued]>
[2025-05-18T01:18:18.926+0000] {taskinstance.py:2306} INFO - Starting attempt 1 of 2
[2025-05-18T01:18:18.958+0000] {taskinstance.py:2330} INFO - Executing <Task(PythonOperator): crawl_cong-nghe> on 2025-05-18 00:30:00+00:00
[2025-05-18T01:18:18.970+0000] {warnings.py:112} WARNING - /home/***/.local/lib/python3.12/site-packages/***/task/task_runner/standard_task_runner.py:61: DeprecationWarning: This process (pid=1393) is multi-threaded, use of fork() may lead to deadlocks in the child.
  pid = os.fork()

[2025-05-18T01:18:18.972+0000] {standard_task_runner.py:63} INFO - Started process 1396 to run task
[2025-05-18T01:18:18.973+0000] {standard_task_runner.py:90} INFO - Running: ['***', 'tasks', 'run', 'vietnamnet_crawler_24h', 'crawl_cong-nghe', 'scheduled__2025-05-18T00:30:00+00:00', '--job-id', '14', '--raw', '--subdir', 'DAGS_FOLDER/dags.py', '--cfg-path', '/tmp/tmpwp04eq1q']
[2025-05-18T01:18:18.978+0000] {standard_task_runner.py:91} INFO - Job 14: Subtask crawl_cong-nghe
[2025-05-18T01:18:19.056+0000] {task_command.py:426} INFO - Running <TaskInstance: vietnamnet_crawler_24h.crawl_cong-nghe scheduled__2025-05-18T00:30:00+00:00 [running]> on host fa0f5fb7e7ff
[2025-05-18T01:18:19.195+0000] {taskinstance.py:2648} INFO - Exporting env vars: AIRFLOW_CTX_DAG_OWNER='***' AIRFLOW_CTX_DAG_ID='vietnamnet_crawler_24h' AIRFLOW_CTX_TASK_ID='crawl_cong-nghe' AIRFLOW_CTX_EXECUTION_DATE='2025-05-18T00:30:00+00:00' AIRFLOW_CTX_TRY_NUMBER='1' AIRFLOW_CTX_DAG_RUN_ID='scheduled__2025-05-18T00:30:00+00:00'
[2025-05-18T01:18:19.198+0000] {taskinstance.py:430} INFO - ::endgroup::
[2025-05-18T01:18:19.674+0000] {crawler.py:55} INFO - Đã kết nối thành công với MongoDB: News
[2025-05-18T01:18:22.402+0000] {logging_mixin.py:188} INFO - [INIT].... → Crawl4AI 0.6.3
[2025-05-18T01:18:30.989+0000] {logging_mixin.py:188} INFO - [FETCH]... ↓ https://vietnamnet.vn/tin-tuc-24h?bydaterang=&cate=00MK8V          
| ✓ | ⏱: 8.99s
[2025-05-18T01:18:31.306+0000] {logging_mixin.py:188} INFO - [SCRAPE].. ◆ https://vietnamnet.vn/tin-tuc-24h?bydaterang=&cate=00MK8V          
| ✓ | ⏱: 0.31s
[2025-05-18T01:18:31.310+0000] {logging_mixin.py:188} INFO - [COMPLETE] ● https://vietnamnet.vn/tin-tuc-24h?bydaterang=&cate=00MK8V          
| ✓ | ⏱: 9.31s
[2025-05-18T01:18:31.756+0000] {crawler.py:85} INFO - Tìm thấy 25 link bài viết cho danh mục cong-nghe
[2025-05-18T01:18:32.400+0000] {crawler.py:110} INFO - Đã lọc: 25 URLs ban đầu -> 0 URLs sau xử lý live
[2025-05-18T01:18:32.401+0000] {crawler.py:252} INFO - Không có bài viết mới nào trong danh mục cong-nghe cần crawl.
[2025-05-18T01:18:32.478+0000] {crawler.py:294} INFO - Không có bài viết để lưu vào collection 'cong-nghe'
[2025-05-18T01:18:32.539+0000] {python.py:237} INFO - Done. Returned value was: None
[2025-05-18T01:18:32.540+0000] {taskinstance.py:441} INFO - ::group::Post task execution logs
[2025-05-18T01:18:32.548+0000] {taskinstance.py:1206} INFO - Marking task as SUCCESS. dag_id=vietnamnet_crawler_24h, task_id=crawl_cong-nghe, run_id=scheduled__2025-05-18T00:30:00+00:00, execution_date=20250518T003000, start_date=20250518T011818, end_date=20250518T011832
[2025-05-18T01:18:32.575+0000] {local_task_job_runner.py:240} INFO - Task exited with return code 0
[2025-05-18T01:18:32.598+0000] {taskinstance.py:3503} INFO - 1 downstream tasks scheduled from follow-on schedule check
[2025-05-18T01:18:32.601+0000] {local_task_job_runner.py:222} INFO - ::endgroup::
