[2025-05-16T12:47:47.787+0000] {local_task_job_runner.py:120} INFO - ::group::Pre task execution logs
[2025-05-16T12:47:47.808+0000] {taskinstance.py:2076} INFO - Dependencies all met for dep_context=non-requeueable deps ti=<TaskInstance: vietnamnet_crawler_24h.clean_old_articles manual__2025-05-16T12:47:46.341223+00:00 [queued]>
[2025-05-16T12:47:47.816+0000] {taskinstance.py:2076} INFO - Dependencies all met for dep_context=requeueable deps ti=<TaskInstance: vietnamnet_crawler_24h.clean_old_articles manual__2025-05-16T12:47:46.341223+00:00 [queued]>
[2025-05-16T12:47:47.817+0000] {taskinstance.py:2306} INFO - Starting attempt 1 of 2
[2025-05-16T12:47:47.831+0000] {taskinstance.py:2330} INFO - Executing <Task(PythonOperator): clean_old_articles> on 2025-05-16 12:47:46.341223+00:00
[2025-05-16T12:47:47.837+0000] {warnings.py:112} WARNING - /home/***/.local/lib/python3.12/site-packages/***/task/task_runner/standard_task_runner.py:61: DeprecationWarning: This process (pid=236) is multi-threaded, use of fork() may lead to deadlocks in the child.
  pid = os.fork()

[2025-05-16T12:47:47.839+0000] {standard_task_runner.py:63} INFO - Started process 238 to run task
[2025-05-16T12:47:47.840+0000] {standard_task_runner.py:90} INFO - Running: ['***', 'tasks', 'run', 'vietnamnet_crawler_24h', 'clean_old_articles', 'manual__2025-05-16T12:47:46.341223+00:00', '--job-id', '3', '--raw', '--subdir', 'DAGS_FOLDER/dags.py', '--cfg-path', '/tmp/tmp44i5xrhy']
[2025-05-16T12:47:47.843+0000] {standard_task_runner.py:91} INFO - Job 3: Subtask clean_old_articles
[2025-05-16T12:47:47.889+0000] {task_command.py:426} INFO - Running <TaskInstance: vietnamnet_crawler_24h.clean_old_articles manual__2025-05-16T12:47:46.341223+00:00 [running]> on host 60d771d880eb
[2025-05-16T12:47:47.966+0000] {taskinstance.py:2648} INFO - Exporting env vars: AIRFLOW_CTX_DAG_OWNER='***' AIRFLOW_CTX_DAG_ID='vietnamnet_crawler_24h' AIRFLOW_CTX_TASK_ID='clean_old_articles' AIRFLOW_CTX_EXECUTION_DATE='2025-05-16T12:47:46.341223+00:00' AIRFLOW_CTX_TRY_NUMBER='1' AIRFLOW_CTX_DAG_RUN_ID='manual__2025-05-16T12:47:46.341223+00:00'
[2025-05-16T12:47:47.967+0000] {taskinstance.py:430} INFO - ::endgroup::
[2025-05-16T12:47:48.340+0000] {database_cleaner.py:33} INFO - Đã kết nối MongoDB: News
[2025-05-16T12:47:48.341+0000] {database_cleaner.py:102} INFO - Xóa các bài viết trước: 2025-04-15T19:47:48.340941+07:00
[2025-05-16T12:47:49.767+0000] {database_cleaner.py:125} INFO - Collection 'cong-nghe': 0 bài bị xóa
[2025-05-16T12:47:50.094+0000] {database_cleaner.py:125} INFO - Collection 'the-gioi': 0 bài bị xóa
[2025-05-16T12:47:50.692+0000] {database_cleaner.py:125} INFO - Collection 'chinh-tri': 0 bài bị xóa
[2025-05-16T12:47:50.985+0000] {database_cleaner.py:125} INFO - Collection 'phap-luat': 1 bài bị xóa
[2025-05-16T12:47:51.217+0000] {database_cleaner.py:125} INFO - Collection 'doi-song': 0 bài bị xóa
[2025-05-16T12:47:51.514+0000] {database_cleaner.py:125} INFO - Collection 'giao-duc': 0 bài bị xóa
[2025-05-16T12:47:51.583+0000] {database_cleaner.py:42} INFO - Đã đóng kết nối MongoDB
[2025-05-16T12:47:51.585+0000] {database_cleaner.py:142} INFO - Đã xóa tổng cộng 1 bài, còn lại 1937
[2025-05-16T12:47:51.585+0000] {python.py:237} INFO - Done. Returned value was: {'cong-nghe': {'total': 184, 'deleted': 0, 'remaining': 184}, 'the-gioi': {'total': 412, 'deleted': 0, 'remaining': 412}, 'chinh-tri': {'total': 519, 'deleted': 0, 'remaining': 519}, 'phap-luat': {'total': 223, 'deleted': 1, 'remaining': 222}, 'doi-song': {'total': 291, 'deleted': 0, 'remaining': 291}, 'giao-duc': {'total': 309, 'deleted': 0, 'remaining': 309}}
[2025-05-16T12:47:51.586+0000] {taskinstance.py:441} INFO - ::group::Post task execution logs
[2025-05-16T12:47:51.609+0000] {taskinstance.py:1206} INFO - Marking task as SUCCESS. dag_id=vietnamnet_crawler_24h, task_id=clean_old_articles, run_id=manual__2025-05-16T12:47:46.341223+00:00, execution_date=20250516T124746, start_date=20250516T124747, end_date=20250516T124751
[2025-05-16T12:47:51.645+0000] {local_task_job_runner.py:240} INFO - Task exited with return code 0
[2025-05-16T12:47:51.675+0000] {taskinstance.py:3503} INFO - 1 downstream tasks scheduled from follow-on schedule check
[2025-05-16T12:47:51.678+0000] {local_task_job_runner.py:222} INFO - ::endgroup::
