[2025-05-18T09:24:36.700+0000] {local_task_job_runner.py:120} INFO - ::group::Pre task execution logs
[2025-05-18T09:24:36.726+0000] {taskinstance.py:2076} INFO - Dependencies all met for dep_context=non-requeueable deps ti=<TaskInstance: vietnamnet_crawler_24h.crawl_giao-duc manual__2025-05-18T09:24:11.833555+00:00 [queued]>
[2025-05-18T09:24:36.739+0000] {taskinstance.py:2076} INFO - Dependencies all met for dep_context=requeueable deps ti=<TaskInstance: vietnamnet_crawler_24h.crawl_giao-duc manual__2025-05-18T09:24:11.833555+00:00 [queued]>
[2025-05-18T09:24:36.739+0000] {taskinstance.py:2306} INFO - Starting attempt 1 of 2
[2025-05-18T09:24:36.765+0000] {taskinstance.py:2330} INFO - Executing <Task(PythonOperator): crawl_giao-duc> on 2025-05-18 09:24:11.833555+00:00
[2025-05-18T09:24:36.775+0000] {warnings.py:112} WARNING - /home/***/.local/lib/python3.12/site-packages/***/task/task_runner/standard_task_runner.py:61: DeprecationWarning: This process (pid=1837) is multi-threaded, use of fork() may lead to deadlocks in the child.
  pid = os.fork()

[2025-05-18T09:24:36.778+0000] {standard_task_runner.py:63} INFO - Started process 1838 to run task
[2025-05-18T09:24:36.779+0000] {standard_task_runner.py:90} INFO - Running: ['***', 'tasks', 'run', 'vietnamnet_crawler_24h', 'crawl_giao-duc', 'manual__2025-05-18T09:24:11.833555+00:00', '--job-id', '11', '--raw', '--subdir', 'DAGS_FOLDER/dags.py', '--cfg-path', '/tmp/tmpnntpdel0']
[2025-05-18T09:24:36.789+0000] {standard_task_runner.py:91} INFO - Job 11: Subtask crawl_giao-duc
[2025-05-18T09:24:36.868+0000] {task_command.py:426} INFO - Running <TaskInstance: vietnamnet_crawler_24h.crawl_giao-duc manual__2025-05-18T09:24:11.833555+00:00 [running]> on host 4a3ee431a987
[2025-05-18T09:24:37.010+0000] {taskinstance.py:2648} INFO - Exporting env vars: AIRFLOW_CTX_DAG_OWNER='***' AIRFLOW_CTX_DAG_ID='vietnamnet_crawler_24h' AIRFLOW_CTX_TASK_ID='crawl_giao-duc' AIRFLOW_CTX_EXECUTION_DATE='2025-05-18T09:24:11.833555+00:00' AIRFLOW_CTX_TRY_NUMBER='1' AIRFLOW_CTX_DAG_RUN_ID='manual__2025-05-18T09:24:11.833555+00:00'
[2025-05-18T09:24:37.013+0000] {taskinstance.py:430} INFO - ::endgroup::
[2025-05-18T09:24:37.402+0000] {crawler.py:55} INFO - Đã kết nối thành công với MongoDB: News
[2025-05-18T09:24:38.388+0000] {logging_mixin.py:188} INFO - [INIT].... → Crawl4AI 0.6.3
[2025-05-18T09:24:44.829+0000] {logging_mixin.py:188} INFO - [FETCH]... ↓ https://vietnamnet.vn/tin-tuc-24h?bydaterang=&cate=000006          
| ✓ | ⏱: 6.31s
[2025-05-18T09:24:45.153+0000] {logging_mixin.py:188} INFO - [SCRAPE].. ◆ https://vietnamnet.vn/tin-tuc-24h?bydaterang=&cate=000006          
| ✓ | ⏱: 0.32s
[2025-05-18T09:24:45.157+0000] {logging_mixin.py:188} INFO - [COMPLETE] ● https://vietnamnet.vn/tin-tuc-24h?bydaterang=&cate=000006          
| ✓ | ⏱: 6.64s
[2025-05-18T09:24:45.682+0000] {crawler.py:85} INFO - Tìm thấy 25 link bài viết cho danh mục giao-duc
[2025-05-18T09:24:46.338+0000] {crawler.py:110} INFO - Đã lọc: 25 URLs ban đầu -> 0 URLs sau xử lý live
[2025-05-18T09:24:46.339+0000] {crawler.py:252} INFO - Không có bài viết mới nào trong danh mục giao-duc cần crawl.
[2025-05-18T09:24:46.405+0000] {crawler.py:294} INFO - Không có bài viết để lưu vào collection 'giao-duc'
[2025-05-18T09:24:46.465+0000] {python.py:237} INFO - Done. Returned value was: None
[2025-05-18T09:24:46.466+0000] {taskinstance.py:441} INFO - ::group::Post task execution logs
[2025-05-18T09:24:46.477+0000] {taskinstance.py:1206} INFO - Marking task as SUCCESS. dag_id=vietnamnet_crawler_24h, task_id=crawl_giao-duc, run_id=manual__2025-05-18T09:24:11.833555+00:00, execution_date=20250518T092411, start_date=20250518T092436, end_date=20250518T092446
[2025-05-18T09:24:46.545+0000] {local_task_job_runner.py:240} INFO - Task exited with return code 0
[2025-05-18T09:24:46.617+0000] {taskinstance.py:3503} INFO - 1 downstream tasks scheduled from follow-on schedule check
[2025-05-18T09:24:46.623+0000] {local_task_job_runner.py:222} INFO - ::endgroup::
