[2025-05-17T20:45:07.853+0000] {local_task_job_runner.py:120} INFO - ::group::Pre task execution logs
[2025-05-17T20:45:07.886+0000] {taskinstance.py:2076} INFO - Dependencies all met for dep_context=non-requeueable deps ti=<TaskInstance: vietnamnet_crawler_24h.crawl_doi-song manual__2025-05-17T20:42:12.457142+00:00 [queued]>
[2025-05-17T20:45:07.901+0000] {taskinstance.py:2076} INFO - Dependencies all met for dep_context=requeueable deps ti=<TaskInstance: vietnamnet_crawler_24h.crawl_doi-song manual__2025-05-17T20:42:12.457142+00:00 [queued]>
[2025-05-17T20:45:07.902+0000] {taskinstance.py:2306} INFO - Starting attempt 1 of 2
[2025-05-17T20:45:07.926+0000] {taskinstance.py:2330} INFO - Executing <Task(PythonOperator): crawl_doi-song> on 2025-05-17 20:42:12.457142+00:00
[2025-05-17T20:45:07.936+0000] {warnings.py:112} WARNING - /home/***/.local/lib/python3.12/site-packages/***/task/task_runner/standard_task_runner.py:61: DeprecationWarning: This process (pid=11246) is multi-threaded, use of fork() may lead to deadlocks in the child.
  pid = os.fork()

[2025-05-17T20:45:07.938+0000] {standard_task_runner.py:63} INFO - Started process 11247 to run task
[2025-05-17T20:45:07.939+0000] {standard_task_runner.py:90} INFO - Running: ['***', 'tasks', 'run', 'vietnamnet_crawler_24h', 'crawl_doi-song', 'manual__2025-05-17T20:42:12.457142+00:00', '--job-id', '210', '--raw', '--subdir', 'DAGS_FOLDER/dags.py', '--cfg-path', '/tmp/tmpoldkav17']
[2025-05-17T20:45:07.943+0000] {standard_task_runner.py:91} INFO - Job 210: Subtask crawl_doi-song
[2025-05-17T20:45:08.008+0000] {task_command.py:426} INFO - Running <TaskInstance: vietnamnet_crawler_24h.crawl_doi-song manual__2025-05-17T20:42:12.457142+00:00 [running]> on host 60d771d880eb
[2025-05-17T20:45:08.169+0000] {taskinstance.py:2648} INFO - Exporting env vars: AIRFLOW_CTX_DAG_OWNER='***' AIRFLOW_CTX_DAG_ID='vietnamnet_crawler_24h' AIRFLOW_CTX_TASK_ID='crawl_doi-song' AIRFLOW_CTX_EXECUTION_DATE='2025-05-17T20:42:12.457142+00:00' AIRFLOW_CTX_TRY_NUMBER='1' AIRFLOW_CTX_DAG_RUN_ID='manual__2025-05-17T20:42:12.457142+00:00'
[2025-05-17T20:45:08.171+0000] {taskinstance.py:430} INFO - ::endgroup::
[2025-05-17T20:45:08.463+0000] {crawler.py:55} INFO - Đã kết nối thành công với MongoDB: News
[2025-05-17T20:45:09.333+0000] {logging_mixin.py:188} INFO - [INIT].... → Crawl4AI 0.6.2
[2025-05-17T20:45:12.196+0000] {logging_mixin.py:188} INFO - [FETCH]... ↓ https://vietnamnet.vn/tin-tuc-24h?bydaterang=&cate=000007                                            | 
[2025-05-17T20:45:12.197+0000] {logging_mixin.py:188} INFO - ✓
[2025-05-17T20:45:12.197+0000] {logging_mixin.py:188} INFO -  | ⏱: 2.77s
[2025-05-17T20:45:12.495+0000] {logging_mixin.py:188} INFO - [SCRAPE].. ◆ https://vietnamnet.vn/tin-tuc-24h?bydaterang=&cate=000007                                            | 
[2025-05-17T20:45:12.496+0000] {logging_mixin.py:188} INFO - ✓
[2025-05-17T20:45:12.496+0000] {logging_mixin.py:188} INFO -  | ⏱: 0.30s
[2025-05-17T20:45:12.498+0000] {logging_mixin.py:188} INFO - [COMPLETE] ● https://vietnamnet.vn/tin-tuc-24h?bydaterang=&cate=000007                                            | 
[2025-05-17T20:45:12.499+0000] {logging_mixin.py:188} INFO - ✓
[2025-05-17T20:45:12.500+0000] {logging_mixin.py:188} INFO -  | ⏱: 3.08s
[2025-05-17T20:45:13.130+0000] {crawler.py:85} INFO - Tìm thấy 25 link bài viết cho danh mục doi-song
[2025-05-17T20:45:13.870+0000] {crawler.py:110} INFO - Đã lọc: 25 URLs ban đầu -> 0 URLs sau xử lý live
[2025-05-17T20:45:13.871+0000] {crawler.py:252} INFO - Không có bài viết mới nào trong danh mục doi-song cần crawl.
[2025-05-17T20:45:13.937+0000] {crawler.py:294} INFO - Không có bài viết để lưu vào collection 'doi-song'
[2025-05-17T20:45:14.000+0000] {python.py:237} INFO - Done. Returned value was: None
[2025-05-17T20:45:14.001+0000] {taskinstance.py:441} INFO - ::group::Post task execution logs
[2025-05-17T20:45:14.020+0000] {taskinstance.py:1206} INFO - Marking task as SUCCESS. dag_id=vietnamnet_crawler_24h, task_id=crawl_doi-song, run_id=manual__2025-05-17T20:42:12.457142+00:00, execution_date=20250517T204212, start_date=20250517T204507, end_date=20250517T204514
[2025-05-17T20:45:14.101+0000] {local_task_job_runner.py:240} INFO - Task exited with return code 0
[2025-05-17T20:45:14.163+0000] {taskinstance.py:3503} INFO - 0 downstream tasks scheduled from follow-on schedule check
[2025-05-17T20:45:14.176+0000] {local_task_job_runner.py:222} INFO - ::endgroup::
