[2025-05-18T11:00:08.273+0000] {local_task_job_runner.py:120} INFO - ::group::Pre task execution logs
[2025-05-18T11:00:08.291+0000] {taskinstance.py:2076} INFO - Dependencies all met for dep_context=non-requeueable deps ti=<TaskInstance: vietnamnet_crawler_24h.crawl_chinh-tri scheduled__2025-05-18T10:30:00+00:00 [queued]>
[2025-05-18T11:00:08.298+0000] {taskinstance.py:2076} INFO - Dependencies all met for dep_context=requeueable deps ti=<TaskInstance: vietnamnet_crawler_24h.crawl_chinh-tri scheduled__2025-05-18T10:30:00+00:00 [queued]>
[2025-05-18T11:00:08.299+0000] {taskinstance.py:2306} INFO - Starting attempt 1 of 2
[2025-05-18T11:00:08.312+0000] {taskinstance.py:2330} INFO - Executing <Task(PythonOperator): crawl_chinh-tri> on 2025-05-18 10:30:00+00:00
[2025-05-18T11:00:08.318+0000] {warnings.py:112} WARNING - /home/***/.local/lib/python3.12/site-packages/***/task/task_runner/standard_task_runner.py:61: DeprecationWarning: This process (pid=31219) is multi-threaded, use of fork() may lead to deadlocks in the child.
  pid = os.fork()

[2025-05-18T11:00:08.320+0000] {standard_task_runner.py:63} INFO - Started process 31220 to run task
[2025-05-18T11:00:08.319+0000] {standard_task_runner.py:90} INFO - Running: ['***', 'tasks', 'run', 'vietnamnet_crawler_24h', 'crawl_chinh-tri', 'scheduled__2025-05-18T10:30:00+00:00', '--job-id', '16', '--raw', '--subdir', 'DAGS_FOLDER/dags.py', '--cfg-path', '/tmp/tmps5jr5q51']
[2025-05-18T11:00:08.321+0000] {standard_task_runner.py:91} INFO - Job 16: Subtask crawl_chinh-tri
[2025-05-18T11:00:08.359+0000] {task_command.py:426} INFO - Running <TaskInstance: vietnamnet_crawler_24h.crawl_chinh-tri scheduled__2025-05-18T10:30:00+00:00 [running]> on host cc92a118fd3e
[2025-05-18T11:00:08.434+0000] {taskinstance.py:2648} INFO - Exporting env vars: AIRFLOW_CTX_DAG_OWNER='***' AIRFLOW_CTX_DAG_ID='vietnamnet_crawler_24h' AIRFLOW_CTX_TASK_ID='crawl_chinh-tri' AIRFLOW_CTX_EXECUTION_DATE='2025-05-18T10:30:00+00:00' AIRFLOW_CTX_TRY_NUMBER='1' AIRFLOW_CTX_DAG_RUN_ID='scheduled__2025-05-18T10:30:00+00:00'
[2025-05-18T11:00:08.436+0000] {taskinstance.py:430} INFO - ::endgroup::
[2025-05-18T11:00:08.586+0000] {crawler.py:55} INFO - Đã kết nối thành công với MongoDB: News
[2025-05-18T11:00:09.142+0000] {logging_mixin.py:188} INFO - [INIT].... → Crawl4AI 0.6.3
[2025-05-18T11:00:11.328+0000] {logging_mixin.py:188} INFO - [FETCH]... ↓ https://vietnamnet.vn/tin-tuc-24h?bydaterang=&cate=000001          
| ✓ | ⏱: 2.14s
[2025-05-18T11:00:11.504+0000] {logging_mixin.py:188} INFO - [SCRAPE].. ◆ https://vietnamnet.vn/tin-tuc-24h?bydaterang=&cate=000001          
| ✓ | ⏱: 0.17s
[2025-05-18T11:00:11.506+0000] {logging_mixin.py:188} INFO - [COMPLETE] ● https://vietnamnet.vn/tin-tuc-24h?bydaterang=&cate=000001          
| ✓ | ⏱: 2.31s
[2025-05-18T11:00:11.730+0000] {crawler.py:85} INFO - Tìm thấy 25 link bài viết cho danh mục chinh-tri
[2025-05-18T11:00:12.285+0000] {crawler.py:110} INFO - Đã lọc: 25 URLs ban đầu -> 1 URLs sau xử lý live
[2025-05-18T11:00:12.286+0000] {crawler.py:255} INFO - Đang crawl 1 bài viết mới từ danh mục chinh-tri...
[2025-05-18T11:00:12.286+0000] {crawler.py:258} INFO - --> Crawl: https://vietnamnet.vn/bo-truong-tai-chinh-dau-thau-nhung-du-an-van-cham-tien-do-van-sai-pham-2402184.html
[2025-05-18T11:00:12.860+0000] {logging_mixin.py:188} INFO - [INIT].... → Crawl4AI 0.6.3
[2025-05-18T11:00:15.334+0000] {logging_mixin.py:188} INFO - [FETCH]... ↓ 
https://vietnamnet.vn/bo-truong-tai-chinh-dau-th...du-an-van-cham-tien-do-van-sa
i-pham-2402184.html  | ✓ | ⏱: 2.42s
[2025-05-18T11:00:15.532+0000] {logging_mixin.py:188} INFO - [SCRAPE].. ◆ 
https://vietnamnet.vn/bo-truong-tai-chinh-dau-th...du-an-van-cham-tien-do-van-sa
i-pham-2402184.html  | ✓ | ⏱: 0.20s
[2025-05-18T11:00:15.534+0000] {logging_mixin.py:188} INFO - [COMPLETE] ● 
https://vietnamnet.vn/bo-truong-tai-chinh-dau-th...du-an-van-cham-tien-do-van-sa
i-pham-2402184.html  | ✓ | ⏱: 2.62s
[2025-05-18T11:00:15.923+0000] {crawler.py:262} INFO -     ✓ Bộ trưởng Tài chính: Đấu thầu nhưng dự án vẫn chậm tiến độ, ...

[2025-05-18T11:00:15.924+0000] {crawler.py:265} INFO - ⏱️  Tổng thời gian crawl: 7.34 giây
[2025-05-18T11:00:16.061+0000] {crawler.py:292} INFO - Đã lưu 1 bài viết vào collection 'chinh-tri'
[2025-05-18T11:00:16.124+0000] {python.py:237} INFO - Done. Returned value was: None
[2025-05-18T11:00:16.125+0000] {taskinstance.py:441} INFO - ::group::Post task execution logs
[2025-05-18T11:00:16.133+0000] {taskinstance.py:1206} INFO - Marking task as SUCCESS. dag_id=vietnamnet_crawler_24h, task_id=crawl_chinh-tri, run_id=scheduled__2025-05-18T10:30:00+00:00, execution_date=20250518T103000, start_date=20250518T110008, end_date=20250518T110016
[2025-05-18T11:00:16.158+0000] {local_task_job_runner.py:240} INFO - Task exited with return code 0
[2025-05-18T11:00:16.179+0000] {taskinstance.py:3503} INFO - 1 downstream tasks scheduled from follow-on schedule check
[2025-05-18T11:00:16.182+0000] {local_task_job_runner.py:222} INFO - ::endgroup::
