[2025-05-17T20:36:50.707+0000] {local_task_job_runner.py:120} INFO - ::group::Pre task execution logs
[2025-05-17T20:36:50.727+0000] {taskinstance.py:2076} INFO - Dependencies all met for dep_context=non-requeueable deps ti=<TaskInstance: vietnamnet_crawler_24h.crawl_chinh-tri manual__2025-05-17T20:36:43.323469+00:00 [queued]>
[2025-05-17T20:36:50.735+0000] {taskinstance.py:2076} INFO - Dependencies all met for dep_context=requeueable deps ti=<TaskInstance: vietnamnet_crawler_24h.crawl_chinh-tri manual__2025-05-17T20:36:43.323469+00:00 [queued]>
[2025-05-17T20:36:50.735+0000] {taskinstance.py:2306} INFO - Starting attempt 1 of 2
[2025-05-17T20:36:50.748+0000] {taskinstance.py:2330} INFO - Executing <Task(PythonOperator): crawl_chinh-tri> on 2025-05-17 20:36:43.323469+00:00
[2025-05-17T20:36:50.754+0000] {warnings.py:112} WARNING - /home/***/.local/lib/python3.12/site-packages/***/task/task_runner/standard_task_runner.py:61: DeprecationWarning: This process (pid=2699) is multi-threaded, use of fork() may lead to deadlocks in the child.
  pid = os.fork()

[2025-05-17T20:36:50.755+0000] {standard_task_runner.py:63} INFO - Started process 2700 to run task
[2025-05-17T20:36:50.755+0000] {standard_task_runner.py:90} INFO - Running: ['***', 'tasks', 'run', 'vietnamnet_crawler_24h', 'crawl_chinh-tri', 'manual__2025-05-17T20:36:43.323469+00:00', '--job-id', '198', '--raw', '--subdir', 'DAGS_FOLDER/dags.py', '--cfg-path', '/tmp/tmplctc9o4y']
[2025-05-17T20:36:50.757+0000] {standard_task_runner.py:91} INFO - Job 198: Subtask crawl_chinh-tri
[2025-05-17T20:36:50.796+0000] {task_command.py:426} INFO - Running <TaskInstance: vietnamnet_crawler_24h.crawl_chinh-tri manual__2025-05-17T20:36:43.323469+00:00 [running]> on host 60d771d880eb
[2025-05-17T20:36:50.875+0000] {taskinstance.py:2648} INFO - Exporting env vars: AIRFLOW_CTX_DAG_OWNER='***' AIRFLOW_CTX_DAG_ID='vietnamnet_crawler_24h' AIRFLOW_CTX_TASK_ID='crawl_chinh-tri' AIRFLOW_CTX_EXECUTION_DATE='2025-05-17T20:36:43.323469+00:00' AIRFLOW_CTX_TRY_NUMBER='1' AIRFLOW_CTX_DAG_RUN_ID='manual__2025-05-17T20:36:43.323469+00:00'
[2025-05-17T20:36:50.876+0000] {taskinstance.py:430} INFO - ::endgroup::
[2025-05-17T20:36:51.036+0000] {crawler.py:55} INFO - Đã kết nối thành công với MongoDB: News
[2025-05-17T20:36:51.676+0000] {logging_mixin.py:188} INFO - [INIT].... → Crawl4AI 0.6.2
[2025-05-17T20:36:54.167+0000] {logging_mixin.py:188} INFO - [FETCH]... ↓ https://vietnamnet.vn/tin-tuc-24h?bydaterang=&cate=000001                                            | 
[2025-05-17T20:36:54.168+0000] {logging_mixin.py:188} INFO - ✓
[2025-05-17T20:36:54.168+0000] {logging_mixin.py:188} INFO -  | ⏱: 2.43s
[2025-05-17T20:36:54.337+0000] {logging_mixin.py:188} INFO - [SCRAPE].. ◆ https://vietnamnet.vn/tin-tuc-24h?bydaterang=&cate=000001                                            | 
[2025-05-17T20:36:54.338+0000] {logging_mixin.py:188} INFO - ✓
[2025-05-17T20:36:54.338+0000] {logging_mixin.py:188} INFO -  | ⏱: 0.17s
[2025-05-17T20:36:54.339+0000] {logging_mixin.py:188} INFO - [COMPLETE] ● https://vietnamnet.vn/tin-tuc-24h?bydaterang=&cate=000001                                            | 
[2025-05-17T20:36:54.340+0000] {logging_mixin.py:188} INFO - ✓
[2025-05-17T20:36:54.340+0000] {logging_mixin.py:188} INFO -  | ⏱: 2.61s
[2025-05-17T20:36:54.612+0000] {crawler.py:85} INFO - Tìm thấy 25 link bài viết cho danh mục chinh-tri
[2025-05-17T20:36:55.173+0000] {crawler.py:110} INFO - Đã lọc: 25 URLs ban đầu -> 0 URLs sau xử lý live
[2025-05-17T20:36:55.174+0000] {crawler.py:252} INFO - Không có bài viết mới nào trong danh mục chinh-tri cần crawl.
[2025-05-17T20:36:55.242+0000] {crawler.py:294} INFO - Không có bài viết để lưu vào collection 'chinh-tri'
[2025-05-17T20:36:55.305+0000] {python.py:237} INFO - Done. Returned value was: None
[2025-05-17T20:36:55.306+0000] {taskinstance.py:441} INFO - ::group::Post task execution logs
[2025-05-17T20:36:55.313+0000] {taskinstance.py:1206} INFO - Marking task as SUCCESS. dag_id=vietnamnet_crawler_24h, task_id=crawl_chinh-tri, run_id=manual__2025-05-17T20:36:43.323469+00:00, execution_date=20250517T203643, start_date=20250517T203650, end_date=20250517T203655
[2025-05-17T20:36:55.354+0000] {local_task_job_runner.py:240} INFO - Task exited with return code 0
[2025-05-17T20:36:55.377+0000] {taskinstance.py:3503} INFO - 1 downstream tasks scheduled from follow-on schedule check
[2025-05-17T20:36:55.380+0000] {local_task_job_runner.py:222} INFO - ::endgroup::
