[2025-05-03T22:00:38.459+0000] {local_task_job_runner.py:120} INFO - ::group::Pre task execution logs
[2025-05-03T22:00:38.481+0000] {taskinstance.py:2076} INFO - Dependencies all met for dep_context=non-requeueable deps ti=<TaskInstance: vietnamnet_crawler_with_summary.crawl_doi-song scheduled__2025-05-03T21:30:00+00:00 [queued]>
[2025-05-03T22:00:38.488+0000] {taskinstance.py:2076} INFO - Dependencies all met for dep_context=requeueable deps ti=<TaskInstance: vietnamnet_crawler_with_summary.crawl_doi-song scheduled__2025-05-03T21:30:00+00:00 [queued]>
[2025-05-03T22:00:38.490+0000] {taskinstance.py:2306} INFO - Starting attempt 1 of 2
[2025-05-03T22:00:38.503+0000] {taskinstance.py:2330} INFO - Executing <Task(PythonOperator): crawl_doi-song> on 2025-05-03 21:30:00+00:00
[2025-05-03T22:00:38.509+0000] {warnings.py:112} WARNING - /home/***/.local/lib/python3.12/site-packages/***/task/task_runner/standard_task_runner.py:61: DeprecationWarning: This process (pid=49048) is multi-threaded, use of fork() may lead to deadlocks in the child.
  pid = os.fork()

[2025-05-03T22:00:38.511+0000] {standard_task_runner.py:63} INFO - Started process 49049 to run task
[2025-05-03T22:00:38.512+0000] {standard_task_runner.py:90} INFO - Running: ['***', 'tasks', 'run', 'vietnamnet_crawler_with_summary', 'crawl_doi-song', 'scheduled__2025-05-03T21:30:00+00:00', '--job-id', '32', '--raw', '--subdir', 'DAGS_FOLDER/dags.py', '--cfg-path', '/tmp/tmpds3if5c8']
[2025-05-03T22:00:38.514+0000] {standard_task_runner.py:91} INFO - Job 32: Subtask crawl_doi-song
[2025-05-03T22:00:38.563+0000] {task_command.py:426} INFO - Running <TaskInstance: vietnamnet_crawler_with_summary.crawl_doi-song scheduled__2025-05-03T21:30:00+00:00 [running]> on host 61b2c69a7af3
[2025-05-03T22:00:38.636+0000] {taskinstance.py:2648} INFO - Exporting env vars: AIRFLOW_CTX_DAG_OWNER='***' AIRFLOW_CTX_DAG_ID='vietnamnet_crawler_with_summary' AIRFLOW_CTX_TASK_ID='crawl_doi-song' AIRFLOW_CTX_EXECUTION_DATE='2025-05-03T21:30:00+00:00' AIRFLOW_CTX_TRY_NUMBER='1' AIRFLOW_CTX_DAG_RUN_ID='scheduled__2025-05-03T21:30:00+00:00'
[2025-05-03T22:00:38.637+0000] {taskinstance.py:430} INFO - ::endgroup::
[2025-05-03T22:00:38.776+0000] {crawler.py:61} INFO - Đã kết nối thành công với MongoDB: News
[2025-05-03T22:00:38.890+0000] {crawler.py:44} INFO - ArticleSummarizer đã được khởi tạo thành công
[2025-05-03T22:00:39.358+0000] {logging_mixin.py:188} INFO - [INIT].... → Crawl4AI 0.6.2
[2025-05-03T22:00:41.444+0000] {logging_mixin.py:188} INFO - [FETCH]... ↓ https://vietnamnet.vn/doi-song                                                                       | 
[2025-05-03T22:00:41.444+0000] {logging_mixin.py:188} INFO - ✓
[2025-05-03T22:00:41.445+0000] {logging_mixin.py:188} INFO -  | ⏱: 2.04s
[2025-05-03T22:00:41.747+0000] {logging_mixin.py:188} INFO - [SCRAPE].. ◆ https://vietnamnet.vn/doi-song                                                                       | 
[2025-05-03T22:00:41.748+0000] {logging_mixin.py:188} INFO - ✓
[2025-05-03T22:00:41.749+0000] {logging_mixin.py:188} INFO -  | ⏱: 0.33s
[2025-05-03T22:00:41.750+0000] {logging_mixin.py:188} INFO - [COMPLETE] ● https://vietnamnet.vn/doi-song                                                                       | 
[2025-05-03T22:00:41.750+0000] {logging_mixin.py:188} INFO - ✓
[2025-05-03T22:00:41.751+0000] {logging_mixin.py:188} INFO -  | ⏱: 2.37s
[2025-05-03T22:00:41.841+0000] {crawler.py:87} INFO - Tìm thấy 63 link bài viết
[2025-05-03T22:00:46.284+0000] {crawler.py:106} INFO - Đã lọc: 63 URLs ban đầu -> 0 URLs mới
[2025-05-03T22:00:46.285+0000] {crawler.py:225} INFO - Không có bài viết mới nào trong danh mục doi-song cần crawl.
[2025-05-03T22:00:46.286+0000] {crawler.py:260} INFO - Không có bài viết để lưu vào collection 'doi-song'
[2025-05-03T22:00:46.349+0000] {python.py:237} INFO - Done. Returned value was: None
[2025-05-03T22:00:46.350+0000] {taskinstance.py:441} INFO - ::group::Post task execution logs
[2025-05-03T22:00:46.362+0000] {taskinstance.py:1206} INFO - Marking task as SUCCESS. dag_id=vietnamnet_crawler_with_summary, task_id=crawl_doi-song, run_id=scheduled__2025-05-03T21:30:00+00:00, execution_date=20250503T213000, start_date=20250503T220038, end_date=20250503T220046
[2025-05-03T22:00:46.397+0000] {local_task_job_runner.py:240} INFO - Task exited with return code 0
[2025-05-03T22:00:46.413+0000] {taskinstance.py:3503} INFO - 0 downstream tasks scheduled from follow-on schedule check
[2025-05-03T22:00:46.416+0000] {local_task_job_runner.py:222} INFO - ::endgroup::
