[2025-05-18T07:54:47.185+0000] {local_task_job_runner.py:120} INFO - ::group::Pre task execution logs
[2025-05-18T07:54:47.231+0000] {taskinstance.py:2076} INFO - Dependencies all met for dep_context=non-requeueable deps ti=<TaskInstance: vietnamnet_crawler_24h.crawl_the-gioi manual__2025-05-18T07:45:32.745061+00:00 [queued]>
[2025-05-18T07:54:47.244+0000] {taskinstance.py:2076} INFO - Dependencies all met for dep_context=requeueable deps ti=<TaskInstance: vietnamnet_crawler_24h.crawl_the-gioi manual__2025-05-18T07:45:32.745061+00:00 [queued]>
[2025-05-18T07:54:47.245+0000] {taskinstance.py:2306} INFO - Starting attempt 1 of 2
[2025-05-18T07:54:47.263+0000] {taskinstance.py:2330} INFO - Executing <Task(PythonOperator): crawl_the-gioi> on 2025-05-18 07:45:32.745061+00:00
[2025-05-18T07:54:47.270+0000] {warnings.py:112} WARNING - /home/***/.local/lib/python3.12/site-packages/***/task/task_runner/standard_task_runner.py:61: DeprecationWarning: This process (pid=16218) is multi-threaded, use of fork() may lead to deadlocks in the child.
  pid = os.fork()

[2025-05-18T07:54:47.272+0000] {standard_task_runner.py:63} INFO - Started process 16248 to run task
[2025-05-18T07:54:47.273+0000] {standard_task_runner.py:90} INFO - Running: ['***', 'tasks', 'run', 'vietnamnet_crawler_24h', 'crawl_the-gioi', 'manual__2025-05-18T07:45:32.745061+00:00', '--job-id', '11', '--raw', '--subdir', 'DAGS_FOLDER/dags.py', '--cfg-path', '/tmp/tmpapmjmkha']
[2025-05-18T07:54:47.276+0000] {standard_task_runner.py:91} INFO - Job 11: Subtask crawl_the-gioi
[2025-05-18T07:54:47.336+0000] {task_command.py:426} INFO - Running <TaskInstance: vietnamnet_crawler_24h.crawl_the-gioi manual__2025-05-18T07:45:32.745061+00:00 [running]> on host 396ee2b23973
[2025-05-18T07:54:47.457+0000] {taskinstance.py:2648} INFO - Exporting env vars: AIRFLOW_CTX_DAG_OWNER='***' AIRFLOW_CTX_DAG_ID='vietnamnet_crawler_24h' AIRFLOW_CTX_TASK_ID='crawl_the-gioi' AIRFLOW_CTX_EXECUTION_DATE='2025-05-18T07:45:32.745061+00:00' AIRFLOW_CTX_TRY_NUMBER='1' AIRFLOW_CTX_DAG_RUN_ID='manual__2025-05-18T07:45:32.745061+00:00'
[2025-05-18T07:54:47.459+0000] {taskinstance.py:430} INFO - ::endgroup::
[2025-05-18T07:54:47.758+0000] {crawler.py:55} INFO - Đã kết nối thành công với MongoDB: News
[2025-05-18T07:54:48.549+0000] {logging_mixin.py:188} INFO - [INIT].... → Crawl4AI 0.6.3
[2025-05-18T07:54:52.719+0000] {logging_mixin.py:188} INFO - [FETCH]... ↓ https://vietnamnet.vn/tin-tuc-24h?bydaterang=&cate=000005          
| ✓ | ⏱: 4.09s
[2025-05-18T07:54:53.053+0000] {logging_mixin.py:188} INFO - [SCRAPE].. ◆ https://vietnamnet.vn/tin-tuc-24h?bydaterang=&cate=000005          
| ✓ | ⏱: 0.33s
[2025-05-18T07:54:53.057+0000] {logging_mixin.py:188} INFO - [COMPLETE] ● https://vietnamnet.vn/tin-tuc-24h?bydaterang=&cate=000005          
| ✓ | ⏱: 4.43s
[2025-05-18T07:54:53.177+0000] {crawler.py:85} INFO - Tìm thấy 25 link bài viết cho danh mục the-gioi
[2025-05-18T07:54:53.834+0000] {crawler.py:110} INFO - Đã lọc: 25 URLs ban đầu -> 25 URLs sau xử lý live
[2025-05-18T07:54:53.835+0000] {crawler.py:255} INFO - Đang crawl 25 bài viết mới từ danh mục the-gioi...
[2025-05-18T07:54:53.836+0000] {crawler.py:258} INFO - --> Crawl: https://vietnamnet.vn/ukraine-cho-doi-cuoc-gap-giua-tong-thong-putin-va-tong-thong-zelensky-2401994.html
[2025-05-18T07:54:55.657+0000] {logging_mixin.py:188} INFO - [INIT].... → Crawl4AI 0.6.3
[2025-05-18T07:55:01.132+0000] {logging_mixin.py:188} INFO - [FETCH]... ↓ 
https://vietnamnet.vn/ukraine-cho-doi-cuoc-gap-g...-thong-putin-va-tong-thong-ze
lensky-2401994.html  | ✓ | ⏱: 5.24s
[2025-05-18T07:55:01.612+0000] {logging_mixin.py:188} INFO - [SCRAPE].. ◆ 
https://vietnamnet.vn/ukraine-cho-doi-cuoc-gap-g...-thong-putin-va-tong-thong-ze
lensky-2401994.html  | ✓ | ⏱: 0.48s
[2025-05-18T07:55:01.616+0000] {logging_mixin.py:188} INFO - [COMPLETE] ● 
https://vietnamnet.vn/ukraine-cho-doi-cuoc-gap-g...-thong-putin-va-tong-thong-ze
lensky-2401994.html  | ✓ | ⏱: 5.72s
[2025-05-18T07:55:02.360+0000] {crawler.py:262} INFO -     ✓ Ukraine chờ đợi cuộc gặp giữa Tổng thống Putin và Tổng thống...

[2025-05-18T07:55:02.361+0000] {crawler.py:258} INFO - --> Crawl: https://vietnamnet.vn/cai-tien-moi-cua-ukraine-khien-uav-gia-tang-muc-do-nguy-hiem-voi-quan-doi-nga-2401292.html
[2025-05-18T07:55:03.514+0000] {logging_mixin.py:188} INFO - [INIT].... → Crawl4AI 0.6.3
[2025-05-18T07:55:11.703+0000] {logging_mixin.py:188} INFO - [FETCH]... ↓ 
https://vietnamnet.vn/cai-tien-moi-cua-ukraine-k...g-muc-do-nguy-hiem-voi-quan-d
oi-nga-2401292.html  | ✓ | ⏱: 8.05s
[2025-05-18T07:55:12.418+0000] {logging_mixin.py:188} INFO - [SCRAPE].. ◆ 
https://vietnamnet.vn/cai-tien-moi-cua-ukraine-k...g-muc-do-nguy-hiem-voi-quan-d
oi-nga-2401292.html  | ✓ | ⏱: 0.71s
[2025-05-18T07:55:12.422+0000] {logging_mixin.py:188} INFO - [COMPLETE] ● 
https://vietnamnet.vn/cai-tien-moi-cua-ukraine-k...g-muc-do-nguy-hiem-voi-quan-d
oi-nga-2401292.html  | ✓ | ⏱: 8.77s
[2025-05-18T07:55:13.305+0000] {crawler.py:262} INFO -     ✓ Cải tiến mới của Ukraine khiến UAV gia tăng mức độ nguy hiểm...

[2025-05-18T07:55:13.306+0000] {crawler.py:258} INFO - --> Crawl: https://vietnamnet.vn/tong-thong-my-trump-noi-san-sang-toi-trung-quoc-gap-ong-tap-can-binh-2402211.html
[2025-05-18T07:55:14.670+0000] {logging_mixin.py:188} INFO - [INIT].... → Crawl4AI 0.6.3
[2025-05-18T07:55:19.490+0000] {logging_mixin.py:188} INFO - [FETCH]... ↓ 
https://vietnamnet.vn/tong-thong-my-trump-noi-sa...toi-trung-quoc-gap-ong-tap-ca
n-binh-2402211.html  | ✓ | ⏱: 4.63s
[2025-05-18T07:55:19.856+0000] {logging_mixin.py:188} INFO - [SCRAPE].. ◆ 
https://vietnamnet.vn/tong-thong-my-trump-noi-sa...toi-trung-quoc-gap-ong-tap-ca
n-binh-2402211.html  | ✓ | ⏱: 0.36s
[2025-05-18T07:55:19.859+0000] {logging_mixin.py:188} INFO - [COMPLETE] ● 
https://vietnamnet.vn/tong-thong-my-trump-noi-sa...toi-trung-quoc-gap-ong-tap-ca
n-binh-2402211.html  | ✓ | ⏱: 5.00s
[2025-05-18T07:55:20.388+0000] {crawler.py:262} INFO -     ✓ Tổng thống Mỹ Trump nói sẵn sàng tới Trung Quốc gặp ông Tập ...

[2025-05-18T07:55:20.389+0000] {crawler.py:258} INFO - --> Crawl: https://vietnamnet.vn/dam-phan-nga-ukraine-ket-thuc-ma-khong-dat-duoc-tien-trien-2401907.html
[2025-05-18T07:55:21.209+0000] {logging_mixin.py:188} INFO - [INIT].... → Crawl4AI 0.6.3
[2025-05-18T07:55:26.478+0000] {logging_mixin.py:188} INFO - [FETCH]... ↓ 
https://vietnamnet.vn/dam-phan-nga-ukraine-ket-thuc-ma-khong-dat-duoc-tien-trien
-2401907.html        | ✓ | ⏱: 5.17s
[2025-05-18T07:55:26.917+0000] {logging_mixin.py:188} INFO - [SCRAPE].. ◆ 
https://vietnamnet.vn/dam-phan-nga-ukraine-ket-thuc-ma-khong-dat-duoc-tien-trien
-2401907.html        | ✓ | ⏱: 0.43s
[2025-05-18T07:55:26.920+0000] {logging_mixin.py:188} INFO - [COMPLETE] ● 
https://vietnamnet.vn/dam-phan-nga-ukraine-ket-thuc-ma-khong-dat-duoc-tien-trien
-2401907.html        | ✓ | ⏱: 5.61s
[2025-05-18T07:55:27.860+0000] {crawler.py:262} INFO -     ✓ Đàm phán Nga - Ukraine kết thúc mà không đạt được tiến triển...

[2025-05-18T07:55:27.861+0000] {crawler.py:258} INFO - --> Crawl: https://vietnamnet.vn/quan-doi-duc-doi-mat-voi-muc-tieu-phi-thuc-te-tu-nato-2402312.html
[2025-05-18T07:55:29.416+0000] {logging_mixin.py:188} INFO - [INIT].... → Crawl4AI 0.6.3
[2025-05-18T07:55:36.988+0000] {logging_mixin.py:188} INFO - [FETCH]... ↓ 
https://vietnamnet.vn/quan-doi-duc-doi-mat-voi-muc-tieu-phi-thuc-te-tu-nato-2402
312.html             | ✓ | ⏱: 7.38s
[2025-05-18T07:55:37.265+0000] {logging_mixin.py:188} INFO - [SCRAPE].. ◆ 
https://vietnamnet.vn/quan-doi-duc-doi-mat-voi-muc-tieu-phi-thuc-te-tu-nato-2402
312.html             | ✓ | ⏱: 0.27s
[2025-05-18T07:55:37.267+0000] {logging_mixin.py:188} INFO - [COMPLETE] ● 
https://vietnamnet.vn/quan-doi-duc-doi-mat-voi-muc-tieu-phi-thuc-te-tu-nato-2402
312.html             | ✓ | ⏱: 7.66s
[2025-05-18T07:55:37.776+0000] {crawler.py:262} INFO -     ✓ Quân đội Đức đối mặt với mục tiêu ‘phi thực tế’ từ NATO...

[2025-05-18T07:55:37.777+0000] {crawler.py:258} INFO - --> Crawl: https://vietnamnet.vn/hang-tram-nghin-nguoi-du-le-nham-chuc-cua-giao-hoang-leo-xiv-2402282.html
[2025-05-18T07:55:38.659+0000] {logging_mixin.py:188} INFO - [INIT].... → Crawl4AI 0.6.3
[2025-05-18T07:55:44.413+0000] {logging_mixin.py:188} INFO - [FETCH]... ↓ 
https://vietnamnet.vn/hang-tram-nghin-nguoi-du-le-nham-chuc-cua-giao-hoang-leo-x
iv-2402282.html      | ✓ | ⏱: 5.63s
[2025-05-18T07:55:44.895+0000] {logging_mixin.py:188} INFO - [SCRAPE].. ◆ 
https://vietnamnet.vn/hang-tram-nghin-nguoi-du-le-nham-chuc-cua-giao-hoang-leo-x
iv-2402282.html      | ✓ | ⏱: 0.48s
[2025-05-18T07:55:44.898+0000] {logging_mixin.py:188} INFO - [COMPLETE] ● 
https://vietnamnet.vn/hang-tram-nghin-nguoi-du-le-nham-chuc-cua-giao-hoang-leo-x
iv-2402282.html      | ✓ | ⏱: 6.11s
[2025-05-18T07:55:46.080+0000] {crawler.py:262} INFO -     ✓ Hàng trăm nghìn người dự lễ nhậm chức của tân Giáo hoàng Leo...

[2025-05-18T07:55:46.081+0000] {crawler.py:258} INFO - --> Crawl: https://vietnamnet.vn/ong-trump-cong-bo-thoi-gian-dien-dam-voi-tong-thong-putin-2402249.html
[2025-05-18T07:55:47.453+0000] {logging_mixin.py:188} INFO - [INIT].... → Crawl4AI 0.6.3
[2025-05-18T07:55:54.938+0000] {logging_mixin.py:188} INFO - [FETCH]... ↓ 
https://vietnamnet.vn/ong-trump-cong-bo-thoi-gian-dien-dam-voi-tong-thong-putin-
2402249.html         | ✓ | ⏱: 7.28s
[2025-05-18T07:55:55.597+0000] {logging_mixin.py:188} INFO - [SCRAPE].. ◆ 
https://vietnamnet.vn/ong-trump-cong-bo-thoi-gian-dien-dam-voi-tong-thong-putin-
2402249.html         | ✓ | ⏱: 0.65s
[2025-05-18T07:55:55.600+0000] {logging_mixin.py:188} INFO - [COMPLETE] ● 
https://vietnamnet.vn/ong-trump-cong-bo-thoi-gian-dien-dam-voi-tong-thong-putin-
2402249.html         | ✓ | ⏱: 7.95s
[2025-05-18T07:55:56.228+0000] {crawler.py:262} INFO -     ✓ Ông Trump công bố thời gian điện đàm với Tổng thống Putin, l...

[2025-05-18T07:55:56.229+0000] {crawler.py:258} INFO - --> Crawl: https://vietnamnet.vn/canh-hang-chuc-loc-xoay-can-quet-khap-nuoc-my-gan-30-nguoi-thiet-mang-2402339.html
[2025-05-18T07:55:57.015+0000] {logging_mixin.py:188} INFO - [INIT].... → Crawl4AI 0.6.3
[2025-05-18T07:56:02.846+0000] {logging_mixin.py:188} INFO - [FETCH]... ↓ 
https://vietnamnet.vn/canh-hang-chuc-loc-xoay-ca...hap-nuoc-my-gan-30-nguoi-thie
t-mang-2402339.html  | ✓ | ⏱: 5.74s
[2025-05-18T07:56:03.089+0000] {logging_mixin.py:188} INFO - [SCRAPE].. ◆ 
https://vietnamnet.vn/canh-hang-chuc-loc-xoay-ca...hap-nuoc-my-gan-30-nguoi-thie
t-mang-2402339.html  | ✓ | ⏱: 0.24s
[2025-05-18T07:56:03.094+0000] {logging_mixin.py:188} INFO - [COMPLETE] ● 
https://vietnamnet.vn/canh-hang-chuc-loc-xoay-ca...hap-nuoc-my-gan-30-nguoi-thie
t-mang-2402339.html  | ✓ | ⏱: 5.99s
[2025-05-18T07:56:03.752+0000] {crawler.py:262} INFO -     ✓ Cảnh hàng chục lốc xoáy càn quét khắp nước Mỹ, gần 30 người ...

[2025-05-18T07:56:03.753+0000] {crawler.py:258} INFO - --> Crawl: https://vietnamnet.vn/dien-kremlin-noi-ve-kha-nang-dam-phan-truc-tiep-putin-zelensky-2402179.html
[2025-05-18T07:56:05.242+0000] {logging_mixin.py:188} INFO - [INIT].... → Crawl4AI 0.6.3
[2025-05-18T07:56:12.447+0000] {logging_mixin.py:188} INFO - [FETCH]... ↓ 
https://vietnamnet.vn/dien-kremlin-noi-ve-kha-nang-dam-phan-truc-tiep-putin-zele
nsky-2402179.html    | ✓ | ⏱: 7.10s
[2025-05-18T07:56:13.187+0000] {logging_mixin.py:188} INFO - [SCRAPE].. ◆ 
https://vietnamnet.vn/dien-kremlin-noi-ve-kha-nang-dam-phan-truc-tiep-putin-zele
nsky-2402179.html    | ✓ | ⏱: 0.73s
[2025-05-18T07:56:13.194+0000] {logging_mixin.py:188} INFO - [COMPLETE] ● 
https://vietnamnet.vn/dien-kremlin-noi-ve-kha-nang-dam-phan-truc-tiep-putin-zele
nsky-2402179.html    | ✓ | ⏱: 7.85s
[2025-05-18T07:56:15.227+0000] {crawler.py:262} INFO -     ✓ Điện Kremlin nói về khả năng đàm phán trực tiếp Putin - Zele...

[2025-05-18T07:56:15.234+0000] {crawler.py:258} INFO - --> Crawl: https://vietnamnet.vn/doi-canh-sat-chuyen-canh-cao-nguoi-di-bo-voi-vang-huyt-sao-giua-duong-2401478.html
[2025-05-18T07:56:16.662+0000] {logging_mixin.py:188} INFO - [INIT].... → Crawl4AI 0.6.3
[2025-05-18T07:56:21.737+0000] {logging_mixin.py:188} INFO - [FETCH]... ↓ 
https://vietnamnet.vn/doi-canh-sat-chuyen-canh-c...-di-bo-voi-vang-huyt-sao-giua
-duong-2401478.html  | ✓ | ⏱: 4.95s
[2025-05-18T07:56:21.908+0000] {logging_mixin.py:188} INFO - [SCRAPE].. ◆ 
https://vietnamnet.vn/doi-canh-sat-chuyen-canh-c...-di-bo-voi-vang-huyt-sao-giua
-duong-2401478.html  | ✓ | ⏱: 0.17s
[2025-05-18T07:56:21.912+0000] {logging_mixin.py:188} INFO - [COMPLETE] ● 
https://vietnamnet.vn/doi-canh-sat-chuyen-canh-c...-di-bo-voi-vang-huyt-sao-giua
-duong-2401478.html  | ✓ | ⏱: 5.12s
[2025-05-18T07:56:22.279+0000] {crawler.py:262} INFO -     ✓ Đội cảnh sát chuyên cảnh cáo người đi bộ vội vàng, huýt sáo ...

[2025-05-18T07:56:22.280+0000] {crawler.py:258} INFO - --> Crawl: https://vietnamnet.vn/vuot-nguc-nhu-phim-10-toi-pham-nguy-hiem-tron-thoat-khoi-nha-tu-o-my-2402252.html
[2025-05-18T07:56:23.438+0000] {logging_mixin.py:188} INFO - [INIT].... → Crawl4AI 0.6.3
[2025-05-18T07:56:30.911+0000] {logging_mixin.py:188} INFO - [FETCH]... ↓ 
https://vietnamnet.vn/vuot-nguc-nhu-phim-10-toi-...uy-hiem-tron-thoat-khoi-nha-t
u-o-my-2402252.html  | ✓ | ⏱: 7.38s
[2025-05-18T07:56:31.481+0000] {logging_mixin.py:188} INFO - [SCRAPE].. ◆ 
https://vietnamnet.vn/vuot-nguc-nhu-phim-10-toi-...uy-hiem-tron-thoat-khoi-nha-t
u-o-my-2402252.html  | ✓ | ⏱: 0.56s
[2025-05-18T07:56:31.487+0000] {logging_mixin.py:188} INFO - [COMPLETE] ● 
https://vietnamnet.vn/vuot-nguc-nhu-phim-10-toi-...uy-hiem-tron-thoat-khoi-nha-t
u-o-my-2402252.html  | ✓ | ⏱: 7.96s
[2025-05-18T07:56:32.417+0000] {crawler.py:262} INFO -     ✓ Vượt ngục như phim: 10 tội phạm nguy hiểm trốn thoát khỏi nh...

[2025-05-18T07:56:32.419+0000] {crawler.py:258} INFO - --> Crawl: https://vietnamnet.vn/tong-thong-trump-cao-buoc-cuu-giam-doc-fbi-keu-goi-am-sat-ong-2402134.html
[2025-05-18T07:56:33.759+0000] {logging_mixin.py:188} INFO - [INIT].... → Crawl4AI 0.6.3
[2025-05-18T07:56:40.891+0000] {logging_mixin.py:188} INFO - [FETCH]... ↓ 
https://vietnamnet.vn/tong-thong-trump-cao-buoc-cuu-giam-doc-fbi-keu-goi-am-sat-
ong-2402134.html     | ✓ | ⏱: 6.92s
[2025-05-18T07:56:41.342+0000] {logging_mixin.py:188} INFO - [SCRAPE].. ◆ 
https://vietnamnet.vn/tong-thong-trump-cao-buoc-cuu-giam-doc-fbi-keu-goi-am-sat-
ong-2402134.html     | ✓ | ⏱: 0.45s
[2025-05-18T07:56:41.345+0000] {logging_mixin.py:188} INFO - [COMPLETE] ● 
https://vietnamnet.vn/tong-thong-trump-cao-buoc-cuu-giam-doc-fbi-keu-goi-am-sat-
ong-2402134.html     | ✓ | ⏱: 7.38s
[2025-05-18T07:56:41.872+0000] {crawler.py:262} INFO -     ✓ Tổng thống Trump cáo buộc cựu giám đốc FBI kêu gọi ám sát ôn...

[2025-05-18T07:56:41.872+0000] {crawler.py:258} INFO - --> Crawl: https://vietnamnet.vn/ukraine-cong-bo-ton-that-cua-nga-dung-uav-pha-kho-dan-o-crum-2402159.html
[2025-05-18T07:56:42.511+0000] {logging_mixin.py:188} INFO - [INIT].... → Crawl4AI 0.6.3
[2025-05-18T07:56:49.544+0000] {logging_mixin.py:188} INFO - [FETCH]... ↓ 
https://vietnamnet.vn/ukraine-cong-bo-ton-that-cua-nga-dung-uav-pha-kho-dan-o-cr
um-2402159.html      | ✓ | ⏱: 6.92s
[2025-05-18T07:56:50.024+0000] {logging_mixin.py:188} INFO - [SCRAPE].. ◆ 
https://vietnamnet.vn/ukraine-cong-bo-ton-that-cua-nga-dung-uav-pha-kho-dan-o-cr
um-2402159.html      | ✓ | ⏱: 0.47s
[2025-05-18T07:56:50.028+0000] {logging_mixin.py:188} INFO - [COMPLETE] ● 
https://vietnamnet.vn/ukraine-cong-bo-ton-that-cua-nga-dung-uav-pha-kho-dan-o-cr
um-2402159.html      | ✓ | ⏱: 7.41s
[2025-05-18T07:56:50.998+0000] {crawler.py:262} INFO -     ✓ Ukraine công bố tổn thất của Nga, dùng UAV phá kho đạn ở Crư...

[2025-05-18T07:56:51.000+0000] {crawler.py:258} INFO - --> Crawl: https://vietnamnet.vn/ong-trump-doa-phat-nang-nga-neu-khong-dat-thoa-thuan-hoa-binh-voi-ukraine-2402035.html
[2025-05-18T07:56:53.074+0000] {logging_mixin.py:188} INFO - [INIT].... → Crawl4AI 0.6.3
[2025-05-18T07:57:03.270+0000] {logging_mixin.py:188} INFO - [FETCH]... ↓ 
https://vietnamnet.vn/ong-trump-doa-phat-nang-ng...dat-thoa-thuan-hoa-binh-voi-u
kraine-2402035.html  | ✓ | ⏱: 9.93s
[2025-05-18T07:57:04.528+0000] {logging_mixin.py:188} INFO - [SCRAPE].. ◆ 
https://vietnamnet.vn/ong-trump-doa-phat-nang-ng...dat-thoa-thuan-hoa-binh-voi-u
kraine-2402035.html  | ✓ | ⏱: 1.25s
[2025-05-18T07:57:04.531+0000] {logging_mixin.py:188} INFO - [COMPLETE] ● 
https://vietnamnet.vn/ong-trump-doa-phat-nang-ng...dat-thoa-thuan-hoa-binh-voi-u
kraine-2402035.html  | ✓ | ⏱: 11.19s
[2025-05-18T07:57:05.470+0000] {crawler.py:262} INFO -     ✓ Ông Trump dọa phạt nặng Nga nếu không đạt thỏa thuận hòa bìn...

[2025-05-18T07:57:05.471+0000] {crawler.py:258} INFO - --> Crawl: https://vietnamnet.vn/ong-trump-dung-dam-phan-chuan-bi-cong-bo-muc-thue-moi-voi-cac-doi-tac-2401991.html
[2025-05-18T07:57:07.101+0000] {logging_mixin.py:188} INFO - [INIT].... → Crawl4AI 0.6.3
[2025-05-18T07:57:15.654+0000] {logging_mixin.py:188} INFO - [FETCH]... ↓ 
https://vietnamnet.vn/ong-trump-dung-dam-phan-ch...ong-bo-muc-thue-moi-voi-cac-d
oi-tac-2401991.html  | ✓ | ⏱: 8.31s
[2025-05-18T07:57:16.217+0000] {logging_mixin.py:188} INFO - [SCRAPE].. ◆ 
https://vietnamnet.vn/ong-trump-dung-dam-phan-ch...ong-bo-muc-thue-moi-voi-cac-d
oi-tac-2401991.html  | ✓ | ⏱: 0.56s
[2025-05-18T07:57:16.223+0000] {logging_mixin.py:188} INFO - [COMPLETE] ● 
https://vietnamnet.vn/ong-trump-dung-dam-phan-ch...ong-bo-muc-thue-moi-voi-cac-d
oi-tac-2401991.html  | ✓ | ⏱: 8.88s
[2025-05-18T07:57:18.740+0000] {crawler.py:262} INFO -     ✓ Ông Trump dừng đàm phán, chuẩn bị công bố mức thuế mới với c...

[2025-05-18T07:57:18.740+0000] {crawler.py:258} INFO - --> Crawl: https://vietnamnet.vn/ong-medvedev-neu-yeu-to-lam-chech-huong-dam-phan-nga-ukraine-2402305.html
[2025-05-18T07:57:19.957+0000] {logging_mixin.py:188} INFO - [INIT].... → Crawl4AI 0.6.3
[2025-05-18T07:57:26.761+0000] {logging_mixin.py:188} INFO - [FETCH]... ↓ 
https://vietnamnet.vn/ong-medvedev-neu-yeu-to-lam-chech-huong-dam-phan-nga-ukrai
ne-2402305.html      | ✓ | ⏱: 6.57s
[2025-05-18T07:57:27.466+0000] {logging_mixin.py:188} INFO - [SCRAPE].. ◆ 
https://vietnamnet.vn/ong-medvedev-neu-yeu-to-lam-chech-huong-dam-phan-nga-ukrai
ne-2402305.html      | ✓ | ⏱: 0.70s
[2025-05-18T07:57:27.470+0000] {logging_mixin.py:188} INFO - [COMPLETE] ● 
https://vietnamnet.vn/ong-medvedev-neu-yeu-to-lam-chech-huong-dam-phan-nga-ukrai
ne-2402305.html      | ✓ | ⏱: 7.28s
[2025-05-18T07:57:28.437+0000] {crawler.py:262} INFO -     ✓ Ông Medvedev nêu yếu tố làm chệch hướng đàm phán Nga – Ukrai...

[2025-05-18T07:57:28.438+0000] {crawler.py:258} INFO - --> Crawl: https://vietnamnet.vn/my-cong-bo-thoi-gian-ban-viec-rut-quan-khoi-chau-au-voi-nato-2402275.html
[2025-05-18T07:57:29.074+0000] {logging_mixin.py:188} INFO - [INIT].... → Crawl4AI 0.6.3
[2025-05-18T07:57:33.863+0000] {logging_mixin.py:188} INFO - [FETCH]... ↓ 
https://vietnamnet.vn/my-cong-bo-thoi-gian-ban-viec-rut-quan-khoi-chau-au-voi-na
to-2402275.html      | ✓ | ⏱: 4.72s
[2025-05-18T07:57:34.373+0000] {logging_mixin.py:188} INFO - [SCRAPE].. ◆ 
https://vietnamnet.vn/my-cong-bo-thoi-gian-ban-viec-rut-quan-khoi-chau-au-voi-na
to-2402275.html      | ✓ | ⏱: 0.51s
[2025-05-18T07:57:34.376+0000] {logging_mixin.py:188} INFO - [COMPLETE] ● 
https://vietnamnet.vn/my-cong-bo-thoi-gian-ban-viec-rut-quan-khoi-chau-au-voi-na
to-2402275.html      | ✓ | ⏱: 5.23s
[2025-05-18T07:57:35.191+0000] {crawler.py:262} INFO -     ✓ Mỹ ấn định thời gian bàn việc rút quân khỏi châu Âu với NATO...

[2025-05-18T07:57:35.192+0000] {crawler.py:258} INFO - --> Crawl: https://vietnamnet.vn/my-phu-nhan-co-ke-hoach-di-doi-vinh-vien-1-trieu-nguoi-palestine-toi-libya-2402276.html
[2025-05-18T07:57:36.811+0000] {logging_mixin.py:188} INFO - [INIT].... → Crawl4AI 0.6.3
[2025-05-18T07:57:42.736+0000] {logging_mixin.py:188} INFO - [FETCH]... ↓ 
https://vietnamnet.vn/my-phu-nhan-co-ke-hoach-di...n-1-trieu-nguoi-palestine-toi
-libya-2402276.html  | ✓ | ⏱: 5.79s
[2025-05-18T07:57:44.176+0000] {logging_mixin.py:188} INFO - [SCRAPE].. ◆ 
https://vietnamnet.vn/my-phu-nhan-co-ke-hoach-di...n-1-trieu-nguoi-palestine-toi
-libya-2402276.html  | ✓ | ⏱: 1.43s
[2025-05-18T07:57:44.181+0000] {logging_mixin.py:188} INFO - [COMPLETE] ● 
https://vietnamnet.vn/my-phu-nhan-co-ke-hoach-di...n-1-trieu-nguoi-palestine-toi
-libya-2402276.html  | ✓ | ⏱: 7.25s
[2025-05-18T07:57:45.471+0000] {crawler.py:262} INFO -     ✓ Mỹ phủ nhận có kế hoạch di dời vĩnh viễn 1 triệu người Pales...

[2025-05-18T07:57:45.472+0000] {crawler.py:258} INFO - --> Crawl: https://vietnamnet.vn/nhieu-nuoc-eu-khong-hai-long-ve-thoa-thuan-thuong-mai-giua-my-va-anh-2402063.html
[2025-05-18T07:57:47.145+0000] {logging_mixin.py:188} INFO - [INIT].... → Crawl4AI 0.6.3
[2025-05-18T07:57:52.245+0000] {logging_mixin.py:188} INFO - [FETCH]... ↓ 
https://vietnamnet.vn/nhieu-nuoc-eu-khong-hai-lo...hoa-thuan-thuong-mai-giua-my-
va-anh-2402063.html  | ✓ | ⏱: 4.85s
[2025-05-18T07:57:52.623+0000] {logging_mixin.py:188} INFO - [SCRAPE].. ◆ 
https://vietnamnet.vn/nhieu-nuoc-eu-khong-hai-lo...hoa-thuan-thuong-mai-giua-my-
va-anh-2402063.html  | ✓ | ⏱: 0.38s
[2025-05-18T07:57:52.626+0000] {logging_mixin.py:188} INFO - [COMPLETE] ● 
https://vietnamnet.vn/nhieu-nuoc-eu-khong-hai-lo...hoa-thuan-thuong-mai-giua-my-
va-anh-2402063.html  | ✓ | ⏱: 5.23s
[2025-05-18T07:57:53.095+0000] {crawler.py:262} INFO -     ✓ EU lên án thỏa thuận thương mại Mỹ - Anh...

[2025-05-18T07:57:53.096+0000] {crawler.py:258} INFO - --> Crawl: https://vietnamnet.vn/phuong-tien-chien-dau-dan-thay-the-xe-tang-nga-tren-tien-tuyen-ukraine-2400163.html
[2025-05-18T07:57:53.930+0000] {logging_mixin.py:188} INFO - [INIT].... → Crawl4AI 0.6.3
[2025-05-18T07:57:59.642+0000] {logging_mixin.py:188} INFO - [FETCH]... ↓ 
https://vietnamnet.vn/phuong-tien-chien-dau-dan-...xe-tang-nga-tren-tien-tuyen-u
kraine-2400163.html  | ✓ | ⏱: 5.58s
[2025-05-18T07:58:00.010+0000] {logging_mixin.py:188} INFO - [SCRAPE].. ◆ 
https://vietnamnet.vn/phuong-tien-chien-dau-dan-...xe-tang-nga-tren-tien-tuyen-u
kraine-2400163.html  | ✓ | ⏱: 0.36s
[2025-05-18T07:58:00.014+0000] {logging_mixin.py:188} INFO - [COMPLETE] ● 
https://vietnamnet.vn/phuong-tien-chien-dau-dan-...xe-tang-nga-tren-tien-tuyen-u
kraine-2400163.html  | ✓ | ⏱: 5.95s
[2025-05-18T07:58:01.175+0000] {crawler.py:262} INFO -     ✓ Phương tiện chiến đấu dần thay thế xe tăng Nga trên tiền tuy...

[2025-05-18T07:58:01.177+0000] {crawler.py:258} INFO - --> Crawl: https://vietnamnet.vn/video-tau-hai-quan-mexico-dam-vao-cau-o-my-nhieu-nguoi-bi-thuong-2402333.html
[2025-05-18T07:58:03.782+0000] {logging_mixin.py:188} INFO - [INIT].... → Crawl4AI 0.6.3
[2025-05-18T07:58:17.636+0000] {logging_mixin.py:188} INFO - [FETCH]... ↓ 
https://vietnamnet.vn/video-tau-hai-quan-mexico-dam-vao-cau-o-my-nhieu-nguoi-bi-
thuong-2402333.html  | ✓ | ⏱: 13.58s
[2025-05-18T07:58:18.739+0000] {logging_mixin.py:188} INFO - [SCRAPE].. ◆ 
https://vietnamnet.vn/video-tau-hai-quan-mexico-dam-vao-cau-o-my-nhieu-nguoi-bi-
thuong-2402333.html  | ✓ | ⏱: 1.10s
[2025-05-18T07:58:18.763+0000] {logging_mixin.py:188} INFO - [COMPLETE] ● 
https://vietnamnet.vn/video-tau-hai-quan-mexico-dam-vao-cau-o-my-nhieu-nguoi-bi-
thuong-2402333.html  | ✓ | ⏱: 14.70s
[2025-05-18T07:58:19.992+0000] {crawler.py:262} INFO -     ✓ Tàu hải quân Mexico đâm vào cầu ở Mỹ, nhiều người bị thương...

[2025-05-18T07:58:19.993+0000] {crawler.py:258} INFO - --> Crawl: https://vietnamnet.vn/ong-trump-than-phien-viec-my-phung-phi-hang-ty-usd-vien-tro-cho-ukraine-2402203.html
[2025-05-18T07:58:21.059+0000] {logging_mixin.py:188} INFO - [INIT].... → Crawl4AI 0.6.3
[2025-05-18T07:58:24.476+0000] {logging_mixin.py:188} INFO - [FETCH]... ↓ 
https://vietnamnet.vn/ong-trump-than-phien-viec-...hi-hang-ty-usd-vien-tro-cho-u
kraine-2402203.html  | ✓ | ⏱: 3.27s
[2025-05-18T07:58:24.908+0000] {logging_mixin.py:188} INFO - [SCRAPE].. ◆ 
https://vietnamnet.vn/ong-trump-than-phien-viec-...hi-hang-ty-usd-vien-tro-cho-u
kraine-2402203.html  | ✓ | ⏱: 0.43s
[2025-05-18T07:58:24.910+0000] {logging_mixin.py:188} INFO - [COMPLETE] ● 
https://vietnamnet.vn/ong-trump-than-phien-viec-...hi-hang-ty-usd-vien-tro-cho-u
kraine-2402203.html  | ✓ | ⏱: 3.70s
[2025-05-18T07:58:25.407+0000] {crawler.py:262} INFO -     ✓ Ông Trump than phiền việc Mỹ phung phí hàng tỷ USD viện trợ ...

[2025-05-18T07:58:25.407+0000] {crawler.py:258} INFO - --> Crawl: https://vietnamnet.vn/video-ukraine-vo-hieu-hoa-nhieu-xe-tang-xe-thiet-giap-cua-nga-2401780.html
[2025-05-18T07:58:26.237+0000] {logging_mixin.py:188} INFO - [INIT].... → Crawl4AI 0.6.3
[2025-05-18T07:58:33.288+0000] {logging_mixin.py:188} INFO - [FETCH]... ↓ 
https://vietnamnet.vn/video-ukraine-vo-hieu-hoa-nhieu-xe-tang-xe-thiet-giap-cua-
nga-2401780.html     | ✓ | ⏱: 6.86s
[2025-05-18T07:58:33.702+0000] {logging_mixin.py:188} INFO - [SCRAPE].. ◆ 
https://vietnamnet.vn/video-ukraine-vo-hieu-hoa-nhieu-xe-tang-xe-thiet-giap-cua-
nga-2401780.html     | ✓ | ⏱: 0.41s
[2025-05-18T07:58:33.705+0000] {logging_mixin.py:188} INFO - [COMPLETE] ● 
https://vietnamnet.vn/video-ukraine-vo-hieu-hoa-nhieu-xe-tang-xe-thiet-giap-cua-
nga-2401780.html     | ✓ | ⏱: 7.28s
[2025-05-18T07:58:34.561+0000] {crawler.py:262} INFO -     ✓ Video Ukraine vô hiệu hóa nhiều xe tăng, xe thiết giáp của N...

[2025-05-18T07:58:34.563+0000] {crawler.py:258} INFO - --> Crawl: https://vietnamnet.vn/video-phao-binh-nga-doi-ten-lua-vao-vi-tri-quan-ukraine-o-mat-tran-chasiv-yar-2401651.html
[2025-05-18T07:58:36.106+0000] {logging_mixin.py:188} INFO - [INIT].... → Crawl4AI 0.6.3
[2025-05-18T07:58:41.356+0000] {logging_mixin.py:188} INFO - [FETCH]... ↓ 
https://vietnamnet.vn/video-phao-binh-nga-doi-te...-quan-ukraine-o-mat-tran-chas
iv-yar-2401651.html  | ✓ | ⏱: 5.05s
[2025-05-18T07:58:41.705+0000] {logging_mixin.py:188} INFO - [SCRAPE].. ◆ 
https://vietnamnet.vn/video-phao-binh-nga-doi-te...-quan-ukraine-o-mat-tran-chas
iv-yar-2401651.html  | ✓ | ⏱: 0.35s
[2025-05-18T07:58:41.708+0000] {logging_mixin.py:188} INFO - [COMPLETE] ● 
https://vietnamnet.vn/video-phao-binh-nga-doi-te...-quan-ukraine-o-mat-tran-chas
iv-yar-2401651.html  | ✓ | ⏱: 5.40s
[2025-05-18T07:58:42.238+0000] {crawler.py:262} INFO -     ✓ Video pháo binh Nga dội tên lửa vào vị trí quân Ukraine ở mặ...

[2025-05-18T07:58:42.239+0000] {crawler.py:258} INFO - --> Crawl: https://vietnamnet.vn/video-truc-thang-ca-sau-cua-nga-bi-pha-huy-tren-lanh-tho-ukraine-2402324.html
[2025-05-18T07:58:43.234+0000] {logging_mixin.py:188} INFO - [INIT].... → Crawl4AI 0.6.3
[2025-05-18T07:58:50.585+0000] {logging_mixin.py:188} INFO - [FETCH]... ↓ 
https://vietnamnet.vn/video-truc-thang-ca-sau-cua-nga-bi-pha-huy-tren-lanh-tho-u
kraine-2402324.html  | ✓ | ⏱: 7.24s
[2025-05-18T07:58:51.382+0000] {logging_mixin.py:188} INFO - [SCRAPE].. ◆ 
https://vietnamnet.vn/video-truc-thang-ca-sau-cua-nga-bi-pha-huy-tren-lanh-tho-u
kraine-2402324.html  | ✓ | ⏱: 0.77s
[2025-05-18T07:58:51.387+0000] {logging_mixin.py:188} INFO - [COMPLETE] ● 
https://vietnamnet.vn/video-truc-thang-ca-sau-cua-nga-bi-pha-huy-tren-lanh-tho-u
kraine-2402324.html  | ✓ | ⏱: 8.05s
[2025-05-18T07:58:52.614+0000] {crawler.py:262} INFO -     ✓ Video trực thăng 'Cá sấu' của Nga bị phá hủy trên lãnh thổ U...

[2025-05-18T07:58:52.616+0000] {crawler.py:265} INFO - ⏱️  Tổng thời gian crawl: 244.86 giây
[2025-05-18T07:58:52.898+0000] {crawler.py:299} ERROR - Lỗi khi lưu dữ liệu vào MongoDB: batch op errors occurred, full error: {'writeErrors': [{'index': 0, 'code': 11000, 'errmsg': 'E11000 duplicate key error collection: News.the-gioi index: _id_ dup key: { _id: "2401994" }', 'keyPattern': {'_id': 1}, 'keyValue': {'_id': '2401994'}, 'op': {'title': 'Ukraine chờ đợi cuộc gặp giữa Tổng thống Putin và Tổng thống Zelensky', 'author': 'Không có thông tin tác giả', 'publish_date': datetime.datetime(2025, 5, 17, 7, 14, 27), 'views': None, 'tags': [], 'description': 'Sau cuộc đàm phán ở Thổ Nhĩ Kỳ, Bộ Ngoại giao Ukraine kỳ vọng rằng cuộc gặp cấp cao giữa Tổng thống Putin và Tổng thống Zelensky sẽ sớm diễn ra.', 'main_image': 'https://static-images.vnncdn.net/vps_images_publish/000001/000003/2025/5/17/ukraine-cho-doi-cuoc-gap-giua-tong-thong-putin-va-tong-thong-zelensky-23135.jpg?width=0&s=V2IFynbCQuR3jdiP8iZnUQ', 'content': 'Việt Dũng\n\nTheo Pravda, Thứ trưởng Ngoại giaoUkraineSerhiy Kyslytsia ngày 16/5 đã kêu gọi tổ chức một cuộc gặp cấp cao giữa Tổng thống Nga Vladimir Putin và Tổng thống Ukraine Volodymyr Zelensky.\n\n"Có những vấn đề chỉ có thể được giải quyết thông qua cuộc đối thoại giữa nguyên thủ hai nước. Xét đến tính phức tạp của cuộc xung đột và bản chất của nước Nga, chỉ Tổng thống Putin mới có thể quyết định mọi vấn đề. Chúng tôi hy vọng cuộc gặp cấp cao giữa Tổng thống Putin và Tổng thống Zelensky sẽ diễn ra sớm nhất có thể", ông Kyslytsia cho biết.\n\nÔng Kyslytsia nhấn mạnh, Tổng thống Zelensky luôn "sẵn sàng đàm phán với người đồng cấp Nga", nhưng sẽ không nhượng bộ về lệnh ngừng bắn. Bộ trưởng Quốc phòng Ukraine Rustem Umerov cũng cho rằng cuộc gặp giữa ông Zelensky và ông Putin có thể là bước tiếp theo sau cuộc đàm phán trực tiếp giữa hai nước tại Istanbul.\n\nTổng thống Nga Vladimir Putin và Tổng thống Ukraine Volodymyr Zelensky. Ảnh: ABC News\n\nTrước đó, Ngoại trưởng Ukraine Andrii Sybiha đã tỏ ra không hài lòng với phái đoàn Nga tham dự cuộc gặp ở Thổ Nhĩ Kỳ, nói rằng\xa0việc đảm bảo lệnh ngừng bắn là không thể vì Moscow đã cử các nhà đàm phán "cấp thấp".\n\nTheo truyền thông quốc tế, cuộc đàm phán trực tiếp giữa Nga và Ukraine tại Istanbul đã kết thúc chóng vánh sau khoảng 2 giờ đồng hồ mà không có tiến triển đáng kể, ngoại trừ việc hai bên thống nhất trao đổi 2.000 tù binh.\n\nTrợ lý Tổng thống Nga Vladimir Medinsky, trưởng đoàn đàm phán của Moscow, cho rằng việc Kiev coi lệnh ngừng bắn là điều kiện tiên quyết cho bất kỳ cuộc đàm phán hòa bình nào là "quá mức".\n\n"Một cuộc xung đột và một cuộc đàm phán có thể diễn ra đồng thời. Hãy nhìn lại lịch sử, không ai nói rằng lệnh ngừng bắn luôn đi trước các cuộc đàm phán hòa bình", ông Medinsky giải thích.\n\nTrong khi đó, nước chủ nhà Thổ Nhĩ Kỳ lại nhận xét rằng cuộc đàm phán trực tiếp giữa Nga và Ukraine diễn ra "tích cực hơn những gì mong đợi".\n\n"Mọi chuyện diễn ra tích cực hơn những gì chúng tôi nghĩ, không bên nào sử dụng lời lẽ cáo buộc lẫn nhau. Phái đoàn Nga có vẻ ít cần tham khảo ý kiến hơn so với Ukraine, khi đội ngũ của Kiev phải xin ra ngoài để phê duyệt việc trao đổi tù binh", một quan chức Thổ Nhĩ Kỳ nói với CNN.', 'url': 'https://vietnamnet.vn/ukraine-cho-doi-cuoc-gap-giua-tong-thong-putin-va-tong-thong-zelensky-2401994.html', 'category': 'the-gioi', 'crawled_at': '2025-05-18T14:55:02.093860+07:00', 'is_live': 0, '_id': '2401994'}}, {'index': 1, 'code': 11000, 'errmsg': 'E11000 duplicate key error collection: News.the-gioi index: _id_ dup key: { _id: "2401292" }', 'keyPattern': {'_id': 1}, 'keyValue': {'_id': '2401292'}, 'op': {'title': 'Cải tiến mới của Ukraine khiến UAV gia tăng mức độ nguy hiểm với quân đội Nga', 'author': 'Không có thông tin tác giả', 'publish_date': datetime.datetime(2025, 5, 18, 5, 10), 'views': None, 'tags': [], 'description': 'Một nhà sản xuất máy bay không người lái (UAV) của Ukraine đã công bố đoạn phim lần đầu tiên UAV góc nhìn thứ nhất (FPV) khai hỏa súng phóng lựu tấn công mục tiêu từ xa.\xa0', 'main_image': 'https://static-images.vnncdn.net/vps_images_publish/000001/000003/2025/5/17/cai-tien-moi-cua-ukraine-khien-uav-gia-tang-muc-do-nguy-hiem-voi-quan-doi-nga-90210.gif?width=0&s=Cz6hQGiYZSnz3TlFaHubhQ', 'content': 'Minh Thu\n\nTheo Business Insider, đoạn video do công ty Wild Hornets công bố hôm 13/5 cho thấy, đơn vị UAV "Bulava" của Tiểu đoàn Cơ giới số 3 thuộc Lữ đoàn Tổng thống độc lập Bohdan Khmelnytsky đã triển khai thiết bị mới. Video đã ghi lại 2 lần súng phóng lựu gắn trên FPV khai hỏa trên địa hình trống trải.\n\nTrong video đầu tiên, chiếc FPV dường như đã bắn trúng một binh sĩ Nga, khiến người này ngã xuống đất. Mục tiêu trong video thứ 2 không được nhìn thấy rõ.\n\nVideo: Wild Hornets/X\n\nWild Hornets xác nhận, cả 2 đoạn video đều ghi hình mẫu FPV "Queen of Hornets" được dùng làm bệ phóng cho súng phóng lựu. Với khung máy 4 cánh quạt dài từ 38 - 43cm, đây là một trong những mẫu FPV lớn nhất từng được sản xuất thương mại phục vụ chiến đấu ở Ukraine và thường được sử dụng làm máy bay ném bom.\n\nTuy nhiên, Wild Hornets không tiết lộ 2 đoạn video được quay khi nào hay loại súng phóng lựu được sử dụng. Nhưng trong quá trình thử nghiệm vào tháng 9/2024 với đơn vị "Bulava", công ty cho biết FPV "Queen of Hornets" được trang bị Bulspike AP, loại súng phóng lựu chống bộ binh do Bulgaria sản xuất. Theo đó, Bulspike AP bắn lựu đạn phân mảnh nặng 2kg với tầm bắn hiệu quả khoảng 100m.\n\nFPV gắn súng phóng lựu sẽ giúp binh sĩUkrainecó thêm lựa chọn để triển khai tấn công, thay vì lao vào mục tiêu theo kiểu tự sát hoặc thả thuốc nổ từ trên cao.\n\nHiện chưa rõ liệu Ukraine có thể hoặc sẽ sản xuất và triển khai súng phóng lựu gắn trên UAV ở quy mô lớn hay không. Hàng chục công ty của Ukraine đã phát triển và thử nghiệm nhiều loạivũ khítích hợp trên UAV như súng ngắn và súng trường Kalashnikov. Song, hiện tại, quân đội Ukraine vẫn chủ yếu dùng UAV cho nhiệm vụ tấn công cảm tử và ném bom.\n\nĐặc biệt, Wild Hornets được công nhận là công ty sản xuất một số vũ khí gắn trên UAV kỳ lạ nhất trong quá trình xung đột với Nga bao gồm UAV FPV thả nhiệt nhôm từ trên cao, hoặc UAV đánh chặn có thể bay với vận tốc hơn 160 km/h.', 'url': 'https://vietnamnet.vn/cai-tien-moi-cua-ukraine-khien-uav-gia-tang-muc-do-nguy-hiem-voi-quan-doi-nga-2401292.html', 'category': 'the-gioi', 'crawled_at': '2025-05-18T14:55:13.002289+07:00', 'is_live': 0, '_id': '2401292'}}, {'index': 2, 'code': 11000, 'errmsg': 'E11000 duplicate key error collection: News.the-gioi index: _id_ dup key: { _id: "2402211" }', 'keyPattern': {'_id': 1}, 'keyValue': {'_id': '2402211'}, 'op': {'title': 'Tổng thống Mỹ Trump nói sẵn sàng tới Trung Quốc gặp ông Tập Cận Bình', 'author': 'Không có thông tin tác giả', 'publish_date': datetime.datetime(2025, 5, 17, 20, 36, 40), 'views': None, 'tags': [], 'description': 'Tổng thống Mỹ Donald Trump cho biết đã sẵn sàng đến Trung Quốc để nói chuyện với người đồng cấp Tập Cận Bình về chính sách đối ngoại và các vấn đề kinh tế.', 'main_image': 'https://static-images.vnncdn.net/vps_images_publish/000001/000003/2025/5/17/tong-thong-my-trump-noi-san-sang-toi-trung-quoc-gap-ong-tap-can-binh-85115.jpg?width=0&s=UZOT_Vgba8NSMo8kMLM9wQ', 'content': 'Hoài Linh\n\nTrả lời phỏng vấn của hãng tin Fox News về việc ông có muốn tới thăm Chủ tịch Trung Quốc Tập Cận Bình trong một chuyến công du nước ngoài hay không,Tổng thống Mỹ Trumpđáp: "Tôi chắc chắn đến", đồng thời cho biết quan hệ giữa Washington và Bắc Kinh rất quan trọng.\n\nÔng Trump đã nhiều lần bày tỏ mong muốn trò chuyện với nhà lãnh đạo Trung Quốc. Đầu tuần này, ông dự đoán hai người có thể trao đổi qua điện thoại sau khi các "phó tướng" của họ đàm phán về việc tạm dừng áp thuế đối ứng trong 90 ngày.\n\nTheo thỏa thuận 90 ngày mới đạt được, Mỹ sẽ giảm thuế nhập khẩu với hàng hóa Trung Quốc từ 145% xuống còn 30%, trong khi Trung Quốc giảm thuế đối với hàng hóa xuất xứ Mỹ từ 125% xuống còn 10%.\n\nLãnh đạo Nhà Trắng tuyên bố: "Nếu tôi không tiến tới một thỏa thuận với Trung Quốc, tôi nghĩ họ sẽ tan rã... Chúng tôi đã có một thỏa thuận rất mạnh mẽ với Trung Quốc. Tuy nhiên, phần thú vị nhất đối với cả Trung Quốc lẫn Mỹ là chúng tôi đang cố gắng mở cửa Trung Quốc".\n\nDù tỏ ra sẵn sàng tiếp cận nhà lãnh đạo Trung Quốc nhưng ông Trump lại mô tả chuyến công du Trung Đông trong tuần này của mình là nhằm giữ cho Ảrập Xê út, Qatar và Các tiểu vương quốc Ảrập thống nhất nằm ngoài phạm vi ảnh hưởng của Bắc Kinh.', 'url': 'https://vietnamnet.vn/tong-thong-my-trump-noi-san-sang-toi-trung-quoc-gap-ong-tap-can-binh-2402211.html', 'category': 'the-gioi', 'crawled_at': '2025-05-18T14:55:20.220304+07:00', 'is_live': 0, '_id': '2402211'}}, {'index': 3, 'code': 11000, 'errmsg': 'E11000 duplicate key error collection: News.the-gioi index: _id_ dup key: { _id: "2401907" }', 'keyPattern': {'_id': 1}, 'keyValue': {'_id': '2401907'}, 'op': {'title': 'Đàm phán Nga - Ukraine kết thúc mà không đạt được tiến triển', 'author': 'Không có thông tin tác giả', 'publish_date': datetime.datetime(2025, 5, 16, 21, 16, 11), 'views': None, 'tags': [], 'description': 'Cuộc đàm phán trực tiếp giữa phái đoàn Nga và Ukraine tại Thổ Nhĩ Kỳ đã kết thúc, nhưng không có nhiều tiến triển được ghi nhận giữa đôi bên.', 'main_image': 'https://static-images.vnncdn.net/vps_images_publish/000001/000003/2025/5/16/dam-phan-nga-ukraine-ket-thuc-ma-khong-dat-duoc-tien-trien-96838.jpg?width=0&s=j91en_QZIFktic8VS-7bfw', 'content': 'Việt Dũng\n\nTheo Sky News, cuộc đàm phán tại Istanbul ngày 16/5 giữa phái đoàn Nga vàUkraineđã kết thúc sau chưa đầy 2 giờ đồng hồ, và hai bên đều không đạt được tiến triển đáng chú ý nào.\n\nVề phía Moscow, Trợ lý Tổng thống Vladimir Medinsky khẳng định Nga "hài lòng" với cuộc đàm phán. Ông Medinsky nói rằng Nga và Ukraine đã thống nhất về một cuộc trao đổi tù binh lớn, với số binh lính được trả là 1.000 người cho mỗi bên. Bên cạnh đó, phái đoàn Nga cũng đã ghi nhận yêu cầu của Kiev về việc gặp mặt trực tiếp giữa Tổng thống Vladimir Putin và Tổng thống Volodymyr Zelensky.\n\n"Chúng tôi đã đồng ý sẽ trình bày về tầm nhìn hòa bình của cả Nga lẫn Ukraine trong các cuộc thảo luận sắp tới", ông Medinsky nói.\n\nỞ chiều ngược lại, phía Ukraine tỏ ra không hài lòng với cuộc đàm phán, khẳng định Nga đã đưa ra những yêu cầu "không thực tế", vượt xa những gì đã thảo luận trước đó.\n\nNguồn tin từ các quan chức Ukraine tiết lộ rằng một trong những yêu cầu của Moscow là "Kiev rút toàn bộ quân đội khỏi các vùng lãnh thổ đang giao tranh".\n\n"Nga đưa ra những điều kiện không có khởi đầu và không mang tính xây dựng", Sky News dẫn lời một quan chức Ukraine.\n\nTrong một diễn biến liên quan, Thủ tướng Anh Keir Starmer nói rằng ông và các nhà lãnh đạo châu Âu đã điện đàm với Tổng thống Mỹ Donald Trump về cuộc đàm phán ở Thổ Nhĩ Kỳ.\n\n"Chúng tôi đã có cuộc điện đàm với Tổng thống Zelensky và Tổng thống Trump để nói về cuộc đàm phán hôm nay. Quan điểm của Nga đơn giản là không thể chấp nhận được, và đó không phải là lần đầu tiên họ thể hiện như vậy", ông Starmer cho biết.', 'url': 'https://vietnamnet.vn/dam-phan-nga-ukraine-ket-thuc-ma-khong-dat-duoc-tien-trien-2401907.html', 'category': 'the-gioi', 'crawled_at': '2025-05-18T14:55:27.545278+07:00', 'is_live': 0, '_id': '2401907'}}, {'index': 4, 'code': 11000, 'errmsg': 'E11000 duplicate key error collection: News.the-gioi index: _id_ dup key: { _id: "2402312" }', 'keyPattern': {'_id': 1}, 'keyValue': {'_id': '2402312'}, 'op': {'title': 'Quân đội Đức đối mặt với mục tiêu ‘phi thực tế’ từ NATO', 'author': 'Không có thông tin tác giả', 'publish_date': datetime.datetime(2025, 5, 18, 11, 10), 'views': None, 'tags': [], 'description': "Tình trạng giải ngũ cao khiến mục tiêu mở rộng đáng kể lực lượng quân sự mà NATO đặt ra cho Đức dường như là 'phi thực tế'.\xa0", 'main_image': 'https://static-images.vnncdn.net/vps_images_publish/000001/000003/2025/5/18/quan-doi-duc-doi-mat-voi-muc-tieu-phi-thuc-te-tu-nato-43114.jpg?width=0&s=PbjFyS2lwdKxG0uV1LtAuQ', 'content': 'Minh Thu\n\nCác cuộc thảo luận về việc tăng chi tiêu quốc phòng lên 5% GDP, và mở rộng quân số dự kiến \u200b\u200bsẽ là chủ đề chính trong hội nghị thượng đỉnh NATO diễn ra tại The Hague, Hà Lan vào tháng 7 tới.\n\nTờ Die Welt hôm 17/5 đưa tin, Đức đang phải đối mặt với "những thách thức cụ thể" bao gồm đề xuất tăng quân số quân đội (Bundeswehr) lên từ 240.000 - 260.000 quân vào năm 2030, tức tăng 80.000 quân so với mức hiện tại 183.000 người.\n\nTờ báo cho hay, những khó khăn trong việc tăng quân số trở nên trầm trọng hơn, do tình trạng giải ngũ cao trong số các tân binh với tỷ lệ 30% rời đi trong vòng 6 tháng đầu tiên. Các yếu tố khác góp phần vào tình trạng thiếu nhân sự bao gồm quá trình huấn luyện khắc nghiệt, điều động xa xôi và triển vọng nghề nghiệp hạn chế. Ngoài ra, một số nhánh của quân đội Đức được cho là không chấp nhận những binh sĩ được đào tạo ở các sư đoàn khác.\n\nCũng theo Die Welt, nếu Bundeswehr cố gắng đạt được mục tiêu mới củaNATO, "cuộc tranh luận về việc tái kích hoạt chế độ nghĩa vụ quân sự có khả năng bùng phát", và nỗ lực tuyển dụng có thể không được ủng hộ.\n\nHôm 14/5, Bộ trưởng Quốc phòng Đức Boris Pistorius đã có tuyên bố ám chỉ rằng nếu không có đủ tình nguyện viên, Đức có thể cần khôi phục chế độ nghĩa vụ quân sự bắt buộc vốn đã bị bãi bỏ vào năm 2011.\n\nTrước đó, hồi tháng 4, Bộ Nội vụ Đức cũng đề xuất đưa các bài học về phòng thủ dân sự vào trường học để chuẩn bị cho học sinh đối phó với những cuộc khủng hoảng, và xung đột tiềm tàng.\n\nViệc NATO yêu cầu các quốc gia thành viên tăng quân số được công bố giữa lúc một số quan chức phương Tây cho rằng, Nga có thể phát động một cuộc tấn công vào NATO trong vài năm tới. Tuy nhiên, Moscow đã nhiều lần phủ nhận cáo buộc này, và khẳng định đây là những suy đoán "vô nghĩa".', 'url': 'https://vietnamnet.vn/quan-doi-duc-doi-mat-voi-muc-tieu-phi-thuc-te-tu-nato-2402312.html', 'category': 'the-gioi', 'crawled_at': '2025-05-18T14:55:37.600355+07:00', 'is_live': 0, '_id': '2402312'}}, {'index': 5, 'code': 11000, 'errmsg': 'E11000 duplicate key error collection: News.the-gioi index: _id_ dup key: { _id: "2402282" }', 'keyPattern': {'_id': 1}, 'keyValue': {'_id': '2402282'}, 'op': {'title': 'Hàng trăm nghìn người dự lễ nhậm chức của tân Giáo hoàng Leo XIV', 'author': 'Không có thông tin tác giả', 'publish_date': datetime.datetime(2025, 5, 18, 7, 38), 'views': None, 'tags': [], 'description': 'Khoảng 1/4 triệu người dự kiến sẽ đổ về Quảng trường Thánh Peter ở Vatican hôm nay (18/5) để chứng kiến lễ nhậm chức của tân Giáo hoàng Leo XIV.', 'main_image': 'https://static-images.vnncdn.net/vps_images_publish/000001/000003/2025/5/18/giao-hoang-leo-26109.jpg?width=0&s=BvT4BqDvzMtCDpwvUesC2g', 'content': 'Hoài Linh\n\nTờ National Catholic Reporter đưa tin, hơn 200 nhà lãnh đạo chính trị trên toàn cầu sẽ tham dự lễ nhậm chức của tân Giáo hoàng, gồm cả Chủ tịch Ủy ban châu Âu Ursula von der Leyen, Hoàng tử Anh Edward, hoàng gia Tây Ban Nha, vợ chồng Phó Tổng thống Mỹ JD Vance, Tổng thống Argentina Javier Milei, Tổng thống Israel Isaac Herzog và Tổng thống Ukraine Volodymyr Zelensky.\n\nThánh lễ diễn ra vào lúc 10h (15h Việt Nam) ngày 18/5 sẽ chính thức tấn phongGiáo hoàng Leo XIVlà nhà lãnh đạo của 1,4 tỷ người Công giáo La Mã trên thế giới.\n\nTheo Sky News, trong buổi lễ, tân Giáo hoàng sẽ được trao dây pallium và chiếc nhẫn của ngư dân như biểu tượng cho quyền lực mới. Tuy nhiên, mỗi giáo hoàng đều có thể tùy ý thay đổi một chút để buổi lễ mang tính cá nhân hơn.\n\nNhững người theo dõi Vatican cho hay, các chi tiết nhỏ như vậy có thể đưa ra manh mối về người được chọn làm Giáo hoàng. Ví dụ, năm 2013, Giáo hoàng Francis đã sử dụng một chiếc xe mui trần trong lễ rước của mình để có thể đến gần đám đông hơn.\n\nTuy nhiên, Cha Francesco Giordano, giáo sư thần học tại Đại học Công giáo Mỹ ở Rome nhận xét: "Đó không phải tính cách của Giáo hoàng Leo. Giáo hoàng Francis cởi mở hơn, Giáo hoàng Leo thì kín đáo và rụt rè hơn".\n\nCha Giordano mô tả tân Giáo hoàng là người ấm áp, chu đáo và biết lắng nghe. Ông được coi là sự kết hợp của các giáo hoàng trước, với sức lôi cuốn và khả năng biểu đạt cảm xúc như John Paul II, chiều sâu trí tuệ như Benedict XVI và tập trung vào các vấn đề xã hội như Francis. Một số quyết định của Đức Giáo hoàng Leo trong tuần qua dường như củng cố ý tưởng này.\n\nThánh lễ nhậm chức có ý nghĩa quan trọng vì tân Giáo hoàng sẽ có bài giảng, vốn sẽ cung cấp thêm manh mối về mẫu người ngài muốn trở thành. Nhà báo Marco Griego tiết lộ, bài giảng đó sẽ là bản tuyên ngôn đầu tiên của tân Giáo hoàng, cho thấy những đường mà ngài sẽ vạch ra trong tương lai, gồm các chủ đề về cả về tôn giáo và xã hội.', 'url': 'https://vietnamnet.vn/hang-tram-nghin-nguoi-du-le-nham-chuc-cua-giao-hoang-leo-xiv-2402282.html', 'category': 'the-gioi', 'crawled_at': '2025-05-18T14:55:45.405736+07:00', 'is_live': 0, '_id': '2402282'}}, {'index': 6, 'code': 11000, 'errmsg': 'E11000 duplicate key error collection: News.the-gioi index: _id_ dup key: { _id: "2402249" }', 'keyPattern': {'_id': 1}, 'keyValue': {'_id': '2402249'}, 'op': {'title': 'Ông Trump công bố thời gian điện đàm với Tổng thống Putin, lãnh đạo Ukraine', 'author': 'Không có thông tin tác giả', 'publish_date': datetime.datetime(2025, 5, 18, 6, 30), 'views': None, 'tags': [], 'description': 'Trong bài viết trên mạng xã hội Truth Social, Tổng thống Mỹ Donald Trump tiết lộ có ý định điện đàm với người đồng cấp Nga Putin và Tổng thống Ukraine Zelensky vào ngày 19/5.', 'main_image': 'https://static-images.vnncdn.net/vps_images_publish/000001/000003/2025/5/18/ong-trump-cong-bo-thoi-gian-dien-dam-voi-tong-thong-putin-lanh-dao-ukraine-20972.jpg?width=0&s=ZxR99v06baxP7RpFfLTGQw', 'content': 'Hoài Linh\n\nTheo báo Izvestia, Tổng thống Mỹ Trump ngày 17/5 tiết lộ: "Tôi sẽ nói chuyện qua điện thoại với ông Putinvào lúc 10h sáng. Chủ đề của cuộc gọi sẽ gồm thương mại và chấm dứt tình trạng đổ máu vốn cướp đi mạng sống của hơn 5.000 lính Nga và Ukraine mỗi tuần".\n\nÔng Trump lưu ý, sau đó ông sẽ gọi điện cho Tổng thống Ukraine và nhiều đại diện của các nước NATO. "Tôi hy vọng đó sẽ là một ngày hiệu quả, thỏa thuận ngừng bắn sẽ được ký kết và hoạt động quân sự vốn không nên xảy ra sẽ chấm dứt. Chúa phù hộ cho tất cả chúng ta", lãnh đạo Nhà Trắng viết.\n\nÔng Trump hôm 16/5 phủ nhận thông tin cho biết Nga tham gia không đầy đủ vào các cuộc đàm phán nhằm giải quyết cuộc xung đột ở Ukraine. Ngoài ra, nhà lãnh đạo Mỹ cũng tuyên bố, Tổng thống Ukraine Zelensky không có các quân át chủ bài trong việc thương lượng nhằm tìm ra giải pháp hòa bình.\n\nTrước đó, Ngoại trưởng Nga Sergey Lavrov đã có cuộc điện đàm với người đồng cấp Mỹ Marco Rubio. Bộ Ngoại giao Nga ngày 17/5 cho hay, cuộc điện đàm diễn ra theo sáng kiến của phía Mỹ và ngoại trưởng của hai nước đã trao đổi ý kiến về việc tiếp tục các cuộc tiếp xúc song phương.\n\nBộ Ngoại giao Nga lưu ý, hai bên đã thảo luận về kết quả đàm phán Nga - Ukraine diễn ra hôm 16/5 tại Thổ Nhĩ Kỳ cũng như các vấn đề quốc tế và khu vực khác.\n\nNgoại trưởng Nga Lavrov lưu ý đến vai trò tích cực của Mỹ trong việc góp phần giúp Kiev ngồi vào bàn đàm phán theo đề xuất của Tổng thống Nga Putin. Ông Lavrov cũng khẳng định, Moscow sẵn sàng tiếp tục hợp tác với các đồng nghiệp Mỹ theo hướng này.', 'url': 'https://vietnamnet.vn/ong-trump-cong-bo-thoi-gian-dien-dam-voi-tong-thong-putin-2402249.html', 'category': 'the-gioi', 'crawled_at': '2025-05-18T14:55:56.033295+07:00', 'is_live': 0, '_id': '2402249'}}, {'index': 7, 'code': 11000, 'errmsg': 'E11000 duplicate key error collection: News.the-gioi index: _id_ dup key: { _id: "2402339" }', 'keyPattern': {'_id': 1}, 'keyValue': {'_id': '2402339'}, 'op': {'title': 'Cảnh hàng chục lốc xoáy càn quét khắp nước Mỹ, gần 30 người thiệt mạng', 'author': 'Không có thông tin tác giả', 'publish_date': datetime.datetime(2025, 5, 18, 13, 56, 58), 'views': None, 'tags': [], 'description': 'Theo Sky News, ít nhất 27 người đã thiệt mạng sau khi những cơn bão và lốc xoáy dữ dội tấn công một số khu vực của Mỹ, bắt đầu từ ngày 16/5.', 'main_image': 'https://static-images.vnncdn.net/vps_images_publish/000001/000003/2025/5/18/canh-hang-chuc-loc-xoay-can-quet-khap-nuoc-my-gan-30-nguoi-thiet-mang-58778.gif?width=0&s=7SSvV55wnG4q8owIz-zKAw', 'content': 'Hạ Phương\n\nTheo NBC News, Sky News', 'url': 'https://vietnamnet.vn/canh-hang-chuc-loc-xoay-can-quet-khap-nuoc-my-gan-30-nguoi-thiet-mang-2402339.html', 'category': 'the-gioi', 'crawled_at': '2025-05-18T14:56:03.391528+07:00', 'is_live': 0, '_id': '2402339'}}, {'index': 8, 'code': 11000, 'errmsg': 'E11000 duplicate key error collection: News.the-gioi index: _id_ dup key: { _id: "2402179" }', 'keyPattern': {'_id': 1}, 'keyValue': {'_id': '2402179'}, 'op': {'title': 'Điện Kremlin nói về khả năng đàm phán trực tiếp Putin - Zelensky', 'author': 'Không có thông tin tác giả', 'publish_date': datetime.datetime(2025, 5, 17, 17, 36, 42), 'views': None, 'tags': [], 'description': 'Phát ngôn viên Điện Kremlin Dmitry Peskov đã đề cập đến khả năng diễn ra đàm phán trực tiếp giữa Tổng thống Nga Vladimir Putin và người đồng cấp Ukraine Volodymyr Zelensky.', 'main_image': 'https://static-images.vnncdn.net/vps_images_publish/000001/000003/2025/5/17/dien-kremlin-noi-ve-kha-nang-dam-phan-truc-tiep-putin-zelensky-74466.jpg?width=0&s=ZfC7D9gfzxhmU9vQ-WuYlg', 'content': 'Tuấn Trần\n\nHãng tin TASS dẫn lời ông Peskov hôm nay (17/5) cho biết, các cuộc đối thoại trực tiếp giữa Tổng thống Nga Putin và Tổng thốngUkraineZelensky sẽ chỉ có thể diễn ra khi những nỗ lực đàm phán của các phái đoàn 2 nước đạt tiến triển cùng nhiều thỏa thuận cụ thể.\n\n“Hiện còn quá sớm để nói về vòng thương lượng tiếp theo với Ukraine sẽ diễn ra ở đâu và khi nào. Trước tiên, chúng ta cần thực hiện những thỏa thuận đã đạt được. Cho đến nay, chúng ta phải làm những gì mà các phái đoàn nhất trí vào ngày 16/5… Đối với Nga, điều cơ bản là ai sẽ đại diện cho Ukraine ký vào các văn kiện, trong trường hợp Moscow và Kiev đạt được thỏa thuận”, ông Peskov nói.\n\nPhát ngôn viên Điện Kremlin cũng từ chối bình luận về các thông tin do phía Ukraine tiết lộ cho giới truyền thông về những điều khoảnNgađưa ra trong cuộc đàm phán ở Istanbul, Thổ Nhĩ Kỳ hôm 16/5. “Các cuộc đàm phán phải được thực hiện nghiêm túc đằng sau hậu trường. Điều đó vì lợi ích và hiệu quả của quá trình thương lượng”.\n\nĐài RT trích dẫn thông tin do hãng thông tấn Bloomberg đăng tải cho biết, khi đàm phán với phái đoàn Ukraine \xa0tại Istanbul hôm 16/5, phía Nga đã đưa ra một danh sách điều kiện Moscow muốn Kiev đáp ứng, gồm Ukraine phải đồng ý giữ nguyên trạng thái trung lập; cấm binh sĩ và vũ khí hạt nhân nước ngoài triển khai ở quốc gia này; từ bỏ yêu cầu bồi thường; thừa nhận các khu vực Nga đã kiểm soát trên thực tế và rút quân khỏi những nơi đó trước khi một lệnh ngừng bắn được công bố.\n\nTrả lời phỏng vấn hãng tin Sky News, một quan chức Ukraine giấu tên mô tả những điều kiện trên của Moscow “không có khởi đầu và không mang tính xây dựng”.', 'url': 'https://vietnamnet.vn/dien-kremlin-noi-ve-kha-nang-dam-phan-truc-tiep-putin-zelensky-2402179.html', 'category': 'the-gioi', 'crawled_at': '2025-05-18T14:56:14.690552+07:00', 'is_live': 1, '_id': '2402179'}}, {'index': 9, 'code': 11000, 'errmsg': 'E11000 duplicate key error collection: News.the-gioi index: _id_ dup key: { _id: "2401478" }', 'keyPattern': {'_id': 1}, 'keyValue': {'_id': '2401478'}, 'op': {'title': 'Đội cảnh sát chuyên cảnh cáo người đi bộ vội vàng, huýt sáo giữa đường', 'author': 'Không có thông tin tác giả', 'publish_date': datetime.datetime(2025, 5, 17, 14, 6), 'views': None, 'tags': [], 'description': 'Giữa London, trung tâm thương mại Burlington vẫn giữ nguyên luật lệ từ năm 1819: Không huýt sáo, không vội vã. người gìn giữ trật tự ấy là Beadles – lực lượng cảnh sát kỳ lạ', 'main_image': 'https://static-images.vnncdn.net/vps_images_publish/000001/000003/2025/5/17/doi-canh-sat-chuyen-canh-cao-nguoi-di-bo-voi-vang-huyt-sao-giua-duong-1172.gif?width=0&s=sekEhf8weE6MwCQNc8pHjw', 'content': 'Hạ Phương\n\nRa đời từ năm 1819, lực lượng Beadles của Burlington Arcade được xem là một trong những đội “cảnh sát tư” lâu đời và nhỏ nhất thế giới. Họ không mang theo còng số 8 hay vũ khí, nhưng lại có quyền nhắc nhở, thậm chí mời bạn rời khỏi khu mua sắm nếu vi phạm những quy tắc đặc biệt, ví dụ như huýt sáo. Qua 200 năm, lực lượng cánh sát này vẫn hoạt động, khoác lên mình bộ quân phục như những người lính thời xưa và luôn sẵn sàng để duy trì phong cách lịch thiêp, quý tộc cho trung tâm mua sắm sang trọng nhất nhì nước Anh.\n\nTheo Great Big Story', 'url': 'https://vietnamnet.vn/doi-canh-sat-chuyen-canh-cao-nguoi-di-bo-voi-vang-huyt-sao-giua-duong-2401478.html', 'category': 'the-gioi', 'crawled_at': '2025-05-18T14:56:22.091539+07:00', 'is_live': 0, '_id': '2401478'}}, {'index': 10, 'code': 11000, 'errmsg': 'E11000 duplicate key error collection: News.the-gioi index: _id_ dup key: { _id: "2402252" }', 'keyPattern': {'_id': 1}, 'keyValue': {'_id': '2402252'}, 'op': {'title': 'Vượt ngục như phim: 10 tội phạm nguy hiểm trốn thoát khỏi nhà tù ở Mỹ', 'author': 'Không có thông tin tác giả', 'publish_date': datetime.datetime(2025, 5, 18, 6, 13), 'views': None, 'tags': [], 'description': 'Mười tù nhân đã vượt ngục thành công khỏi một nhà tù ở New Orleans (Mỹ) rạng sáng 16/5, sau khi phá tường toilet, và để lại dòng chữ đầy thách thức: “Quá dễ”.', 'main_image': 'https://static-images.vnncdn.net/vps_images_publish/000001/000003/2025/5/17/vuot-nguc-nhu-phim-10-toi-pham-nguy-hiem-tron-thoat-khoi-nha-tu-o-my-95475.gif?width=0&s=OUTFNPiusq1-oUwKl7eanQ', 'content': 'Hạ Phương\n\nTheo ABC News | Video: ABC News, Fox News', 'url': 'https://vietnamnet.vn/vuot-nguc-nhu-phim-10-toi-pham-nguy-hiem-tron-thoat-khoi-nha-tu-o-my-2402252.html', 'category': 'the-gioi', 'crawled_at': '2025-05-18T14:56:32.053506+07:00', 'is_live': 0, '_id': '2402252'}}, {'index': 11, 'code': 11000, 'errmsg': 'E11000 duplicate key error collection: News.the-gioi index: _id_ dup key: { _id: "2402134" }', 'keyPattern': {'_id': 1}, 'keyValue': {'_id': '2402134'}, 'op': {'title': 'Tổng thống Trump cáo buộc cựu giám đốc FBI kêu gọi ám sát ông', 'author': 'Không có thông tin tác giả', 'publish_date': datetime.datetime(2025, 5, 17, 14, 53, 45), 'views': None, 'tags': [], 'description': 'Tổng thống Mỹ Donald Trump nhận xét, bức ảnh được cựu giám đốc Cục Điều tra Liên bang (FBI) James Comey đăng trên mạng xã hội về dãy số 8647 là lời kêu gọi ám sát ông.', 'main_image': 'https://static-images.vnncdn.net/vps_images_publish/000001/000003/2025/5/17/trump-cnn-2-63001.jpg?width=0&s=PYYtnSopuYoJYpnxTq30Hg', 'content': 'Tuấn Trần\n\nHãng thông tấn RT đưa tin, trong một bài viết trên Instagram hôm 15/5, cựu giám đốc FBI James Comey đã đăng tải bức ảnh về dãy số 8647 được xếp bằng vỏ sò trên cát cùng dòng chú thích: “Xếp hình bằng vỏ sò tuyệt đẹp trên bãi biển mà tôi đang đi dạo”.\n\nBài đăng trên của ông Comey ngay sau đó đã thu hút chú ý của nhiều quan chức Nhà Trắng và các chính trị gia thuộc đảng Cộng hòa. Những người này nhanh chóng diễn giải dãy số trên là “một lời đe dọa đã được mã hóa nhằm vào vị tổng thống thứ 47 của Mỹ”, tức ông Trump. Riêng số 86 theo tiếng lóng nghĩa là “loại bỏ” hoặc “giết”.\n\nÔng Comey sau đó đã gỡ bài viết trên và trong một bài đăng khác giải thích đó là một thông điệp chính trị, nhưng bản thân không nhận ra dãy số có thể liên quan tới hành động bạo lực. “Tôi phản đối mọi hình thức bạo lực, vì vậy tôi đã gỡ bài xuống”, ông Comey viết.\n\nTuy nhiên,Tổng thống Mỹ Trumptrong cuộc phỏng vấn với kênh Fox News hôm 16/5 nói rằng bản thân cảm thấy lời giải thích của cựu giám đốc FBI không thuyết phục. “Ông ấy biết rõ điều đó nghĩa là gì. Một đứa trẻ biết dãy số đó nghĩa là gì. Đó nghĩa là ám sát và điều đó được nói rất to và rõ ràng…”, ông Trump nhấn mạnh.\n\nVideo: Fox News\n\nTheo Giám đốc Cơ quan tình báo quốc gia Mỹ Tulsi Gabbard, bài đăng trên Instagram có thể khiến ông Comey đối mặt nhiều hậu quả pháp lý. “Luật pháp quy định những người như ông Comey, những người đưa ra lời đe dọa trực tiếp nhằm vào Tổng thống Mỹ, về cơ bản là đưa ra lời kêu gọi ám sát, sẽ phải chịu trách nhiệm trước pháp luật”, bà Gabbard cho hay.', 'url': 'https://vietnamnet.vn/tong-thong-trump-cao-buoc-cuu-giam-doc-fbi-keu-goi-am-sat-ong-2402134.html', 'category': 'the-gioi', 'crawled_at': '2025-05-18T14:56:41.733082+07:00', 'is_live': 0, '_id': '2402134'}}, {'index': 12, 'code': 11000, 'errmsg': 'E11000 duplicate key error collection: News.the-gioi index: _id_ dup key: { _id: "2402159" }', 'keyPattern': {'_id': 1}, 'keyValue': {'_id': '2402159'}, 'op': {'title': 'Ukraine công bố tổn thất của Nga, dùng UAV phá kho đạn ở Crưm', 'author': 'Không có thông tin tác giả', 'publish_date': datetime.datetime(2025, 5, 17, 16, 20, 14), 'views': None, 'tags': [], 'description': 'Bộ Tổng tham mưu Các lực lượng vũ trang Ukraine hôm nay (17/5) đã công bố số liệu về những tổn thất của Nga từ khi xung đột giữa hai nước bùng phát vào tháng 2/2022.', 'main_image': 'https://static-images.vnncdn.net/vps_images_publish/000001/000003/2025/5/17/ukraine-cong-bo-ton-that-cua-nga-dung-uav-pha-kho-dan-o-crum-69517.jpg?width=0&s=HhroDXaHbKyPrTwAA9eLFA', 'content': 'Tuấn Trần\n\nBộ Tổng tham mưu Lực lượng Vũ trangUkrainetuyên bố, quân đội nước này đã khiến đối phương mất gần 972.600 binh sĩ kể từ đầu xung đột. Chỉ tính riêng trong 24 giờ qua, quân đội Ukraine đã khiến 910 binh sĩ Nga thương vong .\n\n“Quân đội Nga đã mất 10.831 xe tăng; 22.553 xe chiến đấu bọc thép; 48.809 xe tải và phương tiện cơ giới; 27.942 hệ thống pháo các loại; 1.167 hệ thống phòng không; 372 tiêm kích và 336 trực thăng; 28 tàu chiến và một tàu ngầm”, trích thống kê của Bộ Quốc phòng Ukraine.\n\nTrong khi đó, dữ liệu do chuyên trang phân tích phòng thủ tình báo Oryxspioenkop của Hà Lan cập nhật hôm 16/5 cho hay, tổng số trang thiết bị hạng nặng đã bị phát hủy của các lực lượng vũ trang Moscow kể từ khi phát động chiến dịch quân sự đặc biệt là 21.757 khí tài, trong đó có 3.983 xe tăng và 2.131 xe chiến đấu bọc thép.\n\nUkraine dùng UAV phá kho đạn ở Crưm\n\nVideo: Ukrinform/Crimean Wind\n\nTờ Ukrinform ngày 17/5 dẫn nguồn tin giấu tên thuộc Cơ quan An ninh Ukraine (SBU) nói, các mục tiêu quân sự Nga trên bán đảo Crưm mới bị phá hủy trong cuộc tập kích bằng máy bay không người lái (UAV) của Ukraine là một số kho đạn của Lữ đoàn bảo vệ bờ biển số 126 trực thuộc Hạm đội Biển Đen Nga.\n\n“Chúng tôi sẽ tiếp tục tấn công vào các mục tiêu của Nga trên bán đảo Crưm nhằm làm suy yếu khả năng quân sự đối phương”, nguồn tin giấu tên nhấn mạnh.\n\nUkrinform dẫn đoạn video do trang Crimean Wind đăng tải trên kênh Telegram cho thấy, một số cột khói lớn bốc lên tại khu vực Perevalne trên bán đảo Crưm kèm theo nhiều tiếng nổ lớn.\n\nHiện quân đội Nga chưa bình luận về hình ảnh và thông tin do Ukrinform đăng tải.', 'url': 'https://vietnamnet.vn/ukraine-cong-bo-ton-that-cua-nga-dung-uav-pha-kho-dan-o-crum-2402159.html', 'category': 'the-gioi', 'crawled_at': '2025-05-18T14:56:50.602441+07:00', 'is_live': 0, '_id': '2402159'}}, {'index': 13, 'code': 11000, 'errmsg': 'E11000 duplicate key error collection: News.the-gioi index: _id_ dup key: { _id: "2402035" }', 'keyPattern': {'_id': 1}, 'keyValue': {'_id': '2402035'}, 'op': {'title': 'Ông Trump dọa phạt nặng Nga nếu không đạt thỏa thuận hòa bình với Ukraine', 'author': 'Không có thông tin tác giả', 'publish_date': datetime.datetime(2025, 5, 17, 9, 53, 42), 'views': None, 'tags': [], 'description': 'Tổng thống Mỹ Donald Trump trả lời phỏng vấn truyền thông rằng, ông sẽ áp thêm đòn trừng phạt lên Nga nếu Moscow không đạt được thỏa thuận hòa bình với Ukraine.', 'main_image': 'https://static-images.vnncdn.net/vps_images_publish/000001/000003/2025/5/17/ong-trump-doa-phat-nang-nga-neu-khong-dat-thoa-thuan-hoa-binh-voi-ukraine-37839.jpg?width=0&s=r39j42lGDCp7SC7OTDXVVA', 'content': 'Tuấn Trần\n\nTrong cuộc phỏng vấn với kênh Fox News hôm 16/5, Tổng thống MỹDonald Trumpcho hay, ông vẫn tin tưởng người đồng cấp Nga Vladimir Putin sẵn sàng đạt một thỏa thuận để kết thúc cuộc xung đột ở Ukraine. Tuy nhiên, lãnh đạo Nhà Trắng cũng cảnh báo, nếu các cuộc hòa đàm thất bại, Washington sẽ giáng đòn trừng phạt nặng vào Moscow.\n\n“Thành thật mà nói, tôi sẽ áp nhiều lệnh trừng phạt nếu chúng ta không đạt được một thỏa thuận… Điều này sẽ ‘nghiền nát’ nước Nga, vì họ đang gặp khó khăn về kinh tế trong khi giá dầu ở mức thấp”, ông Trump nói.\n\nTổng thống Mỹ sau đó nhắc tới việc ông muốn sớm gặp gỡ người đồng cấp Nga Putin. “Tôi có một mối quan hệ tốt với ông Putin. Tôi nghĩ chúng tôi sẽ đạt được một thỏa thuận. Chúng tôi phải gặp nhau và tôi cho rằng cần lên lịch cho điều này”, ông Trump bày tỏ.\n\nTheo tờ Kyiv Independent, những tuyên bố trên của ông Trump được đưa ra trong bối cảnh cuộc đối thoại trực tiếp giữa các phái đoàn Nga và Ukraine ở Thổ Nhĩ Kỳ diễn ra trước đó cùng ngày đãkhông đạt được nhiều tiến triểnkhi lập trường của hai bên quá khác biệt.\n\nCác quan chức Ukraine cho biết, một trong những yêu cầu của Nga là Kiev cần rút toàn bộ quân khỏi những vùng lãnh thổ đang giao tranh. Họ mô tả điều kiện trên của Moscow “không mang tính xây dựng”.', 'url': 'https://vietnamnet.vn/ong-trump-doa-phat-nang-nga-neu-khong-dat-thoa-thuan-hoa-binh-voi-ukraine-2402035.html', 'category': 'the-gioi', 'crawled_at': '2025-05-18T14:57:05.111217+07:00', 'is_live': 0, '_id': '2402035'}}, {'index': 14, 'code': 11000, 'errmsg': 'E11000 duplicate key error collection: News.the-gioi index: _id_ dup key: { _id: "2401991" }', 'keyPattern': {'_id': 1}, 'keyValue': {'_id': '2401991'}, 'op': {'title': 'Ông Trump dừng đàm phán, chuẩn bị công bố mức thuế mới với các đối tác', 'author': 'Không có thông tin tác giả', 'publish_date': datetime.datetime(2025, 5, 17, 6, 24, 38), 'views': None, 'tags': [], 'description': 'Tổng thống Trump nói việc đàm phán riêng rẽ với tất cả đối tác thương mại là điều khó thực hiện, và Mỹ sẽ gửi thư cho các quốc gia để công bố mức thuế quan mới.', 'main_image': 'https://static-images.vnncdn.net/vps_images_publish/000001/000003/2025/5/17/ong-trump-dung-dam-phan-chuan-bi-cong-bo-muc-thue-moi-voi-cac-doi-tac-20113.jpg?width=0&s=3xSXr3xD4EsORuP5p_6quQ', 'content': 'Việt Dũng\n\nTheo The Hill, Tổng thống MỹDonald Trumpngày 16/5 nói rằng Washington sẽ gửi thư công bố mức thuế quan mới cho các đối tác thương mại trong thời gian tới, sau khi thời hạn tạm dừng 90 ngày kết thúc.\n\n"Chúng tôi đang có 150 đối tác muốn thảo luận riêng về vấn đề thương mại, nhưng để đàm phán với tất cả bọn họ là không thể. Trong vòng 2 đến 3 tuần tới, chúng tôi sẽ gửi thư tới các đối tác thương mại của Washington để thông báo về mức thuế mà họ phải trả để có thể xuất khẩu hàng hóa sang Mỹ", ông Trump cho biết.\n\nTrong phát biểu của mình, Tổng thống Trump không nói rõ các quốc gia được nhận thư thông báo, và liệu mức thuế quan mới có cao hơn mức thuế đối ứng được công bố vào đầu tháng 4 hay không.\n\nTheo truyền thông địa phương, ông Trump đã yêu cầu Bộ trưởng Tài chính Scott Bessent và Bộ trưởng Thương mại Howard Lutnick thông báo mức thuế mới sẽ áp dụng với từng quốc gia cụ thể. Mức thuế mới được mô tả là "công bằng, nhưng các đối tác sẽ phải trả số tiền hợp lý để kinh doanh tại Mỹ".\n\nVào ngày 2/4, Tổng thống Trump đã công bố mức thuế đối ứng từ 10% - 50% áp dụng với hầu hết các đối tác thương mại của Mỹ. Tuy vậy, chủ nhân Nhà Trắng sau đó đã quyết định tạm dừng chính sách thuế khắc nghiệt này trong vòng 90 ngày, nhằm tạo cơ hội để đàm phán về thương mại.\n\n"Tôi nghĩ đó là điều tích cực với thế giới và chúng tôi không muốn làm tổn thương các quốc gia khác... tất cả đều muốn đàm phán", ông Trump nói về quyết định tạm hoãn áp thuế.', 'url': 'https://vietnamnet.vn/ong-trump-dung-dam-phan-chuan-bi-cong-bo-muc-thue-moi-voi-cac-doi-tac-2401991.html', 'category': 'the-gioi', 'crawled_at': '2025-05-18T14:57:16.814687+07:00', 'is_live': 0, '_id': '2401991'}}, {'index': 15, 'code': 11000, 'errmsg': 'E11000 duplicate key error collection: News.the-gioi index: _id_ dup key: { _id: "2402305" }', 'keyPattern': {'_id': 1}, 'keyValue': {'_id': '2402305'}, 'op': {'title': 'Ông Medvedev nêu yếu tố làm chệch hướng đàm phán Nga – Ukraine', 'author': 'Không có thông tin tác giả', 'publish_date': datetime.datetime(2025, 5, 18, 9, 18, 52), 'views': None, 'tags': [], 'description': 'Cựu Tổng thống Nga Dmitry Medvedev cảnh báo, các tối hậu thư của Mỹ và châu Âu có thể làm chệch hướng đàm phán hòa bình giữa Moscow và Kiev.\xa0', 'main_image': 'https://static-images.vnncdn.net/vps_images_publish/000001/000003/2025/5/18/ong-medvedev-neu-yeu-to-lam-chech-huong-dam-phan-nga-ukraine-35486.jpg?width=0&s=7WGjGna-N-X78OHRIHKJ9A', 'content': 'Minh Thu\n\nTheo hãng tin RT, tuyên bố hôm 17/5 của ông Medvedev, người đang giữ chức Phó Chủ tịch Hội đồng An ninh Nga, được đưa ra sau khi Liên minh châu Âu (EU) và Mỹ đe dọa ban hành các lệnh trừng phạt bổ sung đối với Moscow.\n\nKhi Nga và Ukraine tổ chức đàm phán trực tiếp lần đầu tiên sau 3 năm tại Istanbul, Thổ Nhĩ Kỳ vào ngày 16/5, Tổng thống Mỹ Donald Trump cho biết, ông có thể áp đặt thêm đòn trừng phạt "nghiền nát" Nga, nếu Moscow không đạt thỏa thuận hòa bình với Kiev.\n\nTrong khi đó, các quốc gia thành viên EU cũng đã nhất trí về gói trừng phạt thứ 17, và dự kiến \u200b\u200bsẽ được chính thức phê duyệt vào tuần tới.\n\n"Tất cả những kẻ thù củaNgađưa ra tối hậu thư đàm phán nên nhớ một điều đơn giản: chỉ riêng các cuộc đàm phán hòa bình không phải lúc nào cũng dẫn đến chấm dứt giao tranh", ông Medvedev chia sẻ trên mạng xã hội X.\n\n"Các cuộc đàm phán không thành công có thể dẫn đến sự khởi đầu của một giai đoạn khủng khiếp hơn với các loạivũ khí, và người tham gia mới", ông nói thêm.\n\nTrước đó, phương Tây đã thúc giục Nga chấp nhận lệnh ngừng bắn vô điều kiện trong 30 ngày do Ukraine và Mỹ đề xuất. Tuy nhiên, Moscow cho rằng Kiev sẽ lợi dụng thời gian tạm dừng giao tranh để tái vũ trang, và tái tập hợp lực lượng.\n\nTổng thống Vladimir Putin cũng khẳng định, một giải pháp lâu dài sẽ yêu cầu Ukraine dừng chiến dịch huy động quân, ngừng nhận vũ khí từ nước ngoài, và rút quân khỏi lãnh thổ Nga.\n\nÔng Vladimir Medinsky, người đứng đầu phái đoàn đàm phán Nga tại Istanbul, cho biết hai bên đã nhất trí tiến hành trao đổi tù binh với quy mô 1.000 người mỗi bên, và sẽ tiếp tục liên lạc sau khi cả hai bên đã chuẩn bị các đề xuất ngừng bắn chi tiết.', 'url': 'https://vietnamnet.vn/ong-medvedev-neu-yeu-to-lam-chech-huong-dam-phan-nga-ukraine-2402305.html', 'category': 'the-gioi', 'crawled_at': '2025-05-18T14:57:28.208031+07:00', 'is_live': 0, '_id': '2402305'}}, {'index': 16, 'code': 11000, 'errmsg': 'E11000 duplicate key error collection: News.the-gioi index: _id_ dup key: { _id: "2402275" }', 'keyPattern': {'_id': 1}, 'keyValue': {'_id': '2402275'}, 'op': {'title': 'Mỹ ấn định thời gian bàn việc rút quân khỏi châu Âu với NATO', 'author': 'Không có thông tin tác giả', 'publish_date': datetime.datetime(2025, 5, 18, 6, 11, 3), 'views': None, 'tags': [], 'description': 'Đại sứ Mỹ tại NATO Matthew Whitaker cho biết, Washington sẽ bắt đầu thảo luận các chi tiết của việc rút quân một phần khỏi châu Âu với các thành viên NATO khác vào cuối năm nay.\xa0', 'main_image': 'https://static-images.vnncdn.net/vps_images_publish/000001/000003/2025/5/18/my-an-dinh-thoi-gian-ban-viec-rut-quan-khoi-chau-au-voi-nato-20174.jpg?width=0&s=ApOyX-mFl4tD2gL1ZL3GXg', 'content': 'Hoài Linh\n\nTheo ông Whitaker,Mỹđã tìm cách làm như vậy trong hơn 3 thập niên và đang hết kiên nhẫn. Hãng NBC News hồi tháng 4 đưa tin, Mỹ đang cân nhắc rút 10.000 quân khỏi Đông Âu. Sau đó, Tổng thống Mỹ Donald Trump xác nhận kế hoạch này nhưng không đưa ra lịch trình.\n\nQuan chức ngoại giao Mỹ nói: "Chắc chắn là sau hội nghị thượng đỉnh của NATO ở The Hague, đâu đó vào cuối năm nay, chúng tôi sẽ bắt đầu các cuộc thảo luận... Tất cả các đồng minh của chúng tôi đều đã sẵn sàng làm việc đó. Chúng tôi không còn chút kiên nhẫn nào để trì hoãn thêm".\n\nViện Nghiên cứu Chiến lược Quốc tế cho biết, chi phí thay thế thiết bị và binh sĩ Mỹ sau khi Washington rút quân có thể lên tới 1.000 tỷ USD trong vòng 25 năm. Tổng số tiền này sẽ bao gồm các chi phí mua một lần từ 226 - 344 tỷ USD, tùy thuộc vào thiết bị cần thay thế cũng như các chi phí liên quan đến bảo trì, nhân sự và hỗ trợ.\xa0Danh sách thiết bị quân sự các thành viên NATO ở châu Âu cần mua sau khi rút quân có thể bao gồm 400 máy bay chiến đấu chiến thuật, 20 tàu khu trục và 24 tên lửa đất đối không tầm xa.\n\nTheo Bộ Tư lệnh châu Âu của Mỹ, tính đến đầu năm 2025 có gần 84.000 quân Mỹ đang đồn trú tại châu Âu, tập trung nhiều nhất ở Đức và Ba Lan và triển khai ít hơn ở Romania, Estonia và Lithuania.\n\nMỹ là nước đóng góp tài chính lớn nhất cho NATO. Ông Trump đã nhiều lần chỉ trích các thành viên của khối này ở châu Âu vì không đạt mục tiêu chi tiêu quốc phòng, đồng thời thúc giục họ chịu trách nhiệm nhiều hơn cho quốc phòng của chính mình.', 'url': 'https://vietnamnet.vn/my-cong-bo-thoi-gian-ban-viec-rut-quan-khoi-chau-au-voi-nato-2402275.html', 'category': 'the-gioi', 'crawled_at': '2025-05-18T14:57:34.861572+07:00', 'is_live': 0, '_id': '2402275'}}, {'index': 17, 'code': 11000, 'errmsg': 'E11000 duplicate key error collection: News.the-gioi index: _id_ dup key: { _id: "2402276" }', 'keyPattern': {'_id': 1}, 'keyValue': {'_id': '2402276'}, 'op': {'title': 'Mỹ phủ nhận có kế hoạch di dời vĩnh viễn 1 triệu người Palestine tới Libya', 'author': 'Không có thông tin tác giả', 'publish_date': datetime.datetime(2025, 5, 18, 6, 56, 18), 'views': None, 'tags': [], 'description': 'Nhà Trắng đã bác bỏ thông tin rằng chính quyền của Tổng thống Mỹ Donald Trump đang thực hiện kế hoạch di dời vĩnh viễn 1 triệu người Palestine từ dải Gaza tới Libya.\xa0', 'main_image': 'https://static-images.vnncdn.net/vps_images_publish/000001/000003/2025/5/18/my-phu-nhan-co-ke-hoach-di-doi-vinh-vien-1-trieu-nguoi-palestine-toi-libya-22998.jpg?width=0&s=_vVJ3GHSD2im-gfsqk9pRA', 'content': 'Hoài Linh\n\nTheo hãng tin NBC, kể từ khi nhậm chức vào tháng 1, Tổng thống Mỹ Trump đã nhiều lần tuyên bố Washington sẵn sàng kiểm soátDải Gazavà biến vùng đất ven biển này thành khu nghỉ dưỡng ở biển Địa Trung Hải. Ý tưởng này vấp phải sự phản đối của các quốc gia khác trong khu vực, với lý do kế hoạch như vậy vi phạm luật pháp quốc tế, đe dọa sự ổn định khu vực và làm suy yếu quyền ở lại vùng đất tổ tiên của người Palestine.\n\nNBC hôm 16/5 dẫn lời 5 người, trong đó có một cựu quan chức Mỹ tiết lộ, Nhà Trắng đang nghiêm túc xem xét kế hoạch di dời 1/2 dân số Dải Gaza tới Libya. Để đổi lấy việc Libya chấp nhận người Palestine, chính quyền của ông Trump dự kiến sẽ giải ngân khoảng 30 tỷ USD trong các quỹ thuộc về quốc gia Bắc Phi này. Đây là số tiền bị Washington phong tỏa cách đây một thập niên.\n\nTheo những nguồn tin trên, các bên vẫn chưa đi tới thỏa thuận cuối cùng và Israel đã được thông báo về động thái của Mỹ.\n\nSau khi NBC đưa tin, một phát ngôn viên của Chính phủ Mỹ tuyên bố bài viết đó là không đúng sự thật. “Tình hình thực tế không cho phép thực hiện một kế hoạch như vậy. Điều đó không được thảo luận và không có ý nghĩa gì cả”, người phát ngôn cho biết.\n\nBasem Naim, một quan chức cấp cao của Phong trào Hồi giáo Hamas, cho biết nhóm vũ trang điều hành Gaza này không biết về bất kỳ cuộc thảo luận nào liên quan tới việc di dời người Palestine đến Libya.', 'url': 'https://vietnamnet.vn/my-phu-nhan-co-ke-hoach-di-doi-vinh-vien-1-trieu-nguoi-palestine-toi-libya-2402276.html', 'category': 'the-gioi', 'crawled_at': '2025-05-18T14:57:45.093885+07:00', 'is_live': 0, '_id': '2402276'}}, {'index': 18, 'code': 11000, 'errmsg': 'E11000 duplicate key error collection: News.the-gioi index: _id_ dup key: { _id: "2402063" }', 'keyPattern': {'_id': 1}, 'keyValue': {'_id': '2402063'}, 'op': {'title': 'EU lên án thỏa thuận thương mại Mỹ - Anh', 'author': 'Không có thông tin tác giả', 'publish_date': datetime.datetime(2025, 5, 17, 11, 15, 19), 'views': None, 'tags': [], 'description': 'Các bộ trưởng thương mại của Liên minh châu Âu (EU) đã lên án thỏa thuận thương mại đạt được gần đây giữa Mỹ và Anh.', 'main_image': 'https://static-images.vnncdn.net/vps_images_publish/000001/000003/2025/5/17/eu-len-an-thoa-thuan-thuong-mai-my-anh-45965.jpg?width=0&s=eGG9fJI6LVcpYxbAqE2whA', 'content': 'Tuấn Trần\n\nHãng RT đưa tin, các quan chức phụ trách thương mại của các nước thành viênEUđã\xa0bày tỏ sự bất bình sau khi Tổng thống MỹDonald Trumpvà Thủ tướng Anh Keir Starmer tuần trước ký kết một thỏa thuận hạn chế, trong đó Washington giữ nguyên mức thuế cơ bản 10% đối với hầu hết hàng xuất khẩu của Anh, đồng thời nới lỏng mức thuế nhập khẩu cao hơn áp lên các mặt hàng như thép, nhôm và ô tô từ xứ sở sương mù.\n\nPhát biểu với truyền thông hôm 15/5 trước cuộc họp của các quan chức EU ở Brussels, Bỉ, Bộ trưởng Thương mại Thụy Điển Benjamin Dousa nói: "Nếu thỏa thuận thương mại Anh – Mỹ là những gì châu Âu nhận được, Mỹ có thể phải đối mặt với các biện pháp đối phó từ EU”.\n\nBộ trưởng Thương mại Pháp Laurent Saint-Martin kêu gọi thận trọng và cho rằng EU nên cảnh giác với quan điểm "dừng lại ở mức thuế đối ứng 10% sẽ là điều tốt".\n\nTrong khi đó, Bộ trưởng Thương mại Michal Baranowski của Ba Lan, nước đang giữ chức chủ tịch luân phiên của Hội đồng Liên minh châu Âu, tuyên bố EU "sẽ không vui" nếu đạt một thỏa thuận tương tự như Anh với Mỹ.\n\nTạp chí phố Wall dẫn lời ông Baranowski cho hay: “Chúng tôi không cần một thỏa thuận thương mại nhanh chóng, chúng tôi cần một thỏa thuận tốt. Phía Mỹ cũng vậy, và chúng tôi có thời gian… Chúng ta đang thấy một số yếu tố lạc quan, khi chứng kiến nhiều động thái giảm leo thang từ Mỹ. Đây là một dấu hiệu tốt cho thấy các cuộc đàm phán giữa Washington và EU đang được đẩy nhanh. Tôi nghĩ chúng ta có thể đạt một thỏa thuận tốt hơn là duy trì mức thuế quan khá cao".\n\nTheo RT, Ủy ban châu Âu (EC) tuần trước đã đưa ra một danh sách các biện pháp trả đũa thương mại nhằm vào lượng hàng hóa Mỹ trị giá 106 tỷ USD (95 tỷ Euro) nếu các cuộc đàm phán giữa khối với Washington bị đình trệ.\n\nCố vấn Thương mại Nhà Trắng Peter Navarro sau đó cảnh báo EU sẽ "phạm phải sai lầm nghiêm trọng" nếu thực hiện đòn trả đũa trên, đồng thời gọi những biện pháp của khối là phản tác dụng.', 'url': 'https://vietnamnet.vn/nhieu-nuoc-eu-khong-hai-long-ve-thoa-thuan-thuong-mai-giua-my-va-anh-2402063.html', 'category': 'the-gioi', 'crawled_at': '2025-05-18T14:57:52.946760+07:00', 'is_live': 0, '_id': '2402063'}}, {'index': 19, 'code': 11000, 'errmsg': 'E11000 duplicate key error collection: News.the-gioi index: _id_ dup key: { _id: "2400163" }', 'keyPattern': {'_id': 1}, 'keyValue': {'_id': '2400163'}, 'op': {'title': 'Phương tiện chiến đấu dần thay thế xe tăng Nga trên tiền tuyến Ukraine', 'author': 'Không có thông tin tác giả', 'publish_date': datetime.datetime(2025, 5, 17, 5, 40), 'views': None, 'tags': [], 'description': 'Quân đội Nga ở Ukraine đang sử dụng xe máy thay cho xe bọc thép, đồng thời huy động xe tăng ở phía sau để hỗ trợ hỏa lực thay vì đóng vai trò tiên phong trong các cuộc tấn công.\xa0', 'main_image': 'https://static-images.vnncdn.net/vps_images_publish/000001/000003/2025/5/16/phuong-tien-chien-dau-dan-thay-the-xe-tang-nga-tren-tien-tuyen-ukraine-101894.jpg?width=0&s=PJkM7MtvLY-7jRVzTJFBKg', 'content': 'Minh Thu\n\n"ViệcNgatăng cường sử dụng xe máy là cách thích nghi để ứng phó trước các cuộc tấn công bằng máy bay không người lái (UAV) của Ukraine nhằm vào xe bọc thép Nga, khiến Moscow hứng chịu tổn thất vào cuối năm 2023 và 2024", Business Insider dẫn thông tin trong báo cáo mới của các nhà nghiên cứu tại Viện Nghiên cứu Chiến tranh (ISW).\n\nNgay cả Ukraine cũng phải bất ngờ trước những cuộc tấn công từ binh sĩ Nga lái xe máy. Theo một phát ngôn viên quân đội Ukraine, ý tưởng dùng xe máy tấn công "nghe có vẻ buồn cười". Tuy nhiên, quân đội Nga tin rằng, xe máy đủ nhanh để tấn công các vị trí của Ukraine, đủ nhẹ để xâm nhập qua địa hình mà xe tăng không thể tiếp cận, và đủ linh hoạt để tránh được UAV, loại thiết bị từng góp phần phá hủy 10.000 xe bọc thép của Nga.\n\n"Những cuộc tấn công như này có quy mô khá lớn với sự tham gia của hàng chục cho đến hàng trăm xe máy. Họ tin rằng theo cách này, họ có thể nhanh chóng vượt qua địa hình và tiếp cận các vị trí của Ukraine, nhanh hơn UAV có thể tiếp cận họ. Còn nếu không, một chiếc xe máy sẽ đấu với một UAV", phát ngôn viên quân đội Ukraine nhận định.\n\nTheo các nhà phân tích ISW, Nga đã sử dụng xe máy theo cách sáng tạo. Một người lính Ukraine chiến đấu gần thị trấn Pokrovsk cho biết, “các binh sĩ Nga lái xe máy tấn công theo nhóm 8 xe với sự hỗ trợ của hệ thống tác chiến điện tử (EW). Theo đó, quân nhân Nga mang theo hệ thống EW ở phía trước, giữa, và cuối đoàn xe để bảo vệ xe máy khỏi các cuộc tấn công của UAV Ukraine". Các hệ thống tác chiến điện tử của Nga có thể đánh lừa UAV Ukraine ở gần, hoặc làm nhiễu tần số điều khiển bằng tiếng ồn.\n\nMột người lính Ukraine khác nói thêm, “mỗi chiếc xe máy của Nga chở theo 2 người gồm một người lái và một xạ thủ. Lực lượng Nga sẽ tiếp tục tấn công bằng xe máy trong trường hợp người điều khiển UAV của Ukraine chỉ tiêu diệt được người lái xe máy”.\n\nNga được cho đang chuyển sang sử dụng xe máy cho chiến thuật đánh nhanh rút nhanh, hoặc để nhanh chóng giành quyền kiểm soát lãnh thổ Ukraine trong các cuộc tấn công trực diện đối mặt với súng máy, và UAV cảm tử của đối phương. ISW đánh giá, "Nga có thể xem đây là cơ hội chiến thuật nhằm tận dụng xe máy và xe dân sự để tiến quân, đồng thời chiếm đóng được càng nhiều lãnh thổ Ukraine càng tốt trước khi có thể ngừng bắn, hoặc đàm phán hòa bình".\n\nVới việc UAV thống trị trongxung đột Nga – Ukraine, khả năng di chuyển linh hoạt càng trở nên quan trọng hơn. Các con đường truyền thống gần tiền tuyến hiện ngày càng trở nên nguy hiểm, do đó xe máy còn mang tới lựa chọn linh hoạt cho công tác hậu cần, phòng thủ, cũng như sơ tán y tế.\n\nBinh sĩ Nga dùng xe điện scooter gần Uspenivka. Video: Business Insider\n\nCũng theo ISW, chiến thuật tấn công bằng xe máy không bắt nguồn từ bộ tư lệnh cấp cao của Nga, mà là từ khả năng ứng biến của những binh sĩ Nga chiến đấu trên tiền tuyến sau khi họ phải hứng chịu tổn thất lớn từ UAV Ukraine. Một số video còn ghi lại cảnh lính Nga dùng xe điện scooter để làm nhiệm vụ.\n\nISW cho rằng, Bộ Quốc phòng Nga đang cố gắng chính thức hóa hoạt động của xe máy trong quân đội. Điều này bao gồm việc thành lập các trung tâm huấn luyện điều khiển xe máy ở Nga, cũng như tích hợp các đơn vị xe máy vào đội hình chiến đấu thường xuyên. Đây có thể là cách hiệu quả hơn để đưa chiến thuật tấn công mới vào tất cả các đơn vị đang chiến đấu ở Ukraine, cũng như phục vụ bất kỳ cuộc xung đột nào trong tương lai.\n\nTrên thực tế, liệu xe máy chiến đấu có trở thành một đặc điểm mới trong xung đột hiện đại hay không vẫn cần thời gian kiểm chứng. Nếu UAV và tên lửa tiếp tục biến xe tăng thành bẫy tử thần, một chiếc xe máy nhỏ gọn sẽ mang lại cơ hội sống sót tốt hơn cho các binh sĩ Nga, nhưng nó lại không có tác dụng bảo vệ như các tấm giáp chống đạn trên xe bọc thép.', 'url': 'https://vietnamnet.vn/phuong-tien-chien-dau-dan-thay-the-xe-tang-nga-tren-tien-tuyen-ukraine-2400163.html', 'category': 'the-gioi', 'crawled_at': '2025-05-18T14:58:00.608141+07:00', 'is_live': 0, '_id': '2400163'}}, {'index': 20, 'code': 11000, 'errmsg': 'E11000 duplicate key error collection: News.the-gioi index: _id_ dup key: { _id: "2402333" }', 'keyPattern': {'_id': 1}, 'keyValue': {'_id': '2402333'}, 'op': {'title': 'Tàu hải quân Mexico đâm vào cầu ở Mỹ, nhiều người bị thương', 'author': 'Không có thông tin tác giả', 'publish_date': datetime.datetime(2025, 5, 18, 11, 38, 21), 'views': None, 'tags': [], 'description': 'Tàu buồm huấn luyện ARM Cuauhtemoc của Hải quân Mexico đã va chạm với cầu Brooklyn ở New York, Mỹ vào tối 17/5, làm gãy cột buồm và khiến ít nhất 19 người bị thương.', 'main_image': 'https://static-images.vnncdn.net/vps_images_publish/000001/000003/2025/5/18/tau-hai-quan-mexico-dam-vao-cau-o-my-nhieu-nguoi-bi-thuong-48414.gif?width=0&s=G32YFDgcHcyJw-Efhi8csw', 'content': 'Minh Thu\n\nCác đoạn video quay từ hiện trường cho thấy, 3 cột buồm của ARM Cuauhtemoc được trang trí đèn màu đã bị gãy đổ sau khi va vào mặt dưới của cầu đường bộ Brooklyn.\n\nTờ New York Post dẫn lời các quan chức cứu hỏa và các nguồn tin riêng cho biết, nhiều người trong số 277 thành viên trong thủy thủ đoàn trên thuyền ARM Cuauhtemoc đã bị thương. Tờ báo cho hay, các nhân viên cứu hộ cũng đã kéo được những người bị rơi xuống nước. Khi xảy ra va chạm, nhiều thủy thủ đã có mặt trên các cột buồm.\n\nVideo: RT\n\nThị trưởng New York Eric Adams sau đó xác nhận với các phóng viên rằng, ít nhất 19 người đã bị thương, và trong đó có 4 người trong tình trạng nguy kịch.\n\n“Tình hình nhân sự và vật chất đang được Hải quânMexicovà chính quyền địa phương đánh giá”, Hải quân Mexico chia sẻ trên mạng xã hội X.\n\nCòn theo tờ Latin Times, thủy thủ đoàn trên thuyền buồm ARM Cuauhtemoc có thể đã đánh giá sai chiều cao của cột buồm với mặt dưới cầu Brooklyn. Theo đó, cột buồm cao 52m, còn khoảng cách giữa cầu với mặt nước khi thủy triều lên là gần 39m.\n\nVideo: RT\n\nÔng Fabien Levy, phát ngôn viên của Thị trưởng Adams, cho biết dường như "không có dấu hiệu hư hại về mặt kết cấu" của cây cầu.\n\nTai nạn bất ngờ xảy ra khi thuyền buồm ARM Cuauhtemoc có chuyến thăm hữu nghị để chuẩn bị cho cuộc diễu hành quốc tế tại cảng New York đánh dấu kỷ niệm 250 năm ngày độc lập của Mỹ vào năm 2026.', 'url': 'https://vietnamnet.vn/video-tau-hai-quan-mexico-dam-vao-cau-o-my-nhieu-nguoi-bi-thuong-2402333.html', 'category': 'the-gioi', 'crawled_at': '2025-05-18T14:58:19.708390+07:00', 'is_live': 0, '_id': '2402333'}}, {'index': 21, 'code': 11000, 'errmsg': 'E11000 duplicate key error collection: News.the-gioi index: _id_ dup key: { _id: "2402203" }', 'keyPattern': {'_id': 1}, 'keyValue': {'_id': '2402203'}, 'op': {'title': 'Ông Trump than phiền việc Mỹ phung phí hàng tỷ USD viện trợ cho Ukraine', 'author': 'Không có thông tin tác giả', 'publish_date': datetime.datetime(2025, 5, 17, 19, 56, 39), 'views': None, 'tags': [], 'description': 'Trong một cuộc phỏng vấn mới với hãng tin Fox, Tổng thống Mỹ Donald Trump bày tỏ lo ngại về việc nước này đã lãng phí hàng tỷ USD vào các khoản viện trợ cho Ukraine.', 'main_image': 'https://static-images.vnncdn.net/vps_images_publish/000001/000003/2025/5/17/ong-trump-than-phien-viec-my-phung-phi-hang-ty-usd-vien-tro-cho-ukraine-82437.jpg?width=0&s=Yu1WWGxjwt1aqJ1gJvxqLQ', 'content': 'Hoài Linh\n\nKhi được hỏi liệu ông có tin Tổng thống Nga Vladimir Putin là một trở ngại cho hòa bình giữa Moscow và Kiev hay không, người đứng đầu nước Mỹ tránh đổ lỗi cho ông Putin và thay vào đó chỉ trích Tổng thống Ukraine Volodymyr Zelensky.\n\nTổng thốngTrumpnói với người dẫn chương trình của hãng Fox: "Tôi đã có một cuộc họp thực sự bão tố với ông Zelensky vì tôi không thích những gì ông ấy nói. Ông Zelensky không làm cho mọi việc trở nên dễ dàng. Tôi luôn nói, ông ấy không có quân bài nào trong tay cả".\n\nTiếp đó, ông Trump chỉ trích người tiền nhiệm Joe Biden gửi nhiều viện trợ cho Ukraine. "Tiền là tiền... Tôi ghét phải chứng kiến cảnh những tấm séc trị giá 60 tỷ USD bị lãng phí. Tôi cho rằng ông Zelensky là người bán hàng vĩ đại nhất thế giới, giỏi hơn tôi nhiều. Ông ấy đến Washington và lần nào cũng ra về với hàng trăm triệu USD. Quốc hội rất khó chịu với điều đó. Bạn biết đó, các nghị sĩ đang hỏi tiền đang đi đâu".\n\nLãnh đạo Nhà Trắng cho biết thêm, hiện khả năng vận động hành lang để xin Mỹ viện trợ của Tổng thống Ukraine đang giảm dần theo thời gian. Kể từ năm 2022, Mỹ đã trợ cấp cho Ukraine 128 tỷ USD, gồm cả 66,5 tỷ USD viện trợ quân sự.\n\nMặc dù ông Trump trước đây từng chỉ trích cả ông Zelensky lẫn ông Putin, nhưng ông chủ yếu đổ lỗi cho Ukraine và chính quyền của cựu Tổng thống Mỹ Joe Biden về cuộc xung đột đang diễn ra giữa Nga - Ukraine.\n\nTrong một cuộc trao đổi căng thẳng diễn ra ở Nhà Trắng vào tháng 2, ông Trump đã cáo buộc người đồng cấp Ukraine không biết ơn Mỹ vì sự giúp đỡ của nước này, đồng thời tuyên bố nhà lãnh đạo Ukraine đang "đánh cược vào Thế chiến III".', 'url': 'https://vietnamnet.vn/ong-trump-than-phien-viec-my-phung-phi-hang-ty-usd-vien-tro-cho-ukraine-2402203.html', 'category': 'the-gioi', 'crawled_at': '2025-05-18T14:58:25.195036+07:00', 'is_live': 0, '_id': '2402203'}}, {'index': 22, 'code': 11000, 'errmsg': 'E11000 duplicate key error collection: News.the-gioi index: _id_ dup key: { _id: "2401780" }', 'keyPattern': {'_id': 1}, 'keyValue': {'_id': '2401780'}, 'op': {'title': 'Video Ukraine vô hiệu hóa nhiều xe tăng, xe thiết giáp của Nga', 'author': 'Không có thông tin tác giả', 'publish_date': datetime.datetime(2025, 5, 17, 5, 27), 'views': None, 'tags': [], 'description': 'Trung tướng Serhii Naiev, chỉ huy nhóm chiến thuật Vuhledar của Ukraine cho biết, lực lượng nước này đã vô hiệu hóa một đoàn xe cơ giới của Nga ở gần làng Novooleksandrivka.', 'main_image': 'https://static-images.vnncdn.net/vps_images_publish/000001/000003/2025/5/16/video-ukraine-vo-hieu-hoa-nhieu-xe-tang-xe-thiet-giap-cua-nga-101835.gif?width=0&s=FRsLT-S3aVJy-evue-j0Lw', 'content': 'Hoài Linh\n\nTrang tin quân sự Militarnyi dẫn lời Trung tướng Naiev cho hay, đoàn xe tăng và xe thiết giáp của Nga đã mở một cuộc tấn công gần làng Novooleksandrivka, miền đông Ukraine nhằm cố gắng chọc thủng hàng rào phòng thủ của quân Kiev tại Donetsk và Dnipropetrovsk bằng bất cứ giá nào. Ông Naiev lưu ý, quânNgasử dụng 5 xe tăng, 12 xe thiết giáp và 25 xe máy, di chuyển theo 3 hướng trong cuộc tấn công mới nhất.\n\nVị tướng Ukraine nói: "Trinh sát trên không của Ukraine phát hiện quân Nga từ xa, khi còn cách 5-10km. Nhờ pháo kích và máy bay không người lái (UAV) cảm tử, hơn 70 lính Nga cùng 2 xe tăng, 6 xe thiết giáp và 14 xe máy đã bị phá hủy. Cuộc tấn công của quân Nga đã bị đánh bại".\n\nVideo: Militarnyi\n\nÔng Naiev cho biết thêm, tháng trước, quân Nga đã tăng gấp đôi cường độ tấn công. Cụ thể, các lực lượng Moscow đã thực hiện 1.916 vụ không kích, sử dụng UAV để thả 8.275 thiết bị nổ, triển khai 16.286 máy bay không người lái góc nhìn thứ nhất tham gia chiến đấu, nhiều gấp 3 lần so với trước kia. Ngoài ra, quân Nga cũng mở nhiều cuộc pháo kích, tấn công bằng máy bay chiến thuật mỗi ngày.\n\n"Tuy nhiên, do nhóm chiến thuật Vuhledar tổ chức phòng thủ tốt, đồng thời phối hợp làm việc với các chỉ huy lữ đoàn, chúng tôi đã giữ vững mặt trận và khống chế đối phương ở mọi khu vực quan trọng”, vị chỉ huy nói thêm. Theo ông Naiev, tổn thất của Ukraine đã giảm 15% và tình hình chiến thuật được cải thiện ở 3 khu vực chính.', 'url': 'https://vietnamnet.vn/video-ukraine-vo-hieu-hoa-nhieu-xe-tang-xe-thiet-giap-cua-nga-2401780.html', 'category': 'the-gioi', 'crawled_at': '2025-05-18T14:58:34.231799+07:00', 'is_live': 0, '_id': '2401780'}}, {'index': 23, 'code': 11000, 'errmsg': 'E11000 duplicate key error collection: News.the-gioi index: _id_ dup key: { _id: "2401651" }', 'keyPattern': {'_id': 1}, 'keyValue': {'_id': '2401651'}, 'op': {'title': 'Video pháo binh Nga dội tên lửa vào vị trí quân Ukraine ở mặt trận Chasiv Yar', 'author': 'Không có thông tin tác giả', 'publish_date': datetime.datetime(2025, 5, 18, 5, 20), 'views': None, 'tags': [], 'description': 'Bộ Quốc phòng Nga cho biết, đòn tấn công bằng pháo phản lực BM-21 của lực lượng lính dù nước này đã khiến quân Ukraine hứng chịu tổn thất binh lực gần thị trấn Chasiv Yar.', 'main_image': 'https://static-images.vnncdn.net/vps_images_publish/000001/000003/2025/5/17/video-phao-binh-nga-doi-ten-lua-vao-vi-tri-quan-ukraine-o-mat-tran-chasiv-yar-90148.gif?width=0&s=ZI_b1NhJSMYx4dvMi1q3XA', 'content': 'Tuấn Trần\n\nVideo: Bộ Quốc phòng Nga/TASS\n\nHãng tin TASS trích dẫn thông cáo của Bộ Quốc phòng Nga cho hay, trong quá trình thực hiện nhiệm vụ gần Chasiv Yar, các đơn vị trinh sát của Moscow đã phát hiện binh sĩUkrainetập hợp trong một cứ điểm “nhằm ngăn nhiều nhóm tấn công của Nga đạt đột phá ở phía nam thị trấn”.\n\n“Sau khi nhận tọa độ mục tiêu, nhóm tác chiến pháo phản lực BM-21 trực thuộc đơn vị lính dù Nga đã nhanh chóng di chuyển tới vị trí khai hỏa và nã một loạttên lửavào vị trí của đối phương. Sau đó, các nhóm lính dù Nga tấn công vào cứ điểm của Ukraine và ‘dọn dẹp’ nơi đó”, trích thông cáo của Bộ Quốc phòng Nga.\n\nHiện phía Ukraine chưa bình luận về những thông tin trên.\n\nBản đồ cập nhật do trang Deep State của Ukraine cung cấp hôm 15/5 cho thấy, vùng màu đỏ do quân đội Nga kiểm soát chỉ cách khu vực Zemlyanky ở phía nam Chasiv Yar hơn 2km.', 'url': 'https://vietnamnet.vn/video-phao-binh-nga-doi-ten-lua-vao-vi-tri-quan-ukraine-o-mat-tran-chasiv-yar-2401651.html', 'category': 'the-gioi', 'crawled_at': '2025-05-18T14:58:42.070850+07:00', 'is_live': 0, '_id': '2401651'}}, {'index': 24, 'code': 11000, 'errmsg': 'E11000 duplicate key error collection: News.the-gioi index: _id_ dup key: { _id: "2402324" }', 'keyPattern': {'_id': 1}, 'keyValue': {'_id': '2402324'}, 'op': {'title': "Video trực thăng 'Cá sấu' của Nga bị phá hủy trên lãnh thổ Ukraine", 'author': 'Không có thông tin tác giả', 'publish_date': datetime.datetime(2025, 5, 18, 14, 12, 38), 'views': None, 'tags': [], 'description': "Chiếc trực thăng tấn công Ka-52 'Alligator' (Cá sấu) của Nga đã bị máy bay không người lái (UAV) của Ukraine bắn hạ khi đang làm nhiệm vụ tuần tra trên không.\xa0", 'main_image': 'https://static-images.vnncdn.net/vps_images_publish/000001/000003/2025/5/18/video-truc-thang-ca-sau-cua-nga-bi-pha-huy-tren-lanh-tho-ukraine-59955.gif?width=0&s=qjLdbb-5_uoHza0o2xa4ZQ', 'content': 'Minh Thu\n\nTheo Newsweek, đơn vị Bombus Balista thuộc Lực lượng tác chiến đặc biệt Ukraine tuyên bố đã tấn công thành công chiếc trực thăng Ka-52 trị giá 16 triệu USD của Nga bằng UAV góc nhìn thứ nhất FPV.\n\nĐoạn video cho thấy, FPV Ukraine đã nhắm mục tiêu vào trực thăng Nga, khi Ka-52 đang tuần tra chiến đấu trên lãnh thổ Ukraine. Tuy nhiên, chi tiết thời gian và địa điểm diễn ra cuộc tấn công không được công bố.\n\nVideo: Newsweek\n\n"Ka-52 tiến hành tuần tra chiến đấu trên các cánh đồng của Ukraine, nhưng không lường trước được sự hiện diện của nhóm UAV chiến thuật \'Bombus\'”, đơn vị Bombus Balista nhấn mạnh, đây là cuộc tấn công được tính toán kỹ lưỡng, làm gia tăng tổn thất khí tài cho Nga.\n\nKa-52 là trực thăng tấn công được quân đội Nga sử dụng cho nhiệm vụ trinh sát, và tấn công các mục tiêu dưới mặt đất. Trực thăng Mi-8 được Nga dùng để vận chuyển nhân sự, hàng hóa và hỗ trợ các hoạt động dưới mặt đất.\n\nTrực thăng của Nga có tải trọng chiến đấu lên đến 2 tấnvũ khívới tầm tác chiến là 460km. Ka-52 được trang bị pháo tự động 30mm 2A42-1, hệ thống tên lửa Sagittarius, mang theo các tên lửa dẫn đường như Attack và Vortex-1, cũng như các thùng chứa tên lửa không điều khiển S-8.\n\nHiện Bộ Quốc phòng Nga chưa lên tiếng về thông tin Ka-52 bị Ukraine phá hủy.\n\nTrước đó, vào tháng 5/2024,Ukrainetuyên bố đã bắn hạ một trực thăng Ka-52 của Nga. Theo United24 Media, vào tháng 2 năm nay, một chiếc Ka-52 khác của Nga cũng đã bị hệ thống MANPADS của Ukraine bắn hạ gần Avdiivka ở Donetsk.\n\nCũng theo United 24 Media, tên lửa và UAV của Lực lượng tác chiến đặc biệt Ukraine đã tấn công nhiều tài sản quân sự có giá trị cao khác của Nga bao gồm hệ thống tên lửa đất đối không Buk-M3 trị giá 45 triệu USD vào tháng 5, và một hệ thống tên lửa phóng loạt hàng hiếm Uragan.', 'url': 'https://vietnamnet.vn/video-truc-thang-ca-sau-cua-nga-bi-pha-huy-tren-lanh-tho-ukraine-2402324.html', 'category': 'the-gioi', 'crawled_at': '2025-05-18T14:58:52.171689+07:00', 'is_live': 0, '_id': '2402324'}}], 'writeConcernErrors': [], 'nInserted': 0, 'nUpserted': 0, 'nMatched': 0, 'nModified': 0, 'nRemoved': 0, 'upserted': []}
[2025-05-18T07:58:52.972+0000] {python.py:237} INFO - Done. Returned value was: None
[2025-05-18T07:58:52.975+0000] {taskinstance.py:441} INFO - ::group::Post task execution logs
[2025-05-18T07:58:53.014+0000] {taskinstance.py:1206} INFO - Marking task as SUCCESS. dag_id=vietnamnet_crawler_24h, task_id=crawl_the-gioi, run_id=manual__2025-05-18T07:45:32.745061+00:00, execution_date=20250518T074532, start_date=20250518T075447, end_date=20250518T075853
[2025-05-18T07:58:53.124+0000] {local_task_job_runner.py:240} INFO - Task exited with return code 0
[2025-05-18T07:58:53.237+0000] {taskinstance.py:3503} INFO - 1 downstream tasks scheduled from follow-on schedule check
[2025-05-18T07:58:53.242+0000] {local_task_job_runner.py:222} INFO - ::endgroup::
