[2025-05-17T20:30:02.195+0000] {local_task_job_runner.py:120} INFO - ::group::Pre task execution logs
[2025-05-17T20:30:02.109+0000] {taskinstance.py:2076} INFO - Dependencies all met for dep_context=non-requeueable deps ti=<TaskInstance: vietnamnet_crawler_24h.clean_old_articles scheduled__2025-05-17T20:00:00+00:00 [queued]>
[2025-05-17T20:30:02.117+0000] {taskinstance.py:2076} INFO - Dependencies all met for dep_context=requeueable deps ti=<TaskInstance: vietnamnet_crawler_24h.clean_old_articles scheduled__2025-05-17T20:00:00+00:00 [queued]>
[2025-05-17T20:30:02.118+0000] {taskinstance.py:2306} INFO - Starting attempt 1 of 2
[2025-05-17T20:30:02.130+0000] {taskinstance.py:2330} INFO - Executing <Task(PythonOperator): clean_old_articles> on 2025-05-17 20:00:00+00:00
[2025-05-17T20:30:02.136+0000] {warnings.py:112} WARNING - /home/***/.local/lib/python3.12/site-packages/***/task/task_runner/standard_task_runner.py:61: DeprecationWarning: This process (pid=1530) is multi-threaded, use of fork() may lead to deadlocks in the child.
  pid = os.fork()

[2025-05-17T20:30:02.137+0000] {standard_task_runner.py:63} INFO - Started process 1531 to run task
[2025-05-17T20:30:02.137+0000] {standard_task_runner.py:90} INFO - Running: ['***', 'tasks', 'run', 'vietnamnet_crawler_24h', 'clean_old_articles', 'scheduled__2025-05-17T20:00:00+00:00', '--job-id', '190', '--raw', '--subdir', 'DAGS_FOLDER/dags.py', '--cfg-path', '/tmp/tmpts6b9_no']
[2025-05-17T20:30:02.140+0000] {standard_task_runner.py:91} INFO - Job 190: Subtask clean_old_articles
[2025-05-17T20:30:02.177+0000] {task_command.py:426} INFO - Running <TaskInstance: vietnamnet_crawler_24h.clean_old_articles scheduled__2025-05-17T20:00:00+00:00 [running]> on host 60d771d880eb
[2025-05-17T20:30:02.254+0000] {taskinstance.py:2648} INFO - Exporting env vars: AIRFLOW_CTX_DAG_OWNER='***' AIRFLOW_CTX_DAG_ID='vietnamnet_crawler_24h' AIRFLOW_CTX_TASK_ID='clean_old_articles' AIRFLOW_CTX_EXECUTION_DATE='2025-05-17T20:00:00+00:00' AIRFLOW_CTX_TRY_NUMBER='1' AIRFLOW_CTX_DAG_RUN_ID='scheduled__2025-05-17T20:00:00+00:00'
[2025-05-17T20:30:02.255+0000] {taskinstance.py:430} INFO - ::endgroup::
[2025-05-17T20:30:02.506+0000] {database_cleaner.py:33} INFO - Đã kết nối MongoDB: News
[2025-05-17T20:30:02.507+0000] {database_cleaner.py:102} INFO - Xóa các bài viết trước: 2025-04-17T03:30:02.507467+07:00
[2025-05-17T20:30:03.590+0000] {database_cleaner.py:125} INFO - Collection 'cong-nghe': 0 bài bị xóa
[2025-05-17T20:30:03.994+0000] {database_cleaner.py:125} INFO - Collection 'the-gioi': 0 bài bị xóa
[2025-05-17T20:30:04.388+0000] {database_cleaner.py:125} INFO - Collection 'chinh-tri': 0 bài bị xóa
[2025-05-17T20:30:04.602+0000] {database_cleaner.py:125} INFO - Collection 'phap-luat': 0 bài bị xóa
[2025-05-17T20:30:04.800+0000] {database_cleaner.py:125} INFO - Collection 'doi-song': 0 bài bị xóa
[2025-05-17T20:30:05.008+0000] {database_cleaner.py:125} INFO - Collection 'giao-duc': 0 bài bị xóa
[2025-05-17T20:30:05.076+0000] {database_cleaner.py:42} INFO - Đã đóng kết nối MongoDB
[2025-05-17T20:30:05.077+0000] {database_cleaner.py:142} INFO - Đã xóa tổng cộng 0 bài, còn lại 1751
[2025-05-17T20:30:05.078+0000] {python.py:237} INFO - Done. Returned value was: {'cong-nghe': {'total': 37, 'deleted': 0, 'remaining': 37}, 'the-gioi': {'total': 404, 'deleted': 0, 'remaining': 404}, 'chinh-tri': {'total': 512, 'deleted': 0, 'remaining': 512}, 'phap-luat': {'total': 210, 'deleted': 0, 'remaining': 210}, 'doi-song': {'total': 289, 'deleted': 0, 'remaining': 289}, 'giao-duc': {'total': 299, 'deleted': 0, 'remaining': 299}}
[2025-05-17T20:30:05.078+0000] {taskinstance.py:441} INFO - ::group::Post task execution logs
[2025-05-17T20:30:05.097+0000] {taskinstance.py:1206} INFO - Marking task as SUCCESS. dag_id=vietnamnet_crawler_24h, task_id=clean_old_articles, run_id=scheduled__2025-05-17T20:00:00+00:00, execution_date=20250517T200000, start_date=20250517T203002, end_date=20250517T203005
[2025-05-17T20:30:05.124+0000] {local_task_job_runner.py:240} INFO - Task exited with return code 0
[2025-05-17T20:30:05.147+0000] {taskinstance.py:3503} INFO - 1 downstream tasks scheduled from follow-on schedule check
[2025-05-17T20:30:05.149+0000] {local_task_job_runner.py:222} INFO - ::endgroup::
