[2025-05-11T17:17:04.704+0000] {local_task_job_runner.py:120} INFO - ::group::Pre task execution logs
[2025-05-11T17:17:04.729+0000] {taskinstance.py:2076} INFO - Dependencies all met for dep_context=non-requeueable deps ti=<TaskInstance: vietnamnet_crawler_24h.clean_old_articles scheduled__2025-05-11T16:30:00+00:00 [queued]>
[2025-05-11T17:17:04.736+0000] {taskinstance.py:2076} INFO - Dependencies all met for dep_context=requeueable deps ti=<TaskInstance: vietnamnet_crawler_24h.clean_old_articles scheduled__2025-05-11T16:30:00+00:00 [queued]>
[2025-05-11T17:17:04.737+0000] {taskinstance.py:2306} INFO - Starting attempt 1 of 2
[2025-05-11T17:17:04.750+0000] {taskinstance.py:2330} INFO - Executing <Task(PythonOperator): clean_old_articles> on 2025-05-11 16:30:00+00:00
[2025-05-11T17:17:04.756+0000] {warnings.py:112} WARNING - /home/***/.local/lib/python3.12/site-packages/***/task/task_runner/standard_task_runner.py:61: DeprecationWarning: This process (pid=469) is multi-threaded, use of fork() may lead to deadlocks in the child.
  pid = os.fork()

[2025-05-11T17:17:04.758+0000] {standard_task_runner.py:63} INFO - Started process 470 to run task
[2025-05-11T17:17:04.757+0000] {standard_task_runner.py:90} INFO - Running: ['***', 'tasks', 'run', 'vietnamnet_crawler_24h', 'clean_old_articles', 'scheduled__2025-05-11T16:30:00+00:00', '--job-id', '3', '--raw', '--subdir', 'DAGS_FOLDER/dags.py', '--cfg-path', '/tmp/tmpjnabnmx0']
[2025-05-11T17:17:04.763+0000] {standard_task_runner.py:91} INFO - Job 3: Subtask clean_old_articles
[2025-05-11T17:17:04.816+0000] {task_command.py:426} INFO - Running <TaskInstance: vietnamnet_crawler_24h.clean_old_articles scheduled__2025-05-11T16:30:00+00:00 [running]> on host 2e5e0a2a1f8e
[2025-05-11T17:17:04.910+0000] {taskinstance.py:2648} INFO - Exporting env vars: AIRFLOW_CTX_DAG_OWNER='***' AIRFLOW_CTX_DAG_ID='vietnamnet_crawler_24h' AIRFLOW_CTX_TASK_ID='clean_old_articles' AIRFLOW_CTX_EXECUTION_DATE='2025-05-11T16:30:00+00:00' AIRFLOW_CTX_TRY_NUMBER='1' AIRFLOW_CTX_DAG_RUN_ID='scheduled__2025-05-11T16:30:00+00:00'
[2025-05-11T17:17:04.912+0000] {taskinstance.py:430} INFO - ::endgroup::
[2025-05-11T17:17:05.334+0000] {database_cleaner.py:33} INFO - Đã kết nối MongoDB: News
[2025-05-11T17:17:05.334+0000] {database_cleaner.py:102} INFO - Xóa các bài viết trước: 2025-04-11T00:17:05.334847+07:00
[2025-05-11T17:17:06.552+0000] {database_cleaner.py:125} INFO - Collection 'cong-nghe': 0 bài bị xóa
[2025-05-11T17:17:06.829+0000] {database_cleaner.py:125} INFO - Collection 'the-gioi': 0 bài bị xóa
[2025-05-11T17:17:07.553+0000] {database_cleaner.py:125} INFO - Collection 'chinh-tri': 0 bài bị xóa
[2025-05-11T17:17:07.756+0000] {database_cleaner.py:125} INFO - Collection 'phap-luat': 0 bài bị xóa
[2025-05-11T17:17:07.959+0000] {database_cleaner.py:125} INFO - Collection 'doi-song': 0 bài bị xóa
[2025-05-11T17:17:08.210+0000] {database_cleaner.py:125} INFO - Collection 'giao-duc': 0 bài bị xóa
[2025-05-11T17:17:08.266+0000] {database_cleaner.py:42} INFO - Đã đóng kết nối MongoDB
[2025-05-11T17:17:08.267+0000] {database_cleaner.py:142} INFO - Đã xóa tổng cộng 0 bài, còn lại 1819
[2025-05-11T17:17:08.268+0000] {python.py:237} INFO - Done. Returned value was: {'cong-nghe': {'total': 154, 'deleted': 0, 'remaining': 154}, 'the-gioi': {'total': 399, 'deleted': 0, 'remaining': 399}, 'chinh-tri': {'total': 549, 'deleted': 0, 'remaining': 549}, 'phap-luat': {'total': 175, 'deleted': 0, 'remaining': 175}, 'doi-song': {'total': 253, 'deleted': 0, 'remaining': 253}, 'giao-duc': {'total': 289, 'deleted': 0, 'remaining': 289}}
[2025-05-11T17:17:08.269+0000] {taskinstance.py:441} INFO - ::group::Post task execution logs
[2025-05-11T17:17:08.287+0000] {taskinstance.py:1206} INFO - Marking task as SUCCESS. dag_id=vietnamnet_crawler_24h, task_id=clean_old_articles, run_id=scheduled__2025-05-11T16:30:00+00:00, execution_date=20250511T163000, start_date=20250511T171704, end_date=20250511T171708
[2025-05-11T17:17:08.320+0000] {local_task_job_runner.py:240} INFO - Task exited with return code 0
[2025-05-11T17:17:08.342+0000] {taskinstance.py:3503} INFO - 1 downstream tasks scheduled from follow-on schedule check
[2025-05-11T17:17:08.345+0000] {local_task_job_runner.py:222} INFO - ::endgroup::
