[2025-05-03T23:00:01.175+0000] {local_task_job_runner.py:120} INFO - ::group::Pre task execution logs
[2025-05-03T23:00:01.194+0000] {taskinstance.py:2076} INFO - Dependencies all met for dep_context=non-requeueable deps ti=<TaskInstance: vietnamnet_crawler_with_summary.crawl_chinh-tri scheduled__2025-05-03T22:30:00+00:00 [queued]>
[2025-05-03T23:00:01.203+0000] {taskinstance.py:2076} INFO - Dependencies all met for dep_context=requeueable deps ti=<TaskInstance: vietnamnet_crawler_with_summary.crawl_chinh-tri scheduled__2025-05-03T22:30:00+00:00 [queued]>
[2025-05-03T23:00:01.204+0000] {taskinstance.py:2306} INFO - Starting attempt 1 of 2
[2025-05-03T23:00:01.220+0000] {taskinstance.py:2330} INFO - Executing <Task(PythonOperator): crawl_chinh-tri> on 2025-05-03 22:30:00+00:00
[2025-05-03T23:00:01.226+0000] {warnings.py:112} WARNING - /home/***/.local/lib/python3.12/site-packages/***/task/task_runner/standard_task_runner.py:61: DeprecationWarning: This process (pid=53471) is multi-threaded, use of fork() may lead to deadlocks in the child.
  pid = os.fork()

[2025-05-03T23:00:01.229+0000] {standard_task_runner.py:63} INFO - Started process 53472 to run task
[2025-05-03T23:00:01.231+0000] {standard_task_runner.py:90} INFO - Running: ['***', 'tasks', 'run', 'vietnamnet_crawler_with_summary', 'crawl_chinh-tri', 'scheduled__2025-05-03T22:30:00+00:00', '--job-id', '38', '--raw', '--subdir', 'DAGS_FOLDER/dags.py', '--cfg-path', '/tmp/tmp2bi0cxzj']
[2025-05-03T23:00:01.234+0000] {standard_task_runner.py:91} INFO - Job 38: Subtask crawl_chinh-tri
[2025-05-03T23:00:01.282+0000] {task_command.py:426} INFO - Running <TaskInstance: vietnamnet_crawler_with_summary.crawl_chinh-tri scheduled__2025-05-03T22:30:00+00:00 [running]> on host 61b2c69a7af3
[2025-05-03T23:00:01.372+0000] {taskinstance.py:2648} INFO - Exporting env vars: AIRFLOW_CTX_DAG_OWNER='***' AIRFLOW_CTX_DAG_ID='vietnamnet_crawler_with_summary' AIRFLOW_CTX_TASK_ID='crawl_chinh-tri' AIRFLOW_CTX_EXECUTION_DATE='2025-05-03T22:30:00+00:00' AIRFLOW_CTX_TRY_NUMBER='1' AIRFLOW_CTX_DAG_RUN_ID='scheduled__2025-05-03T22:30:00+00:00'
[2025-05-03T23:00:01.374+0000] {taskinstance.py:430} INFO - ::endgroup::
[2025-05-03T23:00:01.682+0000] {crawler.py:61} INFO - Đã kết nối thành công với MongoDB: News
[2025-05-03T23:00:01.816+0000] {crawler.py:44} INFO - ArticleSummarizer đã được khởi tạo thành công
[2025-05-03T23:00:02.336+0000] {logging_mixin.py:188} INFO - [INIT].... → Crawl4AI 0.6.2
[2025-05-03T23:00:04.514+0000] {logging_mixin.py:188} INFO - [FETCH]... ↓ https://vietnamnet.vn/chinh-tri                                                                      | 
[2025-05-03T23:00:04.516+0000] {logging_mixin.py:188} INFO - ✓
[2025-05-03T23:00:04.516+0000] {logging_mixin.py:188} INFO -  | ⏱: 2.13s
[2025-05-03T23:00:04.934+0000] {logging_mixin.py:188} INFO - [SCRAPE].. ◆ https://vietnamnet.vn/chinh-tri                                                                      | 
[2025-05-03T23:00:04.934+0000] {logging_mixin.py:188} INFO - ✓
[2025-05-03T23:00:04.935+0000] {logging_mixin.py:188} INFO -  | ⏱: 0.42s
[2025-05-03T23:00:04.936+0000] {logging_mixin.py:188} INFO - [COMPLETE] ● https://vietnamnet.vn/chinh-tri                                                                      | 
[2025-05-03T23:00:04.936+0000] {logging_mixin.py:188} INFO - ✓
[2025-05-03T23:00:04.937+0000] {logging_mixin.py:188} INFO -  | ⏱: 2.55s
[2025-05-03T23:00:05.029+0000] {crawler.py:87} INFO - Tìm thấy 75 link bài viết
[2025-05-03T23:00:10.537+0000] {crawler.py:106} INFO - Đã lọc: 75 URLs ban đầu -> 0 URLs mới
[2025-05-03T23:00:10.538+0000] {crawler.py:225} INFO - Không có bài viết mới nào trong danh mục chinh-tri cần crawl.
[2025-05-03T23:00:10.538+0000] {crawler.py:260} INFO - Không có bài viết để lưu vào collection 'chinh-tri'
[2025-05-03T23:00:10.603+0000] {python.py:237} INFO - Done. Returned value was: None
[2025-05-03T23:00:10.604+0000] {taskinstance.py:441} INFO - ::group::Post task execution logs
[2025-05-03T23:00:10.611+0000] {taskinstance.py:1206} INFO - Marking task as SUCCESS. dag_id=vietnamnet_crawler_with_summary, task_id=crawl_chinh-tri, run_id=scheduled__2025-05-03T22:30:00+00:00, execution_date=20250503T223000, start_date=20250503T230001, end_date=20250503T230010
[2025-05-03T23:00:10.652+0000] {local_task_job_runner.py:240} INFO - Task exited with return code 0
[2025-05-03T23:00:10.674+0000] {taskinstance.py:3503} INFO - 1 downstream tasks scheduled from follow-on schedule check
[2025-05-03T23:00:10.677+0000] {local_task_job_runner.py:222} INFO - ::endgroup::
