[2025-05-17T12:50:15.109+0000] {local_task_job_runner.py:120} INFO - ::group::Pre task execution logs
[2025-05-17T12:50:15.130+0000] {taskinstance.py:2076} INFO - Dependencies all met for dep_context=non-requeueable deps ti=<TaskInstance: vietnamnet_crawler_24h.clean_old_articles manual__2025-05-17T12:50:13.092896+00:00 [queued]>
[2025-05-17T12:50:15.139+0000] {taskinstance.py:2076} INFO - Dependencies all met for dep_context=requeueable deps ti=<TaskInstance: vietnamnet_crawler_24h.clean_old_articles manual__2025-05-17T12:50:13.092896+00:00 [queued]>
[2025-05-17T12:50:15.139+0000] {taskinstance.py:2306} INFO - Starting attempt 1 of 2
[2025-05-17T12:50:15.153+0000] {taskinstance.py:2330} INFO - Executing <Task(PythonOperator): clean_old_articles> on 2025-05-17 12:50:13.092896+00:00
[2025-05-17T12:50:15.158+0000] {warnings.py:112} WARNING - /home/***/.local/lib/python3.12/site-packages/***/task/task_runner/standard_task_runner.py:61: DeprecationWarning: This process (pid=15234) is multi-threaded, use of fork() may lead to deadlocks in the child.
  pid = os.fork()

[2025-05-17T12:50:15.159+0000] {standard_task_runner.py:63} INFO - Started process 15235 to run task
[2025-05-17T12:50:15.160+0000] {standard_task_runner.py:90} INFO - Running: ['***', 'tasks', 'run', 'vietnamnet_crawler_24h', 'clean_old_articles', 'manual__2025-05-17T12:50:13.092896+00:00', '--job-id', '167', '--raw', '--subdir', 'DAGS_FOLDER/dags.py', '--cfg-path', '/tmp/tmp13wydyy2']
[2025-05-17T12:50:15.162+0000] {standard_task_runner.py:91} INFO - Job 167: Subtask clean_old_articles
[2025-05-17T12:50:15.205+0000] {task_command.py:426} INFO - Running <TaskInstance: vietnamnet_crawler_24h.clean_old_articles manual__2025-05-17T12:50:13.092896+00:00 [running]> on host 60d771d880eb
[2025-05-17T12:50:15.289+0000] {taskinstance.py:2648} INFO - Exporting env vars: AIRFLOW_CTX_DAG_OWNER='***' AIRFLOW_CTX_DAG_ID='vietnamnet_crawler_24h' AIRFLOW_CTX_TASK_ID='clean_old_articles' AIRFLOW_CTX_EXECUTION_DATE='2025-05-17T12:50:13.092896+00:00' AIRFLOW_CTX_TRY_NUMBER='1' AIRFLOW_CTX_DAG_RUN_ID='manual__2025-05-17T12:50:13.092896+00:00'
[2025-05-17T12:50:15.291+0000] {taskinstance.py:430} INFO - ::endgroup::
[2025-05-17T12:50:15.468+0000] {database_cleaner.py:33} INFO - Đã kết nối MongoDB: News
[2025-05-17T12:50:15.469+0000] {database_cleaner.py:102} INFO - Xóa các bài viết trước: 2025-04-16T19:50:15.469361+07:00
[2025-05-17T12:50:16.448+0000] {database_cleaner.py:125} INFO - Collection 'cong-nghe': 0 bài bị xóa
[2025-05-17T12:50:16.895+0000] {database_cleaner.py:125} INFO - Collection 'the-gioi': 0 bài bị xóa
[2025-05-17T12:50:17.326+0000] {database_cleaner.py:125} INFO - Collection 'chinh-tri': 0 bài bị xóa
[2025-05-17T12:50:17.510+0000] {database_cleaner.py:125} INFO - Collection 'phap-luat': 0 bài bị xóa
[2025-05-17T12:50:17.720+0000] {database_cleaner.py:125} INFO - Collection 'doi-song': 0 bài bị xóa
[2025-05-17T12:50:17.929+0000] {database_cleaner.py:125} INFO - Collection 'giao-duc': 0 bài bị xóa
[2025-05-17T12:50:17.993+0000] {database_cleaner.py:42} INFO - Đã đóng kết nối MongoDB
[2025-05-17T12:50:17.993+0000] {database_cleaner.py:142} INFO - Đã xóa tổng cộng 0 bài, còn lại 1704
[2025-05-17T12:50:17.994+0000] {python.py:237} INFO - Done. Returned value was: {'cong-nghe': {'total': 24, 'deleted': 0, 'remaining': 24}, 'the-gioi': {'total': 393, 'deleted': 0, 'remaining': 393}, 'chinh-tri': {'total': 502, 'deleted': 0, 'remaining': 502}, 'phap-luat': {'total': 211, 'deleted': 0, 'remaining': 211}, 'doi-song': {'total': 282, 'deleted': 0, 'remaining': 282}, 'giao-duc': {'total': 292, 'deleted': 0, 'remaining': 292}}
[2025-05-17T12:50:17.994+0000] {taskinstance.py:441} INFO - ::group::Post task execution logs
[2025-05-17T12:50:18.024+0000] {taskinstance.py:1206} INFO - Marking task as SUCCESS. dag_id=vietnamnet_crawler_24h, task_id=clean_old_articles, run_id=manual__2025-05-17T12:50:13.092896+00:00, execution_date=20250517T125013, start_date=20250517T125015, end_date=20250517T125018
[2025-05-17T12:50:18.066+0000] {local_task_job_runner.py:240} INFO - Task exited with return code 0
[2025-05-17T12:50:18.090+0000] {taskinstance.py:3503} INFO - 1 downstream tasks scheduled from follow-on schedule check
[2025-05-17T12:50:18.092+0000] {local_task_job_runner.py:222} INFO - ::endgroup::
