[2025-05-16T17:28:30.966+0000] {local_task_job_runner.py:120} INFO - ::group::Pre task execution logs
[2025-05-16T17:28:30.985+0000] {taskinstance.py:2076} INFO - Dependencies all met for dep_context=non-requeueable deps ti=<TaskInstance: vietnamnet_crawler_24h.crawl_giao-duc manual__2025-05-16T17:28:17.222592+00:00 [queued]>
[2025-05-16T17:28:30.992+0000] {taskinstance.py:2076} INFO - Dependencies all met for dep_context=requeueable deps ti=<TaskInstance: vietnamnet_crawler_24h.crawl_giao-duc manual__2025-05-16T17:28:17.222592+00:00 [queued]>
[2025-05-16T17:28:30.993+0000] {taskinstance.py:2306} INFO - Starting attempt 1 of 2
[2025-05-16T17:28:31.008+0000] {taskinstance.py:2330} INFO - Executing <Task(PythonOperator): crawl_giao-duc> on 2025-05-16 17:28:17.222592+00:00
[2025-05-16T17:28:31.012+0000] {warnings.py:112} WARNING - /home/***/.local/lib/python3.12/site-packages/***/task/task_runner/standard_task_runner.py:61: DeprecationWarning: This process (pid=1158) is multi-threaded, use of fork() may lead to deadlocks in the child.
  pid = os.fork()

[2025-05-16T17:28:31.014+0000] {standard_task_runner.py:63} INFO - Started process 1159 to run task
[2025-05-16T17:28:31.014+0000] {standard_task_runner.py:90} INFO - Running: ['***', 'tasks', 'run', 'vietnamnet_crawler_24h', 'crawl_giao-duc', 'manual__2025-05-16T17:28:17.222592+00:00', '--job-id', '109', '--raw', '--subdir', 'DAGS_FOLDER/dags.py', '--cfg-path', '/tmp/tmpo60_j5c9']
[2025-05-16T17:28:31.016+0000] {standard_task_runner.py:91} INFO - Job 109: Subtask crawl_giao-duc
[2025-05-16T17:28:31.054+0000] {task_command.py:426} INFO - Running <TaskInstance: vietnamnet_crawler_24h.crawl_giao-duc manual__2025-05-16T17:28:17.222592+00:00 [running]> on host 60d771d880eb
[2025-05-16T17:28:31.133+0000] {taskinstance.py:2648} INFO - Exporting env vars: AIRFLOW_CTX_DAG_OWNER='***' AIRFLOW_CTX_DAG_ID='vietnamnet_crawler_24h' AIRFLOW_CTX_TASK_ID='crawl_giao-duc' AIRFLOW_CTX_EXECUTION_DATE='2025-05-16T17:28:17.222592+00:00' AIRFLOW_CTX_TRY_NUMBER='1' AIRFLOW_CTX_DAG_RUN_ID='manual__2025-05-16T17:28:17.222592+00:00'
[2025-05-16T17:28:31.134+0000] {taskinstance.py:430} INFO - ::endgroup::
[2025-05-16T17:28:31.287+0000] {crawler.py:55} INFO - Đã kết nối thành công với MongoDB: News
[2025-05-16T17:28:31.853+0000] {logging_mixin.py:188} INFO - [INIT].... → Crawl4AI 0.6.2
[2025-05-16T17:28:34.232+0000] {logging_mixin.py:188} INFO - [FETCH]... ↓ https://vietnamnet.vn/tin-tuc-24h?bydaterang=&cate=000006                                            | 
[2025-05-16T17:28:34.232+0000] {logging_mixin.py:188} INFO - ✓
[2025-05-16T17:28:34.233+0000] {logging_mixin.py:188} INFO -  | ⏱: 2.32s
[2025-05-16T17:28:34.399+0000] {logging_mixin.py:188} INFO - [SCRAPE].. ◆ https://vietnamnet.vn/tin-tuc-24h?bydaterang=&cate=000006                                            | 
[2025-05-16T17:28:34.400+0000] {logging_mixin.py:188} INFO - ✓
[2025-05-16T17:28:34.400+0000] {logging_mixin.py:188} INFO -  | ⏱: 0.17s
[2025-05-16T17:28:34.401+0000] {logging_mixin.py:188} INFO - [COMPLETE] ● https://vietnamnet.vn/tin-tuc-24h?bydaterang=&cate=000006                                            | 
[2025-05-16T17:28:34.402+0000] {logging_mixin.py:188} INFO - ✓
[2025-05-16T17:28:34.402+0000] {logging_mixin.py:188} INFO -  | ⏱: 2.49s
[2025-05-16T17:28:34.640+0000] {crawler.py:85} INFO - Tìm thấy 25 link bài viết cho danh mục giao-duc
[2025-05-16T17:28:35.263+0000] {crawler.py:110} INFO - Đã lọc: 25 URLs ban đầu -> 0 URLs sau xử lý live
[2025-05-16T17:28:35.263+0000] {crawler.py:252} INFO - Không có bài viết mới nào trong danh mục giao-duc cần crawl.
[2025-05-16T17:28:35.332+0000] {crawler.py:294} INFO - Không có bài viết để lưu vào collection 'giao-duc'
[2025-05-16T17:28:35.396+0000] {python.py:237} INFO - Done. Returned value was: None
[2025-05-16T17:28:35.397+0000] {taskinstance.py:441} INFO - ::group::Post task execution logs
[2025-05-16T17:28:35.405+0000] {taskinstance.py:1206} INFO - Marking task as SUCCESS. dag_id=vietnamnet_crawler_24h, task_id=crawl_giao-duc, run_id=manual__2025-05-16T17:28:17.222592+00:00, execution_date=20250516T172817, start_date=20250516T172830, end_date=20250516T172835
[2025-05-16T17:28:35.439+0000] {local_task_job_runner.py:240} INFO - Task exited with return code 0
[2025-05-16T17:28:35.462+0000] {taskinstance.py:3503} INFO - 1 downstream tasks scheduled from follow-on schedule check
[2025-05-16T17:28:35.464+0000] {local_task_job_runner.py:222} INFO - ::endgroup::
