[2025-05-17T12:39:05.272+0000] {local_task_job_runner.py:120} INFO - ::group::Pre task execution logs
[2025-05-17T12:39:05.294+0000] {taskinstance.py:2076} INFO - Dependencies all met for dep_context=non-requeueable deps ti=<TaskInstance: vietnamnet_crawler_24h.crawl_phap-luat scheduled__2025-05-17T12:00:00+00:00 [queued]>
[2025-05-17T12:39:05.302+0000] {taskinstance.py:2076} INFO - Dependencies all met for dep_context=requeueable deps ti=<TaskInstance: vietnamnet_crawler_24h.crawl_phap-luat scheduled__2025-05-17T12:00:00+00:00 [queued]>
[2025-05-17T12:39:05.303+0000] {taskinstance.py:2306} INFO - Starting attempt 1 of 2
[2025-05-17T12:39:05.318+0000] {taskinstance.py:2330} INFO - Executing <Task(PythonOperator): crawl_phap-luat> on 2025-05-17 12:00:00+00:00
[2025-05-17T12:39:05.323+0000] {warnings.py:112} WARNING - /home/***/.local/lib/python3.12/site-packages/***/task/task_runner/standard_task_runner.py:61: DeprecationWarning: This process (pid=10034) is multi-threaded, use of fork() may lead to deadlocks in the child.
  pid = os.fork()

[2025-05-17T12:39:05.324+0000] {standard_task_runner.py:63} INFO - Started process 10037 to run task
[2025-05-17T12:39:05.324+0000] {standard_task_runner.py:90} INFO - Running: ['***', 'tasks', 'run', 'vietnamnet_crawler_24h', 'crawl_phap-luat', 'scheduled__2025-05-17T12:00:00+00:00', '--job-id', '157', '--raw', '--subdir', 'DAGS_FOLDER/dags.py', '--cfg-path', '/tmp/tmpec34q401']
[2025-05-17T12:39:05.326+0000] {standard_task_runner.py:91} INFO - Job 157: Subtask crawl_phap-luat
[2025-05-17T12:39:05.367+0000] {task_command.py:426} INFO - Running <TaskInstance: vietnamnet_crawler_24h.crawl_phap-luat scheduled__2025-05-17T12:00:00+00:00 [running]> on host 60d771d880eb
[2025-05-17T12:39:05.459+0000] {taskinstance.py:2648} INFO - Exporting env vars: AIRFLOW_CTX_DAG_OWNER='***' AIRFLOW_CTX_DAG_ID='vietnamnet_crawler_24h' AIRFLOW_CTX_TASK_ID='crawl_phap-luat' AIRFLOW_CTX_EXECUTION_DATE='2025-05-17T12:00:00+00:00' AIRFLOW_CTX_TRY_NUMBER='1' AIRFLOW_CTX_DAG_RUN_ID='scheduled__2025-05-17T12:00:00+00:00'
[2025-05-17T12:39:05.460+0000] {taskinstance.py:430} INFO - ::endgroup::
[2025-05-17T12:39:05.677+0000] {crawler.py:55} INFO - Đã kết nối thành công với MongoDB: News
[2025-05-17T12:39:06.422+0000] {logging_mixin.py:188} INFO - [INIT].... → Crawl4AI 0.6.2
[2025-05-17T12:39:09.414+0000] {logging_mixin.py:188} INFO - [FETCH]... ↓ https://vietnamnet.vn/tin-tuc-24h?bydaterang=&cate=000008                                            | 
[2025-05-17T12:39:09.415+0000] {logging_mixin.py:188} INFO - ✓
[2025-05-17T12:39:09.416+0000] {logging_mixin.py:188} INFO -  | ⏱: 2.92s
[2025-05-17T12:39:09.640+0000] {logging_mixin.py:188} INFO - [SCRAPE].. ◆ https://vietnamnet.vn/tin-tuc-24h?bydaterang=&cate=000008                                            | 
[2025-05-17T12:39:09.640+0000] {logging_mixin.py:188} INFO - ✓
[2025-05-17T12:39:09.641+0000] {logging_mixin.py:188} INFO -  | ⏱: 0.22s
[2025-05-17T12:39:09.643+0000] {logging_mixin.py:188} INFO - [COMPLETE] ● https://vietnamnet.vn/tin-tuc-24h?bydaterang=&cate=000008                                            | 
[2025-05-17T12:39:09.644+0000] {logging_mixin.py:188} INFO - ✓
[2025-05-17T12:39:09.644+0000] {logging_mixin.py:188} INFO -  | ⏱: 3.15s
[2025-05-17T12:39:09.976+0000] {crawler.py:85} INFO - Tìm thấy 25 link bài viết cho danh mục phap-luat
[2025-05-17T12:39:10.530+0000] {crawler.py:110} INFO - Đã lọc: 25 URLs ban đầu -> 0 URLs sau xử lý live
[2025-05-17T12:39:10.531+0000] {crawler.py:252} INFO - Không có bài viết mới nào trong danh mục phap-luat cần crawl.
[2025-05-17T12:39:10.600+0000] {crawler.py:294} INFO - Không có bài viết để lưu vào collection 'phap-luat'
[2025-05-17T12:39:10.664+0000] {python.py:237} INFO - Done. Returned value was: None
[2025-05-17T12:39:10.665+0000] {taskinstance.py:441} INFO - ::group::Post task execution logs
[2025-05-17T12:39:10.672+0000] {taskinstance.py:1206} INFO - Marking task as SUCCESS. dag_id=vietnamnet_crawler_24h, task_id=crawl_phap-luat, run_id=scheduled__2025-05-17T12:00:00+00:00, execution_date=20250517T120000, start_date=20250517T123905, end_date=20250517T123910
[2025-05-17T12:39:10.714+0000] {local_task_job_runner.py:240} INFO - Task exited with return code 0
[2025-05-17T12:39:10.731+0000] {taskinstance.py:3503} INFO - 0 downstream tasks scheduled from follow-on schedule check
[2025-05-17T12:39:10.734+0000] {local_task_job_runner.py:222} INFO - ::endgroup::
