[2025-05-17T12:41:24.132+0000] {local_task_job_runner.py:120} INFO - ::group::Pre task execution logs
[2025-05-17T12:41:24.154+0000] {taskinstance.py:2076} INFO - Dependencies all met for dep_context=non-requeueable deps ti=<TaskInstance: vietnamnet_crawler_24h.crawl_the-gioi manual__2025-05-17T12:41:02.981896+00:00 [queued]>
[2025-05-17T12:41:24.164+0000] {taskinstance.py:2076} INFO - Dependencies all met for dep_context=requeueable deps ti=<TaskInstance: vietnamnet_crawler_24h.crawl_the-gioi manual__2025-05-17T12:41:02.981896+00:00 [queued]>
[2025-05-17T12:41:24.164+0000] {taskinstance.py:2306} INFO - Starting attempt 1 of 2
[2025-05-17T12:41:24.179+0000] {taskinstance.py:2330} INFO - Executing <Task(PythonOperator): crawl_the-gioi> on 2025-05-17 12:41:02.981896+00:00
[2025-05-17T12:41:24.184+0000] {warnings.py:112} WARNING - /home/***/.local/lib/python3.12/site-packages/***/task/task_runner/standard_task_runner.py:61: DeprecationWarning: This process (pid=10915) is multi-threaded, use of fork() may lead to deadlocks in the child.
  pid = os.fork()

[2025-05-17T12:41:24.186+0000] {standard_task_runner.py:63} INFO - Started process 10927 to run task
[2025-05-17T12:41:24.186+0000] {standard_task_runner.py:90} INFO - Running: ['***', 'tasks', 'run', 'vietnamnet_crawler_24h', 'crawl_the-gioi', 'manual__2025-05-17T12:41:02.981896+00:00', '--job-id', '163', '--raw', '--subdir', 'DAGS_FOLDER/dags.py', '--cfg-path', '/tmp/tmpttcs_9nh']
[2025-05-17T12:41:24.189+0000] {standard_task_runner.py:91} INFO - Job 163: Subtask crawl_the-gioi
[2025-05-17T12:41:24.232+0000] {task_command.py:426} INFO - Running <TaskInstance: vietnamnet_crawler_24h.crawl_the-gioi manual__2025-05-17T12:41:02.981896+00:00 [running]> on host 60d771d880eb
[2025-05-17T12:41:24.340+0000] {taskinstance.py:2648} INFO - Exporting env vars: AIRFLOW_CTX_DAG_OWNER='***' AIRFLOW_CTX_DAG_ID='vietnamnet_crawler_24h' AIRFLOW_CTX_TASK_ID='crawl_the-gioi' AIRFLOW_CTX_EXECUTION_DATE='2025-05-17T12:41:02.981896+00:00' AIRFLOW_CTX_TRY_NUMBER='1' AIRFLOW_CTX_DAG_RUN_ID='manual__2025-05-17T12:41:02.981896+00:00'
[2025-05-17T12:41:24.341+0000] {taskinstance.py:430} INFO - ::endgroup::
[2025-05-17T12:41:24.531+0000] {crawler.py:55} INFO - Đã kết nối thành công với MongoDB: News
[2025-05-17T12:41:25.212+0000] {logging_mixin.py:188} INFO - [INIT].... → Crawl4AI 0.6.2
[2025-05-17T12:41:27.613+0000] {logging_mixin.py:188} INFO - [FETCH]... ↓ https://vietnamnet.vn/tin-tuc-24h?bydaterang=&cate=000005                                            | 
[2025-05-17T12:41:27.614+0000] {logging_mixin.py:188} INFO - ✓
[2025-05-17T12:41:27.615+0000] {logging_mixin.py:188} INFO -  | ⏱: 2.34s
[2025-05-17T12:41:27.809+0000] {logging_mixin.py:188} INFO - [SCRAPE].. ◆ https://vietnamnet.vn/tin-tuc-24h?bydaterang=&cate=000005                                            | 
[2025-05-17T12:41:27.810+0000] {logging_mixin.py:188} INFO - ✓
[2025-05-17T12:41:27.811+0000] {logging_mixin.py:188} INFO -  | ⏱: 0.19s
[2025-05-17T12:41:27.812+0000] {logging_mixin.py:188} INFO - [COMPLETE] ● https://vietnamnet.vn/tin-tuc-24h?bydaterang=&cate=000005                                            | 
[2025-05-17T12:41:27.813+0000] {logging_mixin.py:188} INFO - ✓
[2025-05-17T12:41:27.814+0000] {logging_mixin.py:188} INFO -  | ⏱: 2.54s
[2025-05-17T12:41:28.064+0000] {crawler.py:85} INFO - Tìm thấy 25 link bài viết cho danh mục the-gioi
[2025-05-17T12:41:28.670+0000] {crawler.py:110} INFO - Đã lọc: 25 URLs ban đầu -> 0 URLs sau xử lý live
[2025-05-17T12:41:28.671+0000] {crawler.py:252} INFO - Không có bài viết mới nào trong danh mục the-gioi cần crawl.
[2025-05-17T12:41:28.741+0000] {crawler.py:294} INFO - Không có bài viết để lưu vào collection 'the-gioi'
[2025-05-17T12:41:28.809+0000] {python.py:237} INFO - Done. Returned value was: None
[2025-05-17T12:41:28.810+0000] {taskinstance.py:441} INFO - ::group::Post task execution logs
[2025-05-17T12:41:28.818+0000] {taskinstance.py:1206} INFO - Marking task as SUCCESS. dag_id=vietnamnet_crawler_24h, task_id=crawl_the-gioi, run_id=manual__2025-05-17T12:41:02.981896+00:00, execution_date=20250517T124102, start_date=20250517T124124, end_date=20250517T124128
[2025-05-17T12:41:28.854+0000] {local_task_job_runner.py:240} INFO - Task exited with return code 0
[2025-05-17T12:41:28.877+0000] {taskinstance.py:3503} INFO - 1 downstream tasks scheduled from follow-on schedule check
[2025-05-17T12:41:28.879+0000] {local_task_job_runner.py:222} INFO - ::endgroup::
