[2025-05-17T22:30:27.484+0000] {local_task_job_runner.py:120} INFO - ::group::Pre task execution logs
[2025-05-17T22:30:27.505+0000] {taskinstance.py:2076} INFO - Dependencies all met for dep_context=non-requeueable deps ti=<TaskInstance: vietnamnet_crawler_24h.crawl_cong-nghe scheduled__2025-05-17T22:00:00+00:00 [queued]>
[2025-05-17T22:30:27.512+0000] {taskinstance.py:2076} INFO - Dependencies all met for dep_context=requeueable deps ti=<TaskInstance: vietnamnet_crawler_24h.crawl_cong-nghe scheduled__2025-05-17T22:00:00+00:00 [queued]>
[2025-05-17T22:30:27.513+0000] {taskinstance.py:2306} INFO - Starting attempt 1 of 2
[2025-05-17T22:30:27.526+0000] {taskinstance.py:2330} INFO - Executing <Task(PythonOperator): crawl_cong-nghe> on 2025-05-17 22:00:00+00:00
[2025-05-17T22:30:27.533+0000] {warnings.py:112} WARNING - /home/***/.local/lib/python3.12/site-packages/***/task/task_runner/standard_task_runner.py:61: DeprecationWarning: This process (pid=26346) is multi-threaded, use of fork() may lead to deadlocks in the child.
  pid = os.fork()

[2025-05-17T22:30:27.534+0000] {standard_task_runner.py:63} INFO - Started process 26347 to run task
[2025-05-17T22:30:27.534+0000] {standard_task_runner.py:90} INFO - Running: ['***', 'tasks', 'run', 'vietnamnet_crawler_24h', 'crawl_cong-nghe', 'scheduled__2025-05-17T22:00:00+00:00', '--job-id', '253', '--raw', '--subdir', 'DAGS_FOLDER/dags.py', '--cfg-path', '/tmp/tmpj4b8tue4']
[2025-05-17T22:30:27.536+0000] {standard_task_runner.py:91} INFO - Job 253: Subtask crawl_cong-nghe
[2025-05-17T22:30:27.575+0000] {task_command.py:426} INFO - Running <TaskInstance: vietnamnet_crawler_24h.crawl_cong-nghe scheduled__2025-05-17T22:00:00+00:00 [running]> on host 60d771d880eb
[2025-05-17T22:30:27.655+0000] {taskinstance.py:2648} INFO - Exporting env vars: AIRFLOW_CTX_DAG_OWNER='***' AIRFLOW_CTX_DAG_ID='vietnamnet_crawler_24h' AIRFLOW_CTX_TASK_ID='crawl_cong-nghe' AIRFLOW_CTX_EXECUTION_DATE='2025-05-17T22:00:00+00:00' AIRFLOW_CTX_TRY_NUMBER='1' AIRFLOW_CTX_DAG_RUN_ID='scheduled__2025-05-17T22:00:00+00:00'
[2025-05-17T22:30:27.657+0000] {taskinstance.py:430} INFO - ::endgroup::
[2025-05-17T22:30:27.811+0000] {crawler.py:55} INFO - Đã kết nối thành công với MongoDB: News
[2025-05-17T22:30:28.453+0000] {logging_mixin.py:188} INFO - [INIT].... → Crawl4AI 0.6.2
[2025-05-17T22:30:31.077+0000] {logging_mixin.py:188} INFO - [FETCH]... ↓ https://vietnamnet.vn/tin-tuc-24h?bydaterang=&cate=00MK8V                                            | 
[2025-05-17T22:30:31.077+0000] {logging_mixin.py:188} INFO - ✓
[2025-05-17T22:30:31.078+0000] {logging_mixin.py:188} INFO -  | ⏱: 2.54s
[2025-05-17T22:30:31.243+0000] {logging_mixin.py:188} INFO - [SCRAPE].. ◆ https://vietnamnet.vn/tin-tuc-24h?bydaterang=&cate=00MK8V                                            | 
[2025-05-17T22:30:31.243+0000] {logging_mixin.py:188} INFO - ✓
[2025-05-17T22:30:31.244+0000] {logging_mixin.py:188} INFO -  | ⏱: 0.16s
[2025-05-17T22:30:31.245+0000] {logging_mixin.py:188} INFO - [COMPLETE] ● https://vietnamnet.vn/tin-tuc-24h?bydaterang=&cate=00MK8V                                            | 
[2025-05-17T22:30:31.246+0000] {logging_mixin.py:188} INFO - ✓
[2025-05-17T22:30:31.246+0000] {logging_mixin.py:188} INFO -  | ⏱: 2.71s
[2025-05-17T22:30:31.316+0000] {crawler.py:85} INFO - Tìm thấy 25 link bài viết cho danh mục cong-nghe
[2025-05-17T22:30:31.921+0000] {crawler.py:110} INFO - Đã lọc: 25 URLs ban đầu -> 0 URLs sau xử lý live
[2025-05-17T22:30:31.922+0000] {crawler.py:252} INFO - Không có bài viết mới nào trong danh mục cong-nghe cần crawl.
[2025-05-17T22:30:31.995+0000] {crawler.py:294} INFO - Không có bài viết để lưu vào collection 'cong-nghe'
[2025-05-17T22:30:32.061+0000] {python.py:237} INFO - Done. Returned value was: None
[2025-05-17T22:30:32.062+0000] {taskinstance.py:441} INFO - ::group::Post task execution logs
[2025-05-17T22:30:32.073+0000] {taskinstance.py:1206} INFO - Marking task as SUCCESS. dag_id=vietnamnet_crawler_24h, task_id=crawl_cong-nghe, run_id=scheduled__2025-05-17T22:00:00+00:00, execution_date=20250517T220000, start_date=20250517T223027, end_date=20250517T223032
[2025-05-17T22:30:32.127+0000] {local_task_job_runner.py:240} INFO - Task exited with return code 0
[2025-05-17T22:30:32.150+0000] {taskinstance.py:3503} INFO - 1 downstream tasks scheduled from follow-on schedule check
[2025-05-17T22:30:32.153+0000] {local_task_job_runner.py:222} INFO - ::endgroup::
