[2025-05-17T21:10:05.210+0000] {local_task_job_runner.py:120} INFO - ::group::Pre task execution logs
[2025-05-17T21:10:05.230+0000] {taskinstance.py:2076} INFO - Dependencies all met for dep_context=non-requeueable deps ti=<TaskInstance: vietnamnet_crawler_24h.crawl_giao-duc manual__2025-05-17T21:09:51.309657+00:00 [queued]>
[2025-05-17T21:10:05.238+0000] {taskinstance.py:2076} INFO - Dependencies all met for dep_context=requeueable deps ti=<TaskInstance: vietnamnet_crawler_24h.crawl_giao-duc manual__2025-05-17T21:09:51.309657+00:00 [queued]>
[2025-05-17T21:10:05.239+0000] {taskinstance.py:2306} INFO - Starting attempt 1 of 2
[2025-05-17T21:10:05.273+0000] {taskinstance.py:2330} INFO - Executing <Task(PythonOperator): crawl_giao-duc> on 2025-05-17 21:09:51.309657+00:00
[2025-05-17T21:10:05.279+0000] {warnings.py:112} WARNING - /home/***/.local/lib/python3.12/site-packages/***/task/task_runner/standard_task_runner.py:61: DeprecationWarning: This process (pid=17544) is multi-threaded, use of fork() may lead to deadlocks in the child.
  pid = os.fork()

[2025-05-17T21:10:05.281+0000] {standard_task_runner.py:63} INFO - Started process 17545 to run task
[2025-05-17T21:10:05.281+0000] {standard_task_runner.py:90} INFO - Running: ['***', 'tasks', 'run', 'vietnamnet_crawler_24h', 'crawl_giao-duc', 'manual__2025-05-17T21:09:51.309657+00:00', '--job-id', '230', '--raw', '--subdir', 'DAGS_FOLDER/dags.py', '--cfg-path', '/tmp/tmp8z_24igb']
[2025-05-17T21:10:05.284+0000] {standard_task_runner.py:91} INFO - Job 230: Subtask crawl_giao-duc
[2025-05-17T21:10:05.333+0000] {task_command.py:426} INFO - Running <TaskInstance: vietnamnet_crawler_24h.crawl_giao-duc manual__2025-05-17T21:09:51.309657+00:00 [running]> on host 60d771d880eb
[2025-05-17T21:10:05.493+0000] {taskinstance.py:2648} INFO - Exporting env vars: AIRFLOW_CTX_DAG_OWNER='***' AIRFLOW_CTX_DAG_ID='vietnamnet_crawler_24h' AIRFLOW_CTX_TASK_ID='crawl_giao-duc' AIRFLOW_CTX_EXECUTION_DATE='2025-05-17T21:09:51.309657+00:00' AIRFLOW_CTX_TRY_NUMBER='1' AIRFLOW_CTX_DAG_RUN_ID='manual__2025-05-17T21:09:51.309657+00:00'
[2025-05-17T21:10:05.494+0000] {taskinstance.py:430} INFO - ::endgroup::
[2025-05-17T21:10:05.767+0000] {crawler.py:55} INFO - Đã kết nối thành công với MongoDB: News
[2025-05-17T21:10:06.366+0000] {logging_mixin.py:188} INFO - [INIT].... → Crawl4AI 0.6.2
[2025-05-17T21:10:08.978+0000] {logging_mixin.py:188} INFO - [FETCH]... ↓ https://vietnamnet.vn/tin-tuc-24h?bydaterang=&cate=000006                                            | 
[2025-05-17T21:10:08.979+0000] {logging_mixin.py:188} INFO - ✓
[2025-05-17T21:10:08.979+0000] {logging_mixin.py:188} INFO -  | ⏱: 2.55s
[2025-05-17T21:10:09.151+0000] {logging_mixin.py:188} INFO - [SCRAPE].. ◆ https://vietnamnet.vn/tin-tuc-24h?bydaterang=&cate=000006                                            | 
[2025-05-17T21:10:09.152+0000] {logging_mixin.py:188} INFO - ✓
[2025-05-17T21:10:09.153+0000] {logging_mixin.py:188} INFO -  | ⏱: 0.17s
[2025-05-17T21:10:09.154+0000] {logging_mixin.py:188} INFO - [COMPLETE] ● https://vietnamnet.vn/tin-tuc-24h?bydaterang=&cate=000006                                            | 
[2025-05-17T21:10:09.155+0000] {logging_mixin.py:188} INFO - ✓
[2025-05-17T21:10:09.155+0000] {logging_mixin.py:188} INFO -  | ⏱: 2.73s
[2025-05-17T21:10:09.376+0000] {crawler.py:85} INFO - Tìm thấy 25 link bài viết cho danh mục giao-duc
[2025-05-17T21:10:10.188+0000] {crawler.py:110} INFO - Đã lọc: 25 URLs ban đầu -> 0 URLs sau xử lý live
[2025-05-17T21:10:10.188+0000] {crawler.py:252} INFO - Không có bài viết mới nào trong danh mục giao-duc cần crawl.
[2025-05-17T21:10:10.259+0000] {crawler.py:294} INFO - Không có bài viết để lưu vào collection 'giao-duc'
[2025-05-17T21:10:10.325+0000] {python.py:237} INFO - Done. Returned value was: None
[2025-05-17T21:10:10.326+0000] {taskinstance.py:441} INFO - ::group::Post task execution logs
[2025-05-17T21:10:10.333+0000] {taskinstance.py:1206} INFO - Marking task as SUCCESS. dag_id=vietnamnet_crawler_24h, task_id=crawl_giao-duc, run_id=manual__2025-05-17T21:09:51.309657+00:00, execution_date=20250517T210951, start_date=20250517T211005, end_date=20250517T211010
[2025-05-17T21:10:10.364+0000] {local_task_job_runner.py:240} INFO - Task exited with return code 0
[2025-05-17T21:10:10.389+0000] {taskinstance.py:3503} INFO - 1 downstream tasks scheduled from follow-on schedule check
[2025-05-17T21:10:10.392+0000] {local_task_job_runner.py:222} INFO - ::endgroup::
