[2025-05-16T09:57:52.948+0000] {local_task_job_runner.py:120} INFO - ::group::Pre task execution logs
[2025-05-16T09:57:52.967+0000] {taskinstance.py:2076} INFO - Dependencies all met for dep_context=non-requeueable deps ti=<TaskInstance: vietnamnet_crawler_24h.clean_old_articles manual__2025-05-16T09:57:51.162214+00:00 [queued]>
[2025-05-16T09:57:52.979+0000] {taskinstance.py:2076} INFO - Dependencies all met for dep_context=requeueable deps ti=<TaskInstance: vietnamnet_crawler_24h.clean_old_articles manual__2025-05-16T09:57:51.162214+00:00 [queued]>
[2025-05-16T09:57:52.979+0000] {taskinstance.py:2306} INFO - Starting attempt 1 of 2
[2025-05-16T09:57:52.997+0000] {taskinstance.py:2330} INFO - Executing <Task(PythonOperator): clean_old_articles> on 2025-05-16 09:57:51.162214+00:00
[2025-05-16T09:57:53.003+0000] {warnings.py:112} WARNING - /home/***/.local/lib/python3.12/site-packages/***/task/task_runner/standard_task_runner.py:61: DeprecationWarning: This process (pid=133) is multi-threaded, use of fork() may lead to deadlocks in the child.
  pid = os.fork()

[2025-05-16T09:57:53.005+0000] {standard_task_runner.py:63} INFO - Started process 134 to run task
[2025-05-16T09:57:53.006+0000] {standard_task_runner.py:90} INFO - Running: ['***', 'tasks', 'run', 'vietnamnet_crawler_24h', 'clean_old_articles', 'manual__2025-05-16T09:57:51.162214+00:00', '--job-id', '19', '--raw', '--subdir', 'DAGS_FOLDER/dags.py', '--cfg-path', '/tmp/tmp1gz9f7pa']
[2025-05-16T09:57:53.008+0000] {standard_task_runner.py:91} INFO - Job 19: Subtask clean_old_articles
[2025-05-16T09:57:53.056+0000] {task_command.py:426} INFO - Running <TaskInstance: vietnamnet_crawler_24h.clean_old_articles manual__2025-05-16T09:57:51.162214+00:00 [running]> on host 71b827885e5f
[2025-05-16T09:57:53.155+0000] {taskinstance.py:2648} INFO - Exporting env vars: AIRFLOW_CTX_DAG_OWNER='***' AIRFLOW_CTX_DAG_ID='vietnamnet_crawler_24h' AIRFLOW_CTX_TASK_ID='clean_old_articles' AIRFLOW_CTX_EXECUTION_DATE='2025-05-16T09:57:51.162214+00:00' AIRFLOW_CTX_TRY_NUMBER='1' AIRFLOW_CTX_DAG_RUN_ID='manual__2025-05-16T09:57:51.162214+00:00'
[2025-05-16T09:57:53.157+0000] {taskinstance.py:430} INFO - ::endgroup::
[2025-05-16T09:57:53.421+0000] {database_cleaner.py:33} INFO - Đã kết nối MongoDB: News
[2025-05-16T09:57:53.422+0000] {database_cleaner.py:102} INFO - Xóa các bài viết trước: 2025-04-15T16:57:53.422529+07:00
[2025-05-16T09:57:54.811+0000] {database_cleaner.py:125} INFO - Collection 'cong-nghe': 0 bài bị xóa
[2025-05-16T09:57:55.099+0000] {database_cleaner.py:125} INFO - Collection 'the-gioi': 0 bài bị xóa
[2025-05-16T09:57:55.893+0000] {database_cleaner.py:125} INFO - Collection 'chinh-tri': 0 bài bị xóa
[2025-05-16T09:57:56.099+0000] {database_cleaner.py:125} INFO - Collection 'phap-luat': 0 bài bị xóa
[2025-05-16T09:57:56.330+0000] {database_cleaner.py:125} INFO - Collection 'doi-song': 0 bài bị xóa
[2025-05-16T09:57:56.749+0000] {database_cleaner.py:125} INFO - Collection 'giao-duc': 1 bài bị xóa
[2025-05-16T09:57:56.815+0000] {database_cleaner.py:42} INFO - Đã đóng kết nối MongoDB
[2025-05-16T09:57:56.816+0000] {database_cleaner.py:142} INFO - Đã xóa tổng cộng 1 bài, còn lại 1943
[2025-05-16T09:57:56.817+0000] {python.py:237} INFO - Done. Returned value was: {'cong-nghe': {'total': 186, 'deleted': 0, 'remaining': 186}, 'the-gioi': {'total': 412, 'deleted': 0, 'remaining': 412}, 'chinh-tri': {'total': 524, 'deleted': 0, 'remaining': 524}, 'phap-luat': {'total': 223, 'deleted': 0, 'remaining': 223}, 'doi-song': {'total': 290, 'deleted': 0, 'remaining': 290}, 'giao-duc': {'total': 309, 'deleted': 1, 'remaining': 308}}
[2025-05-16T09:57:56.818+0000] {taskinstance.py:441} INFO - ::group::Post task execution logs
[2025-05-16T09:57:56.843+0000] {taskinstance.py:1206} INFO - Marking task as SUCCESS. dag_id=vietnamnet_crawler_24h, task_id=clean_old_articles, run_id=manual__2025-05-16T09:57:51.162214+00:00, execution_date=20250516T095751, start_date=20250516T095752, end_date=20250516T095756
[2025-05-16T09:57:56.872+0000] {local_task_job_runner.py:240} INFO - Task exited with return code 0
[2025-05-16T09:57:56.906+0000] {taskinstance.py:3503} INFO - 1 downstream tasks scheduled from follow-on schedule check
[2025-05-16T09:57:56.909+0000] {local_task_job_runner.py:222} INFO - ::endgroup::
