[2025-05-04T13:55:12.889+0000] {local_task_job_runner.py:120} INFO - ::group::Pre task execution logs
[2025-05-04T13:55:12.915+0000] {taskinstance.py:2076} INFO - Dependencies all met for dep_context=non-requeueable deps ti=<TaskInstance: vietnamnet_crawler_24h.crawl_phap-luat scheduled__2025-05-04T13:00:00+00:00 [queued]>
[2025-05-04T13:55:12.926+0000] {taskinstance.py:2076} INFO - Dependencies all met for dep_context=requeueable deps ti=<TaskInstance: vietnamnet_crawler_24h.crawl_phap-luat scheduled__2025-05-04T13:00:00+00:00 [queued]>
[2025-05-04T13:55:12.927+0000] {taskinstance.py:2306} INFO - Starting attempt 1 of 2
[2025-05-04T13:55:12.943+0000] {taskinstance.py:2330} INFO - Executing <Task(PythonOperator): crawl_phap-luat> on 2025-05-04 13:00:00+00:00
[2025-05-04T13:55:12.949+0000] {warnings.py:112} WARNING - /home/***/.local/lib/python3.12/site-packages/***/task/task_runner/standard_task_runner.py:61: DeprecationWarning: This process (pid=1287) is multi-threaded, use of fork() may lead to deadlocks in the child.
  pid = os.fork()

[2025-05-04T13:55:12.951+0000] {standard_task_runner.py:63} INFO - Started process 1289 to run task
[2025-05-04T13:55:12.952+0000] {standard_task_runner.py:90} INFO - Running: ['***', 'tasks', 'run', 'vietnamnet_crawler_24h', 'crawl_phap-luat', 'scheduled__2025-05-04T13:00:00+00:00', '--job-id', '13', '--raw', '--subdir', 'DAGS_FOLDER/dags.py', '--cfg-path', '/tmp/tmpf2g5wa5b']
[2025-05-04T13:55:12.955+0000] {standard_task_runner.py:91} INFO - Job 13: Subtask crawl_phap-luat
[2025-05-04T13:55:13.007+0000] {task_command.py:426} INFO - Running <TaskInstance: vietnamnet_crawler_24h.crawl_phap-luat scheduled__2025-05-04T13:00:00+00:00 [running]> on host 78b16fb5ec43
[2025-05-04T13:55:13.105+0000] {taskinstance.py:2648} INFO - Exporting env vars: AIRFLOW_CTX_DAG_OWNER='***' AIRFLOW_CTX_DAG_ID='vietnamnet_crawler_24h' AIRFLOW_CTX_TASK_ID='crawl_phap-luat' AIRFLOW_CTX_EXECUTION_DATE='2025-05-04T13:00:00+00:00' AIRFLOW_CTX_TRY_NUMBER='1' AIRFLOW_CTX_DAG_RUN_ID='scheduled__2025-05-04T13:00:00+00:00'
[2025-05-04T13:55:13.107+0000] {taskinstance.py:430} INFO - ::endgroup::
[2025-05-04T13:55:13.331+0000] {crawler.py:54} INFO - Đã kết nối thành công với MongoDB: News
[2025-05-04T13:55:13.522+0000] {crawler.py:44} INFO - ArticleSummarizer đã được khởi tạo thành công
[2025-05-04T13:55:14.358+0000] {logging_mixin.py:188} INFO - [INIT].... → Crawl4AI 0.6.2
[2025-05-04T13:55:17.982+0000] {logging_mixin.py:188} INFO - [FETCH]... ↓ https://vietnamnet.vn/tin-tuc-24h?bydaterang=&cate=000008                                            | 
[2025-05-04T13:55:17.983+0000] {logging_mixin.py:188} INFO - ✓
[2025-05-04T13:55:17.984+0000] {logging_mixin.py:188} INFO -  | ⏱: 3.53s
[2025-05-04T13:55:18.447+0000] {logging_mixin.py:188} INFO - [SCRAPE].. ◆ https://vietnamnet.vn/tin-tuc-24h?bydaterang=&cate=000008                                            | 
[2025-05-04T13:55:18.448+0000] {logging_mixin.py:188} INFO - ✓
[2025-05-04T13:55:18.448+0000] {logging_mixin.py:188} INFO -  | ⏱: 0.46s
[2025-05-04T13:55:18.450+0000] {logging_mixin.py:188} INFO - [COMPLETE] ● https://vietnamnet.vn/tin-tuc-24h?bydaterang=&cate=000008                                            | 
[2025-05-04T13:55:18.451+0000] {logging_mixin.py:188} INFO - ✓
[2025-05-04T13:55:18.451+0000] {logging_mixin.py:188} INFO -  | ⏱: 3.99s
[2025-05-04T13:55:18.541+0000] {crawler.py:86} INFO - Tìm thấy 0 link bài viết cho danh mục phap-luat
[2025-05-04T13:55:18.684+0000] {crawler.py:105} INFO - Đã lọc: 0 URLs ban đầu -> 0 URLs mới
[2025-05-04T13:55:18.687+0000] {crawler.py:224} INFO - Không có bài viết mới nào trong danh mục phap-luat cần crawl.
[2025-05-04T13:55:18.688+0000] {crawler.py:259} INFO - Không có bài viết để lưu vào collection 'phap-luat'
[2025-05-04T13:55:18.690+0000] {python.py:237} INFO - Done. Returned value was: None
[2025-05-04T13:55:18.691+0000] {taskinstance.py:441} INFO - ::group::Post task execution logs
[2025-05-04T13:55:18.707+0000] {taskinstance.py:1206} INFO - Marking task as SUCCESS. dag_id=vietnamnet_crawler_24h, task_id=crawl_phap-luat, run_id=scheduled__2025-05-04T13:00:00+00:00, execution_date=20250504T130000, start_date=20250504T135512, end_date=20250504T135518
[2025-05-04T13:55:18.766+0000] {local_task_job_runner.py:240} INFO - Task exited with return code 0
[2025-05-04T13:55:18.792+0000] {taskinstance.py:3503} INFO - 1 downstream tasks scheduled from follow-on schedule check
[2025-05-04T13:55:18.796+0000] {local_task_job_runner.py:222} INFO - ::endgroup::
