[2025-05-05T04:30:02.059+0000] {local_task_job_runner.py:120} INFO - ::group::Pre task execution logs
[2025-05-05T04:30:02.078+0000] {taskinstance.py:2076} INFO - Dependencies all met for dep_context=non-requeueable deps ti=<TaskInstance: vietnamnet_crawler_24h.clean_old_articles scheduled__2025-05-05T04:00:00+00:00 [queued]>
[2025-05-05T04:30:02.084+0000] {taskinstance.py:2076} INFO - Dependencies all met for dep_context=requeueable deps ti=<TaskInstance: vietnamnet_crawler_24h.clean_old_articles scheduled__2025-05-05T04:00:00+00:00 [queued]>
[2025-05-05T04:30:02.085+0000] {taskinstance.py:2306} INFO - Starting attempt 1 of 2
[2025-05-05T04:30:02.099+0000] {taskinstance.py:2330} INFO - Executing <Task(PythonOperator): clean_old_articles> on 2025-05-05 04:00:00+00:00
[2025-05-05T04:30:02.104+0000] {warnings.py:112} WARNING - /home/***/.local/lib/python3.12/site-packages/***/task/task_runner/standard_task_runner.py:61: DeprecationWarning: This process (pid=4399) is multi-threaded, use of fork() may lead to deadlocks in the child.
  pid = os.fork()

[2025-05-05T04:30:02.105+0000] {standard_task_runner.py:63} INFO - Started process 4400 to run task
[2025-05-05T04:30:02.105+0000] {standard_task_runner.py:90} INFO - Running: ['***', 'tasks', 'run', 'vietnamnet_crawler_24h', 'clean_old_articles', 'scheduled__2025-05-05T04:00:00+00:00', '--job-id', '34', '--raw', '--subdir', 'DAGS_FOLDER/dags.py', '--cfg-path', '/tmp/tmp_bewydx2']
[2025-05-05T04:30:02.107+0000] {standard_task_runner.py:91} INFO - Job 34: Subtask clean_old_articles
[2025-05-05T04:30:02.143+0000] {task_command.py:426} INFO - Running <TaskInstance: vietnamnet_crawler_24h.clean_old_articles scheduled__2025-05-05T04:00:00+00:00 [running]> on host 9f13ced5b14d
[2025-05-05T04:30:02.220+0000] {taskinstance.py:2648} INFO - Exporting env vars: AIRFLOW_CTX_DAG_OWNER='***' AIRFLOW_CTX_DAG_ID='vietnamnet_crawler_24h' AIRFLOW_CTX_TASK_ID='clean_old_articles' AIRFLOW_CTX_EXECUTION_DATE='2025-05-05T04:00:00+00:00' AIRFLOW_CTX_TRY_NUMBER='1' AIRFLOW_CTX_DAG_RUN_ID='scheduled__2025-05-05T04:00:00+00:00'
[2025-05-05T04:30:02.221+0000] {taskinstance.py:430} INFO - ::endgroup::
[2025-05-05T04:30:02.455+0000] {database_cleaner.py:33} INFO - Đã kết nối MongoDB: News
[2025-05-05T04:30:02.456+0000] {database_cleaner.py:102} INFO - Xóa các bài viết trước: 2025-04-04T11:30:02.456484+07:00
[2025-05-05T04:30:03.885+0000] {database_cleaner.py:125} INFO - Collection 'cong-nghe': 0 bài bị xóa
[2025-05-05T04:30:04.306+0000] {database_cleaner.py:125} INFO - Collection 'the-gioi': 0 bài bị xóa
[2025-05-05T04:30:04.772+0000] {database_cleaner.py:125} INFO - Collection 'chinh-tri': 0 bài bị xóa
[2025-05-05T04:30:05.019+0000] {database_cleaner.py:125} INFO - Collection 'phap-luat': 0 bài bị xóa
[2025-05-05T04:30:05.307+0000] {database_cleaner.py:125} INFO - Collection 'doi-song': 0 bài bị xóa
[2025-05-05T04:30:05.638+0000] {database_cleaner.py:125} INFO - Collection 'giao-duc': 0 bài bị xóa
[2025-05-05T04:30:05.698+0000] {database_cleaner.py:42} INFO - Đã đóng kết nối MongoDB
[2025-05-05T04:30:05.700+0000] {database_cleaner.py:142} INFO - Đã xóa tổng cộng 0 bài, còn lại 2253
[2025-05-05T04:30:05.700+0000] {python.py:237} INFO - Done. Returned value was: {'cong-nghe': {'total': 196, 'deleted': 0, 'remaining': 196}, 'the-gioi': {'total': 495, 'deleted': 0, 'remaining': 495}, 'chinh-tri': {'total': 668, 'deleted': 0, 'remaining': 668}, 'phap-luat': {'total': 224, 'deleted': 0, 'remaining': 224}, 'doi-song': {'total': 312, 'deleted': 0, 'remaining': 312}, 'giao-duc': {'total': 358, 'deleted': 0, 'remaining': 358}}
[2025-05-05T04:30:05.701+0000] {taskinstance.py:441} INFO - ::group::Post task execution logs
[2025-05-05T04:30:05.720+0000] {taskinstance.py:1206} INFO - Marking task as SUCCESS. dag_id=vietnamnet_crawler_24h, task_id=clean_old_articles, run_id=scheduled__2025-05-05T04:00:00+00:00, execution_date=20250505T040000, start_date=20250505T043002, end_date=20250505T043005
[2025-05-05T04:30:05.744+0000] {local_task_job_runner.py:240} INFO - Task exited with return code 0
[2025-05-05T04:30:05.769+0000] {taskinstance.py:3503} INFO - 1 downstream tasks scheduled from follow-on schedule check
[2025-05-05T04:30:05.771+0000] {local_task_job_runner.py:222} INFO - ::endgroup::
