[2025-05-17T23:18:09.460+0000] {local_task_job_runner.py:120} INFO - ::group::Pre task execution logs
[2025-05-17T23:18:09.487+0000] {taskinstance.py:2076} INFO - Dependencies all met for dep_context=non-requeueable deps ti=<TaskInstance: vietnamnet_crawler_24h.clean_old_articles scheduled__2025-05-17T22:30:00+00:00 [queued]>
[2025-05-17T23:18:09.498+0000] {taskinstance.py:2076} INFO - Dependencies all met for dep_context=requeueable deps ti=<TaskInstance: vietnamnet_crawler_24h.clean_old_articles scheduled__2025-05-17T22:30:00+00:00 [queued]>
[2025-05-17T23:18:09.499+0000] {taskinstance.py:2306} INFO - Starting attempt 1 of 2
[2025-05-17T23:18:09.513+0000] {taskinstance.py:2330} INFO - Executing <Task(PythonOperator): clean_old_articles> on 2025-05-17 22:30:00+00:00
[2025-05-17T23:18:09.518+0000] {warnings.py:112} WARNING - /home/***/.local/lib/python3.12/site-packages/***/task/task_runner/standard_task_runner.py:61: DeprecationWarning: This process (pid=145) is multi-threaded, use of fork() may lead to deadlocks in the child.
  pid = os.fork()

[2025-05-17T23:18:09.520+0000] {standard_task_runner.py:63} INFO - Started process 146 to run task
[2025-05-17T23:18:09.519+0000] {standard_task_runner.py:90} INFO - Running: ['***', 'tasks', 'run', 'vietnamnet_crawler_24h', 'clean_old_articles', 'scheduled__2025-05-17T22:30:00+00:00', '--job-id', '258', '--raw', '--subdir', 'DAGS_FOLDER/dags.py', '--cfg-path', '/tmp/tmpzmq2u7dg']
[2025-05-17T23:18:09.521+0000] {standard_task_runner.py:91} INFO - Job 258: Subtask clean_old_articles
[2025-05-17T23:18:09.564+0000] {task_command.py:426} INFO - Running <TaskInstance: vietnamnet_crawler_24h.clean_old_articles scheduled__2025-05-17T22:30:00+00:00 [running]> on host 60d771d880eb
[2025-05-17T23:18:09.659+0000] {taskinstance.py:2648} INFO - Exporting env vars: AIRFLOW_CTX_DAG_OWNER='***' AIRFLOW_CTX_DAG_ID='vietnamnet_crawler_24h' AIRFLOW_CTX_TASK_ID='clean_old_articles' AIRFLOW_CTX_EXECUTION_DATE='2025-05-17T22:30:00+00:00' AIRFLOW_CTX_TRY_NUMBER='1' AIRFLOW_CTX_DAG_RUN_ID='scheduled__2025-05-17T22:30:00+00:00'
[2025-05-17T23:18:09.660+0000] {taskinstance.py:430} INFO - ::endgroup::
[2025-05-17T23:18:10.182+0000] {database_cleaner.py:33} INFO - Đã kết nối MongoDB: News
[2025-05-17T23:18:10.184+0000] {database_cleaner.py:102} INFO - Xóa các bài viết trước: 2025-04-17T06:18:10.184128+07:00
[2025-05-17T23:18:11.986+0000] {database_cleaner.py:125} INFO - Collection 'the-gioi': 2 bài bị xóa
[2025-05-17T23:18:12.478+0000] {database_cleaner.py:125} INFO - Collection 'chinh-tri': 0 bài bị xóa
[2025-05-17T23:18:12.555+0000] {database_cleaner.py:125} INFO - Collection 'cong-nghe': 0 bài bị xóa
[2025-05-17T23:18:12.763+0000] {database_cleaner.py:125} INFO - Collection 'phap-luat': 0 bài bị xóa
[2025-05-17T23:18:13.069+0000] {database_cleaner.py:125} INFO - Collection 'doi-song': 1 bài bị xóa
[2025-05-17T23:18:13.321+0000] {database_cleaner.py:125} INFO - Collection 'giao-duc': 0 bài bị xóa
[2025-05-17T23:18:13.386+0000] {database_cleaner.py:42} INFO - Đã đóng kết nối MongoDB
[2025-05-17T23:18:13.387+0000] {database_cleaner.py:142} INFO - Đã xóa tổng cộng 3 bài, còn lại 1730
[2025-05-17T23:18:13.388+0000] {python.py:237} INFO - Done. Returned value was: {'the-gioi': {'total': 403, 'deleted': 2, 'remaining': 401}, 'chinh-tri': {'total': 509, 'deleted': 0, 'remaining': 509}, 'cong-nghe': {'total': 25, 'deleted': 0, 'remaining': 25}, 'phap-luat': {'total': 210, 'deleted': 0, 'remaining': 210}, 'doi-song': {'total': 288, 'deleted': 1, 'remaining': 287}, 'giao-duc': {'total': 298, 'deleted': 0, 'remaining': 298}}
[2025-05-17T23:18:13.388+0000] {taskinstance.py:441} INFO - ::group::Post task execution logs
[2025-05-17T23:18:13.412+0000] {taskinstance.py:1206} INFO - Marking task as SUCCESS. dag_id=vietnamnet_crawler_24h, task_id=clean_old_articles, run_id=scheduled__2025-05-17T22:30:00+00:00, execution_date=20250517T223000, start_date=20250517T231809, end_date=20250517T231813
[2025-05-17T23:18:13.446+0000] {local_task_job_runner.py:240} INFO - Task exited with return code 0
[2025-05-17T23:18:13.478+0000] {taskinstance.py:3503} INFO - 1 downstream tasks scheduled from follow-on schedule check
[2025-05-17T23:18:13.482+0000] {local_task_job_runner.py:222} INFO - ::endgroup::
