[2025-05-18T14:30:17.973+0000] {local_task_job_runner.py:120} INFO - ::group::Pre task execution logs
[2025-05-18T14:30:17.992+0000] {taskinstance.py:2076} INFO - Dependencies all met for dep_context=non-requeueable deps ti=<TaskInstance: vietnamnet_crawler_24h.crawl_the-gioi scheduled__2025-05-18T14:00:00+00:00 [queued]>
[2025-05-18T14:30:17.999+0000] {taskinstance.py:2076} INFO - Dependencies all met for dep_context=requeueable deps ti=<TaskInstance: vietnamnet_crawler_24h.crawl_the-gioi scheduled__2025-05-18T14:00:00+00:00 [queued]>
[2025-05-18T14:30:17.999+0000] {taskinstance.py:2306} INFO - Starting attempt 1 of 2
[2025-05-18T14:30:18.011+0000] {taskinstance.py:2330} INFO - Executing <Task(PythonOperator): crawl_the-gioi> on 2025-05-18 14:00:00+00:00
[2025-05-18T14:30:18.017+0000] {warnings.py:112} WARNING - /home/***/.local/lib/python3.12/site-packages/***/task/task_runner/standard_task_runner.py:61: DeprecationWarning: This process (pid=13056) is multi-threaded, use of fork() may lead to deadlocks in the child.
  pid = os.fork()

[2025-05-18T14:30:18.018+0000] {standard_task_runner.py:63} INFO - Started process 13057 to run task
[2025-05-18T14:30:18.018+0000] {standard_task_runner.py:90} INFO - Running: ['***', 'tasks', 'run', 'vietnamnet_crawler_24h', 'crawl_the-gioi', 'scheduled__2025-05-18T14:00:00+00:00', '--job-id', '42', '--raw', '--subdir', 'DAGS_FOLDER/dags.py', '--cfg-path', '/tmp/tmp2o6drtsd']
[2025-05-18T14:30:18.020+0000] {standard_task_runner.py:91} INFO - Job 42: Subtask crawl_the-gioi
[2025-05-18T14:30:18.055+0000] {task_command.py:426} INFO - Running <TaskInstance: vietnamnet_crawler_24h.crawl_the-gioi scheduled__2025-05-18T14:00:00+00:00 [running]> on host a383b65f89e1
[2025-05-18T14:30:18.128+0000] {taskinstance.py:2648} INFO - Exporting env vars: AIRFLOW_CTX_DAG_OWNER='***' AIRFLOW_CTX_DAG_ID='vietnamnet_crawler_24h' AIRFLOW_CTX_TASK_ID='crawl_the-gioi' AIRFLOW_CTX_EXECUTION_DATE='2025-05-18T14:00:00+00:00' AIRFLOW_CTX_TRY_NUMBER='1' AIRFLOW_CTX_DAG_RUN_ID='scheduled__2025-05-18T14:00:00+00:00'
[2025-05-18T14:30:18.129+0000] {taskinstance.py:430} INFO - ::endgroup::
[2025-05-18T14:30:18.272+0000] {crawler.py:55} INFO - Đã kết nối thành công với MongoDB: News
[2025-05-18T14:30:18.793+0000] {logging_mixin.py:188} INFO - [INIT].... → Crawl4AI 0.6.3
[2025-05-18T14:30:20.875+0000] {logging_mixin.py:188} INFO - [FETCH]... ↓ https://vietnamnet.vn/tin-tuc-24h?bydaterang=&cate=000005          
| ✓ | ⏱: 2.13s
[2025-05-18T14:30:21.080+0000] {logging_mixin.py:188} INFO - [SCRAPE].. ◆ https://vietnamnet.vn/tin-tuc-24h?bydaterang=&cate=000005          
| ✓ | ⏱: 0.20s
[2025-05-18T14:30:21.082+0000] {logging_mixin.py:188} INFO - [COMPLETE] ● https://vietnamnet.vn/tin-tuc-24h?bydaterang=&cate=000005          
| ✓ | ⏱: 2.33s
[2025-05-18T14:30:21.303+0000] {crawler.py:85} INFO - Tìm thấy 25 link bài viết cho danh mục the-gioi
[2025-05-18T14:30:21.894+0000] {crawler.py:110} INFO - Đã lọc: 25 URLs ban đầu -> 0 URLs sau xử lý live
[2025-05-18T14:30:21.895+0000] {crawler.py:252} INFO - Không có bài viết mới nào trong danh mục the-gioi cần crawl.
[2025-05-18T14:30:21.983+0000] {crawler.py:294} INFO - Không có bài viết để lưu vào collection 'the-gioi'
[2025-05-18T14:30:22.051+0000] {python.py:237} INFO - Done. Returned value was: None
[2025-05-18T14:30:22.053+0000] {taskinstance.py:441} INFO - ::group::Post task execution logs
[2025-05-18T14:30:22.061+0000] {taskinstance.py:1206} INFO - Marking task as SUCCESS. dag_id=vietnamnet_crawler_24h, task_id=crawl_the-gioi, run_id=scheduled__2025-05-18T14:00:00+00:00, execution_date=20250518T140000, start_date=20250518T143017, end_date=20250518T143022
[2025-05-18T14:30:22.114+0000] {local_task_job_runner.py:240} INFO - Task exited with return code 0
[2025-05-18T14:30:22.132+0000] {taskinstance.py:3503} INFO - 1 downstream tasks scheduled from follow-on schedule check
[2025-05-18T14:30:22.135+0000] {local_task_job_runner.py:222} INFO - ::endgroup::
