[2025-05-17T12:35:44.992+0000] {local_task_job_runner.py:120} INFO - ::group::Pre task execution logs
[2025-05-17T12:35:45.019+0000] {taskinstance.py:2076} INFO - Dependencies all met for dep_context=non-requeueable deps ti=<TaskInstance: vietnamnet_crawler_24h.crawl_cong-nghe manual__2025-05-17T12:35:00.311362+00:00 [queued]>
[2025-05-17T12:35:45.035+0000] {taskinstance.py:2076} INFO - Dependencies all met for dep_context=requeueable deps ti=<TaskInstance: vietnamnet_crawler_24h.crawl_cong-nghe manual__2025-05-17T12:35:00.311362+00:00 [queued]>
[2025-05-17T12:35:45.037+0000] {taskinstance.py:2306} INFO - Starting attempt 1 of 2
[2025-05-17T12:35:45.066+0000] {taskinstance.py:2330} INFO - Executing <Task(PythonOperator): crawl_cong-nghe> on 2025-05-17 12:35:00.311362+00:00
[2025-05-17T12:35:45.072+0000] {warnings.py:112} WARNING - /home/***/.local/lib/python3.12/site-packages/***/task/task_runner/standard_task_runner.py:61: DeprecationWarning: This process (pid=2485) is multi-threaded, use of fork() may lead to deadlocks in the child.
  pid = os.fork()

[2025-05-17T12:35:45.073+0000] {standard_task_runner.py:63} INFO - Started process 2498 to run task
[2025-05-17T12:35:45.074+0000] {standard_task_runner.py:90} INFO - Running: ['***', 'tasks', 'run', 'vietnamnet_crawler_24h', 'crawl_cong-nghe', 'manual__2025-05-17T12:35:00.311362+00:00', '--job-id', '155', '--raw', '--subdir', 'DAGS_FOLDER/dags.py', '--cfg-path', '/tmp/tmpeqtpygx7']
[2025-05-17T12:35:45.077+0000] {standard_task_runner.py:91} INFO - Job 155: Subtask crawl_cong-nghe
[2025-05-17T12:35:45.121+0000] {task_command.py:426} INFO - Running <TaskInstance: vietnamnet_crawler_24h.crawl_cong-nghe manual__2025-05-17T12:35:00.311362+00:00 [running]> on host 60d771d880eb
[2025-05-17T12:35:45.216+0000] {taskinstance.py:2648} INFO - Exporting env vars: AIRFLOW_CTX_DAG_OWNER='***' AIRFLOW_CTX_DAG_ID='vietnamnet_crawler_24h' AIRFLOW_CTX_TASK_ID='crawl_cong-nghe' AIRFLOW_CTX_EXECUTION_DATE='2025-05-17T12:35:00.311362+00:00' AIRFLOW_CTX_TRY_NUMBER='1' AIRFLOW_CTX_DAG_RUN_ID='manual__2025-05-17T12:35:00.311362+00:00'
[2025-05-17T12:35:45.218+0000] {taskinstance.py:430} INFO - ::endgroup::
[2025-05-17T12:35:45.510+0000] {crawler.py:55} INFO - Đã kết nối thành công với MongoDB: News
[2025-05-17T12:35:46.240+0000] {logging_mixin.py:188} INFO - [INIT].... → Crawl4AI 0.6.2
[2025-05-17T12:35:49.947+0000] {logging_mixin.py:188} INFO - [FETCH]... ↓ https://vietnamnet.vn/tin-tuc-24h?bydaterang=&cate=00MK8V                                            | 
[2025-05-17T12:35:49.948+0000] {logging_mixin.py:188} INFO - ✓
[2025-05-17T12:35:49.949+0000] {logging_mixin.py:188} INFO -  | ⏱: 3.60s
[2025-05-17T12:35:50.224+0000] {logging_mixin.py:188} INFO - [SCRAPE].. ◆ https://vietnamnet.vn/tin-tuc-24h?bydaterang=&cate=00MK8V                                            | 
[2025-05-17T12:35:50.224+0000] {logging_mixin.py:188} INFO - ✓
[2025-05-17T12:35:50.225+0000] {logging_mixin.py:188} INFO -  | ⏱: 0.27s
[2025-05-17T12:35:50.226+0000] {logging_mixin.py:188} INFO - [COMPLETE] ● https://vietnamnet.vn/tin-tuc-24h?bydaterang=&cate=00MK8V                                            | 
[2025-05-17T12:35:50.227+0000] {logging_mixin.py:188} INFO - ✓
[2025-05-17T12:35:50.227+0000] {logging_mixin.py:188} INFO -  | ⏱: 3.88s
[2025-05-17T12:35:50.488+0000] {crawler.py:85} INFO - Tìm thấy 25 link bài viết cho danh mục cong-nghe
[2025-05-17T12:35:51.057+0000] {crawler.py:110} INFO - Đã lọc: 25 URLs ban đầu -> 25 URLs sau xử lý live
[2025-05-17T12:35:51.057+0000] {crawler.py:255} INFO - Đang crawl 25 bài viết mới từ danh mục cong-nghe...
[2025-05-17T12:35:51.058+0000] {crawler.py:258} INFO - --> Crawl: https://vietnamnet.vn/hue-dua-vao-hoat-dong-136-diem-dai-ly-dich-vu-cong-truc-tuyen-2401711.html
[2025-05-17T12:35:51.782+0000] {logging_mixin.py:188} INFO - [INIT].... → Crawl4AI 0.6.2
[2025-05-17T12:35:57.716+0000] {logging_mixin.py:188} INFO - [FETCH]... ↓ https://vietnamnet.vn/hue-dua-vao-hoat-dong-136-diem-dai-ly-dich-vu-cong-truc-tuyen-2401711.html     | 
[2025-05-17T12:35:57.718+0000] {logging_mixin.py:188} INFO - ✓
[2025-05-17T12:35:57.720+0000] {logging_mixin.py:188} INFO -  | ⏱: 5.84s
[2025-05-17T12:35:58.155+0000] {logging_mixin.py:188} INFO - [SCRAPE].. ◆ https://vietnamnet.vn/hue-dua-vao-hoat-dong-136-diem-dai-ly-dich-vu-cong-truc-tuyen-2401711.html     | 
[2025-05-17T12:35:58.156+0000] {logging_mixin.py:188} INFO - ✓
[2025-05-17T12:35:58.157+0000] {logging_mixin.py:188} INFO -  | ⏱: 0.43s
[2025-05-17T12:35:58.159+0000] {logging_mixin.py:188} INFO - [COMPLETE] ● https://vietnamnet.vn/hue-dua-vao-hoat-dong-136-diem-dai-ly-dich-vu-cong-truc-tuyen-2401711.html     | 
[2025-05-17T12:35:58.160+0000] {logging_mixin.py:188} INFO - ✓
[2025-05-17T12:35:58.161+0000] {logging_mixin.py:188} INFO -  | ⏱: 6.29s
[2025-05-17T12:35:58.782+0000] {crawler.py:262} INFO -     ✓ Huế đưa vào hoạt động 136 điểm đại lý dịch vụ công trực tuyế...

[2025-05-17T12:35:58.783+0000] {crawler.py:258} INFO - --> Crawl: https://vietnamnet.vn/uav-nga-huy-diet-xe-tang-leopard-vu-khi-gia-re-thay-doi-cuoc-choi-2401713.html
[2025-05-17T12:35:59.971+0000] {logging_mixin.py:188} INFO - [INIT].... → Crawl4AI 0.6.2
[2025-05-17T12:36:08.005+0000] {logging_mixin.py:188} INFO - [FETCH]... ↓ https://vietnamnet.vn/uav-nga-huy-diet-xe-tang-leopard-vu-khi-gia-re-thay-doi-cuoc-choi-2401713.html | 
[2025-05-17T12:36:08.006+0000] {logging_mixin.py:188} INFO - ✓
[2025-05-17T12:36:08.007+0000] {logging_mixin.py:188} INFO -  | ⏱: 7.86s
[2025-05-17T12:36:08.800+0000] {logging_mixin.py:188} INFO - [SCRAPE].. ◆ https://vietnamnet.vn/uav-nga-huy-diet-xe-tang-leopard-vu-khi-gia-re-thay-doi-cuoc-choi-2401713.html | 
[2025-05-17T12:36:08.802+0000] {logging_mixin.py:188} INFO - ✓
[2025-05-17T12:36:08.805+0000] {logging_mixin.py:188} INFO -  | ⏱: 
[2025-05-17T12:36:08.807+0000] {logging_mixin.py:188} INFO - 0.79
[2025-05-17T12:36:08.808+0000] {logging_mixin.py:188} INFO - s
[2025-05-17T12:36:08.810+0000] {logging_mixin.py:188} INFO - [COMPLETE] ● https://vietnamnet.vn/uav-nga-huy-diet-xe-tang-leopard-vu-khi-gia-re-thay-doi-cuoc-choi-2401713.html | 
[2025-05-17T12:36:08.810+0000] {logging_mixin.py:188} INFO - ✓
[2025-05-17T12:36:08.811+0000] {logging_mixin.py:188} INFO -  | ⏱: 8.66s
[2025-05-17T12:36:09.706+0000] {crawler.py:262} INFO -     ✓ UAV Nga ‘hủy diệt’ xe tăng Leopard Ukraine: Công nghệ giá rẻ...

[2025-05-17T12:36:09.708+0000] {crawler.py:258} INFO - --> Crawl: https://vietnamnet.vn/ngay-hoi-khoa-hoc-va-cong-nghe-vn-ngay-hoi-cua-tri-tue-doi-moi-va-khat-vong-2401728.html
[2025-05-17T12:36:10.701+0000] {logging_mixin.py:188} INFO - [INIT].... → Crawl4AI 0.6.2
[2025-05-17T12:36:18.321+0000] {logging_mixin.py:188} INFO - [FETCH]... ↓ https://vietnamnet.vn/ngay-hoi-khoa-hoc-va-cong-...oi-cua-tri-tue-doi-moi-va-khat-vong-2401728.html  | 
[2025-05-17T12:36:18.322+0000] {logging_mixin.py:188} INFO - ✓
[2025-05-17T12:36:18.323+0000] {logging_mixin.py:188} INFO -  | ⏱: 7.45s
[2025-05-17T12:36:18.864+0000] {logging_mixin.py:188} INFO - [SCRAPE].. ◆ https://vietnamnet.vn/ngay-hoi-khoa-hoc-va-cong-...oi-cua-tri-tue-doi-moi-va-khat-vong-2401728.html  | 
[2025-05-17T12:36:18.864+0000] {logging_mixin.py:188} INFO - ✓
[2025-05-17T12:36:18.865+0000] {logging_mixin.py:188} INFO -  | ⏱: 0.54s
[2025-05-17T12:36:18.866+0000] {logging_mixin.py:188} INFO - [COMPLETE] ● https://vietnamnet.vn/ngay-hoi-khoa-hoc-va-cong-...oi-cua-tri-tue-doi-moi-va-khat-vong-2401728.html  | 
[2025-05-17T12:36:18.867+0000] {logging_mixin.py:188} INFO - ✓
[2025-05-17T12:36:18.868+0000] {logging_mixin.py:188} INFO -  | ⏱: 7.99s
[2025-05-17T12:36:19.443+0000] {crawler.py:262} INFO -     ✓ Ngày hội Khoa học và Công nghệ: Ngày hội của trí tuệ, đổi mớ...

[2025-05-17T12:36:19.444+0000] {crawler.py:258} INFO - --> Crawl: https://vietnamnet.vn/ai-khong-thay-the-ma-ho-tro-nha-bao-lam-viec-tot-hon-2401377.html
[2025-05-17T12:36:20.260+0000] {logging_mixin.py:188} INFO - [INIT].... → Crawl4AI 0.6.2
[2025-05-17T12:36:24.072+0000] {logging_mixin.py:188} INFO - [FETCH]... ↓ https://vietnamnet.vn/ai-khong-thay-the-ma-ho-tro-nha-bao-lam-viec-tot-hon-2401377.html              | 
[2025-05-17T12:36:24.075+0000] {logging_mixin.py:188} INFO - ✓
[2025-05-17T12:36:24.076+0000] {logging_mixin.py:188} INFO -  | ⏱: 3.74s
[2025-05-17T12:36:24.339+0000] {logging_mixin.py:188} INFO - [SCRAPE].. ◆ https://vietnamnet.vn/ai-khong-thay-the-ma-ho-tro-nha-bao-lam-viec-tot-hon-2401377.html              | 
[2025-05-17T12:36:24.340+0000] {logging_mixin.py:188} INFO - ✓
[2025-05-17T12:36:24.340+0000] {logging_mixin.py:188} INFO -  | ⏱: 0.26s
[2025-05-17T12:36:24.341+0000] {logging_mixin.py:188} INFO - [COMPLETE] ● https://vietnamnet.vn/ai-khong-thay-the-ma-ho-tro-nha-bao-lam-viec-tot-hon-2401377.html              | 
[2025-05-17T12:36:24.342+0000] {logging_mixin.py:188} INFO - ✓
[2025-05-17T12:36:24.342+0000] {logging_mixin.py:188} INFO -  | ⏱: 4.01s
[2025-05-17T12:36:24.964+0000] {crawler.py:262} INFO -     ✓ AI không thay thế, mà hỗ trợ nhà báo làm việc tốt hơn...

[2025-05-17T12:36:24.965+0000] {crawler.py:258} INFO - --> Crawl: https://vietnamnet.vn/lockin-x9-khoa-cua-van-tay-thong-minh-de-su-dung-2401508.html
[2025-05-17T12:36:25.573+0000] {logging_mixin.py:188} INFO - [INIT].... → Crawl4AI 0.6.2
[2025-05-17T12:36:29.833+0000] {logging_mixin.py:188} INFO - [FETCH]... ↓ https://vietnamnet.vn/lockin-x9-khoa-cua-van-tay-thong-minh-de-su-dung-2401508.html                  | 
[2025-05-17T12:36:29.834+0000] {logging_mixin.py:188} INFO - ✓
[2025-05-17T12:36:29.834+0000] {logging_mixin.py:188} INFO -  | ⏱: 4.18s
[2025-05-17T12:36:30.149+0000] {logging_mixin.py:188} INFO - [SCRAPE].. ◆ https://vietnamnet.vn/lockin-x9-khoa-cua-van-tay-thong-minh-de-su-dung-2401508.html                  | 
[2025-05-17T12:36:30.149+0000] {logging_mixin.py:188} INFO - ✓
[2025-05-17T12:36:30.150+0000] {logging_mixin.py:188} INFO -  | ⏱: 0.31s
[2025-05-17T12:36:30.151+0000] {logging_mixin.py:188} INFO - [COMPLETE] ● https://vietnamnet.vn/lockin-x9-khoa-cua-van-tay-thong-minh-de-su-dung-2401508.html                  | 
[2025-05-17T12:36:30.152+0000] {logging_mixin.py:188} INFO - ✓
[2025-05-17T12:36:30.152+0000] {logging_mixin.py:188} INFO -  | ⏱: 4.50s
[2025-05-17T12:36:30.650+0000] {crawler.py:262} INFO -     ✓ Lockin X9 - khóa cửa vân tay thông minh, dễ sử dụng...

[2025-05-17T12:36:30.651+0000] {crawler.py:258} INFO - --> Crawl: https://vietnamnet.vn/apple-co-the-tao-ra-quai-vat-ai-voi-iphone-ky-niem-20-nam-2401251.html
[2025-05-17T12:36:31.314+0000] {logging_mixin.py:188} INFO - [INIT].... → Crawl4AI 0.6.2
[2025-05-17T12:36:36.396+0000] {logging_mixin.py:188} INFO - [FETCH]... ↓ https://vietnamnet.vn/apple-co-the-tao-ra-quai-vat-ai-voi-iphone-ky-niem-20-nam-2401251.html         | 
[2025-05-17T12:36:36.398+0000] {logging_mixin.py:188} INFO - ✓
[2025-05-17T12:36:36.399+0000] {logging_mixin.py:188} INFO -  | ⏱: 5.00s
[2025-05-17T12:36:36.733+0000] {logging_mixin.py:188} INFO - [SCRAPE].. ◆ https://vietnamnet.vn/apple-co-the-tao-ra-quai-vat-ai-voi-iphone-ky-niem-20-nam-2401251.html         | 
[2025-05-17T12:36:36.734+0000] {logging_mixin.py:188} INFO - ✓
[2025-05-17T12:36:36.735+0000] {logging_mixin.py:188} INFO -  | ⏱: 0.33s
[2025-05-17T12:36:36.736+0000] {logging_mixin.py:188} INFO - [COMPLETE] ● https://vietnamnet.vn/apple-co-the-tao-ra-quai-vat-ai-voi-iphone-ky-niem-20-nam-2401251.html         | 
[2025-05-17T12:36:36.737+0000] {logging_mixin.py:188} INFO - ✓
[2025-05-17T12:36:36.737+0000] {logging_mixin.py:188} INFO -  | ⏱: 5.35s
[2025-05-17T12:36:37.197+0000] {crawler.py:262} INFO -     ✓ Apple có thể tạo ra 'quái vật AI' với iPhone kỷ niệm 20 năm...

[2025-05-17T12:36:37.198+0000] {crawler.py:258} INFO - --> Crawl: https://vietnamnet.vn/vi-sao-mo-facebook-ra-la-thay-hoa-cuc-khuyet-canh-2401460.html
[2025-05-17T12:36:37.914+0000] {logging_mixin.py:188} INFO - [INIT].... → Crawl4AI 0.6.2
[2025-05-17T12:36:41.682+0000] {logging_mixin.py:188} INFO - [FETCH]... ↓ https://vietnamnet.vn/vi-sao-mo-facebook-ra-la-thay-hoa-cuc-khuyet-canh-2401460.html                 | 
[2025-05-17T12:36:41.683+0000] {logging_mixin.py:188} INFO - ✓
[2025-05-17T12:36:41.684+0000] {logging_mixin.py:188} INFO -  | ⏱: 3.69s
[2025-05-17T12:36:41.943+0000] {logging_mixin.py:188} INFO - [SCRAPE].. ◆ https://vietnamnet.vn/vi-sao-mo-facebook-ra-la-thay-hoa-cuc-khuyet-canh-2401460.html                 | 
[2025-05-17T12:36:41.943+0000] {logging_mixin.py:188} INFO - ✓
[2025-05-17T12:36:41.944+0000] {logging_mixin.py:188} INFO -  | ⏱: 0.26s
[2025-05-17T12:36:41.946+0000] {logging_mixin.py:188} INFO - [COMPLETE] ● https://vietnamnet.vn/vi-sao-mo-facebook-ra-la-thay-hoa-cuc-khuyet-canh-2401460.html                 | 
[2025-05-17T12:36:41.946+0000] {logging_mixin.py:188} INFO - ✓
[2025-05-17T12:36:41.947+0000] {logging_mixin.py:188} INFO -  | ⏱: 3.95s
[2025-05-17T12:36:42.424+0000] {crawler.py:262} INFO -     ✓ Vì sao những ngày này mở Facebook ra là thấy hoa cúc khuyết ...

[2025-05-17T12:36:42.425+0000] {crawler.py:258} INFO - --> Crawl: https://vietnamnet.vn/loi-thoat-duy-nhat-cua-apple-duoi-thoi-ong-donald-trump-2401637.html
[2025-05-17T12:36:43.183+0000] {logging_mixin.py:188} INFO - [INIT].... → Crawl4AI 0.6.2
[2025-05-17T12:36:47.760+0000] {logging_mixin.py:188} INFO - [FETCH]... ↓ https://vietnamnet.vn/loi-thoat-duy-nhat-cua-apple-duoi-thoi-ong-donald-trump-2401637.html           | 
[2025-05-17T12:36:47.761+0000] {logging_mixin.py:188} INFO - ✓
[2025-05-17T12:36:47.762+0000] {logging_mixin.py:188} INFO -  | ⏱: 4.48s
[2025-05-17T12:36:48.114+0000] {logging_mixin.py:188} INFO - [SCRAPE].. ◆ https://vietnamnet.vn/loi-thoat-duy-nhat-cua-apple-duoi-thoi-ong-donald-trump-2401637.html           | 
[2025-05-17T12:36:48.115+0000] {logging_mixin.py:188} INFO - ✓
[2025-05-17T12:36:48.115+0000] {logging_mixin.py:188} INFO -  | ⏱: 0.35s
[2025-05-17T12:36:48.117+0000] {logging_mixin.py:188} INFO - [COMPLETE] ● https://vietnamnet.vn/loi-thoat-duy-nhat-cua-apple-duoi-thoi-ong-donald-trump-2401637.html           | 
[2025-05-17T12:36:48.118+0000] {logging_mixin.py:188} INFO - ✓
[2025-05-17T12:36:48.119+0000] {logging_mixin.py:188} INFO -  | ⏱: 4.84s
[2025-05-17T12:36:49.009+0000] {crawler.py:262} INFO -     ✓ Lối thoát duy nhất của Apple dưới thời ông Donald Trump?...

[2025-05-17T12:36:49.010+0000] {crawler.py:258} INFO - --> Crawl: https://vietnamnet.vn/pho-thu-tuong-de-xuat-tang-cuong-hop-tac-cong-nghe-chien-luoc-voi-ao-2401957.html
[2025-05-17T12:36:49.750+0000] {logging_mixin.py:188} INFO - [INIT].... → Crawl4AI 0.6.2
[2025-05-17T12:36:54.009+0000] {logging_mixin.py:188} INFO - [FETCH]... ↓ https://vietnamnet.vn/pho-thu-tuong-de-xuat-tang...hop-tac-cong-nghe-chien-luoc-voi-ao-2401957.html  | 
[2025-05-17T12:36:54.010+0000] {logging_mixin.py:188} INFO - ✓
[2025-05-17T12:36:54.011+0000] {logging_mixin.py:188} INFO -  | ⏱: 4.19s
[2025-05-17T12:36:54.268+0000] {logging_mixin.py:188} INFO - [SCRAPE].. ◆ https://vietnamnet.vn/pho-thu-tuong-de-xuat-tang...hop-tac-cong-nghe-chien-luoc-voi-ao-2401957.html  | 
[2025-05-17T12:36:54.269+0000] {logging_mixin.py:188} INFO - ✓
[2025-05-17T12:36:54.270+0000] {logging_mixin.py:188} INFO -  | ⏱: 0.26s
[2025-05-17T12:36:54.271+0000] {logging_mixin.py:188} INFO - [COMPLETE] ● https://vietnamnet.vn/pho-thu-tuong-de-xuat-tang...hop-tac-cong-nghe-chien-luoc-voi-ao-2401957.html  | 
[2025-05-17T12:36:54.272+0000] {logging_mixin.py:188} INFO - ✓
[2025-05-17T12:36:54.272+0000] {logging_mixin.py:188} INFO -  | ⏱: 4.45s
[2025-05-17T12:36:55.667+0000] {crawler.py:262} INFO -     ✓ Phó Thủ tướng đề xuất 4 hướng hợp tác trọng tâm Việt Nam - Á...

[2025-05-17T12:36:55.668+0000] {crawler.py:258} INFO - --> Crawl: https://vietnamnet.vn/cuoc-tran-ap-chua-tung-co-cua-my-loi-nhung-con-chip-huawei-ra-ngoai-anh-sang-2401303.html
[2025-05-17T12:36:56.278+0000] {logging_mixin.py:188} INFO - [INIT].... → Crawl4AI 0.6.2
[2025-05-17T12:36:59.922+0000] {logging_mixin.py:188} INFO - [FETCH]... ↓ https://vietnamnet.vn/cuoc-tran-ap-chua-tung-co-...g-con-chip-huawei-ra-ngoai-anh-sang-2401303.html  | 
[2025-05-17T12:36:59.923+0000] {logging_mixin.py:188} INFO - ✓
[2025-05-17T12:36:59.923+0000] {logging_mixin.py:188} INFO -  | ⏱: 3.58s
[2025-05-17T12:37:00.132+0000] {logging_mixin.py:188} INFO - [SCRAPE].. ◆ https://vietnamnet.vn/cuoc-tran-ap-chua-tung-co-...g-con-chip-huawei-ra-ngoai-anh-sang-2401303.html  | 
[2025-05-17T12:37:00.133+0000] {logging_mixin.py:188} INFO - ✓
[2025-05-17T12:37:00.133+0000] {logging_mixin.py:188} INFO -  | ⏱: 0.21s
[2025-05-17T12:37:00.135+0000] {logging_mixin.py:188} INFO - [COMPLETE] ● https://vietnamnet.vn/cuoc-tran-ap-chua-tung-co-...g-con-chip-huawei-ra-ngoai-anh-sang-2401303.html  | 
[2025-05-17T12:37:00.135+0000] {logging_mixin.py:188} INFO - ✓
[2025-05-17T12:37:00.136+0000] {logging_mixin.py:188} INFO -  | ⏱: 3.80s
[2025-05-17T12:37:01.485+0000] {crawler.py:262} INFO -     ✓ Cuộc trấn áp chưa từng có của Mỹ lôi những con chip Huawei r...

[2025-05-17T12:37:01.486+0000] {crawler.py:258} INFO - --> Crawl: https://vietnamnet.vn/ty-phu-elon-musk-be-mat-vi-loi-nhan-xet-qua-be-bang-cua-grok-2401471.html
[2025-05-17T12:37:02.008+0000] {logging_mixin.py:188} INFO - [INIT].... → Crawl4AI 0.6.2
[2025-05-17T12:37:07.659+0000] {logging_mixin.py:188} INFO - [FETCH]... ↓ https://vietnamnet.vn/ty-phu-elon-musk-be-mat-vi-loi-nhan-xet-qua-be-bang-cua-grok-2401471.html      | 
[2025-05-17T12:37:07.661+0000] {logging_mixin.py:188} INFO - ✓
[2025-05-17T12:37:07.663+0000] {logging_mixin.py:188} INFO -  | ⏱: 5.60s
[2025-05-17T12:37:07.973+0000] {logging_mixin.py:188} INFO - [SCRAPE].. ◆ https://vietnamnet.vn/ty-phu-elon-musk-be-mat-vi-loi-nhan-xet-qua-be-bang-cua-grok-2401471.html      | 
[2025-05-17T12:37:07.974+0000] {logging_mixin.py:188} INFO - ✓
[2025-05-17T12:37:07.975+0000] {logging_mixin.py:188} INFO -  | ⏱: 0.30s
[2025-05-17T12:37:07.977+0000] {logging_mixin.py:188} INFO - [COMPLETE] ● https://vietnamnet.vn/ty-phu-elon-musk-be-mat-vi-loi-nhan-xet-qua-be-bang-cua-grok-2401471.html      | 
[2025-05-17T12:37:07.977+0000] {logging_mixin.py:188} INFO - ✓
[2025-05-17T12:37:07.978+0000] {logging_mixin.py:188} INFO -  | ⏱: 5.92s
[2025-05-17T12:37:09.169+0000] {crawler.py:262} INFO -     ✓ Tỷ phú Elon Musk bẽ mặt vì lời nhận xét quá bẽ bàng của Grok...

[2025-05-17T12:37:09.170+0000] {crawler.py:258} INFO - --> Crawl: https://vietnamnet.vn/dau-an-dac-biet-cua-extreme-networks-tai-su-kien-cong-nghe-hang-dau-viet-nam-2401490.html
[2025-05-17T12:37:09.778+0000] {logging_mixin.py:188} INFO - [INIT].... → Crawl4AI 0.6.2
[2025-05-17T12:37:14.074+0000] {logging_mixin.py:188} INFO - [FETCH]... ↓ https://vietnamnet.vn/dau-an-dac-biet-cua-extrem...su-kien-cong-nghe-hang-dau-viet-nam-2401490.html  | 
[2025-05-17T12:37:14.075+0000] {logging_mixin.py:188} INFO - ✓
[2025-05-17T12:37:14.075+0000] {logging_mixin.py:188} INFO -  | ⏱: 4.23s
[2025-05-17T12:37:14.350+0000] {logging_mixin.py:188} INFO - [SCRAPE].. ◆ https://vietnamnet.vn/dau-an-dac-biet-cua-extrem...su-kien-cong-nghe-hang-dau-viet-nam-2401490.html  | 
[2025-05-17T12:37:14.351+0000] {logging_mixin.py:188} INFO - ✓
[2025-05-17T12:37:14.352+0000] {logging_mixin.py:188} INFO -  | ⏱: 0.27s
[2025-05-17T12:37:14.353+0000] {logging_mixin.py:188} INFO - [COMPLETE] ● https://vietnamnet.vn/dau-an-dac-biet-cua-extrem...su-kien-cong-nghe-hang-dau-viet-nam-2401490.html  | 
[2025-05-17T12:37:14.354+0000] {logging_mixin.py:188} INFO - ✓
[2025-05-17T12:37:14.354+0000] {logging_mixin.py:188} INFO -  | ⏱: 4.51s
[2025-05-17T12:37:15.520+0000] {crawler.py:262} INFO -     ✓ Dấu ấn đặc biệt của Extreme Networks tại sự kiện công nghệ h...

[2025-05-17T12:37:15.520+0000] {crawler.py:258} INFO - --> Crawl: https://vietnamnet.vn/iphone-16-pro-giam-gia-soc-hon-9-trieu-dong-tai-trung-quoc-2401636.html
[2025-05-17T12:37:16.371+0000] {logging_mixin.py:188} INFO - [INIT].... → Crawl4AI 0.6.2
[2025-05-17T12:37:21.349+0000] {logging_mixin.py:188} INFO - [FETCH]... ↓ https://vietnamnet.vn/iphone-16-pro-giam-gia-soc-hon-9-trieu-dong-tai-trung-quoc-2401636.html        | 
[2025-05-17T12:37:21.350+0000] {logging_mixin.py:188} INFO - ✓
[2025-05-17T12:37:21.351+0000] {logging_mixin.py:188} INFO -  | ⏱: 4.90s
[2025-05-17T12:37:21.953+0000] {logging_mixin.py:188} INFO - [SCRAPE].. ◆ https://vietnamnet.vn/iphone-16-pro-giam-gia-soc-hon-9-trieu-dong-tai-trung-quoc-2401636.html        | 
[2025-05-17T12:37:21.954+0000] {logging_mixin.py:188} INFO - ✓
[2025-05-17T12:37:21.954+0000] {logging_mixin.py:188} INFO -  | ⏱: 
[2025-05-17T12:37:21.955+0000] {logging_mixin.py:188} INFO - 0.6
[2025-05-17T12:37:21.956+0000] {logging_mixin.py:188} INFO - 0s
[2025-05-17T12:37:21.957+0000] {logging_mixin.py:188} INFO - [COMPLETE] ● https://vietnamnet.vn/iphone-16-pro-giam-gia-soc-hon-9-trieu-dong-tai-trung-quoc-2401636.html        | 
[2025-05-17T12:37:21.957+0000] {logging_mixin.py:188} INFO - ✓
[2025-05-17T12:37:21.958+0000] {logging_mixin.py:188} INFO -  | ⏱: 5.50s
[2025-05-17T12:37:22.425+0000] {crawler.py:262} INFO -     ✓ iPhone 16 Pro giảm giá sốc hơn 9 triệu đồng tại Trung Quốc...

[2025-05-17T12:37:22.426+0000] {crawler.py:258} INFO - --> Crawl: https://vietnamnet.vn/them-mot-hang-dien-thoai-trung-quoc-co-the-khien-my-lo-lang-2401585.html
[2025-05-17T12:37:23.171+0000] {logging_mixin.py:188} INFO - [INIT].... → Crawl4AI 0.6.2
[2025-05-17T12:37:27.445+0000] {logging_mixin.py:188} INFO - [FETCH]... ↓ https://vietnamnet.vn/them-mot-hang-dien-thoai-trung-quoc-co-the-khien-my-lo-lang-2401585.html       | 
[2025-05-17T12:37:27.446+0000] {logging_mixin.py:188} INFO - ✓
[2025-05-17T12:37:27.448+0000] {logging_mixin.py:188} INFO -  | ⏱: 4.18s
[2025-05-17T12:37:27.775+0000] {logging_mixin.py:188} INFO - [SCRAPE].. ◆ https://vietnamnet.vn/them-mot-hang-dien-thoai-trung-quoc-co-the-khien-my-lo-lang-2401585.html       | 
[2025-05-17T12:37:27.776+0000] {logging_mixin.py:188} INFO - ✓
[2025-05-17T12:37:27.777+0000] {logging_mixin.py:188} INFO -  | ⏱: 0.33s
[2025-05-17T12:37:27.779+0000] {logging_mixin.py:188} INFO - [COMPLETE] ● https://vietnamnet.vn/them-mot-hang-dien-thoai-trung-quoc-co-the-khien-my-lo-lang-2401585.html       | 
[2025-05-17T12:37:27.779+0000] {logging_mixin.py:188} INFO - ✓
[2025-05-17T12:37:27.780+0000] {logging_mixin.py:188} INFO -  | ⏱: 4.51s
[2025-05-17T12:37:28.277+0000] {crawler.py:262} INFO -     ✓ Thêm một hãng điện thoại Trung Quốc có thể khiến Mỹ lo lắng...

[2025-05-17T12:37:28.278+0000] {crawler.py:258} INFO - --> Crawl: https://vietnamnet.vn/cuc-so-huu-tri-tue-hay-thay-doi-tu-duy-cach-lam-de-khoi-tao-trang-moi-2401416.html
[2025-05-17T12:37:29.084+0000] {logging_mixin.py:188} INFO - [INIT].... → Crawl4AI 0.6.2
[2025-05-17T12:37:32.781+0000] {logging_mixin.py:188} INFO - [FETCH]... ↓ https://vietnamnet.vn/cuc-so-huu-tri-tue-hay-tha...-duy-cach-lam-de-khoi-tao-trang-moi-2401416.html  | 
[2025-05-17T12:37:32.782+0000] {logging_mixin.py:188} INFO - ✓
[2025-05-17T12:37:32.783+0000] {logging_mixin.py:188} INFO -  | ⏱: 3.62s
[2025-05-17T12:37:33.063+0000] {logging_mixin.py:188} INFO - [SCRAPE].. ◆ https://vietnamnet.vn/cuc-so-huu-tri-tue-hay-tha...-duy-cach-lam-de-khoi-tao-trang-moi-2401416.html  | 
[2025-05-17T12:37:33.064+0000] {logging_mixin.py:188} INFO - ✓
[2025-05-17T12:37:33.064+0000] {logging_mixin.py:188} INFO -  | ⏱: 0.28s
[2025-05-17T12:37:33.065+0000] {logging_mixin.py:188} INFO - [COMPLETE] ● https://vietnamnet.vn/cuc-so-huu-tri-tue-hay-tha...-duy-cach-lam-de-khoi-tao-trang-moi-2401416.html  | 
[2025-05-17T12:37:33.066+0000] {logging_mixin.py:188} INFO - ✓
[2025-05-17T12:37:33.067+0000] {logging_mixin.py:188} INFO -  | ⏱: 3.90s
[2025-05-17T12:37:33.475+0000] {crawler.py:262} INFO -     ✓ Cục Sở hữu trí tuệ hãy thay đổi tư duy, cách làm để khởi tạo...

[2025-05-17T12:37:33.476+0000] {crawler.py:258} INFO - --> Crawl: https://vietnamnet.vn/cmc-telecom-se-xuat-hien-tai-su-kien-bao-mat-lon-nhat-viet-nam-2401672.html
[2025-05-17T12:37:34.024+0000] {logging_mixin.py:188} INFO - [INIT].... → Crawl4AI 0.6.2
[2025-05-17T12:37:37.478+0000] {logging_mixin.py:188} INFO - [FETCH]... ↓ https://vietnamnet.vn/cmc-telecom-se-xuat-hien-tai-su-kien-bao-mat-lon-nhat-viet-nam-2401672.html    | 
[2025-05-17T12:37:37.479+0000] {logging_mixin.py:188} INFO - ✓
[2025-05-17T12:37:37.480+0000] {logging_mixin.py:188} INFO -  | ⏱: 3.38s
[2025-05-17T12:37:37.758+0000] {logging_mixin.py:188} INFO - [SCRAPE].. ◆ https://vietnamnet.vn/cmc-telecom-se-xuat-hien-tai-su-kien-bao-mat-lon-nhat-viet-nam-2401672.html    | 
[2025-05-17T12:37:37.759+0000] {logging_mixin.py:188} INFO - ✓
[2025-05-17T12:37:37.760+0000] {logging_mixin.py:188} INFO -  | ⏱: 0.28s
[2025-05-17T12:37:37.762+0000] {logging_mixin.py:188} INFO - [COMPLETE] ● https://vietnamnet.vn/cmc-telecom-se-xuat-hien-tai-su-kien-bao-mat-lon-nhat-viet-nam-2401672.html    | 
[2025-05-17T12:37:37.762+0000] {logging_mixin.py:188} INFO - ✓
[2025-05-17T12:37:37.763+0000] {logging_mixin.py:188} INFO -  | ⏱: 3.66s
[2025-05-17T12:37:38.180+0000] {crawler.py:262} INFO -     ✓ CMC Telecom sẽ xuất hiện tại sự kiện bảo mật lớn nhất Việt N...

[2025-05-17T12:37:38.181+0000] {crawler.py:258} INFO - --> Crawl: https://vietnamnet.vn/ngay-khoa-hoc-va-cong-nghe-se-ton-vinh-nhung-nguoi-lam-khoa-hoc-2401624.html
[2025-05-17T12:37:38.815+0000] {logging_mixin.py:188} INFO - [INIT].... → Crawl4AI 0.6.2
[2025-05-17T12:37:42.463+0000] {logging_mixin.py:188} INFO - [FETCH]... ↓ https://vietnamnet.vn/ngay-khoa-hoc-va-cong-nghe-se-ton-vinh-nhung-nguoi-lam-khoa-hoc-2401624.html   | 
[2025-05-17T12:37:42.464+0000] {logging_mixin.py:188} INFO - ✓
[2025-05-17T12:37:42.465+0000] {logging_mixin.py:188} INFO -  | ⏱: 3.57s
[2025-05-17T12:37:42.701+0000] {logging_mixin.py:188} INFO - [SCRAPE].. ◆ https://vietnamnet.vn/ngay-khoa-hoc-va-cong-nghe-se-ton-vinh-nhung-nguoi-lam-khoa-hoc-2401624.html   | 
[2025-05-17T12:37:42.703+0000] {logging_mixin.py:188} INFO - ✓
[2025-05-17T12:37:42.704+0000] {logging_mixin.py:188} INFO -  | ⏱: 0.23s
[2025-05-17T12:37:42.705+0000] {logging_mixin.py:188} INFO - [COMPLETE] ● https://vietnamnet.vn/ngay-khoa-hoc-va-cong-nghe-se-ton-vinh-nhung-nguoi-lam-khoa-hoc-2401624.html   | 
[2025-05-17T12:37:42.705+0000] {logging_mixin.py:188} INFO - ✓
[2025-05-17T12:37:42.706+0000] {logging_mixin.py:188} INFO -  | ⏱: 3.81s
[2025-05-17T12:37:43.318+0000] {crawler.py:262} INFO -     ✓ Ngày Khoa học và Công nghệ sẽ tôn vinh những người làm khoa ...

[2025-05-17T12:37:43.319+0000] {crawler.py:258} INFO - --> Crawl: https://vietnamnet.vn/viet-nam-tien-toi-lam-chu-cong-nghe-nang-luong-hat-nhan-2401431.html
[2025-05-17T12:37:43.933+0000] {logging_mixin.py:188} INFO - [INIT].... → Crawl4AI 0.6.2
[2025-05-17T12:37:47.478+0000] {logging_mixin.py:188} INFO - [FETCH]... ↓ https://vietnamnet.vn/viet-nam-tien-toi-lam-chu-cong-nghe-nang-luong-hat-nhan-2401431.html           | 
[2025-05-17T12:37:47.479+0000] {logging_mixin.py:188} INFO - ✓
[2025-05-17T12:37:47.480+0000] {logging_mixin.py:188} INFO -  | ⏱: 3.45s
[2025-05-17T12:37:47.774+0000] {logging_mixin.py:188} INFO - [SCRAPE].. ◆ https://vietnamnet.vn/viet-nam-tien-toi-lam-chu-cong-nghe-nang-luong-hat-nhan-2401431.html           | 
[2025-05-17T12:37:47.776+0000] {logging_mixin.py:188} INFO - ✓
[2025-05-17T12:37:47.777+0000] {logging_mixin.py:188} INFO -  | ⏱: 0.29s
[2025-05-17T12:37:47.780+0000] {logging_mixin.py:188} INFO - [COMPLETE] ● https://vietnamnet.vn/viet-nam-tien-toi-lam-chu-cong-nghe-nang-luong-hat-nhan-2401431.html           | 
[2025-05-17T12:37:47.781+0000] {logging_mixin.py:188} INFO - ✓
[2025-05-17T12:37:47.783+0000] {logging_mixin.py:188} INFO -  | ⏱: 3.75s
[2025-05-17T12:37:48.197+0000] {crawler.py:262} INFO -     ✓ Việt Nam tiến tới làm chủ công nghệ năng lượng hạt nhân...

[2025-05-17T12:37:48.197+0000] {crawler.py:258} INFO - --> Crawl: https://vietnamnet.vn/sieu-mau-lan-khue-tro-thanh-dai-su-thuong-hieu-vertu-tai-viet-nam-2401814.html
[2025-05-17T12:37:48.784+0000] {logging_mixin.py:188} INFO - [INIT].... → Crawl4AI 0.6.2
[2025-05-17T12:37:53.088+0000] {logging_mixin.py:188} INFO - [FETCH]... ↓ https://vietnamnet.vn/sieu-mau-lan-khue-tro-thanh-dai-su-thuong-hieu-vertu-tai-viet-nam-2401814.html | 
[2025-05-17T12:37:53.089+0000] {logging_mixin.py:188} INFO - ✓
[2025-05-17T12:37:53.090+0000] {logging_mixin.py:188} INFO -  | ⏱: 4.24s
[2025-05-17T12:37:53.423+0000] {logging_mixin.py:188} INFO - [SCRAPE].. ◆ https://vietnamnet.vn/sieu-mau-lan-khue-tro-thanh-dai-su-thuong-hieu-vertu-tai-viet-nam-2401814.html | 
[2025-05-17T12:37:53.427+0000] {logging_mixin.py:188} INFO - ✓
[2025-05-17T12:37:53.428+0000] {logging_mixin.py:188} INFO -  | ⏱: 0.33s
[2025-05-17T12:37:53.430+0000] {logging_mixin.py:188} INFO - [COMPLETE] ● https://vietnamnet.vn/sieu-mau-lan-khue-tro-thanh-dai-su-thuong-hieu-vertu-tai-viet-nam-2401814.html | 
[2025-05-17T12:37:53.431+0000] {logging_mixin.py:188} INFO - ✓
[2025-05-17T12:37:53.432+0000] {logging_mixin.py:188} INFO -  | ⏱: 4.58s
[2025-05-17T12:37:54.043+0000] {crawler.py:262} INFO -     ✓ Siêu mẫu Lan Khuê trở thành đại sứ thương hiệu Vertu tại Việ...

[2025-05-17T12:37:54.044+0000] {crawler.py:258} INFO - --> Crawl: https://vietnamnet.vn/khu-cong-nghe-cao-hoa-lac-se-theo-mo-hinh-thanh-pho-khoa-hoc-va-cong-nghe-mo-2401668.html
[2025-05-17T12:37:54.924+0000] {logging_mixin.py:188} INFO - [INIT].... → Crawl4AI 0.6.2
[2025-05-17T12:37:59.222+0000] {logging_mixin.py:188} INFO - [FETCH]... ↓ https://vietnamnet.vn/khu-cong-nghe-cao-hoa-lac-...-thanh-pho-khoa-hoc-va-cong-nghe-mo-2401668.html  | 
[2025-05-17T12:37:59.224+0000] {logging_mixin.py:188} INFO - ✓
[2025-05-17T12:37:59.224+0000] {logging_mixin.py:188} INFO -  | ⏱: 4.20s
[2025-05-17T12:37:59.527+0000] {logging_mixin.py:188} INFO - [SCRAPE].. ◆ https://vietnamnet.vn/khu-cong-nghe-cao-hoa-lac-...-thanh-pho-khoa-hoc-va-cong-nghe-mo-2401668.html  | 
[2025-05-17T12:37:59.529+0000] {logging_mixin.py:188} INFO - ✓
[2025-05-17T12:37:59.530+0000] {logging_mixin.py:188} INFO -  | ⏱: 0.30s
[2025-05-17T12:37:59.531+0000] {logging_mixin.py:188} INFO - [COMPLETE] ● https://vietnamnet.vn/khu-cong-nghe-cao-hoa-lac-...-thanh-pho-khoa-hoc-va-cong-nghe-mo-2401668.html  | 
[2025-05-17T12:37:59.532+0000] {logging_mixin.py:188} INFO - ✓
[2025-05-17T12:37:59.533+0000] {logging_mixin.py:188} INFO -  | ⏱: 4.51s
[2025-05-17T12:38:00.007+0000] {crawler.py:262} INFO -     ✓ Khu Công nghệ cao Hòa Lạc sẽ theo mô hình thành phố khoa học...

[2025-05-17T12:38:00.008+0000] {crawler.py:258} INFO - --> Crawl: https://vietnamnet.vn/huong-dan-cach-lam-the-xe-buyt-mien-phi-online-tai-ha-noi-nhanh-nhat-2401329.html
[2025-05-17T12:38:00.634+0000] {logging_mixin.py:188} INFO - [INIT].... → Crawl4AI 0.6.2
[2025-05-17T12:38:05.081+0000] {logging_mixin.py:188} INFO - [FETCH]... ↓ https://vietnamnet.vn/huong-dan-cach-lam-the-xe-...en-phi-online-tai-ha-noi-nhanh-nhat-2401329.html  | 
[2025-05-17T12:38:05.082+0000] {logging_mixin.py:188} INFO - ✓
[2025-05-17T12:38:05.083+0000] {logging_mixin.py:188} INFO -  | ⏱: 4.36s
[2025-05-17T12:38:05.432+0000] {logging_mixin.py:188} INFO - [SCRAPE].. ◆ https://vietnamnet.vn/huong-dan-cach-lam-the-xe-...en-phi-online-tai-ha-noi-nhanh-nhat-2401329.html  | 
[2025-05-17T12:38:05.432+0000] {logging_mixin.py:188} INFO - ✓
[2025-05-17T12:38:05.433+0000] {logging_mixin.py:188} INFO -  | ⏱: 0.35s
[2025-05-17T12:38:05.435+0000] {logging_mixin.py:188} INFO - [COMPLETE] ● https://vietnamnet.vn/huong-dan-cach-lam-the-xe-...en-phi-online-tai-ha-noi-nhanh-nhat-2401329.html  | 
[2025-05-17T12:38:05.435+0000] {logging_mixin.py:188} INFO - ✓
[2025-05-17T12:38:05.436+0000] {logging_mixin.py:188} INFO -  | ⏱: 4.71s
[2025-05-17T12:38:06.032+0000] {crawler.py:262} INFO -     ✓ Hướng dẫn cách làm thẻ xe buýt miễn phí online tại Hà Nội nh...

[2025-05-17T12:38:06.033+0000] {crawler.py:258} INFO - --> Crawl: https://vietnamnet.vn/ong-trump-noi-co-chut-van-de-voi-ceo-apple-2401485.html
[2025-05-17T12:38:06.632+0000] {logging_mixin.py:188} INFO - [INIT].... → Crawl4AI 0.6.2
[2025-05-17T12:38:10.622+0000] {logging_mixin.py:188} INFO - [FETCH]... ↓ https://vietnamnet.vn/ong-trump-noi-co-chut-van-de-voi-ceo-apple-2401485.html                        | 
[2025-05-17T12:38:10.623+0000] {logging_mixin.py:188} INFO - ✓
[2025-05-17T12:38:10.625+0000] {logging_mixin.py:188} INFO -  | ⏱: 3.91s
[2025-05-17T12:38:10.873+0000] {logging_mixin.py:188} INFO - [SCRAPE].. ◆ https://vietnamnet.vn/ong-trump-noi-co-chut-van-de-voi-ceo-apple-2401485.html                        | 
[2025-05-17T12:38:10.874+0000] {logging_mixin.py:188} INFO - ✓
[2025-05-17T12:38:10.876+0000] {logging_mixin.py:188} INFO -  | ⏱: 0.25s
[2025-05-17T12:38:10.878+0000] {logging_mixin.py:188} INFO - [COMPLETE] ● https://vietnamnet.vn/ong-trump-noi-co-chut-van-de-voi-ceo-apple-2401485.html                        | 
[2025-05-17T12:38:10.879+0000] {logging_mixin.py:188} INFO - ✓
[2025-05-17T12:38:10.882+0000] {logging_mixin.py:188} INFO -  | ⏱: 4.17s
[2025-05-17T12:38:12.303+0000] {crawler.py:262} INFO -     ✓ Ông Trump nói ‘có chút vấn đề’ với CEO Apple...

[2025-05-17T12:38:12.303+0000] {crawler.py:258} INFO - --> Crawl: https://vietnamnet.vn/loat-san-pham-hap-dan-tu-trien-lam-thanh-tuu-khoa-hoc-va-cong-nghe-viet-nam-2401876.html
[2025-05-17T12:38:12.975+0000] {logging_mixin.py:188} INFO - [INIT].... → Crawl4AI 0.6.2
[2025-05-17T12:38:17.295+0000] {logging_mixin.py:188} INFO - [FETCH]... ↓ https://vietnamnet.vn/loat-san-pham-hap-dan-tu-t...-tuu-khoa-hoc-va-cong-nghe-viet-nam-2401876.html  | 
[2025-05-17T12:38:17.296+0000] {logging_mixin.py:188} INFO - ✓
[2025-05-17T12:38:17.297+0000] {logging_mixin.py:188} INFO -  | ⏱: 4.21s
[2025-05-17T12:38:17.637+0000] {logging_mixin.py:188} INFO - [SCRAPE].. ◆ https://vietnamnet.vn/loat-san-pham-hap-dan-tu-t...-tuu-khoa-hoc-va-cong-nghe-viet-nam-2401876.html  | 
[2025-05-17T12:38:17.638+0000] {logging_mixin.py:188} INFO - ✓
[2025-05-17T12:38:17.639+0000] {logging_mixin.py:188} INFO -  | ⏱: 0.34s
[2025-05-17T12:38:17.641+0000] {logging_mixin.py:188} INFO - [COMPLETE] ● https://vietnamnet.vn/loat-san-pham-hap-dan-tu-t...-tuu-khoa-hoc-va-cong-nghe-viet-nam-2401876.html  | 
[2025-05-17T12:38:17.641+0000] {logging_mixin.py:188} INFO - ✓
[2025-05-17T12:38:17.642+0000] {logging_mixin.py:188} INFO -  | ⏱: 4.56s
[2025-05-17T12:38:18.783+0000] {crawler.py:262} INFO -     ✓ Loạt sản phẩm hấp dẫn từ triển lãm thành tựu khoa học và côn...

[2025-05-17T12:38:18.784+0000] {crawler.py:258} INFO - --> Crawl: https://vietnamnet.vn/ten-lua-sieu-thanh-brahmos-khung-co-nao-ma-co-the-thay-doi-cuoc-choi-2400015.html
[2025-05-17T12:38:19.342+0000] {logging_mixin.py:188} INFO - [INIT].... → Crawl4AI 0.6.2
[2025-05-17T12:38:23.909+0000] {logging_mixin.py:188} INFO - [FETCH]... ↓ https://vietnamnet.vn/ten-lua-sieu-thanh-brahmos...co-nao-ma-co-the-thay-doi-cuoc-choi-2400015.html  | 
[2025-05-17T12:38:23.911+0000] {logging_mixin.py:188} INFO - ✓
[2025-05-17T12:38:23.912+0000] {logging_mixin.py:188} INFO -  | ⏱: 4.51s
[2025-05-17T12:38:24.314+0000] {logging_mixin.py:188} INFO - [SCRAPE].. ◆ https://vietnamnet.vn/ten-lua-sieu-thanh-brahmos...co-nao-ma-co-the-thay-doi-cuoc-choi-2400015.html  | 
[2025-05-17T12:38:24.315+0000] {logging_mixin.py:188} INFO - ✓
[2025-05-17T12:38:24.316+0000] {logging_mixin.py:188} INFO -  | ⏱: 
[2025-05-17T12:38:24.317+0000] {logging_mixin.py:188} INFO - 0.4
[2025-05-17T12:38:24.318+0000] {logging_mixin.py:188} INFO - 0s
[2025-05-17T12:38:24.319+0000] {logging_mixin.py:188} INFO - [COMPLETE] ● https://vietnamnet.vn/ten-lua-sieu-thanh-brahmos...co-nao-ma-co-the-thay-doi-cuoc-choi-2400015.html  | 
[2025-05-17T12:38:24.320+0000] {logging_mixin.py:188} INFO - ✓
[2025-05-17T12:38:24.321+0000] {logging_mixin.py:188} INFO -  | ⏱: 4.92s
[2025-05-17T12:38:24.910+0000] {crawler.py:262} INFO -     ✓ Sức mạnh tên lửa BrahMos: Công nghệ vũ khí Nga - Ấn có đang ...

[2025-05-17T12:38:24.910+0000] {crawler.py:258} INFO - --> Crawl: https://vietnamnet.vn/uav-cap-quang-nga-lo-tu-huyet-ukraine-bat-bai-de-phan-don-2401348.html
[2025-05-17T12:38:25.570+0000] {logging_mixin.py:188} INFO - [INIT].... → Crawl4AI 0.6.2
[2025-05-17T12:38:30.397+0000] {logging_mixin.py:188} INFO - [FETCH]... ↓ https://vietnamnet.vn/uav-cap-quang-nga-lo-tu-huyet-ukraine-bat-bai-de-phan-don-2401348.html         | 
[2025-05-17T12:38:30.398+0000] {logging_mixin.py:188} INFO - ✓
[2025-05-17T12:38:30.399+0000] {logging_mixin.py:188} INFO -  | ⏱: 4.75s
[2025-05-17T12:38:31.154+0000] {logging_mixin.py:188} INFO - [SCRAPE].. ◆ https://vietnamnet.vn/uav-cap-quang-nga-lo-tu-huyet-ukraine-bat-bai-de-phan-don-2401348.html         | 
[2025-05-17T12:38:31.157+0000] {logging_mixin.py:188} INFO - ✓
[2025-05-17T12:38:31.158+0000] {logging_mixin.py:188} INFO -  | ⏱: 0.75s
[2025-05-17T12:38:31.161+0000] {logging_mixin.py:188} INFO - [COMPLETE] ● https://vietnamnet.vn/uav-cap-quang-nga-lo-tu-huyet-ukraine-bat-bai-de-phan-don-2401348.html         | 
[2025-05-17T12:38:31.163+0000] {logging_mixin.py:188} INFO - ✓
[2025-05-17T12:38:31.164+0000] {logging_mixin.py:188} INFO -  | ⏱: 5.52s
[2025-05-17T12:38:31.719+0000] {crawler.py:262} INFO -     ✓ UAV cáp quang Nga lộ 'tử huyệt', Ukraine tận dụng điểm mù cô...

[2025-05-17T12:38:31.720+0000] {crawler.py:265} INFO - ⏱️  Tổng thời gian crawl: 166.21 giây
[2025-05-17T12:38:32.089+0000] {crawler.py:292} INFO - Đã lưu 25 bài viết vào collection 'cong-nghe'
[2025-05-17T12:38:32.151+0000] {python.py:237} INFO - Done. Returned value was: None
[2025-05-17T12:38:32.152+0000] {taskinstance.py:441} INFO - ::group::Post task execution logs
[2025-05-17T12:38:32.161+0000] {taskinstance.py:1206} INFO - Marking task as SUCCESS. dag_id=vietnamnet_crawler_24h, task_id=crawl_cong-nghe, run_id=manual__2025-05-17T12:35:00.311362+00:00, execution_date=20250517T123500, start_date=20250517T123545, end_date=20250517T123832
[2025-05-17T12:38:32.196+0000] {local_task_job_runner.py:240} INFO - Task exited with return code 0
[2025-05-17T12:38:32.224+0000] {taskinstance.py:3503} INFO - 1 downstream tasks scheduled from follow-on schedule check
[2025-05-17T12:38:32.227+0000] {local_task_job_runner.py:222} INFO - ::endgroup::
