[2025-05-03T15:16:11.585+0000] {local_task_job_runner.py:120} INFO - ::group::Pre task execution logs
[2025-05-03T15:16:11.605+0000] {taskinstance.py:2076} INFO - Dependencies all met for dep_context=non-requeueable deps ti=<TaskInstance: vietnamnet_multi_category_crawler.crawl_kinh-doanh manual__2025-05-03T15:15:13.250242+00:00 [queued]>
[2025-05-03T15:16:11.614+0000] {taskinstance.py:2076} INFO - Dependencies all met for dep_context=requeueable deps ti=<TaskInstance: vietnamnet_multi_category_crawler.crawl_kinh-doanh manual__2025-05-03T15:15:13.250242+00:00 [queued]>
[2025-05-03T15:16:11.614+0000] {taskinstance.py:2306} INFO - Starting attempt 1 of 2
[2025-05-03T15:16:11.628+0000] {taskinstance.py:2330} INFO - Executing <Task(PythonOperator): crawl_kinh-doanh> on 2025-05-03 15:15:13.250242+00:00
[2025-05-03T15:16:11.634+0000] {warnings.py:112} WARNING - /home/***/.local/lib/python3.12/site-packages/***/task/task_runner/standard_task_runner.py:61: DeprecationWarning: This process (pid=1902) is multi-threaded, use of fork() may lead to deadlocks in the child.
  pid = os.fork()

[2025-05-03T15:16:11.636+0000] {standard_task_runner.py:63} INFO - Started process 1903 to run task
[2025-05-03T15:16:11.635+0000] {standard_task_runner.py:90} INFO - Running: ['***', 'tasks', 'run', 'vietnamnet_multi_category_crawler', 'crawl_kinh-doanh', 'manual__2025-05-03T15:15:13.250242+00:00', '--job-id', '6', '--raw', '--subdir', 'DAGS_FOLDER/dags.py', '--cfg-path', '/tmp/tmpfguq2lo2']
[2025-05-03T15:16:11.638+0000] {standard_task_runner.py:91} INFO - Job 6: Subtask crawl_kinh-doanh
[2025-05-03T15:16:11.681+0000] {task_command.py:426} INFO - Running <TaskInstance: vietnamnet_multi_category_crawler.crawl_kinh-doanh manual__2025-05-03T15:15:13.250242+00:00 [running]> on host fdbcedb99356
[2025-05-03T15:16:11.755+0000] {taskinstance.py:2648} INFO - Exporting env vars: AIRFLOW_CTX_DAG_OWNER='***' AIRFLOW_CTX_DAG_ID='vietnamnet_multi_category_crawler' AIRFLOW_CTX_TASK_ID='crawl_kinh-doanh' AIRFLOW_CTX_EXECUTION_DATE='2025-05-03T15:15:13.250242+00:00' AIRFLOW_CTX_TRY_NUMBER='1' AIRFLOW_CTX_DAG_RUN_ID='manual__2025-05-03T15:15:13.250242+00:00'
[2025-05-03T15:16:11.756+0000] {taskinstance.py:430} INFO - ::endgroup::
[2025-05-03T15:16:12.376+0000] {logging_mixin.py:188} INFO - [INIT].... → Crawl4AI 0.6.2
[2025-05-03T15:16:15.835+0000] {logging_mixin.py:188} INFO - [FETCH]... ↓ https://vietnamnet.vn/kinh-doanh                                                                     | 
[2025-05-03T15:16:15.836+0000] {logging_mixin.py:188} INFO - ✓
[2025-05-03T15:16:15.837+0000] {logging_mixin.py:188} INFO -  | ⏱: 3.39s
[2025-05-03T15:16:16.226+0000] {logging_mixin.py:188} INFO - [SCRAPE].. ◆ https://vietnamnet.vn/kinh-doanh                                                                     | 
[2025-05-03T15:16:16.227+0000] {logging_mixin.py:188} INFO - ✓
[2025-05-03T15:16:16.228+0000] {logging_mixin.py:188} INFO -  | ⏱: 0.39s
[2025-05-03T15:16:16.229+0000] {logging_mixin.py:188} INFO - [COMPLETE] ● https://vietnamnet.vn/kinh-doanh                                                                     | 
[2025-05-03T15:16:16.230+0000] {logging_mixin.py:188} INFO - ✓
[2025-05-03T15:16:16.231+0000] {logging_mixin.py:188} INFO -  | ⏱: 3.78s
[2025-05-03T15:16:16.388+0000] {logging_mixin.py:188} INFO - Tìm thấy 50 link bài viết
[2025-05-03T15:16:16.592+0000] {logging_mixin.py:188} INFO - Đang crawl 5 bài viết từ danh mục kinh-doanh...
[2025-05-03T15:16:16.593+0000] {logging_mixin.py:188} INFO - --> Crawl: https://vietnamnet.vn/nha-dau-tu-phim-dia-dao-tiet-lo-bat-ngo-ve-diem-hoa-von-cua-phim-2395546.html#comment
[2025-05-03T15:16:17.255+0000] {logging_mixin.py:188} INFO - [INIT].... → Crawl4AI 0.6.2
[2025-05-03T15:16:20.487+0000] {logging_mixin.py:188} INFO - [FETCH]... ↓ https://vietnamnet.vn/nha-dau-tu-phim-dia-dao-ti...go-ve-diem-hoa-von-cua-phim-2395546.html#comment  | 
[2025-05-03T15:16:20.488+0000] {logging_mixin.py:188} INFO - ✓
[2025-05-03T15:16:20.489+0000] {logging_mixin.py:188} INFO -  | ⏱: 3.15s
[2025-05-03T15:16:20.699+0000] {logging_mixin.py:188} INFO - [SCRAPE].. ◆ https://vietnamnet.vn/nha-dau-tu-phim-dia-dao-ti...go-ve-diem-hoa-von-cua-phim-2395546.html#comment  | 
[2025-05-03T15:16:20.700+0000] {logging_mixin.py:188} INFO - ✓
[2025-05-03T15:16:20.701+0000] {logging_mixin.py:188} INFO -  | ⏱: 0.21s
[2025-05-03T15:16:20.702+0000] {logging_mixin.py:188} INFO - [COMPLETE] ● https://vietnamnet.vn/nha-dau-tu-phim-dia-dao-ti...go-ve-diem-hoa-von-cua-phim-2395546.html#comment  | 
[2025-05-03T15:16:20.703+0000] {logging_mixin.py:188} INFO - ✓
[2025-05-03T15:16:20.703+0000] {logging_mixin.py:188} INFO -  | ⏱: 3.37s
[2025-05-03T15:16:21.109+0000] {logging_mixin.py:188} INFO -     ✓ Nhà đầu tư phim 'Địa đạo' tiết lộ bất ngờ về điểm hoà vốn và...
[2025-05-03T15:16:21.110+0000] {logging_mixin.py:188} INFO - --> Crawl: https://vietnamnet.vn/mot-startup-tai-che-pin-mat-troi-rot-90-trieu-usd-xay-nha-may-o-florida-2397009.html
[2025-05-03T15:16:21.665+0000] {logging_mixin.py:188} INFO - [INIT].... → Crawl4AI 0.6.2
[2025-05-03T15:16:24.450+0000] {logging_mixin.py:188} INFO - [FETCH]... ↓ https://vietnamnet.vn/mot-startup-tai-che-pin-ma...-90-trieu-usd-xay-nha-may-o-florida-2397009.html  | 
[2025-05-03T15:16:24.450+0000] {logging_mixin.py:188} INFO - ✓
[2025-05-03T15:16:24.451+0000] {logging_mixin.py:188} INFO -  | ⏱: 2.70s
[2025-05-03T15:16:24.821+0000] {logging_mixin.py:188} INFO - [SCRAPE].. ◆ https://vietnamnet.vn/mot-startup-tai-che-pin-ma...-90-trieu-usd-xay-nha-may-o-florida-2397009.html  | 
[2025-05-03T15:16:24.822+0000] {logging_mixin.py:188} INFO - ✓
[2025-05-03T15:16:24.822+0000] {logging_mixin.py:188} INFO -  | ⏱: 0.37s
[2025-05-03T15:16:24.823+0000] {logging_mixin.py:188} INFO - [COMPLETE] ● https://vietnamnet.vn/mot-startup-tai-che-pin-ma...-90-trieu-usd-xay-nha-may-o-florida-2397009.html  | 
[2025-05-03T15:16:24.824+0000] {logging_mixin.py:188} INFO - ✓
[2025-05-03T15:16:24.824+0000] {logging_mixin.py:188} INFO -  | ⏱: 3.08s
[2025-05-03T15:16:25.205+0000] {logging_mixin.py:188} INFO -     ✓ Một startup tái chế pin mặt trời rót 90 triệu USD xây nhà má...
[2025-05-03T15:16:25.206+0000] {logging_mixin.py:188} INFO - --> Crawl: https://vietnamnet.vn/doanh-nghiep-viet-nam-mua-12-tan-vang-2396857.html
[2025-05-03T15:16:25.824+0000] {logging_mixin.py:188} INFO - [INIT].... → Crawl4AI 0.6.2
[2025-05-03T15:16:28.713+0000] {logging_mixin.py:188} INFO - [FETCH]... ↓ https://vietnamnet.vn/doanh-nghiep-viet-nam-mua-12-tan-vang-2396857.html                             | 
[2025-05-03T15:16:28.714+0000] {logging_mixin.py:188} INFO - ✓
[2025-05-03T15:16:28.714+0000] {logging_mixin.py:188} INFO -  | ⏱: 2.82s
[2025-05-03T15:16:28.887+0000] {logging_mixin.py:188} INFO - [SCRAPE].. ◆ https://vietnamnet.vn/doanh-nghiep-viet-nam-mua-12-tan-vang-2396857.html                             | 
[2025-05-03T15:16:28.888+0000] {logging_mixin.py:188} INFO - ✓
[2025-05-03T15:16:28.888+0000] {logging_mixin.py:188} INFO -  | ⏱: 0.17s
[2025-05-03T15:16:28.889+0000] {logging_mixin.py:188} INFO - [COMPLETE] ● https://vietnamnet.vn/doanh-nghiep-viet-nam-mua-12-tan-vang-2396857.html                             | 
[2025-05-03T15:16:28.890+0000] {logging_mixin.py:188} INFO - ✓
[2025-05-03T15:16:28.890+0000] {logging_mixin.py:188} INFO -  | ⏱: 2.99s
[2025-05-03T15:16:29.256+0000] {logging_mixin.py:188} INFO -     ✓ Hội đồng Vàng Thế giới: Nhu cầu vàng của Việt Nam quý I là 1...
[2025-05-03T15:16:29.257+0000] {logging_mixin.py:188} INFO - --> Crawl: https://vietnamnet.vn/loai-qua-viet-nam-co-2-trieu-tan-khach-my-va-trung-quoc-tranh-mua-de-giai-nhiet-2397204.html
[2025-05-03T15:16:29.795+0000] {logging_mixin.py:188} INFO - [INIT].... → Crawl4AI 0.6.2
[2025-05-03T15:16:32.917+0000] {logging_mixin.py:188} INFO - [FETCH]... ↓ https://vietnamnet.vn/loai-qua-viet-nam-co-2-tri...-trung-quoc-tranh-mua-de-giai-nhiet-2397204.html  | 
[2025-05-03T15:16:32.918+0000] {logging_mixin.py:188} INFO - ✓
[2025-05-03T15:16:32.919+0000] {logging_mixin.py:188} INFO -  | ⏱: 3.07s
[2025-05-03T15:16:33.113+0000] {logging_mixin.py:188} INFO - [SCRAPE].. ◆ https://vietnamnet.vn/loai-qua-viet-nam-co-2-tri...-trung-quoc-tranh-mua-de-giai-nhiet-2397204.html  | 
[2025-05-03T15:16:33.113+0000] {logging_mixin.py:188} INFO - ✓
[2025-05-03T15:16:33.114+0000] {logging_mixin.py:188} INFO -  | ⏱: 0.19s
[2025-05-03T15:16:33.115+0000] {logging_mixin.py:188} INFO - [COMPLETE] ● https://vietnamnet.vn/loai-qua-viet-nam-co-2-tri...-trung-quoc-tranh-mua-de-giai-nhiet-2397204.html  | 
[2025-05-03T15:16:33.116+0000] {logging_mixin.py:188} INFO - ✓
[2025-05-03T15:16:33.116+0000] {logging_mixin.py:188} INFO -  | ⏱: 3.26s
[2025-05-03T15:16:33.532+0000] {logging_mixin.py:188} INFO -     ✓ Loại quả Việt Nam có 2 triệu tấn, khách Mỹ và Trung Quốc tra...
[2025-05-03T15:16:33.533+0000] {logging_mixin.py:188} INFO - --> Crawl: https://vietnamnet.vn/quat-dat-vang-24k-xuat-hien-o-ha-noi-khach-khen-sang-trong-vuong-khi-nam-moi-2366154.html
[2025-05-03T15:16:34.109+0000] {logging_mixin.py:188} INFO - [INIT].... → Crawl4AI 0.6.2
[2025-05-03T15:16:37.107+0000] {logging_mixin.py:188} INFO - [FETCH]... ↓ https://vietnamnet.vn/quat-dat-vang-24k-xuat-hie...h-khen-sang-trong-vuong-khi-nam-moi-2366154.html  | 
[2025-05-03T15:16:37.108+0000] {logging_mixin.py:188} INFO - ✓
[2025-05-03T15:16:37.112+0000] {logging_mixin.py:188} INFO -  | ⏱: 2.92s
[2025-05-03T15:16:37.234+0000] {logging_mixin.py:188} INFO - [SCRAPE].. ◆ https://vietnamnet.vn/quat-dat-vang-24k-xuat-hie...h-khen-sang-trong-vuong-khi-nam-moi-2366154.html  | 
[2025-05-03T15:16:37.235+0000] {logging_mixin.py:188} INFO - ✓
[2025-05-03T15:16:37.235+0000] {logging_mixin.py:188} INFO -  | ⏱: 0.12s
[2025-05-03T15:16:37.236+0000] {logging_mixin.py:188} INFO - [COMPLETE] ● https://vietnamnet.vn/quat-dat-vang-24k-xuat-hie...h-khen-sang-trong-vuong-khi-nam-moi-2366154.html  | 
[2025-05-03T15:16:37.237+0000] {logging_mixin.py:188} INFO - ✓
[2025-05-03T15:16:37.237+0000] {logging_mixin.py:188} INFO -  | ⏱: 3.05s
[2025-05-03T15:16:37.535+0000] {logging_mixin.py:188} INFO -     ✓ Quất dát vàng 24k xuất hiện ở Hà Nội, khách khen 'sang trọng...
[2025-05-03T15:16:37.535+0000] {logging_mixin.py:188} INFO - ⏱️  Tổng thời gian crawl: 25.77 giây
[2025-05-03T15:16:38.442+0000] {logging_mixin.py:188} INFO - Đã lưu 5 bài viết vào collection 'kinh-doanh'
[2025-05-03T15:16:38.511+0000] {python.py:237} INFO - Done. Returned value was: None
[2025-05-03T15:16:38.513+0000] {taskinstance.py:441} INFO - ::group::Post task execution logs
[2025-05-03T15:16:38.522+0000] {taskinstance.py:1206} INFO - Marking task as SUCCESS. dag_id=vietnamnet_multi_category_crawler, task_id=crawl_kinh-doanh, run_id=manual__2025-05-03T15:15:13.250242+00:00, execution_date=20250503T151513, start_date=20250503T151611, end_date=20250503T151638
[2025-05-03T15:16:38.546+0000] {local_task_job_runner.py:240} INFO - Task exited with return code 0
[2025-05-03T15:16:38.564+0000] {taskinstance.py:3503} INFO - 1 downstream tasks scheduled from follow-on schedule check
[2025-05-03T15:16:38.567+0000] {local_task_job_runner.py:222} INFO - ::endgroup::
