[2025-05-16T12:58:34.619+0000] {local_task_job_runner.py:120} INFO - ::group::Pre task execution logs
[2025-05-16T12:58:34.636+0000] {taskinstance.py:2076} INFO - Dependencies all met for dep_context=non-requeueable deps ti=<TaskInstance: vietnamnet_crawler_24h.clean_old_articles manual__2025-05-16T12:58:33.034739+00:00 [queued]>
[2025-05-16T12:58:34.642+0000] {taskinstance.py:2076} INFO - Dependencies all met for dep_context=requeueable deps ti=<TaskInstance: vietnamnet_crawler_24h.clean_old_articles manual__2025-05-16T12:58:33.034739+00:00 [queued]>
[2025-05-16T12:58:34.643+0000] {taskinstance.py:2306} INFO - Starting attempt 1 of 2
[2025-05-16T12:58:34.655+0000] {taskinstance.py:2330} INFO - Executing <Task(PythonOperator): clean_old_articles> on 2025-05-16 12:58:33.034739+00:00
[2025-05-16T12:58:34.660+0000] {warnings.py:112} WARNING - /home/***/.local/lib/python3.12/site-packages/***/task/task_runner/standard_task_runner.py:61: DeprecationWarning: This process (pid=6746) is multi-threaded, use of fork() may lead to deadlocks in the child.
  pid = os.fork()

[2025-05-16T12:58:34.662+0000] {standard_task_runner.py:63} INFO - Started process 6747 to run task
[2025-05-16T12:58:34.663+0000] {standard_task_runner.py:90} INFO - Running: ['***', 'tasks', 'run', 'vietnamnet_crawler_24h', 'clean_old_articles', 'manual__2025-05-16T12:58:33.034739+00:00', '--job-id', '24', '--raw', '--subdir', 'DAGS_FOLDER/dags.py', '--cfg-path', '/tmp/tmprfab60i1']
[2025-05-16T12:58:34.665+0000] {standard_task_runner.py:91} INFO - Job 24: Subtask clean_old_articles
[2025-05-16T12:58:34.705+0000] {task_command.py:426} INFO - Running <TaskInstance: vietnamnet_crawler_24h.clean_old_articles manual__2025-05-16T12:58:33.034739+00:00 [running]> on host 60d771d880eb
[2025-05-16T12:58:34.784+0000] {taskinstance.py:2648} INFO - Exporting env vars: AIRFLOW_CTX_DAG_OWNER='***' AIRFLOW_CTX_DAG_ID='vietnamnet_crawler_24h' AIRFLOW_CTX_TASK_ID='clean_old_articles' AIRFLOW_CTX_EXECUTION_DATE='2025-05-16T12:58:33.034739+00:00' AIRFLOW_CTX_TRY_NUMBER='1' AIRFLOW_CTX_DAG_RUN_ID='manual__2025-05-16T12:58:33.034739+00:00'
[2025-05-16T12:58:34.786+0000] {taskinstance.py:430} INFO - ::endgroup::
[2025-05-16T12:58:35.145+0000] {database_cleaner.py:33} INFO - Đã kết nối MongoDB: News
[2025-05-16T12:58:35.146+0000] {database_cleaner.py:102} INFO - Xóa các bài viết trước: 2025-04-15T19:58:35.146768+07:00
[2025-05-16T12:58:36.217+0000] {database_cleaner.py:125} INFO - Collection 'cong-nghe': 0 bài bị xóa
[2025-05-16T12:58:36.673+0000] {database_cleaner.py:125} INFO - Collection 'the-gioi': 0 bài bị xóa
[2025-05-16T12:58:37.095+0000] {database_cleaner.py:125} INFO - Collection 'chinh-tri': 0 bài bị xóa
[2025-05-16T12:58:37.288+0000] {database_cleaner.py:125} INFO - Collection 'phap-luat': 0 bài bị xóa
[2025-05-16T12:58:37.518+0000] {database_cleaner.py:125} INFO - Collection 'doi-song': 0 bài bị xóa
[2025-05-16T12:58:37.764+0000] {database_cleaner.py:125} INFO - Collection 'giao-duc': 0 bài bị xóa
[2025-05-16T12:58:37.829+0000] {database_cleaner.py:42} INFO - Đã đóng kết nối MongoDB
[2025-05-16T12:58:37.830+0000] {database_cleaner.py:142} INFO - Đã xóa tổng cộng 0 bài, còn lại 1776
[2025-05-16T12:58:37.831+0000] {python.py:237} INFO - Done. Returned value was: {'cong-nghe': {'total': 23, 'deleted': 0, 'remaining': 23}, 'the-gioi': {'total': 411, 'deleted': 0, 'remaining': 411}, 'chinh-tri': {'total': 520, 'deleted': 0, 'remaining': 520}, 'phap-luat': {'total': 222, 'deleted': 0, 'remaining': 222}, 'doi-song': {'total': 291, 'deleted': 0, 'remaining': 291}, 'giao-duc': {'total': 309, 'deleted': 0, 'remaining': 309}}
[2025-05-16T12:58:37.831+0000] {taskinstance.py:441} INFO - ::group::Post task execution logs
[2025-05-16T12:58:37.854+0000] {taskinstance.py:1206} INFO - Marking task as SUCCESS. dag_id=vietnamnet_crawler_24h, task_id=clean_old_articles, run_id=manual__2025-05-16T12:58:33.034739+00:00, execution_date=20250516T125833, start_date=20250516T125834, end_date=20250516T125837
[2025-05-16T12:58:37.888+0000] {local_task_job_runner.py:240} INFO - Task exited with return code 0
[2025-05-16T12:58:37.914+0000] {taskinstance.py:3503} INFO - 1 downstream tasks scheduled from follow-on schedule check
[2025-05-16T12:58:37.917+0000] {local_task_job_runner.py:222} INFO - ::endgroup::
