[2025-05-15T11:50:41.551+0000] {local_task_job_runner.py:120} INFO - ::group::Pre task execution logs
[2025-05-15T11:50:41.571+0000] {taskinstance.py:2076} INFO - Dependencies all met for dep_context=non-requeueable deps ti=<TaskInstance: vietnamnet_crawler_24h.clean_old_articles scheduled__2025-05-15T11:00:00+00:00 [queued]>
[2025-05-15T11:50:41.582+0000] {taskinstance.py:2076} INFO - Dependencies all met for dep_context=requeueable deps ti=<TaskInstance: vietnamnet_crawler_24h.clean_old_articles scheduled__2025-05-15T11:00:00+00:00 [queued]>
[2025-05-15T11:50:41.582+0000] {taskinstance.py:2306} INFO - Starting attempt 1 of 2
[2025-05-15T11:50:41.595+0000] {taskinstance.py:2330} INFO - Executing <Task(PythonOperator): clean_old_articles> on 2025-05-15 11:00:00+00:00
[2025-05-15T11:50:41.599+0000] {warnings.py:112} WARNING - /home/***/.local/lib/python3.12/site-packages/***/task/task_runner/standard_task_runner.py:61: DeprecationWarning: This process (pid=182) is multi-threaded, use of fork() may lead to deadlocks in the child.
  pid = os.fork()

[2025-05-15T11:50:41.601+0000] {standard_task_runner.py:63} INFO - Started process 183 to run task
[2025-05-15T11:50:41.601+0000] {standard_task_runner.py:90} INFO - Running: ['***', 'tasks', 'run', 'vietnamnet_crawler_24h', 'clean_old_articles', 'scheduled__2025-05-15T11:00:00+00:00', '--job-id', '46', '--raw', '--subdir', 'DAGS_FOLDER/dags.py', '--cfg-path', '/tmp/tmpm2ht96ah']
[2025-05-15T11:50:41.604+0000] {standard_task_runner.py:91} INFO - Job 46: Subtask clean_old_articles
[2025-05-15T11:50:41.651+0000] {task_command.py:426} INFO - Running <TaskInstance: vietnamnet_crawler_24h.clean_old_articles scheduled__2025-05-15T11:00:00+00:00 [running]> on host 8089dd7f5aa2
[2025-05-15T11:50:41.730+0000] {taskinstance.py:2648} INFO - Exporting env vars: AIRFLOW_CTX_DAG_OWNER='***' AIRFLOW_CTX_DAG_ID='vietnamnet_crawler_24h' AIRFLOW_CTX_TASK_ID='clean_old_articles' AIRFLOW_CTX_EXECUTION_DATE='2025-05-15T11:00:00+00:00' AIRFLOW_CTX_TRY_NUMBER='1' AIRFLOW_CTX_DAG_RUN_ID='scheduled__2025-05-15T11:00:00+00:00'
[2025-05-15T11:50:41.731+0000] {taskinstance.py:430} INFO - ::endgroup::
[2025-05-15T11:50:42.228+0000] {database_cleaner.py:33} INFO - Đã kết nối MongoDB: News
[2025-05-15T11:50:42.229+0000] {database_cleaner.py:102} INFO - Xóa các bài viết trước: 2025-04-14T18:50:42.229509+07:00
[2025-05-15T11:50:43.464+0000] {database_cleaner.py:125} INFO - Collection 'cong-nghe': 0 bài bị xóa
[2025-05-15T11:50:43.772+0000] {database_cleaner.py:125} INFO - Collection 'the-gioi': 0 bài bị xóa
[2025-05-15T11:50:44.502+0000] {database_cleaner.py:125} INFO - Collection 'chinh-tri': 4 bài bị xóa
[2025-05-15T11:50:44.680+0000] {database_cleaner.py:125} INFO - Collection 'phap-luat': 0 bài bị xóa
[2025-05-15T11:50:44.877+0000] {database_cleaner.py:125} INFO - Collection 'doi-song': 0 bài bị xóa
[2025-05-15T11:50:45.323+0000] {database_cleaner.py:125} INFO - Collection 'giao-duc': 2 bài bị xóa
[2025-05-15T11:50:45.384+0000] {database_cleaner.py:42} INFO - Đã đóng kết nối MongoDB
[2025-05-15T11:50:45.385+0000] {database_cleaner.py:142} INFO - Đã xóa tổng cộng 6 bài, còn lại 1764
[2025-05-15T11:50:45.386+0000] {python.py:237} INFO - Done. Returned value was: {'cong-nghe': {'total': 161, 'deleted': 0, 'remaining': 161}, 'the-gioi': {'total': 389, 'deleted': 0, 'remaining': 389}, 'chinh-tri': {'total': 522, 'deleted': 4, 'remaining': 518}, 'phap-luat': {'total': 168, 'deleted': 0, 'remaining': 168}, 'doi-song': {'total': 244, 'deleted': 0, 'remaining': 244}, 'giao-duc': {'total': 286, 'deleted': 2, 'remaining': 284}}
[2025-05-15T11:50:45.386+0000] {taskinstance.py:441} INFO - ::group::Post task execution logs
[2025-05-15T11:50:45.413+0000] {taskinstance.py:1206} INFO - Marking task as SUCCESS. dag_id=vietnamnet_crawler_24h, task_id=clean_old_articles, run_id=scheduled__2025-05-15T11:00:00+00:00, execution_date=20250515T110000, start_date=20250515T115041, end_date=20250515T115045
[2025-05-15T11:50:45.471+0000] {local_task_job_runner.py:240} INFO - Task exited with return code 0
[2025-05-15T11:50:45.502+0000] {taskinstance.py:3503} INFO - 1 downstream tasks scheduled from follow-on schedule check
[2025-05-15T11:50:45.504+0000] {local_task_job_runner.py:222} INFO - ::endgroup::
