[2025-06-22T09:47:54.898+0000] {local_task_job_runner.py:120} INFO - ::group::Pre task execution logs
[2025-06-22T09:47:54.913+0000] {taskinstance.py:2076} INFO - Dependencies all met for dep_context=non-requeueable deps ti=<TaskInstance: deepai_crawler_10min.crawl_hardware manual__2025-06-22T09:47:47.385592+00:00 [queued]>
[2025-06-22T09:47:54.920+0000] {taskinstance.py:2076} INFO - Dependencies all met for dep_context=requeueable deps ti=<TaskInstance: deepai_crawler_10min.crawl_hardware manual__2025-06-22T09:47:47.385592+00:00 [queued]>
[2025-06-22T09:47:54.920+0000] {taskinstance.py:2306} INFO - Starting attempt 1 of 3
[2025-06-22T09:47:54.938+0000] {taskinstance.py:2330} INFO - Executing <Task(PythonOperator): crawl_hardware> on 2025-06-22 09:47:47.385592+00:00
[2025-06-22T09:47:54.950+0000] {warnings.py:112} WARNING - /home/***/.local/lib/python3.12/site-packages/***/task/task_runner/standard_task_runner.py:61: DeprecationWarning: This process (pid=11815) is multi-threaded, use of fork() may lead to deadlocks in the child.
  pid = os.fork()

[2025-06-22T09:47:54.952+0000] {standard_task_runner.py:63} INFO - Started process 11833 to run task
[2025-06-22T09:47:54.953+0000] {standard_task_runner.py:90} INFO - Running: ['***', 'tasks', 'run', 'deepai_crawler_10min', 'crawl_hardware', 'manual__2025-06-22T09:47:47.385592+00:00', '--job-id', '294', '--raw', '--subdir', 'DAGS_FOLDER/dags.py', '--cfg-path', '/tmp/tmp8yck6hog']
[2025-06-22T09:47:54.957+0000] {standard_task_runner.py:91} INFO - Job 294: Subtask crawl_hardware
[2025-06-22T09:47:55.004+0000] {task_command.py:426} INFO - Running <TaskInstance: deepai_crawler_10min.crawl_hardware manual__2025-06-22T09:47:47.385592+00:00 [running]> on host 5471b5a2dbbe
[2025-06-22T09:47:55.103+0000] {taskinstance.py:2648} INFO - Exporting env vars: AIRFLOW_CTX_DAG_OWNER='***' AIRFLOW_CTX_DAG_ID='deepai_crawler_10min' AIRFLOW_CTX_TASK_ID='crawl_hardware' AIRFLOW_CTX_EXECUTION_DATE='2025-06-22T09:47:47.385592+00:00' AIRFLOW_CTX_TRY_NUMBER='1' AIRFLOW_CTX_DAG_RUN_ID='manual__2025-06-22T09:47:47.385592+00:00'
[2025-06-22T09:47:55.105+0000] {taskinstance.py:430} INFO - ::endgroup::
[2025-06-22T09:47:55.121+0000] {dags.py:172} INFO - Bắt đầu crawl category: hardware
[2025-06-22T09:47:55.316+0000] {crawler_deeplai.py:51} INFO - Đã kết nối thành công với MongoDB: deeplearning_ai_news
[2025-06-22T09:47:55.344+0000] {crawler_deeplai.py:465} INFO - 🚀 Đang bắt đầu quá trình crawl với Load More...
[2025-06-22T09:47:56.057+0000] {logging_mixin.py:188} INFO - [INIT].... → Crawl4AI 0.6.3
[2025-06-22T09:47:56.058+0000] {crawler_deeplai.py:179} INFO - 🌐 Đang truy cập: https://www.deeplearning.ai/the-batch/tag/hardware/
[2025-06-22T09:47:56.058+0000] {crawler_deeplai.py:180} INFO - ⚙️ Cấu hình: max_articles=100, min_threshold=5, max_clicks=1
[2025-06-22T09:48:00.380+0000] {logging_mixin.py:188} INFO - [FETCH]... ↓ https://www.deeplearning.ai/the-batch/tag/hardware/                
| ✓ | ⏱: 4.32s
[2025-06-22T09:48:00.491+0000] {logging_mixin.py:188} INFO - [SCRAPE].. ◆ https://www.deeplearning.ai/the-batch/tag/hardware/                
| ✓ | ⏱: 0.11s
[2025-06-22T09:48:00.493+0000] {logging_mixin.py:188} INFO - [COMPLETE] ● https://www.deeplearning.ai/the-batch/tag/hardware/                
| ✓ | ⏱: 4.43s
[2025-06-22T09:48:00.494+0000] {crawler_deeplai.py:184} INFO - 📋 JavaScript execution result: {'success': True, 'results': [{'success': True, 'result': {}}]}
[2025-06-22T09:48:00.533+0000] {crawler_deeplai.py:204} INFO - 🎯 Tổng cộng tìm thấy 30 link bài viết unique
[2025-06-22T09:48:00.533+0000] {crawler_deeplai.py:208} INFO - 🔍 Một vài URL đầu tiên:
[2025-06-22T09:48:00.534+0000] {crawler_deeplai.py:210} INFO -   1. https://www.deeplearning.ai/the-batch/ai-creates-an-interactive-minecraft-like-world-in-real-time/
[2025-06-22T09:48:00.534+0000] {crawler_deeplai.py:210} INFO -   2. https://www.deeplearning.ai/the-batch/ai-electricity-demands-spur-an-expansion-of-power-sources/
[2025-06-22T09:48:00.535+0000] {crawler_deeplai.py:210} INFO -   3. https://www.deeplearning.ai/the-batch/all-about-nvidia-gpu-shortage/
[2025-06-22T09:48:00.535+0000] {crawler_deeplai.py:210} INFO -   4. https://www.deeplearning.ai/the-batch/all-about-nvidias-new-blackwell-architecture-and-b200-gpu/
[2025-06-22T09:48:00.536+0000] {crawler_deeplai.py:210} INFO -   5. https://www.deeplearning.ai/the-batch/amazon-google-and-microsoft-bet-on-nuclear-power-to-meet-ai-energy-demands/
[2025-06-22T09:48:00.536+0000] {crawler_deeplai.py:214} INFO - 📊 Sẽ crawl 30 bài viết
[2025-06-22T09:48:01.083+0000] {crawler_deeplai.py:458} INFO - Đã lọc: 30 URLs ban đầu -> 1 URLs mới
[2025-06-22T09:48:01.086+0000] {crawler_deeplai.py:479} INFO - 📝 Đang crawl 1 bài viết mới...
[2025-06-22T09:48:01.088+0000] {crawler_deeplai.py:486} INFO - [1/1] 🔄 Đang crawl: https://www.deeplearning.ai/the-batch/the-international-energy-agency-examines-the-energy-costs-and-potential-savings-of-the-ai-boom/
[2025-06-22T09:48:01.965+0000] {logging_mixin.py:188} INFO - [INIT].... → Crawl4AI 0.6.3
[2025-06-22T09:48:03.688+0000] {logging_mixin.py:188} INFO - [FETCH]... ↓ 
https://www.deeplearning.ai/the-batch/the-intern...ergy-costs-and-potential-savi
ngs-of-the-ai-boom/  | ✓ | ⏱: 1.72s
[2025-06-22T09:48:03.773+0000] {logging_mixin.py:188} INFO - [SCRAPE].. ◆ 
https://www.deeplearning.ai/the-batch/the-intern...ergy-costs-and-potential-savi
ngs-of-the-ai-boom/  | ✓ | ⏱: 0.08s
[2025-06-22T09:48:03.775+0000] {logging_mixin.py:188} INFO - [COMPLETE] ● 
https://www.deeplearning.ai/the-batch/the-intern...ergy-costs-and-potential-savi
ngs-of-the-ai-boom/  | ✓ | ⏱: 1.81s
[2025-06-22T09:48:03.804+0000] {logging_mixin.py:188} INFO - Title: AI Uses Energy, AI Saves Energy
[2025-06-22T09:48:03.805+0000] {logging_mixin.py:188} INFO - Subtitle: The International Energy Agency examines the energy costs and potential savings of the AI boom
[2025-06-22T09:48:12.419+0000] {summary_gemini.py:154} INFO - [BERT BULLET] F1=0.8093047738075256
[2025-06-22T09:48:12.619+0000] {crawler_deeplai.py:490} INFO -     ✅ AI Uses Energy, AI Saves Energy...
[2025-06-22T09:48:13.621+0000] {crawler_deeplai.py:503} INFO - ⏱️ Tổng thời gian crawl: 18.28 giây
[2025-06-22T09:48:13.621+0000] {crawler_deeplai.py:504} INFO - 📊 Thành công crawl: 1/1 bài viết
[2025-06-22T09:48:13.685+0000] {crawler_deeplai.py:531} INFO - 💾 Đã lưu thành công 1/1 bài viết vào collection 'hardware'
[2025-06-22T09:48:13.740+0000] {dags.py:177} INFO - Hoàn thành crawl category: hardware
[2025-06-22T09:48:13.741+0000] {python.py:237} INFO - Done. Returned value was: None
[2025-06-22T09:48:13.742+0000] {taskinstance.py:441} INFO - ::group::Post task execution logs
[2025-06-22T09:48:13.750+0000] {taskinstance.py:1206} INFO - Marking task as SUCCESS. dag_id=deepai_crawler_10min, task_id=crawl_hardware, run_id=manual__2025-06-22T09:47:47.385592+00:00, execution_date=20250622T094747, start_date=20250622T094754, end_date=20250622T094813
[2025-06-22T09:48:13.829+0000] {local_task_job_runner.py:240} INFO - Task exited with return code 0
[2025-06-22T09:48:13.856+0000] {taskinstance.py:3503} INFO - 1 downstream tasks scheduled from follow-on schedule check
[2025-06-22T09:48:13.859+0000] {local_task_job_runner.py:222} INFO - ::endgroup::
