[2025-05-16T09:17:21.446+0000] {local_task_job_runner.py:120} INFO - ::group::Pre task execution logs
[2025-05-16T09:17:21.472+0000] {taskinstance.py:2076} INFO - Dependencies all met for dep_context=non-requeueable deps ti=<TaskInstance: vietnamnet_crawler_24h.crawl_the-gioi manual__2025-05-16T09:15:08.485506+00:00 [queued]>
[2025-05-16T09:17:21.482+0000] {taskinstance.py:2076} INFO - Dependencies all met for dep_context=requeueable deps ti=<TaskInstance: vietnamnet_crawler_24h.crawl_the-gioi manual__2025-05-16T09:15:08.485506+00:00 [queued]>
[2025-05-16T09:17:21.483+0000] {taskinstance.py:2306} INFO - Starting attempt 1 of 2
[2025-05-16T09:17:21.513+0000] {taskinstance.py:2330} INFO - Executing <Task(PythonOperator): crawl_the-gioi> on 2025-05-16 09:15:08.485506+00:00
[2025-05-16T09:17:21.525+0000] {warnings.py:112} WARNING - /home/***/.local/lib/python3.12/site-packages/***/task/task_runner/standard_task_runner.py:61: DeprecationWarning: This process (pid=6018) is multi-threaded, use of fork() may lead to deadlocks in the child.
  pid = os.fork()

[2025-05-16T09:17:21.527+0000] {standard_task_runner.py:63} INFO - Started process 6021 to run task
[2025-05-16T09:17:21.528+0000] {standard_task_runner.py:90} INFO - Running: ['***', 'tasks', 'run', 'vietnamnet_crawler_24h', 'crawl_the-gioi', 'manual__2025-05-16T09:15:08.485506+00:00', '--job-id', '10', '--raw', '--subdir', 'DAGS_FOLDER/dags.py', '--cfg-path', '/tmp/tmpueg_krk_']
[2025-05-16T09:17:21.531+0000] {standard_task_runner.py:91} INFO - Job 10: Subtask crawl_the-gioi
[2025-05-16T09:17:21.587+0000] {task_command.py:426} INFO - Running <TaskInstance: vietnamnet_crawler_24h.crawl_the-gioi manual__2025-05-16T09:15:08.485506+00:00 [running]> on host 8aef10b8fcb6
[2025-05-16T09:17:21.697+0000] {taskinstance.py:2648} INFO - Exporting env vars: AIRFLOW_CTX_DAG_OWNER='***' AIRFLOW_CTX_DAG_ID='vietnamnet_crawler_24h' AIRFLOW_CTX_TASK_ID='crawl_the-gioi' AIRFLOW_CTX_EXECUTION_DATE='2025-05-16T09:15:08.485506+00:00' AIRFLOW_CTX_TRY_NUMBER='1' AIRFLOW_CTX_DAG_RUN_ID='manual__2025-05-16T09:15:08.485506+00:00'
[2025-05-16T09:17:21.699+0000] {taskinstance.py:430} INFO - ::endgroup::
[2025-05-16T09:17:22.019+0000] {crawler.py:54} INFO - Đã kết nối thành công với MongoDB: News
[2025-05-16T09:17:22.701+0000] {logging_mixin.py:188} INFO - [INIT].... → Crawl4AI 0.6.2
[2025-05-16T09:17:25.646+0000] {logging_mixin.py:188} INFO - [FETCH]... ↓ https://vietnamnet.vn/tin-tuc-24h?bydaterang=&cate=000005                                            | 
[2025-05-16T09:17:25.647+0000] {logging_mixin.py:188} INFO - ✓
[2025-05-16T09:17:25.647+0000] {logging_mixin.py:188} INFO -  | ⏱: 2.84s
[2025-05-16T09:17:25.875+0000] {logging_mixin.py:188} INFO - [SCRAPE].. ◆ https://vietnamnet.vn/tin-tuc-24h?bydaterang=&cate=000005                                            | 
[2025-05-16T09:17:25.876+0000] {logging_mixin.py:188} INFO - ✓
[2025-05-16T09:17:25.876+0000] {logging_mixin.py:188} INFO -  | ⏱: 0.23s
[2025-05-16T09:17:25.878+0000] {logging_mixin.py:188} INFO - [COMPLETE] ● https://vietnamnet.vn/tin-tuc-24h?bydaterang=&cate=000005                                            | 
[2025-05-16T09:17:25.878+0000] {logging_mixin.py:188} INFO - ✓
[2025-05-16T09:17:25.879+0000] {logging_mixin.py:188} INFO -  | ⏱: 3.07s
[2025-05-16T09:17:25.965+0000] {crawler.py:84} INFO - Tìm thấy 25 link bài viết cho danh mục the-gioi
[2025-05-16T09:17:29.091+0000] {crawler.py:110} INFO - Đã lọc: 25 URLs ban đầu -> 16 URLs mới
[2025-05-16T09:17:29.091+0000] {crawler.py:234} INFO - Đang crawl 16 bài viết mới từ danh mục the-gioi...
[2025-05-16T09:17:29.092+0000] {crawler.py:237} INFO - --> Crawl: https://vietnamnet.vn/tong-thong-zelensky-tiet-lo-thong-tin-dau-tien-ve-hoa-dam-nga-ukraine-2401573.html
[2025-05-16T09:17:29.865+0000] {logging_mixin.py:188} INFO - [INIT].... → Crawl4AI 0.6.2
[2025-05-16T09:17:33.568+0000] {logging_mixin.py:188} INFO - [FETCH]... ↓ https://vietnamnet.vn/tong-thong-zelensky-tiet-l...tin-dau-tien-ve-hoa-dam-nga-ukraine-2401573.html  | 
[2025-05-16T09:17:33.569+0000] {logging_mixin.py:188} INFO - ✓
[2025-05-16T09:17:33.570+0000] {logging_mixin.py:188} INFO -  | ⏱: 3.62s
[2025-05-16T09:17:33.812+0000] {logging_mixin.py:188} INFO - [SCRAPE].. ◆ https://vietnamnet.vn/tong-thong-zelensky-tiet-l...tin-dau-tien-ve-hoa-dam-nga-ukraine-2401573.html  | 
[2025-05-16T09:17:33.812+0000] {logging_mixin.py:188} INFO - ✓
[2025-05-16T09:17:33.813+0000] {logging_mixin.py:188} INFO -  | ⏱: 
[2025-05-16T09:17:33.814+0000] {logging_mixin.py:188} INFO - 0.24
[2025-05-16T09:17:33.814+0000] {logging_mixin.py:188} INFO - s
[2025-05-16T09:17:33.816+0000] {logging_mixin.py:188} INFO - [COMPLETE] ● https://vietnamnet.vn/tong-thong-zelensky-tiet-l...tin-dau-tien-ve-hoa-dam-nga-ukraine-2401573.html  | 
[2025-05-16T09:17:33.816+0000] {logging_mixin.py:188} INFO - ✓
[2025-05-16T09:17:33.817+0000] {logging_mixin.py:188} INFO -  | ⏱: 3.87s
[2025-05-16T09:17:36.886+0000] {crawler.py:241} INFO -     ✓ Tổng thống Zelensky tiết lộ thông tin đầu tiên về hòa đàm Ng...

[2025-05-16T09:17:36.887+0000] {crawler.py:237} INFO - --> Crawl: https://vietnamnet.vn/ukraine-mat-lien-lac-voi-tiem-kich-f-16-nga-ban-ha-hang-chuc-uav-trong-dem-2401749.html
[2025-05-16T09:17:37.431+0000] {logging_mixin.py:188} INFO - [INIT].... → Crawl4AI 0.6.2
[2025-05-16T09:17:41.679+0000] {logging_mixin.py:188} INFO - [FETCH]... ↓ https://vietnamnet.vn/ukraine-mat-lien-lac-voi-t...-nga-ban-ha-hang-chuc-uav-trong-dem-2401749.html  | 
[2025-05-16T09:17:41.684+0000] {logging_mixin.py:188} INFO - ✓
[2025-05-16T09:17:41.686+0000] {logging_mixin.py:188} INFO -  | ⏱: 4.17s
[2025-05-16T09:17:41.968+0000] {logging_mixin.py:188} INFO - [SCRAPE].. ◆ https://vietnamnet.vn/ukraine-mat-lien-lac-voi-t...-nga-ban-ha-hang-chuc-uav-trong-dem-2401749.html  | 
[2025-05-16T09:17:41.969+0000] {logging_mixin.py:188} INFO - ✓
[2025-05-16T09:17:41.970+0000] {logging_mixin.py:188} INFO -  | ⏱: 0.28s
[2025-05-16T09:17:41.971+0000] {logging_mixin.py:188} INFO - [COMPLETE] ● https://vietnamnet.vn/ukraine-mat-lien-lac-voi-t...-nga-ban-ha-hang-chuc-uav-trong-dem-2401749.html  | 
[2025-05-16T09:17:41.971+0000] {logging_mixin.py:188} INFO - ✓
[2025-05-16T09:17:41.972+0000] {logging_mixin.py:188} INFO -  | ⏱: 4.46s
[2025-05-16T09:17:42.534+0000] {crawler.py:241} INFO -     ✓ Ukraine ‘mất liên lạc’ với tiêm kích F-16, Nga bắn hạ hàng c...

[2025-05-16T09:17:42.535+0000] {crawler.py:237} INFO - --> Crawl: https://vietnamnet.vn/chuyen-tham-trung-dong-giup-ong-trump-chung-to-dieu-gi-2401444.html
[2025-05-16T09:17:43.274+0000] {logging_mixin.py:188} INFO - [INIT].... → Crawl4AI 0.6.2
[2025-05-16T09:17:47.606+0000] {logging_mixin.py:188} INFO - [FETCH]... ↓ https://vietnamnet.vn/chuyen-tham-trung-dong-giup-ong-trump-chung-to-dieu-gi-2401444.html            | 
[2025-05-16T09:17:47.607+0000] {logging_mixin.py:188} INFO - ✓
[2025-05-16T09:17:47.608+0000] {logging_mixin.py:188} INFO -  | ⏱: 4.20s
[2025-05-16T09:17:47.991+0000] {logging_mixin.py:188} INFO - [SCRAPE].. ◆ https://vietnamnet.vn/chuyen-tham-trung-dong-giup-ong-trump-chung-to-dieu-gi-2401444.html            | 
[2025-05-16T09:17:47.992+0000] {logging_mixin.py:188} INFO - ✓
[2025-05-16T09:17:47.992+0000] {logging_mixin.py:188} INFO -  | ⏱: 
[2025-05-16T09:17:47.993+0000] {logging_mixin.py:188} INFO - 0.38
[2025-05-16T09:17:47.994+0000] {logging_mixin.py:188} INFO - s
[2025-05-16T09:17:47.995+0000] {logging_mixin.py:188} INFO - [COMPLETE] ● https://vietnamnet.vn/chuyen-tham-trung-dong-giup-ong-trump-chung-to-dieu-gi-2401444.html            | 
[2025-05-16T09:17:47.996+0000] {logging_mixin.py:188} INFO - ✓
[2025-05-16T09:17:47.996+0000] {logging_mixin.py:188} INFO -  | ⏱: 4.59s
[2025-05-16T09:17:48.618+0000] {crawler.py:241} INFO -     ✓ Chuyến thăm Trung Đông giúp ông Trump chứng tỏ điều gì?...

[2025-05-16T09:17:48.619+0000] {crawler.py:237} INFO - --> Crawl: https://vietnamnet.vn/ngoai-truong-my-neu-yeu-to-de-dam-phan-nga-ukraine-dat-dot-pha-2401667.html
[2025-05-16T09:17:49.543+0000] {logging_mixin.py:188} INFO - [INIT].... → Crawl4AI 0.6.2
[2025-05-16T09:17:54.263+0000] {logging_mixin.py:188} INFO - [FETCH]... ↓ https://vietnamnet.vn/ngoai-truong-my-neu-yeu-to-de-dam-phan-nga-ukraine-dat-dot-pha-2401667.html    | 
[2025-05-16T09:17:54.264+0000] {logging_mixin.py:188} INFO - ✓
[2025-05-16T09:17:54.265+0000] {logging_mixin.py:188} INFO -  | ⏱: 4.64s
[2025-05-16T09:17:54.533+0000] {logging_mixin.py:188} INFO - [SCRAPE].. ◆ https://vietnamnet.vn/ngoai-truong-my-neu-yeu-to-de-dam-phan-nga-ukraine-dat-dot-pha-2401667.html    | 
[2025-05-16T09:17:54.534+0000] {logging_mixin.py:188} INFO - ✓
[2025-05-16T09:17:54.534+0000] {logging_mixin.py:188} INFO -  | ⏱: 0.27s
[2025-05-16T09:17:54.535+0000] {logging_mixin.py:188} INFO - [COMPLETE] ● https://vietnamnet.vn/ngoai-truong-my-neu-yeu-to-de-dam-phan-nga-ukraine-dat-dot-pha-2401667.html    | 
[2025-05-16T09:17:54.536+0000] {logging_mixin.py:188} INFO - ✓
[2025-05-16T09:17:54.536+0000] {logging_mixin.py:188} INFO -  | ⏱: 4.91s
[2025-05-16T09:17:55.301+0000] {crawler.py:241} INFO -     ✓ Ngoại trưởng Mỹ nêu yếu tố để đàm phán Nga - Ukraine đạt đột...

[2025-05-16T09:17:55.301+0000] {crawler.py:237} INFO - --> Crawl: https://vietnamnet.vn/my-muon-noi-lai-dam-phan-ninh-nga-nato-de-cham-dut-xung-dot-o-ukraine-2401613.html
[2025-05-16T09:17:56.071+0000] {logging_mixin.py:188} INFO - [INIT].... → Crawl4AI 0.6.2
[2025-05-16T09:18:00.415+0000] {logging_mixin.py:188} INFO - [FETCH]... ↓ https://vietnamnet.vn/my-muon-noi-lai-dam-phan-n...nato-de-cham-dut-xung-dot-o-ukraine-2401613.html  | 
[2025-05-16T09:18:00.416+0000] {logging_mixin.py:188} INFO - ✓
[2025-05-16T09:18:00.417+0000] {logging_mixin.py:188} INFO -  | ⏱: 4.21s
[2025-05-16T09:18:00.735+0000] {logging_mixin.py:188} INFO - [SCRAPE].. ◆ https://vietnamnet.vn/my-muon-noi-lai-dam-phan-n...nato-de-cham-dut-xung-dot-o-ukraine-2401613.html  | 
[2025-05-16T09:18:00.735+0000] {logging_mixin.py:188} INFO - ✓
[2025-05-16T09:18:00.736+0000] {logging_mixin.py:188} INFO -  | ⏱: 0.32s
[2025-05-16T09:18:00.745+0000] {logging_mixin.py:188} INFO - [COMPLETE] ● https://vietnamnet.vn/my-muon-noi-lai-dam-phan-n...nato-de-cham-dut-xung-dot-o-ukraine-2401613.html  | 
[2025-05-16T09:18:00.746+0000] {logging_mixin.py:188} INFO - ✓
[2025-05-16T09:18:00.747+0000] {logging_mixin.py:188} INFO -  | ⏱: 4.54s
[2025-05-16T09:18:01.269+0000] {crawler.py:241} INFO -     ✓ Mỹ muốn nối lại đàm phán an ninh Nga – NATO để chấm dứt xung...

[2025-05-16T09:18:01.270+0000] {crawler.py:237} INFO - --> Crawl: https://vietnamnet.vn/my-canh-bao-nga-mo-dot-tan-cong-moi-giua-luc-tong-thong-ukraine-toi-tho-nhi-ky-2401530.html
[2025-05-16T09:18:02.071+0000] {logging_mixin.py:188} INFO - [INIT].... → Crawl4AI 0.6.2
[2025-05-16T09:18:06.951+0000] {logging_mixin.py:188} INFO - [FETCH]... ↓ https://vietnamnet.vn/my-canh-bao-nga-mo-dot-tan...c-tong-thong-ukraine-toi-tho-nhi-ky-2401530.html  | 
[2025-05-16T09:18:06.952+0000] {logging_mixin.py:188} INFO - ✓
[2025-05-16T09:18:06.953+0000] {logging_mixin.py:188} INFO -  | ⏱: 4.76s
[2025-05-16T09:18:07.300+0000] {logging_mixin.py:188} INFO - [SCRAPE].. ◆ https://vietnamnet.vn/my-canh-bao-nga-mo-dot-tan...c-tong-thong-ukraine-toi-tho-nhi-ky-2401530.html  | 
[2025-05-16T09:18:07.301+0000] {logging_mixin.py:188} INFO - ✓
[2025-05-16T09:18:07.302+0000] {logging_mixin.py:188} INFO -  | ⏱: 0.35s
[2025-05-16T09:18:07.303+0000] {logging_mixin.py:188} INFO - [COMPLETE] ● https://vietnamnet.vn/my-canh-bao-nga-mo-dot-tan...c-tong-thong-ukraine-toi-tho-nhi-ky-2401530.html  | 
[2025-05-16T09:18:07.304+0000] {logging_mixin.py:188} INFO - ✓
[2025-05-16T09:18:07.304+0000] {logging_mixin.py:188} INFO -  | ⏱: 5.11s
[2025-05-16T09:18:07.927+0000] {crawler.py:241} INFO -     ✓ Mỹ cảnh báo Nga mở đợt tấn công mới giữa lúc Tổng thống Ukra...

[2025-05-16T09:18:07.928+0000] {crawler.py:237} INFO - --> Crawl: https://vietnamnet.vn/my-lo-ten-lua-dan-dao-lien-luc-dia-cua-trieu-tien-du-suc-tan-cong-lanh-tho-2401543.html
[2025-05-16T09:18:08.763+0000] {logging_mixin.py:188} INFO - [INIT].... → Crawl4AI 0.6.2
[2025-05-16T09:18:12.536+0000] {logging_mixin.py:188} INFO - [FETCH]... ↓ https://vietnamnet.vn/my-lo-ten-lua-dan-dao-lien...trieu-tien-du-suc-tan-cong-lanh-tho-2401543.html  | 
[2025-05-16T09:18:12.537+0000] {logging_mixin.py:188} INFO - ✓
[2025-05-16T09:18:12.540+0000] {logging_mixin.py:188} INFO -  | ⏱: 3.67s
[2025-05-16T09:18:12.786+0000] {logging_mixin.py:188} INFO - [SCRAPE].. ◆ https://vietnamnet.vn/my-lo-ten-lua-dan-dao-lien...trieu-tien-du-suc-tan-cong-lanh-tho-2401543.html  | 
[2025-05-16T09:18:12.786+0000] {logging_mixin.py:188} INFO - ✓
[2025-05-16T09:18:12.787+0000] {logging_mixin.py:188} INFO -  | ⏱: 0.24s
[2025-05-16T09:18:12.788+0000] {logging_mixin.py:188} INFO - [COMPLETE] ● https://vietnamnet.vn/my-lo-ten-lua-dan-dao-lien...trieu-tien-du-suc-tan-cong-lanh-tho-2401543.html  | 
[2025-05-16T09:18:12.789+0000] {logging_mixin.py:188} INFO - ✓
[2025-05-16T09:18:12.790+0000] {logging_mixin.py:188} INFO -  | ⏱: 3.92s
[2025-05-16T09:18:13.247+0000] {crawler.py:241} INFO -     ✓ Mỹ lo tên lửa đạn đạo liên lục địa của Triều Tiên đủ sức tấn...

[2025-05-16T09:18:13.248+0000] {crawler.py:237} INFO - --> Crawl: https://vietnamnet.vn/8-phut-sinh-tu-nhat-ban-lap-ke-hoach-ung-pho-song-than-trong-sieu-dong-dat-2401429.html
[2025-05-16T09:18:13.869+0000] {logging_mixin.py:188} INFO - [INIT].... → Crawl4AI 0.6.2
[2025-05-16T09:18:18.509+0000] {logging_mixin.py:188} INFO - [FETCH]... ↓ https://vietnamnet.vn/8-phut-sinh-tu-nhat-ban-la...g-pho-song-than-trong-sieu-dong-dat-2401429.html  | 
[2025-05-16T09:18:18.510+0000] {logging_mixin.py:188} INFO - ✓
[2025-05-16T09:18:18.511+0000] {logging_mixin.py:188} INFO -  | ⏱: 4.53s
[2025-05-16T09:18:18.677+0000] {logging_mixin.py:188} INFO - [SCRAPE].. ◆ https://vietnamnet.vn/8-phut-sinh-tu-nhat-ban-la...g-pho-song-than-trong-sieu-dong-dat-2401429.html  | 
[2025-05-16T09:18:18.678+0000] {logging_mixin.py:188} INFO - ✓
[2025-05-16T09:18:18.679+0000] {logging_mixin.py:188} INFO -  | ⏱: 0.17s
[2025-05-16T09:18:18.680+0000] {logging_mixin.py:188} INFO - [COMPLETE] ● https://vietnamnet.vn/8-phut-sinh-tu-nhat-ban-la...g-pho-song-than-trong-sieu-dong-dat-2401429.html  | 
[2025-05-16T09:18:18.680+0000] {logging_mixin.py:188} INFO - ✓
[2025-05-16T09:18:18.681+0000] {logging_mixin.py:188} INFO -  | ⏱: 4.70s
[2025-05-16T09:18:19.071+0000] {crawler.py:241} INFO -     ✓ 8 phút sinh tử: Nhật Bản lập kế hoạch ứng phó sóng thần tron...

[2025-05-16T09:18:19.072+0000] {crawler.py:237} INFO - --> Crawl: https://vietnamnet.vn/hotgirl-mexico-bi-ban-chet-ngay-khi-dang-livestream-voi-fan-ham-mo-2401684.html
[2025-05-16T09:18:19.736+0000] {logging_mixin.py:188} INFO - [INIT].... → Crawl4AI 0.6.2
[2025-05-16T09:18:24.106+0000] {logging_mixin.py:188} INFO - [FETCH]... ↓ https://vietnamnet.vn/hotgirl-mexico-bi-ban-chet...-khi-dang-livestream-voi-fan-ham-mo-2401684.html  | 
[2025-05-16T09:18:24.107+0000] {logging_mixin.py:188} INFO - ✓
[2025-05-16T09:18:24.108+0000] {logging_mixin.py:188} INFO -  | ⏱: 4.31s
[2025-05-16T09:18:24.266+0000] {logging_mixin.py:188} INFO - [SCRAPE].. ◆ https://vietnamnet.vn/hotgirl-mexico-bi-ban-chet...-khi-dang-livestream-voi-fan-ham-mo-2401684.html  | 
[2025-05-16T09:18:24.267+0000] {logging_mixin.py:188} INFO - ✓
[2025-05-16T09:18:24.268+0000] {logging_mixin.py:188} INFO -  | ⏱: 0.16s
[2025-05-16T09:18:24.269+0000] {logging_mixin.py:188} INFO - [COMPLETE] ● https://vietnamnet.vn/hotgirl-mexico-bi-ban-chet...-khi-dang-livestream-voi-fan-ham-mo-2401684.html  | 
[2025-05-16T09:18:24.270+0000] {logging_mixin.py:188} INFO - ✓
[2025-05-16T09:18:24.271+0000] {logging_mixin.py:188} INFO -  | ⏱: 4.48s
[2025-05-16T09:18:24.916+0000] {crawler.py:241} INFO -     ✓ Hotgirl Mexico bị bắn chết ngay khi đang livestream với fan ...

[2025-05-16T09:18:24.917+0000] {crawler.py:237} INFO - --> Crawl: https://vietnamnet.vn/ukraine-he-lo-thong-tin-mat-ve-3-phien-ban-usv-pha-huy-nhieu-tau-may-bay-nga-2401454.html
[2025-05-16T09:18:25.672+0000] {logging_mixin.py:188} INFO - [INIT].... → Crawl4AI 0.6.2
[2025-05-16T09:18:29.603+0000] {logging_mixin.py:188} INFO - [FETCH]... ↓ https://vietnamnet.vn/ukraine-he-lo-thong-tin-ma...n-usv-pha-huy-nhieu-tau-may-bay-nga-2401454.html  | 
[2025-05-16T09:18:29.604+0000] {logging_mixin.py:188} INFO - ✓
[2025-05-16T09:18:29.604+0000] {logging_mixin.py:188} INFO -  | ⏱: 3.82s
[2025-05-16T09:18:29.814+0000] {logging_mixin.py:188} INFO - [SCRAPE].. ◆ https://vietnamnet.vn/ukraine-he-lo-thong-tin-ma...n-usv-pha-huy-nhieu-tau-may-bay-nga-2401454.html  | 
[2025-05-16T09:18:29.815+0000] {logging_mixin.py:188} INFO - ✓
[2025-05-16T09:18:29.815+0000] {logging_mixin.py:188} INFO -  | ⏱: 0.21s
[2025-05-16T09:18:29.816+0000] {logging_mixin.py:188} INFO - [COMPLETE] ● https://vietnamnet.vn/ukraine-he-lo-thong-tin-ma...n-usv-pha-huy-nhieu-tau-may-bay-nga-2401454.html  | 
[2025-05-16T09:18:29.817+0000] {logging_mixin.py:188} INFO - ✓
[2025-05-16T09:18:29.818+0000] {logging_mixin.py:188} INFO -  | ⏱: 4.03s
[2025-05-16T09:18:30.231+0000] {crawler.py:241} INFO -     ✓ Ukraine hé lộ thông tin mật về 3 phiên bản USV phá hủy nhiều...

[2025-05-16T09:18:30.232+0000] {crawler.py:237} INFO - --> Crawl: https://vietnamnet.vn/an-do-va-pakistan-chi-trich-lan-nhau-ve-kho-vu-khi-hat-nhan-2401629.html
[2025-05-16T09:18:30.854+0000] {logging_mixin.py:188} INFO - [INIT].... → Crawl4AI 0.6.2
[2025-05-16T09:18:34.654+0000] {logging_mixin.py:188} INFO - [FETCH]... ↓ https://vietnamnet.vn/an-do-va-pakistan-chi-trich-lan-nhau-ve-kho-vu-khi-hat-nhan-2401629.html       | 
[2025-05-16T09:18:34.654+0000] {logging_mixin.py:188} INFO - ✓
[2025-05-16T09:18:34.655+0000] {logging_mixin.py:188} INFO -  | ⏱: 3.71s
[2025-05-16T09:18:34.873+0000] {logging_mixin.py:188} INFO - [SCRAPE].. ◆ https://vietnamnet.vn/an-do-va-pakistan-chi-trich-lan-nhau-ve-kho-vu-khi-hat-nhan-2401629.html       | 
[2025-05-16T09:18:34.874+0000] {logging_mixin.py:188} INFO - ✓
[2025-05-16T09:18:34.875+0000] {logging_mixin.py:188} INFO -  | ⏱: 0.22s
[2025-05-16T09:18:34.876+0000] {logging_mixin.py:188} INFO - [COMPLETE] ● https://vietnamnet.vn/an-do-va-pakistan-chi-trich-lan-nhau-ve-kho-vu-khi-hat-nhan-2401629.html       | 
[2025-05-16T09:18:34.877+0000] {logging_mixin.py:188} INFO - ✓
[2025-05-16T09:18:34.878+0000] {logging_mixin.py:188} INFO -  | ⏱: 3.93s
[2025-05-16T09:18:35.332+0000] {crawler.py:241} INFO -     ✓ Ấn Độ và Pakistan chỉ trích lẫn nhau về kho vũ khí hạt nhân...

[2025-05-16T09:18:35.333+0000] {crawler.py:237} INFO - --> Crawl: https://vietnamnet.vn/hai-hung-canh-nguoi-dan-ong-treo-lo-lung-tren-khinh-khi-cau-dang-boc-chay-2401109.html
[2025-05-16T09:18:35.952+0000] {logging_mixin.py:188} INFO - [INIT].... → Crawl4AI 0.6.2
[2025-05-16T09:18:40.708+0000] {logging_mixin.py:188} INFO - [FETCH]... ↓ https://vietnamnet.vn/hai-hung-canh-nguoi-dan-on...ng-tren-khinh-khi-cau-dang-boc-chay-2401109.html  | 
[2025-05-16T09:18:40.709+0000] {logging_mixin.py:188} INFO - ✓
[2025-05-16T09:18:40.710+0000] {logging_mixin.py:188} INFO -  | ⏱: 4.67s
[2025-05-16T09:18:40.904+0000] {logging_mixin.py:188} INFO - [SCRAPE].. ◆ https://vietnamnet.vn/hai-hung-canh-nguoi-dan-on...ng-tren-khinh-khi-cau-dang-boc-chay-2401109.html  | 
[2025-05-16T09:18:40.905+0000] {logging_mixin.py:188} INFO - ✓
[2025-05-16T09:18:40.906+0000] {logging_mixin.py:188} INFO -  | ⏱: 0.19s
[2025-05-16T09:18:40.907+0000] {logging_mixin.py:188} INFO - [COMPLETE] ● https://vietnamnet.vn/hai-hung-canh-nguoi-dan-on...ng-tren-khinh-khi-cau-dang-boc-chay-2401109.html  | 
[2025-05-16T09:18:40.908+0000] {logging_mixin.py:188} INFO - ✓
[2025-05-16T09:18:40.908+0000] {logging_mixin.py:188} INFO -  | ⏱: 4.87s
[2025-05-16T09:18:41.300+0000] {crawler.py:241} INFO -     ✓ Hãi hùng cảnh người đàn ông treo lơ lửng trên khinh khí cầu ...

[2025-05-16T09:18:41.300+0000] {crawler.py:237} INFO - --> Crawl: https://vietnamnet.vn/my-co-the-ton-45-trieu-usd-cho-le-duyet-binh-vao-sinh-nhat-ong-trump-2401646.html
[2025-05-16T09:18:41.979+0000] {logging_mixin.py:188} INFO - [INIT].... → Crawl4AI 0.6.2
[2025-05-16T09:18:45.611+0000] {logging_mixin.py:188} INFO - [FETCH]... ↓ https://vietnamnet.vn/my-co-the-ton-45-trieu-usd...-duyet-binh-vao-sinh-nhat-ong-trump-2401646.html  | 
[2025-05-16T09:18:45.612+0000] {logging_mixin.py:188} INFO - ✓
[2025-05-16T09:18:45.613+0000] {logging_mixin.py:188} INFO -  | ⏱: 3.43s
[2025-05-16T09:18:45.853+0000] {logging_mixin.py:188} INFO - [SCRAPE].. ◆ https://vietnamnet.vn/my-co-the-ton-45-trieu-usd...-duyet-binh-vao-sinh-nhat-ong-trump-2401646.html  | 
[2025-05-16T09:18:45.853+0000] {logging_mixin.py:188} INFO - ✓
[2025-05-16T09:18:45.854+0000] {logging_mixin.py:188} INFO -  | ⏱: 0.24s
[2025-05-16T09:18:45.855+0000] {logging_mixin.py:188} INFO - [COMPLETE] ● https://vietnamnet.vn/my-co-the-ton-45-trieu-usd...-duyet-binh-vao-sinh-nhat-ong-trump-2401646.html  | 
[2025-05-16T09:18:45.856+0000] {logging_mixin.py:188} INFO - ✓
[2025-05-16T09:18:45.856+0000] {logging_mixin.py:188} INFO -  | ⏱: 3.68s
[2025-05-16T09:18:46.307+0000] {crawler.py:241} INFO -     ✓ Mỹ có thể tốn 45 triệu USD cho lễ duyệt binh vào sinh nhật ô...

[2025-05-16T09:18:46.308+0000] {crawler.py:237} INFO - --> Crawl: https://vietnamnet.vn/nga-chot-thoi-gian-hoa-dam-voi-ukraine-dieu-kien-de-ong-trump-gap-ong-putin-2401597.html
[2025-05-16T09:18:47.011+0000] {logging_mixin.py:188} INFO - [INIT].... → Crawl4AI 0.6.2
[2025-05-16T09:18:50.680+0000] {logging_mixin.py:188} INFO - [FETCH]... ↓ https://vietnamnet.vn/nga-chot-thoi-gian-hoa-dam...ieu-kien-de-ong-trump-gap-ong-putin-2401597.html  | 
[2025-05-16T09:18:50.682+0000] {logging_mixin.py:188} INFO - ✓
[2025-05-16T09:18:50.683+0000] {logging_mixin.py:188} INFO -  | ⏱: 3.62s
[2025-05-16T09:18:51.101+0000] {logging_mixin.py:188} INFO - [SCRAPE].. ◆ https://vietnamnet.vn/nga-chot-thoi-gian-hoa-dam...ieu-kien-de-ong-trump-gap-ong-putin-2401597.html  | 
[2025-05-16T09:18:51.102+0000] {logging_mixin.py:188} INFO - ✓
[2025-05-16T09:18:51.102+0000] {logging_mixin.py:188} INFO -  | ⏱: 0.41s
[2025-05-16T09:18:51.104+0000] {logging_mixin.py:188} INFO - [COMPLETE] ● https://vietnamnet.vn/nga-chot-thoi-gian-hoa-dam...ieu-kien-de-ong-trump-gap-ong-putin-2401597.html  | 
[2025-05-16T09:18:51.104+0000] {logging_mixin.py:188} INFO - ✓
[2025-05-16T09:18:51.105+0000] {logging_mixin.py:188} INFO -  | ⏱: 4.05s
[2025-05-16T09:18:51.583+0000] {crawler.py:241} INFO -     ✓ Nga 'chốt' thời gian hòa đàm với Ukraine, điều kiện để ông T...

[2025-05-16T09:18:51.584+0000] {crawler.py:237} INFO - --> Crawl: https://vietnamnet.vn/ong-trump-ky-loat-thoa-thuan-tri-gia-200-ty-usd-trong-chuyen-cong-du-uae-2401642.html
[2025-05-16T09:18:52.419+0000] {logging_mixin.py:188} INFO - [INIT].... → Crawl4AI 0.6.2
[2025-05-16T09:18:56.932+0000] {logging_mixin.py:188} INFO - [FETCH]... ↓ https://vietnamnet.vn/ong-trump-ky-loat-thoa-thu...200-ty-usd-trong-chuyen-cong-du-uae-2401642.html  | 
[2025-05-16T09:18:56.933+0000] {logging_mixin.py:188} INFO - ✓
[2025-05-16T09:18:56.937+0000] {logging_mixin.py:188} INFO -  | ⏱: 4.38s
[2025-05-16T09:18:57.226+0000] {logging_mixin.py:188} INFO - [SCRAPE].. ◆ https://vietnamnet.vn/ong-trump-ky-loat-thoa-thu...200-ty-usd-trong-chuyen-cong-du-uae-2401642.html  | 
[2025-05-16T09:18:57.227+0000] {logging_mixin.py:188} INFO - ✓
[2025-05-16T09:18:57.228+0000] {logging_mixin.py:188} INFO -  | ⏱: 0.29s
[2025-05-16T09:18:57.229+0000] {logging_mixin.py:188} INFO - [COMPLETE] ● https://vietnamnet.vn/ong-trump-ky-loat-thoa-thu...200-ty-usd-trong-chuyen-cong-du-uae-2401642.html  | 
[2025-05-16T09:18:57.230+0000] {logging_mixin.py:188} INFO - ✓
[2025-05-16T09:18:57.231+0000] {logging_mixin.py:188} INFO -  | ⏱: 4.68s
[2025-05-16T09:18:57.729+0000] {crawler.py:241} INFO -     ✓ Ông Trump ký loạt thỏa thuận trị giá 200 tỷ USD trong chuyến...

[2025-05-16T09:18:57.730+0000] {crawler.py:237} INFO - --> Crawl: https://vietnamnet.vn/video-tiem-kich-su-27-ukraine-danh-sap-cu-diem-cua-nga-o-luhansk-2401639.html
[2025-05-16T09:18:58.434+0000] {logging_mixin.py:188} INFO - [INIT].... → Crawl4AI 0.6.2
[2025-05-16T09:19:02.572+0000] {logging_mixin.py:188} INFO - [FETCH]... ↓ https://vietnamnet.vn/video-tiem-kich-su-27-ukraine-danh-sap-cu-diem-cua-nga-o-luhansk-2401639.html  | 
[2025-05-16T09:19:02.573+0000] {logging_mixin.py:188} INFO - ✓
[2025-05-16T09:19:02.574+0000] {logging_mixin.py:188} INFO -  | ⏱: 4.02s
[2025-05-16T09:19:02.812+0000] {logging_mixin.py:188} INFO - [SCRAPE].. ◆ https://vietnamnet.vn/video-tiem-kich-su-27-ukraine-danh-sap-cu-diem-cua-nga-o-luhansk-2401639.html  | 
[2025-05-16T09:19:02.813+0000] {logging_mixin.py:188} INFO - ✓
[2025-05-16T09:19:02.813+0000] {logging_mixin.py:188} INFO -  | ⏱: 0.24s
[2025-05-16T09:19:02.815+0000] {logging_mixin.py:188} INFO - [COMPLETE] ● https://vietnamnet.vn/video-tiem-kich-su-27-ukraine-danh-sap-cu-diem-cua-nga-o-luhansk-2401639.html  | 
[2025-05-16T09:19:02.816+0000] {logging_mixin.py:188} INFO - ✓
[2025-05-16T09:19:02.816+0000] {logging_mixin.py:188} INFO -  | ⏱: 4.26s
[2025-05-16T09:19:03.242+0000] {crawler.py:241} INFO -     ✓ Video tiêm kích Su-27 của Ukraine đánh sập cứ điểm của Nga ở...

[2025-05-16T09:19:03.243+0000] {crawler.py:244} INFO - ⏱️  Tổng thời gian crawl: 101.22 giây
[2025-05-16T09:19:03.465+0000] {crawler.py:276} ERROR - Lỗi khi lưu dữ liệu vào MongoDB: batch op errors occurred, full error: {'writeErrors': [{'index': 0, 'code': 11000, 'errmsg': 'E11000 duplicate key error collection: News.the-gioi index: _id_ dup key: { _id: "2401573" }', 'keyPattern': {'_id': 1}, 'keyValue': {'_id': '2401573'}, 'op': {'title': 'Tổng thống Zelensky tiết lộ thông tin đầu tiên về hòa đàm Nga - Ukraine', 'author': 'Không có thông tin tác giả', 'publish_date': '2025-05-15T21:51:00.000 +07:00', 'views': None, 'tags': [], 'description': 'Tổng thống Ukraine Volodymyr Zelensky sẽ không tham gia đàm phán với Nga tại Istanbul, mà thay vào đó cử phái đoàn do Bộ trưởng Quốc phòng Rustem Umerov dẫn đầu.', 'main_image': 'https://static-images.vnncdn.net/vps_images_publish/000001/000003/2025/5/15/tong-thong-zelensky-tiet-lo-thong-tin-dau-tien-ve-hoa-dam-nga-ukraine-103157.jpg?width=0&s=chTp3FevIadnJhQxZTcroA', 'content': 'Minh Thu\n\nTheo Kyiv Independent, đây là phát biểu của ông Zelensky sau cuộc gặp Tổng thống Thổ Nhĩ Kỳ Recep Tayyip Erdogan tại Ankara hôm nay (15/5).\n\nÔng Zelensky nhấn mạnh, phái đoàn Ukraine sẽ không bao gồm người đứng đầu Bộ Tổng tham mưu và lãnh đạo Cơ quan An ninh Ukraine (SBU) như đề xuất trước đó. Theo Tổng thống Ukraine, Kiev nhận thấy Moscow "không nghiêm túc" về các cuộc đàm phán hòa bình. Song, ông khẳng định, lệnh ngừng bắn vẫn là ưu tiên hàng đầu được đưa ra thương lượng với phái đoàn Nga.\n\nCũng theo nhà lãnh đạo Ukraine, nếu Nga không thể hiện bất kỳ thiện chí nào trong việc tham gia các cuộc đàm phán ngừng bắn, các quốc gia khác nên gây thêm áp lực chính trị và kinh tế với Moscow, đồng thời áp đặt thêm các biện pháp trừng phạt.\n\nBáo Guardian dẫn lời ông Zelensky nói: "Nga không cảm thấy họ cần phải chấm dứtxung đột, điều đó có nghĩa chưa có đủ áp lực chính trị, kinh tế và các áp lực khác đối với Nga. Vì vậy, nếu không có lệnh ngừng bắn, nếu không có quyết định nghiêm túc nào, chúng tôi yêu cầu những biện pháp trừng phạt thích hợp".\n\nVề phần mình, trưởng phái đoàn Nga Vladimir Medinsky nhấn mạnh, Moscow sẵn sàng thảo luận về "các thỏa hiệp có thể có" trong cuộc đối thoại trực tiếp với Kiev hôm 15/5.\xa0Ông Medinsky khẳng định, phái đoàn Nga đang chuẩn bị để tiếp tục quá trình đàm phán với Ukraine và vẫn "có tâm trạng làm việc tốt".\n\nTrong khi đó,Tổng thống Mỹ Donald Trumpcho biết ông "không thất vọng" với quy mô phái đoàn do Nga cử đến để thương lượng với Ukraine tại Istanbul.\n\n"Tại sao tôi phải thất vọng? Chúng tôi vừa mới nhận được 4.000 tỷ USD", ông Trump phát biểu, ám chỉ đến giá trị các thỏa thuận được công bố trong chuyến công du Trung Đông mới đây của ông.\xa0"Hãy xem, sẽ không có gì xảy ra cho đến khi ông Putin và tôi gặp nhau. Được chứ?", Tổng thống Mỹ nói thêm.\n\nTrước đó, vào tối muộn 14/5, Điện Kremlin đã công bố danh sách các thành viên trong phái đoàn Nga tới Thổ Nhĩ Kỳ, nhưng không có tên Tổng thống Putin. Được biết, phái đoàn Nga do ông Medinsky dẫn đầu và gồm các thành viên khác là Thứ trưởng Ngoại giao Mikhail Galuzin, Giám đốc Tình báo quân đội Igor Kostyukov và Thứ trưởng Quốc phòng Alexander Fomin.\n\nTổng thống Zelensky đã lên tiếng chỉ trích ngay sau khi máy bay hạ cánh xuống Ankara: "Chúng tôi cần hiểu rõ cấp độ của phái đoàn Nga và họ được ủy quyền ở mức nào. Liệu họ có đủ khả năng để tự ra quyết định hay không. Từ góc nhìn của chúng tôi, phái đoàn này giống như bù nhìn".\n\nPhát ngôn viên Bộ Ngoại giao Nga Maria Zakharova sau đó đã lên tiếng đáp trả và gọi ông Zelensky là "bù nhìn, gã hề, kẻ thua cuộc".', 'bullet_summary': 'Không có tóm tắt dạng bullet points', 'url': 'https://vietnamnet.vn/tong-thong-zelensky-tiet-lo-thong-tin-dau-tien-ve-hoa-dam-nga-ukraine-2401573.html', 'category': 'the-gioi', 'crawled_at': '2025-05-16T09:17:34.080888', '_id': '2401573'}}, {'index': 1, 'code': 11000, 'errmsg': 'E11000 duplicate key error collection: News.the-gioi index: _id_ dup key: { _id: "2401749" }', 'keyPattern': {'_id': 1}, 'keyValue': {'_id': '2401749'}, 'op': {'title': 'Ukraine ‘mất liên lạc’ với tiêm kích F-16, Nga bắn hạ hàng chục UAV trong đêm', 'author': 'Không có thông tin tác giả', 'publish_date': '2025-05-16T14:24:40.000 +07:00', 'views': None, 'tags': [], 'description': 'Không quân Ukraine cho biết, một tiêm kích F-16 trong biên chế lực lượng này đã bị “mất liên lạc” khi thực hiện nhiệm vụ đẩy lui cuộc tấn công trên không của Nga.', 'main_image': 'https://static-images.vnncdn.net/vps_images_publish/000001/000003/2025/5/16/ukraine-mat-lien-lac-voi-tiem-kich-f-16-nga-ban-ha-hang-chuc-uav-trong-dem-68819.jpg?width=0&s=QrNY4aW6C26AFLcpfRzWoA', 'content': 'Tuấn Trần\n\nTờ Kyiv Independent dẫn thông cáo của Không quânUkrainetrên mạng xã hội Telegram cho hay, tiêm kích F-16 trên đã bị mất liên lạc lúc 3h30 sáng nay (16/5) khi đang thực hiện nhiệm vụ đẩy lui cuộc tấn công từ các mục tiêu bay của Nga.\n\n“Theo dữ liệu sơ bộ, viên phi công điều khiển F-16 đã phá hủy 3 mục tiêu bay và đang dùng súng gắn trên tiêm kích để đối phó mục tiêu thứ 4. Tuy nhiên, máy bay khi đó đã phát sinh sự cố khẩn cấp. Viên phi công buộc phải điều khiểntiêm kíchtránh xa khu vực dân cư và kích hoạt ghế phóng thoát hiểm. Phi công sau đó đã được lực lượng cứu hộ tìm thấy và đưa đi sơ tán”, thông cáo viết.\n\nTuy nhiên, thông cáo trên không nêu rõ “sự cố khẩn cấp” chiếc F-16 gặp phải là gì cũng như tình trạng hiện tại của khí tài. Nhà chức trách Ukraine sau đó đã thành lập một ủy ban điều tra để “làm rõ một cách khách quan” các tình huống có thể xảy ra.\n\nNga bắn hạ hàng chục UAV trong đêm\n\nBộ Quốc phòng Nga cho hay, các đơn vị phòng không nước này từ đêm 15/5 đến sáng 16/5 đã bắn rơi 65 máy bay không người lái (UAV) của Ukraine.\n\nHãng tin TASS trích thông cáo từ quân đội Nga cho biết: “Từ 22h đêm 15/5 tới 8h30 sáng 16/5, các lực lượng phòng không Nga đã phá hủy và bắn rơi 65 UAV của Ukraine. Trong đó, 43 UAV bị bắn hạ trên Biển Đen, 21 chiếc bị vô hiệu hóa ở khu vực bán đảo Crưm và một UAV bị hạ ở tỉnh Belgorod”.', 'bullet_summary': 'Không có tóm tắt dạng bullet points', 'url': 'https://vietnamnet.vn/ukraine-mat-lien-lac-voi-tiem-kich-f-16-nga-ban-ha-hang-chuc-uav-trong-dem-2401749.html', 'category': 'the-gioi', 'crawled_at': '2025-05-16T09:17:42.306744', '_id': '2401749'}}, {'index': 2, 'code': 11000, 'errmsg': 'E11000 duplicate key error collection: News.the-gioi index: _id_ dup key: { _id: "2401444" }', 'keyPattern': {'_id': 1}, 'keyValue': {'_id': '2401444'}, 'op': {'title': 'Chuyến thăm Trung Đông giúp ông Trump chứng tỏ điều gì?', 'author': 'Không có thông tin tác giả', 'publish_date': '2025-05-16T05:40:00.000 +07:00', 'views': None, 'tags': [], 'description': 'Chuyến công du Trung Đông của Tổng thống Mỹ Trump có nhiều ý nghĩa hơn là việc ký hợp đồng hàng tỷ USD, hay nhận quà tặng là một chiếc Không lực 1 mới.\xa0', 'main_image': 'https://static-images.vnncdn.net/vps_images_publish/000001/000003/2025/5/16/trump-epa-24.jpg?width=0&s=U7qCA_b0RIZ9yYB3e4Ze_g', 'content': 'Hoài Linh\n\nTái định hình liên minh ở vùng Vịnh\n\nTheo hãng thông tấn CNN, Nhà Trắng coi chuyến công du Trung Đông là cơ hội để ông Trump chứng tỏ mình là một bậc thầy đàm phán, có thể làm xáo trộn bức tranh ghép địa chính trị của khu vực.\n\nBất kể điểm đến là nơi nào, ông Trump đều mang tới sự gián đoạn và có thể tạo ra các khả năng. Người đứng đầu nước Mỹ chấp nhận rủi ro. Ví dụ, trong chuyến đi Trung Đông lần này, ông quyết địnhdỡ bỏ lệnh trừng phạt đối với Syrianhằm tạo cho quốc gia bị chiến tranh tàn phá này cơ hội "được tỏa sáng".\n\nTuy nhiên, động thái trên làm nảy sinh câu hỏi dai dẳng về toàn bộ chính sách đối ngoại và thương mại của ông Trump. Liệu ông có nỗ lực đủ để đạt được những đột phá thực sự từ các cơ hội do chính ông tạo ra hay không?\n\nSự ám ảnh của Nhà Trắng trong việc tôn vinh Tổng thống Trump khiến những sáng kiến quan trọng nhất của ông bị sự cường điệu nhấn chìm. Ví dụ, đơn đặt hàngmáy bay Boeing trị giá hàng chục tỷ USD của Qatarđã thu hút sự chú ý của Mỹ nhiều hơn so với cuộc gặp của Tổng thống Trump với nhà lãnh đạo Syria Ahmed al-Sharaa tại Riyadh. Cuộc gặp lịch sử giữa lãnh đạo Nhà Trắng với người đứng đầu Syria trong 25 năm qua có thể là sáng kiến nổi bật trong chuyến công du của ông Trump.\n\nTrước khi lật đổ Tổng thống Syria Bashar al-Assad, Al-Sharaa là một thủ lĩnh quân nổi dậy, từng tuyên thệ trung thành với mạng lưới khủng bố Al Qaeda và bị Mỹ treo thưởng 10 triệu USD cho cái đầu của ông. Tuy nhiên, khi ông Trump gặp ông Al-Sharaa và dỡ bỏ trừng phạt Syria, điều này làm dấy lên hy vọng quốc gia Trung Đông này sẽ có cơ hội thứ 2 để thống nhất và giải cứu những thường dân đang đối mặt với nạn đói nghiêm trọng.\n\nTham vọng mở rộng ngoại giao khu vực\n\nNỗ lực thay đổi bức tranh địa chính trị của ông Trump không chỉ dừng lại ở Syria. Ông đã dùng chuyến đi để gây áp lực mới lên Iran nhằm buộc nước này phải đồng ý hạn chế chương trình hạt nhân của họ. Tổng thống Mỹ cảnh báo sẽ có hành động quân sự nếu Iran từ chối, song rõ ràng là ông đang cố gắng ngăn chặn viễn cảnh tồi tệ về một cuộc chiến mới ở Trung Đông.\n\nChuyến công du Trung Đông của ông Trump cũng làm nổi bật bất đồng ngày càng tăng giữa Mỹ với Thủ tướng Israel Benjamin Netanyahu. Ông Netanyahu từng được coi là bạn tâm giao về mặt tư tưởng với vị tổng thống thứ 47 của Mỹ, nhưng giờ đây lại trở thành người khiến ông Trump thất vọng.\n\nỞ hậu trường, đội ngũ của Tổng thống Trump đã trao đổi với các quan chức Qatar và Ảrập Xêút về cách xoa dịu cuộc khủng hoảng nhân đạo ở Dải Gaza do lệnh phong tỏa và các cuộc tấn công của Israel gây ra. Thủ tướng Israel Netanyahu tuyên bố không có lựa chọn nào khác ngoài việc tiếp tục chiến đấu và ông đã nhắm vào thủ lĩnh Hamas, nhân vật cần có mặt trong bất kỳ cuộc đàm phán hòa bình nào.\n\nKhông có dấu hiệu nào cho thấy liên minh Israel và Mỹ bị đe dọa, nhưng khoảng cách giữa Thủ tướng Israel và Tổng thống Mỹ đã xuất hiện. Ông Trump đã bỏ qua Israel khi tiến tới một thỏa thuận nhằm giải thoát con tin Mỹ cuối cùng còn sống sót tại Gaza cũng như trong việc đưa ra quyết định dỡ bỏ trừng phạt với Syria.\n\n"Canh bạc" chính sách đối ngoại\n\nQuyết định dỡ bỏ lệnh trừng phạt đối với Syria là một trong những lần đánh cược chính sách đối ngoại lớn nhất cho đến nay trong nhiệm kỳ thứ 2 của ông Trump.\n\nNhững chi tiết về hoạt động ngoại giao phức tạp dẫn tới quyết định này vẫn chưa được tiết lộ. Tuy nhiên, động thái đó cho thấy Syria đang ở bước ngoặt, chiếm một vị trí quan trọng trên bản đồ khu vực và có khả năng rơi vào tình trạng hỗn loạn hơn nếu tình hình xấu đi.\n\nFiras Maksad, lãnh đạo Học viện Trung Đông chia sẻ với CNN rằng, quyết định dỡ bỏ trừng phạt với Syria là một chiến thắng quan trọng đối với ông Trump trong một chuyến đi bị những lo ngại về kinh tế chi phối. "Tôi cho rằng ông Trump đã rất cẩn trọng và mong muốn mở khóa các thành công về địa chính trị. Bất kỳ điều gì xảy ra ở Syria cũng không chỉ dừng lại ở Syria".\n\nQuyết định của ông Trump về Syria bất ngờ nhận được lời khen ngợi của những người vẫn luôn chỉ trích chính khách Cộng hòa này. Cựu giám đốc CIA và cũng là cựu Bộ trưởng Quốc phòng Mỹ Leon Panetta nhận xét: "Tôi tin đó là một bước đi đúng đắn".', 'bullet_summary': 'Không có tóm tắt dạng bullet points', 'url': 'https://vietnamnet.vn/chuyen-tham-trung-dong-giup-ong-trump-chung-to-dieu-gi-2401444.html', 'category': 'the-gioi', 'crawled_at': '2025-05-16T09:17:48.403774', '_id': '2401444'}}, {'index': 3, 'code': 11000, 'errmsg': 'E11000 duplicate key error collection: News.the-gioi index: _id_ dup key: { _id: "2401667" }', 'keyPattern': {'_id': 1}, 'keyValue': {'_id': '2401667'}, 'op': {'title': 'Ngoại trưởng Mỹ nêu yếu tố để đàm phán Nga - Ukraine đạt đột phá', 'author': 'Không có thông tin tác giả', 'publish_date': '2025-05-16T11:12:45.000 +07:00', 'views': None, 'tags': [], 'description': 'Ngoại trưởng Mỹ cho biết không kỳ vọng nhiều vào cuộc hòa đàm Ukraine - Nga sắp diễn ra tại Thổ Nhĩ Kỳ. Theo ông, để có đột phá, các nhà lãnh đạo Mỹ và Nga phải gặp nhau.\xa0', 'main_image': 'https://static-images.vnncdn.net/vps_images_publish/000001/000003/2025/5/16/ngoai-truong-my-neu-yeu-to-de-dam-phan-nga-ukraine-dat-dot-pha-51595.jpg?width=0&s=6VK-2wWvFpjXWMMUGIJW3A', 'content': 'Hoài Linh\n\nHãng tin BBC dẫn phát biểu của ông Rubio tại một cuộc họp của các ngoại trưởng NATO ở Thổ Nhĩ Kỳ: "Tôi cho rằng chúng ta chỉ có thể thấy đàm phán hòa bình Nga - Ukraine đạt tiến triển khi Tổng thống Mỹ Donald Trump và người đồng cấp Nga Vladimir Putin trực tiếp bàn bạc về chủ đề này".\n\nTổng thống Ukraine Volodymyr Zelensky xác nhận sẽ cử một phái đoàn do Bộ trưởng Quốc phòng Rustem Umerov dẫn đầu tham gia đàm phán tại Istanbul, Thổ Nhĩ Kỳ. Ông Zelensky cũng chỉ trích Moscow vì phái một phái đoàn cấp thấp tới thương lượng với các đại diện cấp cao của Kiev.\n\nTuy nhiên, Vladimir Medinsky, trợ lý của Tổng thống Putin giữ vai tròtrưởng đoàn đàm phán Ngangày 15/5 khẳng định họ có đủ các năng lực cần thiết.\n\nTrước đó cùng ngày, Tổng thống Mỹ Trump cho rằng, đàm phán Nga - Ukraine chỉ có thể đạt tiến triển đáng kể sau khi ông và Tổng thống Putin gặp nhau trực tiếp.\n\nVới câu hỏi ông có thất vọng về phẩm cấp của đoàn đàm phán Nga không, ông Trump trả lời: "Ông Putin sẽ không tới nếu tôi không ở đó. Tôi cho rằng sẽ không có gì xảy ra cho tới khi ông ấy và tôi gặp nhau. Chúng tôi sẽ cùng giải quyết vấn đề vì đã có quá nhiều người thiệt mạng".\n\nNgười đứng đầu nước Mỹ nói thêm, ông sẽ tham dự các cuộc đàm phán ở Thổ Nhĩ Kỳ vào ngày 16/5 nếu phù hợp. Song, ông Trump sau đó tiết lộ có thể phải quay lại Washington.\n\nTheo kế hoạch ban đầu, phái đoàn Thổ Nhĩ Kỳ, Mỹ, Ukraine và Nga sẽ gặp nhau tại Istanbul vào ngày 15/5 để tham dự cuộc đàm phán trực tiếp đầu tiên giữa các đại diện Moscow và Kiev kể từ năm 2022. Tuy nhiên, tới tối 15/5, Nga và Ukraine vẫn chưa chốt được thời gian đối thoại cụ thể.\n\nTổng thống Nga đã đề xuất đàm phán trực tiếp với Ukraine vào ngày 15/5 tại Istanbul, nhằm đáp lại lời kêu gọi của các nhà lãnh đạo châu Âu và chính quyền Zelensky về lệnh ngừng bắn vô điều kiện trong 30 ngày. Tổng thống Ukraine đã "thách" người đồng cấp Nga tham gia thương lượng, nhưng Điện Kremlin nói ông Putin sẽ vắng mặt do phải đi công tác.', 'bullet_summary': 'Không có tóm tắt dạng bullet points', 'url': 'https://vietnamnet.vn/ngoai-truong-my-neu-yeu-to-de-dam-phan-nga-ukraine-dat-dot-pha-2401667.html', 'category': 'the-gioi', 'crawled_at': '2025-05-16T09:17:55.077438', '_id': '2401667'}}, {'index': 4, 'code': 11000, 'errmsg': 'E11000 duplicate key error collection: News.the-gioi index: _id_ dup key: { _id: "2401613" }', 'keyPattern': {'_id': 1}, 'keyValue': {'_id': '2401613'}, 'op': {'title': 'Mỹ muốn nối lại đàm phán an ninh Nga – NATO để chấm dứt xung đột ở Ukraine', 'author': 'Không có thông tin tác giả', 'publish_date': '2025-05-16T07:06:00.000 +07:00', 'views': None, 'tags': [], 'description': 'Mỹ đã đề xuất nối lại các cuộc đàm phán an ninh bị đình trệ từ lâu theo khuôn khổ Hội đồng NATO - Nga (NRC) nhằm tiến đến một thỏa thuận hòa bình cho cuộc xung đột ở Ukraine.\xa0', 'main_image': 'https://static-images.vnncdn.net/vps_images_publish/000001/000003/2025/5/16/my-muon-noi-lai-dam-phan-ninh-nga-nato-de-cham-dut-xung-dot-o-ukraine-23088.jpg?width=0&s=OydSCyCff9cMCeNHjuvrMQ', 'content': 'Minh Thu\n\nNRC vốn được thành lập vào tháng 5/2002 như một cơ chế để hai bên tham vấn, thỏa hiệp và cùng đưa ra quyết định chung về những vấn đề cùng quan tâm trên cơ sở đối tác bình đẳng. Tuy nhiên, khuôn khổ này đã ngừng hoạt động vào năm 2014.\n\nĐược biết, NRC đã họp để thảo luận về tình hình ở Ukraine 11 lần, cho tới khi xung động Nga – Ukraine bùng nổ vào tháng 2/2022. Sau đó, NATO đã cắt đứt mọi liên lạc với Nga.\n\nMỹ được cho đã đề nghị khôi phục định dạng NRC như một phần trong nỗ lực thuyết phục Nga chấm dứt cuộc xung đột ở Ukraine. Hồi tháng 4, đặc phái viên Mỹ Steve Witkoff đã đến Moscow và đã cố gắng thuyết phục Tổng thống Nga Vladimir Putin đồng ý ngừng bắn, đình chỉ hoạt động giao tranh dọc theo các tiền tuyến hiện tại ở Ukraine. Đổi lại, Moscow sẽ được nới lỏng lệnh trừng phạt và Washington sẽ công nhận quyền kiểm soát củaNgađối với bán đảo Crưm.\n\n"Kể từ đó, Mỹ đã bổ sung thêm các chi tiết mới vào đề xuất bao gồm đề nghị khôi phục các cuộc đàm phán an ninh theo Hội đồng NATO - Nga", tờ Bloomberg hôm 15/5 dẫn nguồn tin giấu tên cho hay.\n\nCùng ngày, tờ Kyiv Independent đưa tin, Ngoại trưởng Mỹ Marco Rubio đã lên tiếng phủ nhận thông tin cho rằng Washington phản đối sự tham gia của Tổng thống Ukraine Volodymyr Zelensky tại hội nghị thượng đỉnhNATOsắp diễn ra ở The Hague, Hà Lan.\n\nKhi các phóng viên ở Thổ Nhĩ Kỳ đặt câu hỏi liệu Mỹ có phản đối sự tham gia của ông Zelensky hay không, ông Rubio đáp: "Không, tôi không biết thông tin đó xuất phát từ đâu. Nhiều người trong số các đồng nghiệp của chúng tôi hôm nay đã nêu vấn đề mời ông Zelensky. Chúng tôi không phản đối. Nhiều nhà lãnh đạo không phải là thành viên NATO vẫn được mời tham dự các hội nghị của khối. Họ không tham gia cuộc họp của các nhà lãnh đạo, nhưng được mời dự các hội nghị".\n\nHôm 14/5, nhiều hãng tin châu Âu dẫn lời các nguồn tin ngoại giao giấu tên tiết lộ, các đồng minh đã nhất trí rằng việc xoa dịu Tổng thống Mỹ Donald Trump là ưu tiên hàng đầu và không gửi lời mời tới Ukraine.\xa0Tuy nhiên, các quan chức NATO chưa lên tiếng bình luận về thông tin này.\n\nTổng thống Ukraine Zelensky đã tham dự các hội nghị thượng đỉnh NATO kể từ tháng 2/2022 như xuất hiện trực tiếp vào năm 2024 tại Washington và năm 2023 tại Vilnius cũng như họp trực tuyến vào năm 2022.', 'bullet_summary': 'Không có tóm tắt dạng bullet points', 'url': 'https://vietnamnet.vn/my-muon-noi-lai-dam-phan-ninh-nga-nato-de-cham-dut-xung-dot-o-ukraine-2401613.html', 'category': 'the-gioi', 'crawled_at': '2025-05-16T09:18:01.071082', '_id': '2401613'}}, {'index': 5, 'code': 11000, 'errmsg': 'E11000 duplicate key error collection: News.the-gioi index: _id_ dup key: { _id: "2401530" }', 'keyPattern': {'_id': 1}, 'keyValue': {'_id': '2401530'}, 'op': {'title': 'Mỹ cảnh báo Nga mở đợt tấn công mới giữa lúc Tổng thống Ukraine tới Thổ Nhĩ Kỳ', 'author': 'Không có thông tin tác giả', 'publish_date': '2025-05-15T19:02:20.000 +07:00', 'views': None, 'tags': [], 'description': 'Nga được cho đang tập hợp lực lượng ở tuyến đầu để chuẩn bị cho một đợt tấn công mới nhằm giành thêm quyền kiểm soát các vùng lãnh thổ ở Ukraine.', 'main_image': 'https://static-images.vnncdn.net/vps_images_publish/000001/000003/2025/5/15/my-canh-bao-nga-mo-dot-tan-cong-moi-giua-luc-tong-thong-ukraine-toi-tho-nhi-ky-92288.jpg?width=0&s=r2jmXALW9N9UISboef1DEA', 'content': 'Minh Thu\n\nHãng tin CNN dẫn lời một quan chức Mỹ nói, các chỉ huy quân đội Nga "mong muốn tạo ra một lực lượng lớn" và cuộc tấn công tiềm tàng có thể nhằm giành thêm quyền kiểm soát lãnh thổ ở miền đông Ukraine.\n\nQuan chức thứ 2 của Mỹ nhận định: "Nga sẽ cố gắng giành lấy bất kỳ vùng đất nào có thể thâu tóm cho đến tận vùng ngoại ô Kiev. Người Nga sẽ nỗ lực hết sức để giành được những gì họ có thể”.\n\nGiới chức Mỹ tin, các máy bay không người lái (UAV) và bãi mìn của Ukraine vẫn đang phát huy hiệu quả kiềm chế quân đội Nga tiến công dù Moscow có lợi thế về nhân lực ở miền đông Ukraine và ở vùng biên giới Kursk của Nga.\n\nTrong khi đó, Ukraine đang phải đối mặt với tình trạng thiếu hụt quân nghiêm trọng ở tiền tuyến. Nga cũng đang phải vật lộn để tập hợp lực lượng như mong muốn.\n\nTuy nhiên, quan chức Mỹ cho hay, không có bằng chứng nào cho thấy binh sĩTriều Tiêncó thể tăng cường đáng kể sự hiện diện ở Ukraine sau khi họ phải hứng chịu những tổn thất nặng nề.\n\nTrong nhiều tuần qua, những đánh giá của Mỹ cũng chỉ ra rằng, các mục tiêuquân sựgiành thêm quyền kiểm soát lãnh thổ Ukraine của Nga ẫn không thay đổi, dù chính quyền Tổng thống Mỹ Donald Trump đã kêu gọi Moscow và Kiev ngừng bắn trong 30 ngày và đàm phán hòa bình.\n\nTrước đó, CNN đưa tin, các lực lượng Ukraine đã phát hiện quân đội Nga di chuyển lực lượng và thiết bị đáng kể đến các vị trí cách tiền tuyến hàng chục km trong nhiều tuần.\n\nTổng thống Ukraine tới Thổ Nhĩ Kỳ. Video: Pravda\n\nThông tin được CNN công bố giữa lúc các phái đoàn Nga và Ukraine chuẩn bị tiến đối thoại trực tiếp ở Thổ Nhĩ Kỳ hôm nay (15/5).\xa0Tuy nhiên, Bộ Ngoại giao Thổ Nhĩ Kỳ xác nhận vẫn chưa có cuộc gặp nào giữa hai bên được tổ chức. Dù hòa đàm Nga – Ukraine đã được lên lịch vào sáng 15/5, nhưng sau đó sự kiện bị hoãn lại đến buổi chiều và hiện chưa diễn ra.\n\nSau khi đến sân bay Ankara, Tổng thống Ukraine Volodymyr Zelensky tuyên bố sẽ đưa ra quyết định về cuộc đàm phán với Nga sau khi ông gặp Tổng thống Thổ Nhĩ Kỳ Recep Tayyip Erdoğan.', 'bullet_summary': 'Không có tóm tắt dạng bullet points', 'url': 'https://vietnamnet.vn/my-canh-bao-nga-mo-dot-tan-cong-moi-giua-luc-tong-thong-ukraine-toi-tho-nhi-ky-2401530.html', 'category': 'the-gioi', 'crawled_at': '2025-05-16T09:18:07.723013', '_id': '2401530'}}, {'index': 6, 'code': 11000, 'errmsg': 'E11000 duplicate key error collection: News.the-gioi index: _id_ dup key: { _id: "2401543" }', 'keyPattern': {'_id': 1}, 'keyValue': {'_id': '2401543'}, 'op': {'title': 'Mỹ lo tên lửa đạn đạo liên lục địa của Triều Tiên đủ sức tấn công lãnh thổ', 'author': 'Không có thông tin tác giả', 'publish_date': '2025-05-15T19:38:41.000 +07:00', 'views': None, 'tags': [], 'description': 'Tình báo Mỹ cảnh báo, các tên lửa có khả năng mang theo đầu đạn hạt nhân của Triều Tiên có thể áp đảo hệ thống phòng thủ bảo vệ lãnh thổ Mỹ trong vòng một thập kỷ tới.', 'main_image': 'https://static-images.vnncdn.net/vps_images_publish/000001/000003/2025/5/15/my-lo-ten-lua-dan-dao-lien-luc-dia-cua-trieu-tien-du-suc-tan-cong-lanh-tho-94227.jpg?width=0&s=dt49rpYeViZtAQ1w37JeBA', 'content': 'Minh Thu\n\nTriều Tiên là một trong 9 quốc gia sở hữu vũ khí hạt nhân và được cho đang nắm trong tay khoảng 50 đầu đạn nguyên tử. Vào tháng 10/2024, Bình Nhưỡng đã thử nghiệm một tên lửa đạn đạo liên lục địa (ICBM) có tầm bắn lên tới 15.000km, đủ sức vươn tới lục địa Mỹ.\n\n"Không có khu vực nào ở Mỹ không thể bị các ICBM hiện hành tấn công. Trong thập kỷ tới, mối đe dọa đối với lãnh thổ Mỹ từ các hệ thống phóng tên lửa thông thường và hạt nhân tiên tiến hơn sẽ mở rộng cả về quy mô và mức độ tinh vi", Newsweek trích dẫn nhận định của Cơ quan Tình báo Quốc phòng Mỹ.\n\nCơ quan Tình báo quốc phòng Mỹ hôm 13/5 đã công bố bản đánh giá về năng lực tên lửa của Triều Tiên, giữa lúc chính quyền Tổng thống Donald Trump đang thúc đẩy phiên bản hệ thống phòng không giống Vòm sắt của Israel, mang tên “Vòm vàng” để phòng thủ trước các mối đe dọa trên không.\n\nTheo đánh giá,Triều Tiênđang sở hữu số lượng tên lửa ICBM phóng từ mặt đất khoảng "10 quả hoặc ít hơn". Mỗi ICBM có tầm bắn 5.500km và có khả năng mang theo nhiều đầu đạn hạt nhân. Tuy nhiên, con số này dự kiến \u200b\u200bsẽ tăng mạnh lên 50 tên lửa vào năm 2035.\n\nTuy nhiên, theo Hans Kristensen, chuyên gia hạt nhân tại Liên đoàn các nhà khoa học Mỹ, Cơ quan Tình báo quốc phòng Mỹ chưa đưa ra dự đoán về số lượng tên lửa đạn đạo phóng từ tàu ngầm thuộc sở hữu của Triều Tiên. Trước đó, vào năm 2023, Triều Tiên đã hạ thủy một tàu ngầm có khả năng phóngtên lửamang đầu đạn hạt nhân.\n\nTheo nhà phân tích Ankit Panda tại Quỹ Carnegie vì Hòa bình quốc tế, sự gia tăng về số lượng tên lửa ICBM của Triều Tiên sẽ đặt ra thách thức cho Hệ thống phòng thủ chiến lược GMD, vốn được thiết kế để đánh chặn ICBM trong không gian vũ trụ. Chuyên gia này nói thêm, hệ thống GMD có "chế độ giao tranh tối ưu" là 4 tên lửa đánh chặn một đầu đạn ICBM. Hệ thống GMD bao gồm 64 silo đánh chặn hiện được Mỹ đặt tại 2 căn cứ quân sự ở Alaska và California.\n\nHiện chưa rõ liệu Washington có xây thêm các silo chứa tên lửa đánh chặn để đối phó với mối đe dọa từ sự gia tăng số lượng ICBM của Triều Tiên hay không. Trong khi đó, Bình Nhưỡng nhiều lần khẳng định sẽ không từ bỏ kho vũ khí hạt nhân quốc gia.', 'bullet_summary': 'Không có tóm tắt dạng bullet points', 'url': 'https://vietnamnet.vn/my-lo-ten-lua-dan-dao-lien-luc-dia-cua-trieu-tien-du-suc-tan-cong-lanh-tho-2401543.html', 'category': 'the-gioi', 'crawled_at': '2025-05-16T09:18:13.052904', '_id': '2401543'}}, {'index': 7, 'code': 11000, 'errmsg': 'E11000 duplicate key error collection: News.the-gioi index: _id_ dup key: { _id: "2401429" }', 'keyPattern': {'_id': 1}, 'keyValue': {'_id': '2401429'}, 'op': {'title': '8 phút sinh tử: Nhật Bản lập kế hoạch ứng phó sóng thần trong siêu động đất', 'author': 'Không có thông tin tác giả', 'publish_date': '2025-05-16T06:34:00.000 +07:00', 'views': None, 'tags': [], 'description': 'Kamakura - thành phố du lịch nổi tiếng của Nhật Bản, với những bải biển thu hút du khách từ khắp nơi, có thể bị sóng thần cao 13m tấn công chỉ sau 8 phút nếu xảy ra siêu động đất.', 'main_image': 'https://static-images.vnncdn.net/vps_images_publish/000001/000003/2025/5/15/8-phut-sinh-tu-nhat-ban-lap-ke-hoach-ung-pho-song-than-trong-sieu-dong-dat-97731.gif?width=0&s=fiSpCZMlJqeeZhGMvHWUew', 'content': 'Hạ Phương\n\nDù khách quốc tế đổ về thành phố Kamakura ngày càng đông, nhưng nhiều người lại không hề biết mình đang đứng giữa vùng nguy hiểm. Chính quyền thành phố này đang đưa ra những kịch bản ứng phó giúp giảm thiểu thiệt hại, đặc biệt là với khách du lịch trong trường hợpsiêu động đất, sóng thầnxảy ra.\n\nTheo NHK', 'bullet_summary': 'Không có tóm tắt dạng bullet points', 'url': 'https://vietnamnet.vn/8-phut-sinh-tu-nhat-ban-lap-ke-hoach-ung-pho-song-than-trong-sieu-dong-dat-2401429.html', 'category': 'the-gioi', 'crawled_at': '2025-05-16T09:18:18.867338', '_id': '2401429'}}, {'index': 8, 'code': 11000, 'errmsg': 'E11000 duplicate key error collection: News.the-gioi index: _id_ dup key: { _id: "2401684" }', 'keyPattern': {'_id': 1}, 'keyValue': {'_id': '2401684'}, 'op': {'title': 'Hotgirl Mexico bị bắn chết ngay khi đang livestream với fan hâm mộ', 'author': 'Không có thông tin tác giả', 'publish_date': '2025-05-16T11:36:46.000 +07:00', 'views': None, 'tags': [], 'description': 'Valeria Marquez, một Tiktoker kiêm KOL có tiếng tại Mexico đã bị bắn chết ngay khi đang livestream trên nền tảng mạng Tiktok.', 'main_image': 'https://static-images.vnncdn.net/vps_images_publish/000001/000003/2025/5/16/hotgirl-mexico-bi-ban-chet-ngay-khi-dang-livestream-voi-fan-ham-mo-54257.jpg?width=0&s=kd4IgFBqgPJfQ2PFNw9T3Q', 'content': 'Hạ Phương\n\nTheo CNN | Video: Entertainment Tonight', 'bullet_summary': 'Không có tóm tắt dạng bullet points', 'url': 'https://vietnamnet.vn/hotgirl-mexico-bi-ban-chet-ngay-khi-dang-livestream-voi-fan-ham-mo-2401684.html', 'category': 'the-gioi', 'crawled_at': '2025-05-16T09:18:24.422235', '_id': '2401684'}}, {'index': 9, 'code': 11000, 'errmsg': 'E11000 duplicate key error collection: News.the-gioi index: _id_ dup key: { _id: "2401454" }', 'keyPattern': {'_id': 1}, 'keyValue': {'_id': '2401454'}, 'op': {'title': 'Ukraine hé lộ thông tin mật về 3 phiên bản USV phá hủy nhiều tàu, máy bay Nga', 'author': 'Không có thông tin tác giả', 'publish_date': '2025-05-16T05:20:00.000 +07:00', 'views': None, 'tags': [], 'description': 'Cơ quan Tình báo Quốc phòng Ukraine (DIU) đã tiết lộ đặc điểm của 3 phiên bản xuồng không người lái (USV) Magura từng tiêu diệt tàu chiến và máy bay Nga ở Biển Đen.\xa0', 'main_image': 'https://static-images.vnncdn.net/vps_images_publish/000001/000003/2025/5/15/ukraine-he-lo-thong-tin-mat-ve-3-phien-ban-usv-pha-huy-nhieu-tau-may-bay-nga-110145.jpg?width=0&s=PO7yH78Wtq4D4LX2eS16QA', 'content': 'Minh Thu\n\nBáo Pravda trích dẫn thông tin của DIU cho biết, 3 phiên bản chính của USV Magura có thể hoạt động trong mọi điều kiện thời tiết gồm Magura V5, Magura V6P và Magura V7. Chúng được thiết kế không chỉ để tiêu diệt tàu chiến và mục tiêu trên không của đối phương, mà còn làm nhiệm vụ trinh sát, tuần tra, bảo vệ tàu, rà phá bom mìn, chữa cháy, cứu hộ và vận chuyển hàng hóa.\n\nTrong đó, Magura V5 là USV chủ đạo trong kho vũ khí của DIU. Phương tiện này có khả năng theo dõi mục tiêu tự động, liên lạc vệ tinh đa kênh, gắn mô-đun chiến đấu trang bị súng máy và có cả camera ảnh nhiệt. Phương tiện này có thể mang theo 320kg thuốc nổ và hoạt động độc lập trong 48 giờ. Magura V5 có tốc độ di chuyển nhanh nhất trong dòng USV Magura, với tốc độ tối đa lên tới 90km/h khi được chất đầy hàng.\n\nMagura V7 là phiên bản chiến đấu mới của dòng Magura. Mẫu USV này được trang bị hệ thống giám sát tiếng ồn môi trường và có thể hoạt động trên biển 7 ngày liên tục nhờ có sẵn máy phát điện. Điểm đặc biệt của phương tiện này là hệ thống phòng không tích hợp gồmtên lửaAIM9/P-73 hoặc mô-đun súng máy. Nếu cần, chúng cũng có thể được sử dụng như thiết bị không người lái tấn công cảm tử. Magura V7 còn có phạm vi hoạt động xa hơn, lên tới 1.500km.\n\nMagura V6P là phiên bản phi chiến đấu trong dòng USV Magura. Phương tiện được thiết kế để làm nhiệm vụ trinh sát, tuần tra, cứu hộ và vận chuyển hàng hóa.\n\nTheo DIU, trong những năm qua, bằng cách sử dụng các USV Magura, các binh sĩ của đơn vị đặc nhiệm Nhóm 13 thuộc cơ quan này đã bắn trúng 17 mục tiêu của Nga, bao gồm 2 trực thăng, 2 chiến đấu cơ, 6 tàu tuần tra và 7 chiến hạm. Tổng cộng có 15 phương tiện quân sự Nga đã bị phá hủy vì chúng.', 'bullet_summary': 'Không có tóm tắt dạng bullet points', 'url': 'https://vietnamnet.vn/ukraine-he-lo-thong-tin-mat-ve-3-phien-ban-usv-pha-huy-nhieu-tau-may-bay-nga-2401454.html', 'category': 'the-gioi', 'crawled_at': '2025-05-16T09:18:30.065025', '_id': '2401454'}}, {'index': 10, 'code': 11000, 'errmsg': 'E11000 duplicate key error collection: News.the-gioi index: _id_ dup key: { _id: "2401629" }', 'keyPattern': {'_id': 1}, 'keyValue': {'_id': '2401629'}, 'op': {'title': 'Ấn Độ và Pakistan chỉ trích lẫn nhau về kho vũ khí hạt nhân', 'author': 'Không có thông tin tác giả', 'publish_date': '2025-05-16T08:51:00.000 +07:00', 'views': None, 'tags': [], 'description': 'Ấn Độ và Pakistan tố cáo nhau không kiểm soát được kho vũ khí hạt nhân của mỗi nước, đồng thời kêu gọi cộng đồng quốc tế giám sát kho vũ khí của quốc gia láng giềng.', 'main_image': 'https://static-images.vnncdn.net/vps_images_publish/000001/000003/2025/5/16/an-do-va-pakistan-chi-trich-lan-nhau-ve-kho-vu-khi-hat-nhan-34596.jpg?width=0&s=H2pWlWdZAIPCXXXGVbJU7Q', 'content': 'Việt Dũng\n\nTheo hãng thông tấn CNBC, Bộ trưởng Quốc phòngẤn ĐộRajnath Singh ngày 15/5 đã lên tiếng chỉ trích Pakistan về vấn đề vũ khí hạt nhân, nhấn mạnh rằng New Delhi "không e ngại những đe dọa hạt nhân từ Islamabad".\n\n"Tôi muốn đặt câu hỏi cho cộng đồng quốc tế, liệu chúng ta có an toàn khi vũ khí hạt nhân nằm trong tay một quốc gia thiếu trách nhiệm hay không? Chúng tôi cho rằng Cơ quan Năng lượng Nguyên tử Quốc tế (IAEA) nên giám sát kho vũ khí hạt nhân của Pakistan", ông Singh cho biết.\n\nNgay lập tức, Bộ Ngoại giao Pakistan đã đưa ra tuyên bố đáp trả, cho rằng IAEA cần điều tra những vụ buôn bán vật liệu hạt nhân và chất phóng xạ bất hợp pháp ở Ấn Độ.\n\n"Những vụ việc kiểu này là bằng chứng cho thấy sự tồn tại của một thị trường chợ đen cho các vật liệu nhạy cảm, lưỡng dụng bên trong Ấn Độ", Ngoại trưởng Pakistan Ishaq Dar nói.\n\nTheo truyền thông địa phương, cả Ấn Độ và Pakistan đều là quốc gia sở hữu vũ khí hạt nhân, ước tính đang nắm trong tay tổng cộng khoảng 170 - 180 đầu đạn. Dù đều là thành viên của IAEA nhưng New Delhi và Islamabad lại không ký Hiệp ước Chống phổ biến vũ khí hạt nhân.\n\nDù có công kích nước láng giềng về vấn đề hạt nhân nhưng Thủ tướng Pakistan Shehbaz Sharif khẳng định Islamabad sẵn sàng tham gia các cuộc đàm phán hòa bình với New Delhi. Islamabad cũng đã đồng ý gia hạn lệnh ngừng bắn với Ấn Độ tới cuối tuần này.\n\nNgược lại, New Delhi nhấn mạnh, chiến dịch Sindoor chỉ "tạm dừng” và quân đội Ấn Độ luôn trong tư thế sẵn sàng ứng phó các động thái từ Pakistan.\n\nCũng trong ngày 15/5, Tổng thống Mỹ Donald Trump tuyên bố, cuộc đối đầuẤn Độ - Pakistanđã được dàn xếp ổn thỏa và hai quốc gia này nên tập trung vào phát triển thương mại thay vì xung đột.', 'bullet_summary': 'Không có tóm tắt dạng bullet points', 'url': 'https://vietnamnet.vn/an-do-va-pakistan-chi-trich-lan-nhau-ve-kho-vu-khi-hat-nhan-2401629.html', 'category': 'the-gioi', 'crawled_at': '2025-05-16T09:18:35.146895', '_id': '2401629'}}, {'index': 11, 'code': 11000, 'errmsg': 'E11000 duplicate key error collection: News.the-gioi index: _id_ dup key: { _id: "2401109" }', 'keyPattern': {'_id': 1}, 'keyValue': {'_id': '2401109'}, 'op': {'title': 'Hãi hùng cảnh người đàn ông treo lơ lửng trên khinh khí cầu đang bốc cháy', 'author': 'Không có thông tin tác giả', 'publish_date': '2025-05-16T05:28:00.000 +07:00', 'views': None, 'tags': [], 'description': 'MEXICO - Tờ Dailymail đưa tin, hôm 11/4, một vụ tai nạn khinh khí cầu kinh hoàng xảy ra tại một lễ hội ở thành phố Enrique Estrada khiến 1 người thiệt mạng và 2 người bị thương.\n', 'main_image': 'https://static-images.vnncdn.net/vps_images_publish/000001/000003/2025/5/15/hai-hung-canh-nguoi-dan-ong-treo-lo-lung-tren-khinh-khi-cau-dang-boc-chay-97303.gif?width=0&s=qY9emE_IojDeDq0X_IXyEg', 'content': 'Đinh Tuấn\n\nTheo Dailymail', 'bullet_summary': 'Không có tóm tắt dạng bullet points', 'url': 'https://vietnamnet.vn/hai-hung-canh-nguoi-dan-ong-treo-lo-lung-tren-khinh-khi-cau-dang-boc-chay-2401109.html', 'category': 'the-gioi', 'crawled_at': '2025-05-16T09:18:41.111643', '_id': '2401109'}}, {'index': 12, 'code': 11000, 'errmsg': 'E11000 duplicate key error collection: News.the-gioi index: _id_ dup key: { _id: "2401646" }', 'keyPattern': {'_id': 1}, 'keyValue': {'_id': '2401646'}, 'op': {'title': 'Mỹ có thể tốn 45 triệu USD cho lễ duyệt binh vào sinh nhật ông Trump', 'author': 'Không có thông tin tác giả', 'publish_date': '2025-05-16T10:05:00.000 +07:00', 'views': None, 'tags': [], 'description': 'Chính phủ Mỹ dự kiến sẽ tốn khoảng 45 triệu USD để tổ chức lễ duyệt binh ở Washington vào tháng sau, trùng với ngày sinh nhật 79 tuổi của Tổng thống Trump.', 'main_image': 'https://static-images.vnncdn.net/vps_images_publish/000001/000003/2025/5/16/my-co-the-ton-45-trieu-usd-cho-le-duyet-binh-vao-sinh-nhat-ong-trump-43788.jpg?width=0&s=fILsBzTB6oCIJ5yQdDdH8A', 'content': 'Việt Dũng\n\nTờ Washington Post dẫn lời phát ngôn viên lục quân Mỹ Steve Warren ngày 15/5 cho biết, lễ duyệt binh kỷ niệm 250 năm thành lập quân chủng này tại Washington có chi phí ước tính khoảng 45 triệu USD. Sự kiện sẽ diễn ra vào ngày 14/6, trùng vớisinh nhật lần thứ 79 của Tổng thống Donald Trump.\n\nTheo truyền thông địa phương, sẽ có khoảng 7.500 binh sĩ, 150 khí tài và 50 máy bay tham gia duyệt binh. Một quan chức quân sự tiết lộ, Lục quân Mỹ đã lên kế hoạch điều động 25 xe tăng M1 Abrams tới thủ đô. Ngoài chi phí vận chuyển, các xe tăng này cũng có thể khiến Washington tốn thêm chi phí sửa chữa đường sá.\n\nTổng thống Mỹ Donald Trump. Ảnh: NYT\n\nNgoài duyệt binh, lễ kỷ niệm 250 năm ngày thành lập lục quân Mỹ còn có màn bắn pháo hoa và lễ hội tại công viên quốc gia National Mall, gồm cả chương trình biểu diễn ca nhạc và thi thể hình.\n\nTổng thống Trump từng muốn tổ chức duyệt binh tại thủ đô Washington trong nhiệm kỳ đầu tiên của ông, sau khi tham dự cuộc duyệt binh mừng quốc khánh Pháp năm 2017. Tuy nhiên, ý tưởng này không trở thành hiện thực sau khi Lầu Năm Góc cho biết chi phí có thể lên tới hơn 90 triệu USD.\n\nMỹ rất ít khi tổ chức duyệt binh. Lần gần đây nhất nước này tiến hành duyệt binh quy mô lớn là vào năm 1991, khi xe tăng và hàng nghìn binh sĩ duyệt binh ở Washington để kỷ niệm chiến thắng trước quân đội Iraq trong Chiến tranh Vùng Vịnh.', 'bullet_summary': 'Không có tóm tắt dạng bullet points', 'url': 'https://vietnamnet.vn/my-co-the-ton-45-trieu-usd-cho-le-duyet-binh-vao-sinh-nhat-ong-trump-2401646.html', 'category': 'the-gioi', 'crawled_at': '2025-05-16T09:18:46.120119', '_id': '2401646'}}, {'index': 13, 'code': 11000, 'errmsg': 'E11000 duplicate key error collection: News.the-gioi index: _id_ dup key: { _id: "2401597" }', 'keyPattern': {'_id': 1}, 'keyValue': {'_id': '2401597'}, 'op': {'title': "Nga 'chốt' thời gian hòa đàm với Ukraine, điều kiện để ông Trump gặp ông Putin", 'author': 'Không có thông tin tác giả', 'publish_date': '2025-05-16T06:47:22.000 +07:00', 'views': None, 'tags': [], 'description': 'Phái đoàn Nga sẽ chờ các đối tác Ukraine để bắt đầu đàm phán hòa bình trực tiếp vào lúc 10h (giờ địa phương) tại Istanbul vào hôm nay (16/5).', 'main_image': 'https://static-images.vnncdn.net/vps_images_publish/000001/000003/2025/5/16/nga-chot-thoi-gian-hoa-dam-voi-ukraine-dieu-kien-de-ong-trump-gap-ong-putin-21663.jpg?width=0&s=_LK6FSzPDsGEFvVI_gdx-Q', 'content': 'Minh Thu\n\nTờ Kyiv Independent dẫn lời ông Medinsky bày tỏ mong muốn phái đoàn Ukraine sẽ đến đối thoại trực tiếp ở Istanbul vào sáng nay (16/5). Tuy nhiên, phái đoàn Ukraine vẫn chưa công khai bày tỏ ý định về thời gian diễn ra các cuộc đàm phán.\n\nHãng thông tấn Tass dẫn nguồn tin từ Bộ Ngoại giao Thổ Nhĩ Kỳ cho hay, các thành viên trong phái đoàn Thổ Nhĩ Kỳ cũng sẽ tham gia một cuộc họp 3 bên.\n\nTheo ông Medinsky,Ngavà Thổ Nhĩ Kỳ đã tổ chức các cuộc thảo luận trước đó vào ngày 15/5 để bàn về việc bắt đầu các cuộc thương lượng trực tiếp.\n\nSau khi Moscow đề xuất tổ chức đàm phán hòa bình tại Thổ Nhĩ Kỳ vào tuần này, Tổng thống Ukraine Volodymyr Zelensky đã đồng ý và muốn Tổng thống Nga Vladimir Putin đến gặp mặt trực tiếp. Tuy nhiên, ông Putin đã không đến Thổ Nhĩ Kỳ, thay vào đó chỉ định trợ lý là ông Medinsky dẫn đầu đoàn đàm phán.\n\nTrong khi đó, phái đoàn Ukraine đến Thổ Nhĩ Kỳ vào ngày 15/5 gồm các quan chức cấp cao như Tổng thống Zelensky, Ngoại trưởng Andrii Sybiha, các đại diện của Văn phòng tổng thống, quân đội và các cơ quan tình báo.\n\nSau cuộc họp kéo dài 3 giờ với Tổng thống Thổ Nhĩ Kỳ Recep Tayyip Erdogan ở Ankara, ông Zelensky thông báo cử phái đoàn do Bộ trưởng Quốc phòng Rustem Umerov dẫn đầu đến Istanbul để thương lượng về lệnh ngừng bắn tiềm năng với phái đoàn Nga.\n\nTrước đó, Tass ngày 15/5 đưa tin, các cuộc hòa đàm giữa Nga và Ukraine sẽ bắt đầu lúc 10h cùng ngày, nhưng phía Kiev đã bác bỏ và gọi đây là "tin giả".\xa0Sau đó cùng ngày, phát ngôn viên Bộ Ngoại giao Nga Maria Zakharova cho biết các cuộc đàm phán sẽ được tổ chức vào giữa trưa 15/5, nhưng điều này cũng bị Chính phủ Thổ Nhĩ Kỳ phủ nhận.\n\nĐài RT dẫn lời Ngoại trưởng Mỹ Marco Rubio cho hay, quyết định về việcTổng thống Donald Trumpvà Tổng thống Putin có gặp nhau hay không phụ thuộc vào kết quả đối thoại giữa các phái đoàn Ukraine và Nga.\xa0“Tôi nghĩ rất rõ ràng, cách duy nhất để chúng ta có thể có bước đột phá ở đây là giữa Tổng thống Trump và Tổng thống Putin”, ông Rubio nói.\n\nNhà ngoại giao hàng đầu Mỹ nói thêm, ông không cho rằng “bất kỳ điều gì có hiệu quả thực sự sẽ xảy ra từ thời điểm này trở đi”, cho đến khi các nhà lãnh đạo Mỹ và Nga tham gia vào một “cuộc trò chuyện thẳng thắn và trực tiếp”.\xa0Cũng theo ông, Tổng thống Trump “sẵn sàng” đàm phán và “nóng lòng” chấm dứt xung đột Nga – Ukraine.', 'bullet_summary': 'Không có tóm tắt dạng bullet points', 'url': 'https://vietnamnet.vn/nga-chot-thoi-gian-hoa-dam-voi-ukraine-dieu-kien-de-ong-trump-gap-ong-putin-2401597.html', 'category': 'the-gioi', 'crawled_at': '2025-05-16T09:18:51.400654', '_id': '2401597'}}, {'index': 14, 'code': 11000, 'errmsg': 'E11000 duplicate key error collection: News.the-gioi index: _id_ dup key: { _id: "2401642" }', 'keyPattern': {'_id': 1}, 'keyValue': {'_id': '2401642'}, 'op': {'title': 'Ông Trump ký loạt thỏa thuận trị giá 200 tỷ USD trong chuyến công du UAE', 'author': 'Không có thông tin tác giả', 'publish_date': '2025-05-16T09:36:53.000 +07:00', 'views': None, 'tags': [], 'description': 'Tổng thống Mỹ Donald Trump đã ký một loạt thỏa thuận thương mại lớn với Các Tiểu vương quốc Ả Rập Thống nhất (UAE) khi công du quốc gia Trung Đông này.', 'main_image': 'https://static-images.vnncdn.net/vps_images_publish/000001/000003/2025/5/16/ong-trump-ky-loat-thoa-thuan-tri-gia-200-ty-usd-trong-chuyen-cong-du-uae-40153.jpg?width=0&s=A2MVAPLgwsDdQtiOxvV1Og', 'content': 'Tuấn Trần\n\nTờ The National dẫn thông cáo của Nhà Trắng cho biết, Tổng thống MỹDonald Trumphôm 15/5 đã ký nhiều thỏa thuận thương mại lớn với UAE, có tổng giá trị lên tới 200 tỷ USD khi tới thăm quốc gia Trung Đông này.\n\n“Quan hệ đối tác chiến lược giữa Mỹ và UAE đã kéo dài nhiều thập kỷ và đã hỗ trợ cho sự thịnh vượng cùng an ninh cho người dân của cả hai quốc gia… Theo hợp đồng trị giá 14,5 tỷ USD, hãng hàng không Etihad sẽ mua 28 phi cơ 787 và 777X từ Tập đoàn sản xuất máy bay Boeing và mang lại việc làm cho hơn 60.000 lao động Mỹ”, thông cáo viết.\n\nNgoài ra, một số thỏa thuận lớn khác được chính quyền Mỹ ký với UAE là hợp đồng trị giá 60 tỷ USD giữa nhiều tập đoàn ExxonMobil, Occidental Petroleum và EOG Resources với Công ty dầu khí quốc gia Abu Dhabi (ADNOC); khoản đầu tư trị giá 4 tỷ USD của tập đoàn Emirates Global Aluminium vào một dự án luyện nhôm ở bang Oklahoma; thỏa thuận giữa công ty bán dẫn Qualcomm và Văn phòng đầu tư Abu Dhabi để xây dựng trung tâm kỹ thuật toàn cầu mới tập trung vào các lĩnh vực như trí tuệ nhân tạo (AI), trung tâm dữ liệu…\n\nThông cáo từ Nhà Trắng sau đó khẳng định, tất cả những thỏa thuận được ký kết giữa Washington và Abu Dhabi hôm 15/5 “đã đặt nền tảng cho đầu tư, đổi mới và việc làm có thu nhập cao ở Mỹ”.', 'bullet_summary': 'Không có tóm tắt dạng bullet points', 'url': 'https://vietnamnet.vn/ong-trump-ky-loat-thoa-thuan-tri-gia-200-ty-usd-trong-chuyen-cong-du-uae-2401642.html', 'category': 'the-gioi', 'crawled_at': '2025-05-16T09:18:57.531755', '_id': '2401642'}}, {'index': 15, 'code': 11000, 'errmsg': 'E11000 duplicate key error collection: News.the-gioi index: _id_ dup key: { _id: "2401639" }', 'keyPattern': {'_id': 1}, 'keyValue': {'_id': '2401639'}, 'op': {'title': 'Video tiêm kích Su-27 của Ukraine đánh sập cứ điểm của Nga ở Luhansk', 'author': 'Không có thông tin tác giả', 'publish_date': '2025-05-16T14:02:00.000 +07:00', 'views': None, 'tags': [], 'description': 'Quân đội Ukraine đã triển khai tiêm kích Su-27 để ném bom tập kích một cứ điểm nằm sau phòng tuyến của Nga ở vùng Luhansk.', 'main_image': 'https://static-images.vnncdn.net/vps_images_publish/000001/000003/2025/5/16/video-tiem-kich-su-27-cua-ukraine-danh-sap-cu-diem-cua-nga-o-luhansk-66572.jpg?width=0&s=1e__PHFtSzEWPJsNZ8O7Dw', 'content': 'Việt Dũng\n\nTheo trang tin quân sự Defense Express, truyền thông Ukraine ngày 15/5 đã đăng tải đoạn video ghi lại cảnh tiêm kích Su-27 của nước này tập kích một cứ điểm Nga ở thành phố Lysychansk thuộc vùng Luhansk.\n\n"Phi công điều khiển Su-27 đã tấn công mục tiêu chính xác từ khoảng cách 60km mà không cần sử dụng bom dẫn đường. Cứ điểm bị đánh sập là sở chỉ huy của một trung đoàn Nga ở Luhansk", phía Ukraine cho biết.\n\nTrong đoạn video do máy bay không người lái (UAV) trinh sát ghi lại, các hệ thống phòng không và tác chiến điện tử của Nga đã không thể ngăn chặn máy bay Ukraine. Khi quả bom va chạm với mục tiêu, một vụ nổ lớn đã xảy ra, tạo nên một cột khói có thể nhìn thấy từ xa.\n\nMáy bay Su-27 Ukraine thả bom tập kích cứ điểm của Nga. Video: Defense Express\n\nTheo các chuyên gia,Sukhoi Su-27là máy bay tiêm kích phản lực có từ thời Liên Xô cũ, do Phòng thiết kế Sukhoi (SDB) phát triển và được sản xuất năm 1977. Tiêm kích này được coi là đối thủ trực tiếp của những loại máy bay chiến đấu thế hệ mới do Mỹ sản xuất (F-14, F-15, F-16 và F/A-18), với tầm hoạt động lớn, trang bị vũ khí hạng nặng và cực kỳ cơ động nhanh nhẹn linh hoạt.\n\nSu-27 có chiều dài 21,9m, chiều cao 5,93m, trọng lượng cất cánh tối đa 33.000kg và có thể đạt vận tốc cực đại Mach 2,35 (2.500 km/h). Vũ khí chính của tiêm kích này là 6 tên lửa không đối không tầm trung R-27 và 4 tên lửa không đối không tầm gần R-73. Bên cạnh đó, tiêm kích cũng có thể sử dụng tên lửa chống bức xạ Kh-31 và các loại bom như KAB-150 và UAB-500.', 'bullet_summary': 'Không có tóm tắt dạng bullet points', 'url': 'https://vietnamnet.vn/video-tiem-kich-su-27-ukraine-danh-sap-cu-diem-cua-nga-o-luhansk-2401639.html', 'category': 'the-gioi', 'crawled_at': '2025-05-16T09:19:03.062073', '_id': '2401639'}}], 'writeConcernErrors': [], 'nInserted': 0, 'nUpserted': 0, 'nMatched': 0, 'nModified': 0, 'nRemoved': 0, 'upserted': []}
[2025-05-16T09:19:03.532+0000] {python.py:237} INFO - Done. Returned value was: None
[2025-05-16T09:19:03.533+0000] {taskinstance.py:441} INFO - ::group::Post task execution logs
[2025-05-16T09:19:03.541+0000] {taskinstance.py:1206} INFO - Marking task as SUCCESS. dag_id=vietnamnet_crawler_24h, task_id=crawl_the-gioi, run_id=manual__2025-05-16T09:15:08.485506+00:00, execution_date=20250516T091508, start_date=20250516T091721, end_date=20250516T091903
[2025-05-16T09:19:03.582+0000] {local_task_job_runner.py:240} INFO - Task exited with return code 0
[2025-05-16T09:19:03.605+0000] {taskinstance.py:3503} INFO - 1 downstream tasks scheduled from follow-on schedule check
[2025-05-16T09:19:03.607+0000] {local_task_job_runner.py:222} INFO - ::endgroup::
