[2025-05-18T11:10:07.594+0000] {local_task_job_runner.py:120} INFO - ::group::Pre task execution logs
[2025-05-18T11:10:07.616+0000] {taskinstance.py:2076} INFO - Dependencies all met for dep_context=non-requeueable deps ti=<TaskInstance: vietnamnet_crawler_24h.crawl_phap-luat manual__2025-05-18T11:09:19.316219+00:00 [queued]>
[2025-05-18T11:10:07.625+0000] {taskinstance.py:2076} INFO - Dependencies all met for dep_context=requeueable deps ti=<TaskInstance: vietnamnet_crawler_24h.crawl_phap-luat manual__2025-05-18T11:09:19.316219+00:00 [queued]>
[2025-05-18T11:10:07.626+0000] {taskinstance.py:2306} INFO - Starting attempt 1 of 2
[2025-05-18T11:10:07.639+0000] {taskinstance.py:2330} INFO - Executing <Task(PythonOperator): crawl_phap-luat> on 2025-05-18 11:09:19.316219+00:00
[2025-05-18T11:10:07.647+0000] {warnings.py:112} WARNING - /home/***/.local/lib/python3.12/site-packages/***/task/task_runner/standard_task_runner.py:61: DeprecationWarning: This process (pid=33423) is multi-threaded, use of fork() may lead to deadlocks in the child.
  pid = os.fork()

[2025-05-18T11:10:07.649+0000] {standard_task_runner.py:63} INFO - Started process 33424 to run task
[2025-05-18T11:10:07.648+0000] {standard_task_runner.py:90} INFO - Running: ['***', 'tasks', 'run', 'vietnamnet_crawler_24h', 'crawl_phap-luat', 'manual__2025-05-18T11:09:19.316219+00:00', '--job-id', '25', '--raw', '--subdir', 'DAGS_FOLDER/dags.py', '--cfg-path', '/tmp/tmptuu_5qa4']
[2025-05-18T11:10:07.652+0000] {standard_task_runner.py:91} INFO - Job 25: Subtask crawl_phap-luat
[2025-05-18T11:10:07.706+0000] {task_command.py:426} INFO - Running <TaskInstance: vietnamnet_crawler_24h.crawl_phap-luat manual__2025-05-18T11:09:19.316219+00:00 [running]> on host cc92a118fd3e
[2025-05-18T11:10:07.799+0000] {taskinstance.py:2648} INFO - Exporting env vars: AIRFLOW_CTX_DAG_OWNER='***' AIRFLOW_CTX_DAG_ID='vietnamnet_crawler_24h' AIRFLOW_CTX_TASK_ID='crawl_phap-luat' AIRFLOW_CTX_EXECUTION_DATE='2025-05-18T11:09:19.316219+00:00' AIRFLOW_CTX_TRY_NUMBER='1' AIRFLOW_CTX_DAG_RUN_ID='manual__2025-05-18T11:09:19.316219+00:00'
[2025-05-18T11:10:07.800+0000] {taskinstance.py:430} INFO - ::endgroup::
[2025-05-18T11:10:07.989+0000] {crawler.py:55} INFO - Đã kết nối thành công với MongoDB: News
[2025-05-18T11:10:08.658+0000] {logging_mixin.py:188} INFO - [INIT].... → Crawl4AI 0.6.3
[2025-05-18T11:10:11.474+0000] {logging_mixin.py:188} INFO - [FETCH]... ↓ https://vietnamnet.vn/tin-tuc-24h?bydaterang=&cate=000008          
| ✓ | ⏱: 2.78s
[2025-05-18T11:10:11.730+0000] {logging_mixin.py:188} INFO - [SCRAPE].. ◆ https://vietnamnet.vn/tin-tuc-24h?bydaterang=&cate=000008          
| ✓ | ⏱: 0.25s
[2025-05-18T11:10:11.733+0000] {logging_mixin.py:188} INFO - [COMPLETE] ● https://vietnamnet.vn/tin-tuc-24h?bydaterang=&cate=000008          
| ✓ | ⏱: 3.04s
[2025-05-18T11:10:12.054+0000] {crawler.py:85} INFO - Tìm thấy 25 link bài viết cho danh mục phap-luat
[2025-05-18T11:10:12.705+0000] {crawler.py:110} INFO - Đã lọc: 25 URLs ban đầu -> 1 URLs sau xử lý live
[2025-05-18T11:10:12.707+0000] {crawler.py:255} INFO - Đang crawl 1 bài viết mới từ danh mục phap-luat...
[2025-05-18T11:10:12.708+0000] {crawler.py:258} INFO - --> Crawl: https://vietnamnet.vn/bat-nhom-doi-tuong-dan-canh-trom-cap-khi-nguoi-dan-chiem-bai-xa-loi-2402394.html
[2025-05-18T11:10:14.198+0000] {logging_mixin.py:188} INFO - [INIT].... → Crawl4AI 0.6.3
[2025-05-18T11:10:18.123+0000] {logging_mixin.py:188} INFO - [FETCH]... ↓ 
https://vietnamnet.vn/bat-nhom-doi-tuong-dan-can...-cap-khi-nguoi-dan-chiem-bai-
xa-loi-2402394.html  | ✓ | ⏱: 3.83s
[2025-05-18T11:10:18.518+0000] {logging_mixin.py:188} INFO - [SCRAPE].. ◆ 
https://vietnamnet.vn/bat-nhom-doi-tuong-dan-can...-cap-khi-nguoi-dan-chiem-bai-
xa-loi-2402394.html  | ✓ | ⏱: 0.39s
[2025-05-18T11:10:18.524+0000] {logging_mixin.py:188} INFO - [COMPLETE] ● 
https://vietnamnet.vn/bat-nhom-doi-tuong-dan-can...-cap-khi-nguoi-dan-chiem-bai-
xa-loi-2402394.html  | ✓ | ⏱: 4.23s
[2025-05-18T11:10:19.095+0000] {crawler.py:262} INFO -     ✓ Bắt nhóm đối tượng dàn cảnh trộm cắp khi người dân chiêm bái...

[2025-05-18T11:10:19.095+0000] {crawler.py:265} INFO - ⏱️  Tổng thời gian crawl: 11.11 giây
[2025-05-18T11:10:19.234+0000] {crawler.py:292} INFO - Đã lưu 1 bài viết vào collection 'phap-luat'
[2025-05-18T11:10:19.297+0000] {python.py:237} INFO - Done. Returned value was: None
[2025-05-18T11:10:19.299+0000] {taskinstance.py:441} INFO - ::group::Post task execution logs
[2025-05-18T11:10:19.312+0000] {taskinstance.py:1206} INFO - Marking task as SUCCESS. dag_id=vietnamnet_crawler_24h, task_id=crawl_phap-luat, run_id=manual__2025-05-18T11:09:19.316219+00:00, execution_date=20250518T110919, start_date=20250518T111007, end_date=20250518T111019
[2025-05-18T11:10:19.374+0000] {local_task_job_runner.py:240} INFO - Task exited with return code 0
[2025-05-18T11:10:19.398+0000] {taskinstance.py:3503} INFO - 1 downstream tasks scheduled from follow-on schedule check
[2025-05-18T11:10:19.400+0000] {local_task_job_runner.py:222} INFO - ::endgroup::
