[2025-05-17T20:15:49.013+0000] {local_task_job_runner.py:120} INFO - ::group::Pre task execution logs
[2025-05-17T20:15:49.033+0000] {taskinstance.py:2076} INFO - Dependencies all met for dep_context=non-requeueable deps ti=<TaskInstance: vietnamnet_crawler_24h.crawl_the-gioi scheduled__2025-05-17T19:30:00+00:00 [queued]>
[2025-05-17T20:15:49.041+0000] {taskinstance.py:2076} INFO - Dependencies all met for dep_context=requeueable deps ti=<TaskInstance: vietnamnet_crawler_24h.crawl_the-gioi scheduled__2025-05-17T19:30:00+00:00 [queued]>
[2025-05-17T20:15:49.042+0000] {taskinstance.py:2306} INFO - Starting attempt 1 of 2
[2025-05-17T20:15:49.073+0000] {taskinstance.py:2330} INFO - Executing <Task(PythonOperator): crawl_the-gioi> on 2025-05-17 19:30:00+00:00
[2025-05-17T20:15:49.079+0000] {warnings.py:112} WARNING - /home/***/.local/lib/python3.12/site-packages/***/task/task_runner/standard_task_runner.py:61: DeprecationWarning: This process (pid=412) is multi-threaded, use of fork() may lead to deadlocks in the child.
  pid = os.fork()

[2025-05-17T20:15:49.080+0000] {standard_task_runner.py:63} INFO - Started process 413 to run task
[2025-05-17T20:15:49.081+0000] {standard_task_runner.py:90} INFO - Running: ['***', 'tasks', 'run', 'vietnamnet_crawler_24h', 'crawl_the-gioi', 'scheduled__2025-05-17T19:30:00+00:00', '--job-id', '186', '--raw', '--subdir', 'DAGS_FOLDER/dags.py', '--cfg-path', '/tmp/tmpfwjszpth']
[2025-05-17T20:15:49.083+0000] {standard_task_runner.py:91} INFO - Job 186: Subtask crawl_the-gioi
[2025-05-17T20:15:49.154+0000] {task_command.py:426} INFO - Running <TaskInstance: vietnamnet_crawler_24h.crawl_the-gioi scheduled__2025-05-17T19:30:00+00:00 [running]> on host 60d771d880eb
[2025-05-17T20:15:49.241+0000] {taskinstance.py:2648} INFO - Exporting env vars: AIRFLOW_CTX_DAG_OWNER='***' AIRFLOW_CTX_DAG_ID='vietnamnet_crawler_24h' AIRFLOW_CTX_TASK_ID='crawl_the-gioi' AIRFLOW_CTX_EXECUTION_DATE='2025-05-17T19:30:00+00:00' AIRFLOW_CTX_TRY_NUMBER='1' AIRFLOW_CTX_DAG_RUN_ID='scheduled__2025-05-17T19:30:00+00:00'
[2025-05-17T20:15:49.242+0000] {taskinstance.py:430} INFO - ::endgroup::
[2025-05-17T20:15:49.401+0000] {crawler.py:55} INFO - Đã kết nối thành công với MongoDB: News
[2025-05-17T20:15:49.952+0000] {logging_mixin.py:188} INFO - [INIT].... → Crawl4AI 0.6.2
[2025-05-17T20:15:52.345+0000] {logging_mixin.py:188} INFO - [FETCH]... ↓ https://vietnamnet.vn/tin-tuc-24h?bydaterang=&cate=000005                                            | 
[2025-05-17T20:15:52.346+0000] {logging_mixin.py:188} INFO - ✓
[2025-05-17T20:15:52.346+0000] {logging_mixin.py:188} INFO -  | ⏱: 2.33s
[2025-05-17T20:15:52.518+0000] {logging_mixin.py:188} INFO - [SCRAPE].. ◆ https://vietnamnet.vn/tin-tuc-24h?bydaterang=&cate=000005                                            | 
[2025-05-17T20:15:52.519+0000] {logging_mixin.py:188} INFO - ✓
[2025-05-17T20:15:52.520+0000] {logging_mixin.py:188} INFO -  | ⏱: 0.17s
[2025-05-17T20:15:52.521+0000] {logging_mixin.py:188} INFO - [COMPLETE] ● https://vietnamnet.vn/tin-tuc-24h?bydaterang=&cate=000005                                            | 
[2025-05-17T20:15:52.521+0000] {logging_mixin.py:188} INFO - ✓
[2025-05-17T20:15:52.522+0000] {logging_mixin.py:188} INFO -  | ⏱: 2.51s
[2025-05-17T20:15:52.826+0000] {crawler.py:85} INFO - Tìm thấy 25 link bài viết cho danh mục the-gioi
[2025-05-17T20:15:54.055+0000] {crawler.py:110} INFO - Đã lọc: 25 URLs ban đầu -> 1 URLs sau xử lý live
[2025-05-17T20:15:54.056+0000] {crawler.py:255} INFO - Đang crawl 1 bài viết mới từ danh mục the-gioi...
[2025-05-17T20:15:54.056+0000] {crawler.py:258} INFO - --> Crawl: https://vietnamnet.vn/ong-trump-than-phien-viec-my-phung-phi-hang-ty-usd-vien-tro-cho-ukraine-2402203.html
[2025-05-17T20:15:54.612+0000] {logging_mixin.py:188} INFO - [INIT].... → Crawl4AI 0.6.2
[2025-05-17T20:15:57.864+0000] {logging_mixin.py:188} INFO - [FETCH]... ↓ https://vietnamnet.vn/ong-trump-than-phien-viec-...hi-hang-ty-usd-vien-tro-cho-ukraine-2402203.html  | 
[2025-05-17T20:15:57.865+0000] {logging_mixin.py:188} INFO - ✓
[2025-05-17T20:15:57.865+0000] {logging_mixin.py:188} INFO -  | ⏱: 3.20s
[2025-05-17T20:15:58.135+0000] {logging_mixin.py:188} INFO - [SCRAPE].. ◆ https://vietnamnet.vn/ong-trump-than-phien-viec-...hi-hang-ty-usd-vien-tro-cho-ukraine-2402203.html  | 
[2025-05-17T20:15:58.136+0000] {logging_mixin.py:188} INFO - ✓
[2025-05-17T20:15:58.136+0000] {logging_mixin.py:188} INFO -  | ⏱: 0.27s
[2025-05-17T20:15:58.137+0000] {logging_mixin.py:188} INFO - [COMPLETE] ● https://vietnamnet.vn/ong-trump-than-phien-viec-...hi-hang-ty-usd-vien-tro-cho-ukraine-2402203.html  | 
[2025-05-17T20:15:58.138+0000] {logging_mixin.py:188} INFO - ✓
[2025-05-17T20:15:58.138+0000] {logging_mixin.py:188} INFO -  | ⏱: 3.47s
[2025-05-17T20:15:59.181+0000] {crawler.py:262} INFO -     ✓ Ông Trump than phiền việc Mỹ phung phí hàng tỷ USD viện trợ ...

[2025-05-17T20:15:59.182+0000] {crawler.py:265} INFO - ⏱️  Tổng thời gian crawl: 9.78 giây
[2025-05-17T20:15:59.319+0000] {crawler.py:292} INFO - Đã lưu 1 bài viết vào collection 'the-gioi'
[2025-05-17T20:15:59.384+0000] {python.py:237} INFO - Done. Returned value was: None
[2025-05-17T20:15:59.385+0000] {taskinstance.py:441} INFO - ::group::Post task execution logs
[2025-05-17T20:15:59.393+0000] {taskinstance.py:1206} INFO - Marking task as SUCCESS. dag_id=vietnamnet_crawler_24h, task_id=crawl_the-gioi, run_id=scheduled__2025-05-17T19:30:00+00:00, execution_date=20250517T193000, start_date=20250517T201549, end_date=20250517T201559
[2025-05-17T20:15:59.461+0000] {local_task_job_runner.py:240} INFO - Task exited with return code 0
[2025-05-17T20:15:59.483+0000] {taskinstance.py:3503} INFO - 1 downstream tasks scheduled from follow-on schedule check
[2025-05-17T20:15:59.496+0000] {local_task_job_runner.py:222} INFO - ::endgroup::
