[2025-05-16T11:00:10.118+0000] {local_task_job_runner.py:120} INFO - ::group::Pre task execution logs
[2025-05-16T11:00:10.143+0000] {taskinstance.py:2076} INFO - Dependencies all met for dep_context=non-requeueable deps ti=<TaskInstance: vietnamnet_crawler_24h.crawl_doi-song scheduled__2025-05-16T10:00:00+00:00 [queued]>
[2025-05-16T11:00:10.153+0000] {taskinstance.py:2076} INFO - Dependencies all met for dep_context=requeueable deps ti=<TaskInstance: vietnamnet_crawler_24h.crawl_doi-song scheduled__2025-05-16T10:00:00+00:00 [queued]>
[2025-05-16T11:00:10.154+0000] {taskinstance.py:2306} INFO - Starting attempt 1 of 2
[2025-05-16T11:00:10.172+0000] {taskinstance.py:2330} INFO - Executing <Task(PythonOperator): crawl_doi-song> on 2025-05-16 10:00:00+00:00
[2025-05-16T11:00:10.179+0000] {warnings.py:112} WARNING - /home/***/.local/lib/python3.12/site-packages/***/task/task_runner/standard_task_runner.py:61: DeprecationWarning: This process (pid=4442) is multi-threaded, use of fork() may lead to deadlocks in the child.
  pid = os.fork()

[2025-05-16T11:00:10.181+0000] {standard_task_runner.py:63} INFO - Started process 4448 to run task
[2025-05-16T11:00:10.181+0000] {standard_task_runner.py:90} INFO - Running: ['***', 'tasks', 'run', 'vietnamnet_crawler_24h', 'crawl_doi-song', 'scheduled__2025-05-16T10:00:00+00:00', '--job-id', '38', '--raw', '--subdir', 'DAGS_FOLDER/dags.py', '--cfg-path', '/tmp/tmptn8nw7b2']
[2025-05-16T11:00:10.184+0000] {standard_task_runner.py:91} INFO - Job 38: Subtask crawl_doi-song
[2025-05-16T11:00:10.239+0000] {task_command.py:426} INFO - Running <TaskInstance: vietnamnet_crawler_24h.crawl_doi-song scheduled__2025-05-16T10:00:00+00:00 [running]> on host 71b827885e5f
[2025-05-16T11:00:10.380+0000] {taskinstance.py:2648} INFO - Exporting env vars: AIRFLOW_CTX_DAG_OWNER='***' AIRFLOW_CTX_DAG_ID='vietnamnet_crawler_24h' AIRFLOW_CTX_TASK_ID='crawl_doi-song' AIRFLOW_CTX_EXECUTION_DATE='2025-05-16T10:00:00+00:00' AIRFLOW_CTX_TRY_NUMBER='1' AIRFLOW_CTX_DAG_RUN_ID='scheduled__2025-05-16T10:00:00+00:00'
[2025-05-16T11:00:10.382+0000] {taskinstance.py:430} INFO - ::endgroup::
[2025-05-16T11:00:10.733+0000] {crawler.py:54} INFO - Đã kết nối thành công với MongoDB: News
[2025-05-16T11:00:11.676+0000] {logging_mixin.py:188} INFO - [INIT].... → Crawl4AI 0.6.2
[2025-05-16T11:00:15.664+0000] {logging_mixin.py:188} INFO - [FETCH]... ↓ https://vietnamnet.vn/tin-tuc-24h?bydaterang=&cate=000007                                            | 
[2025-05-16T11:00:15.665+0000] {logging_mixin.py:188} INFO - ✓
[2025-05-16T11:00:15.665+0000] {logging_mixin.py:188} INFO -  | ⏱: 3.87s
[2025-05-16T11:00:15.989+0000] {logging_mixin.py:188} INFO - [SCRAPE].. ◆ https://vietnamnet.vn/tin-tuc-24h?bydaterang=&cate=000007                                            | 
[2025-05-16T11:00:15.989+0000] {logging_mixin.py:188} INFO - ✓
[2025-05-16T11:00:15.990+0000] {logging_mixin.py:188} INFO -  | ⏱: 0.32s
[2025-05-16T11:00:15.993+0000] {logging_mixin.py:188} INFO - [COMPLETE] ● https://vietnamnet.vn/tin-tuc-24h?bydaterang=&cate=000007                                            | 
[2025-05-16T11:00:15.993+0000] {logging_mixin.py:188} INFO - ✓
[2025-05-16T11:00:15.994+0000] {logging_mixin.py:188} INFO -  | ⏱: 4.20s
[2025-05-16T11:00:16.478+0000] {crawler.py:84} INFO - Tìm thấy 25 link bài viết cho danh mục doi-song
[2025-05-16T11:00:17.151+0000] {crawler.py:108} INFO - Đã lọc: 25 URLs ban đầu -> 1 URLs mới
[2025-05-16T11:00:17.152+0000] {crawler.py:232} INFO - Đang crawl 1 bài viết mới từ danh mục doi-song...
[2025-05-16T11:00:17.154+0000] {crawler.py:235} INFO - --> Crawl: https://vietnamnet.vn/nhat-duoc-tien-tren-pho-ong-lao-75-tuoi-cho-ca-ngay-de-tra-lai-2401792.html
[2025-05-16T11:00:18.291+0000] {logging_mixin.py:188} INFO - [INIT].... → Crawl4AI 0.6.2
[2025-05-16T11:00:24.070+0000] {logging_mixin.py:188} INFO - [FETCH]... ↓ https://vietnamnet.vn/nhat-duoc-tien-tren-pho-ong-lao-75-tuoi-cho-ca-ngay-de-tra-lai-2401792.html    | 
[2025-05-16T11:00:24.071+0000] {logging_mixin.py:188} INFO - ✓
[2025-05-16T11:00:24.073+0000] {logging_mixin.py:188} INFO -  | ⏱: 5.57s
[2025-05-16T11:00:24.485+0000] {logging_mixin.py:188} INFO - [SCRAPE].. ◆ https://vietnamnet.vn/nhat-duoc-tien-tren-pho-ong-lao-75-tuoi-cho-ca-ngay-de-tra-lai-2401792.html    | 
[2025-05-16T11:00:24.487+0000] {logging_mixin.py:188} INFO - ✓
[2025-05-16T11:00:24.489+0000] {logging_mixin.py:188} INFO -  | ⏱: 0.41s
[2025-05-16T11:00:24.490+0000] {logging_mixin.py:188} INFO - [COMPLETE] ● https://vietnamnet.vn/nhat-duoc-tien-tren-pho-ong-lao-75-tuoi-cho-ca-ngay-de-tra-lai-2401792.html    | 
[2025-05-16T11:00:24.492+0000] {logging_mixin.py:188} INFO - ✓
[2025-05-16T11:00:24.494+0000] {logging_mixin.py:188} INFO -  | ⏱: 5.99s
[2025-05-16T11:00:25.434+0000] {crawler.py:239} INFO -     ✓ Nhặt được tiền trên phố, ông lão 75 tuổi chờ cả ngày để trả ...

[2025-05-16T11:00:25.435+0000] {crawler.py:242} INFO - ⏱️  Tổng thời gian crawl: 14.70 giây
[2025-05-16T11:00:25.502+0000] {crawler.py:267} INFO - Đã lưu 1 bài viết vào collection 'doi-song'
[2025-05-16T11:00:25.566+0000] {python.py:237} INFO - Done. Returned value was: None
[2025-05-16T11:00:25.568+0000] {taskinstance.py:441} INFO - ::group::Post task execution logs
[2025-05-16T11:00:25.592+0000] {taskinstance.py:1206} INFO - Marking task as SUCCESS. dag_id=vietnamnet_crawler_24h, task_id=crawl_doi-song, run_id=scheduled__2025-05-16T10:00:00+00:00, execution_date=20250516T100000, start_date=20250516T110010, end_date=20250516T110025
[2025-05-16T11:00:25.663+0000] {local_task_job_runner.py:240} INFO - Task exited with return code 0
[2025-05-16T11:00:25.698+0000] {taskinstance.py:3503} INFO - 0 downstream tasks scheduled from follow-on schedule check
[2025-05-16T11:00:25.701+0000] {local_task_job_runner.py:222} INFO - ::endgroup::
