[2025-05-05T09:02:01.561+0000] {local_task_job_runner.py:120} INFO - ::group::Pre task execution logs
[2025-05-05T09:02:01.582+0000] {taskinstance.py:2076} INFO - Dependencies all met for dep_context=non-requeueable deps ti=<TaskInstance: vietnamnet_crawler_24h.clean_old_articles scheduled__2025-05-05T08:30:00+00:00 [queued]>
[2025-05-05T09:02:01.589+0000] {taskinstance.py:2076} INFO - Dependencies all met for dep_context=requeueable deps ti=<TaskInstance: vietnamnet_crawler_24h.clean_old_articles scheduled__2025-05-05T08:30:00+00:00 [queued]>
[2025-05-05T09:02:01.589+0000] {taskinstance.py:2306} INFO - Starting attempt 1 of 2
[2025-05-05T09:02:01.604+0000] {taskinstance.py:2330} INFO - Executing <Task(PythonOperator): clean_old_articles> on 2025-05-05 08:30:00+00:00
[2025-05-05T09:02:01.610+0000] {warnings.py:112} WARNING - /home/***/.local/lib/python3.12/site-packages/***/task/task_runner/standard_task_runner.py:61: DeprecationWarning: This process (pid=164) is multi-threaded, use of fork() may lead to deadlocks in the child.
  pid = os.fork()

[2025-05-05T09:02:01.611+0000] {standard_task_runner.py:63} INFO - Started process 165 to run task
[2025-05-05T09:02:01.611+0000] {standard_task_runner.py:90} INFO - Running: ['***', 'tasks', 'run', 'vietnamnet_crawler_24h', 'clean_old_articles', 'scheduled__2025-05-05T08:30:00+00:00', '--job-id', '3', '--raw', '--subdir', 'DAGS_FOLDER/dags.py', '--cfg-path', '/tmp/tmpkv2btpsp']
[2025-05-05T09:02:01.614+0000] {standard_task_runner.py:91} INFO - Job 3: Subtask clean_old_articles
[2025-05-05T09:02:01.658+0000] {task_command.py:426} INFO - Running <TaskInstance: vietnamnet_crawler_24h.clean_old_articles scheduled__2025-05-05T08:30:00+00:00 [running]> on host 61334513b462
[2025-05-05T09:02:01.740+0000] {taskinstance.py:2648} INFO - Exporting env vars: AIRFLOW_CTX_DAG_OWNER='***' AIRFLOW_CTX_DAG_ID='vietnamnet_crawler_24h' AIRFLOW_CTX_TASK_ID='clean_old_articles' AIRFLOW_CTX_EXECUTION_DATE='2025-05-05T08:30:00+00:00' AIRFLOW_CTX_TRY_NUMBER='1' AIRFLOW_CTX_DAG_RUN_ID='scheduled__2025-05-05T08:30:00+00:00'
[2025-05-05T09:02:01.741+0000] {taskinstance.py:430} INFO - ::endgroup::
[2025-05-05T09:02:02.156+0000] {database_cleaner.py:33} INFO - Đã kết nối MongoDB: News
[2025-05-05T09:02:02.157+0000] {database_cleaner.py:102} INFO - Xóa các bài viết trước: 2025-04-04T16:02:02.157035+07:00
[2025-05-05T09:02:03.454+0000] {database_cleaner.py:125} INFO - Collection 'cong-nghe': 1 bài bị xóa
[2025-05-05T09:02:04.196+0000] {database_cleaner.py:125} INFO - Collection 'the-gioi': 3 bài bị xóa
[2025-05-05T09:02:05.182+0000] {database_cleaner.py:125} INFO - Collection 'chinh-tri': 2 bài bị xóa
[2025-05-05T09:02:05.486+0000] {database_cleaner.py:125} INFO - Collection 'phap-luat': 0 bài bị xóa
[2025-05-05T09:02:05.881+0000] {database_cleaner.py:125} INFO - Collection 'doi-song': 0 bài bị xóa
[2025-05-05T09:02:06.368+0000] {database_cleaner.py:125} INFO - Collection 'giao-duc': 0 bài bị xóa
[2025-05-05T09:02:06.421+0000] {database_cleaner.py:42} INFO - Đã đóng kết nối MongoDB
[2025-05-05T09:02:06.422+0000] {database_cleaner.py:142} INFO - Đã xóa tổng cộng 6 bài, còn lại 2275
[2025-05-05T09:02:06.423+0000] {python.py:237} INFO - Done. Returned value was: {'cong-nghe': {'total': 201, 'deleted': 1, 'remaining': 200}, 'the-gioi': {'total': 502, 'deleted': 3, 'remaining': 499}, 'chinh-tri': {'total': 677, 'deleted': 2, 'remaining': 675}, 'phap-luat': {'total': 224, 'deleted': 0, 'remaining': 224}, 'doi-song': {'total': 313, 'deleted': 0, 'remaining': 313}, 'giao-duc': {'total': 364, 'deleted': 0, 'remaining': 364}}
[2025-05-05T09:02:06.423+0000] {taskinstance.py:441} INFO - ::group::Post task execution logs
[2025-05-05T09:02:06.452+0000] {taskinstance.py:1206} INFO - Marking task as SUCCESS. dag_id=vietnamnet_crawler_24h, task_id=clean_old_articles, run_id=scheduled__2025-05-05T08:30:00+00:00, execution_date=20250505T083000, start_date=20250505T090201, end_date=20250505T090206
[2025-05-05T09:02:06.488+0000] {local_task_job_runner.py:240} INFO - Task exited with return code 0
[2025-05-05T09:02:06.514+0000] {taskinstance.py:3503} INFO - 1 downstream tasks scheduled from follow-on schedule check
[2025-05-05T09:02:06.517+0000] {local_task_job_runner.py:222} INFO - ::endgroup::
