[2025-05-04T13:55:03.817+0000] {local_task_job_runner.py:120} INFO - ::group::Pre task execution logs
[2025-05-04T13:55:03.847+0000] {taskinstance.py:2076} INFO - Dependencies all met for dep_context=non-requeueable deps ti=<TaskInstance: vietnamnet_crawler_24h.crawl_cong-nghe manual__2025-05-04T13:54:24.309060+00:00 [queued]>
[2025-05-04T13:55:03.858+0000] {taskinstance.py:2076} INFO - Dependencies all met for dep_context=requeueable deps ti=<TaskInstance: vietnamnet_crawler_24h.crawl_cong-nghe manual__2025-05-04T13:54:24.309060+00:00 [queued]>
[2025-05-04T13:55:03.859+0000] {taskinstance.py:2306} INFO - Starting attempt 1 of 2
[2025-05-04T13:55:03.875+0000] {taskinstance.py:2330} INFO - Executing <Task(PythonOperator): crawl_cong-nghe> on 2025-05-04 13:54:24.309060+00:00
[2025-05-04T13:55:03.882+0000] {warnings.py:112} WARNING - /home/***/.local/lib/python3.12/site-packages/***/task/task_runner/standard_task_runner.py:61: DeprecationWarning: This process (pid=1002) is multi-threaded, use of fork() may lead to deadlocks in the child.
  pid = os.fork()

[2025-05-04T13:55:03.884+0000] {standard_task_runner.py:63} INFO - Started process 1004 to run task
[2025-05-04T13:55:03.884+0000] {standard_task_runner.py:90} INFO - Running: ['***', 'tasks', 'run', 'vietnamnet_crawler_24h', 'crawl_cong-nghe', 'manual__2025-05-04T13:54:24.309060+00:00', '--job-id', '12', '--raw', '--subdir', 'DAGS_FOLDER/dags.py', '--cfg-path', '/tmp/tmpdtaw1lsf']
[2025-05-04T13:55:03.887+0000] {standard_task_runner.py:91} INFO - Job 12: Subtask crawl_cong-nghe
[2025-05-04T13:55:03.943+0000] {task_command.py:426} INFO - Running <TaskInstance: vietnamnet_crawler_24h.crawl_cong-nghe manual__2025-05-04T13:54:24.309060+00:00 [running]> on host 78b16fb5ec43
[2025-05-04T13:55:04.043+0000] {taskinstance.py:2648} INFO - Exporting env vars: AIRFLOW_CTX_DAG_OWNER='***' AIRFLOW_CTX_DAG_ID='vietnamnet_crawler_24h' AIRFLOW_CTX_TASK_ID='crawl_cong-nghe' AIRFLOW_CTX_EXECUTION_DATE='2025-05-04T13:54:24.309060+00:00' AIRFLOW_CTX_TRY_NUMBER='1' AIRFLOW_CTX_DAG_RUN_ID='manual__2025-05-04T13:54:24.309060+00:00'
[2025-05-04T13:55:04.045+0000] {taskinstance.py:430} INFO - ::endgroup::
[2025-05-04T13:55:04.248+0000] {crawler.py:54} INFO - Đã kết nối thành công với MongoDB: News
[2025-05-04T13:55:04.449+0000] {crawler.py:44} INFO - ArticleSummarizer đã được khởi tạo thành công
[2025-05-04T13:55:05.279+0000] {logging_mixin.py:188} INFO - [INIT].... → Crawl4AI 0.6.2
[2025-05-04T13:55:09.355+0000] {logging_mixin.py:188} INFO - [FETCH]... ↓ https://vietnamnet.vn/tin-tuc-24h?bydaterang=&cate=00MK8V                                            | 
[2025-05-04T13:55:09.356+0000] {logging_mixin.py:188} INFO - ✓
[2025-05-04T13:55:09.357+0000] {logging_mixin.py:188} INFO -  | ⏱: 3.96s
[2025-05-04T13:55:09.878+0000] {logging_mixin.py:188} INFO - [SCRAPE].. ◆ https://vietnamnet.vn/tin-tuc-24h?bydaterang=&cate=00MK8V                                            | 
[2025-05-04T13:55:09.879+0000] {logging_mixin.py:188} INFO - ✓
[2025-05-04T13:55:09.880+0000] {logging_mixin.py:188} INFO -  | ⏱: 
[2025-05-04T13:55:09.881+0000] {logging_mixin.py:188} INFO - 0.52
[2025-05-04T13:55:09.881+0000] {logging_mixin.py:188} INFO - s
[2025-05-04T13:55:09.883+0000] {logging_mixin.py:188} INFO - [COMPLETE] ● https://vietnamnet.vn/tin-tuc-24h?bydaterang=&cate=00MK8V                                            | 
[2025-05-04T13:55:09.883+0000] {logging_mixin.py:188} INFO - ✓
[2025-05-04T13:55:09.884+0000] {logging_mixin.py:188} INFO -  | ⏱: 4.49s
[2025-05-04T13:55:10.008+0000] {crawler.py:86} INFO - Tìm thấy 0 link bài viết cho danh mục cong-nghe
[2025-05-04T13:55:10.186+0000] {crawler.py:105} INFO - Đã lọc: 0 URLs ban đầu -> 0 URLs mới
[2025-05-04T13:55:10.187+0000] {crawler.py:224} INFO - Không có bài viết mới nào trong danh mục cong-nghe cần crawl.
[2025-05-04T13:55:10.188+0000] {crawler.py:259} INFO - Không có bài viết để lưu vào collection 'cong-nghe'
[2025-05-04T13:55:10.189+0000] {python.py:237} INFO - Done. Returned value was: None
[2025-05-04T13:55:10.190+0000] {taskinstance.py:441} INFO - ::group::Post task execution logs
[2025-05-04T13:55:10.200+0000] {taskinstance.py:1206} INFO - Marking task as SUCCESS. dag_id=vietnamnet_crawler_24h, task_id=crawl_cong-nghe, run_id=manual__2025-05-04T13:54:24.309060+00:00, execution_date=20250504T135424, start_date=20250504T135503, end_date=20250504T135510
[2025-05-04T13:55:10.240+0000] {local_task_job_runner.py:240} INFO - Task exited with return code 0
[2025-05-04T13:55:10.269+0000] {taskinstance.py:3503} INFO - 1 downstream tasks scheduled from follow-on schedule check
[2025-05-04T13:55:10.271+0000] {local_task_job_runner.py:222} INFO - ::endgroup::
