[2025-05-18T14:30:12.693+0000] {local_task_job_runner.py:120} INFO - ::group::Pre task execution logs
[2025-05-18T14:30:12.711+0000] {taskinstance.py:2076} INFO - Dependencies all met for dep_context=non-requeueable deps ti=<TaskInstance: vietnamnet_crawler_24h.crawl_giao-duc scheduled__2025-05-18T14:00:00+00:00 [queued]>
[2025-05-18T14:30:12.719+0000] {taskinstance.py:2076} INFO - Dependencies all met for dep_context=requeueable deps ti=<TaskInstance: vietnamnet_crawler_24h.crawl_giao-duc scheduled__2025-05-18T14:00:00+00:00 [queued]>
[2025-05-18T14:30:12.719+0000] {taskinstance.py:2306} INFO - Starting attempt 1 of 2
[2025-05-18T14:30:12.731+0000] {taskinstance.py:2330} INFO - Executing <Task(PythonOperator): crawl_giao-duc> on 2025-05-18 14:00:00+00:00
[2025-05-18T14:30:12.737+0000] {warnings.py:112} WARNING - /home/***/.local/lib/python3.12/site-packages/***/task/task_runner/standard_task_runner.py:61: DeprecationWarning: This process (pid=12902) is multi-threaded, use of fork() may lead to deadlocks in the child.
  pid = os.fork()

[2025-05-18T14:30:12.738+0000] {standard_task_runner.py:63} INFO - Started process 12910 to run task
[2025-05-18T14:30:12.738+0000] {standard_task_runner.py:90} INFO - Running: ['***', 'tasks', 'run', 'vietnamnet_crawler_24h', 'crawl_giao-duc', 'scheduled__2025-05-18T14:00:00+00:00', '--job-id', '41', '--raw', '--subdir', 'DAGS_FOLDER/dags.py', '--cfg-path', '/tmp/tmpsk2v7y5r']
[2025-05-18T14:30:12.741+0000] {standard_task_runner.py:91} INFO - Job 41: Subtask crawl_giao-duc
[2025-05-18T14:30:12.777+0000] {task_command.py:426} INFO - Running <TaskInstance: vietnamnet_crawler_24h.crawl_giao-duc scheduled__2025-05-18T14:00:00+00:00 [running]> on host a383b65f89e1
[2025-05-18T14:30:12.852+0000] {taskinstance.py:2648} INFO - Exporting env vars: AIRFLOW_CTX_DAG_OWNER='***' AIRFLOW_CTX_DAG_ID='vietnamnet_crawler_24h' AIRFLOW_CTX_TASK_ID='crawl_giao-duc' AIRFLOW_CTX_EXECUTION_DATE='2025-05-18T14:00:00+00:00' AIRFLOW_CTX_TRY_NUMBER='1' AIRFLOW_CTX_DAG_RUN_ID='scheduled__2025-05-18T14:00:00+00:00'
[2025-05-18T14:30:12.853+0000] {taskinstance.py:430} INFO - ::endgroup::
[2025-05-18T14:30:12.996+0000] {crawler.py:55} INFO - Đã kết nối thành công với MongoDB: News
[2025-05-18T14:30:13.587+0000] {logging_mixin.py:188} INFO - [INIT].... → Crawl4AI 0.6.3
[2025-05-18T14:30:15.587+0000] {logging_mixin.py:188} INFO - [FETCH]... ↓ https://vietnamnet.vn/tin-tuc-24h?bydaterang=&cate=000006          
| ✓ | ⏱: 1.92s
[2025-05-18T14:30:15.760+0000] {logging_mixin.py:188} INFO - [SCRAPE].. ◆ https://vietnamnet.vn/tin-tuc-24h?bydaterang=&cate=000006          
| ✓ | ⏱: 0.17s
[2025-05-18T14:30:15.762+0000] {logging_mixin.py:188} INFO - [COMPLETE] ● https://vietnamnet.vn/tin-tuc-24h?bydaterang=&cate=000006          
| ✓ | ⏱: 2.10s
[2025-05-18T14:30:15.958+0000] {crawler.py:85} INFO - Tìm thấy 25 link bài viết cho danh mục giao-duc
[2025-05-18T14:30:16.571+0000] {crawler.py:110} INFO - Đã lọc: 25 URLs ban đầu -> 0 URLs sau xử lý live
[2025-05-18T14:30:16.571+0000] {crawler.py:252} INFO - Không có bài viết mới nào trong danh mục giao-duc cần crawl.
[2025-05-18T14:30:16.641+0000] {crawler.py:294} INFO - Không có bài viết để lưu vào collection 'giao-duc'
[2025-05-18T14:30:16.706+0000] {python.py:237} INFO - Done. Returned value was: None
[2025-05-18T14:30:16.707+0000] {taskinstance.py:441} INFO - ::group::Post task execution logs
[2025-05-18T14:30:16.715+0000] {taskinstance.py:1206} INFO - Marking task as SUCCESS. dag_id=vietnamnet_crawler_24h, task_id=crawl_giao-duc, run_id=scheduled__2025-05-18T14:00:00+00:00, execution_date=20250518T140000, start_date=20250518T143012, end_date=20250518T143016
[2025-05-18T14:30:16.770+0000] {local_task_job_runner.py:240} INFO - Task exited with return code 0
[2025-05-18T14:30:16.798+0000] {taskinstance.py:3503} INFO - 0 downstream tasks scheduled from follow-on schedule check
[2025-05-18T14:30:16.801+0000] {local_task_job_runner.py:222} INFO - ::endgroup::
