[2025-06-22T09:16:09.705+0000] {local_task_job_runner.py:120} INFO - ::group::Pre task execution logs
[2025-06-22T09:16:09.739+0000] {taskinstance.py:2076} INFO - Dependencies all met for dep_context=non-requeueable deps ti=<TaskInstance: deepai_crawler_10min.crawl_hardware manual__2025-06-22T09:08:52.333792+00:00 [queued]>
[2025-06-22T09:16:09.756+0000] {taskinstance.py:2076} INFO - Dependencies all met for dep_context=requeueable deps ti=<TaskInstance: deepai_crawler_10min.crawl_hardware manual__2025-06-22T09:08:52.333792+00:00 [queued]>
[2025-06-22T09:16:09.757+0000] {taskinstance.py:2306} INFO - Starting attempt 2 of 3
[2025-06-22T09:16:09.785+0000] {taskinstance.py:2330} INFO - Executing <Task(PythonOperator): crawl_hardware> on 2025-06-22 09:08:52.333792+00:00
[2025-06-22T09:16:09.805+0000] {warnings.py:112} WARNING - /home/***/.local/lib/python3.12/site-packages/***/task/task_runner/standard_task_runner.py:61: DeprecationWarning: This process (pid=565) is multi-threaded, use of fork() may lead to deadlocks in the child.
  pid = os.fork()

[2025-06-22T09:16:09.807+0000] {standard_task_runner.py:63} INFO - Started process 668 to run task
[2025-06-22T09:16:09.810+0000] {standard_task_runner.py:90} INFO - Running: ['***', 'tasks', 'run', 'deepai_crawler_10min', 'crawl_hardware', 'manual__2025-06-22T09:08:52.333792+00:00', '--job-id', '232', '--raw', '--subdir', 'DAGS_FOLDER/dags.py', '--cfg-path', '/tmp/tmp0wkb_sey']
[2025-06-22T09:16:09.821+0000] {standard_task_runner.py:91} INFO - Job 232: Subtask crawl_hardware
[2025-06-22T09:16:09.912+0000] {task_command.py:426} INFO - Running <TaskInstance: deepai_crawler_10min.crawl_hardware manual__2025-06-22T09:08:52.333792+00:00 [running]> on host 5471b5a2dbbe
[2025-06-22T09:16:10.091+0000] {taskinstance.py:2648} INFO - Exporting env vars: AIRFLOW_CTX_DAG_OWNER='***' AIRFLOW_CTX_DAG_ID='deepai_crawler_10min' AIRFLOW_CTX_TASK_ID='crawl_hardware' AIRFLOW_CTX_EXECUTION_DATE='2025-06-22T09:08:52.333792+00:00' AIRFLOW_CTX_TRY_NUMBER='2' AIRFLOW_CTX_DAG_RUN_ID='manual__2025-06-22T09:08:52.333792+00:00'
[2025-06-22T09:16:10.094+0000] {taskinstance.py:430} INFO - ::endgroup::
[2025-06-22T09:16:10.121+0000] {dags.py:169} INFO - Bắt đầu crawl category: hardware
[2025-06-22T09:16:10.498+0000] {crawler_deeplai.py:51} INFO - Đã kết nối thành công với MongoDB: deeplearning_ai_news
[2025-06-22T09:16:10.619+0000] {crawler_deeplai.py:465} INFO - 🚀 Đang bắt đầu quá trình crawl với Load More...
[2025-06-22T09:16:15.269+0000] {logging_mixin.py:188} INFO - [INIT].... → Crawl4AI 0.6.3
[2025-06-22T09:16:15.287+0000] {crawler_deeplai.py:179} INFO - 🌐 Đang truy cập: https://www.deeplearning.ai/the-batch/tag/hardware/
[2025-06-22T09:16:15.296+0000] {crawler_deeplai.py:180} INFO - ⚙️ Cấu hình: max_articles=100, min_threshold=5, max_clicks=1
[2025-06-22T09:16:24.018+0000] {logging_mixin.py:188} INFO - [FETCH]... ↓ https://www.deeplearning.ai/the-batch/tag/hardware/                
| ✓ | ⏱: 8.73s
[2025-06-22T09:16:24.183+0000] {logging_mixin.py:188} INFO - [SCRAPE].. ◆ https://www.deeplearning.ai/the-batch/tag/hardware/                
| ✓ | ⏱: 0.16s
[2025-06-22T09:16:24.187+0000] {logging_mixin.py:188} INFO - [COMPLETE] ● https://www.deeplearning.ai/the-batch/tag/hardware/                
| ✓ | ⏱: 8.90s
[2025-06-22T09:16:24.188+0000] {crawler_deeplai.py:184} INFO - 📋 JavaScript execution result: {'success': True, 'results': [{'success': True, 'result': {}}]}
[2025-06-22T09:16:24.238+0000] {crawler_deeplai.py:204} INFO - 🎯 Tổng cộng tìm thấy 15 link bài viết unique
[2025-06-22T09:16:24.239+0000] {crawler_deeplai.py:208} INFO - 🔍 Một vài URL đầu tiên:
[2025-06-22T09:16:24.241+0000] {crawler_deeplai.py:210} INFO -   1. https://www.deeplearning.ai/the-batch/ai-creates-an-interactive-minecraft-like-world-in-real-time/
[2025-06-22T09:16:24.246+0000] {crawler_deeplai.py:210} INFO -   2. https://www.deeplearning.ai/the-batch/compact-ai-models-redefine-efficiency-bringing-advanced-capabilities-to-everyday-devices/
[2025-06-22T09:16:24.254+0000] {crawler_deeplai.py:210} INFO -   3. https://www.deeplearning.ai/the-batch/generative-ai-and-gpu-boom-spawns-growing-e-waste-problem/
[2025-06-22T09:16:24.255+0000] {crawler_deeplai.py:210} INFO -   4. https://www.deeplearning.ai/the-batch/grounding-dino-1-5-an-edge-device-model-built-for-faster-smarter-object-detection/
[2025-06-22T09:16:24.256+0000] {crawler_deeplai.py:210} INFO -   5. https://www.deeplearning.ai/the-batch/hugging-face-acquires-pollen-robotics-launches-reachy-2-robot-for-open-source-research/
[2025-06-22T09:16:24.257+0000] {crawler_deeplai.py:214} INFO - 📊 Sẽ crawl 15 bài viết
[2025-06-22T09:16:29.319+0000] {crawler_deeplai.py:458} INFO - Đã lọc: 15 URLs ban đầu -> 0 URLs mới
[2025-06-22T09:16:29.320+0000] {crawler_deeplai.py:476} INFO - ℹ️ Không có bài viết mới nào trong danh mục hardware cần crawl.
[2025-06-22T09:16:29.321+0000] {crawler_deeplai.py:533} INFO - ℹ️ Không có bài viết để lưu vào collection 'hardware'
[2025-06-22T09:16:29.405+0000] {dags.py:174} INFO - Hoàn thành crawl category: hardware
[2025-06-22T09:16:29.406+0000] {python.py:237} INFO - Done. Returned value was: None
[2025-06-22T09:16:29.408+0000] {taskinstance.py:441} INFO - ::group::Post task execution logs
[2025-06-22T09:16:29.418+0000] {taskinstance.py:1206} INFO - Marking task as SUCCESS. dag_id=deepai_crawler_10min, task_id=crawl_hardware, run_id=manual__2025-06-22T09:08:52.333792+00:00, execution_date=20250622T090852, start_date=20250622T091609, end_date=20250622T091629
[2025-06-22T09:16:29.464+0000] {local_task_job_runner.py:240} INFO - Task exited with return code 0
[2025-06-22T09:16:29.502+0000] {taskinstance.py:3503} INFO - 1 downstream tasks scheduled from follow-on schedule check
[2025-06-22T09:16:29.505+0000] {local_task_job_runner.py:222} INFO - ::endgroup::
