[2025-05-03T22:31:07.865+0000] {local_task_job_runner.py:120} INFO - ::group::Pre task execution logs
[2025-05-03T22:31:07.883+0000] {taskinstance.py:2076} INFO - Dependencies all met for dep_context=non-requeueable deps ti=<TaskInstance: vietnamnet_crawler_with_summary.crawl_kinh-doanh scheduled__2025-05-03T22:00:00+00:00 [queued]>
[2025-05-03T22:31:07.890+0000] {taskinstance.py:2076} INFO - Dependencies all met for dep_context=requeueable deps ti=<TaskInstance: vietnamnet_crawler_with_summary.crawl_kinh-doanh scheduled__2025-05-03T22:00:00+00:00 [queued]>
[2025-05-03T22:31:07.890+0000] {taskinstance.py:2306} INFO - Starting attempt 1 of 2
[2025-05-03T22:31:07.919+0000] {taskinstance.py:2330} INFO - Executing <Task(PythonOperator): crawl_kinh-doanh> on 2025-05-03 22:00:00+00:00
[2025-05-03T22:31:07.924+0000] {warnings.py:112} WARNING - /home/***/.local/lib/python3.12/site-packages/***/task/task_runner/standard_task_runner.py:61: DeprecationWarning: This process (pid=51969) is multi-threaded, use of fork() may lead to deadlocks in the child.
  pid = os.fork()

[2025-05-03T22:31:07.925+0000] {standard_task_runner.py:63} INFO - Started process 51970 to run task
[2025-05-03T22:31:07.926+0000] {standard_task_runner.py:90} INFO - Running: ['***', 'tasks', 'run', 'vietnamnet_crawler_with_summary', 'crawl_kinh-doanh', 'scheduled__2025-05-03T22:00:00+00:00', '--job-id', '35', '--raw', '--subdir', 'DAGS_FOLDER/dags.py', '--cfg-path', '/tmp/tmp2bx7gbkr']
[2025-05-03T22:31:07.927+0000] {standard_task_runner.py:91} INFO - Job 35: Subtask crawl_kinh-doanh
[2025-05-03T22:31:08.011+0000] {task_command.py:426} INFO - Running <TaskInstance: vietnamnet_crawler_with_summary.crawl_kinh-doanh scheduled__2025-05-03T22:00:00+00:00 [running]> on host 61b2c69a7af3
[2025-05-03T22:31:08.087+0000] {taskinstance.py:2648} INFO - Exporting env vars: AIRFLOW_CTX_DAG_OWNER='***' AIRFLOW_CTX_DAG_ID='vietnamnet_crawler_with_summary' AIRFLOW_CTX_TASK_ID='crawl_kinh-doanh' AIRFLOW_CTX_EXECUTION_DATE='2025-05-03T22:00:00+00:00' AIRFLOW_CTX_TRY_NUMBER='1' AIRFLOW_CTX_DAG_RUN_ID='scheduled__2025-05-03T22:00:00+00:00'
[2025-05-03T22:31:08.089+0000] {taskinstance.py:430} INFO - ::endgroup::
[2025-05-03T22:31:08.385+0000] {crawler.py:61} INFO - Đã kết nối thành công với MongoDB: News
[2025-05-03T22:31:08.519+0000] {crawler.py:44} INFO - ArticleSummarizer đã được khởi tạo thành công
[2025-05-03T22:31:09.018+0000] {logging_mixin.py:188} INFO - [INIT].... → Crawl4AI 0.6.2
[2025-05-03T22:31:11.530+0000] {logging_mixin.py:188} INFO - [FETCH]... ↓ https://vietnamnet.vn/kinh-doanh                                                                     | 
[2025-05-03T22:31:11.531+0000] {logging_mixin.py:188} INFO - ✓
[2025-05-03T22:31:11.531+0000] {logging_mixin.py:188} INFO -  | ⏱: 2.51s
[2025-05-03T22:31:11.921+0000] {logging_mixin.py:188} INFO - [SCRAPE].. ◆ https://vietnamnet.vn/kinh-doanh                                                                     | 
[2025-05-03T22:31:11.921+0000] {logging_mixin.py:188} INFO - ✓
[2025-05-03T22:31:11.922+0000] {logging_mixin.py:188} INFO -  | ⏱: 0.39s
[2025-05-03T22:31:11.923+0000] {logging_mixin.py:188} INFO - [COMPLETE] ● https://vietnamnet.vn/kinh-doanh                                                                     | 
[2025-05-03T22:31:11.924+0000] {logging_mixin.py:188} INFO - ✓
[2025-05-03T22:31:11.924+0000] {logging_mixin.py:188} INFO -  | ⏱: 2.90s
[2025-05-03T22:31:12.024+0000] {crawler.py:87} INFO - Tìm thấy 49 link bài viết
[2025-05-03T22:31:16.329+0000] {crawler.py:106} INFO - Đã lọc: 49 URLs ban đầu -> 0 URLs mới
[2025-05-03T22:31:16.331+0000] {crawler.py:225} INFO - Không có bài viết mới nào trong danh mục kinh-doanh cần crawl.
[2025-05-03T22:31:16.333+0000] {crawler.py:260} INFO - Không có bài viết để lưu vào collection 'kinh-doanh'
[2025-05-03T22:31:16.394+0000] {python.py:237} INFO - Done. Returned value was: None
[2025-05-03T22:31:16.395+0000] {taskinstance.py:441} INFO - ::group::Post task execution logs
[2025-05-03T22:31:16.402+0000] {taskinstance.py:1206} INFO - Marking task as SUCCESS. dag_id=vietnamnet_crawler_with_summary, task_id=crawl_kinh-doanh, run_id=scheduled__2025-05-03T22:00:00+00:00, execution_date=20250503T220000, start_date=20250503T223107, end_date=20250503T223116
[2025-05-03T22:31:16.441+0000] {local_task_job_runner.py:240} INFO - Task exited with return code 0
[2025-05-03T22:31:16.470+0000] {taskinstance.py:3503} INFO - 1 downstream tasks scheduled from follow-on schedule check
[2025-05-03T22:31:16.473+0000] {local_task_job_runner.py:222} INFO - ::endgroup::
