[2025-05-18T09:35:53.049+0000] {local_task_job_runner.py:120} INFO - ::group::Pre task execution logs
[2025-05-18T09:35:53.075+0000] {taskinstance.py:2076} INFO - Dependencies all met for dep_context=non-requeueable deps ti=<TaskInstance: vietnamnet_crawler_24h.crawl_cong-nghe manual__2025-05-18T09:35:50.340133+00:00 [queued]>
[2025-05-18T09:35:53.085+0000] {taskinstance.py:2076} INFO - Dependencies all met for dep_context=requeueable deps ti=<TaskInstance: vietnamnet_crawler_24h.crawl_cong-nghe manual__2025-05-18T09:35:50.340133+00:00 [queued]>
[2025-05-18T09:35:53.086+0000] {taskinstance.py:2306} INFO - Starting attempt 1 of 2
[2025-05-18T09:35:53.104+0000] {taskinstance.py:2330} INFO - Executing <Task(PythonOperator): crawl_cong-nghe> on 2025-05-18 09:35:50.340133+00:00
[2025-05-18T09:35:53.111+0000] {warnings.py:112} WARNING - /home/***/.local/lib/python3.12/site-packages/***/task/task_runner/standard_task_runner.py:61: DeprecationWarning: This process (pid=4063) is multi-threaded, use of fork() may lead to deadlocks in the child.
  pid = os.fork()

[2025-05-18T09:35:53.113+0000] {standard_task_runner.py:63} INFO - Started process 4064 to run task
[2025-05-18T09:35:53.113+0000] {standard_task_runner.py:90} INFO - Running: ['***', 'tasks', 'run', 'vietnamnet_crawler_24h', 'crawl_cong-nghe', 'manual__2025-05-18T09:35:50.340133+00:00', '--job-id', '21', '--raw', '--subdir', 'DAGS_FOLDER/dags.py', '--cfg-path', '/tmp/tmpqmbvxhyu']
[2025-05-18T09:35:53.115+0000] {standard_task_runner.py:91} INFO - Job 21: Subtask crawl_cong-nghe
[2025-05-18T09:35:53.163+0000] {task_command.py:426} INFO - Running <TaskInstance: vietnamnet_crawler_24h.crawl_cong-nghe manual__2025-05-18T09:35:50.340133+00:00 [running]> on host 4a3ee431a987
[2025-05-18T09:35:53.264+0000] {taskinstance.py:2648} INFO - Exporting env vars: AIRFLOW_CTX_DAG_OWNER='***' AIRFLOW_CTX_DAG_ID='vietnamnet_crawler_24h' AIRFLOW_CTX_TASK_ID='crawl_cong-nghe' AIRFLOW_CTX_EXECUTION_DATE='2025-05-18T09:35:50.340133+00:00' AIRFLOW_CTX_TRY_NUMBER='1' AIRFLOW_CTX_DAG_RUN_ID='manual__2025-05-18T09:35:50.340133+00:00'
[2025-05-18T09:35:53.267+0000] {taskinstance.py:430} INFO - ::endgroup::
[2025-05-18T09:35:53.546+0000] {crawler.py:55} INFO - Đã kết nối thành công với MongoDB: News
[2025-05-18T09:35:54.381+0000] {logging_mixin.py:188} INFO - [INIT].... → Crawl4AI 0.6.3
[2025-05-18T09:35:58.323+0000] {logging_mixin.py:188} INFO - [FETCH]... ↓ https://vietnamnet.vn/tin-tuc-24h?bydaterang=&cate=00MK8V          
| ✓ | ⏱: 3.85s
[2025-05-18T09:35:58.583+0000] {logging_mixin.py:188} INFO - [SCRAPE].. ◆ https://vietnamnet.vn/tin-tuc-24h?bydaterang=&cate=00MK8V          
| ✓ | ⏱: 0.26s
[2025-05-18T09:35:58.586+0000] {logging_mixin.py:188} INFO - [COMPLETE] ● https://vietnamnet.vn/tin-tuc-24h?bydaterang=&cate=00MK8V          
| ✓ | ⏱: 4.11s
[2025-05-18T09:35:58.856+0000] {crawler.py:85} INFO - Tìm thấy 25 link bài viết cho danh mục cong-nghe
[2025-05-18T09:35:59.469+0000] {crawler.py:110} INFO - Đã lọc: 25 URLs ban đầu -> 2 URLs sau xử lý live
[2025-05-18T09:35:59.469+0000] {crawler.py:255} INFO - Đang crawl 2 bài viết mới từ danh mục cong-nghe...
[2025-05-18T09:35:59.470+0000] {crawler.py:258} INFO - --> Crawl: https://vietnamnet.vn/xem-robot-hinh-nguoi-trung-quoc-tung-2-cu-dam-sam-set-nhu-vo-su-2402380.html
[2025-05-18T09:36:00.106+0000] {logging_mixin.py:188} INFO - [INIT].... → Crawl4AI 0.6.3
[2025-05-18T09:36:04.239+0000] {logging_mixin.py:188} INFO - [FETCH]... ↓ 
https://vietnamnet.vn/xem-robot-hinh-nguoi-trung-quoc-tung-2-cu-dam-sam-set-nhu-
vo-su-2402380.html   | ✓ | ⏱: 4.05s
[2025-05-18T09:36:04.562+0000] {logging_mixin.py:188} INFO - [SCRAPE].. ◆ 
https://vietnamnet.vn/xem-robot-hinh-nguoi-trung-quoc-tung-2-cu-dam-sam-set-nhu-
vo-su-2402380.html   | ✓ | ⏱: 0.32s
[2025-05-18T09:36:04.567+0000] {logging_mixin.py:188} INFO - [COMPLETE] ● 
https://vietnamnet.vn/xem-robot-hinh-nguoi-trung-quoc-tung-2-cu-dam-sam-set-nhu-
vo-su-2402380.html   | ✓ | ⏱: 4.38s
[2025-05-18T09:36:05.009+0000] {crawler.py:262} INFO -     ✓ Xem robot hình người Trung Quốc tung 2 cú đấm sấm sét như võ...

[2025-05-18T09:36:05.010+0000] {crawler.py:258} INFO - --> Crawl: https://vietnamnet.vn/lap-trung-tam-de-nghien-cuu-kinh-te-so-quan-tri-chuyen-doi-thong-minh-2402362.html
[2025-05-18T09:36:05.712+0000] {logging_mixin.py:188} INFO - [INIT].... → Crawl4AI 0.6.3
[2025-05-18T09:36:09.737+0000] {logging_mixin.py:188} INFO - [FETCH]... ↓ 
https://vietnamnet.vn/lap-trung-tam-de-nghien-cu...e-so-quan-tri-chuyen-doi-thon
g-minh-2402362.html  | ✓ | ⏱: 3.94s
[2025-05-18T09:36:10.071+0000] {logging_mixin.py:188} INFO - [SCRAPE].. ◆ 
https://vietnamnet.vn/lap-trung-tam-de-nghien-cu...e-so-quan-tri-chuyen-doi-thon
g-minh-2402362.html  | ✓ | ⏱: 0.33s
[2025-05-18T09:36:10.073+0000] {logging_mixin.py:188} INFO - [COMPLETE] ● 
https://vietnamnet.vn/lap-trung-tam-de-nghien-cu...e-so-quan-tri-chuyen-doi-thon
g-minh-2402362.html  | ✓ | ⏱: 4.28s
[2025-05-18T09:36:10.534+0000] {crawler.py:262} INFO -     ✓ Lập trung tâm để nghiên cứu kinh tế số, quản trị chuyển đổi ...

[2025-05-18T09:36:10.535+0000] {crawler.py:265} INFO - ⏱️  Tổng thời gian crawl: 16.99 giây
[2025-05-18T09:36:10.667+0000] {crawler.py:292} INFO - Đã lưu 2 bài viết vào collection 'cong-nghe'
[2025-05-18T09:36:10.729+0000] {python.py:237} INFO - Done. Returned value was: None
[2025-05-18T09:36:10.730+0000] {taskinstance.py:441} INFO - ::group::Post task execution logs
[2025-05-18T09:36:10.740+0000] {taskinstance.py:1206} INFO - Marking task as SUCCESS. dag_id=vietnamnet_crawler_24h, task_id=crawl_cong-nghe, run_id=manual__2025-05-18T09:35:50.340133+00:00, execution_date=20250518T093550, start_date=20250518T093553, end_date=20250518T093610
[2025-05-18T09:36:10.795+0000] {local_task_job_runner.py:240} INFO - Task exited with return code 0
[2025-05-18T09:36:10.821+0000] {taskinstance.py:3503} INFO - 1 downstream tasks scheduled from follow-on schedule check
[2025-05-18T09:36:10.825+0000] {local_task_job_runner.py:222} INFO - ::endgroup::
