[2025-05-17T21:00:07.810+0000] {local_task_job_runner.py:120} INFO - ::group::Pre task execution logs
[2025-05-17T21:00:07.835+0000] {taskinstance.py:2076} INFO - Dependencies all met for dep_context=non-requeueable deps ti=<TaskInstance: vietnamnet_crawler_24h.crawl_chinh-tri scheduled__2025-05-17T20:30:00+00:00 [queued]>
[2025-05-17T21:00:07.847+0000] {taskinstance.py:2076} INFO - Dependencies all met for dep_context=requeueable deps ti=<TaskInstance: vietnamnet_crawler_24h.crawl_chinh-tri scheduled__2025-05-17T20:30:00+00:00 [queued]>
[2025-05-17T21:00:07.847+0000] {taskinstance.py:2306} INFO - Starting attempt 1 of 2
[2025-05-17T21:00:07.865+0000] {taskinstance.py:2330} INFO - Executing <Task(PythonOperator): crawl_chinh-tri> on 2025-05-17 20:30:00+00:00
[2025-05-17T21:00:07.872+0000] {warnings.py:112} WARNING - /home/***/.local/lib/python3.12/site-packages/***/task/task_runner/standard_task_runner.py:61: DeprecationWarning: This process (pid=16192) is multi-threaded, use of fork() may lead to deadlocks in the child.
  pid = os.fork()

[2025-05-17T21:00:07.873+0000] {standard_task_runner.py:63} INFO - Started process 16196 to run task
[2025-05-17T21:00:07.875+0000] {standard_task_runner.py:90} INFO - Running: ['***', 'tasks', 'run', 'vietnamnet_crawler_24h', 'crawl_chinh-tri', 'scheduled__2025-05-17T20:30:00+00:00', '--job-id', '221', '--raw', '--subdir', 'DAGS_FOLDER/dags.py', '--cfg-path', '/tmp/tmpfk25w1kr']
[2025-05-17T21:00:07.878+0000] {standard_task_runner.py:91} INFO - Job 221: Subtask crawl_chinh-tri
[2025-05-17T21:00:07.926+0000] {task_command.py:426} INFO - Running <TaskInstance: vietnamnet_crawler_24h.crawl_chinh-tri scheduled__2025-05-17T20:30:00+00:00 [running]> on host 60d771d880eb
[2025-05-17T21:00:08.043+0000] {taskinstance.py:2648} INFO - Exporting env vars: AIRFLOW_CTX_DAG_OWNER='***' AIRFLOW_CTX_DAG_ID='vietnamnet_crawler_24h' AIRFLOW_CTX_TASK_ID='crawl_chinh-tri' AIRFLOW_CTX_EXECUTION_DATE='2025-05-17T20:30:00+00:00' AIRFLOW_CTX_TRY_NUMBER='1' AIRFLOW_CTX_DAG_RUN_ID='scheduled__2025-05-17T20:30:00+00:00'
[2025-05-17T21:00:08.045+0000] {taskinstance.py:430} INFO - ::endgroup::
[2025-05-17T21:00:08.290+0000] {crawler.py:55} INFO - Đã kết nối thành công với MongoDB: News
[2025-05-17T21:00:09.089+0000] {logging_mixin.py:188} INFO - [INIT].... → Crawl4AI 0.6.2
[2025-05-17T21:00:12.532+0000] {logging_mixin.py:188} INFO - [FETCH]... ↓ https://vietnamnet.vn/tin-tuc-24h?bydaterang=&cate=000001                                            | 
[2025-05-17T21:00:12.533+0000] {logging_mixin.py:188} INFO - ✓
[2025-05-17T21:00:12.534+0000] {logging_mixin.py:188} INFO -  | ⏱: 3.36s
[2025-05-17T21:00:12.813+0000] {logging_mixin.py:188} INFO - [SCRAPE].. ◆ https://vietnamnet.vn/tin-tuc-24h?bydaterang=&cate=000001                                            | 
[2025-05-17T21:00:12.814+0000] {logging_mixin.py:188} INFO - ✓
[2025-05-17T21:00:12.815+0000] {logging_mixin.py:188} INFO -  | ⏱: 0.28s
[2025-05-17T21:00:12.817+0000] {logging_mixin.py:188} INFO - [COMPLETE] ● https://vietnamnet.vn/tin-tuc-24h?bydaterang=&cate=000001                                            | 
[2025-05-17T21:00:12.817+0000] {logging_mixin.py:188} INFO - ✓
[2025-05-17T21:00:12.818+0000] {logging_mixin.py:188} INFO -  | ⏱: 3.64s
[2025-05-17T21:00:13.220+0000] {crawler.py:85} INFO - Tìm thấy 25 link bài viết cho danh mục chinh-tri
[2025-05-17T21:00:13.801+0000] {crawler.py:110} INFO - Đã lọc: 25 URLs ban đầu -> 0 URLs sau xử lý live
[2025-05-17T21:00:13.802+0000] {crawler.py:252} INFO - Không có bài viết mới nào trong danh mục chinh-tri cần crawl.
[2025-05-17T21:00:13.869+0000] {crawler.py:294} INFO - Không có bài viết để lưu vào collection 'chinh-tri'
[2025-05-17T21:00:13.931+0000] {python.py:237} INFO - Done. Returned value was: None
[2025-05-17T21:00:13.932+0000] {taskinstance.py:441} INFO - ::group::Post task execution logs
[2025-05-17T21:00:13.947+0000] {taskinstance.py:1206} INFO - Marking task as SUCCESS. dag_id=vietnamnet_crawler_24h, task_id=crawl_chinh-tri, run_id=scheduled__2025-05-17T20:30:00+00:00, execution_date=20250517T203000, start_date=20250517T210007, end_date=20250517T210013
[2025-05-17T21:00:13.988+0000] {local_task_job_runner.py:240} INFO - Task exited with return code 0
[2025-05-17T21:00:14.038+0000] {taskinstance.py:3503} INFO - 1 downstream tasks scheduled from follow-on schedule check
[2025-05-17T21:00:14.041+0000] {local_task_job_runner.py:222} INFO - ::endgroup::
