[2025-05-03T16:56:55.663+0000] {local_task_job_runner.py:120} INFO - ::group::Pre task execution logs
[2025-05-03T16:56:55.685+0000] {taskinstance.py:2076} INFO - Dependencies all met for dep_context=non-requeueable deps ti=<TaskInstance: vietnamnet_multi_category_crawler.crawl_doi-song manual__2025-05-03T16:54:46.316743+00:00 [queued]>
[2025-05-03T16:56:55.694+0000] {taskinstance.py:2076} INFO - Dependencies all met for dep_context=requeueable deps ti=<TaskInstance: vietnamnet_multi_category_crawler.crawl_doi-song manual__2025-05-03T16:54:46.316743+00:00 [queued]>
[2025-05-03T16:56:55.694+0000] {taskinstance.py:2306} INFO - Starting attempt 1 of 2
[2025-05-03T16:56:55.712+0000] {taskinstance.py:2330} INFO - Executing <Task(PythonOperator): crawl_doi-song> on 2025-05-03 16:54:46.316743+00:00
[2025-05-03T16:56:55.717+0000] {warnings.py:112} WARNING - /home/***/.local/lib/python3.12/site-packages/***/task/task_runner/standard_task_runner.py:61: DeprecationWarning: This process (pid=8596) is multi-threaded, use of fork() may lead to deadlocks in the child.
  pid = os.fork()

[2025-05-03T16:56:55.719+0000] {standard_task_runner.py:63} INFO - Started process 8598 to run task
[2025-05-03T16:56:55.719+0000] {standard_task_runner.py:90} INFO - Running: ['***', 'tasks', 'run', 'vietnamnet_multi_category_crawler', 'crawl_doi-song', 'manual__2025-05-03T16:54:46.316743+00:00', '--job-id', '12', '--raw', '--subdir', 'DAGS_FOLDER/dags.py', '--cfg-path', '/tmp/tmp7b24_iev']
[2025-05-03T16:56:55.722+0000] {standard_task_runner.py:91} INFO - Job 12: Subtask crawl_doi-song
[2025-05-03T16:56:55.766+0000] {task_command.py:426} INFO - Running <TaskInstance: vietnamnet_multi_category_crawler.crawl_doi-song manual__2025-05-03T16:54:46.316743+00:00 [running]> on host 3ca514faf7bb
[2025-05-03T16:56:55.846+0000] {taskinstance.py:2648} INFO - Exporting env vars: AIRFLOW_CTX_DAG_OWNER='***' AIRFLOW_CTX_DAG_ID='vietnamnet_multi_category_crawler' AIRFLOW_CTX_TASK_ID='crawl_doi-song' AIRFLOW_CTX_EXECUTION_DATE='2025-05-03T16:54:46.316743+00:00' AIRFLOW_CTX_TRY_NUMBER='1' AIRFLOW_CTX_DAG_RUN_ID='manual__2025-05-03T16:54:46.316743+00:00'
[2025-05-03T16:56:55.848+0000] {taskinstance.py:430} INFO - ::endgroup::
[2025-05-03T16:56:56.665+0000] {logging_mixin.py:188} INFO - [INIT].... → Crawl4AI 0.6.2
[2025-05-03T16:56:59.895+0000] {logging_mixin.py:188} INFO - [FETCH]... ↓ https://vietnamnet.vn/doi-song                                                                       | 
[2025-05-03T16:56:59.897+0000] {logging_mixin.py:188} INFO - ✓
[2025-05-03T16:56:59.898+0000] {logging_mixin.py:188} INFO -  | ⏱: 3.17s
[2025-05-03T16:57:00.242+0000] {logging_mixin.py:188} INFO - [SCRAPE].. ◆ https://vietnamnet.vn/doi-song                                                                       | 
[2025-05-03T16:57:00.243+0000] {logging_mixin.py:188} INFO - ✓
[2025-05-03T16:57:00.243+0000] {logging_mixin.py:188} INFO -  | ⏱: 0.34s
[2025-05-03T16:57:00.244+0000] {logging_mixin.py:188} INFO - [COMPLETE] ● https://vietnamnet.vn/doi-song                                                                       | 
[2025-05-03T16:57:00.245+0000] {logging_mixin.py:188} INFO - ✓
[2025-05-03T16:57:00.245+0000] {logging_mixin.py:188} INFO -  | ⏱: 3.52s
[2025-05-03T16:57:00.365+0000] {logging_mixin.py:188} INFO - Tìm thấy 63 link bài viết
[2025-05-03T16:57:00.551+0000] {logging_mixin.py:188} INFO - Đang crawl 5 bài viết từ danh mục doi-song...
[2025-05-03T16:57:00.552+0000] {logging_mixin.py:188} INFO - --> Crawl: https://vietnamnet.vn/da-mat-canh-nguoi-mien-tay-tat-dia-bat-ca-loc-khung-nuong-trui-thom-lung-2396942.html
[2025-05-03T16:57:01.284+0000] {logging_mixin.py:188} INFO - [INIT].... → Crawl4AI 0.6.2
[2025-05-03T16:57:05.151+0000] {logging_mixin.py:188} INFO - [FETCH]... ↓ https://vietnamnet.vn/da-mat-canh-nguoi-mien-tay...t-ca-loc-khung-nuong-trui-thom-lung-2396942.html  | 
[2025-05-03T16:57:05.152+0000] {logging_mixin.py:188} INFO - ✓
[2025-05-03T16:57:05.153+0000] {logging_mixin.py:188} INFO -  | ⏱: 3.77s
[2025-05-03T16:57:05.446+0000] {logging_mixin.py:188} INFO - [SCRAPE].. ◆ https://vietnamnet.vn/da-mat-canh-nguoi-mien-tay...t-ca-loc-khung-nuong-trui-thom-lung-2396942.html  | 
[2025-05-03T16:57:05.447+0000] {logging_mixin.py:188} INFO - ✓
[2025-05-03T16:57:05.447+0000] {logging_mixin.py:188} INFO -  | ⏱: 0.29s
[2025-05-03T16:57:05.448+0000] {logging_mixin.py:188} INFO - [COMPLETE] ● https://vietnamnet.vn/da-mat-canh-nguoi-mien-tay...t-ca-loc-khung-nuong-trui-thom-lung-2396942.html  | 
[2025-05-03T16:57:05.449+0000] {logging_mixin.py:188} INFO - ✓
[2025-05-03T16:57:05.449+0000] {logging_mixin.py:188} INFO -  | ⏱: 4.07s
[2025-05-03T16:57:05.923+0000] {logging_mixin.py:188} INFO -     ✓ Đã mắt cảnh người miền Tây tát đìa bắt cá lóc 'khủng', nướng...
[2025-05-03T16:57:05.924+0000] {logging_mixin.py:188} INFO - --> Crawl: https://vietnamnet.vn/doc-het-tai-san-cho-vo-lap-nghiep-luc-ly-hon-chong-lam-canh-trang-tay-2392831.html
[2025-05-03T16:57:06.700+0000] {logging_mixin.py:188} INFO - [INIT].... → Crawl4AI 0.6.2
[2025-05-03T16:57:10.832+0000] {logging_mixin.py:188} INFO - [FETCH]... ↓ https://vietnamnet.vn/doc-het-tai-san-cho-vo-lap...luc-ly-hon-chong-lam-canh-trang-tay-2392831.html  | 
[2025-05-03T16:57:10.833+0000] {logging_mixin.py:188} INFO - ✓
[2025-05-03T16:57:10.833+0000] {logging_mixin.py:188} INFO -  | ⏱: 4.06s
[2025-05-03T16:57:11.075+0000] {logging_mixin.py:188} INFO - [SCRAPE].. ◆ https://vietnamnet.vn/doc-het-tai-san-cho-vo-lap...luc-ly-hon-chong-lam-canh-trang-tay-2392831.html  | 
[2025-05-03T16:57:11.076+0000] {logging_mixin.py:188} INFO - ✓
[2025-05-03T16:57:11.077+0000] {logging_mixin.py:188} INFO -  | ⏱: 0.24s
[2025-05-03T16:57:11.078+0000] {logging_mixin.py:188} INFO - [COMPLETE] ● https://vietnamnet.vn/doc-het-tai-san-cho-vo-lap...luc-ly-hon-chong-lam-canh-trang-tay-2392831.html  | 
[2025-05-03T16:57:11.078+0000] {logging_mixin.py:188} INFO - ✓
[2025-05-03T16:57:11.079+0000] {logging_mixin.py:188} INFO -  | ⏱: 4.31s
[2025-05-03T16:57:11.521+0000] {logging_mixin.py:188} INFO -     ✓ Dốc hết tài sản cho vợ lập nghiệp, lúc ly hôn, chồng lâm cản...
[2025-05-03T16:57:11.522+0000] {logging_mixin.py:188} INFO - --> Crawl: https://vietnamnet.vn/me-bo-di-bo-doi-xu-te-co-gai-soc-khi-xem-ket-qua-xet-nghiem-adn-2396101.html
[2025-05-03T16:57:12.179+0000] {logging_mixin.py:188} INFO - [INIT].... → Crawl4AI 0.6.2
[2025-05-03T16:57:16.468+0000] {logging_mixin.py:188} INFO - [FETCH]... ↓ https://vietnamnet.vn/me-bo-di-bo-doi-xu-te-co-gai-soc-khi-xem-ket-qua-xet-nghiem-adn-2396101.html   | 
[2025-05-03T16:57:16.469+0000] {logging_mixin.py:188} INFO - ✓
[2025-05-03T16:57:16.469+0000] {logging_mixin.py:188} INFO -  | ⏱: 4.22s
[2025-05-03T16:57:16.697+0000] {logging_mixin.py:188} INFO - [SCRAPE].. ◆ https://vietnamnet.vn/me-bo-di-bo-doi-xu-te-co-gai-soc-khi-xem-ket-qua-xet-nghiem-adn-2396101.html   | 
[2025-05-03T16:57:16.698+0000] {logging_mixin.py:188} INFO - ✓
[2025-05-03T16:57:16.698+0000] {logging_mixin.py:188} INFO -  | ⏱: 0.23s
[2025-05-03T16:57:16.700+0000] {logging_mixin.py:188} INFO - [COMPLETE] ● https://vietnamnet.vn/me-bo-di-bo-doi-xu-te-co-gai-soc-khi-xem-ket-qua-xet-nghiem-adn-2396101.html   | 
[2025-05-03T16:57:16.700+0000] {logging_mixin.py:188} INFO - ✓
[2025-05-03T16:57:16.701+0000] {logging_mixin.py:188} INFO -  | ⏱: 4.45s
[2025-05-03T16:57:17.256+0000] {logging_mixin.py:188} INFO -     ✓ Mẹ bỏ đi, bố đối xử tệ, cô gái sốc khi xem kết quả xét nghiệ...
[2025-05-03T16:57:17.257+0000] {logging_mixin.py:188} INFO - --> Crawl: https://vietnamnet.vn/lam-ra-mon-moi-la-tu-loai-qua-quen-thuoc-chang-trai-mien-tay-thu-tien-ty-2396836.html
[2025-05-03T16:57:18.142+0000] {logging_mixin.py:188} INFO - [INIT].... → Crawl4AI 0.6.2
[2025-05-03T16:57:22.461+0000] {logging_mixin.py:188} INFO - [FETCH]... ↓ https://vietnamnet.vn/lam-ra-mon-moi-la-tu-loai-...uoc-chang-trai-mien-tay-thu-tien-ty-2396836.html  | 
[2025-05-03T16:57:22.462+0000] {logging_mixin.py:188} INFO - ✓
[2025-05-03T16:57:22.463+0000] {logging_mixin.py:188} INFO -  | ⏱: 4.22s
[2025-05-03T16:57:22.698+0000] {logging_mixin.py:188} INFO - [SCRAPE].. ◆ https://vietnamnet.vn/lam-ra-mon-moi-la-tu-loai-...uoc-chang-trai-mien-tay-thu-tien-ty-2396836.html  | 
[2025-05-03T16:57:22.699+0000] {logging_mixin.py:188} INFO - ✓
[2025-05-03T16:57:22.700+0000] {logging_mixin.py:188} INFO -  | ⏱: 0.24s
[2025-05-03T16:57:22.701+0000] {logging_mixin.py:188} INFO - [COMPLETE] ● https://vietnamnet.vn/lam-ra-mon-moi-la-tu-loai-...uoc-chang-trai-mien-tay-thu-tien-ty-2396836.html  | 
[2025-05-03T16:57:22.701+0000] {logging_mixin.py:188} INFO - ✓
[2025-05-03T16:57:22.702+0000] {logging_mixin.py:188} INFO -  | ⏱: 4.46s
[2025-05-03T16:57:23.211+0000] {logging_mixin.py:188} INFO -     ✓ Làm ra món 'mới lạ' từ loại quả quen thuộc, chàng trai miền ...
[2025-05-03T16:57:23.211+0000] {logging_mixin.py:188} INFO - --> Crawl: https://vietnamnet.vn/chuyen-bay-vietjet-chao-don-nhung-nguoi-viet-nen-lich-su-2397317.html
[2025-05-03T16:57:23.883+0000] {logging_mixin.py:188} INFO - [INIT].... → Crawl4AI 0.6.2
[2025-05-03T16:57:27.951+0000] {logging_mixin.py:188} INFO - [FETCH]... ↓ https://vietnamnet.vn/chuyen-bay-vietjet-chao-don-nhung-nguoi-viet-nen-lich-su-2397317.html          | 
[2025-05-03T16:57:27.952+0000] {logging_mixin.py:188} INFO - ✓
[2025-05-03T16:57:27.953+0000] {logging_mixin.py:188} INFO -  | ⏱: 3.96s
[2025-05-03T16:57:28.404+0000] {logging_mixin.py:188} INFO - [SCRAPE].. ◆ https://vietnamnet.vn/chuyen-bay-vietjet-chao-don-nhung-nguoi-viet-nen-lich-su-2397317.html          | 
[2025-05-03T16:57:28.404+0000] {logging_mixin.py:188} INFO - ✓
[2025-05-03T16:57:28.405+0000] {logging_mixin.py:188} INFO -  | ⏱: 0.45s
[2025-05-03T16:57:28.406+0000] {logging_mixin.py:188} INFO - [COMPLETE] ● https://vietnamnet.vn/chuyen-bay-vietjet-chao-don-nhung-nguoi-viet-nen-lich-su-2397317.html          | 
[2025-05-03T16:57:28.407+0000] {logging_mixin.py:188} INFO - ✓
[2025-05-03T16:57:28.407+0000] {logging_mixin.py:188} INFO -  | ⏱: 4.42s
[2025-05-03T16:57:29.597+0000] {logging_mixin.py:188} INFO -     ✓ Chuyến bay Vietjet chào đón những người viết nên lịch sử...
[2025-05-03T16:57:29.598+0000] {logging_mixin.py:188} INFO - ⏱️  Tổng thời gian crawl: 33.74 giây
[2025-05-03T16:57:30.611+0000] {logging_mixin.py:188} INFO - Đã lưu 5 bài viết vào collection 'doi-song'
[2025-05-03T16:57:30.671+0000] {python.py:237} INFO - Done. Returned value was: None
[2025-05-03T16:57:30.672+0000] {taskinstance.py:441} INFO - ::group::Post task execution logs
[2025-05-03T16:57:30.679+0000] {taskinstance.py:1206} INFO - Marking task as SUCCESS. dag_id=vietnamnet_multi_category_crawler, task_id=crawl_doi-song, run_id=manual__2025-05-03T16:54:46.316743+00:00, execution_date=20250503T165446, start_date=20250503T165655, end_date=20250503T165730
[2025-05-03T16:57:30.759+0000] {local_task_job_runner.py:240} INFO - Task exited with return code 0
[2025-05-03T16:57:30.771+0000] {taskinstance.py:3503} INFO - 0 downstream tasks scheduled from follow-on schedule check
[2025-05-03T16:57:30.793+0000] {local_task_job_runner.py:222} INFO - ::endgroup::
