[2025-05-15T10:23:52.605+0000] {local_task_job_runner.py:120} INFO - ::group::Pre task execution logs
[2025-05-15T10:23:52.633+0000] {taskinstance.py:2076} INFO - Dependencies all met for dep_context=non-requeueable deps ti=<TaskInstance: vietnamnet_crawler_24h.clean_old_articles manual__2025-05-15T10:23:48.877890+00:00 [queued]>
[2025-05-15T10:23:52.642+0000] {taskinstance.py:2076} INFO - Dependencies all met for dep_context=requeueable deps ti=<TaskInstance: vietnamnet_crawler_24h.clean_old_articles manual__2025-05-15T10:23:48.877890+00:00 [queued]>
[2025-05-15T10:23:52.643+0000] {taskinstance.py:2306} INFO - Starting attempt 1 of 2
[2025-05-15T10:23:52.658+0000] {taskinstance.py:2330} INFO - Executing <Task(PythonOperator): clean_old_articles> on 2025-05-15 10:23:48.877890+00:00
[2025-05-15T10:23:52.664+0000] {warnings.py:112} WARNING - /home/***/.local/lib/python3.12/site-packages/***/task/task_runner/standard_task_runner.py:61: DeprecationWarning: This process (pid=3370) is multi-threaded, use of fork() may lead to deadlocks in the child.
  pid = os.fork()

[2025-05-15T10:23:52.666+0000] {standard_task_runner.py:63} INFO - Started process 3374 to run task
[2025-05-15T10:23:52.667+0000] {standard_task_runner.py:90} INFO - Running: ['***', 'tasks', 'run', 'vietnamnet_crawler_24h', 'clean_old_articles', 'manual__2025-05-15T10:23:48.877890+00:00', '--job-id', '5', '--raw', '--subdir', 'DAGS_FOLDER/dags.py', '--cfg-path', '/tmp/tmp24dkn390']
[2025-05-15T10:23:52.670+0000] {standard_task_runner.py:91} INFO - Job 5: Subtask clean_old_articles
[2025-05-15T10:23:52.722+0000] {task_command.py:426} INFO - Running <TaskInstance: vietnamnet_crawler_24h.clean_old_articles manual__2025-05-15T10:23:48.877890+00:00 [running]> on host 45f6bdc6b965
[2025-05-15T10:23:52.814+0000] {taskinstance.py:2648} INFO - Exporting env vars: AIRFLOW_CTX_DAG_OWNER='***' AIRFLOW_CTX_DAG_ID='vietnamnet_crawler_24h' AIRFLOW_CTX_TASK_ID='clean_old_articles' AIRFLOW_CTX_EXECUTION_DATE='2025-05-15T10:23:48.877890+00:00' AIRFLOW_CTX_TRY_NUMBER='1' AIRFLOW_CTX_DAG_RUN_ID='manual__2025-05-15T10:23:48.877890+00:00'
[2025-05-15T10:23:52.815+0000] {taskinstance.py:430} INFO - ::endgroup::
[2025-05-15T10:23:53.206+0000] {database_cleaner.py:33} INFO - Đã kết nối MongoDB: News
[2025-05-15T10:23:53.207+0000] {database_cleaner.py:102} INFO - Xóa các bài viết trước: 2025-04-14T17:23:53.207450+07:00
[2025-05-15T10:23:54.591+0000] {database_cleaner.py:125} INFO - Collection 'cong-nghe': 0 bài bị xóa
[2025-05-15T10:23:54.889+0000] {database_cleaner.py:125} INFO - Collection 'the-gioi': 0 bài bị xóa
[2025-05-15T10:23:55.589+0000] {database_cleaner.py:125} INFO - Collection 'chinh-tri': 2 bài bị xóa
[2025-05-15T10:23:55.767+0000] {database_cleaner.py:125} INFO - Collection 'phap-luat': 0 bài bị xóa
[2025-05-15T10:23:56.115+0000] {database_cleaner.py:125} INFO - Collection 'doi-song': 2 bài bị xóa
[2025-05-15T10:23:56.480+0000] {database_cleaner.py:125} INFO - Collection 'giao-duc': 2 bài bị xóa
[2025-05-15T10:23:56.545+0000] {database_cleaner.py:42} INFO - Đã đóng kết nối MongoDB
[2025-05-15T10:23:56.550+0000] {database_cleaner.py:142} INFO - Đã xóa tổng cộng 6 bài, còn lại 1670
[2025-05-15T10:23:56.553+0000] {python.py:237} INFO - Done. Returned value was: {'cong-nghe': {'total': 136, 'deleted': 0, 'remaining': 136}, 'the-gioi': {'total': 364, 'deleted': 0, 'remaining': 364}, 'chinh-tri': {'total': 499, 'deleted': 2, 'remaining': 497}, 'phap-luat': {'total': 168, 'deleted': 0, 'remaining': 168}, 'doi-song': {'total': 246, 'deleted': 2, 'remaining': 244}, 'giao-duc': {'total': 263, 'deleted': 2, 'remaining': 261}}
[2025-05-15T10:23:56.558+0000] {taskinstance.py:441} INFO - ::group::Post task execution logs
[2025-05-15T10:23:56.614+0000] {taskinstance.py:1206} INFO - Marking task as SUCCESS. dag_id=vietnamnet_crawler_24h, task_id=clean_old_articles, run_id=manual__2025-05-15T10:23:48.877890+00:00, execution_date=20250515T102348, start_date=20250515T102352, end_date=20250515T102356
[2025-05-15T10:23:56.689+0000] {local_task_job_runner.py:240} INFO - Task exited with return code 0
[2025-05-15T10:23:56.736+0000] {taskinstance.py:3503} INFO - 1 downstream tasks scheduled from follow-on schedule check
[2025-05-15T10:23:56.740+0000] {local_task_job_runner.py:222} INFO - ::endgroup::
