[2025-05-15T10:28:01.667+0000] {local_task_job_runner.py:120} INFO - ::group::Pre task execution logs
[2025-05-15T10:28:01.707+0000] {taskinstance.py:2076} INFO - Dependencies all met for dep_context=non-requeueable deps ti=<TaskInstance: vietnamnet_crawler_24h.crawl_doi-song manual__2025-05-15T08:49:42.688674+00:00 [queued]>
[2025-05-15T10:28:01.724+0000] {taskinstance.py:2076} INFO - Dependencies all met for dep_context=requeueable deps ti=<TaskInstance: vietnamnet_crawler_24h.crawl_doi-song manual__2025-05-15T08:49:42.688674+00:00 [queued]>
[2025-05-15T10:28:01.725+0000] {taskinstance.py:2306} INFO - Starting attempt 1 of 2
[2025-05-15T10:28:01.757+0000] {taskinstance.py:2330} INFO - Executing <Task(PythonOperator): crawl_doi-song> on 2025-05-15 08:49:42.688674+00:00
[2025-05-15T10:28:01.770+0000] {warnings.py:112} WARNING - /home/***/.local/lib/python3.12/site-packages/***/task/task_runner/standard_task_runner.py:61: DeprecationWarning: This process (pid=6362) is multi-threaded, use of fork() may lead to deadlocks in the child.
  pid = os.fork()

[2025-05-15T10:28:01.774+0000] {standard_task_runner.py:63} INFO - Started process 6447 to run task
[2025-05-15T10:28:01.782+0000] {standard_task_runner.py:90} INFO - Running: ['***', 'tasks', 'run', 'vietnamnet_crawler_24h', 'crawl_doi-song', 'manual__2025-05-15T08:49:42.688674+00:00', '--job-id', '31', '--raw', '--subdir', 'DAGS_FOLDER/dags.py', '--cfg-path', '/tmp/tmpzbin92gt']
[2025-05-15T10:28:01.786+0000] {standard_task_runner.py:91} INFO - Job 31: Subtask crawl_doi-song
[2025-05-15T10:28:01.864+0000] {task_command.py:426} INFO - Running <TaskInstance: vietnamnet_crawler_24h.crawl_doi-song manual__2025-05-15T08:49:42.688674+00:00 [running]> on host 45f6bdc6b965
[2025-05-15T10:28:02.040+0000] {taskinstance.py:2648} INFO - Exporting env vars: AIRFLOW_CTX_DAG_OWNER='***' AIRFLOW_CTX_DAG_ID='vietnamnet_crawler_24h' AIRFLOW_CTX_TASK_ID='crawl_doi-song' AIRFLOW_CTX_EXECUTION_DATE='2025-05-15T08:49:42.688674+00:00' AIRFLOW_CTX_TRY_NUMBER='1' AIRFLOW_CTX_DAG_RUN_ID='manual__2025-05-15T08:49:42.688674+00:00'
[2025-05-15T10:28:02.044+0000] {taskinstance.py:430} INFO - ::endgroup::
[2025-05-15T10:28:02.482+0000] {crawler.py:54} INFO - Đã kết nối thành công với MongoDB: News
[2025-05-15T10:28:02.872+0000] {crawler.py:44} INFO - ArticleSummarizer đã được khởi tạo thành công
[2025-05-15T10:28:04.186+0000] {logging_mixin.py:188} INFO - [INIT].... → Crawl4AI 0.6.2
[2025-05-15T10:28:09.817+0000] {logging_mixin.py:188} INFO - [FETCH]... ↓ https://vietnamnet.vn/tin-tuc-24h?bydaterang=&cate=000007                                            | 
[2025-05-15T10:28:09.819+0000] {logging_mixin.py:188} INFO - ✓
[2025-05-15T10:28:09.826+0000] {logging_mixin.py:188} INFO -  | ⏱: 5.46s
[2025-05-15T10:28:10.177+0000] {logging_mixin.py:188} INFO - [SCRAPE].. ◆ https://vietnamnet.vn/tin-tuc-24h?bydaterang=&cate=000007                                            | 
[2025-05-15T10:28:10.178+0000] {logging_mixin.py:188} INFO - ✓
[2025-05-15T10:28:10.179+0000] {logging_mixin.py:188} INFO -  | ⏱: 0.35s
[2025-05-15T10:28:10.181+0000] {logging_mixin.py:188} INFO - [COMPLETE] ● https://vietnamnet.vn/tin-tuc-24h?bydaterang=&cate=000007                                            | 
[2025-05-15T10:28:10.182+0000] {logging_mixin.py:188} INFO - ✓
[2025-05-15T10:28:10.183+0000] {logging_mixin.py:188} INFO -  | ⏱: 5.82s
[2025-05-15T10:28:10.619+0000] {crawler.py:84} INFO - Tìm thấy 25 link bài viết cho danh mục doi-song
[2025-05-15T10:28:12.911+0000] {crawler.py:103} INFO - Đã lọc: 25 URLs ban đầu -> 0 URLs mới
[2025-05-15T10:28:12.911+0000] {crawler.py:222} INFO - Không có bài viết mới nào trong danh mục doi-song cần crawl.
[2025-05-15T10:28:12.912+0000] {crawler.py:257} INFO - Không có bài viết để lưu vào collection 'doi-song'
[2025-05-15T10:28:12.980+0000] {python.py:237} INFO - Done. Returned value was: None
[2025-05-15T10:28:12.980+0000] {taskinstance.py:441} INFO - ::group::Post task execution logs
[2025-05-15T10:28:12.992+0000] {taskinstance.py:1206} INFO - Marking task as SUCCESS. dag_id=vietnamnet_crawler_24h, task_id=crawl_doi-song, run_id=manual__2025-05-15T08:49:42.688674+00:00, execution_date=20250515T084942, start_date=20250515T102801, end_date=20250515T102812
[2025-05-15T10:28:13.049+0000] {local_task_job_runner.py:240} INFO - Task exited with return code 0
[2025-05-15T10:28:13.063+0000] {local_task_job_runner.py:222} INFO - ::endgroup::
