[2025-06-22T10:00:06.425+0000] {local_task_job_runner.py:120} INFO - ::group::Pre task execution logs
[2025-06-22T10:00:06.440+0000] {taskinstance.py:2076} INFO - Dependencies all met for dep_context=non-requeueable deps ti=<TaskInstance: deepai_crawler_10min.crawl_hardware scheduled__2025-06-22T09:50:00+00:00 [queued]>
[2025-06-22T10:00:06.449+0000] {taskinstance.py:2076} INFO - Dependencies all met for dep_context=requeueable deps ti=<TaskInstance: deepai_crawler_10min.crawl_hardware scheduled__2025-06-22T09:50:00+00:00 [queued]>
[2025-06-22T10:00:06.450+0000] {taskinstance.py:2306} INFO - Starting attempt 1 of 3
[2025-06-22T10:00:06.463+0000] {taskinstance.py:2330} INFO - Executing <Task(PythonOperator): crawl_hardware> on 2025-06-22 09:50:00+00:00
[2025-06-22T10:00:06.472+0000] {warnings.py:112} WARNING - /home/***/.local/lib/python3.12/site-packages/***/task/task_runner/standard_task_runner.py:61: DeprecationWarning: This process (pid=17689) is multi-threaded, use of fork() may lead to deadlocks in the child.
  pid = os.fork()

[2025-06-22T10:00:06.474+0000] {standard_task_runner.py:63} INFO - Started process 17707 to run task
[2025-06-22T10:00:06.475+0000] {standard_task_runner.py:90} INFO - Running: ['***', 'tasks', 'run', 'deepai_crawler_10min', 'crawl_hardware', 'scheduled__2025-06-22T09:50:00+00:00', '--job-id', '328', '--raw', '--subdir', 'DAGS_FOLDER/dags.py', '--cfg-path', '/tmp/tmpctzu5l22']
[2025-06-22T10:00:06.478+0000] {standard_task_runner.py:91} INFO - Job 328: Subtask crawl_hardware
[2025-06-22T10:00:06.519+0000] {task_command.py:426} INFO - Running <TaskInstance: deepai_crawler_10min.crawl_hardware scheduled__2025-06-22T09:50:00+00:00 [running]> on host 5471b5a2dbbe
[2025-06-22T10:00:06.613+0000] {taskinstance.py:2648} INFO - Exporting env vars: AIRFLOW_CTX_DAG_OWNER='***' AIRFLOW_CTX_DAG_ID='deepai_crawler_10min' AIRFLOW_CTX_TASK_ID='crawl_hardware' AIRFLOW_CTX_EXECUTION_DATE='2025-06-22T09:50:00+00:00' AIRFLOW_CTX_TRY_NUMBER='1' AIRFLOW_CTX_DAG_RUN_ID='scheduled__2025-06-22T09:50:00+00:00'
[2025-06-22T10:00:06.614+0000] {taskinstance.py:430} INFO - ::endgroup::
[2025-06-22T10:00:06.658+0000] {dags.py:172} INFO - Bắt đầu crawl category: hardware
[2025-06-22T10:00:06.913+0000] {crawler_deeplai.py:51} INFO - Đã kết nối thành công với MongoDB: deeplearning_ai_news
[2025-06-22T10:00:06.938+0000] {crawler_deeplai.py:465} INFO - 🚀 Đang bắt đầu quá trình crawl với Load More...
[2025-06-22T10:00:07.709+0000] {logging_mixin.py:188} INFO - [INIT].... → Crawl4AI 0.6.3
[2025-06-22T10:00:07.710+0000] {crawler_deeplai.py:179} INFO - 🌐 Đang truy cập: https://www.deeplearning.ai/the-batch/tag/hardware/
[2025-06-22T10:00:07.711+0000] {crawler_deeplai.py:180} INFO - ⚙️ Cấu hình: max_articles=100, min_threshold=5, max_clicks=1
[2025-06-22T10:00:11.346+0000] {logging_mixin.py:188} INFO - [FETCH]... ↓ https://www.deeplearning.ai/the-batch/tag/hardware/                
| ✓ | ⏱: 3.63s
[2025-06-22T10:00:11.482+0000] {logging_mixin.py:188} INFO - [SCRAPE].. ◆ https://www.deeplearning.ai/the-batch/tag/hardware/                
| ✓ | ⏱: 0.13s
[2025-06-22T10:00:11.485+0000] {logging_mixin.py:188} INFO - [COMPLETE] ● https://www.deeplearning.ai/the-batch/tag/hardware/                
| ✓ | ⏱: 3.77s
[2025-06-22T10:00:11.486+0000] {crawler_deeplai.py:184} INFO - 📋 JavaScript execution result: {'success': True, 'results': [{'success': True, 'result': {}}]}
[2025-06-22T10:00:11.533+0000] {crawler_deeplai.py:204} INFO - 🎯 Tổng cộng tìm thấy 30 link bài viết unique
[2025-06-22T10:00:11.534+0000] {crawler_deeplai.py:208} INFO - 🔍 Một vài URL đầu tiên:
[2025-06-22T10:00:11.535+0000] {crawler_deeplai.py:210} INFO -   1. https://www.deeplearning.ai/the-batch/ai-creates-an-interactive-minecraft-like-world-in-real-time/
[2025-06-22T10:00:11.535+0000] {crawler_deeplai.py:210} INFO -   2. https://www.deeplearning.ai/the-batch/ai-electricity-demands-spur-an-expansion-of-power-sources/
[2025-06-22T10:00:11.536+0000] {crawler_deeplai.py:210} INFO -   3. https://www.deeplearning.ai/the-batch/all-about-nvidia-gpu-shortage/
[2025-06-22T10:00:11.536+0000] {crawler_deeplai.py:210} INFO -   4. https://www.deeplearning.ai/the-batch/all-about-nvidias-new-blackwell-architecture-and-b200-gpu/
[2025-06-22T10:00:11.537+0000] {crawler_deeplai.py:210} INFO -   5. https://www.deeplearning.ai/the-batch/amazon-google-and-microsoft-bet-on-nuclear-power-to-meet-ai-energy-demands/
[2025-06-22T10:00:11.537+0000] {crawler_deeplai.py:214} INFO - 📊 Sẽ crawl 30 bài viết
[2025-06-22T10:00:12.208+0000] {crawler_deeplai.py:458} INFO - Đã lọc: 30 URLs ban đầu -> 1 URLs mới
[2025-06-22T10:00:12.209+0000] {crawler_deeplai.py:479} INFO - 📝 Đang crawl 1 bài viết mới...
[2025-06-22T10:00:12.209+0000] {crawler_deeplai.py:486} INFO - [1/1] 🔄 Đang crawl: https://www.deeplearning.ai/the-batch/the-international-energy-agency-examines-the-energy-costs-and-potential-savings-of-the-ai-boom/
[2025-06-22T10:00:13.185+0000] {logging_mixin.py:188} INFO - [INIT].... → Crawl4AI 0.6.3
[2025-06-22T10:00:14.913+0000] {logging_mixin.py:188} INFO - [FETCH]... ↓ 
https://www.deeplearning.ai/the-batch/the-intern...ergy-costs-and-potential-savi
ngs-of-the-ai-boom/  | ✓ | ⏱: 1.72s
[2025-06-22T10:00:14.998+0000] {logging_mixin.py:188} INFO - [SCRAPE].. ◆ 
https://www.deeplearning.ai/the-batch/the-intern...ergy-costs-and-potential-savi
ngs-of-the-ai-boom/  | ✓ | ⏱: 0.08s
[2025-06-22T10:00:15.001+0000] {logging_mixin.py:188} INFO - [COMPLETE] ● 
https://www.deeplearning.ai/the-batch/the-intern...ergy-costs-and-potential-savi
ngs-of-the-ai-boom/  | ✓ | ⏱: 1.81s
[2025-06-22T10:00:15.042+0000] {logging_mixin.py:188} INFO - Title: AI Uses Energy, AI Saves Energy
[2025-06-22T10:00:15.044+0000] {logging_mixin.py:188} INFO - Subtitle: The International Energy Agency examines the energy costs and potential savings of the AI boom
[2025-06-22T10:00:23.608+0000] {summary_gemini.py:154} INFO - [BERT BULLET] F1=0.8095819354057312
[2025-06-22T10:00:23.787+0000] {crawler_deeplai.py:490} INFO -     ✅ AI Uses Energy, AI Saves Energy...
[2025-06-22T10:00:24.788+0000] {crawler_deeplai.py:503} INFO - ⏱️ Tổng thời gian crawl: 17.85 giây
[2025-06-22T10:00:24.789+0000] {crawler_deeplai.py:504} INFO - 📊 Thành công crawl: 1/1 bài viết
[2025-06-22T10:00:24.845+0000] {crawler_deeplai.py:531} INFO - 💾 Đã lưu thành công 1/1 bài viết vào collection 'hardware'
[2025-06-22T10:00:24.893+0000] {dags.py:177} INFO - Hoàn thành crawl category: hardware
[2025-06-22T10:00:24.895+0000] {python.py:237} INFO - Done. Returned value was: None
[2025-06-22T10:00:24.898+0000] {taskinstance.py:441} INFO - ::group::Post task execution logs
[2025-06-22T10:00:24.914+0000] {taskinstance.py:1206} INFO - Marking task as SUCCESS. dag_id=deepai_crawler_10min, task_id=crawl_hardware, run_id=scheduled__2025-06-22T09:50:00+00:00, execution_date=20250622T095000, start_date=20250622T100006, end_date=20250622T100024
[2025-06-22T10:00:24.998+0000] {local_task_job_runner.py:240} INFO - Task exited with return code 0
[2025-06-22T10:00:25.043+0000] {taskinstance.py:3503} INFO - 1 downstream tasks scheduled from follow-on schedule check
[2025-06-22T10:00:25.048+0000] {local_task_job_runner.py:222} INFO - ::endgroup::
