[2025-05-16T09:49:15.380+0000] {local_task_job_runner.py:120} INFO - ::group::Pre task execution logs
[2025-05-16T09:49:15.404+0000] {taskinstance.py:2076} INFO - Dependencies all met for dep_context=non-requeueable deps ti=<TaskInstance: vietnamnet_crawler_24h.crawl_chinh-tri manual__2025-05-16T09:48:57.718399+00:00 [queued]>
[2025-05-16T09:49:15.413+0000] {taskinstance.py:2076} INFO - Dependencies all met for dep_context=requeueable deps ti=<TaskInstance: vietnamnet_crawler_24h.crawl_chinh-tri manual__2025-05-16T09:48:57.718399+00:00 [queued]>
[2025-05-16T09:49:15.414+0000] {taskinstance.py:2306} INFO - Starting attempt 1 of 2
[2025-05-16T09:49:15.433+0000] {taskinstance.py:2330} INFO - Executing <Task(PythonOperator): crawl_chinh-tri> on 2025-05-16 09:48:57.718399+00:00
[2025-05-16T09:49:15.440+0000] {warnings.py:112} WARNING - /home/***/.local/lib/python3.12/site-packages/***/task/task_runner/standard_task_runner.py:61: DeprecationWarning: This process (pid=324) is multi-threaded, use of fork() may lead to deadlocks in the child.
  pid = os.fork()

[2025-05-16T09:49:15.442+0000] {standard_task_runner.py:63} INFO - Started process 393 to run task
[2025-05-16T09:49:15.442+0000] {standard_task_runner.py:90} INFO - Running: ['***', 'tasks', 'run', 'vietnamnet_crawler_24h', 'crawl_chinh-tri', 'manual__2025-05-16T09:48:57.718399+00:00', '--job-id', '6', '--raw', '--subdir', 'DAGS_FOLDER/dags.py', '--cfg-path', '/tmp/tmp9634u9o4']
[2025-05-16T09:49:15.446+0000] {standard_task_runner.py:91} INFO - Job 6: Subtask crawl_chinh-tri
[2025-05-16T09:49:15.530+0000] {task_command.py:426} INFO - Running <TaskInstance: vietnamnet_crawler_24h.crawl_chinh-tri manual__2025-05-16T09:48:57.718399+00:00 [running]> on host 71b827885e5f
[2025-05-16T09:49:15.664+0000] {taskinstance.py:2648} INFO - Exporting env vars: AIRFLOW_CTX_DAG_OWNER='***' AIRFLOW_CTX_DAG_ID='vietnamnet_crawler_24h' AIRFLOW_CTX_TASK_ID='crawl_chinh-tri' AIRFLOW_CTX_EXECUTION_DATE='2025-05-16T09:48:57.718399+00:00' AIRFLOW_CTX_TRY_NUMBER='1' AIRFLOW_CTX_DAG_RUN_ID='manual__2025-05-16T09:48:57.718399+00:00'
[2025-05-16T09:49:15.666+0000] {taskinstance.py:430} INFO - ::endgroup::
[2025-05-16T09:49:15.942+0000] {crawler.py:54} INFO - Đã kết nối thành công với MongoDB: News
[2025-05-16T09:49:16.864+0000] {logging_mixin.py:188} INFO - [INIT].... → Crawl4AI 0.6.2
[2025-05-16T09:49:20.142+0000] {logging_mixin.py:188} INFO - [FETCH]... ↓ https://vietnamnet.vn/tin-tuc-24h?bydaterang=&cate=000001                                            | 
[2025-05-16T09:49:20.142+0000] {logging_mixin.py:188} INFO - ✓
[2025-05-16T09:49:20.143+0000] {logging_mixin.py:188} INFO -  | ⏱: 3.20s
[2025-05-16T09:49:20.363+0000] {logging_mixin.py:188} INFO - [SCRAPE].. ◆ https://vietnamnet.vn/tin-tuc-24h?bydaterang=&cate=000001                                            | 
[2025-05-16T09:49:20.364+0000] {logging_mixin.py:188} INFO - ✓
[2025-05-16T09:49:20.364+0000] {logging_mixin.py:188} INFO -  | ⏱: 0.22s
[2025-05-16T09:49:20.366+0000] {logging_mixin.py:188} INFO - [COMPLETE] ● https://vietnamnet.vn/tin-tuc-24h?bydaterang=&cate=000001                                            | 
[2025-05-16T09:49:20.366+0000] {logging_mixin.py:188} INFO - ✓
[2025-05-16T09:49:20.367+0000] {logging_mixin.py:188} INFO -  | ⏱: 3.42s
[2025-05-16T09:49:20.451+0000] {crawler.py:84} INFO - Tìm thấy 25 link bài viết cho danh mục chinh-tri
[2025-05-16T09:49:22.649+0000] {crawler.py:110} INFO - Đã lọc: 25 URLs ban đầu -> 2 URLs mới
[2025-05-16T09:49:22.650+0000] {crawler.py:234} INFO - Đang crawl 2 bài viết mới từ danh mục chinh-tri...
[2025-05-16T09:49:22.651+0000] {crawler.py:237} INFO - --> Crawl: https://vietnamnet.vn/thu-tuong-de-nghi-ngan-hang-the-gioi-ho-tro-von-du-an-duong-sat-cao-toc-bac-nam-2401494.html
[2025-05-16T09:49:23.783+0000] {logging_mixin.py:188} INFO - [INIT].... → Crawl4AI 0.6.2
[2025-05-16T09:49:27.091+0000] {logging_mixin.py:188} INFO - [FETCH]... ↓ https://vietnamnet.vn/thu-tuong-de-nghi-ngan-han...von-du-an-duong-sat-cao-toc-bac-nam-2401494.html  | 
[2025-05-16T09:49:27.092+0000] {logging_mixin.py:188} INFO - ✓
[2025-05-16T09:49:27.093+0000] {logging_mixin.py:188} INFO -  | ⏱: 3.20s
[2025-05-16T09:49:27.317+0000] {logging_mixin.py:188} INFO - [SCRAPE].. ◆ https://vietnamnet.vn/thu-tuong-de-nghi-ngan-han...von-du-an-duong-sat-cao-toc-bac-nam-2401494.html  | 
[2025-05-16T09:49:27.318+0000] {logging_mixin.py:188} INFO - ✓
[2025-05-16T09:49:27.319+0000] {logging_mixin.py:188} INFO -  | ⏱: 0.22s
[2025-05-16T09:49:27.320+0000] {logging_mixin.py:188} INFO - [COMPLETE] ● https://vietnamnet.vn/thu-tuong-de-nghi-ngan-han...von-du-an-duong-sat-cao-toc-bac-nam-2401494.html  | 
[2025-05-16T09:49:27.321+0000] {logging_mixin.py:188} INFO - ✓
[2025-05-16T09:49:27.321+0000] {logging_mixin.py:188} INFO -  | ⏱: 3.43s
[2025-05-16T09:49:27.752+0000] {crawler.py:241} INFO -     ✓ Thủ tướng đề nghị Ngân hàng Thế giới hỗ trợ vốn làm đường sắ...

[2025-05-16T09:49:27.752+0000] {crawler.py:237} INFO - --> Crawl: https://vietnamnet.vn/bo-chinh-tri-yeu-cau-co-chinh-sach-ho-tro-phu-nu-sinh-2-con-truoc-35-tuoi-2401499.html
[2025-05-16T09:49:28.422+0000] {logging_mixin.py:188} INFO - [INIT].... → Crawl4AI 0.6.2
[2025-05-16T09:49:31.813+0000] {logging_mixin.py:188} INFO - [FETCH]... ↓ https://vietnamnet.vn/bo-chinh-tri-yeu-cau-co-ch...tro-phu-nu-sinh-2-con-truoc-35-tuoi-2401499.html  | 
[2025-05-16T09:49:31.814+0000] {logging_mixin.py:188} INFO - ✓
[2025-05-16T09:49:31.815+0000] {logging_mixin.py:188} INFO -  | ⏱: 3.31s
[2025-05-16T09:49:32.069+0000] {logging_mixin.py:188} INFO - [SCRAPE].. ◆ https://vietnamnet.vn/bo-chinh-tri-yeu-cau-co-ch...tro-phu-nu-sinh-2-con-truoc-35-tuoi-2401499.html  | 
[2025-05-16T09:49:32.070+0000] {logging_mixin.py:188} INFO - ✓
[2025-05-16T09:49:32.070+0000] {logging_mixin.py:188} INFO -  | ⏱: 0.25s
[2025-05-16T09:49:32.072+0000] {logging_mixin.py:188} INFO - [COMPLETE] ● https://vietnamnet.vn/bo-chinh-tri-yeu-cau-co-ch...tro-phu-nu-sinh-2-con-truoc-35-tuoi-2401499.html  | 
[2025-05-16T09:49:32.072+0000] {logging_mixin.py:188} INFO - ✓
[2025-05-16T09:49:32.073+0000] {logging_mixin.py:188} INFO -  | ⏱: 3.57s
[2025-05-16T09:49:32.487+0000] {crawler.py:241} INFO -     ✓ Bộ Chính trị yêu cầu có chính sách hỗ trợ phụ nữ sinh 2 con ...

[2025-05-16T09:49:32.488+0000] {crawler.py:244} INFO - ⏱️  Tổng thời gian crawl: 16.54 giây
[2025-05-16T09:49:32.578+0000] {crawler.py:276} ERROR - Lỗi khi lưu dữ liệu vào MongoDB: batch op errors occurred, full error: {'writeErrors': [{'index': 0, 'code': 11000, 'errmsg': 'E11000 duplicate key error collection: News.chinh-tri index: _id_ dup key: { _id: "2401494" }', 'keyPattern': {'_id': 1}, 'keyValue': {'_id': '2401494'}, 'op': {'title': 'Thủ tướng đề nghị Ngân hàng Thế giới hỗ trợ vốn làm đường sắt cao tốc Bắc - Nam', 'author': 'Không có thông tin tác giả', 'publish_date': '2025-05-15T18:03:35.000 +07:00', 'views': None, 'tags': [], 'description': 'Thủ tướng đề nghị WB hỗ trợ vốn để Việt Nam triển khai dự án đầu tư xây dựng tuyến đường sắt tốc độ cao trục Bắc-Nam  với tổng số vốn khoảng 67 tỷ USD.', 'main_image': 'https://static-images.vnncdn.net/vps_images_publish/000001/000003/2025/5/15/thu-tuong-de-nghi-ngan-hang-the-gioi-ho-tro-von-lam-duong-sat-cao-toc-bac-nam-89147.jpg?width=0&s=laEwBud9VDz-3XTjO3kNTQ', 'content': 'Thế Vinh\n\nNgày 15/5, Thủ tướng Phạm Minh Chính tiếp bà Mariam J. Sherman - Giám đốc Quốc gia của Văn phòng Ngân hàng Thế giới (WB) khu vực Việt Nam, Lào, Campuchia.\n\nTại cuộc gặp, Thủ tướng Phạm Minh Chính đánh giá cao quyết định đúng đắn, có tầm nhìn của WB trong việc thành lập văn phòng khu vực; chuyển lời thăm hỏi, chúc sức khỏe và mong muốn đón Chủ tịch WB Ajay Banga sớm thăm Việt Nam.\n\nNhấn mạnh Chính phủ Việt Nam luôn coi WB là đối tác quan trọng, thân thiết và tin cậy, Thủ tướng cảm ơn WB đã có nhiều hỗ trợ, đóng góp tích cực, hiệu quả vào phát triển kinh tế - xã hội của Việt Nam, nhất là trong công cuộc xóa đói giảm nghèo. Đồng thời, Thủ tướng đề nghị WB tiếp tục hỗ trợ Việt Nam trong quá trình "làm giàu" sắp tới, thông qua chia sẻ kinh nghiệm quốc tế, tư vấn chính sách...\n\nVề khoản hơn 11 tỷ USD mà WB đề xuất cho Việt Nam vay trong vòng 5 năm tới, Thủ tướng đề nghị tập trung nguồn vốn này cho các dự án mang tính chất "thay đổi trạng thái, xoay chuyển tình thế", đồng thời các bên cùng thay đổi cách thức triển khai theo hướng nhanh chóng, cắt giảm thủ tục.\n\nĐồng thời, người đứng đầu Chính phủ cũng đề nghị WB hỗ trợ nguồn vốn cho cả khu vực Nhà nước và khu vực tư nhân với lãi suất ưu đãi, cạnh tranh hơn, tập trung các lĩnh vực: cơ sở hạ tầng, nhất là các dự án giao thông quy mô lớn; chuyển dịch năng lượng và phát triển năng lượng tái tạo; các dự án nông nghiệp có tác động tích cực đến môi trường, thích ứng biến đổi khí hậu, như mô hình trồng lúa phát thải thấp mà hai bên đã hợp tác triển khai; các dự án tại đồng bằng sông Cửu Long như giao thông thủy nội địa…\n\nĐặc biệt, Thủ tướng đề nghị WB hỗ trợ vốn để Việt Nam triển khaidự án đầu tư xây dựng tuyến đường sắt tốc độ cao trục Bắc - Namdự kiến khởi công vào năm 2026, với tổng số vốn khoảng 67 tỷ USD.\n\nBà Mariam J. Sherman cho biết Chủ tịch WB muốn sớm thăm Việt Nam; chúc mừng Việt Nam vừa kỷ niệm 50 năm thống nhất đất nước cũng như các thành tựu kinh tế - xã hội của Việt Nam trong thời gian qua. Bà đánh giá cao chiến lược phát triển đất nước thời kỳ mới cũng như khát vọng phát triển mạnh mẽ của Việt Nam.\n\n“Việt Nam đang trên lộ trình trở thành nước phát triển, thu nhập cao vào năm 2045 và hiện tiến hành cuộc cách mạng dũng cảm, táo bạo về cải cách thể chế, tinh gọn bộ máy. WB sẵn sàng hỗ trợ Việt Nam trong quá trình này, đưa thêm các chuyên gia giàu kinh nghiệm tới tham gia tư vấn chính sách, thúc đẩy hợp tác và triển khai các dự án nhanh chóng và đạt hiệu quả cao nhất” - đại diện WB cho hay.\n\nCũng tại cuộc gặp, hai bên trao đổi về các giải pháp để thúc đẩy tiến độ của một số dự án hợp tác cụ thể đang triển khai, với thời hạn hoàn thành cụ thể, trong đó có 3 tuyến giao thông khu vực đồng bằng sông Cửu Long, phát triển nghề cá bền vững…\n\nThủ tướng hoan nghênh đề xuất thúc đẩy quan hệ đối tác mang tầm chiến lược giữa Việt Nam và WB, đồng thời đề nghị cơ chế tiếp xúc giữa Thủ tướng và Chủ tịch WB để thúc đẩy hợp tác giữa hai bên ngày càng thiết thực, hiệu quả.', 'url': 'https://vietnamnet.vn/thu-tuong-de-nghi-ngan-hang-the-gioi-ho-tro-von-du-an-duong-sat-cao-toc-bac-nam-2401494.html', 'category': 'chinh-tri', 'crawled_at': '2025-05-16T09:49:27.584381', '_id': '2401494'}}, {'index': 1, 'code': 11000, 'errmsg': 'E11000 duplicate key error collection: News.chinh-tri index: _id_ dup key: { _id: "2401499" }', 'keyPattern': {'_id': 1}, 'keyValue': {'_id': '2401499'}, 'op': {'title': 'Bộ Chính trị yêu cầu có chính sách hỗ trợ phụ nữ sinh 2 con trước 35 tuổi', 'author': 'Không có thông tin tác giả', 'publish_date': '2025-05-15T18:02:07.000 +07:00', 'views': None, 'tags': [], 'description': 'Bộ Chính trị yêu cầu nghiên cứu ban hành các chính sách hỗ trợ cho phụ nữ sinh đủ hai con trước 35 tuổi, chính sách việc làm, trợ cấp cho người lao động sinh con và nuôi con nhỏ.', 'main_image': 'https://static-images.vnncdn.net/vps_images_publish/000001/000003/2025/5/15/bo-chinh-tri-yeu-cau-co-chinh-sach-ho-tro-phu-nu-sinh-2-con-truoc-35-tuoi-89070.jpg?width=0&s=nCm-iZvQHO018y50_wQskg', 'content': 'Trần Thường\n\nThường trực Ban Bí thư Trần Cẩm Tú mới đây ký ban hành Kết luận số 149 của Bộ Chính trị về đẩy mạnh thực hiện Nghị quyết số 21 của Hội nghị lần thứ 6 Ban Chấp hành Trung ương Đảng khóa 12 về công tác dân số trong tình hình mới.\n\nTheo Kết luận, sau hơn 7 năm thực hiện Nghị quyết số 21, bên cạnh những kết quả đạt được, công tác dân số vẫn còn một số hạn chế. Đó là: mức sinh thay thế trên phạm vi toàn quốc chưa thực sự vững chắc, tổng tỷ suất sinh có xu hướng giảm dưới mức sinh thay thế; mất cân bằng giới tính khi sinh vẫn còn cao; chưa có giải pháp đồng bộ, toàn diện, hiệu quả để phát huy lợi thế thời kỳ “dân số vàng”, thích ứng với già hóa\xa0dân số; tuổi thọ trung bình tăng nhưng số năm sống khỏe mạnh thấp.\n\nKết luận của Bộ Chính trị chỉ ra nguyên nhân của các hạn chế trên và yêu cầu các cấp ủy, tổ chức đảng, chính quyền, địa phương và ngành y tế tiếp tục tăng cường sự lãnh đạo của Đảng đối với công tác dân số; cần nâng cao nhận thức, tăng cường trách nhiệm, đổi mới phương thức lãnh đạo; đổi mới tư duy trong chỉ đạo, tổ chức thực hiện chính sách dân số.\n\nBộ Chính trị cho rằng cần xem dân số là yếu tố quan trọng hàng đầu. Công tác dân số là nhiệm vụ chiến lược, vừa cấp thiết, vừa lâu dài của sự nghiệp xây dựng và bảo vệ Tổ quốc, là sự nghiệp của toàn Đảng, toàn dân và hệ thống chính trị.\n\nBộ Chính trị yêu cầu đưa nội dung công tác dân số vào trong nghị quyết lãnh đạo của cấp ủy đảng, chương trình, kế hoạch công tác của cơ quan, đơn vị, địa phương; tập trung rà soát, sửa đổi, bổ sung, hoàn thiện cơ chế, chính sách, pháp luật về dân số phù hợp với những thay đổi về quy mô, cơ cấu, chất lượng và phân bổ dân cư, đáp ứng yêu cầu phát triển đất nước trong giai đoạn mới.\n\nTrong đó, theo Bộ Chính trị, cần đẩy nhanh tiến độ xây dựng và ban hành Luật Dân số theo tinh thần Nghị quyết Đại hội 13 của Đảng; khẩn trương rà soát, sửa đổi, bổ sung các quy định pháp luật về số con được sinh phù hợp với quan điểm về dân số và phát triển; sửa đổi, bổ sung các quy định của Đảng, Nhà nước về xử lý vi phạm chính sách dân số, bảo đảm sự đồng bộ, thống nhất giữa quy định của Đảng và pháp luật của Nhà nước.\n\nTheo kết luận, các cấp ủy, tổ chức đảng, chính quyền, địa phương và ngành y tế cần nghiên cứu ban hành cơ chế, chính sách khuyến khích các cặp vợ chồng và cá nhân sinh đủ 2 con, ưu tiên và chú trọng đối với các địa bàn có mức sinh thấp, dân tộc ít người; các chính sách nhằm duy trì tỷ suất sinh thay thế; thu hẹp khoảng cách mất cân bằng giới tính khi sinh để sớm đưa về mức cân bằng tự nhiên.\n\nĐồng thời, các chính sách chăm sóc sức khỏe người cao tuổi cũng cần được xây dựng và ban hành để tăng tuổi thọ bình quân, tăng số năm sống khỏe\xa0mạnh, bảo đảm thích ứng với già hóa\xa0dân số và nâng cao chất lượng dân số.\n\nKết luận của Bộ Chính trị nêu rõ yêu cầu nghiên cứu ban hành các chính sách hỗ trợ cho phụ nữ sinh đủ 2 con trước 35 tuổi, chính sách việc làm, trợ cấp, hỗ trợ cho người lao động sinh con và nuôi con nhỏ; triển khai đồng bộ các giải pháp để thực hiện các chủ trương, chính sách, pháp luật về công tác dân số để phục vụ cho mục tiêu phát triển kinh tế - xã hội, an ninh, quốc phòng.\n\nTrước mắt, Bộ Chính trị yêu cầu rà soát, bổ sung chính sách điều chỉnh mức sinh phù hợp; lồng ghép yếu tố dân số vào trong các chương trình, đề án phát triển kinh tế - xã hội của đơn vị, địa phương và toàn quốc để tạo động lực phát triển nhanh và bền vững đất nước; đẩy mạnh các chương trình tạo việc làm, giảm tỷ lệ thất nghiệp khu vực thành thị, tăng thời gian sử dụng lao động ở khu vực nông thôn; mở rộng, nâng cao hiệu quả giáo dục, đào tạo, dạy nghề gắn với thị trường lao động.\n\nCác cấp ủy, tổ chức đảng, chính quyền, địa phương và ngành y tế cần hoàn thành việc xây dựng, kết nối liên thông, thống nhất đồng bộ dữ liệu về con người (trên cơ sở dữ liệu gốc là cơ sở dữ liệu quốc gia về dân cư) để đánh giá chính xác biến động về dân số (cả về số lượng, chất lượng), phục vụ chính xác, kịp thời, hiệu quả công tác hoạch định chính sách dân số và phát triển.', 'url': 'https://vietnamnet.vn/bo-chinh-tri-yeu-cau-co-chinh-sach-ho-tro-phu-nu-sinh-2-con-truoc-35-tuoi-2401499.html', 'category': 'chinh-tri', 'crawled_at': '2025-05-16T09:49:32.332771', '_id': '2401499'}}], 'writeConcernErrors': [], 'nInserted': 0, 'nUpserted': 0, 'nMatched': 0, 'nModified': 0, 'nRemoved': 0, 'upserted': []}
[2025-05-16T09:49:32.647+0000] {python.py:237} INFO - Done. Returned value was: None
[2025-05-16T09:49:32.648+0000] {taskinstance.py:441} INFO - ::group::Post task execution logs
[2025-05-16T09:49:32.656+0000] {taskinstance.py:1206} INFO - Marking task as SUCCESS. dag_id=vietnamnet_crawler_24h, task_id=crawl_chinh-tri, run_id=manual__2025-05-16T09:48:57.718399+00:00, execution_date=20250516T094857, start_date=20250516T094915, end_date=20250516T094932
[2025-05-16T09:49:32.696+0000] {local_task_job_runner.py:240} INFO - Task exited with return code 0
[2025-05-16T09:49:32.725+0000] {taskinstance.py:3503} INFO - 1 downstream tasks scheduled from follow-on schedule check
[2025-05-16T09:49:32.728+0000] {local_task_job_runner.py:222} INFO - ::endgroup::
