[2025-05-18T11:35:09.801+0000] {local_task_job_runner.py:120} INFO - ::group::Pre task execution logs
[2025-05-18T11:35:09.849+0000] {taskinstance.py:2076} INFO - Dependencies all met for dep_context=non-requeueable deps ti=<TaskInstance: vietnamnet_crawler_24h.crawl_the-gioi scheduled__2025-05-18T11:00:00+00:00 [queued]>
[2025-05-18T11:35:09.869+0000] {taskinstance.py:2076} INFO - Dependencies all met for dep_context=requeueable deps ti=<TaskInstance: vietnamnet_crawler_24h.crawl_the-gioi scheduled__2025-05-18T11:00:00+00:00 [queued]>
[2025-05-18T11:35:09.870+0000] {taskinstance.py:2306} INFO - Starting attempt 1 of 2
[2025-05-18T11:35:09.901+0000] {taskinstance.py:2330} INFO - Executing <Task(PythonOperator): crawl_the-gioi> on 2025-05-18 11:00:00+00:00
[2025-05-18T11:35:09.909+0000] {warnings.py:112} WARNING - /home/***/.local/lib/python3.12/site-packages/***/task/task_runner/standard_task_runner.py:61: DeprecationWarning: This process (pid=1994) is multi-threaded, use of fork() may lead to deadlocks in the child.
  pid = os.fork()

[2025-05-18T11:35:09.912+0000] {standard_task_runner.py:63} INFO - Started process 1995 to run task
[2025-05-18T11:35:09.913+0000] {standard_task_runner.py:90} INFO - Running: ['***', 'tasks', 'run', 'vietnamnet_crawler_24h', 'crawl_the-gioi', 'scheduled__2025-05-18T11:00:00+00:00', '--job-id', '6', '--raw', '--subdir', 'DAGS_FOLDER/dags.py', '--cfg-path', '/tmp/tmphq3khiy6']
[2025-05-18T11:35:09.919+0000] {standard_task_runner.py:91} INFO - Job 6: Subtask crawl_the-gioi
[2025-05-18T11:35:10.003+0000] {task_command.py:426} INFO - Running <TaskInstance: vietnamnet_crawler_24h.crawl_the-gioi scheduled__2025-05-18T11:00:00+00:00 [running]> on host a383b65f89e1
[2025-05-18T11:35:10.164+0000] {taskinstance.py:2648} INFO - Exporting env vars: AIRFLOW_CTX_DAG_OWNER='***' AIRFLOW_CTX_DAG_ID='vietnamnet_crawler_24h' AIRFLOW_CTX_TASK_ID='crawl_the-gioi' AIRFLOW_CTX_EXECUTION_DATE='2025-05-18T11:00:00+00:00' AIRFLOW_CTX_TRY_NUMBER='1' AIRFLOW_CTX_DAG_RUN_ID='scheduled__2025-05-18T11:00:00+00:00'
[2025-05-18T11:35:10.166+0000] {taskinstance.py:430} INFO - ::endgroup::
[2025-05-18T11:35:10.520+0000] {crawler.py:55} INFO - Đã kết nối thành công với MongoDB: News
[2025-05-18T11:35:11.863+0000] {logging_mixin.py:188} INFO - [INIT].... → Crawl4AI 0.6.3
[2025-05-18T11:35:20.872+0000] {logging_mixin.py:188} INFO - [FETCH]... ↓ https://vietnamnet.vn/tin-tuc-24h?bydaterang=&cate=000005          
| ✓ | ⏱: 8.79s
[2025-05-18T11:35:21.838+0000] {logging_mixin.py:188} INFO - [SCRAPE].. ◆ https://vietnamnet.vn/tin-tuc-24h?bydaterang=&cate=000005          
| ✓ | ⏱: 0.95s
[2025-05-18T11:35:21.850+0000] {logging_mixin.py:188} INFO - [COMPLETE] ● https://vietnamnet.vn/tin-tuc-24h?bydaterang=&cate=000005          
| ✓ | ⏱: 9.77s
[2025-05-18T11:35:23.092+0000] {crawler.py:85} INFO - Tìm thấy 25 link bài viết cho danh mục the-gioi
[2025-05-18T11:35:24.095+0000] {crawler.py:110} INFO - Đã lọc: 25 URLs ban đầu -> 1 URLs sau xử lý live
[2025-05-18T11:35:24.102+0000] {crawler.py:255} INFO - Đang crawl 1 bài viết mới từ danh mục the-gioi...
[2025-05-18T11:35:24.110+0000] {crawler.py:258} INFO - --> Crawl: https://vietnamnet.vn/quan-doi-duc-doi-mat-voi-muc-tieu-phi-thuc-te-tu-nato-2402312.html
[2025-05-18T11:35:26.289+0000] {logging_mixin.py:188} INFO - [INIT].... → Crawl4AI 0.6.3
[2025-05-18T11:35:32.210+0000] {logging_mixin.py:188} INFO - [FETCH]... ↓ 
https://vietnamnet.vn/quan-doi-duc-doi-mat-voi-muc-tieu-phi-thuc-te-tu-nato-2402
312.html             | ✓ | ⏱: 5.71s
[2025-05-18T11:35:32.479+0000] {logging_mixin.py:188} INFO - [SCRAPE].. ◆ 
https://vietnamnet.vn/quan-doi-duc-doi-mat-voi-muc-tieu-phi-thuc-te-tu-nato-2402
312.html             | ✓ | ⏱: 0.27s
[2025-05-18T11:35:32.481+0000] {logging_mixin.py:188} INFO - [COMPLETE] ● 
https://vietnamnet.vn/quan-doi-duc-doi-mat-voi-muc-tieu-phi-thuc-te-tu-nato-2402
312.html             | ✓ | ⏱: 5.98s
[2025-05-18T11:35:33.581+0000] {crawler.py:262} INFO -     ✓ Quân đội Đức đối mặt với mục tiêu ‘phi thực tế’ từ NATO...

[2025-05-18T11:35:33.581+0000] {crawler.py:265} INFO - ⏱️  Tổng thời gian crawl: 23.06 giây
[2025-05-18T11:35:33.719+0000] {crawler.py:292} INFO - Đã lưu 1 bài viết vào collection 'the-gioi'
[2025-05-18T11:35:33.781+0000] {python.py:237} INFO - Done. Returned value was: None
[2025-05-18T11:35:33.782+0000] {taskinstance.py:441} INFO - ::group::Post task execution logs
[2025-05-18T11:35:33.790+0000] {taskinstance.py:1206} INFO - Marking task as SUCCESS. dag_id=vietnamnet_crawler_24h, task_id=crawl_the-gioi, run_id=scheduled__2025-05-18T11:00:00+00:00, execution_date=20250518T110000, start_date=20250518T113509, end_date=20250518T113533
[2025-05-18T11:35:33.902+0000] {local_task_job_runner.py:240} INFO - Task exited with return code 0
[2025-05-18T11:35:33.925+0000] {taskinstance.py:3503} INFO - 1 downstream tasks scheduled from follow-on schedule check
[2025-05-18T11:35:33.962+0000] {local_task_job_runner.py:222} INFO - ::endgroup::
