[2025-05-18T07:23:17.670+0000] {local_task_job_runner.py:120} INFO - ::group::Pre task execution logs
[2025-05-18T07:23:17.725+0000] {taskinstance.py:2076} INFO - Dependencies all met for dep_context=non-requeueable deps ti=<TaskInstance: vietnamnet_crawler_24h.crawl_doi-song scheduled__2025-05-18T06:30:00+00:00 [queued]>
[2025-05-18T07:23:17.751+0000] {taskinstance.py:2076} INFO - Dependencies all met for dep_context=requeueable deps ti=<TaskInstance: vietnamnet_crawler_24h.crawl_doi-song scheduled__2025-05-18T06:30:00+00:00 [queued]>
[2025-05-18T07:23:17.752+0000] {taskinstance.py:2306} INFO - Starting attempt 1 of 2
[2025-05-18T07:23:17.789+0000] {taskinstance.py:2330} INFO - Executing <Task(PythonOperator): crawl_doi-song> on 2025-05-18 06:30:00+00:00
[2025-05-18T07:23:17.799+0000] {warnings.py:112} WARNING - /home/***/.local/lib/python3.12/site-packages/***/task/task_runner/standard_task_runner.py:61: DeprecationWarning: This process (pid=11277) is multi-threaded, use of fork() may lead to deadlocks in the child.
  pid = os.fork()

[2025-05-18T07:23:17.801+0000] {standard_task_runner.py:63} INFO - Started process 11446 to run task
[2025-05-18T07:23:17.802+0000] {standard_task_runner.py:90} INFO - Running: ['***', 'tasks', 'run', 'vietnamnet_crawler_24h', 'crawl_doi-song', 'scheduled__2025-05-18T06:30:00+00:00', '--job-id', '38', '--raw', '--subdir', 'DAGS_FOLDER/dags.py', '--cfg-path', '/tmp/tmp9eqg6pw2']
[2025-05-18T07:23:17.806+0000] {standard_task_runner.py:91} INFO - Job 38: Subtask crawl_doi-song
[2025-05-18T07:23:17.920+0000] {task_command.py:426} INFO - Running <TaskInstance: vietnamnet_crawler_24h.crawl_doi-song scheduled__2025-05-18T06:30:00+00:00 [running]> on host fa0f5fb7e7ff
[2025-05-18T07:23:18.241+0000] {taskinstance.py:2648} INFO - Exporting env vars: AIRFLOW_CTX_DAG_OWNER='***' AIRFLOW_CTX_DAG_ID='vietnamnet_crawler_24h' AIRFLOW_CTX_TASK_ID='crawl_doi-song' AIRFLOW_CTX_EXECUTION_DATE='2025-05-18T06:30:00+00:00' AIRFLOW_CTX_TRY_NUMBER='1' AIRFLOW_CTX_DAG_RUN_ID='scheduled__2025-05-18T06:30:00+00:00'
[2025-05-18T07:23:18.244+0000] {taskinstance.py:430} INFO - ::endgroup::
[2025-05-18T07:23:18.736+0000] {crawler.py:55} INFO - Đã kết nối thành công với MongoDB: News
[2025-05-18T07:23:19.931+0000] {logging_mixin.py:188} INFO - [INIT].... → Crawl4AI 0.6.3
[2025-05-18T07:23:25.195+0000] {logging_mixin.py:188} INFO - [FETCH]... ↓ https://vietnamnet.vn/tin-tuc-24h?bydaterang=&cate=000007          
| ✓ | ⏱: 5.13s
[2025-05-18T07:23:25.614+0000] {logging_mixin.py:188} INFO - [SCRAPE].. ◆ https://vietnamnet.vn/tin-tuc-24h?bydaterang=&cate=000007          
| ✓ | ⏱: 0.41s
[2025-05-18T07:23:25.617+0000] {logging_mixin.py:188} INFO - [COMPLETE] ● https://vietnamnet.vn/tin-tuc-24h?bydaterang=&cate=000007          
| ✓ | ⏱: 5.55s
[2025-05-18T07:23:25.997+0000] {crawler.py:85} INFO - Tìm thấy 25 link bài viết cho danh mục doi-song
[2025-05-18T07:23:26.719+0000] {crawler.py:110} INFO - Đã lọc: 25 URLs ban đầu -> 25 URLs sau xử lý live
[2025-05-18T07:23:26.720+0000] {crawler.py:255} INFO - Đang crawl 25 bài viết mới từ danh mục doi-song...
[2025-05-18T07:23:26.721+0000] {crawler.py:258} INFO - --> Crawl: https://vietnamnet.vn/canh-kho-tin-trong-nghia-trang-o-hung-yen-buoi-chieu-he-gay-sot-mang-2401657.html
[2025-05-18T07:23:27.944+0000] {local_task_job_runner.py:310} WARNING - State of this instance has been externally set to success. Terminating instance.
[2025-05-18T07:23:27.946+0000] {local_task_job_runner.py:222} INFO - ::endgroup::
[2025-05-18T07:23:27.949+0000] {process_utils.py:132} INFO - Sending 15 to group 11446. PIDs of all processes in the group: [11975, 12057, 12064, 12065, 12087, 11446]
[2025-05-18T07:23:27.952+0000] {process_utils.py:87} INFO - Sending the signal 15 to group 11446
[2025-05-18T07:23:27.953+0000] {taskinstance.py:2611} ERROR - Received SIGTERM. Terminating subprocesses.
[2025-05-18T07:23:27.954+0000] {taskinstance.py:441} INFO - ::group::Post task execution logs
[2025-05-18T07:23:28.127+0000] {process_utils.py:80} INFO - Process psutil.Process(pid=12057, status='terminated', started='07:23:27') (12057) terminated with exit code None
[2025-05-18T07:23:28.129+0000] {process_utils.py:80} INFO - Process psutil.Process(pid=11446, status='terminated', exitcode=0, started='07:23:17') (11446) terminated with exit code 0
[2025-05-18T07:23:28.130+0000] {process_utils.py:80} INFO - Process psutil.Process(pid=12065, status='terminated', started='07:23:27') (12065) terminated with exit code None
[2025-05-18T07:23:28.132+0000] {process_utils.py:80} INFO - Process psutil.Process(pid=12064, status='terminated', started='07:23:27') (12064) terminated with exit code None
[2025-05-18T07:23:28.133+0000] {process_utils.py:80} INFO - Process psutil.Process(pid=12087, status='terminated', started='07:23:27') (12087) terminated with exit code None
[2025-05-18T07:23:28.149+0000] {process_utils.py:80} INFO - Process psutil.Process(pid=11975, status='terminated', started='07:23:26') (11975) terminated with exit code None
