[2025-05-03T15:39:39.416+0000] {local_task_job_runner.py:120} INFO - ::group::Pre task execution logs
[2025-05-03T15:39:39.460+0000] {taskinstance.py:2076} INFO - Dependencies all met for dep_context=non-requeueable deps ti=<TaskInstance: vietnamnet_multi_category_crawler.crawl_thoi-su manual__2025-05-03T15:39:36.031223+00:00 [queued]>
[2025-05-03T15:39:39.476+0000] {taskinstance.py:2076} INFO - Dependencies all met for dep_context=requeueable deps ti=<TaskInstance: vietnamnet_multi_category_crawler.crawl_thoi-su manual__2025-05-03T15:39:36.031223+00:00 [queued]>
[2025-05-03T15:39:39.477+0000] {taskinstance.py:2306} INFO - Starting attempt 1 of 2
[2025-05-03T15:39:39.503+0000] {taskinstance.py:2330} INFO - Executing <Task(PythonOperator): crawl_thoi-su> on 2025-05-03 15:39:36.031223+00:00
[2025-05-03T15:39:39.514+0000] {warnings.py:112} WARNING - /home/***/.local/lib/python3.12/site-packages/***/task/task_runner/standard_task_runner.py:61: DeprecationWarning: This process (pid=170) is multi-threaded, use of fork() may lead to deadlocks in the child.
  pid = os.fork()

[2025-05-03T15:39:39.518+0000] {standard_task_runner.py:63} INFO - Started process 178 to run task
[2025-05-03T15:39:39.518+0000] {standard_task_runner.py:90} INFO - Running: ['***', 'tasks', 'run', 'vietnamnet_multi_category_crawler', 'crawl_thoi-su', 'manual__2025-05-03T15:39:36.031223+00:00', '--job-id', '11', '--raw', '--subdir', 'DAGS_FOLDER/dags.py', '--cfg-path', '/tmp/tmp75xpev3i']
[2025-05-03T15:39:39.532+0000] {standard_task_runner.py:91} INFO - Job 11: Subtask crawl_thoi-su
[2025-05-03T15:39:39.665+0000] {task_command.py:426} INFO - Running <TaskInstance: vietnamnet_multi_category_crawler.crawl_thoi-su manual__2025-05-03T15:39:36.031223+00:00 [running]> on host 4b7373746518
[2025-05-03T15:39:39.886+0000] {taskinstance.py:2648} INFO - Exporting env vars: AIRFLOW_CTX_DAG_OWNER='***' AIRFLOW_CTX_DAG_ID='vietnamnet_multi_category_crawler' AIRFLOW_CTX_TASK_ID='crawl_thoi-su' AIRFLOW_CTX_EXECUTION_DATE='2025-05-03T15:39:36.031223+00:00' AIRFLOW_CTX_TRY_NUMBER='1' AIRFLOW_CTX_DAG_RUN_ID='manual__2025-05-03T15:39:36.031223+00:00'
[2025-05-03T15:39:39.888+0000] {taskinstance.py:430} INFO - ::endgroup::
[2025-05-03T15:39:42.015+0000] {logging_mixin.py:188} INFO - [INIT].... → Crawl4AI 0.6.2
[2025-05-03T15:39:53.100+0000] {logging_mixin.py:188} INFO - [FETCH]... ↓ https://vietnamnet.vn/thoi-su                                                                        | 
[2025-05-03T15:39:53.101+0000] {logging_mixin.py:188} INFO - ✓
[2025-05-03T15:39:53.106+0000] {logging_mixin.py:188} INFO -  | ⏱: 10.77s
[2025-05-03T15:39:54.072+0000] {logging_mixin.py:188} INFO - [SCRAPE].. ◆ https://vietnamnet.vn/thoi-su                                                                        | 
[2025-05-03T15:39:54.073+0000] {logging_mixin.py:188} INFO - ✓
[2025-05-03T15:39:54.074+0000] {logging_mixin.py:188} INFO -  | ⏱: 0.96s
[2025-05-03T15:39:54.077+0000] {logging_mixin.py:188} INFO - [COMPLETE] ● https://vietnamnet.vn/thoi-su                                                                        | 
[2025-05-03T15:39:54.079+0000] {logging_mixin.py:188} INFO - ✓
[2025-05-03T15:39:54.081+0000] {logging_mixin.py:188} INFO -  | ⏱: 11.75s
[2025-05-03T15:39:54.454+0000] {logging_mixin.py:188} INFO - Tìm thấy 49 link bài viết
[2025-05-03T15:39:54.788+0000] {logging_mixin.py:188} INFO - Đang crawl 5 bài viết từ danh mục thoi-su...
[2025-05-03T15:39:54.789+0000] {logging_mixin.py:188} INFO - --> Crawl: https://vietnamnet.vn/lac-mat-con-gai-o-ga-ha-noi-bo-vo-oa-ngay-doan-tu-sau-57-nam-xa-cach-2396785.html
[2025-05-03T15:39:56.548+0000] {logging_mixin.py:188} INFO - [INIT].... → Crawl4AI 0.6.2
[2025-05-03T15:40:11.375+0000] {logging_mixin.py:188} INFO - [FETCH]... ↓ https://vietnamnet.vn/lac-mat-con-gai-o-ga-ha-no...-oa-ngay-doan-tu-sau-57-nam-xa-cach-2396785.html  | 
[2025-05-03T15:40:11.376+0000] {logging_mixin.py:188} INFO - ✓
[2025-05-03T15:40:11.377+0000] {logging_mixin.py:188} INFO -  | ⏱: 14.57s
[2025-05-03T15:40:12.076+0000] {logging_mixin.py:188} INFO - [SCRAPE].. ◆ https://vietnamnet.vn/lac-mat-con-gai-o-ga-ha-no...-oa-ngay-doan-tu-sau-57-nam-xa-cach-2396785.html  | 
[2025-05-03T15:40:12.077+0000] {logging_mixin.py:188} INFO - ✓
[2025-05-03T15:40:12.078+0000] {logging_mixin.py:188} INFO -  | ⏱: 0.70s
[2025-05-03T15:40:12.081+0000] {logging_mixin.py:188} INFO - [COMPLETE] ● https://vietnamnet.vn/lac-mat-con-gai-o-ga-ha-no...-oa-ngay-doan-tu-sau-57-nam-xa-cach-2396785.html  | 
[2025-05-03T15:40:12.083+0000] {logging_mixin.py:188} INFO - ✓
[2025-05-03T15:40:12.086+0000] {logging_mixin.py:188} INFO -  | ⏱: 15.28s
[2025-05-03T15:40:14.830+0000] {logging_mixin.py:188} INFO -     ✓ Bị lạc ở ga Hà Nội, con gái oà khóc trên vai bố sau 58 năm x...
[2025-05-03T15:40:14.831+0000] {logging_mixin.py:188} INFO - --> Crawl: https://vietnamnet.vn/vu-an-ma-tuy-o-quang-ninh-hai-bong-hong-pham-toi-vi-yeu-2396161.html
[2025-05-03T15:40:16.027+0000] {logging_mixin.py:188} INFO - [INIT].... → Crawl4AI 0.6.2
[2025-05-03T15:40:24.784+0000] {logging_mixin.py:188} INFO - [FETCH]... ↓ https://vietnamnet.vn/vu-an-ma-tuy-o-quang-ninh-hai-bong-hong-pham-toi-vi-yeu-2396161.html           | 
[2025-05-03T15:40:24.785+0000] {logging_mixin.py:188} INFO - ✓
[2025-05-03T15:40:24.786+0000] {logging_mixin.py:188} INFO -  | ⏱: 8.49s
