[2025-05-04T13:55:12.912+0000] {local_task_job_runner.py:120} INFO - ::group::Pre task execution logs
[2025-05-04T13:55:12.939+0000] {taskinstance.py:2076} INFO - Dependencies all met for dep_context=non-requeueable deps ti=<TaskInstance: vietnamnet_crawler_24h.crawl_phap-luat manual__2025-05-04T13:54:24.309060+00:00 [queued]>
[2025-05-04T13:55:12.948+0000] {taskinstance.py:2076} INFO - Dependencies all met for dep_context=requeueable deps ti=<TaskInstance: vietnamnet_crawler_24h.crawl_phap-luat manual__2025-05-04T13:54:24.309060+00:00 [queued]>
[2025-05-04T13:55:12.949+0000] {taskinstance.py:2306} INFO - Starting attempt 1 of 2
[2025-05-04T13:55:12.964+0000] {taskinstance.py:2330} INFO - Executing <Task(PythonOperator): crawl_phap-luat> on 2025-05-04 13:54:24.309060+00:00
[2025-05-04T13:55:12.971+0000] {warnings.py:112} WARNING - /home/***/.local/lib/python3.12/site-packages/***/task/task_runner/standard_task_runner.py:61: DeprecationWarning: This process (pid=1288) is multi-threaded, use of fork() may lead to deadlocks in the child.
  pid = os.fork()

[2025-05-04T13:55:12.973+0000] {standard_task_runner.py:63} INFO - Started process 1290 to run task
[2025-05-04T13:55:12.974+0000] {standard_task_runner.py:90} INFO - Running: ['***', 'tasks', 'run', 'vietnamnet_crawler_24h', 'crawl_phap-luat', 'manual__2025-05-04T13:54:24.309060+00:00', '--job-id', '14', '--raw', '--subdir', 'DAGS_FOLDER/dags.py', '--cfg-path', '/tmp/tmp2m13_vrx']
[2025-05-04T13:55:12.977+0000] {standard_task_runner.py:91} INFO - Job 14: Subtask crawl_phap-luat
[2025-05-04T13:55:13.029+0000] {task_command.py:426} INFO - Running <TaskInstance: vietnamnet_crawler_24h.crawl_phap-luat manual__2025-05-04T13:54:24.309060+00:00 [running]> on host 78b16fb5ec43
[2025-05-04T13:55:13.141+0000] {taskinstance.py:2648} INFO - Exporting env vars: AIRFLOW_CTX_DAG_OWNER='***' AIRFLOW_CTX_DAG_ID='vietnamnet_crawler_24h' AIRFLOW_CTX_TASK_ID='crawl_phap-luat' AIRFLOW_CTX_EXECUTION_DATE='2025-05-04T13:54:24.309060+00:00' AIRFLOW_CTX_TRY_NUMBER='1' AIRFLOW_CTX_DAG_RUN_ID='manual__2025-05-04T13:54:24.309060+00:00'
[2025-05-04T13:55:13.143+0000] {taskinstance.py:430} INFO - ::endgroup::
[2025-05-04T13:55:13.361+0000] {crawler.py:54} INFO - Đã kết nối thành công với MongoDB: News
[2025-05-04T13:55:13.587+0000] {crawler.py:44} INFO - ArticleSummarizer đã được khởi tạo thành công
[2025-05-04T13:55:14.419+0000] {logging_mixin.py:188} INFO - [INIT].... → Crawl4AI 0.6.2
[2025-05-04T13:55:18.187+0000] {logging_mixin.py:188} INFO - [FETCH]... ↓ https://vietnamnet.vn/tin-tuc-24h?bydaterang=&cate=000008                                            | 
[2025-05-04T13:55:18.187+0000] {logging_mixin.py:188} INFO - ✓
[2025-05-04T13:55:18.188+0000] {logging_mixin.py:188} INFO -  | ⏱: 3.68s
[2025-05-04T13:55:18.417+0000] {logging_mixin.py:188} INFO - [SCRAPE].. ◆ https://vietnamnet.vn/tin-tuc-24h?bydaterang=&cate=000008                                            | 
[2025-05-04T13:55:18.417+0000] {logging_mixin.py:188} INFO - ✓
[2025-05-04T13:55:18.418+0000] {logging_mixin.py:188} INFO -  | ⏱: 0.23s
[2025-05-04T13:55:18.419+0000] {logging_mixin.py:188} INFO - [COMPLETE] ● https://vietnamnet.vn/tin-tuc-24h?bydaterang=&cate=000008                                            | 
[2025-05-04T13:55:18.420+0000] {logging_mixin.py:188} INFO - ✓
[2025-05-04T13:55:18.420+0000] {logging_mixin.py:188} INFO -  | ⏱: 3.91s
[2025-05-04T13:55:18.728+0000] {crawler.py:86} INFO - Tìm thấy 0 link bài viết cho danh mục phap-luat
[2025-05-04T13:55:18.935+0000] {crawler.py:105} INFO - Đã lọc: 0 URLs ban đầu -> 0 URLs mới
[2025-05-04T13:55:18.936+0000] {crawler.py:224} INFO - Không có bài viết mới nào trong danh mục phap-luat cần crawl.
[2025-05-04T13:55:18.936+0000] {crawler.py:259} INFO - Không có bài viết để lưu vào collection 'phap-luat'
[2025-05-04T13:55:18.938+0000] {python.py:237} INFO - Done. Returned value was: None
[2025-05-04T13:55:18.938+0000] {taskinstance.py:441} INFO - ::group::Post task execution logs
[2025-05-04T13:55:18.948+0000] {taskinstance.py:1206} INFO - Marking task as SUCCESS. dag_id=vietnamnet_crawler_24h, task_id=crawl_phap-luat, run_id=manual__2025-05-04T13:54:24.309060+00:00, execution_date=20250504T135424, start_date=20250504T135512, end_date=20250504T135518
[2025-05-04T13:55:19.000+0000] {local_task_job_runner.py:240} INFO - Task exited with return code 0
[2025-05-04T13:55:19.018+0000] {taskinstance.py:3503} INFO - 1 downstream tasks scheduled from follow-on schedule check
[2025-05-04T13:55:19.021+0000] {local_task_job_runner.py:222} INFO - ::endgroup::
