[2025-05-05T06:45:59.116+0000] {local_task_job_runner.py:120} INFO - ::group::Pre task execution logs
[2025-05-05T06:45:59.146+0000] {taskinstance.py:2076} INFO - Dependencies all met for dep_context=non-requeueable deps ti=<TaskInstance: vietnamnet_crawler_24h.crawl_doi-song manual__2025-05-05T06:42:33.074243+00:00 [queued]>
[2025-05-05T06:45:59.159+0000] {taskinstance.py:2076} INFO - Dependencies all met for dep_context=requeueable deps ti=<TaskInstance: vietnamnet_crawler_24h.crawl_doi-song manual__2025-05-05T06:42:33.074243+00:00 [queued]>
[2025-05-05T06:45:59.160+0000] {taskinstance.py:2306} INFO - Starting attempt 1 of 2
[2025-05-05T06:45:59.176+0000] {taskinstance.py:2330} INFO - Executing <Task(PythonOperator): crawl_doi-song> on 2025-05-05 06:42:33.074243+00:00
[2025-05-05T06:45:59.184+0000] {warnings.py:112} WARNING - /home/***/.local/lib/python3.12/site-packages/***/task/task_runner/standard_task_runner.py:61: DeprecationWarning: This process (pid=8427) is multi-threaded, use of fork() may lead to deadlocks in the child.
  pid = os.fork()

[2025-05-05T06:45:59.187+0000] {standard_task_runner.py:63} INFO - Started process 8520 to run task
[2025-05-05T06:45:59.188+0000] {standard_task_runner.py:90} INFO - Running: ['***', 'tasks', 'run', 'vietnamnet_crawler_24h', 'crawl_doi-song', 'manual__2025-05-05T06:42:33.074243+00:00', '--job-id', '16', '--raw', '--subdir', 'DAGS_FOLDER/dags.py', '--cfg-path', '/tmp/tmpu88uxoz_']
[2025-05-05T06:45:59.192+0000] {standard_task_runner.py:91} INFO - Job 16: Subtask crawl_doi-song
[2025-05-05T06:45:59.258+0000] {task_command.py:426} INFO - Running <TaskInstance: vietnamnet_crawler_24h.crawl_doi-song manual__2025-05-05T06:42:33.074243+00:00 [running]> on host ae9b30221da5
[2025-05-05T06:45:59.366+0000] {taskinstance.py:2648} INFO - Exporting env vars: AIRFLOW_CTX_DAG_OWNER='***' AIRFLOW_CTX_DAG_ID='vietnamnet_crawler_24h' AIRFLOW_CTX_TASK_ID='crawl_doi-song' AIRFLOW_CTX_EXECUTION_DATE='2025-05-05T06:42:33.074243+00:00' AIRFLOW_CTX_TRY_NUMBER='1' AIRFLOW_CTX_DAG_RUN_ID='manual__2025-05-05T06:42:33.074243+00:00'
[2025-05-05T06:45:59.367+0000] {taskinstance.py:430} INFO - ::endgroup::
[2025-05-05T06:45:59.593+0000] {crawler.py:54} INFO - Đã kết nối thành công với MongoDB: News
[2025-05-05T06:45:59.754+0000] {crawler.py:44} INFO - ArticleSummarizer đã được khởi tạo thành công
[2025-05-05T06:46:00.738+0000] {logging_mixin.py:188} INFO - [INIT].... → Crawl4AI 0.6.2
[2025-05-05T06:46:04.586+0000] {logging_mixin.py:188} INFO - [FETCH]... ↓ https://vietnamnet.vn/tin-tuc-24h?bydaterang=&cate=000007                                            | 
[2025-05-05T06:46:04.587+0000] {logging_mixin.py:188} INFO - ✓
[2025-05-05T06:46:04.588+0000] {logging_mixin.py:188} INFO -  | ⏱: 3.74s
[2025-05-05T06:46:04.816+0000] {logging_mixin.py:188} INFO - [SCRAPE].. ◆ https://vietnamnet.vn/tin-tuc-24h?bydaterang=&cate=000007                                            | 
[2025-05-05T06:46:04.817+0000] {logging_mixin.py:188} INFO - ✓
[2025-05-05T06:46:04.818+0000] {logging_mixin.py:188} INFO -  | ⏱: 0.23s
[2025-05-05T06:46:04.819+0000] {logging_mixin.py:188} INFO - [COMPLETE] ● https://vietnamnet.vn/tin-tuc-24h?bydaterang=&cate=000007                                            | 
[2025-05-05T06:46:04.819+0000] {logging_mixin.py:188} INFO - ✓
[2025-05-05T06:46:04.820+0000] {logging_mixin.py:188} INFO -  | ⏱: 3.97s
[2025-05-05T06:46:05.116+0000] {crawler.py:84} INFO - Tìm thấy 25 link bài viết cho danh mục doi-song
[2025-05-05T06:46:06.756+0000] {crawler.py:103} INFO - Đã lọc: 25 URLs ban đầu -> 0 URLs mới
[2025-05-05T06:46:06.756+0000] {crawler.py:222} INFO - Không có bài viết mới nào trong danh mục doi-song cần crawl.
[2025-05-05T06:46:06.757+0000] {crawler.py:257} INFO - Không có bài viết để lưu vào collection 'doi-song'
[2025-05-05T06:46:06.803+0000] {python.py:237} INFO - Done. Returned value was: None
[2025-05-05T06:46:06.804+0000] {taskinstance.py:441} INFO - ::group::Post task execution logs
[2025-05-05T06:46:06.812+0000] {taskinstance.py:1206} INFO - Marking task as SUCCESS. dag_id=vietnamnet_crawler_24h, task_id=crawl_doi-song, run_id=manual__2025-05-05T06:42:33.074243+00:00, execution_date=20250505T064233, start_date=20250505T064559, end_date=20250505T064606
[2025-05-05T06:46:06.866+0000] {local_task_job_runner.py:240} INFO - Task exited with return code 0
[2025-05-05T06:46:06.880+0000] {taskinstance.py:3503} INFO - 0 downstream tasks scheduled from follow-on schedule check
[2025-05-05T06:46:06.883+0000] {local_task_job_runner.py:222} INFO - ::endgroup::
