[2025-05-04T17:46:28.393+0000] {local_task_job_runner.py:120} INFO - ::group::Pre task execution logs
[2025-05-04T17:46:28.418+0000] {taskinstance.py:2076} INFO - Dependencies all met for dep_context=non-requeueable deps ti=<TaskInstance: vietnamnet_crawler_24h.crawl_giao-duc manual__2025-05-04T17:46:07.642140+00:00 [queued]>
[2025-05-04T17:46:28.429+0000] {taskinstance.py:2076} INFO - Dependencies all met for dep_context=requeueable deps ti=<TaskInstance: vietnamnet_crawler_24h.crawl_giao-duc manual__2025-05-04T17:46:07.642140+00:00 [queued]>
[2025-05-04T17:46:28.429+0000] {taskinstance.py:2306} INFO - Starting attempt 1 of 2
[2025-05-04T17:46:28.445+0000] {taskinstance.py:2330} INFO - Executing <Task(PythonOperator): crawl_giao-duc> on 2025-05-04 17:46:07.642140+00:00
[2025-05-04T17:46:28.452+0000] {warnings.py:112} WARNING - /home/***/.local/lib/python3.12/site-packages/***/task/task_runner/standard_task_runner.py:61: DeprecationWarning: This process (pid=337) is multi-threaded, use of fork() may lead to deadlocks in the child.
  pid = os.fork()

[2025-05-04T17:46:28.454+0000] {standard_task_runner.py:63} INFO - Started process 338 to run task
[2025-05-04T17:46:28.454+0000] {standard_task_runner.py:90} INFO - Running: ['***', 'tasks', 'run', 'vietnamnet_crawler_24h', 'crawl_giao-duc', 'manual__2025-05-04T17:46:07.642140+00:00', '--job-id', '7', '--raw', '--subdir', 'DAGS_FOLDER/dags.py', '--cfg-path', '/tmp/tmp3niob5ss']
[2025-05-04T17:46:28.458+0000] {standard_task_runner.py:91} INFO - Job 7: Subtask crawl_giao-duc
[2025-05-04T17:46:28.507+0000] {task_command.py:426} INFO - Running <TaskInstance: vietnamnet_crawler_24h.crawl_giao-duc manual__2025-05-04T17:46:07.642140+00:00 [running]> on host 9f13ced5b14d
[2025-05-04T17:46:28.604+0000] {taskinstance.py:2648} INFO - Exporting env vars: AIRFLOW_CTX_DAG_OWNER='***' AIRFLOW_CTX_DAG_ID='vietnamnet_crawler_24h' AIRFLOW_CTX_TASK_ID='crawl_giao-duc' AIRFLOW_CTX_EXECUTION_DATE='2025-05-04T17:46:07.642140+00:00' AIRFLOW_CTX_TRY_NUMBER='1' AIRFLOW_CTX_DAG_RUN_ID='manual__2025-05-04T17:46:07.642140+00:00'
[2025-05-04T17:46:28.606+0000] {taskinstance.py:430} INFO - ::endgroup::
[2025-05-04T17:46:28.876+0000] {crawler.py:54} INFO - Đã kết nối thành công với MongoDB: News
[2025-05-04T17:46:29.039+0000] {crawler.py:44} INFO - ArticleSummarizer đã được khởi tạo thành công
[2025-05-04T17:46:29.869+0000] {logging_mixin.py:188} INFO - [INIT].... → Crawl4AI 0.6.2
[2025-05-04T17:46:33.010+0000] {logging_mixin.py:188} INFO - [FETCH]... ↓ https://vietnamnet.vn/tin-tuc-24h?bydaterang=&cate=000006                                            | 
[2025-05-04T17:46:33.011+0000] {logging_mixin.py:188} INFO - ✓
[2025-05-04T17:46:33.013+0000] {logging_mixin.py:188} INFO -  | ⏱: 3.06s
[2025-05-04T17:46:33.480+0000] {logging_mixin.py:188} INFO - [SCRAPE].. ◆ https://vietnamnet.vn/tin-tuc-24h?bydaterang=&cate=000006                                            | 
[2025-05-04T17:46:33.481+0000] {logging_mixin.py:188} INFO - ✓
[2025-05-04T17:46:33.481+0000] {logging_mixin.py:188} INFO -  | ⏱: 0.47s
[2025-05-04T17:46:33.482+0000] {logging_mixin.py:188} INFO - [COMPLETE] ● https://vietnamnet.vn/tin-tuc-24h?bydaterang=&cate=000006                                            | 
[2025-05-04T17:46:33.483+0000] {logging_mixin.py:188} INFO - ✓
[2025-05-04T17:46:33.483+0000] {logging_mixin.py:188} INFO -  | ⏱: 3.54s
[2025-05-04T17:46:33.552+0000] {crawler.py:84} INFO - Tìm thấy 25 link bài viết cho danh mục giao-duc
[2025-05-04T17:46:35.576+0000] {crawler.py:103} INFO - Đã lọc: 25 URLs ban đầu -> 0 URLs mới
[2025-05-04T17:46:35.577+0000] {crawler.py:222} INFO - Không có bài viết mới nào trong danh mục giao-duc cần crawl.
[2025-05-04T17:46:35.577+0000] {crawler.py:257} INFO - Không có bài viết để lưu vào collection 'giao-duc'
[2025-05-04T17:46:35.636+0000] {python.py:237} INFO - Done. Returned value was: None
[2025-05-04T17:46:35.636+0000] {taskinstance.py:441} INFO - ::group::Post task execution logs
[2025-05-04T17:46:35.645+0000] {taskinstance.py:1206} INFO - Marking task as SUCCESS. dag_id=vietnamnet_crawler_24h, task_id=crawl_giao-duc, run_id=manual__2025-05-04T17:46:07.642140+00:00, execution_date=20250504T174607, start_date=20250504T174628, end_date=20250504T174635
[2025-05-04T17:46:35.706+0000] {local_task_job_runner.py:240} INFO - Task exited with return code 0
[2025-05-04T17:46:35.753+0000] {taskinstance.py:3503} INFO - 1 downstream tasks scheduled from follow-on schedule check
[2025-05-04T17:46:35.762+0000] {local_task_job_runner.py:222} INFO - ::endgroup::
