[2025-05-04T13:54:53.867+0000] {local_task_job_runner.py:120} INFO - ::group::Pre task execution logs
[2025-05-04T13:54:53.900+0000] {taskinstance.py:2076} INFO - Dependencies all met for dep_context=non-requeueable deps ti=<TaskInstance: vietnamnet_crawler_24h.crawl_the-gioi scheduled__2025-05-04T13:00:00+00:00 [queued]>
[2025-05-04T13:54:53.911+0000] {taskinstance.py:2076} INFO - Dependencies all met for dep_context=requeueable deps ti=<TaskInstance: vietnamnet_crawler_24h.crawl_the-gioi scheduled__2025-05-04T13:00:00+00:00 [queued]>
[2025-05-04T13:54:53.911+0000] {taskinstance.py:2306} INFO - Starting attempt 1 of 2
[2025-05-04T13:54:53.928+0000] {taskinstance.py:2330} INFO - Executing <Task(PythonOperator): crawl_the-gioi> on 2025-05-04 13:00:00+00:00
[2025-05-04T13:54:53.935+0000] {warnings.py:112} WARNING - /home/***/.local/lib/python3.12/site-packages/***/task/task_runner/standard_task_runner.py:61: DeprecationWarning: This process (pid=724) is multi-threaded, use of fork() may lead to deadlocks in the child.
  pid = os.fork()

[2025-05-04T13:54:53.937+0000] {standard_task_runner.py:63} INFO - Started process 726 to run task
[2025-05-04T13:54:53.937+0000] {standard_task_runner.py:90} INFO - Running: ['***', 'tasks', 'run', 'vietnamnet_crawler_24h', 'crawl_the-gioi', 'scheduled__2025-05-04T13:00:00+00:00', '--job-id', '9', '--raw', '--subdir', 'DAGS_FOLDER/dags.py', '--cfg-path', '/tmp/tmpwksda3_p']
[2025-05-04T13:54:53.940+0000] {standard_task_runner.py:91} INFO - Job 9: Subtask crawl_the-gioi
[2025-05-04T13:54:53.995+0000] {task_command.py:426} INFO - Running <TaskInstance: vietnamnet_crawler_24h.crawl_the-gioi scheduled__2025-05-04T13:00:00+00:00 [running]> on host 78b16fb5ec43
[2025-05-04T13:54:54.101+0000] {taskinstance.py:2648} INFO - Exporting env vars: AIRFLOW_CTX_DAG_OWNER='***' AIRFLOW_CTX_DAG_ID='vietnamnet_crawler_24h' AIRFLOW_CTX_TASK_ID='crawl_the-gioi' AIRFLOW_CTX_EXECUTION_DATE='2025-05-04T13:00:00+00:00' AIRFLOW_CTX_TRY_NUMBER='1' AIRFLOW_CTX_DAG_RUN_ID='scheduled__2025-05-04T13:00:00+00:00'
[2025-05-04T13:54:54.103+0000] {taskinstance.py:430} INFO - ::endgroup::
[2025-05-04T13:54:54.363+0000] {crawler.py:54} INFO - Đã kết nối thành công với MongoDB: News
[2025-05-04T13:54:54.653+0000] {crawler.py:44} INFO - ArticleSummarizer đã được khởi tạo thành công
[2025-05-04T13:54:55.502+0000] {logging_mixin.py:188} INFO - [INIT].... → Crawl4AI 0.6.2
[2025-05-04T13:54:59.962+0000] {logging_mixin.py:188} INFO - [FETCH]... ↓ https://vietnamnet.vn/tin-tuc-24h?bydaterang=&cate=000005                                            | 
[2025-05-04T13:54:59.963+0000] {logging_mixin.py:188} INFO - ✓
[2025-05-04T13:54:59.964+0000] {logging_mixin.py:188} INFO -  | ⏱: 4.36s
[2025-05-04T13:55:00.337+0000] {logging_mixin.py:188} INFO - [SCRAPE].. ◆ https://vietnamnet.vn/tin-tuc-24h?bydaterang=&cate=000005                                            | 
[2025-05-04T13:55:00.338+0000] {logging_mixin.py:188} INFO - ✓
[2025-05-04T13:55:00.339+0000] {logging_mixin.py:188} INFO -  | ⏱: 0.37s
[2025-05-04T13:55:00.341+0000] {logging_mixin.py:188} INFO - [COMPLETE] ● https://vietnamnet.vn/tin-tuc-24h?bydaterang=&cate=000005                                            | 
[2025-05-04T13:55:00.342+0000] {logging_mixin.py:188} INFO - ✓
[2025-05-04T13:55:00.342+0000] {logging_mixin.py:188} INFO -  | ⏱: 4.74s
[2025-05-04T13:55:00.771+0000] {crawler.py:86} INFO - Tìm thấy 0 link bài viết cho danh mục the-gioi
[2025-05-04T13:55:01.017+0000] {crawler.py:105} INFO - Đã lọc: 0 URLs ban đầu -> 0 URLs mới
[2025-05-04T13:55:01.018+0000] {crawler.py:224} INFO - Không có bài viết mới nào trong danh mục the-gioi cần crawl.
[2025-05-04T13:55:01.019+0000] {crawler.py:259} INFO - Không có bài viết để lưu vào collection 'the-gioi'
[2025-05-04T13:55:01.020+0000] {python.py:237} INFO - Done. Returned value was: None
[2025-05-04T13:55:01.021+0000] {taskinstance.py:441} INFO - ::group::Post task execution logs
[2025-05-04T13:55:01.034+0000] {taskinstance.py:1206} INFO - Marking task as SUCCESS. dag_id=vietnamnet_crawler_24h, task_id=crawl_the-gioi, run_id=scheduled__2025-05-04T13:00:00+00:00, execution_date=20250504T130000, start_date=20250504T135453, end_date=20250504T135501
[2025-05-04T13:55:01.079+0000] {local_task_job_runner.py:240} INFO - Task exited with return code 0
[2025-05-04T13:55:01.116+0000] {taskinstance.py:3503} INFO - 1 downstream tasks scheduled from follow-on schedule check
[2025-05-04T13:55:01.118+0000] {local_task_job_runner.py:222} INFO - ::endgroup::
