[2025-05-03T15:39:39.406+0000] {local_task_job_runner.py:120} INFO - ::group::Pre task execution logs
[2025-05-03T15:39:39.450+0000] {taskinstance.py:2076} INFO - Dependencies all met for dep_context=non-requeueable deps ti=<TaskInstance: vietnamnet_multi_category_crawler.crawl_giao-duc manual__2025-05-03T15:39:36.031223+00:00 [queued]>
[2025-05-03T15:39:39.466+0000] {taskinstance.py:2076} INFO - Dependencies all met for dep_context=requeueable deps ti=<TaskInstance: vietnamnet_multi_category_crawler.crawl_giao-duc manual__2025-05-03T15:39:36.031223+00:00 [queued]>
[2025-05-03T15:39:39.467+0000] {taskinstance.py:2306} INFO - Starting attempt 1 of 2
[2025-05-03T15:39:39.496+0000] {taskinstance.py:2330} INFO - Executing <Task(PythonOperator): crawl_giao-duc> on 2025-05-03 15:39:36.031223+00:00
[2025-05-03T15:39:39.508+0000] {warnings.py:112} WARNING - /home/***/.local/lib/python3.12/site-packages/***/task/task_runner/standard_task_runner.py:61: DeprecationWarning: This process (pid=171) is multi-threaded, use of fork() may lead to deadlocks in the child.
  pid = os.fork()

[2025-05-03T15:39:39.512+0000] {standard_task_runner.py:63} INFO - Started process 176 to run task
[2025-05-03T15:39:39.517+0000] {standard_task_runner.py:90} INFO - Running: ['***', 'tasks', 'run', 'vietnamnet_multi_category_crawler', 'crawl_giao-duc', 'manual__2025-05-03T15:39:36.031223+00:00', '--job-id', '6', '--raw', '--subdir', 'DAGS_FOLDER/dags.py', '--cfg-path', '/tmp/tmpbif_o4c9']
[2025-05-03T15:39:39.531+0000] {standard_task_runner.py:91} INFO - Job 6: Subtask crawl_giao-duc
[2025-05-03T15:39:39.655+0000] {task_command.py:426} INFO - Running <TaskInstance: vietnamnet_multi_category_crawler.crawl_giao-duc manual__2025-05-03T15:39:36.031223+00:00 [running]> on host 4b7373746518
[2025-05-03T15:39:39.871+0000] {taskinstance.py:2648} INFO - Exporting env vars: AIRFLOW_CTX_DAG_OWNER='***' AIRFLOW_CTX_DAG_ID='vietnamnet_multi_category_crawler' AIRFLOW_CTX_TASK_ID='crawl_giao-duc' AIRFLOW_CTX_EXECUTION_DATE='2025-05-03T15:39:36.031223+00:00' AIRFLOW_CTX_TRY_NUMBER='1' AIRFLOW_CTX_DAG_RUN_ID='manual__2025-05-03T15:39:36.031223+00:00'
[2025-05-03T15:39:39.873+0000] {taskinstance.py:430} INFO - ::endgroup::
[2025-05-03T15:39:41.836+0000] {logging_mixin.py:188} INFO - [INIT].... → Crawl4AI 0.6.2
[2025-05-03T15:39:53.596+0000] {logging_mixin.py:188} INFO - [FETCH]... ↓ https://vietnamnet.vn/giao-duc                                                                       | 
[2025-05-03T15:39:53.597+0000] {logging_mixin.py:188} INFO - ✓
[2025-05-03T15:39:53.599+0000] {logging_mixin.py:188} INFO -  | ⏱: 11.43s
[2025-05-03T15:39:54.562+0000] {logging_mixin.py:188} INFO - [SCRAPE].. ◆ https://vietnamnet.vn/giao-duc                                                                       | 
[2025-05-03T15:39:54.565+0000] {logging_mixin.py:188} INFO - ✓
[2025-05-03T15:39:54.567+0000] {logging_mixin.py:188} INFO -  | ⏱: 0.96s
[2025-05-03T15:39:54.571+0000] {logging_mixin.py:188} INFO - [COMPLETE] ● https://vietnamnet.vn/giao-duc                                                                       | 
[2025-05-03T15:39:54.574+0000] {logging_mixin.py:188} INFO - ✓
[2025-05-03T15:39:54.575+0000] {logging_mixin.py:188} INFO -  | ⏱: 12.40s
[2025-05-03T15:39:54.918+0000] {logging_mixin.py:188} INFO - Tìm thấy 57 link bài viết
[2025-05-03T15:39:55.249+0000] {logging_mixin.py:188} INFO - Đang crawl 5 bài viết từ danh mục giao-duc...
[2025-05-03T15:39:55.258+0000] {logging_mixin.py:188} INFO - --> Crawl: https://vietnamnet.vn/5-nam-dau-sau-1975-tphcm-co-4-giam-doc-so-gd-dt-2396452.html
[2025-05-03T15:39:57.226+0000] {logging_mixin.py:188} INFO - [INIT].... → Crawl4AI 0.6.2
[2025-05-03T15:40:11.546+0000] {logging_mixin.py:188} INFO - [FETCH]... ↓ https://vietnamnet.vn/5-nam-dau-sau-1975-tphcm-co-4-giam-doc-so-gd-dt-2396452.html                   | 
[2025-05-03T15:40:11.547+0000] {logging_mixin.py:188} INFO - ✓
[2025-05-03T15:40:11.548+0000] {logging_mixin.py:188} INFO -  | ⏱: 14.06s
[2025-05-03T15:40:12.313+0000] {logging_mixin.py:188} INFO - [SCRAPE].. ◆ https://vietnamnet.vn/5-nam-dau-sau-1975-tphcm-co-4-giam-doc-so-gd-dt-2396452.html                   | 
[2025-05-03T15:40:12.314+0000] {logging_mixin.py:188} INFO - ✓
[2025-05-03T15:40:12.316+0000] {logging_mixin.py:188} INFO -  | ⏱: 0.76s
[2025-05-03T15:40:12.318+0000] {logging_mixin.py:188} INFO - [COMPLETE] ● https://vietnamnet.vn/5-nam-dau-sau-1975-tphcm-co-4-giam-doc-so-gd-dt-2396452.html                   | 
[2025-05-03T15:40:12.320+0000] {logging_mixin.py:188} INFO - ✓
[2025-05-03T15:40:12.320+0000] {logging_mixin.py:188} INFO -  | ⏱: 14.84s
[2025-05-03T15:40:15.318+0000] {logging_mixin.py:188} INFO -     ✓ 5 năm đầu sau 1975, TPHCM có 4 Giám đốc Sở GD-ĐT...
[2025-05-03T15:40:15.319+0000] {logging_mixin.py:188} INFO - --> Crawl: https://vietnamnet.vn/kiem-diem-5-giao-vien-o-ha-noi-vi-pham-day-them-dung-hoat-dong-trung-tam-2396744.html
[2025-05-03T15:40:16.960+0000] {logging_mixin.py:188} INFO - [INIT].... → Crawl4AI 0.6.2
[2025-05-03T15:40:25.241+0000] {logging_mixin.py:188} INFO - [FETCH]... ↓ https://vietnamnet.vn/kiem-diem-5-giao-vien-o-ha...m-day-them-dung-hoat-dong-trung-tam-2396744.html  | 
[2025-05-03T15:40:25.242+0000] {logging_mixin.py:188} INFO - ✓
[2025-05-03T15:40:25.243+0000] {logging_mixin.py:188} INFO -  | ⏱: 7.93s
