[2025-05-18T09:30:17.694+0000] {local_task_job_runner.py:120} INFO - ::group::Pre task execution logs
[2025-05-18T09:30:17.723+0000] {taskinstance.py:2076} INFO - Dependencies all met for dep_context=non-requeueable deps ti=<TaskInstance: vietnamnet_crawler_24h.crawl_chinh-tri scheduled__2025-05-18T09:00:00+00:00 [queued]>
[2025-05-18T09:30:17.733+0000] {taskinstance.py:2076} INFO - Dependencies all met for dep_context=requeueable deps ti=<TaskInstance: vietnamnet_crawler_24h.crawl_chinh-tri scheduled__2025-05-18T09:00:00+00:00 [queued]>
[2025-05-18T09:30:17.733+0000] {taskinstance.py:2306} INFO - Starting attempt 1 of 2
[2025-05-18T09:30:17.748+0000] {taskinstance.py:2330} INFO - Executing <Task(PythonOperator): crawl_chinh-tri> on 2025-05-18 09:00:00+00:00
[2025-05-18T09:30:17.754+0000] {warnings.py:112} WARNING - /home/***/.local/lib/python3.12/site-packages/***/task/task_runner/standard_task_runner.py:61: DeprecationWarning: This process (pid=2974) is multi-threaded, use of fork() may lead to deadlocks in the child.
  pid = os.fork()

[2025-05-18T09:30:17.755+0000] {standard_task_runner.py:63} INFO - Started process 2975 to run task
[2025-05-18T09:30:17.756+0000] {standard_task_runner.py:90} INFO - Running: ['***', 'tasks', 'run', 'vietnamnet_crawler_24h', 'crawl_chinh-tri', 'scheduled__2025-05-18T09:00:00+00:00', '--job-id', '16', '--raw', '--subdir', 'DAGS_FOLDER/dags.py', '--cfg-path', '/tmp/tmpp7y_udwz']
[2025-05-18T09:30:17.759+0000] {standard_task_runner.py:91} INFO - Job 16: Subtask crawl_chinh-tri
[2025-05-18T09:30:17.812+0000] {task_command.py:426} INFO - Running <TaskInstance: vietnamnet_crawler_24h.crawl_chinh-tri scheduled__2025-05-18T09:00:00+00:00 [running]> on host 4a3ee431a987
[2025-05-18T09:30:17.909+0000] {taskinstance.py:2648} INFO - Exporting env vars: AIRFLOW_CTX_DAG_OWNER='***' AIRFLOW_CTX_DAG_ID='vietnamnet_crawler_24h' AIRFLOW_CTX_TASK_ID='crawl_chinh-tri' AIRFLOW_CTX_EXECUTION_DATE='2025-05-18T09:00:00+00:00' AIRFLOW_CTX_TRY_NUMBER='1' AIRFLOW_CTX_DAG_RUN_ID='scheduled__2025-05-18T09:00:00+00:00'
[2025-05-18T09:30:17.911+0000] {taskinstance.py:430} INFO - ::endgroup::
[2025-05-18T09:30:18.078+0000] {crawler.py:55} INFO - Đã kết nối thành công với MongoDB: News
[2025-05-18T09:30:18.714+0000] {logging_mixin.py:188} INFO - [INIT].... → Crawl4AI 0.6.3
[2025-05-18T09:30:22.096+0000] {logging_mixin.py:188} INFO - [FETCH]... ↓ https://vietnamnet.vn/tin-tuc-24h?bydaterang=&cate=000001          
| ✓ | ⏱: 3.30s
[2025-05-18T09:30:22.358+0000] {logging_mixin.py:188} INFO - [SCRAPE].. ◆ https://vietnamnet.vn/tin-tuc-24h?bydaterang=&cate=000001          
| ✓ | ⏱: 0.26s
[2025-05-18T09:30:22.361+0000] {logging_mixin.py:188} INFO - [COMPLETE] ● https://vietnamnet.vn/tin-tuc-24h?bydaterang=&cate=000001          
| ✓ | ⏱: 3.57s
[2025-05-18T09:30:22.722+0000] {crawler.py:85} INFO - Tìm thấy 25 link bài viết cho danh mục chinh-tri
[2025-05-18T09:30:23.511+0000] {crawler.py:110} INFO - Đã lọc: 25 URLs ban đầu -> 0 URLs sau xử lý live
[2025-05-18T09:30:23.518+0000] {crawler.py:252} INFO - Không có bài viết mới nào trong danh mục chinh-tri cần crawl.
[2025-05-18T09:30:23.594+0000] {crawler.py:294} INFO - Không có bài viết để lưu vào collection 'chinh-tri'
[2025-05-18T09:30:23.661+0000] {python.py:237} INFO - Done. Returned value was: None
[2025-05-18T09:30:23.662+0000] {taskinstance.py:441} INFO - ::group::Post task execution logs
[2025-05-18T09:30:23.676+0000] {taskinstance.py:1206} INFO - Marking task as SUCCESS. dag_id=vietnamnet_crawler_24h, task_id=crawl_chinh-tri, run_id=scheduled__2025-05-18T09:00:00+00:00, execution_date=20250518T090000, start_date=20250518T093017, end_date=20250518T093023
[2025-05-18T09:30:23.720+0000] {local_task_job_runner.py:240} INFO - Task exited with return code 0
[2025-05-18T09:30:23.757+0000] {taskinstance.py:3503} INFO - 1 downstream tasks scheduled from follow-on schedule check
[2025-05-18T09:30:23.760+0000] {local_task_job_runner.py:222} INFO - ::endgroup::
