[2025-05-15T10:27:59.628+0000] {local_task_job_runner.py:120} INFO - ::group::Pre task execution logs
[2025-05-15T10:27:59.670+0000] {taskinstance.py:2076} INFO - Dependencies all met for dep_context=non-requeueable deps ti=<TaskInstance: vietnamnet_crawler_24h.crawl_phap-luat scheduled__2025-05-15T09:30:00+00:00 [queued]>
[2025-05-15T10:27:59.683+0000] {taskinstance.py:2076} INFO - Dependencies all met for dep_context=requeueable deps ti=<TaskInstance: vietnamnet_crawler_24h.crawl_phap-luat scheduled__2025-05-15T09:30:00+00:00 [queued]>
[2025-05-15T10:27:59.684+0000] {taskinstance.py:2306} INFO - Starting attempt 1 of 2
[2025-05-15T10:27:59.706+0000] {taskinstance.py:2330} INFO - Executing <Task(PythonOperator): crawl_phap-luat> on 2025-05-15 09:30:00+00:00
[2025-05-15T10:27:59.717+0000] {warnings.py:112} WARNING - /home/***/.local/lib/python3.12/site-packages/***/task/task_runner/standard_task_runner.py:61: DeprecationWarning: This process (pid=6262) is multi-threaded, use of fork() may lead to deadlocks in the child.
  pid = os.fork()

[2025-05-15T10:27:59.720+0000] {standard_task_runner.py:63} INFO - Started process 6370 to run task
[2025-05-15T10:27:59.720+0000] {standard_task_runner.py:90} INFO - Running: ['***', 'tasks', 'run', 'vietnamnet_crawler_24h', 'crawl_phap-luat', 'scheduled__2025-05-15T09:30:00+00:00', '--job-id', '28', '--raw', '--subdir', 'DAGS_FOLDER/dags.py', '--cfg-path', '/tmp/tmpj9_vr86t']
[2025-05-15T10:27:59.725+0000] {standard_task_runner.py:91} INFO - Job 28: Subtask crawl_phap-luat
[2025-05-15T10:27:59.807+0000] {task_command.py:426} INFO - Running <TaskInstance: vietnamnet_crawler_24h.crawl_phap-luat scheduled__2025-05-15T09:30:00+00:00 [running]> on host 45f6bdc6b965
[2025-05-15T10:27:59.943+0000] {taskinstance.py:2648} INFO - Exporting env vars: AIRFLOW_CTX_DAG_OWNER='***' AIRFLOW_CTX_DAG_ID='vietnamnet_crawler_24h' AIRFLOW_CTX_TASK_ID='crawl_phap-luat' AIRFLOW_CTX_EXECUTION_DATE='2025-05-15T09:30:00+00:00' AIRFLOW_CTX_TRY_NUMBER='1' AIRFLOW_CTX_DAG_RUN_ID='scheduled__2025-05-15T09:30:00+00:00'
[2025-05-15T10:27:59.945+0000] {taskinstance.py:430} INFO - ::endgroup::
[2025-05-15T10:28:00.285+0000] {crawler.py:54} INFO - Đã kết nối thành công với MongoDB: News
[2025-05-15T10:28:00.606+0000] {crawler.py:44} INFO - ArticleSummarizer đã được khởi tạo thành công
[2025-05-15T10:28:01.856+0000] {logging_mixin.py:188} INFO - [INIT].... → Crawl4AI 0.6.2
[2025-05-15T10:28:06.600+0000] {logging_mixin.py:188} INFO - [FETCH]... ↓ https://vietnamnet.vn/tin-tuc-24h?bydaterang=&cate=000008                                            | 
[2025-05-15T10:28:06.606+0000] {logging_mixin.py:188} INFO - ✓
[2025-05-15T10:28:06.609+0000] {logging_mixin.py:188} INFO -  | ⏱: 4.60s
[2025-05-15T10:28:07.235+0000] {logging_mixin.py:188} INFO - [SCRAPE].. ◆ https://vietnamnet.vn/tin-tuc-24h?bydaterang=&cate=000008                                            | 
[2025-05-15T10:28:07.239+0000] {logging_mixin.py:188} INFO - ✓
[2025-05-15T10:28:07.263+0000] {logging_mixin.py:188} INFO -  | ⏱: 0.62s
[2025-05-15T10:28:07.270+0000] {logging_mixin.py:188} INFO - [COMPLETE] ● https://vietnamnet.vn/tin-tuc-24h?bydaterang=&cate=000008                                            | 
[2025-05-15T10:28:07.271+0000] {logging_mixin.py:188} INFO - ✓
[2025-05-15T10:28:07.272+0000] {logging_mixin.py:188} INFO -  | ⏱: 5.27s
[2025-05-15T10:28:07.950+0000] {crawler.py:84} INFO - Tìm thấy 25 link bài viết cho danh mục phap-luat
[2025-05-15T10:28:10.483+0000] {crawler.py:103} INFO - Đã lọc: 25 URLs ban đầu -> 0 URLs mới
[2025-05-15T10:28:10.484+0000] {crawler.py:222} INFO - Không có bài viết mới nào trong danh mục phap-luat cần crawl.
[2025-05-15T10:28:10.485+0000] {crawler.py:257} INFO - Không có bài viết để lưu vào collection 'phap-luat'
[2025-05-15T10:28:10.548+0000] {python.py:237} INFO - Done. Returned value was: None
[2025-05-15T10:28:10.549+0000] {taskinstance.py:441} INFO - ::group::Post task execution logs
[2025-05-15T10:28:10.562+0000] {taskinstance.py:1206} INFO - Marking task as SUCCESS. dag_id=vietnamnet_crawler_24h, task_id=crawl_phap-luat, run_id=scheduled__2025-05-15T09:30:00+00:00, execution_date=20250515T093000, start_date=20250515T102759, end_date=20250515T102810
[2025-05-15T10:28:10.624+0000] {local_task_job_runner.py:240} INFO - Task exited with return code 0
[2025-05-15T10:28:10.670+0000] {taskinstance.py:3503} INFO - 1 downstream tasks scheduled from follow-on schedule check
[2025-05-15T10:28:10.674+0000] {local_task_job_runner.py:222} INFO - ::endgroup::
