[2025-05-11T17:53:28.222+0000] {local_task_job_runner.py:120} INFO - ::group::Pre task execution logs
[2025-05-11T17:53:28.244+0000] {taskinstance.py:2076} INFO - Dependencies all met for dep_context=non-requeueable deps ti=<TaskInstance: vietnamnet_crawler_24h.clean_old_articles scheduled__2025-05-11T17:00:00+00:00 [queued]>
[2025-05-11T17:53:28.251+0000] {taskinstance.py:2076} INFO - Dependencies all met for dep_context=requeueable deps ti=<TaskInstance: vietnamnet_crawler_24h.clean_old_articles scheduled__2025-05-11T17:00:00+00:00 [queued]>
[2025-05-11T17:53:28.252+0000] {taskinstance.py:2306} INFO - Starting attempt 1 of 2
[2025-05-11T17:53:28.268+0000] {taskinstance.py:2330} INFO - Executing <Task(PythonOperator): clean_old_articles> on 2025-05-11 17:00:00+00:00
[2025-05-11T17:53:28.274+0000] {warnings.py:112} WARNING - /home/***/.local/lib/python3.12/site-packages/***/task/task_runner/standard_task_runner.py:61: DeprecationWarning: This process (pid=17516) is multi-threaded, use of fork() may lead to deadlocks in the child.
  pid = os.fork()

[2025-05-11T17:53:28.276+0000] {standard_task_runner.py:63} INFO - Started process 17518 to run task
[2025-05-11T17:53:28.276+0000] {standard_task_runner.py:90} INFO - Running: ['***', 'tasks', 'run', 'vietnamnet_crawler_24h', 'clean_old_articles', 'scheduled__2025-05-11T17:00:00+00:00', '--job-id', '9', '--raw', '--subdir', 'DAGS_FOLDER/dags.py', '--cfg-path', '/tmp/tmpq3d4pr52']
[2025-05-11T17:53:28.279+0000] {standard_task_runner.py:91} INFO - Job 9: Subtask clean_old_articles
[2025-05-11T17:53:28.326+0000] {task_command.py:426} INFO - Running <TaskInstance: vietnamnet_crawler_24h.clean_old_articles scheduled__2025-05-11T17:00:00+00:00 [running]> on host 2e5e0a2a1f8e
[2025-05-11T17:53:28.413+0000] {taskinstance.py:2648} INFO - Exporting env vars: AIRFLOW_CTX_DAG_OWNER='***' AIRFLOW_CTX_DAG_ID='vietnamnet_crawler_24h' AIRFLOW_CTX_TASK_ID='clean_old_articles' AIRFLOW_CTX_EXECUTION_DATE='2025-05-11T17:00:00+00:00' AIRFLOW_CTX_TRY_NUMBER='1' AIRFLOW_CTX_DAG_RUN_ID='scheduled__2025-05-11T17:00:00+00:00'
[2025-05-11T17:53:28.415+0000] {taskinstance.py:430} INFO - ::endgroup::
[2025-05-11T17:53:28.705+0000] {database_cleaner.py:33} INFO - Đã kết nối MongoDB: News
[2025-05-11T17:53:28.707+0000] {database_cleaner.py:102} INFO - Xóa các bài viết trước: 2025-04-11T00:53:28.707851+07:00
[2025-05-11T17:53:29.886+0000] {database_cleaner.py:125} INFO - Collection 'cong-nghe': 0 bài bị xóa
[2025-05-11T17:53:30.339+0000] {database_cleaner.py:125} INFO - Collection 'the-gioi': 0 bài bị xóa
[2025-05-11T17:53:30.924+0000] {database_cleaner.py:125} INFO - Collection 'chinh-tri': 0 bài bị xóa
[2025-05-11T17:53:31.110+0000] {database_cleaner.py:125} INFO - Collection 'phap-luat': 0 bài bị xóa
[2025-05-11T17:53:31.363+0000] {database_cleaner.py:125} INFO - Collection 'doi-song': 0 bài bị xóa
[2025-05-11T17:53:31.717+0000] {database_cleaner.py:125} INFO - Collection 'giao-duc': 0 bài bị xóa
[2025-05-11T17:53:31.773+0000] {database_cleaner.py:42} INFO - Đã đóng kết nối MongoDB
[2025-05-11T17:53:31.775+0000] {database_cleaner.py:142} INFO - Đã xóa tổng cộng 0 bài, còn lại 1930
[2025-05-11T17:53:31.776+0000] {python.py:237} INFO - Done. Returned value was: {'cong-nghe': {'total': 174, 'deleted': 0, 'remaining': 174}, 'the-gioi': {'total': 424, 'deleted': 0, 'remaining': 424}, 'chinh-tri': {'total': 570, 'deleted': 0, 'remaining': 570}, 'phap-luat': {'total': 200, 'deleted': 0, 'remaining': 200}, 'doi-song': {'total': 253, 'deleted': 0, 'remaining': 253}, 'giao-duc': {'total': 309, 'deleted': 0, 'remaining': 309}}
[2025-05-11T17:53:31.777+0000] {taskinstance.py:441} INFO - ::group::Post task execution logs
[2025-05-11T17:53:31.816+0000] {taskinstance.py:1206} INFO - Marking task as SUCCESS. dag_id=vietnamnet_crawler_24h, task_id=clean_old_articles, run_id=scheduled__2025-05-11T17:00:00+00:00, execution_date=20250511T170000, start_date=20250511T175328, end_date=20250511T175331
[2025-05-11T17:53:31.866+0000] {local_task_job_runner.py:240} INFO - Task exited with return code 0
[2025-05-11T17:53:31.893+0000] {taskinstance.py:3503} INFO - 1 downstream tasks scheduled from follow-on schedule check
[2025-05-11T17:53:31.912+0000] {local_task_job_runner.py:222} INFO - ::endgroup::
