[2025-05-17T12:52:16.860+0000] {local_task_job_runner.py:120} INFO - ::group::Pre task execution logs
[2025-05-17T12:52:16.880+0000] {taskinstance.py:2076} INFO - Dependencies all met for dep_context=non-requeueable deps ti=<TaskInstance: vietnamnet_crawler_24h.crawl_the-gioi manual__2025-05-17T12:50:13.092896+00:00 [queued]>
[2025-05-17T12:52:16.888+0000] {taskinstance.py:2076} INFO - Dependencies all met for dep_context=requeueable deps ti=<TaskInstance: vietnamnet_crawler_24h.crawl_the-gioi manual__2025-05-17T12:50:13.092896+00:00 [queued]>
[2025-05-17T12:52:16.889+0000] {taskinstance.py:2306} INFO - Starting attempt 1 of 2
[2025-05-17T12:52:16.927+0000] {taskinstance.py:2330} INFO - Executing <Task(PythonOperator): crawl_the-gioi> on 2025-05-17 12:50:13.092896+00:00
[2025-05-17T12:52:16.932+0000] {warnings.py:112} WARNING - /home/***/.local/lib/python3.12/site-packages/***/task/task_runner/standard_task_runner.py:61: DeprecationWarning: This process (pid=18511) is multi-threaded, use of fork() may lead to deadlocks in the child.
  pid = os.fork()

[2025-05-17T12:52:16.933+0000] {standard_task_runner.py:63} INFO - Started process 18512 to run task
[2025-05-17T12:52:16.934+0000] {standard_task_runner.py:90} INFO - Running: ['***', 'tasks', 'run', 'vietnamnet_crawler_24h', 'crawl_the-gioi', 'manual__2025-05-17T12:50:13.092896+00:00', '--job-id', '170', '--raw', '--subdir', 'DAGS_FOLDER/dags.py', '--cfg-path', '/tmp/tmpm18p7az5']
[2025-05-17T12:52:16.936+0000] {standard_task_runner.py:91} INFO - Job 170: Subtask crawl_the-gioi
[2025-05-17T12:52:16.986+0000] {task_command.py:426} INFO - Running <TaskInstance: vietnamnet_crawler_24h.crawl_the-gioi manual__2025-05-17T12:50:13.092896+00:00 [running]> on host 60d771d880eb
[2025-05-17T12:52:17.123+0000] {taskinstance.py:2648} INFO - Exporting env vars: AIRFLOW_CTX_DAG_OWNER='***' AIRFLOW_CTX_DAG_ID='vietnamnet_crawler_24h' AIRFLOW_CTX_TASK_ID='crawl_the-gioi' AIRFLOW_CTX_EXECUTION_DATE='2025-05-17T12:50:13.092896+00:00' AIRFLOW_CTX_TRY_NUMBER='1' AIRFLOW_CTX_DAG_RUN_ID='manual__2025-05-17T12:50:13.092896+00:00'
[2025-05-17T12:52:17.124+0000] {taskinstance.py:430} INFO - ::endgroup::
[2025-05-17T12:52:17.282+0000] {crawler.py:55} INFO - Đã kết nối thành công với MongoDB: News
[2025-05-17T12:52:17.859+0000] {logging_mixin.py:188} INFO - [INIT].... → Crawl4AI 0.6.2
[2025-05-17T12:52:21.140+0000] {logging_mixin.py:188} INFO - [FETCH]... ↓ https://vietnamnet.vn/tin-tuc-24h?bydaterang=&cate=000005                                            | 
[2025-05-17T12:52:21.141+0000] {logging_mixin.py:188} INFO - ✓
[2025-05-17T12:52:21.141+0000] {logging_mixin.py:188} INFO -  | ⏱: 3.20s
[2025-05-17T12:52:21.328+0000] {logging_mixin.py:188} INFO - [SCRAPE].. ◆ https://vietnamnet.vn/tin-tuc-24h?bydaterang=&cate=000005                                            | 
[2025-05-17T12:52:21.329+0000] {logging_mixin.py:188} INFO - ✓
[2025-05-17T12:52:21.330+0000] {logging_mixin.py:188} INFO -  | ⏱: 0.19s
[2025-05-17T12:52:21.331+0000] {logging_mixin.py:188} INFO - [COMPLETE] ● https://vietnamnet.vn/tin-tuc-24h?bydaterang=&cate=000005                                            | 
[2025-05-17T12:52:21.332+0000] {logging_mixin.py:188} INFO - ✓
[2025-05-17T12:52:21.333+0000] {logging_mixin.py:188} INFO -  | ⏱: 3.40s
[2025-05-17T12:52:21.408+0000] {crawler.py:85} INFO - Tìm thấy 25 link bài viết cho danh mục the-gioi
[2025-05-17T12:52:23.593+0000] {crawler.py:110} INFO - Đã lọc: 25 URLs ban đầu -> 10 URLs sau xử lý live
[2025-05-17T12:52:23.594+0000] {crawler.py:255} INFO - Đang crawl 10 bài viết mới từ danh mục the-gioi...
[2025-05-17T12:52:23.594+0000] {crawler.py:258} INFO - --> Crawl: https://vietnamnet.vn/ukraine-cong-bo-ton-that-cua-nga-dung-uav-pha-kho-dan-o-crum-2402159.html
[2025-05-17T12:52:24.529+0000] {logging_mixin.py:188} INFO - [INIT].... → Crawl4AI 0.6.2
[2025-05-17T12:52:29.198+0000] {logging_mixin.py:188} INFO - [FETCH]... ↓ https://vietnamnet.vn/ukraine-cong-bo-ton-that-cua-nga-dung-uav-pha-kho-dan-o-crum-2402159.html      | 
[2025-05-17T12:52:29.199+0000] {logging_mixin.py:188} INFO - ✓
[2025-05-17T12:52:29.200+0000] {logging_mixin.py:188} INFO -  | ⏱: 4.56s
[2025-05-17T12:52:29.528+0000] {logging_mixin.py:188} INFO - [SCRAPE].. ◆ https://vietnamnet.vn/ukraine-cong-bo-ton-that-cua-nga-dung-uav-pha-kho-dan-o-crum-2402159.html      | 
[2025-05-17T12:52:29.529+0000] {logging_mixin.py:188} INFO - ✓
[2025-05-17T12:52:29.530+0000] {logging_mixin.py:188} INFO -  | ⏱: 0.33s
[2025-05-17T12:52:29.531+0000] {logging_mixin.py:188} INFO - [COMPLETE] ● https://vietnamnet.vn/ukraine-cong-bo-ton-that-cua-nga-dung-uav-pha-kho-dan-o-crum-2402159.html      | 
[2025-05-17T12:52:29.532+0000] {logging_mixin.py:188} INFO - ✓
[2025-05-17T12:52:29.532+0000] {logging_mixin.py:188} INFO -  | ⏱: 4.90s
[2025-05-17T12:52:30.155+0000] {crawler.py:262} INFO -     ✓ Ukraine công bố tổn thất của Nga, dùng UAV phá kho đạn ở Crư...

[2025-05-17T12:52:30.156+0000] {crawler.py:258} INFO - --> Crawl: https://vietnamnet.vn/nhieu-nuoc-eu-khong-hai-long-ve-thoa-thuan-thuong-mai-giua-my-va-anh-2402063.html
[2025-05-17T12:52:31.060+0000] {logging_mixin.py:188} INFO - [INIT].... → Crawl4AI 0.6.2
[2025-05-17T12:52:35.817+0000] {logging_mixin.py:188} INFO - [FETCH]... ↓ https://vietnamnet.vn/nhieu-nuoc-eu-khong-hai-lo...hoa-thuan-thuong-mai-giua-my-va-anh-2402063.html  | 
[2025-05-17T12:52:35.818+0000] {logging_mixin.py:188} INFO - ✓
[2025-05-17T12:52:35.819+0000] {logging_mixin.py:188} INFO -  | ⏱: 4.63s
[2025-05-17T12:52:36.033+0000] {logging_mixin.py:188} INFO - [SCRAPE].. ◆ https://vietnamnet.vn/nhieu-nuoc-eu-khong-hai-lo...hoa-thuan-thuong-mai-giua-my-va-anh-2402063.html  | 
[2025-05-17T12:52:36.034+0000] {logging_mixin.py:188} INFO - ✓
[2025-05-17T12:52:36.035+0000] {logging_mixin.py:188} INFO -  | ⏱: 0.21s
[2025-05-17T12:52:36.036+0000] {logging_mixin.py:188} INFO - [COMPLETE] ● https://vietnamnet.vn/nhieu-nuoc-eu-khong-hai-lo...hoa-thuan-thuong-mai-giua-my-va-anh-2402063.html  | 
[2025-05-17T12:52:36.036+0000] {logging_mixin.py:188} INFO - ✓
[2025-05-17T12:52:36.037+0000] {logging_mixin.py:188} INFO -  | ⏱: 4.85s
[2025-05-17T12:52:37.094+0000] {crawler.py:262} INFO -     ✓ EU lên án thỏa thuận thương mại Mỹ - Anh...

[2025-05-17T12:52:37.094+0000] {crawler.py:258} INFO - --> Crawl: https://vietnamnet.vn/phuong-tien-chien-dau-dan-thay-the-xe-tang-nga-tren-tien-tuyen-ukraine-2400163.html
[2025-05-17T12:52:37.665+0000] {logging_mixin.py:188} INFO - [INIT].... → Crawl4AI 0.6.2
[2025-05-17T12:52:41.659+0000] {logging_mixin.py:188} INFO - [FETCH]... ↓ https://vietnamnet.vn/phuong-tien-chien-dau-dan-...xe-tang-nga-tren-tien-tuyen-ukraine-2400163.html  | 
[2025-05-17T12:52:41.660+0000] {logging_mixin.py:188} INFO - ✓
[2025-05-17T12:52:41.661+0000] {logging_mixin.py:188} INFO -  | ⏱: 3.93s
[2025-05-17T12:52:41.892+0000] {logging_mixin.py:188} INFO - [SCRAPE].. ◆ https://vietnamnet.vn/phuong-tien-chien-dau-dan-...xe-tang-nga-tren-tien-tuyen-ukraine-2400163.html  | 
[2025-05-17T12:52:41.893+0000] {logging_mixin.py:188} INFO - ✓
[2025-05-17T12:52:41.893+0000] {logging_mixin.py:188} INFO -  | ⏱: 
[2025-05-17T12:52:41.894+0000] {logging_mixin.py:188} INFO - 0.23
[2025-05-17T12:52:41.894+0000] {logging_mixin.py:188} INFO - s
[2025-05-17T12:52:41.895+0000] {logging_mixin.py:188} INFO - [COMPLETE] ● https://vietnamnet.vn/phuong-tien-chien-dau-dan-...xe-tang-nga-tren-tien-tuyen-ukraine-2400163.html  | 
[2025-05-17T12:52:41.895+0000] {logging_mixin.py:188} INFO - ✓
[2025-05-17T12:52:41.896+0000] {logging_mixin.py:188} INFO -  | ⏱: 4.17s
[2025-05-17T12:52:42.970+0000] {crawler.py:262} INFO -     ✓ Phương tiện chiến đấu dần thay thế xe tăng Nga trên tiền tuy...

[2025-05-17T12:52:42.970+0000] {crawler.py:258} INFO - --> Crawl: https://vietnamnet.vn/doi-canh-sat-chuyen-canh-cao-nguoi-di-bo-voi-vang-huyt-sao-giua-duong-2401478.html
[2025-05-17T12:52:43.534+0000] {logging_mixin.py:188} INFO - [INIT].... → Crawl4AI 0.6.2
[2025-05-17T12:52:47.611+0000] {logging_mixin.py:188} INFO - [FETCH]... ↓ https://vietnamnet.vn/doi-canh-sat-chuyen-canh-c...-di-bo-voi-vang-huyt-sao-giua-duong-2401478.html  | 
[2025-05-17T12:52:47.612+0000] {logging_mixin.py:188} INFO - ✓
[2025-05-17T12:52:47.613+0000] {logging_mixin.py:188} INFO -  | ⏱: 4.02s
[2025-05-17T12:52:47.750+0000] {logging_mixin.py:188} INFO - [SCRAPE].. ◆ https://vietnamnet.vn/doi-canh-sat-chuyen-canh-c...-di-bo-voi-vang-huyt-sao-giua-duong-2401478.html  | 
[2025-05-17T12:52:47.750+0000] {logging_mixin.py:188} INFO - ✓
[2025-05-17T12:52:47.751+0000] {logging_mixin.py:188} INFO -  | ⏱: 0.14s
[2025-05-17T12:52:47.752+0000] {logging_mixin.py:188} INFO - [COMPLETE] ● https://vietnamnet.vn/doi-canh-sat-chuyen-canh-c...-di-bo-voi-vang-huyt-sao-giua-duong-2401478.html  | 
[2025-05-17T12:52:47.753+0000] {logging_mixin.py:188} INFO - ✓
[2025-05-17T12:52:47.753+0000] {logging_mixin.py:188} INFO -  | ⏱: 4.16s
[2025-05-17T12:52:48.094+0000] {crawler.py:262} INFO -     ✓ Đội cảnh sát chuyên cảnh cáo người đi bộ vội vàng, huýt sáo ...

[2025-05-17T12:52:48.095+0000] {crawler.py:258} INFO - --> Crawl: https://vietnamnet.vn/ukraine-cho-doi-cuoc-gap-giua-tong-thong-putin-va-tong-thong-zelensky-2401994.html
[2025-05-17T12:52:48.715+0000] {logging_mixin.py:188} INFO - [INIT].... → Crawl4AI 0.6.2
[2025-05-17T12:52:51.853+0000] {logging_mixin.py:188} INFO - [FETCH]... ↓ https://vietnamnet.vn/ukraine-cho-doi-cuoc-gap-g...-thong-putin-va-tong-thong-zelensky-2401994.html  | 
[2025-05-17T12:52:51.854+0000] {logging_mixin.py:188} INFO - ✓
[2025-05-17T12:52:51.854+0000] {logging_mixin.py:188} INFO -  | ⏱: 3.08s
[2025-05-17T12:52:52.028+0000] {logging_mixin.py:188} INFO - [SCRAPE].. ◆ https://vietnamnet.vn/ukraine-cho-doi-cuoc-gap-g...-thong-putin-va-tong-thong-zelensky-2401994.html  | 
[2025-05-17T12:52:52.029+0000] {logging_mixin.py:188} INFO - ✓
[2025-05-17T12:52:52.029+0000] {logging_mixin.py:188} INFO -  | ⏱: 0.17s
[2025-05-17T12:52:52.030+0000] {logging_mixin.py:188} INFO - [COMPLETE] ● https://vietnamnet.vn/ukraine-cho-doi-cuoc-gap-g...-thong-putin-va-tong-thong-zelensky-2401994.html  | 
[2025-05-17T12:52:52.031+0000] {logging_mixin.py:188} INFO - ✓
[2025-05-17T12:52:52.031+0000] {logging_mixin.py:188} INFO -  | ⏱: 3.26s
[2025-05-17T12:52:52.553+0000] {crawler.py:262} INFO -     ✓ Ukraine chờ đợi cuộc gặp giữa Tổng thống Putin và Tổng thống...

[2025-05-17T12:52:52.554+0000] {crawler.py:258} INFO - --> Crawl: https://vietnamnet.vn/video-ukraine-vo-hieu-hoa-nhieu-xe-tang-xe-thiet-giap-cua-nga-2401780.html
[2025-05-17T12:52:53.116+0000] {logging_mixin.py:188} INFO - [INIT].... → Crawl4AI 0.6.2
[2025-05-17T12:52:56.423+0000] {logging_mixin.py:188} INFO - [FETCH]... ↓ https://vietnamnet.vn/video-ukraine-vo-hieu-hoa-nhieu-xe-tang-xe-thiet-giap-cua-nga-2401780.html     | 
[2025-05-17T12:52:56.423+0000] {logging_mixin.py:188} INFO - ✓
[2025-05-17T12:52:56.424+0000] {logging_mixin.py:188} INFO -  | ⏱: 3.25s
[2025-05-17T12:52:56.645+0000] {logging_mixin.py:188} INFO - [SCRAPE].. ◆ https://vietnamnet.vn/video-ukraine-vo-hieu-hoa-nhieu-xe-tang-xe-thiet-giap-cua-nga-2401780.html     | 
[2025-05-17T12:52:56.645+0000] {logging_mixin.py:188} INFO - ✓
[2025-05-17T12:52:56.646+0000] {logging_mixin.py:188} INFO -  | ⏱: 0.22s
[2025-05-17T12:52:56.647+0000] {logging_mixin.py:188} INFO - [COMPLETE] ● https://vietnamnet.vn/video-ukraine-vo-hieu-hoa-nhieu-xe-tang-xe-thiet-giap-cua-nga-2401780.html     | 
[2025-05-17T12:52:56.648+0000] {logging_mixin.py:188} INFO - ✓
[2025-05-17T12:52:56.648+0000] {logging_mixin.py:188} INFO -  | ⏱: 3.48s
[2025-05-17T12:52:57.598+0000] {crawler.py:262} INFO -     ✓ Video Ukraine vô hiệu hóa nhiều xe tăng, xe thiết giáp của N...

[2025-05-17T12:52:57.598+0000] {crawler.py:258} INFO - --> Crawl: https://vietnamnet.vn/ong-trump-dung-dam-phan-chuan-bi-cong-bo-muc-thue-moi-voi-cac-doi-tac-2401991.html
[2025-05-17T12:52:58.122+0000] {logging_mixin.py:188} INFO - [INIT].... → Crawl4AI 0.6.2
[2025-05-17T12:53:02.061+0000] {logging_mixin.py:188} INFO - [FETCH]... ↓ https://vietnamnet.vn/ong-trump-dung-dam-phan-ch...ong-bo-muc-thue-moi-voi-cac-doi-tac-2401991.html  | 
[2025-05-17T12:53:02.062+0000] {logging_mixin.py:188} INFO - ✓
[2025-05-17T12:53:02.063+0000] {logging_mixin.py:188} INFO -  | ⏱: 3.89s
[2025-05-17T12:53:02.278+0000] {logging_mixin.py:188} INFO - [SCRAPE].. ◆ https://vietnamnet.vn/ong-trump-dung-dam-phan-ch...ong-bo-muc-thue-moi-voi-cac-doi-tac-2401991.html  | 
[2025-05-17T12:53:02.280+0000] {logging_mixin.py:188} INFO - ✓
[2025-05-17T12:53:02.280+0000] {logging_mixin.py:188} INFO -  | ⏱: 0.21s
[2025-05-17T12:53:02.282+0000] {logging_mixin.py:188} INFO - [COMPLETE] ● https://vietnamnet.vn/ong-trump-dung-dam-phan-ch...ong-bo-muc-thue-moi-voi-cac-doi-tac-2401991.html  | 
[2025-05-17T12:53:02.282+0000] {logging_mixin.py:188} INFO - ✓
[2025-05-17T12:53:02.283+0000] {logging_mixin.py:188} INFO -  | ⏱: 4.11s
[2025-05-17T12:53:03.259+0000] {crawler.py:262} INFO -     ✓ Ông Trump dừng đàm phán, chuẩn bị công bố mức thuế mới với c...

[2025-05-17T12:53:03.259+0000] {crawler.py:258} INFO - --> Crawl: https://vietnamnet.vn/tong-thong-trump-cao-buoc-cuu-giam-doc-fbi-keu-goi-am-sat-ong-2402134.html
[2025-05-17T12:53:03.954+0000] {logging_mixin.py:188} INFO - [INIT].... → Crawl4AI 0.6.2
[2025-05-17T12:53:08.937+0000] {logging_mixin.py:188} INFO - [FETCH]... ↓ https://vietnamnet.vn/tong-thong-trump-cao-buoc-cuu-giam-doc-fbi-keu-goi-am-sat-ong-2402134.html     | 
[2025-05-17T12:53:08.938+0000] {logging_mixin.py:188} INFO - ✓
[2025-05-17T12:53:08.939+0000] {logging_mixin.py:188} INFO -  | ⏱: 4.92s
[2025-05-17T12:53:09.223+0000] {logging_mixin.py:188} INFO - [SCRAPE].. ◆ https://vietnamnet.vn/tong-thong-trump-cao-buoc-cuu-giam-doc-fbi-keu-goi-am-sat-ong-2402134.html     | 
[2025-05-17T12:53:09.224+0000] {logging_mixin.py:188} INFO - ✓
[2025-05-17T12:53:09.225+0000] {logging_mixin.py:188} INFO -  | ⏱: 0.28s
[2025-05-17T12:53:09.226+0000] {logging_mixin.py:188} INFO - [COMPLETE] ● https://vietnamnet.vn/tong-thong-trump-cao-buoc-cuu-giam-doc-fbi-keu-goi-am-sat-ong-2402134.html     | 
[2025-05-17T12:53:09.227+0000] {logging_mixin.py:188} INFO - ✓
[2025-05-17T12:53:09.227+0000] {logging_mixin.py:188} INFO -  | ⏱: 5.21s
[2025-05-17T12:53:09.734+0000] {crawler.py:262} INFO -     ✓ Tổng thống Trump cáo buộc cựu giám đốc FBI kêu gọi ám sát ôn...

[2025-05-17T12:53:09.735+0000] {crawler.py:258} INFO - --> Crawl: https://vietnamnet.vn/ong-trump-doa-phat-nang-nga-neu-khong-dat-thoa-thuan-hoa-binh-voi-ukraine-2402035.html
[2025-05-17T12:53:10.283+0000] {logging_mixin.py:188} INFO - [INIT].... → Crawl4AI 0.6.2
[2025-05-17T12:53:13.237+0000] {logging_mixin.py:188} INFO - [FETCH]... ↓ https://vietnamnet.vn/ong-trump-doa-phat-nang-ng...dat-thoa-thuan-hoa-binh-voi-ukraine-2402035.html  | 
[2025-05-17T12:53:13.238+0000] {logging_mixin.py:188} INFO - ✓
[2025-05-17T12:53:13.239+0000] {logging_mixin.py:188} INFO -  | ⏱: 2.89s
[2025-05-17T12:53:13.431+0000] {logging_mixin.py:188} INFO - [SCRAPE].. ◆ https://vietnamnet.vn/ong-trump-doa-phat-nang-ng...dat-thoa-thuan-hoa-binh-voi-ukraine-2402035.html  | 
[2025-05-17T12:53:13.431+0000] {logging_mixin.py:188} INFO - ✓
[2025-05-17T12:53:13.432+0000] {logging_mixin.py:188} INFO -  | ⏱: 
[2025-05-17T12:53:13.432+0000] {logging_mixin.py:188} INFO - 0.19
[2025-05-17T12:53:13.433+0000] {logging_mixin.py:188} INFO - s
[2025-05-17T12:53:13.434+0000] {logging_mixin.py:188} INFO - [COMPLETE] ● https://vietnamnet.vn/ong-trump-doa-phat-nang-ng...dat-thoa-thuan-hoa-binh-voi-ukraine-2402035.html  | 
[2025-05-17T12:53:13.435+0000] {logging_mixin.py:188} INFO - ✓
[2025-05-17T12:53:13.435+0000] {logging_mixin.py:188} INFO -  | ⏱: 3.09s
[2025-05-17T12:53:14.689+0000] {crawler.py:262} INFO -     ✓ Ông Trump dọa phạt nặng Nga nếu không đạt thỏa thuận hòa bìn...

[2025-05-17T12:53:14.690+0000] {crawler.py:258} INFO - --> Crawl: https://vietnamnet.vn/dien-kremlin-noi-ve-kha-nang-dam-phan-truc-tiep-putin-zelensky-2402179.html
[2025-05-17T12:53:15.232+0000] {logging_mixin.py:188} INFO - [INIT].... → Crawl4AI 0.6.2
[2025-05-17T12:53:18.572+0000] {logging_mixin.py:188} INFO - [FETCH]... ↓ https://vietnamnet.vn/dien-kremlin-noi-ve-kha-nang-dam-phan-truc-tiep-putin-zelensky-2402179.html    | 
[2025-05-17T12:53:18.573+0000] {logging_mixin.py:188} INFO - ✓
[2025-05-17T12:53:18.573+0000] {logging_mixin.py:188} INFO -  | ⏱: 3.28s
[2025-05-17T12:53:18.781+0000] {logging_mixin.py:188} INFO - [SCRAPE].. ◆ https://vietnamnet.vn/dien-kremlin-noi-ve-kha-nang-dam-phan-truc-tiep-putin-zelensky-2402179.html    | 
[2025-05-17T12:53:18.782+0000] {logging_mixin.py:188} INFO - ✓
[2025-05-17T12:53:18.782+0000] {logging_mixin.py:188} INFO -  | ⏱: 0.21s
[2025-05-17T12:53:18.783+0000] {logging_mixin.py:188} INFO - [COMPLETE] ● https://vietnamnet.vn/dien-kremlin-noi-ve-kha-nang-dam-phan-truc-tiep-putin-zelensky-2402179.html    | 
[2025-05-17T12:53:18.784+0000] {logging_mixin.py:188} INFO - ✓
[2025-05-17T12:53:18.785+0000] {logging_mixin.py:188} INFO -  | ⏱: 3.49s
[2025-05-17T12:53:19.689+0000] {crawler.py:262} INFO -     ✓ Điện Kremlin nói về khả năng đàm phán trực tiếp Putin - Zele...

[2025-05-17T12:53:19.689+0000] {crawler.py:265} INFO - ⏱️  Tổng thời gian crawl: 62.41 giây
[2025-05-17T12:53:19.986+0000] {crawler.py:292} INFO - Đã lưu 10 bài viết vào collection 'the-gioi'
[2025-05-17T12:53:20.057+0000] {python.py:237} INFO - Done. Returned value was: None
[2025-05-17T12:53:20.058+0000] {taskinstance.py:441} INFO - ::group::Post task execution logs
[2025-05-17T12:53:20.075+0000] {taskinstance.py:1206} INFO - Marking task as SUCCESS. dag_id=vietnamnet_crawler_24h, task_id=crawl_the-gioi, run_id=manual__2025-05-17T12:50:13.092896+00:00, execution_date=20250517T125013, start_date=20250517T125216, end_date=20250517T125320
[2025-05-17T12:53:20.126+0000] {local_task_job_runner.py:240} INFO - Task exited with return code 0
[2025-05-17T12:53:20.148+0000] {taskinstance.py:3503} INFO - 1 downstream tasks scheduled from follow-on schedule check
[2025-05-17T12:53:20.160+0000] {local_task_job_runner.py:222} INFO - ::endgroup::
