[2025-05-16T09:49:52.396+0000] {local_task_job_runner.py:120} INFO - ::group::Pre task execution logs
[2025-05-16T09:49:52.419+0000] {taskinstance.py:2076} INFO - Dependencies all met for dep_context=non-requeueable deps ti=<TaskInstance: vietnamnet_crawler_24h.crawl_cong-nghe manual__2025-05-16T09:48:57.718399+00:00 [queued]>
[2025-05-16T09:49:52.426+0000] {taskinstance.py:2076} INFO - Dependencies all met for dep_context=requeueable deps ti=<TaskInstance: vietnamnet_crawler_24h.crawl_cong-nghe manual__2025-05-16T09:48:57.718399+00:00 [queued]>
[2025-05-16T09:49:52.427+0000] {taskinstance.py:2306} INFO - Starting attempt 1 of 2
[2025-05-16T09:49:52.440+0000] {taskinstance.py:2330} INFO - Executing <Task(PythonOperator): crawl_cong-nghe> on 2025-05-16 09:48:57.718399+00:00
[2025-05-16T09:49:52.449+0000] {warnings.py:112} WARNING - /home/***/.local/lib/python3.12/site-packages/***/task/task_runner/standard_task_runner.py:61: DeprecationWarning: This process (pid=1651) is multi-threaded, use of fork() may lead to deadlocks in the child.
  pid = os.fork()

[2025-05-16T09:49:52.450+0000] {standard_task_runner.py:63} INFO - Started process 1654 to run task
[2025-05-16T09:49:52.450+0000] {standard_task_runner.py:90} INFO - Running: ['***', 'tasks', 'run', 'vietnamnet_crawler_24h', 'crawl_cong-nghe', 'manual__2025-05-16T09:48:57.718399+00:00', '--job-id', '12', '--raw', '--subdir', 'DAGS_FOLDER/dags.py', '--cfg-path', '/tmp/tmp5kvrypu_']
[2025-05-16T09:49:52.453+0000] {standard_task_runner.py:91} INFO - Job 12: Subtask crawl_cong-nghe
[2025-05-16T09:49:52.495+0000] {task_command.py:426} INFO - Running <TaskInstance: vietnamnet_crawler_24h.crawl_cong-nghe manual__2025-05-16T09:48:57.718399+00:00 [running]> on host 71b827885e5f
[2025-05-16T09:49:52.573+0000] {taskinstance.py:2648} INFO - Exporting env vars: AIRFLOW_CTX_DAG_OWNER='***' AIRFLOW_CTX_DAG_ID='vietnamnet_crawler_24h' AIRFLOW_CTX_TASK_ID='crawl_cong-nghe' AIRFLOW_CTX_EXECUTION_DATE='2025-05-16T09:48:57.718399+00:00' AIRFLOW_CTX_TRY_NUMBER='1' AIRFLOW_CTX_DAG_RUN_ID='manual__2025-05-16T09:48:57.718399+00:00'
[2025-05-16T09:49:52.574+0000] {taskinstance.py:430} INFO - ::endgroup::
[2025-05-16T09:49:52.746+0000] {crawler.py:54} INFO - Đã kết nối thành công với MongoDB: News
[2025-05-16T09:49:53.370+0000] {logging_mixin.py:188} INFO - [INIT].... → Crawl4AI 0.6.2
[2025-05-16T09:49:58.094+0000] {logging_mixin.py:188} INFO - [FETCH]... ↓ https://vietnamnet.vn/tin-tuc-24h?bydaterang=&cate=00MK8V                                            | 
[2025-05-16T09:49:58.095+0000] {logging_mixin.py:188} INFO - ✓
[2025-05-16T09:49:58.096+0000] {logging_mixin.py:188} INFO -  | ⏱: 4.65s
[2025-05-16T09:49:58.350+0000] {logging_mixin.py:188} INFO - [SCRAPE].. ◆ https://vietnamnet.vn/tin-tuc-24h?bydaterang=&cate=00MK8V                                            | 
[2025-05-16T09:49:58.350+0000] {logging_mixin.py:188} INFO - ✓
[2025-05-16T09:49:58.351+0000] {logging_mixin.py:188} INFO -  | ⏱: 0.25s
[2025-05-16T09:49:58.352+0000] {logging_mixin.py:188} INFO - [COMPLETE] ● https://vietnamnet.vn/tin-tuc-24h?bydaterang=&cate=00MK8V                                            | 
[2025-05-16T09:49:58.353+0000] {logging_mixin.py:188} INFO - ✓
[2025-05-16T09:49:58.353+0000] {logging_mixin.py:188} INFO -  | ⏱: 4.91s
[2025-05-16T09:49:58.445+0000] {crawler.py:84} INFO - Tìm thấy 25 link bài viết cho danh mục cong-nghe
[2025-05-16T09:50:00.746+0000] {crawler.py:110} INFO - Đã lọc: 25 URLs ban đầu -> 0 URLs mới
[2025-05-16T09:50:00.746+0000] {crawler.py:231} INFO - Không có bài viết mới nào trong danh mục cong-nghe cần crawl.
[2025-05-16T09:50:00.747+0000] {crawler.py:271} INFO - Không có bài viết để lưu vào collection 'cong-nghe'
[2025-05-16T09:50:00.815+0000] {python.py:237} INFO - Done. Returned value was: None
[2025-05-16T09:50:00.816+0000] {taskinstance.py:441} INFO - ::group::Post task execution logs
[2025-05-16T09:50:00.826+0000] {taskinstance.py:1206} INFO - Marking task as SUCCESS. dag_id=vietnamnet_crawler_24h, task_id=crawl_cong-nghe, run_id=manual__2025-05-16T09:48:57.718399+00:00, execution_date=20250516T094857, start_date=20250516T094952, end_date=20250516T095000
[2025-05-16T09:50:00.860+0000] {local_task_job_runner.py:240} INFO - Task exited with return code 0
[2025-05-16T09:50:00.883+0000] {taskinstance.py:3503} INFO - 1 downstream tasks scheduled from follow-on schedule check
[2025-05-16T09:50:00.886+0000] {local_task_job_runner.py:222} INFO - ::endgroup::
