[2025-05-17T23:19:15.636+0000] {local_task_job_runner.py:120} INFO - ::group::Pre task execution logs
[2025-05-17T23:19:15.656+0000] {taskinstance.py:2076} INFO - Dependencies all met for dep_context=non-requeueable deps ti=<TaskInstance: vietnamnet_crawler_24h.crawl_phap-luat scheduled__2025-05-17T22:30:00+00:00 [queued]>
[2025-05-17T23:19:15.668+0000] {taskinstance.py:2076} INFO - Dependencies all met for dep_context=requeueable deps ti=<TaskInstance: vietnamnet_crawler_24h.crawl_phap-luat scheduled__2025-05-17T22:30:00+00:00 [queued]>
[2025-05-17T23:19:15.669+0000] {taskinstance.py:2306} INFO - Starting attempt 1 of 2
[2025-05-17T23:19:15.685+0000] {taskinstance.py:2330} INFO - Executing <Task(PythonOperator): crawl_phap-luat> on 2025-05-17 22:30:00+00:00
[2025-05-17T23:19:15.691+0000] {warnings.py:112} WARNING - /home/***/.local/lib/python3.12/site-packages/***/task/task_runner/standard_task_runner.py:61: DeprecationWarning: This process (pid=1200) is multi-threaded, use of fork() may lead to deadlocks in the child.
  pid = os.fork()

[2025-05-17T23:19:15.692+0000] {standard_task_runner.py:63} INFO - Started process 1201 to run task
[2025-05-17T23:19:15.693+0000] {standard_task_runner.py:90} INFO - Running: ['***', 'tasks', 'run', 'vietnamnet_crawler_24h', 'crawl_phap-luat', 'scheduled__2025-05-17T22:30:00+00:00', '--job-id', '263', '--raw', '--subdir', 'DAGS_FOLDER/dags.py', '--cfg-path', '/tmp/tmpswxdt5eq']
[2025-05-17T23:19:15.695+0000] {standard_task_runner.py:91} INFO - Job 263: Subtask crawl_phap-luat
[2025-05-17T23:19:15.736+0000] {task_command.py:426} INFO - Running <TaskInstance: vietnamnet_crawler_24h.crawl_phap-luat scheduled__2025-05-17T22:30:00+00:00 [running]> on host 60d771d880eb
[2025-05-17T23:19:15.824+0000] {taskinstance.py:2648} INFO - Exporting env vars: AIRFLOW_CTX_DAG_OWNER='***' AIRFLOW_CTX_DAG_ID='vietnamnet_crawler_24h' AIRFLOW_CTX_TASK_ID='crawl_phap-luat' AIRFLOW_CTX_EXECUTION_DATE='2025-05-17T22:30:00+00:00' AIRFLOW_CTX_TRY_NUMBER='1' AIRFLOW_CTX_DAG_RUN_ID='scheduled__2025-05-17T22:30:00+00:00'
[2025-05-17T23:19:15.825+0000] {taskinstance.py:430} INFO - ::endgroup::
[2025-05-17T23:19:16.126+0000] {crawler.py:55} INFO - Đã kết nối thành công với MongoDB: News
[2025-05-17T23:19:16.730+0000] {logging_mixin.py:188} INFO - [INIT].... → Crawl4AI 0.6.2
[2025-05-17T23:19:19.599+0000] {logging_mixin.py:188} INFO - [FETCH]... ↓ https://vietnamnet.vn/tin-tuc-24h?bydaterang=&cate=000008                                            | 
[2025-05-17T23:19:19.600+0000] {logging_mixin.py:188} INFO - ✓
[2025-05-17T23:19:19.601+0000] {logging_mixin.py:188} INFO -  | ⏱: 2.78s
[2025-05-17T23:19:19.822+0000] {logging_mixin.py:188} INFO - [SCRAPE].. ◆ https://vietnamnet.vn/tin-tuc-24h?bydaterang=&cate=000008                                            | 
[2025-05-17T23:19:19.823+0000] {logging_mixin.py:188} INFO - ✓
[2025-05-17T23:19:19.823+0000] {logging_mixin.py:188} INFO -  | ⏱: 
[2025-05-17T23:19:19.824+0000] {logging_mixin.py:188} INFO - 0.22
[2025-05-17T23:19:19.825+0000] {logging_mixin.py:188} INFO - s
[2025-05-17T23:19:19.826+0000] {logging_mixin.py:188} INFO - [COMPLETE] ● https://vietnamnet.vn/tin-tuc-24h?bydaterang=&cate=000008                                            | 
[2025-05-17T23:19:19.826+0000] {logging_mixin.py:188} INFO - ✓
[2025-05-17T23:19:19.827+0000] {logging_mixin.py:188} INFO -  | ⏱: 3.01s
[2025-05-17T23:19:20.076+0000] {crawler.py:85} INFO - Tìm thấy 25 link bài viết cho danh mục phap-luat
[2025-05-17T23:19:20.672+0000] {crawler.py:110} INFO - Đã lọc: 25 URLs ban đầu -> 1 URLs sau xử lý live
[2025-05-17T23:19:20.672+0000] {crawler.py:255} INFO - Đang crawl 1 bài viết mới từ danh mục phap-luat...
[2025-05-17T23:19:20.673+0000] {crawler.py:258} INFO - --> Crawl: https://vietnamnet.vn/mua-ban-o-to-xe-may-tien-ty-co-can-giay-xac-nhan-doc-than-2400412.html
[2025-05-17T23:19:21.206+0000] {logging_mixin.py:188} INFO - [INIT].... → Crawl4AI 0.6.2
[2025-05-17T23:19:24.246+0000] {logging_mixin.py:188} INFO - [FETCH]... ↓ https://vietnamnet.vn/mua-ban-o-to-xe-may-tien-ty-co-can-giay-xac-nhan-doc-than-2400412.html         | 
[2025-05-17T23:19:24.247+0000] {logging_mixin.py:188} INFO - ✓
[2025-05-17T23:19:24.248+0000] {logging_mixin.py:188} INFO -  | ⏱: 2.98s
[2025-05-17T23:19:24.404+0000] {logging_mixin.py:188} INFO - [SCRAPE].. ◆ https://vietnamnet.vn/mua-ban-o-to-xe-may-tien-ty-co-can-giay-xac-nhan-doc-than-2400412.html         | 
[2025-05-17T23:19:24.405+0000] {logging_mixin.py:188} INFO - ✓
[2025-05-17T23:19:24.405+0000] {logging_mixin.py:188} INFO -  | ⏱: 0.15s
[2025-05-17T23:19:24.406+0000] {logging_mixin.py:188} INFO - [COMPLETE] ● https://vietnamnet.vn/mua-ban-o-to-xe-may-tien-ty-co-can-giay-xac-nhan-doc-than-2400412.html         | 
[2025-05-17T23:19:24.407+0000] {logging_mixin.py:188} INFO - ✓
[2025-05-17T23:19:24.408+0000] {logging_mixin.py:188} INFO -  | ⏱: 3.14s
[2025-05-17T23:19:24.776+0000] {crawler.py:262} INFO -     ✓ Mua bán ô tô, xe máy tiền tỷ: Có cần giấy xác nhận độc thân?...

[2025-05-17T23:19:24.776+0000] {crawler.py:265} INFO - ⏱️  Tổng thời gian crawl: 8.65 giây
[2025-05-17T23:19:24.913+0000] {crawler.py:292} INFO - Đã lưu 1 bài viết vào collection 'phap-luat'
[2025-05-17T23:19:24.976+0000] {python.py:237} INFO - Done. Returned value was: None
[2025-05-17T23:19:24.977+0000] {taskinstance.py:441} INFO - ::group::Post task execution logs
[2025-05-17T23:19:24.994+0000] {taskinstance.py:1206} INFO - Marking task as SUCCESS. dag_id=vietnamnet_crawler_24h, task_id=crawl_phap-luat, run_id=scheduled__2025-05-17T22:30:00+00:00, execution_date=20250517T223000, start_date=20250517T231915, end_date=20250517T231924
[2025-05-17T23:19:25.025+0000] {local_task_job_runner.py:240} INFO - Task exited with return code 0
[2025-05-17T23:19:25.047+0000] {taskinstance.py:3503} INFO - 1 downstream tasks scheduled from follow-on schedule check
[2025-05-17T23:19:25.049+0000] {local_task_job_runner.py:222} INFO - ::endgroup::
