[2025-05-18T09:19:14.815+0000] {local_task_job_runner.py:120} INFO - ::group::Pre task execution logs
[2025-05-18T09:19:14.835+0000] {taskinstance.py:2076} INFO - Dependencies all met for dep_context=non-requeueable deps ti=<TaskInstance: vietnamnet_crawler_24h.crawl_cong-nghe scheduled__2025-05-18T08:30:00+00:00 [queued]>
[2025-05-18T09:19:14.842+0000] {taskinstance.py:2076} INFO - Dependencies all met for dep_context=requeueable deps ti=<TaskInstance: vietnamnet_crawler_24h.crawl_cong-nghe scheduled__2025-05-18T08:30:00+00:00 [queued]>
[2025-05-18T09:19:14.843+0000] {taskinstance.py:2306} INFO - Starting attempt 1 of 2
[2025-05-18T09:19:14.856+0000] {taskinstance.py:2330} INFO - Executing <Task(PythonOperator): crawl_cong-nghe> on 2025-05-18 08:30:00+00:00
[2025-05-18T09:19:14.861+0000] {warnings.py:112} WARNING - /home/***/.local/lib/python3.12/site-packages/***/task/task_runner/standard_task_runner.py:61: DeprecationWarning: This process (pid=170) is multi-threaded, use of fork() may lead to deadlocks in the child.
  pid = os.fork()

[2025-05-18T09:19:14.862+0000] {standard_task_runner.py:63} INFO - Started process 171 to run task
[2025-05-18T09:19:14.862+0000] {standard_task_runner.py:90} INFO - Running: ['***', 'tasks', 'run', 'vietnamnet_crawler_24h', 'crawl_cong-nghe', 'scheduled__2025-05-18T08:30:00+00:00', '--job-id', '3', '--raw', '--subdir', 'DAGS_FOLDER/dags.py', '--cfg-path', '/tmp/tmp2s2z2r6g']
[2025-05-18T09:19:14.865+0000] {standard_task_runner.py:91} INFO - Job 3: Subtask crawl_cong-nghe
[2025-05-18T09:19:14.903+0000] {task_command.py:426} INFO - Running <TaskInstance: vietnamnet_crawler_24h.crawl_cong-nghe scheduled__2025-05-18T08:30:00+00:00 [running]> on host 4a3ee431a987
[2025-05-18T09:19:14.975+0000] {taskinstance.py:2648} INFO - Exporting env vars: AIRFLOW_CTX_DAG_OWNER='***' AIRFLOW_CTX_DAG_ID='vietnamnet_crawler_24h' AIRFLOW_CTX_TASK_ID='crawl_cong-nghe' AIRFLOW_CTX_EXECUTION_DATE='2025-05-18T08:30:00+00:00' AIRFLOW_CTX_TRY_NUMBER='1' AIRFLOW_CTX_DAG_RUN_ID='scheduled__2025-05-18T08:30:00+00:00'
[2025-05-18T09:19:14.982+0000] {taskinstance.py:430} INFO - ::endgroup::
[2025-05-18T09:19:15.479+0000] {crawler.py:55} INFO - Đã kết nối thành công với MongoDB: News
[2025-05-18T09:19:16.888+0000] {logging_mixin.py:188} INFO - [INIT].... → Crawl4AI 0.6.3
[2025-05-18T09:19:19.723+0000] {logging_mixin.py:188} INFO - [FETCH]... ↓ https://vietnamnet.vn/tin-tuc-24h?bydaterang=&cate=00MK8V          
| ✓ | ⏱: 2.78s
[2025-05-18T09:19:19.913+0000] {logging_mixin.py:188} INFO - [SCRAPE].. ◆ https://vietnamnet.vn/tin-tuc-24h?bydaterang=&cate=00MK8V          
| ✓ | ⏱: 0.19s
[2025-05-18T09:19:19.915+0000] {logging_mixin.py:188} INFO - [COMPLETE] ● https://vietnamnet.vn/tin-tuc-24h?bydaterang=&cate=00MK8V          
| ✓ | ⏱: 2.97s
[2025-05-18T09:19:20.142+0000] {crawler.py:85} INFO - Tìm thấy 25 link bài viết cho danh mục cong-nghe
[2025-05-18T09:19:20.764+0000] {crawler.py:110} INFO - Đã lọc: 25 URLs ban đầu -> 0 URLs sau xử lý live
[2025-05-18T09:19:20.765+0000] {crawler.py:252} INFO - Không có bài viết mới nào trong danh mục cong-nghe cần crawl.
[2025-05-18T09:19:20.832+0000] {crawler.py:294} INFO - Không có bài viết để lưu vào collection 'cong-nghe'
[2025-05-18T09:19:20.893+0000] {python.py:237} INFO - Done. Returned value was: None
[2025-05-18T09:19:20.893+0000] {taskinstance.py:441} INFO - ::group::Post task execution logs
[2025-05-18T09:19:20.901+0000] {taskinstance.py:1206} INFO - Marking task as SUCCESS. dag_id=vietnamnet_crawler_24h, task_id=crawl_cong-nghe, run_id=scheduled__2025-05-18T08:30:00+00:00, execution_date=20250518T083000, start_date=20250518T091914, end_date=20250518T091920
[2025-05-18T09:19:20.949+0000] {local_task_job_runner.py:240} INFO - Task exited with return code 0
[2025-05-18T09:19:20.972+0000] {taskinstance.py:3503} INFO - 1 downstream tasks scheduled from follow-on schedule check
[2025-05-18T09:19:20.974+0000] {local_task_job_runner.py:222} INFO - ::endgroup::
