[2025-05-17T12:50:19.598+0000] {local_task_job_runner.py:120} INFO - ::group::Pre task execution logs
[2025-05-17T12:50:19.618+0000] {taskinstance.py:2076} INFO - Dependencies all met for dep_context=non-requeueable deps ti=<TaskInstance: vietnamnet_crawler_24h.crawl_chinh-tri manual__2025-05-17T12:50:13.092896+00:00 [queued]>
[2025-05-17T12:50:19.627+0000] {taskinstance.py:2076} INFO - Dependencies all met for dep_context=requeueable deps ti=<TaskInstance: vietnamnet_crawler_24h.crawl_chinh-tri manual__2025-05-17T12:50:13.092896+00:00 [queued]>
[2025-05-17T12:50:19.628+0000] {taskinstance.py:2306} INFO - Starting attempt 1 of 2
[2025-05-17T12:50:19.642+0000] {taskinstance.py:2330} INFO - Executing <Task(PythonOperator): crawl_chinh-tri> on 2025-05-17 12:50:13.092896+00:00
[2025-05-17T12:50:19.647+0000] {warnings.py:112} WARNING - /home/***/.local/lib/python3.12/site-packages/***/task/task_runner/standard_task_runner.py:61: DeprecationWarning: This process (pid=15243) is multi-threaded, use of fork() may lead to deadlocks in the child.
  pid = os.fork()

[2025-05-17T12:50:19.648+0000] {standard_task_runner.py:63} INFO - Started process 15244 to run task
[2025-05-17T12:50:19.649+0000] {standard_task_runner.py:90} INFO - Running: ['***', 'tasks', 'run', 'vietnamnet_crawler_24h', 'crawl_chinh-tri', 'manual__2025-05-17T12:50:13.092896+00:00', '--job-id', '168', '--raw', '--subdir', 'DAGS_FOLDER/dags.py', '--cfg-path', '/tmp/tmpeq4btz54']
[2025-05-17T12:50:19.651+0000] {standard_task_runner.py:91} INFO - Job 168: Subtask crawl_chinh-tri
[2025-05-17T12:50:19.701+0000] {task_command.py:426} INFO - Running <TaskInstance: vietnamnet_crawler_24h.crawl_chinh-tri manual__2025-05-17T12:50:13.092896+00:00 [running]> on host 60d771d880eb
[2025-05-17T12:50:19.787+0000] {taskinstance.py:2648} INFO - Exporting env vars: AIRFLOW_CTX_DAG_OWNER='***' AIRFLOW_CTX_DAG_ID='vietnamnet_crawler_24h' AIRFLOW_CTX_TASK_ID='crawl_chinh-tri' AIRFLOW_CTX_EXECUTION_DATE='2025-05-17T12:50:13.092896+00:00' AIRFLOW_CTX_TRY_NUMBER='1' AIRFLOW_CTX_DAG_RUN_ID='manual__2025-05-17T12:50:13.092896+00:00'
[2025-05-17T12:50:19.788+0000] {taskinstance.py:430} INFO - ::endgroup::
[2025-05-17T12:50:19.978+0000] {crawler.py:55} INFO - Đã kết nối thành công với MongoDB: News
[2025-05-17T12:50:20.639+0000] {logging_mixin.py:188} INFO - [INIT].... → Crawl4AI 0.6.2
[2025-05-17T12:50:23.404+0000] {logging_mixin.py:188} INFO - [FETCH]... ↓ https://vietnamnet.vn/tin-tuc-24h?bydaterang=&cate=000001                                            | 
[2025-05-17T12:50:23.405+0000] {logging_mixin.py:188} INFO - ✓
[2025-05-17T12:50:23.406+0000] {logging_mixin.py:188} INFO -  | ⏱: 2.69s
[2025-05-17T12:50:23.582+0000] {logging_mixin.py:188} INFO - [SCRAPE].. ◆ https://vietnamnet.vn/tin-tuc-24h?bydaterang=&cate=000001                                            | 
[2025-05-17T12:50:23.583+0000] {logging_mixin.py:188} INFO - ✓
[2025-05-17T12:50:23.583+0000] {logging_mixin.py:188} INFO -  | ⏱: 0.17s
[2025-05-17T12:50:23.584+0000] {logging_mixin.py:188} INFO - [COMPLETE] ● https://vietnamnet.vn/tin-tuc-24h?bydaterang=&cate=000001                                            | 
[2025-05-17T12:50:23.585+0000] {logging_mixin.py:188} INFO - ✓
[2025-05-17T12:50:23.585+0000] {logging_mixin.py:188} INFO -  | ⏱: 2.88s
[2025-05-17T12:50:23.828+0000] {crawler.py:85} INFO - Tìm thấy 25 link bài viết cho danh mục chinh-tri
[2025-05-17T12:50:24.518+0000] {crawler.py:110} INFO - Đã lọc: 25 URLs ban đầu -> 14 URLs sau xử lý live
[2025-05-17T12:50:24.518+0000] {crawler.py:255} INFO - Đang crawl 14 bài viết mới từ danh mục chinh-tri...
[2025-05-17T12:50:24.519+0000] {crawler.py:258} INFO - --> Crawl: https://vietnamnet.vn/mot-cum-tu-va-tu-duy-ve-tinh-da-dang-trong-su-thong-nhat-cua-hien-phap-2401979.html
[2025-05-17T12:50:25.050+0000] {logging_mixin.py:188} INFO - [INIT].... → Crawl4AI 0.6.2
[2025-05-17T12:50:28.237+0000] {logging_mixin.py:188} INFO - [FETCH]... ↓ https://vietnamnet.vn/mot-cum-tu-va-tu-duy-ve-ti...g-trong-su-thong-nhat-cua-hien-phap-2401979.html  | 
[2025-05-17T12:50:28.237+0000] {logging_mixin.py:188} INFO - ✓
[2025-05-17T12:50:28.238+0000] {logging_mixin.py:188} INFO -  | ⏱: 3.12s
[2025-05-17T12:50:28.463+0000] {logging_mixin.py:188} INFO - [SCRAPE].. ◆ https://vietnamnet.vn/mot-cum-tu-va-tu-duy-ve-ti...g-trong-su-thong-nhat-cua-hien-phap-2401979.html  | 
[2025-05-17T12:50:28.463+0000] {logging_mixin.py:188} INFO - ✓
[2025-05-17T12:50:28.464+0000] {logging_mixin.py:188} INFO -  | ⏱: 0.22s
[2025-05-17T12:50:28.465+0000] {logging_mixin.py:188} INFO - [COMPLETE] ● https://vietnamnet.vn/mot-cum-tu-va-tu-duy-ve-ti...g-trong-su-thong-nhat-cua-hien-phap-2401979.html  | 
[2025-05-17T12:50:28.466+0000] {logging_mixin.py:188} INFO - ✓
[2025-05-17T12:50:28.466+0000] {logging_mixin.py:188} INFO -  | ⏱: 3.35s
[2025-05-17T12:50:28.855+0000] {crawler.py:262} INFO -     ✓ Một cụm từ và tư duy về 'tính đa dạng trong sự thống nhất' c...

[2025-05-17T12:50:28.856+0000] {crawler.py:258} INFO - --> Crawl: https://vietnamnet.vn/bo-truong-tai-chinh-dau-thau-nhung-du-an-van-cham-tien-do-van-sai-pham-2402184.html
[2025-05-17T12:50:29.450+0000] {logging_mixin.py:188} INFO - [INIT].... → Crawl4AI 0.6.2
[2025-05-17T12:50:32.339+0000] {logging_mixin.py:188} INFO - [FETCH]... ↓ https://vietnamnet.vn/bo-truong-tai-chinh-dau-th...du-an-van-cham-tien-do-van-sai-pham-2402184.html  | 
[2025-05-17T12:50:32.340+0000] {logging_mixin.py:188} INFO - ✓
[2025-05-17T12:50:32.341+0000] {logging_mixin.py:188} INFO -  | ⏱: 2.83s
[2025-05-17T12:50:32.613+0000] {logging_mixin.py:188} INFO - [SCRAPE].. ◆ https://vietnamnet.vn/bo-truong-tai-chinh-dau-th...du-an-van-cham-tien-do-van-sai-pham-2402184.html  | 
[2025-05-17T12:50:32.614+0000] {logging_mixin.py:188} INFO - ✓
[2025-05-17T12:50:32.615+0000] {logging_mixin.py:188} INFO -  | ⏱: 0.27s
[2025-05-17T12:50:32.615+0000] {logging_mixin.py:188} INFO - [COMPLETE] ● https://vietnamnet.vn/bo-truong-tai-chinh-dau-th...du-an-van-cham-tien-do-van-sai-pham-2402184.html  | 
[2025-05-17T12:50:32.616+0000] {logging_mixin.py:188} INFO - ✓
[2025-05-17T12:50:32.616+0000] {logging_mixin.py:188} INFO -  | ⏱: 3.10s
[2025-05-17T12:50:33.035+0000] {crawler.py:262} INFO -     ✓ Bộ trưởng Tài chính: Đấu thầu nhưng dự án vẫn chậm tiến độ, ...

[2025-05-17T12:50:33.036+0000] {crawler.py:258} INFO - --> Crawl: https://vietnamnet.vn/cuu-thuong-uy-trinh-sat-bien-phong-xuc-dong-ke-chuyen-2-lan-duoc-gap-bac-ho-2398855.html
[2025-05-17T12:50:33.528+0000] {logging_mixin.py:188} INFO - [INIT].... → Crawl4AI 0.6.2
[2025-05-17T12:50:37.074+0000] {logging_mixin.py:188} INFO - [FETCH]... ↓ https://vietnamnet.vn/cuu-thuong-uy-trinh-sat-bi...ong-ke-chuyen-2-lan-duoc-gap-bac-ho-2398855.html  | 
[2025-05-17T12:50:37.075+0000] {logging_mixin.py:188} INFO - ✓
[2025-05-17T12:50:37.076+0000] {logging_mixin.py:188} INFO -  | ⏱: 3.46s
[2025-05-17T12:50:37.295+0000] {logging_mixin.py:188} INFO - [SCRAPE].. ◆ https://vietnamnet.vn/cuu-thuong-uy-trinh-sat-bi...ong-ke-chuyen-2-lan-duoc-gap-bac-ho-2398855.html  | 
[2025-05-17T12:50:37.296+0000] {logging_mixin.py:188} INFO - ✓
[2025-05-17T12:50:37.296+0000] {logging_mixin.py:188} INFO -  | ⏱: 0.22s
[2025-05-17T12:50:37.297+0000] {logging_mixin.py:188} INFO - [COMPLETE] ● https://vietnamnet.vn/cuu-thuong-uy-trinh-sat-bi...ong-ke-chuyen-2-lan-duoc-gap-bac-ho-2398855.html  | 
[2025-05-17T12:50:37.298+0000] {logging_mixin.py:188} INFO - ✓
[2025-05-17T12:50:37.298+0000] {logging_mixin.py:188} INFO -  | ⏱: 3.68s
[2025-05-17T12:50:37.704+0000] {crawler.py:262} INFO -     ✓ Cựu thượng úy trinh sát xúc động kể chuyện 2 lần được gặp Bá...

[2025-05-17T12:50:37.705+0000] {crawler.py:258} INFO - --> Crawl: https://vietnamnet.vn/du-hoc-tien-si-ve-lam-o-xa-sao-can-bo-huyen-khong-gioi-bang-khong-nghi-truoc-2402138.html
[2025-05-17T12:50:38.198+0000] {logging_mixin.py:188} INFO - [INIT].... → Crawl4AI 0.6.2
[2025-05-17T12:50:40.851+0000] {logging_mixin.py:188} INFO - [FETCH]... ↓ https://vietnamnet.vn/du-hoc-tien-si-ve-lam-o-xa...en-khong-gioi-bang-khong-nghi-truoc-2402138.html  | 
[2025-05-17T12:50:40.852+0000] {logging_mixin.py:188} INFO - ✓
[2025-05-17T12:50:40.854+0000] {logging_mixin.py:188} INFO -  | ⏱: 2.60s
[2025-05-17T12:50:41.003+0000] {logging_mixin.py:188} INFO - [SCRAPE].. ◆ https://vietnamnet.vn/du-hoc-tien-si-ve-lam-o-xa...en-khong-gioi-bang-khong-nghi-truoc-2402138.html  | 
[2025-05-17T12:50:41.004+0000] {logging_mixin.py:188} INFO - ✓
[2025-05-17T12:50:41.005+0000] {logging_mixin.py:188} INFO -  | ⏱: 0.15s
[2025-05-17T12:50:41.005+0000] {logging_mixin.py:188} INFO - [COMPLETE] ● https://vietnamnet.vn/du-hoc-tien-si-ve-lam-o-xa...en-khong-gioi-bang-khong-nghi-truoc-2402138.html  | 
[2025-05-17T12:50:41.006+0000] {logging_mixin.py:188} INFO - ✓
[2025-05-17T12:50:41.006+0000] {logging_mixin.py:188} INFO -  | ⏱: 2.75s
[2025-05-17T12:50:41.419+0000] {crawler.py:262} INFO -     ✓ Du học tiến sĩ về làm ở xã: Sao cán bộ huyện không giỏi bằng...

[2025-05-17T12:50:41.420+0000] {crawler.py:258} INFO - --> Crawl: https://vietnamnet.vn/them-44-000-ty-dong-cho-hang-tram-nghin-cong-chuc-vien-chuc-roi-bo-may-2402065.html
[2025-05-17T12:50:42.059+0000] {logging_mixin.py:188} INFO - [INIT].... → Crawl4AI 0.6.2
[2025-05-17T12:50:45.911+0000] {logging_mixin.py:188} INFO - [FETCH]... ↓ https://vietnamnet.vn/them-44-000-ty-dong-cho-ha...ghin-cong-chuc-vien-chuc-roi-bo-may-2402065.html  | 
[2025-05-17T12:50:45.911+0000] {logging_mixin.py:188} INFO - ✓
[2025-05-17T12:50:45.912+0000] {logging_mixin.py:188} INFO -  | ⏱: 3.79s
[2025-05-17T12:50:46.207+0000] {logging_mixin.py:188} INFO - [SCRAPE].. ◆ https://vietnamnet.vn/them-44-000-ty-dong-cho-ha...ghin-cong-chuc-vien-chuc-roi-bo-may-2402065.html  | 
[2025-05-17T12:50:46.222+0000] {logging_mixin.py:188} INFO - ✓
[2025-05-17T12:50:46.223+0000] {logging_mixin.py:188} INFO -  | ⏱: 0.29s
[2025-05-17T12:50:46.227+0000] {logging_mixin.py:188} INFO - [COMPLETE] ● https://vietnamnet.vn/them-44-000-ty-dong-cho-ha...ghin-cong-chuc-vien-chuc-roi-bo-may-2402065.html  | 
[2025-05-17T12:50:46.227+0000] {logging_mixin.py:188} INFO - ✓
[2025-05-17T12:50:46.228+0000] {logging_mixin.py:188} INFO -  | ⏱: 4.10s
[2025-05-17T12:50:46.689+0000] {crawler.py:262} INFO -     ✓ Thêm 44.000 tỷ đồng cho hàng trăm nghìn công chức, viên chức...

[2025-05-17T12:50:46.690+0000] {crawler.py:258} INFO - --> Crawl: https://vietnamnet.vn/thu-tuong-day-nhanh-tien-do-dieu-tra-truy-to-cac-vu-an-sua-gia-thuoc-gia-2402049.html
[2025-05-17T12:50:47.247+0000] {logging_mixin.py:188} INFO - [INIT].... → Crawl4AI 0.6.2
[2025-05-17T12:50:50.212+0000] {logging_mixin.py:188} INFO - [FETCH]... ↓ https://vietnamnet.vn/thu-tuong-day-nhanh-tien-d...truy-to-cac-vu-an-sua-gia-thuoc-gia-2402049.html  | 
[2025-05-17T12:50:50.213+0000] {logging_mixin.py:188} INFO - ✓
[2025-05-17T12:50:50.213+0000] {logging_mixin.py:188} INFO -  | ⏱: 2.91s
[2025-05-17T12:50:50.425+0000] {logging_mixin.py:188} INFO - [SCRAPE].. ◆ https://vietnamnet.vn/thu-tuong-day-nhanh-tien-d...truy-to-cac-vu-an-sua-gia-thuoc-gia-2402049.html  | 
[2025-05-17T12:50:50.425+0000] {logging_mixin.py:188} INFO - ✓
[2025-05-17T12:50:50.426+0000] {logging_mixin.py:188} INFO -  | ⏱: 
[2025-05-17T12:50:50.426+0000] {logging_mixin.py:188} INFO - 0.21
[2025-05-17T12:50:50.427+0000] {logging_mixin.py:188} INFO - s
[2025-05-17T12:50:50.428+0000] {logging_mixin.py:188} INFO - [COMPLETE] ● https://vietnamnet.vn/thu-tuong-day-nhanh-tien-d...truy-to-cac-vu-an-sua-gia-thuoc-gia-2402049.html  | 
[2025-05-17T12:50:50.428+0000] {logging_mixin.py:188} INFO - ✓
[2025-05-17T12:50:50.429+0000] {logging_mixin.py:188} INFO -  | ⏱: 3.13s
[2025-05-17T12:50:50.820+0000] {crawler.py:262} INFO -     ✓ Thủ tướng: Đẩy nhanh tiến độ điều tra, truy tố các vụ án sữa...

[2025-05-17T12:50:50.821+0000] {crawler.py:258} INFO - --> Crawl: https://vietnamnet.vn/quoc-hoi-nhat-tri-can-doi-3-tong-chi-ngan-sach-nam-2025-cho-kh-cn-va-dmst-2402143.html
[2025-05-17T12:50:51.434+0000] {logging_mixin.py:188} INFO - [INIT].... → Crawl4AI 0.6.2
[2025-05-17T12:50:55.050+0000] {logging_mixin.py:188} INFO - [FETCH]... ↓ https://vietnamnet.vn/quoc-hoi-nhat-tri-can-doi-...gan-sach-nam-2025-cho-kh-cn-va-dmst-2402143.html  | 
[2025-05-17T12:50:55.052+0000] {logging_mixin.py:188} INFO - ✓
[2025-05-17T12:50:55.052+0000] {logging_mixin.py:188} INFO -  | ⏱: 3.54s
[2025-05-17T12:50:55.284+0000] {logging_mixin.py:188} INFO - [SCRAPE].. ◆ https://vietnamnet.vn/quoc-hoi-nhat-tri-can-doi-...gan-sach-nam-2025-cho-kh-cn-va-dmst-2402143.html  | 
[2025-05-17T12:50:55.285+0000] {logging_mixin.py:188} INFO - ✓
[2025-05-17T12:50:55.285+0000] {logging_mixin.py:188} INFO -  | ⏱: 0.23s
[2025-05-17T12:50:55.286+0000] {logging_mixin.py:188} INFO - [COMPLETE] ● https://vietnamnet.vn/quoc-hoi-nhat-tri-can-doi-...gan-sach-nam-2025-cho-kh-cn-va-dmst-2402143.html  | 
[2025-05-17T12:50:55.287+0000] {logging_mixin.py:188} INFO - ✓
[2025-05-17T12:50:55.287+0000] {logging_mixin.py:188} INFO -  | ⏱: 3.78s
[2025-05-17T12:50:55.761+0000] {crawler.py:262} INFO -     ✓ Quốc hội nhất trí cân đối 3% tổng chi ngân sách năm 2025 cho...

[2025-05-17T12:50:55.761+0000] {crawler.py:258} INFO - --> Crawl: https://vietnamnet.vn/tong-bi-thu-ong-dau-thau-toi-nang-lam-cham-tien-do-mat-can-bo-2402160.html
[2025-05-17T12:50:56.392+0000] {logging_mixin.py:188} INFO - [INIT].... → Crawl4AI 0.6.2
[2025-05-17T12:50:59.358+0000] {logging_mixin.py:188} INFO - [FETCH]... ↓ https://vietnamnet.vn/tong-bi-thu-ong-dau-thau-toi-nang-lam-cham-tien-do-mat-can-bo-2402160.html     | 
[2025-05-17T12:50:59.359+0000] {logging_mixin.py:188} INFO - ✓
[2025-05-17T12:50:59.360+0000] {logging_mixin.py:188} INFO -  | ⏱: 2.91s
[2025-05-17T12:50:59.672+0000] {logging_mixin.py:188} INFO - [SCRAPE].. ◆ https://vietnamnet.vn/tong-bi-thu-ong-dau-thau-toi-nang-lam-cham-tien-do-mat-can-bo-2402160.html     | 
[2025-05-17T12:50:59.673+0000] {logging_mixin.py:188} INFO - ✓
[2025-05-17T12:50:59.674+0000] {logging_mixin.py:188} INFO -  | ⏱: 0.31s
[2025-05-17T12:50:59.676+0000] {logging_mixin.py:188} INFO - [COMPLETE] ● https://vietnamnet.vn/tong-bi-thu-ong-dau-thau-toi-nang-lam-cham-tien-do-mat-can-bo-2402160.html     | 
[2025-05-17T12:50:59.676+0000] {logging_mixin.py:188} INFO - ✓
[2025-05-17T12:50:59.677+0000] {logging_mixin.py:188} INFO -  | ⏱: 3.23s
[2025-05-17T12:51:00.259+0000] {crawler.py:262} INFO -     ✓ Tổng Bí thư: 'Ông đấu thầu' tội nặng lắm - chậm tiến độ, mất...

[2025-05-17T12:51:00.259+0000] {crawler.py:258} INFO - --> Crawl: https://vietnamnet.vn/phuong-an-bo-tri-tru-so-lam-viec-sau-hop-nhat-da-nang-quang-nam-2402187.html
[2025-05-17T12:51:00.832+0000] {logging_mixin.py:188} INFO - [INIT].... → Crawl4AI 0.6.2
[2025-05-17T12:51:03.887+0000] {logging_mixin.py:188} INFO - [FETCH]... ↓ https://vietnamnet.vn/phuong-an-bo-tri-tru-so-lam-viec-sau-hop-nhat-da-nang-quang-nam-2402187.html   | 
[2025-05-17T12:51:03.888+0000] {logging_mixin.py:188} INFO - ✓
[2025-05-17T12:51:03.889+0000] {logging_mixin.py:188} INFO -  | ⏱: 3.00s
[2025-05-17T12:51:04.163+0000] {logging_mixin.py:188} INFO - [SCRAPE].. ◆ https://vietnamnet.vn/phuong-an-bo-tri-tru-so-lam-viec-sau-hop-nhat-da-nang-quang-nam-2402187.html   | 
[2025-05-17T12:51:04.164+0000] {logging_mixin.py:188} INFO - ✓
[2025-05-17T12:51:04.164+0000] {logging_mixin.py:188} INFO -  | ⏱: 0.27s
[2025-05-17T12:51:04.166+0000] {logging_mixin.py:188} INFO - [COMPLETE] ● https://vietnamnet.vn/phuong-an-bo-tri-tru-so-lam-viec-sau-hop-nhat-da-nang-quang-nam-2402187.html   | 
[2025-05-17T12:51:04.166+0000] {logging_mixin.py:188} INFO - ✓
[2025-05-17T12:51:04.167+0000] {logging_mixin.py:188} INFO -  | ⏱: 3.27s
[2025-05-17T12:51:04.624+0000] {crawler.py:262} INFO -     ✓ Phương án bố trí trụ sở làm việc sau hợp nhất Đà Nẵng - Quản...

[2025-05-17T12:51:04.624+0000] {crawler.py:258} INFO - --> Crawl: https://vietnamnet.vn/quoc-hoi-chot-khoan-chi-14-ty-dong-khi-xay-dung-bo-luat-moi-2402091.html
[2025-05-17T12:51:05.295+0000] {logging_mixin.py:188} INFO - [INIT].... → Crawl4AI 0.6.2
[2025-05-17T12:51:08.355+0000] {logging_mixin.py:188} INFO - [FETCH]... ↓ https://vietnamnet.vn/quoc-hoi-chot-khoan-chi-14-ty-dong-khi-xay-dung-bo-luat-moi-2402091.html       | 
[2025-05-17T12:51:08.356+0000] {logging_mixin.py:188} INFO - ✓
[2025-05-17T12:51:08.358+0000] {logging_mixin.py:188} INFO -  | ⏱: 2.98s
[2025-05-17T12:51:08.601+0000] {logging_mixin.py:188} INFO - [SCRAPE].. ◆ https://vietnamnet.vn/quoc-hoi-chot-khoan-chi-14-ty-dong-khi-xay-dung-bo-luat-moi-2402091.html       | 
[2025-05-17T12:51:08.602+0000] {logging_mixin.py:188} INFO - ✓
[2025-05-17T12:51:08.603+0000] {logging_mixin.py:188} INFO -  | ⏱: 0.24s
[2025-05-17T12:51:08.604+0000] {logging_mixin.py:188} INFO - [COMPLETE] ● https://vietnamnet.vn/quoc-hoi-chot-khoan-chi-14-ty-dong-khi-xay-dung-bo-luat-moi-2402091.html       | 
[2025-05-17T12:51:08.605+0000] {logging_mixin.py:188} INFO - ✓
[2025-05-17T12:51:08.605+0000] {logging_mixin.py:188} INFO -  | ⏱: 3.22s
[2025-05-17T12:51:09.065+0000] {crawler.py:262} INFO -     ✓ Quốc hội 'chốt' khoán chi 14 tỷ đồng khi xây dựng bộ luật mớ...

[2025-05-17T12:51:09.065+0000] {crawler.py:258} INFO - --> Crawl: https://vietnamnet.vn/trinh-quoc-hoi-chinh-sach-noi-long-nhap-tich-tro-lai-quoc-tich-2402013.html
[2025-05-17T12:51:09.662+0000] {logging_mixin.py:188} INFO - [INIT].... → Crawl4AI 0.6.2
[2025-05-17T12:51:12.464+0000] {logging_mixin.py:188} INFO - [FETCH]... ↓ https://vietnamnet.vn/trinh-quoc-hoi-chinh-sach-noi-long-nhap-tich-tro-lai-quoc-tich-2402013.html    | 
[2025-05-17T12:51:12.465+0000] {logging_mixin.py:188} INFO - ✓
[2025-05-17T12:51:12.466+0000] {logging_mixin.py:188} INFO -  | ⏱: 2.74s
[2025-05-17T12:51:12.652+0000] {logging_mixin.py:188} INFO - [SCRAPE].. ◆ https://vietnamnet.vn/trinh-quoc-hoi-chinh-sach-noi-long-nhap-tich-tro-lai-quoc-tich-2402013.html    | 
[2025-05-17T12:51:12.653+0000] {logging_mixin.py:188} INFO - ✓
[2025-05-17T12:51:12.653+0000] {logging_mixin.py:188} INFO -  | ⏱: 0.18s
[2025-05-17T12:51:12.655+0000] {logging_mixin.py:188} INFO - [COMPLETE] ● https://vietnamnet.vn/trinh-quoc-hoi-chinh-sach-noi-long-nhap-tich-tro-lai-quoc-tich-2402013.html    | 
[2025-05-17T12:51:12.655+0000] {logging_mixin.py:188} INFO - ✓
[2025-05-17T12:51:12.656+0000] {logging_mixin.py:188} INFO -  | ⏱: 2.93s
[2025-05-17T12:51:13.027+0000] {crawler.py:262} INFO -     ✓ Trình Quốc hội chính sách 'nới lỏng' nhập tịch, trở lại quốc...

[2025-05-17T12:51:13.028+0000] {crawler.py:258} INFO - --> Crawl: https://vietnamnet.vn/cong-khai-chi-phi-dua-hon-600-cong-dan-viet-nam-tu-myanmar-ve-nuoc-2402151.html
[2025-05-17T12:51:13.770+0000] {logging_mixin.py:188} INFO - [INIT].... → Crawl4AI 0.6.2
[2025-05-17T12:51:17.599+0000] {logging_mixin.py:188} INFO - [FETCH]... ↓ https://vietnamnet.vn/cong-khai-chi-phi-dua-hon-...ong-dan-viet-nam-tu-myanmar-ve-nuoc-2402151.html  | 
[2025-05-17T12:51:17.600+0000] {logging_mixin.py:188} INFO - ✓
[2025-05-17T12:51:17.601+0000] {logging_mixin.py:188} INFO -  | ⏱: 3.69s
[2025-05-17T12:51:17.877+0000] {logging_mixin.py:188} INFO - [SCRAPE].. ◆ https://vietnamnet.vn/cong-khai-chi-phi-dua-hon-...ong-dan-viet-nam-tu-myanmar-ve-nuoc-2402151.html  | 
[2025-05-17T12:51:17.878+0000] {logging_mixin.py:188} INFO - ✓
[2025-05-17T12:51:17.879+0000] {logging_mixin.py:188} INFO -  | ⏱: 0.27s
[2025-05-17T12:51:17.880+0000] {logging_mixin.py:188} INFO - [COMPLETE] ● https://vietnamnet.vn/cong-khai-chi-phi-dua-hon-...ong-dan-viet-nam-tu-myanmar-ve-nuoc-2402151.html  | 
[2025-05-17T12:51:17.881+0000] {logging_mixin.py:188} INFO - ✓
[2025-05-17T12:51:17.881+0000] {logging_mixin.py:188} INFO -  | ⏱: 3.98s
[2025-05-17T12:51:18.583+0000] {crawler.py:262} INFO -     ✓ Công khai chi phí đưa hơn 600 công dân Việt Nam từ Myanmar v...

[2025-05-17T12:51:18.584+0000] {crawler.py:258} INFO - --> Crawl: https://vietnamnet.vn/quoc-hoi-thong-qua-co-che-chinh-sach-dac-biet-phat-trien-kinh-te-tu-nhan-2401992.html
[2025-05-17T12:51:19.383+0000] {logging_mixin.py:188} INFO - [INIT].... → Crawl4AI 0.6.2
[2025-05-17T12:51:22.307+0000] {logging_mixin.py:188} INFO - [FETCH]... ↓ https://vietnamnet.vn/quoc-hoi-thong-qua-co-che-...dac-biet-phat-trien-kinh-te-tu-nhan-2401992.html  | 
[2025-05-17T12:51:22.307+0000] {logging_mixin.py:188} INFO - ✓
[2025-05-17T12:51:22.308+0000] {logging_mixin.py:188} INFO -  | ⏱: 2.86s
[2025-05-17T12:51:22.483+0000] {logging_mixin.py:188} INFO - [SCRAPE].. ◆ https://vietnamnet.vn/quoc-hoi-thong-qua-co-che-...dac-biet-phat-trien-kinh-te-tu-nhan-2401992.html  | 
[2025-05-17T12:51:22.483+0000] {logging_mixin.py:188} INFO - ✓
[2025-05-17T12:51:22.484+0000] {logging_mixin.py:188} INFO -  | ⏱: 0.17s
[2025-05-17T12:51:22.485+0000] {logging_mixin.py:188} INFO - [COMPLETE] ● https://vietnamnet.vn/quoc-hoi-thong-qua-co-che-...dac-biet-phat-trien-kinh-te-tu-nhan-2401992.html  | 
[2025-05-17T12:51:22.486+0000] {logging_mixin.py:188} INFO - ✓
[2025-05-17T12:51:22.486+0000] {logging_mixin.py:188} INFO -  | ⏱: 3.04s
[2025-05-17T12:51:22.896+0000] {crawler.py:262} INFO -     ✓ Quốc hội thông qua cơ chế, chính sách đặc biệt phát triển ki...

[2025-05-17T12:51:22.897+0000] {crawler.py:258} INFO - --> Crawl: https://vietnamnet.vn/de-xuat-chi-them-44-000-ty-dong-cho-cong-chuc-vien-chuc-sau-tinh-gon-bo-may-2402010.html
[2025-05-17T12:51:23.457+0000] {logging_mixin.py:188} INFO - [INIT].... → Crawl4AI 0.6.2
[2025-05-17T12:51:26.509+0000] {logging_mixin.py:188} INFO - [FETCH]... ↓ https://vietnamnet.vn/de-xuat-chi-them-44-000-ty...-chuc-vien-chuc-sau-tinh-gon-bo-may-2402010.html  | 
[2025-05-17T12:51:26.510+0000] {logging_mixin.py:188} INFO - ✓
[2025-05-17T12:51:26.511+0000] {logging_mixin.py:188} INFO -  | ⏱: 2.99s
[2025-05-17T12:51:26.774+0000] {logging_mixin.py:188} INFO - [SCRAPE].. ◆ https://vietnamnet.vn/de-xuat-chi-them-44-000-ty...-chuc-vien-chuc-sau-tinh-gon-bo-may-2402010.html  | 
[2025-05-17T12:51:26.774+0000] {logging_mixin.py:188} INFO - ✓
[2025-05-17T12:51:26.775+0000] {logging_mixin.py:188} INFO -  | ⏱: 0.26s
[2025-05-17T12:51:26.777+0000] {logging_mixin.py:188} INFO - [COMPLETE] ● https://vietnamnet.vn/de-xuat-chi-them-44-000-ty...-chuc-vien-chuc-sau-tinh-gon-bo-may-2402010.html  | 
[2025-05-17T12:51:26.777+0000] {logging_mixin.py:188} INFO - ✓
[2025-05-17T12:51:26.778+0000] {logging_mixin.py:188} INFO -  | ⏱: 3.25s
[2025-05-17T12:51:27.193+0000] {crawler.py:262} INFO -     ✓ Đề xuất chi thêm 44.000 tỷ đồng ngân sách trung ương cho côn...

[2025-05-17T12:51:27.193+0000] {crawler.py:265} INFO - ⏱️  Tổng thời gian crawl: 67.21 giây
[2025-05-17T12:51:27.457+0000] {crawler.py:292} INFO - Đã lưu 14 bài viết vào collection 'chinh-tri'
[2025-05-17T12:51:27.519+0000] {python.py:237} INFO - Done. Returned value was: None
[2025-05-17T12:51:27.521+0000] {taskinstance.py:441} INFO - ::group::Post task execution logs
[2025-05-17T12:51:27.532+0000] {taskinstance.py:1206} INFO - Marking task as SUCCESS. dag_id=vietnamnet_crawler_24h, task_id=crawl_chinh-tri, run_id=manual__2025-05-17T12:50:13.092896+00:00, execution_date=20250517T125013, start_date=20250517T125019, end_date=20250517T125127
[2025-05-17T12:51:27.583+0000] {local_task_job_runner.py:240} INFO - Task exited with return code 0
[2025-05-17T12:51:27.608+0000] {taskinstance.py:3503} INFO - 1 downstream tasks scheduled from follow-on schedule check
[2025-05-17T12:51:27.610+0000] {local_task_job_runner.py:222} INFO - ::endgroup::
