[2025-05-17T20:56:01.012+0000] {local_task_job_runner.py:120} INFO - ::group::Pre task execution logs
[2025-05-17T20:56:01.031+0000] {taskinstance.py:2076} INFO - Dependencies all met for dep_context=non-requeueable deps ti=<TaskInstance: vietnamnet_crawler_24h.clean_old_articles manual__2025-05-17T20:55:58.723497+00:00 [queued]>
[2025-05-17T20:56:01.039+0000] {taskinstance.py:2076} INFO - Dependencies all met for dep_context=requeueable deps ti=<TaskInstance: vietnamnet_crawler_24h.clean_old_articles manual__2025-05-17T20:55:58.723497+00:00 [queued]>
[2025-05-17T20:56:01.040+0000] {taskinstance.py:2306} INFO - Starting attempt 1 of 2
[2025-05-17T20:56:01.052+0000] {taskinstance.py:2330} INFO - Executing <Task(PythonOperator): clean_old_articles> on 2025-05-17 20:55:58.723497+00:00
[2025-05-17T20:56:01.058+0000] {warnings.py:112} WARNING - /home/***/.local/lib/python3.12/site-packages/***/task/task_runner/standard_task_runner.py:61: DeprecationWarning: This process (pid=11732) is multi-threaded, use of fork() may lead to deadlocks in the child.
  pid = os.fork()

[2025-05-17T20:56:01.059+0000] {standard_task_runner.py:63} INFO - Started process 11733 to run task
[2025-05-17T20:56:01.059+0000] {standard_task_runner.py:90} INFO - Running: ['***', 'tasks', 'run', 'vietnamnet_crawler_24h', 'clean_old_articles', 'manual__2025-05-17T20:55:58.723497+00:00', '--job-id', '211', '--raw', '--subdir', 'DAGS_FOLDER/dags.py', '--cfg-path', '/tmp/tmps_2jt45q']
[2025-05-17T20:56:01.061+0000] {standard_task_runner.py:91} INFO - Job 211: Subtask clean_old_articles
[2025-05-17T20:56:01.099+0000] {task_command.py:426} INFO - Running <TaskInstance: vietnamnet_crawler_24h.clean_old_articles manual__2025-05-17T20:55:58.723497+00:00 [running]> on host 60d771d880eb
[2025-05-17T20:56:01.179+0000] {taskinstance.py:2648} INFO - Exporting env vars: AIRFLOW_CTX_DAG_OWNER='***' AIRFLOW_CTX_DAG_ID='vietnamnet_crawler_24h' AIRFLOW_CTX_TASK_ID='clean_old_articles' AIRFLOW_CTX_EXECUTION_DATE='2025-05-17T20:55:58.723497+00:00' AIRFLOW_CTX_TRY_NUMBER='1' AIRFLOW_CTX_DAG_RUN_ID='manual__2025-05-17T20:55:58.723497+00:00'
[2025-05-17T20:56:01.180+0000] {taskinstance.py:430} INFO - ::endgroup::
[2025-05-17T20:56:01.449+0000] {database_cleaner.py:33} INFO - Đã kết nối MongoDB: News
[2025-05-17T20:56:01.451+0000] {database_cleaner.py:102} INFO - Xóa các bài viết trước: 2025-04-17T03:56:01.451437+07:00
[2025-05-17T20:56:02.239+0000] {database_cleaner.py:125} INFO - Collection 'cong-nghe': 0 bài bị xóa
[2025-05-17T20:56:02.763+0000] {database_cleaner.py:125} INFO - Collection 'the-gioi': 0 bài bị xóa
[2025-05-17T20:56:03.143+0000] {database_cleaner.py:125} INFO - Collection 'chinh-tri': 0 bài bị xóa
[2025-05-17T20:56:03.317+0000] {database_cleaner.py:125} INFO - Collection 'phap-luat': 0 bài bị xóa
[2025-05-17T20:56:03.519+0000] {database_cleaner.py:125} INFO - Collection 'doi-song': 0 bài bị xóa
[2025-05-17T20:56:03.912+0000] {database_cleaner.py:125} INFO - Collection 'giao-duc': 0 bài bị xóa
[2025-05-17T20:56:03.974+0000] {database_cleaner.py:42} INFO - Đã đóng kết nối MongoDB
[2025-05-17T20:56:03.975+0000] {database_cleaner.py:142} INFO - Đã xóa tổng cộng 0 bài, còn lại 1715
[2025-05-17T20:56:03.976+0000] {python.py:237} INFO - Done. Returned value was: {'cong-nghe': {'total': 0, 'deleted': 0, 'remaining': 0}, 'the-gioi': {'total': 405, 'deleted': 0, 'remaining': 405}, 'chinh-tri': {'total': 512, 'deleted': 0, 'remaining': 512}, 'phap-luat': {'total': 210, 'deleted': 0, 'remaining': 210}, 'doi-song': {'total': 289, 'deleted': 0, 'remaining': 289}, 'giao-duc': {'total': 299, 'deleted': 0, 'remaining': 299}}
[2025-05-17T20:56:03.976+0000] {taskinstance.py:441} INFO - ::group::Post task execution logs
[2025-05-17T20:56:03.993+0000] {taskinstance.py:1206} INFO - Marking task as SUCCESS. dag_id=vietnamnet_crawler_24h, task_id=clean_old_articles, run_id=manual__2025-05-17T20:55:58.723497+00:00, execution_date=20250517T205558, start_date=20250517T205601, end_date=20250517T205603
[2025-05-17T20:56:04.044+0000] {local_task_job_runner.py:240} INFO - Task exited with return code 0
[2025-05-17T20:56:04.066+0000] {taskinstance.py:3503} INFO - 0 downstream tasks scheduled from follow-on schedule check
[2025-05-17T20:56:04.069+0000] {local_task_job_runner.py:222} INFO - ::endgroup::
