[2025-05-17T23:31:05.900+0000] {local_task_job_runner.py:120} INFO - ::group::Pre task execution logs
[2025-05-17T23:31:05.922+0000] {taskinstance.py:2076} INFO - Dependencies all met for dep_context=non-requeueable deps ti=<TaskInstance: vietnamnet_crawler_24h.crawl_cong-nghe scheduled__2025-05-17T23:00:00+00:00 [queued]>
[2025-05-17T23:31:05.930+0000] {taskinstance.py:2076} INFO - Dependencies all met for dep_context=requeueable deps ti=<TaskInstance: vietnamnet_crawler_24h.crawl_cong-nghe scheduled__2025-05-17T23:00:00+00:00 [queued]>
[2025-05-17T23:31:05.931+0000] {taskinstance.py:2306} INFO - Starting attempt 1 of 2
[2025-05-17T23:31:05.945+0000] {taskinstance.py:2330} INFO - Executing <Task(PythonOperator): crawl_cong-nghe> on 2025-05-17 23:00:00+00:00
[2025-05-17T23:31:05.951+0000] {warnings.py:112} WARNING - /home/***/.local/lib/python3.12/site-packages/***/task/task_runner/standard_task_runner.py:61: DeprecationWarning: This process (pid=3177) is multi-threaded, use of fork() may lead to deadlocks in the child.
  pid = os.fork()

[2025-05-17T23:31:05.952+0000] {standard_task_runner.py:63} INFO - Started process 3178 to run task
[2025-05-17T23:31:05.953+0000] {standard_task_runner.py:90} INFO - Running: ['***', 'tasks', 'run', 'vietnamnet_crawler_24h', 'crawl_cong-nghe', 'scheduled__2025-05-17T23:00:00+00:00', '--job-id', '269', '--raw', '--subdir', 'DAGS_FOLDER/dags.py', '--cfg-path', '/tmp/tmpnayhvvnn']
[2025-05-17T23:31:05.955+0000] {standard_task_runner.py:91} INFO - Job 269: Subtask crawl_cong-nghe
[2025-05-17T23:31:05.994+0000] {task_command.py:426} INFO - Running <TaskInstance: vietnamnet_crawler_24h.crawl_cong-nghe scheduled__2025-05-17T23:00:00+00:00 [running]> on host 60d771d880eb
[2025-05-17T23:31:06.079+0000] {taskinstance.py:2648} INFO - Exporting env vars: AIRFLOW_CTX_DAG_OWNER='***' AIRFLOW_CTX_DAG_ID='vietnamnet_crawler_24h' AIRFLOW_CTX_TASK_ID='crawl_cong-nghe' AIRFLOW_CTX_EXECUTION_DATE='2025-05-17T23:00:00+00:00' AIRFLOW_CTX_TRY_NUMBER='1' AIRFLOW_CTX_DAG_RUN_ID='scheduled__2025-05-17T23:00:00+00:00'
[2025-05-17T23:31:06.081+0000] {taskinstance.py:430} INFO - ::endgroup::
[2025-05-17T23:31:06.373+0000] {crawler.py:55} INFO - Đã kết nối thành công với MongoDB: News
[2025-05-17T23:31:07.024+0000] {logging_mixin.py:188} INFO - [INIT].... → Crawl4AI 0.6.2
[2025-05-17T23:31:09.810+0000] {logging_mixin.py:188} INFO - [FETCH]... ↓ https://vietnamnet.vn/tin-tuc-24h?bydaterang=&cate=00MK8V                                            | 
[2025-05-17T23:31:09.811+0000] {logging_mixin.py:188} INFO - ✓
[2025-05-17T23:31:09.811+0000] {logging_mixin.py:188} INFO -  | ⏱: 2.72s
[2025-05-17T23:31:09.998+0000] {logging_mixin.py:188} INFO - [SCRAPE].. ◆ https://vietnamnet.vn/tin-tuc-24h?bydaterang=&cate=00MK8V                                            | 
[2025-05-17T23:31:09.999+0000] {logging_mixin.py:188} INFO - ✓
[2025-05-17T23:31:09.999+0000] {logging_mixin.py:188} INFO -  | ⏱: 0.19s
[2025-05-17T23:31:10.001+0000] {logging_mixin.py:188} INFO - [COMPLETE] ● https://vietnamnet.vn/tin-tuc-24h?bydaterang=&cate=00MK8V                                            | 
[2025-05-17T23:31:10.001+0000] {logging_mixin.py:188} INFO - ✓
[2025-05-17T23:31:10.002+0000] {logging_mixin.py:188} INFO -  | ⏱: 2.91s
[2025-05-17T23:31:10.271+0000] {crawler.py:85} INFO - Tìm thấy 25 link bài viết cho danh mục cong-nghe
[2025-05-17T23:31:12.010+0000] {crawler.py:110} INFO - Đã lọc: 25 URLs ban đầu -> 1 URLs sau xử lý live
[2025-05-17T23:31:12.011+0000] {crawler.py:255} INFO - Đang crawl 1 bài viết mới từ danh mục cong-nghe...
[2025-05-17T23:31:12.011+0000] {crawler.py:258} INFO - --> Crawl: https://vietnamnet.vn/tiem-kich-f-16-ukraine-bi-uav-geran-nga-ban-ha-2402004.html
[2025-05-17T23:31:12.875+0000] {logging_mixin.py:188} INFO - [INIT].... → Crawl4AI 0.6.2
[2025-05-17T23:31:17.217+0000] {logging_mixin.py:188} INFO - [FETCH]... ↓ https://vietnamnet.vn/tiem-kich-f-16-ukraine-bi-uav-geran-nga-ban-ha-2402004.html                    | 
[2025-05-17T23:31:17.218+0000] {logging_mixin.py:188} INFO - ✓
[2025-05-17T23:31:17.219+0000] {logging_mixin.py:188} INFO -  | ⏱: 4.29s
[2025-05-17T23:31:17.470+0000] {logging_mixin.py:188} INFO - [SCRAPE].. ◆ https://vietnamnet.vn/tiem-kich-f-16-ukraine-bi-uav-geran-nga-ban-ha-2402004.html                    | 
[2025-05-17T23:31:17.471+0000] {logging_mixin.py:188} INFO - ✓
[2025-05-17T23:31:17.471+0000] {logging_mixin.py:188} INFO -  | ⏱: 
[2025-05-17T23:31:17.472+0000] {logging_mixin.py:188} INFO - 0.25
[2025-05-17T23:31:17.472+0000] {logging_mixin.py:188} INFO - s
[2025-05-17T23:31:17.474+0000] {logging_mixin.py:188} INFO - [COMPLETE] ● https://vietnamnet.vn/tiem-kich-f-16-ukraine-bi-uav-geran-nga-ban-ha-2402004.html                    | 
[2025-05-17T23:31:17.474+0000] {logging_mixin.py:188} INFO - ✓
[2025-05-17T23:31:17.475+0000] {logging_mixin.py:188} INFO -  | ⏱: 4.54s
[2025-05-17T23:31:18.557+0000] {crawler.py:262} INFO -     ✓ Tiêm kích F-16 đấu UAV Geran: Công nghệ UAV giá rẻ Nga hạ ti...

[2025-05-17T23:31:18.558+0000] {crawler.py:265} INFO - ⏱️  Tổng thời gian crawl: 12.18 giây
[2025-05-17T23:31:18.701+0000] {crawler.py:292} INFO - Đã lưu 1 bài viết vào collection 'cong-nghe'
[2025-05-17T23:31:18.764+0000] {python.py:237} INFO - Done. Returned value was: None
[2025-05-17T23:31:18.765+0000] {taskinstance.py:441} INFO - ::group::Post task execution logs
[2025-05-17T23:31:18.773+0000] {taskinstance.py:1206} INFO - Marking task as SUCCESS. dag_id=vietnamnet_crawler_24h, task_id=crawl_cong-nghe, run_id=scheduled__2025-05-17T23:00:00+00:00, execution_date=20250517T230000, start_date=20250517T233105, end_date=20250517T233118
[2025-05-17T23:31:18.822+0000] {local_task_job_runner.py:240} INFO - Task exited with return code 0
[2025-05-17T23:31:18.844+0000] {taskinstance.py:3503} INFO - 1 downstream tasks scheduled from follow-on schedule check
[2025-05-17T23:31:18.855+0000] {local_task_job_runner.py:222} INFO - ::endgroup::
