[2025-05-18T09:24:13.464+0000] {local_task_job_runner.py:120} INFO - ::group::Pre task execution logs
[2025-05-18T09:24:13.488+0000] {taskinstance.py:2076} INFO - Dependencies all met for dep_context=non-requeueable deps ti=<TaskInstance: vietnamnet_crawler_24h.crawl_cong-nghe manual__2025-05-18T09:24:11.833555+00:00 [queued]>
[2025-05-18T09:24:13.497+0000] {taskinstance.py:2076} INFO - Dependencies all met for dep_context=requeueable deps ti=<TaskInstance: vietnamnet_crawler_24h.crawl_cong-nghe manual__2025-05-18T09:24:11.833555+00:00 [queued]>
[2025-05-18T09:24:13.497+0000] {taskinstance.py:2306} INFO - Starting attempt 1 of 2
[2025-05-18T09:24:13.511+0000] {taskinstance.py:2330} INFO - Executing <Task(PythonOperator): crawl_cong-nghe> on 2025-05-18 09:24:11.833555+00:00
[2025-05-18T09:24:13.517+0000] {warnings.py:112} WARNING - /home/***/.local/lib/python3.12/site-packages/***/task/task_runner/standard_task_runner.py:61: DeprecationWarning: This process (pid=1257) is multi-threaded, use of fork() may lead to deadlocks in the child.
  pid = os.fork()

[2025-05-18T09:24:13.519+0000] {standard_task_runner.py:63} INFO - Started process 1258 to run task
[2025-05-18T09:24:13.519+0000] {standard_task_runner.py:90} INFO - Running: ['***', 'tasks', 'run', 'vietnamnet_crawler_24h', 'crawl_cong-nghe', 'manual__2025-05-18T09:24:11.833555+00:00', '--job-id', '9', '--raw', '--subdir', 'DAGS_FOLDER/dags.py', '--cfg-path', '/tmp/tmpq0uvrm30']
[2025-05-18T09:24:13.522+0000] {standard_task_runner.py:91} INFO - Job 9: Subtask crawl_cong-nghe
[2025-05-18T09:24:13.565+0000] {task_command.py:426} INFO - Running <TaskInstance: vietnamnet_crawler_24h.crawl_cong-nghe manual__2025-05-18T09:24:11.833555+00:00 [running]> on host 4a3ee431a987
[2025-05-18T09:24:13.651+0000] {taskinstance.py:2648} INFO - Exporting env vars: AIRFLOW_CTX_DAG_OWNER='***' AIRFLOW_CTX_DAG_ID='vietnamnet_crawler_24h' AIRFLOW_CTX_TASK_ID='crawl_cong-nghe' AIRFLOW_CTX_EXECUTION_DATE='2025-05-18T09:24:11.833555+00:00' AIRFLOW_CTX_TRY_NUMBER='1' AIRFLOW_CTX_DAG_RUN_ID='manual__2025-05-18T09:24:11.833555+00:00'
[2025-05-18T09:24:13.652+0000] {taskinstance.py:430} INFO - ::endgroup::
[2025-05-18T09:24:13.958+0000] {crawler.py:55} INFO - Đã kết nối thành công với MongoDB: News
[2025-05-18T09:24:14.646+0000] {logging_mixin.py:188} INFO - [INIT].... → Crawl4AI 0.6.3
[2025-05-18T09:24:17.657+0000] {logging_mixin.py:188} INFO - [FETCH]... ↓ https://vietnamnet.vn/tin-tuc-24h?bydaterang=&cate=00MK8V          
| ✓ | ⏱: 2.97s
[2025-05-18T09:24:17.862+0000] {logging_mixin.py:188} INFO - [SCRAPE].. ◆ https://vietnamnet.vn/tin-tuc-24h?bydaterang=&cate=00MK8V          
| ✓ | ⏱: 0.20s
[2025-05-18T09:24:17.865+0000] {logging_mixin.py:188} INFO - [COMPLETE] ● https://vietnamnet.vn/tin-tuc-24h?bydaterang=&cate=00MK8V          
| ✓ | ⏱: 3.18s
[2025-05-18T09:24:18.088+0000] {crawler.py:85} INFO - Tìm thấy 25 link bài viết cho danh mục cong-nghe
[2025-05-18T09:24:18.714+0000] {crawler.py:110} INFO - Đã lọc: 25 URLs ban đầu -> 2 URLs sau xử lý live
[2025-05-18T09:24:18.714+0000] {crawler.py:255} INFO - Đang crawl 2 bài viết mới từ danh mục cong-nghe...
[2025-05-18T09:24:18.715+0000] {crawler.py:258} INFO - --> Crawl: https://vietnamnet.vn/xem-robot-hinh-nguoi-trung-quoc-tung-2-cu-dam-sam-set-nhu-vo-su-2402380.html
[2025-05-18T09:24:19.297+0000] {logging_mixin.py:188} INFO - [INIT].... → Crawl4AI 0.6.3
[2025-05-18T09:24:22.953+0000] {logging_mixin.py:188} INFO - [FETCH]... ↓ 
https://vietnamnet.vn/xem-robot-hinh-nguoi-trung-quoc-tung-2-cu-dam-sam-set-nhu-
vo-su-2402380.html   | ✓ | ⏱: 3.60s
[2025-05-18T09:24:23.227+0000] {logging_mixin.py:188} INFO - [SCRAPE].. ◆ 
https://vietnamnet.vn/xem-robot-hinh-nguoi-trung-quoc-tung-2-cu-dam-sam-set-nhu-
vo-su-2402380.html   | ✓ | ⏱: 0.27s
[2025-05-18T09:24:23.230+0000] {logging_mixin.py:188} INFO - [COMPLETE] ● 
https://vietnamnet.vn/xem-robot-hinh-nguoi-trung-quoc-tung-2-cu-dam-sam-set-nhu-
vo-su-2402380.html   | ✓ | ⏱: 3.88s
[2025-05-18T09:24:23.675+0000] {crawler.py:262} INFO -     ✓ Xem robot hình người Trung Quốc tung 2 cú đấm sấm sét như võ...

[2025-05-18T09:24:23.676+0000] {crawler.py:258} INFO - --> Crawl: https://vietnamnet.vn/lap-trung-tam-de-nghien-cuu-kinh-te-so-quan-tri-chuyen-doi-thong-minh-2402362.html
[2025-05-18T09:24:24.318+0000] {logging_mixin.py:188} INFO - [INIT].... → Crawl4AI 0.6.3
[2025-05-18T09:24:27.362+0000] {logging_mixin.py:188} INFO - [FETCH]... ↓ 
https://vietnamnet.vn/lap-trung-tam-de-nghien-cu...e-so-quan-tri-chuyen-doi-thon
g-minh-2402362.html  | ✓ | ⏱: 2.97s
[2025-05-18T09:24:27.591+0000] {logging_mixin.py:188} INFO - [SCRAPE].. ◆ 
https://vietnamnet.vn/lap-trung-tam-de-nghien-cu...e-so-quan-tri-chuyen-doi-thon
g-minh-2402362.html  | ✓ | ⏱: 0.23s
[2025-05-18T09:24:27.594+0000] {logging_mixin.py:188} INFO - [COMPLETE] ● 
https://vietnamnet.vn/lap-trung-tam-de-nghien-cu...e-so-quan-tri-chuyen-doi-thon
g-minh-2402362.html  | ✓ | ⏱: 3.20s
[2025-05-18T09:24:27.984+0000] {crawler.py:262} INFO -     ✓ Lập trung tâm để nghiên cứu kinh tế số, quản trị chuyển đổi ...

[2025-05-18T09:24:27.984+0000] {crawler.py:265} INFO - ⏱️  Tổng thời gian crawl: 14.03 giây
[2025-05-18T09:24:28.125+0000] {crawler.py:292} INFO - Đã lưu 2 bài viết vào collection 'cong-nghe'
[2025-05-18T09:24:28.194+0000] {python.py:237} INFO - Done. Returned value was: None
[2025-05-18T09:24:28.195+0000] {taskinstance.py:441} INFO - ::group::Post task execution logs
[2025-05-18T09:24:28.204+0000] {taskinstance.py:1206} INFO - Marking task as SUCCESS. dag_id=vietnamnet_crawler_24h, task_id=crawl_cong-nghe, run_id=manual__2025-05-18T09:24:11.833555+00:00, execution_date=20250518T092411, start_date=20250518T092413, end_date=20250518T092428
[2025-05-18T09:24:28.260+0000] {local_task_job_runner.py:240} INFO - Task exited with return code 0
[2025-05-18T09:24:28.283+0000] {taskinstance.py:3503} INFO - 0 downstream tasks scheduled from follow-on schedule check
[2025-05-18T09:24:28.286+0000] {local_task_job_runner.py:222} INFO - ::endgroup::
