[2025-05-17T20:42:19.175+0000] {local_task_job_runner.py:120} INFO - ::group::Pre task execution logs
[2025-05-17T20:42:19.197+0000] {taskinstance.py:2076} INFO - Dependencies all met for dep_context=non-requeueable deps ti=<TaskInstance: vietnamnet_crawler_24h.crawl_chinh-tri manual__2025-05-17T20:42:12.457142+00:00 [queued]>
[2025-05-17T20:42:19.207+0000] {taskinstance.py:2076} INFO - Dependencies all met for dep_context=requeueable deps ti=<TaskInstance: vietnamnet_crawler_24h.crawl_chinh-tri manual__2025-05-17T20:42:12.457142+00:00 [queued]>
[2025-05-17T20:42:19.208+0000] {taskinstance.py:2306} INFO - Starting attempt 1 of 2
[2025-05-17T20:42:19.222+0000] {taskinstance.py:2330} INFO - Executing <Task(PythonOperator): crawl_chinh-tri> on 2025-05-17 20:42:12.457142+00:00
[2025-05-17T20:42:19.228+0000] {warnings.py:112} WARNING - /home/***/.local/lib/python3.12/site-packages/***/task/task_runner/standard_task_runner.py:61: DeprecationWarning: This process (pid=7080) is multi-threaded, use of fork() may lead to deadlocks in the child.
  pid = os.fork()

[2025-05-17T20:42:19.230+0000] {standard_task_runner.py:63} INFO - Started process 7081 to run task
[2025-05-17T20:42:19.229+0000] {standard_task_runner.py:90} INFO - Running: ['***', 'tasks', 'run', 'vietnamnet_crawler_24h', 'crawl_chinh-tri', 'manual__2025-05-17T20:42:12.457142+00:00', '--job-id', '205', '--raw', '--subdir', 'DAGS_FOLDER/dags.py', '--cfg-path', '/tmp/tmpcw2gbia8']
[2025-05-17T20:42:19.232+0000] {standard_task_runner.py:91} INFO - Job 205: Subtask crawl_chinh-tri
[2025-05-17T20:42:19.274+0000] {task_command.py:426} INFO - Running <TaskInstance: vietnamnet_crawler_24h.crawl_chinh-tri manual__2025-05-17T20:42:12.457142+00:00 [running]> on host 60d771d880eb
[2025-05-17T20:42:19.371+0000] {taskinstance.py:2648} INFO - Exporting env vars: AIRFLOW_CTX_DAG_OWNER='***' AIRFLOW_CTX_DAG_ID='vietnamnet_crawler_24h' AIRFLOW_CTX_TASK_ID='crawl_chinh-tri' AIRFLOW_CTX_EXECUTION_DATE='2025-05-17T20:42:12.457142+00:00' AIRFLOW_CTX_TRY_NUMBER='1' AIRFLOW_CTX_DAG_RUN_ID='manual__2025-05-17T20:42:12.457142+00:00'
[2025-05-17T20:42:19.372+0000] {taskinstance.py:430} INFO - ::endgroup::
[2025-05-17T20:42:19.582+0000] {crawler.py:55} INFO - Đã kết nối thành công với MongoDB: News
[2025-05-17T20:42:20.307+0000] {logging_mixin.py:188} INFO - [INIT].... → Crawl4AI 0.6.2
[2025-05-17T20:42:23.240+0000] {logging_mixin.py:188} INFO - [FETCH]... ↓ https://vietnamnet.vn/tin-tuc-24h?bydaterang=&cate=000001                                            | 
[2025-05-17T20:42:23.241+0000] {logging_mixin.py:188} INFO - ✓
[2025-05-17T20:42:23.242+0000] {logging_mixin.py:188} INFO -  | ⏱: 2.86s
[2025-05-17T20:42:23.420+0000] {logging_mixin.py:188} INFO - [SCRAPE].. ◆ https://vietnamnet.vn/tin-tuc-24h?bydaterang=&cate=000001                                            | 
[2025-05-17T20:42:23.421+0000] {logging_mixin.py:188} INFO - ✓
[2025-05-17T20:42:23.421+0000] {logging_mixin.py:188} INFO -  | ⏱: 0.18s
[2025-05-17T20:42:23.423+0000] {logging_mixin.py:188} INFO - [COMPLETE] ● https://vietnamnet.vn/tin-tuc-24h?bydaterang=&cate=000001                                            | 
[2025-05-17T20:42:23.423+0000] {logging_mixin.py:188} INFO - ✓
[2025-05-17T20:42:23.424+0000] {logging_mixin.py:188} INFO -  | ⏱: 3.04s
[2025-05-17T20:42:23.677+0000] {crawler.py:85} INFO - Tìm thấy 25 link bài viết cho danh mục chinh-tri
[2025-05-17T20:42:24.286+0000] {crawler.py:110} INFO - Đã lọc: 25 URLs ban đầu -> 0 URLs sau xử lý live
[2025-05-17T20:42:24.286+0000] {crawler.py:252} INFO - Không có bài viết mới nào trong danh mục chinh-tri cần crawl.
[2025-05-17T20:42:24.355+0000] {crawler.py:294} INFO - Không có bài viết để lưu vào collection 'chinh-tri'
[2025-05-17T20:42:24.419+0000] {python.py:237} INFO - Done. Returned value was: None
[2025-05-17T20:42:24.420+0000] {taskinstance.py:441} INFO - ::group::Post task execution logs
[2025-05-17T20:42:24.428+0000] {taskinstance.py:1206} INFO - Marking task as SUCCESS. dag_id=vietnamnet_crawler_24h, task_id=crawl_chinh-tri, run_id=manual__2025-05-17T20:42:12.457142+00:00, execution_date=20250517T204212, start_date=20250517T204219, end_date=20250517T204224
[2025-05-17T20:42:24.473+0000] {local_task_job_runner.py:240} INFO - Task exited with return code 0
[2025-05-17T20:42:24.495+0000] {taskinstance.py:3503} INFO - 1 downstream tasks scheduled from follow-on schedule check
[2025-05-17T20:42:24.497+0000] {local_task_job_runner.py:222} INFO - ::endgroup::
