[2025-06-15T19:04:29.502+0000] {local_task_job_runner.py:120} INFO - ::group::Pre task execution logs
[2025-06-15T19:04:29.525+0000] {taskinstance.py:2076} INFO - Dependencies all met for dep_context=non-requeueable deps ti=<TaskInstance: deepai_monthly_insights.generate_monthly_insights_per_collection manual__2025-06-15T18:59:15.141422+00:00 [queued]>
[2025-06-15T19:04:29.537+0000] {taskinstance.py:2076} INFO - Dependencies all met for dep_context=requeueable deps ti=<TaskInstance: deepai_monthly_insights.generate_monthly_insights_per_collection manual__2025-06-15T18:59:15.141422+00:00 [queued]>
[2025-06-15T19:04:29.538+0000] {taskinstance.py:2306} INFO - Starting attempt 2 of 3
[2025-06-15T19:04:29.556+0000] {taskinstance.py:2330} INFO - Executing <Task(PythonOperator): generate_monthly_insights_per_collection> on 2025-06-15 18:59:15.141422+00:00
[2025-06-15T19:04:29.565+0000] {warnings.py:112} WARNING - /home/***/.local/lib/python3.12/site-packages/***/task/task_runner/standard_task_runner.py:61: DeprecationWarning: This process (pid=597) is multi-threaded, use of fork() may lead to deadlocks in the child.
  pid = os.fork()

[2025-06-15T19:04:29.568+0000] {standard_task_runner.py:63} INFO - Started process 599 to run task
[2025-06-15T19:04:29.569+0000] {standard_task_runner.py:90} INFO - Running: ['***', 'tasks', 'run', 'deepai_monthly_insights', 'generate_monthly_insights_per_collection', 'manual__2025-06-15T18:59:15.141422+00:00', '--job-id', '58', '--raw', '--subdir', 'DAGS_FOLDER/dags.py', '--cfg-path', '/tmp/tmp8sp9q2jn']
[2025-06-15T19:04:29.573+0000] {standard_task_runner.py:91} INFO - Job 58: Subtask generate_monthly_insights_per_collection
[2025-06-15T19:04:29.637+0000] {task_command.py:426} INFO - Running <TaskInstance: deepai_monthly_insights.generate_monthly_insights_per_collection manual__2025-06-15T18:59:15.141422+00:00 [running]> on host d8dffa52d0ec
[2025-06-15T19:04:29.754+0000] {taskinstance.py:2648} INFO - Exporting env vars: AIRFLOW_CTX_DAG_OWNER='***' AIRFLOW_CTX_DAG_ID='deepai_monthly_insights' AIRFLOW_CTX_TASK_ID='generate_monthly_insights_per_collection' AIRFLOW_CTX_EXECUTION_DATE='2025-06-15T18:59:15.141422+00:00' AIRFLOW_CTX_TRY_NUMBER='2' AIRFLOW_CTX_DAG_RUN_ID='manual__2025-06-15T18:59:15.141422+00:00'
[2025-06-15T19:04:29.756+0000] {taskinstance.py:430} INFO - ::endgroup::
[2025-06-15T19:04:29.771+0000] {dags.py:199} INFO - Bắt đầu tạo insights cho từng category từ dữ liệu tháng qua
[2025-06-15T19:04:30.101+0000] {dags.py:213} INFO - Tạo insights riêng cho từng category và lưu vào database...
[2025-06-15T19:04:59.177+0000] {logging_mixin.py:188} INFO - ✅ Đã lưu insight cho collection 'hardware' (ID: 2025-06)
[2025-06-15T19:04:59.250+0000] {logging_mixin.py:188} INFO - ✅ Đã lưu insight cho collection 'culture' (ID: 2025-06)
[2025-06-15T19:04:59.304+0000] {logging_mixin.py:188} INFO - ✅ Đã lưu insight cho collection 'science' (ID: 2025-06)
[2025-06-15T19:04:59.358+0000] {logging_mixin.py:188} INFO - ✅ Đã lưu insight cho collection 'business' (ID: 2025-06)
[2025-06-15T19:04:59.411+0000] {logging_mixin.py:188} INFO - ✅ Đã lưu insight cho collection 'ml-research' (ID: 2025-06)
[2025-06-15T19:04:59.466+0000] {logging_mixin.py:188} INFO - ✅ Đã lưu insight cho collection 'data-points' (ID: 2025-06)
[2025-06-15T19:04:59.466+0000] {logging_mixin.py:188} INFO - 
📊 Tổng kết: Đã lưu thành công 6/6 insights vào database 'deeplearning_ai_insight'
[2025-06-15T19:04:59.467+0000] {dags.py:221} INFO - Đã tạo và lưu thành công 6 insights vào database 'deeplearning_ai_insight'
[2025-06-15T19:04:59.821+0000] {dags.py:225} INFO - Thống kê Insight Database: 6 insights trong 6 collections
[2025-06-15T19:04:59.822+0000] {dags.py:230} INFO - Hoàn thành tạo insights tháng
[2025-06-15T19:04:59.823+0000] {python.py:237} INFO - Done. Returned value was: None
[2025-06-15T19:04:59.824+0000] {taskinstance.py:441} INFO - ::group::Post task execution logs
[2025-06-15T19:04:59.834+0000] {taskinstance.py:1206} INFO - Marking task as SUCCESS. dag_id=deepai_monthly_insights, task_id=generate_monthly_insights_per_collection, run_id=manual__2025-06-15T18:59:15.141422+00:00, execution_date=20250615T185915, start_date=20250615T190429, end_date=20250615T190459
[2025-06-15T19:04:59.859+0000] {local_task_job_runner.py:240} INFO - Task exited with return code 0
[2025-06-15T19:04:59.873+0000] {taskinstance.py:3503} INFO - 0 downstream tasks scheduled from follow-on schedule check
[2025-06-15T19:04:59.875+0000] {local_task_job_runner.py:222} INFO - ::endgroup::
