[2025-05-16T17:09:03.272+0000] {local_task_job_runner.py:120} INFO - ::group::Pre task execution logs
[2025-05-16T17:09:03.292+0000] {taskinstance.py:2076} INFO - Dependencies all met for dep_context=non-requeueable deps ti=<TaskInstance: vietnamnet_crawler_24h.crawl_the-gioi scheduled__2025-05-16T16:30:00+00:00 [queued]>
[2025-05-16T17:09:03.300+0000] {taskinstance.py:2076} INFO - Dependencies all met for dep_context=requeueable deps ti=<TaskInstance: vietnamnet_crawler_24h.crawl_the-gioi scheduled__2025-05-16T16:30:00+00:00 [queued]>
[2025-05-16T17:09:03.300+0000] {taskinstance.py:2306} INFO - Starting attempt 1 of 2
[2025-05-16T17:09:03.316+0000] {taskinstance.py:2330} INFO - Executing <Task(PythonOperator): crawl_the-gioi> on 2025-05-16 16:30:00+00:00
[2025-05-16T17:09:03.321+0000] {warnings.py:112} WARNING - /home/***/.local/lib/python3.12/site-packages/***/task/task_runner/standard_task_runner.py:61: DeprecationWarning: This process (pid=985) is multi-threaded, use of fork() may lead to deadlocks in the child.
  pid = os.fork()

[2025-05-16T17:09:03.323+0000] {standard_task_runner.py:63} INFO - Started process 988 to run task
[2025-05-16T17:09:03.323+0000] {standard_task_runner.py:90} INFO - Running: ['***', 'tasks', 'run', 'vietnamnet_crawler_24h', 'crawl_the-gioi', 'scheduled__2025-05-16T16:30:00+00:00', '--job-id', '83', '--raw', '--subdir', 'DAGS_FOLDER/dags.py', '--cfg-path', '/tmp/tmpbday551i']
[2025-05-16T17:09:03.325+0000] {standard_task_runner.py:91} INFO - Job 83: Subtask crawl_the-gioi
[2025-05-16T17:09:03.363+0000] {task_command.py:426} INFO - Running <TaskInstance: vietnamnet_crawler_24h.crawl_the-gioi scheduled__2025-05-16T16:30:00+00:00 [running]> on host 60d771d880eb
[2025-05-16T17:09:03.443+0000] {taskinstance.py:2648} INFO - Exporting env vars: AIRFLOW_CTX_DAG_OWNER='***' AIRFLOW_CTX_DAG_ID='vietnamnet_crawler_24h' AIRFLOW_CTX_TASK_ID='crawl_the-gioi' AIRFLOW_CTX_EXECUTION_DATE='2025-05-16T16:30:00+00:00' AIRFLOW_CTX_TRY_NUMBER='1' AIRFLOW_CTX_DAG_RUN_ID='scheduled__2025-05-16T16:30:00+00:00'
[2025-05-16T17:09:03.444+0000] {taskinstance.py:430} INFO - ::endgroup::
[2025-05-16T17:09:03.635+0000] {crawler.py:55} INFO - Đã kết nối thành công với MongoDB: News
[2025-05-16T17:09:04.481+0000] {logging_mixin.py:188} INFO - [INIT].... → Crawl4AI 0.6.2
[2025-05-16T17:09:07.757+0000] {logging_mixin.py:188} INFO - [FETCH]... ↓ https://vietnamnet.vn/tin-tuc-24h?bydaterang=&cate=000005                                            | 
[2025-05-16T17:09:07.758+0000] {logging_mixin.py:188} INFO - ✓
[2025-05-16T17:09:07.759+0000] {logging_mixin.py:188} INFO -  | ⏱: 3.20s
[2025-05-16T17:09:07.965+0000] {logging_mixin.py:188} INFO - [SCRAPE].. ◆ https://vietnamnet.vn/tin-tuc-24h?bydaterang=&cate=000005                                            | 
[2025-05-16T17:09:07.965+0000] {logging_mixin.py:188} INFO - ✓
[2025-05-16T17:09:07.966+0000] {logging_mixin.py:188} INFO -  | ⏱: 0.20s
[2025-05-16T17:09:07.967+0000] {logging_mixin.py:188} INFO - [COMPLETE] ● https://vietnamnet.vn/tin-tuc-24h?bydaterang=&cate=000005                                            | 
[2025-05-16T17:09:07.968+0000] {logging_mixin.py:188} INFO - ✓
[2025-05-16T17:09:07.968+0000] {logging_mixin.py:188} INFO -  | ⏱: 3.41s
[2025-05-16T17:09:08.215+0000] {crawler.py:85} INFO - Tìm thấy 25 link bài viết cho danh mục the-gioi
[2025-05-16T17:09:08.763+0000] {crawler.py:110} INFO - Đã lọc: 25 URLs ban đầu -> 0 URLs sau xử lý live
[2025-05-16T17:09:08.764+0000] {crawler.py:244} INFO - Không có bài viết mới nào trong danh mục the-gioi cần crawl.
[2025-05-16T17:09:08.764+0000] {crawler.py:284} INFO - Không có bài viết để lưu vào collection 'the-gioi'
[2025-05-16T17:09:08.827+0000] {python.py:237} INFO - Done. Returned value was: None
[2025-05-16T17:09:08.828+0000] {taskinstance.py:441} INFO - ::group::Post task execution logs
[2025-05-16T17:09:08.835+0000] {taskinstance.py:1206} INFO - Marking task as SUCCESS. dag_id=vietnamnet_crawler_24h, task_id=crawl_the-gioi, run_id=scheduled__2025-05-16T16:30:00+00:00, execution_date=20250516T163000, start_date=20250516T170903, end_date=20250516T170908
[2025-05-16T17:09:08.874+0000] {local_task_job_runner.py:240} INFO - Task exited with return code 0
[2025-05-16T17:09:08.895+0000] {taskinstance.py:3503} INFO - 1 downstream tasks scheduled from follow-on schedule check
[2025-05-16T17:09:08.897+0000] {local_task_job_runner.py:222} INFO - ::endgroup::
