[2025-05-16T09:49:43.385+0000] {local_task_job_runner.py:120} INFO - ::group::Pre task execution logs
[2025-05-16T09:49:43.409+0000] {taskinstance.py:2076} INFO - Dependencies all met for dep_context=non-requeueable deps ti=<TaskInstance: vietnamnet_crawler_24h.crawl_the-gioi manual__2025-05-16T09:48:57.718399+00:00 [queued]>
[2025-05-16T09:49:43.418+0000] {taskinstance.py:2076} INFO - Dependencies all met for dep_context=requeueable deps ti=<TaskInstance: vietnamnet_crawler_24h.crawl_the-gioi manual__2025-05-16T09:48:57.718399+00:00 [queued]>
[2025-05-16T09:49:43.418+0000] {taskinstance.py:2306} INFO - Starting attempt 1 of 2
[2025-05-16T09:49:43.432+0000] {taskinstance.py:2330} INFO - Executing <Task(PythonOperator): crawl_the-gioi> on 2025-05-16 09:48:57.718399+00:00
[2025-05-16T09:49:43.439+0000] {warnings.py:112} WARNING - /home/***/.local/lib/python3.12/site-packages/***/task/task_runner/standard_task_runner.py:61: DeprecationWarning: This process (pid=1365) is multi-threaded, use of fork() may lead to deadlocks in the child.
  pid = os.fork()

[2025-05-16T09:49:43.440+0000] {standard_task_runner.py:63} INFO - Started process 1366 to run task
[2025-05-16T09:49:43.441+0000] {standard_task_runner.py:90} INFO - Running: ['***', 'tasks', 'run', 'vietnamnet_crawler_24h', 'crawl_the-gioi', 'manual__2025-05-16T09:48:57.718399+00:00', '--job-id', '10', '--raw', '--subdir', 'DAGS_FOLDER/dags.py', '--cfg-path', '/tmp/tmpt450ljsv']
[2025-05-16T09:49:43.444+0000] {standard_task_runner.py:91} INFO - Job 10: Subtask crawl_the-gioi
[2025-05-16T09:49:43.488+0000] {task_command.py:426} INFO - Running <TaskInstance: vietnamnet_crawler_24h.crawl_the-gioi manual__2025-05-16T09:48:57.718399+00:00 [running]> on host 71b827885e5f
[2025-05-16T09:49:43.578+0000] {taskinstance.py:2648} INFO - Exporting env vars: AIRFLOW_CTX_DAG_OWNER='***' AIRFLOW_CTX_DAG_ID='vietnamnet_crawler_24h' AIRFLOW_CTX_TASK_ID='crawl_the-gioi' AIRFLOW_CTX_EXECUTION_DATE='2025-05-16T09:48:57.718399+00:00' AIRFLOW_CTX_TRY_NUMBER='1' AIRFLOW_CTX_DAG_RUN_ID='manual__2025-05-16T09:48:57.718399+00:00'
[2025-05-16T09:49:43.580+0000] {taskinstance.py:430} INFO - ::endgroup::
[2025-05-16T09:49:43.741+0000] {crawler.py:54} INFO - Đã kết nối thành công với MongoDB: News
[2025-05-16T09:49:44.475+0000] {logging_mixin.py:188} INFO - [INIT].... → Crawl4AI 0.6.2
[2025-05-16T09:49:47.745+0000] {logging_mixin.py:188} INFO - [FETCH]... ↓ https://vietnamnet.vn/tin-tuc-24h?bydaterang=&cate=000005                                            | 
[2025-05-16T09:49:47.746+0000] {logging_mixin.py:188} INFO - ✓
[2025-05-16T09:49:47.747+0000] {logging_mixin.py:188} INFO -  | ⏱: 3.16s
[2025-05-16T09:49:47.915+0000] {logging_mixin.py:188} INFO - [SCRAPE].. ◆ https://vietnamnet.vn/tin-tuc-24h?bydaterang=&cate=000005                                            | 
[2025-05-16T09:49:47.916+0000] {logging_mixin.py:188} INFO - ✓
[2025-05-16T09:49:47.916+0000] {logging_mixin.py:188} INFO -  | ⏱: 0.21s
[2025-05-16T09:49:47.917+0000] {logging_mixin.py:188} INFO - [COMPLETE] ● https://vietnamnet.vn/tin-tuc-24h?bydaterang=&cate=000005                                            | 
[2025-05-16T09:49:47.918+0000] {logging_mixin.py:188} INFO - ✓
[2025-05-16T09:49:47.918+0000] {logging_mixin.py:188} INFO -  | ⏱: 3.37s
[2025-05-16T09:49:48.046+0000] {crawler.py:84} INFO - Tìm thấy 25 link bài viết cho danh mục the-gioi
[2025-05-16T09:49:50.250+0000] {crawler.py:110} INFO - Đã lọc: 25 URLs ban đầu -> 0 URLs mới
[2025-05-16T09:49:50.251+0000] {crawler.py:231} INFO - Không có bài viết mới nào trong danh mục the-gioi cần crawl.
[2025-05-16T09:49:50.253+0000] {crawler.py:271} INFO - Không có bài viết để lưu vào collection 'the-gioi'
[2025-05-16T09:49:50.320+0000] {python.py:237} INFO - Done. Returned value was: None
[2025-05-16T09:49:50.322+0000] {taskinstance.py:441} INFO - ::group::Post task execution logs
[2025-05-16T09:49:50.338+0000] {taskinstance.py:1206} INFO - Marking task as SUCCESS. dag_id=vietnamnet_crawler_24h, task_id=crawl_the-gioi, run_id=manual__2025-05-16T09:48:57.718399+00:00, execution_date=20250516T094857, start_date=20250516T094943, end_date=20250516T094950
[2025-05-16T09:49:50.411+0000] {local_task_job_runner.py:240} INFO - Task exited with return code 0
[2025-05-16T09:49:50.474+0000] {taskinstance.py:3503} INFO - 1 downstream tasks scheduled from follow-on schedule check
[2025-05-16T09:49:50.478+0000] {local_task_job_runner.py:222} INFO - ::endgroup::
