[2025-05-16T13:44:50.280+0000] {local_task_job_runner.py:120} INFO - ::group::Pre task execution logs
[2025-05-16T13:44:50.300+0000] {taskinstance.py:2076} INFO - Dependencies all met for dep_context=non-requeueable deps ti=<TaskInstance: vietnamnet_crawler_24h.crawl_phap-luat manual__2025-05-16T13:44:14.891160+00:00 [queued]>
[2025-05-16T13:44:50.308+0000] {taskinstance.py:2076} INFO - Dependencies all met for dep_context=requeueable deps ti=<TaskInstance: vietnamnet_crawler_24h.crawl_phap-luat manual__2025-05-16T13:44:14.891160+00:00 [queued]>
[2025-05-16T13:44:50.309+0000] {taskinstance.py:2306} INFO - Starting attempt 1 of 2
[2025-05-16T13:44:50.323+0000] {taskinstance.py:2330} INFO - Executing <Task(PythonOperator): crawl_phap-luat> on 2025-05-16 13:44:14.891160+00:00
[2025-05-16T13:44:50.329+0000] {warnings.py:112} WARNING - /home/***/.local/lib/python3.12/site-packages/***/task/task_runner/standard_task_runner.py:61: DeprecationWarning: This process (pid=14139) is multi-threaded, use of fork() may lead to deadlocks in the child.
  pid = os.fork()

[2025-05-16T13:44:50.331+0000] {standard_task_runner.py:63} INFO - Started process 14140 to run task
[2025-05-16T13:44:50.330+0000] {standard_task_runner.py:90} INFO - Running: ['***', 'tasks', 'run', 'vietnamnet_crawler_24h', 'crawl_phap-luat', 'manual__2025-05-16T13:44:14.891160+00:00', '--job-id', '64', '--raw', '--subdir', 'DAGS_FOLDER/dags.py', '--cfg-path', '/tmp/tmp0h2dkmxs']
[2025-05-16T13:44:50.333+0000] {standard_task_runner.py:91} INFO - Job 64: Subtask crawl_phap-luat
[2025-05-16T13:44:50.371+0000] {task_command.py:426} INFO - Running <TaskInstance: vietnamnet_crawler_24h.crawl_phap-luat manual__2025-05-16T13:44:14.891160+00:00 [running]> on host 60d771d880eb
[2025-05-16T13:44:50.450+0000] {taskinstance.py:2648} INFO - Exporting env vars: AIRFLOW_CTX_DAG_OWNER='***' AIRFLOW_CTX_DAG_ID='vietnamnet_crawler_24h' AIRFLOW_CTX_TASK_ID='crawl_phap-luat' AIRFLOW_CTX_EXECUTION_DATE='2025-05-16T13:44:14.891160+00:00' AIRFLOW_CTX_TRY_NUMBER='1' AIRFLOW_CTX_DAG_RUN_ID='manual__2025-05-16T13:44:14.891160+00:00'
[2025-05-16T13:44:50.451+0000] {taskinstance.py:430} INFO - ::endgroup::
[2025-05-16T13:44:50.610+0000] {crawler.py:54} INFO - Đã kết nối thành công với MongoDB: News
[2025-05-16T13:44:51.249+0000] {logging_mixin.py:188} INFO - [INIT].... → Crawl4AI 0.6.2
[2025-05-16T13:44:53.442+0000] {logging_mixin.py:188} INFO - [FETCH]... ↓ https://vietnamnet.vn/tin-tuc-24h?bydaterang=&cate=000008                                            | 
[2025-05-16T13:44:53.443+0000] {logging_mixin.py:188} INFO - ✓
[2025-05-16T13:44:53.444+0000] {logging_mixin.py:188} INFO -  | ⏱: 2.54s
[2025-05-16T13:44:53.612+0000] {logging_mixin.py:188} INFO - [SCRAPE].. ◆ https://vietnamnet.vn/tin-tuc-24h?bydaterang=&cate=000008                                            | 
[2025-05-16T13:44:53.612+0000] {logging_mixin.py:188} INFO - ✓
[2025-05-16T13:44:53.613+0000] {logging_mixin.py:188} INFO -  | ⏱: 0.17s
[2025-05-16T13:44:53.614+0000] {logging_mixin.py:188} INFO - [COMPLETE] ● https://vietnamnet.vn/tin-tuc-24h?bydaterang=&cate=000008                                            | 
[2025-05-16T13:44:53.615+0000] {logging_mixin.py:188} INFO - ✓
[2025-05-16T13:44:53.615+0000] {logging_mixin.py:188} INFO -  | ⏱: 2.71s
[2025-05-16T13:44:53.395+0000] {crawler.py:84} INFO - Tìm thấy 25 link bài viết cho danh mục phap-luat
[2025-05-16T13:44:53.996+0000] {crawler.py:108} INFO - Đã lọc: 25 URLs ban đầu -> 0 URLs mới
[2025-05-16T13:44:53.996+0000] {crawler.py:229} INFO - Không có bài viết mới nào trong danh mục phap-luat cần crawl.
[2025-05-16T13:44:53.997+0000] {crawler.py:269} INFO - Không có bài viết để lưu vào collection 'phap-luat'
[2025-05-16T13:44:54.064+0000] {python.py:237} INFO - Done. Returned value was: None
[2025-05-16T13:44:54.065+0000] {taskinstance.py:441} INFO - ::group::Post task execution logs
[2025-05-16T13:44:54.074+0000] {taskinstance.py:1206} INFO - Marking task as SUCCESS. dag_id=vietnamnet_crawler_24h, task_id=crawl_phap-luat, run_id=manual__2025-05-16T13:44:14.891160+00:00, execution_date=20250516T134414, start_date=20250516T134450, end_date=20250516T134454
[2025-05-16T13:44:54.106+0000] {local_task_job_runner.py:240} INFO - Task exited with return code 0
[2025-05-16T13:44:54.123+0000] {taskinstance.py:3503} INFO - 1 downstream tasks scheduled from follow-on schedule check
[2025-05-16T13:44:54.126+0000] {local_task_job_runner.py:222} INFO - ::endgroup::
