[2025-05-16T09:49:34.368+0000] {local_task_job_runner.py:120} INFO - ::group::Pre task execution logs
[2025-05-16T09:49:34.393+0000] {taskinstance.py:2076} INFO - Dependencies all met for dep_context=non-requeueable deps ti=<TaskInstance: vietnamnet_crawler_24h.crawl_giao-duc manual__2025-05-16T09:48:57.718399+00:00 [queued]>
[2025-05-16T09:49:34.402+0000] {taskinstance.py:2076} INFO - Dependencies all met for dep_context=requeueable deps ti=<TaskInstance: vietnamnet_crawler_24h.crawl_giao-duc manual__2025-05-16T09:48:57.718399+00:00 [queued]>
[2025-05-16T09:49:34.403+0000] {taskinstance.py:2306} INFO - Starting attempt 1 of 2
[2025-05-16T09:49:34.418+0000] {taskinstance.py:2330} INFO - Executing <Task(PythonOperator): crawl_giao-duc> on 2025-05-16 09:48:57.718399+00:00
[2025-05-16T09:49:34.425+0000] {warnings.py:112} WARNING - /home/***/.local/lib/python3.12/site-packages/***/task/task_runner/standard_task_runner.py:61: DeprecationWarning: This process (pid=1096) is multi-threaded, use of fork() may lead to deadlocks in the child.
  pid = os.fork()

[2025-05-16T09:49:34.427+0000] {standard_task_runner.py:63} INFO - Started process 1097 to run task
[2025-05-16T09:49:34.426+0000] {standard_task_runner.py:90} INFO - Running: ['***', 'tasks', 'run', 'vietnamnet_crawler_24h', 'crawl_giao-duc', 'manual__2025-05-16T09:48:57.718399+00:00', '--job-id', '8', '--raw', '--subdir', 'DAGS_FOLDER/dags.py', '--cfg-path', '/tmp/tmpum9y1r8q']
[2025-05-16T09:49:34.429+0000] {standard_task_runner.py:91} INFO - Job 8: Subtask crawl_giao-duc
[2025-05-16T09:49:34.476+0000] {task_command.py:426} INFO - Running <TaskInstance: vietnamnet_crawler_24h.crawl_giao-duc manual__2025-05-16T09:48:57.718399+00:00 [running]> on host 71b827885e5f
[2025-05-16T09:49:34.588+0000] {taskinstance.py:2648} INFO - Exporting env vars: AIRFLOW_CTX_DAG_OWNER='***' AIRFLOW_CTX_DAG_ID='vietnamnet_crawler_24h' AIRFLOW_CTX_TASK_ID='crawl_giao-duc' AIRFLOW_CTX_EXECUTION_DATE='2025-05-16T09:48:57.718399+00:00' AIRFLOW_CTX_TRY_NUMBER='1' AIRFLOW_CTX_DAG_RUN_ID='manual__2025-05-16T09:48:57.718399+00:00'
[2025-05-16T09:49:34.590+0000] {taskinstance.py:430} INFO - ::endgroup::
[2025-05-16T09:49:34.892+0000] {crawler.py:54} INFO - Đã kết nối thành công với MongoDB: News
[2025-05-16T09:49:35.733+0000] {logging_mixin.py:188} INFO - [INIT].... → Crawl4AI 0.6.2
[2025-05-16T09:49:39.092+0000] {logging_mixin.py:188} INFO - [FETCH]... ↓ https://vietnamnet.vn/tin-tuc-24h?bydaterang=&cate=000006                                            | 
[2025-05-16T09:49:39.093+0000] {logging_mixin.py:188} INFO - ✓
[2025-05-16T09:49:39.096+0000] {logging_mixin.py:188} INFO -  | ⏱: 3.25s
[2025-05-16T09:49:39.377+0000] {logging_mixin.py:188} INFO - [SCRAPE].. ◆ https://vietnamnet.vn/tin-tuc-24h?bydaterang=&cate=000006                                            | 
[2025-05-16T09:49:39.378+0000] {logging_mixin.py:188} INFO - ✓
[2025-05-16T09:49:39.378+0000] {logging_mixin.py:188} INFO -  | ⏱: 0.28s
[2025-05-16T09:49:39.380+0000] {logging_mixin.py:188} INFO - [COMPLETE] ● https://vietnamnet.vn/tin-tuc-24h?bydaterang=&cate=000006                                            | 
[2025-05-16T09:49:39.381+0000] {logging_mixin.py:188} INFO - ✓
[2025-05-16T09:49:39.382+0000] {logging_mixin.py:188} INFO -  | ⏱: 3.54s
[2025-05-16T09:49:39.508+0000] {crawler.py:84} INFO - Tìm thấy 25 link bài viết cho danh mục giao-duc
[2025-05-16T09:49:41.629+0000] {crawler.py:110} INFO - Đã lọc: 25 URLs ban đầu -> 0 URLs mới
[2025-05-16T09:49:41.629+0000] {crawler.py:231} INFO - Không có bài viết mới nào trong danh mục giao-duc cần crawl.
[2025-05-16T09:49:41.630+0000] {crawler.py:271} INFO - Không có bài viết để lưu vào collection 'giao-duc'
[2025-05-16T09:49:41.694+0000] {python.py:237} INFO - Done. Returned value was: None
[2025-05-16T09:49:41.695+0000] {taskinstance.py:441} INFO - ::group::Post task execution logs
[2025-05-16T09:49:41.713+0000] {taskinstance.py:1206} INFO - Marking task as SUCCESS. dag_id=vietnamnet_crawler_24h, task_id=crawl_giao-duc, run_id=manual__2025-05-16T09:48:57.718399+00:00, execution_date=20250516T094857, start_date=20250516T094934, end_date=20250516T094941
[2025-05-16T09:49:41.767+0000] {local_task_job_runner.py:240} INFO - Task exited with return code 0
[2025-05-16T09:49:41.818+0000] {taskinstance.py:3503} INFO - 1 downstream tasks scheduled from follow-on schedule check
[2025-05-16T09:49:41.828+0000] {local_task_job_runner.py:222} INFO - ::endgroup::
