[2025-05-16T12:59:38.750+0000] {local_task_job_runner.py:120} INFO - ::group::Pre task execution logs
[2025-05-16T12:59:38.772+0000] {taskinstance.py:2076} INFO - Dependencies all met for dep_context=non-requeueable deps ti=<TaskInstance: vietnamnet_crawler_24h.crawl_doi-song manual__2025-05-16T12:58:33.034739+00:00 [queued]>
[2025-05-16T12:59:38.780+0000] {taskinstance.py:2076} INFO - Dependencies all met for dep_context=requeueable deps ti=<TaskInstance: vietnamnet_crawler_24h.crawl_doi-song manual__2025-05-16T12:58:33.034739+00:00 [queued]>
[2025-05-16T12:59:38.781+0000] {taskinstance.py:2306} INFO - Starting attempt 1 of 2
[2025-05-16T12:59:38.794+0000] {taskinstance.py:2330} INFO - Executing <Task(PythonOperator): crawl_doi-song> on 2025-05-16 12:58:33.034739+00:00
[2025-05-16T12:59:38.800+0000] {warnings.py:112} WARNING - /home/***/.local/lib/python3.12/site-packages/***/task/task_runner/standard_task_runner.py:61: DeprecationWarning: This process (pid=8232) is multi-threaded, use of fork() may lead to deadlocks in the child.
  pid = os.fork()

[2025-05-16T12:59:38.801+0000] {standard_task_runner.py:63} INFO - Started process 8233 to run task
[2025-05-16T12:59:38.801+0000] {standard_task_runner.py:90} INFO - Running: ['***', 'tasks', 'run', 'vietnamnet_crawler_24h', 'crawl_doi-song', 'manual__2025-05-16T12:58:33.034739+00:00', '--job-id', '30', '--raw', '--subdir', 'DAGS_FOLDER/dags.py', '--cfg-path', '/tmp/tmpnf5aixg2']
[2025-05-16T12:59:38.804+0000] {standard_task_runner.py:91} INFO - Job 30: Subtask crawl_doi-song
[2025-05-16T12:59:38.846+0000] {task_command.py:426} INFO - Running <TaskInstance: vietnamnet_crawler_24h.crawl_doi-song manual__2025-05-16T12:58:33.034739+00:00 [running]> on host 60d771d880eb
[2025-05-16T12:59:38.930+0000] {taskinstance.py:2648} INFO - Exporting env vars: AIRFLOW_CTX_DAG_OWNER='***' AIRFLOW_CTX_DAG_ID='vietnamnet_crawler_24h' AIRFLOW_CTX_TASK_ID='crawl_doi-song' AIRFLOW_CTX_EXECUTION_DATE='2025-05-16T12:58:33.034739+00:00' AIRFLOW_CTX_TRY_NUMBER='1' AIRFLOW_CTX_DAG_RUN_ID='manual__2025-05-16T12:58:33.034739+00:00'
[2025-05-16T12:59:38.932+0000] {taskinstance.py:430} INFO - ::endgroup::
[2025-05-16T12:59:39.235+0000] {crawler.py:54} INFO - Đã kết nối thành công với MongoDB: News
[2025-05-16T12:59:39.947+0000] {logging_mixin.py:188} INFO - [INIT].... → Crawl4AI 0.6.2
[2025-05-16T12:59:43.056+0000] {logging_mixin.py:188} INFO - [FETCH]... ↓ https://vietnamnet.vn/tin-tuc-24h?bydaterang=&cate=000007                                            | 
[2025-05-16T12:59:43.057+0000] {logging_mixin.py:188} INFO - ✓
[2025-05-16T12:59:43.058+0000] {logging_mixin.py:188} INFO -  | ⏱: 3.02s
[2025-05-16T12:59:43.293+0000] {logging_mixin.py:188} INFO - [SCRAPE].. ◆ https://vietnamnet.vn/tin-tuc-24h?bydaterang=&cate=000007                                            | 
[2025-05-16T12:59:43.294+0000] {logging_mixin.py:188} INFO - ✓
[2025-05-16T12:59:43.295+0000] {logging_mixin.py:188} INFO -  | ⏱: 0.23s
[2025-05-16T12:59:43.296+0000] {logging_mixin.py:188} INFO - [COMPLETE] ● https://vietnamnet.vn/tin-tuc-24h?bydaterang=&cate=000007                                            | 
[2025-05-16T12:59:43.297+0000] {logging_mixin.py:188} INFO - ✓
[2025-05-16T12:59:43.298+0000] {logging_mixin.py:188} INFO -  | ⏱: 3.26s
[2025-05-16T12:59:43.644+0000] {crawler.py:84} INFO - Tìm thấy 25 link bài viết cho danh mục doi-song
[2025-05-16T12:59:44.301+0000] {crawler.py:108} INFO - Đã lọc: 25 URLs ban đầu -> 1 URLs mới
[2025-05-16T12:59:44.302+0000] {crawler.py:232} INFO - Đang crawl 1 bài viết mới từ danh mục doi-song...
[2025-05-16T12:59:44.302+0000] {crawler.py:235} INFO - --> Crawl: https://vietnamnet.vn/vi-cai-dieu-hoa-dong-nghiep-bat-hoa-me-chong-gian-nang-dau-3-ngay-2401650.html
[2025-05-16T12:59:45.006+0000] {logging_mixin.py:188} INFO - [INIT].... → Crawl4AI 0.6.2
[2025-05-16T12:59:48.577+0000] {logging_mixin.py:188} INFO - [FETCH]... ↓ https://vietnamnet.vn/vi-cai-dieu-hoa-dong-nghiep-bat-hoa-me-chong-gian-nang-dau-3-ngay-2401650.html | 
[2025-05-16T12:59:48.578+0000] {logging_mixin.py:188} INFO - ✓
[2025-05-16T12:59:48.579+0000] {logging_mixin.py:188} INFO -  | ⏱: 3.49s
[2025-05-16T12:59:48.786+0000] {logging_mixin.py:188} INFO - [SCRAPE].. ◆ https://vietnamnet.vn/vi-cai-dieu-hoa-dong-nghiep-bat-hoa-me-chong-gian-nang-dau-3-ngay-2401650.html | 
[2025-05-16T12:59:48.787+0000] {logging_mixin.py:188} INFO - ✓
[2025-05-16T12:59:48.787+0000] {logging_mixin.py:188} INFO -  | ⏱: 0.21s
[2025-05-16T12:59:48.789+0000] {logging_mixin.py:188} INFO - [COMPLETE] ● https://vietnamnet.vn/vi-cai-dieu-hoa-dong-nghiep-bat-hoa-me-chong-gian-nang-dau-3-ngay-2401650.html | 
[2025-05-16T12:59:48.790+0000] {logging_mixin.py:188} INFO - ✓
[2025-05-16T12:59:48.791+0000] {logging_mixin.py:188} INFO -  | ⏱: 3.70s
[2025-05-16T12:59:49.182+0000] {crawler.py:239} INFO -     ✓ Vì cái điều hòa, đồng nghiệp bất hòa, mẹ chồng giận nàng dâu...

[2025-05-16T12:59:49.183+0000] {crawler.py:242} INFO - ⏱️  Tổng thời gian crawl: 9.95 giây
[2025-05-16T12:59:49.391+0000] {crawler.py:267} INFO - Đã lưu 1 bài viết vào collection 'doi-song'
[2025-05-16T12:59:49.456+0000] {python.py:237} INFO - Done. Returned value was: None
[2025-05-16T12:59:49.457+0000] {taskinstance.py:441} INFO - ::group::Post task execution logs
[2025-05-16T12:59:49.465+0000] {taskinstance.py:1206} INFO - Marking task as SUCCESS. dag_id=vietnamnet_crawler_24h, task_id=crawl_doi-song, run_id=manual__2025-05-16T12:58:33.034739+00:00, execution_date=20250516T125833, start_date=20250516T125938, end_date=20250516T125949
[2025-05-16T12:59:49.510+0000] {local_task_job_runner.py:240} INFO - Task exited with return code 0
[2025-05-16T12:59:49.526+0000] {taskinstance.py:3503} INFO - 0 downstream tasks scheduled from follow-on schedule check
[2025-05-16T12:59:49.528+0000] {local_task_job_runner.py:222} INFO - ::endgroup::
