[2025-05-16T17:09:11.025+0000] {local_task_job_runner.py:120} INFO - ::group::Pre task execution logs
[2025-05-16T17:09:11.047+0000] {taskinstance.py:2076} INFO - Dependencies all met for dep_context=non-requeueable deps ti=<TaskInstance: vietnamnet_crawler_24h.crawl_cong-nghe scheduled__2025-05-16T16:30:00+00:00 [queued]>
[2025-05-16T17:09:11.057+0000] {taskinstance.py:2076} INFO - Dependencies all met for dep_context=requeueable deps ti=<TaskInstance: vietnamnet_crawler_24h.crawl_cong-nghe scheduled__2025-05-16T16:30:00+00:00 [queued]>
[2025-05-16T17:09:11.058+0000] {taskinstance.py:2306} INFO - Starting attempt 1 of 2
[2025-05-16T17:09:11.073+0000] {taskinstance.py:2330} INFO - Executing <Task(PythonOperator): crawl_cong-nghe> on 2025-05-16 16:30:00+00:00
[2025-05-16T17:09:11.079+0000] {warnings.py:112} WARNING - /home/***/.local/lib/python3.12/site-packages/***/task/task_runner/standard_task_runner.py:61: DeprecationWarning: This process (pid=1258) is multi-threaded, use of fork() may lead to deadlocks in the child.
  pid = os.fork()

[2025-05-16T17:09:11.081+0000] {standard_task_runner.py:63} INFO - Started process 1259 to run task
[2025-05-16T17:09:11.080+0000] {standard_task_runner.py:90} INFO - Running: ['***', 'tasks', 'run', 'vietnamnet_crawler_24h', 'crawl_cong-nghe', 'scheduled__2025-05-16T16:30:00+00:00', '--job-id', '86', '--raw', '--subdir', 'DAGS_FOLDER/dags.py', '--cfg-path', '/tmp/tmpak2k1l8z']
[2025-05-16T17:09:11.083+0000] {standard_task_runner.py:91} INFO - Job 86: Subtask crawl_cong-nghe
[2025-05-16T17:09:11.132+0000] {task_command.py:426} INFO - Running <TaskInstance: vietnamnet_crawler_24h.crawl_cong-nghe scheduled__2025-05-16T16:30:00+00:00 [running]> on host 60d771d880eb
[2025-05-16T17:09:11.233+0000] {taskinstance.py:2648} INFO - Exporting env vars: AIRFLOW_CTX_DAG_OWNER='***' AIRFLOW_CTX_DAG_ID='vietnamnet_crawler_24h' AIRFLOW_CTX_TASK_ID='crawl_cong-nghe' AIRFLOW_CTX_EXECUTION_DATE='2025-05-16T16:30:00+00:00' AIRFLOW_CTX_TRY_NUMBER='1' AIRFLOW_CTX_DAG_RUN_ID='scheduled__2025-05-16T16:30:00+00:00'
[2025-05-16T17:09:11.235+0000] {taskinstance.py:430} INFO - ::endgroup::
[2025-05-16T17:09:11.416+0000] {crawler.py:55} INFO - Đã kết nối thành công với MongoDB: News
[2025-05-16T17:09:12.100+0000] {logging_mixin.py:188} INFO - [INIT].... → Crawl4AI 0.6.2
[2025-05-16T17:09:16.045+0000] {logging_mixin.py:188} INFO - [FETCH]... ↓ https://vietnamnet.vn/tin-tuc-24h?bydaterang=&cate=00MK8V                                            | 
[2025-05-16T17:09:16.045+0000] {logging_mixin.py:188} INFO - ✓
[2025-05-16T17:09:16.046+0000] {logging_mixin.py:188} INFO -  | ⏱: 3.88s
[2025-05-16T17:09:16.282+0000] {logging_mixin.py:188} INFO - [SCRAPE].. ◆ https://vietnamnet.vn/tin-tuc-24h?bydaterang=&cate=00MK8V                                            | 
[2025-05-16T17:09:16.283+0000] {logging_mixin.py:188} INFO - ✓
[2025-05-16T17:09:16.283+0000] {logging_mixin.py:188} INFO -  | ⏱: 0.23s
[2025-05-16T17:09:16.285+0000] {logging_mixin.py:188} INFO - [COMPLETE] ● https://vietnamnet.vn/tin-tuc-24h?bydaterang=&cate=00MK8V                                            | 
[2025-05-16T17:09:16.285+0000] {logging_mixin.py:188} INFO - ✓
[2025-05-16T17:09:16.286+0000] {logging_mixin.py:188} INFO -  | ⏱: 4.12s
[2025-05-16T17:09:16.526+0000] {crawler.py:85} INFO - Tìm thấy 25 link bài viết cho danh mục cong-nghe
[2025-05-16T17:09:17.118+0000] {crawler.py:110} INFO - Đã lọc: 25 URLs ban đầu -> 0 URLs sau xử lý live
[2025-05-16T17:09:17.119+0000] {crawler.py:244} INFO - Không có bài viết mới nào trong danh mục cong-nghe cần crawl.
[2025-05-16T17:09:17.119+0000] {crawler.py:284} INFO - Không có bài viết để lưu vào collection 'cong-nghe'
[2025-05-16T17:09:17.182+0000] {python.py:237} INFO - Done. Returned value was: None
[2025-05-16T17:09:17.183+0000] {taskinstance.py:441} INFO - ::group::Post task execution logs
[2025-05-16T17:09:17.190+0000] {taskinstance.py:1206} INFO - Marking task as SUCCESS. dag_id=vietnamnet_crawler_24h, task_id=crawl_cong-nghe, run_id=scheduled__2025-05-16T16:30:00+00:00, execution_date=20250516T163000, start_date=20250516T170911, end_date=20250516T170917
[2025-05-16T17:09:17.234+0000] {local_task_job_runner.py:240} INFO - Task exited with return code 0
[2025-05-16T17:09:17.258+0000] {taskinstance.py:3503} INFO - 1 downstream tasks scheduled from follow-on schedule check
[2025-05-16T17:09:17.260+0000] {local_task_job_runner.py:222} INFO - ::endgroup::
