[2025-05-17T21:12:29.449+0000] {local_task_job_runner.py:120} INFO - ::group::Pre task execution logs
[2025-05-17T21:12:29.476+0000] {taskinstance.py:2076} INFO - Dependencies all met for dep_context=non-requeueable deps ti=<TaskInstance: vietnamnet_crawler_24h.crawl_doi-song manual__2025-05-17T21:09:51.309657+00:00 [queued]>
[2025-05-17T21:12:29.488+0000] {taskinstance.py:2076} INFO - Dependencies all met for dep_context=requeueable deps ti=<TaskInstance: vietnamnet_crawler_24h.crawl_doi-song manual__2025-05-17T21:09:51.309657+00:00 [queued]>
[2025-05-17T21:12:29.490+0000] {taskinstance.py:2306} INFO - Starting attempt 1 of 2
[2025-05-17T21:12:29.508+0000] {taskinstance.py:2330} INFO - Executing <Task(PythonOperator): crawl_doi-song> on 2025-05-17 21:09:51.309657+00:00
[2025-05-17T21:12:29.520+0000] {warnings.py:112} WARNING - /home/***/.local/lib/python3.12/site-packages/***/task/task_runner/standard_task_runner.py:61: DeprecationWarning: This process (pid=21635) is multi-threaded, use of fork() may lead to deadlocks in the child.
  pid = os.fork()

[2025-05-17T21:12:29.521+0000] {standard_task_runner.py:63} INFO - Started process 21636 to run task
[2025-05-17T21:12:29.522+0000] {standard_task_runner.py:90} INFO - Running: ['***', 'tasks', 'run', 'vietnamnet_crawler_24h', 'crawl_doi-song', 'manual__2025-05-17T21:09:51.309657+00:00', '--job-id', '234', '--raw', '--subdir', 'DAGS_FOLDER/dags.py', '--cfg-path', '/tmp/tmpzbqgamdp']
[2025-05-17T21:12:29.525+0000] {standard_task_runner.py:91} INFO - Job 234: Subtask crawl_doi-song
[2025-05-17T21:12:29.579+0000] {task_command.py:426} INFO - Running <TaskInstance: vietnamnet_crawler_24h.crawl_doi-song manual__2025-05-17T21:09:51.309657+00:00 [running]> on host 60d771d880eb
[2025-05-17T21:12:29.702+0000] {taskinstance.py:2648} INFO - Exporting env vars: AIRFLOW_CTX_DAG_OWNER='***' AIRFLOW_CTX_DAG_ID='vietnamnet_crawler_24h' AIRFLOW_CTX_TASK_ID='crawl_doi-song' AIRFLOW_CTX_EXECUTION_DATE='2025-05-17T21:09:51.309657+00:00' AIRFLOW_CTX_TRY_NUMBER='1' AIRFLOW_CTX_DAG_RUN_ID='manual__2025-05-17T21:09:51.309657+00:00'
[2025-05-17T21:12:29.704+0000] {taskinstance.py:430} INFO - ::endgroup::
[2025-05-17T21:12:29.888+0000] {crawler.py:55} INFO - Đã kết nối thành công với MongoDB: News
[2025-05-17T21:12:30.540+0000] {logging_mixin.py:188} INFO - [INIT].... → Crawl4AI 0.6.2
[2025-05-17T21:12:33.487+0000] {logging_mixin.py:188} INFO - [FETCH]... ↓ https://vietnamnet.vn/tin-tuc-24h?bydaterang=&cate=000007                                            | 
[2025-05-17T21:12:33.488+0000] {logging_mixin.py:188} INFO - ✓
[2025-05-17T21:12:33.488+0000] {logging_mixin.py:188} INFO -  | ⏱: 2.87s
[2025-05-17T21:12:33.735+0000] {logging_mixin.py:188} INFO - [SCRAPE].. ◆ https://vietnamnet.vn/tin-tuc-24h?bydaterang=&cate=000007                                            | 
[2025-05-17T21:12:33.735+0000] {logging_mixin.py:188} INFO - ✓
[2025-05-17T21:12:33.736+0000] {logging_mixin.py:188} INFO -  | ⏱: 0.24s
[2025-05-17T21:12:33.737+0000] {logging_mixin.py:188} INFO - [COMPLETE] ● https://vietnamnet.vn/tin-tuc-24h?bydaterang=&cate=000007                                            | 
[2025-05-17T21:12:33.738+0000] {logging_mixin.py:188} INFO - ✓
[2025-05-17T21:12:33.738+0000] {logging_mixin.py:188} INFO -  | ⏱: 3.12s
[2025-05-17T21:12:33.979+0000] {crawler.py:85} INFO - Tìm thấy 25 link bài viết cho danh mục doi-song
[2025-05-17T21:12:34.764+0000] {crawler.py:110} INFO - Đã lọc: 25 URLs ban đầu -> 0 URLs sau xử lý live
[2025-05-17T21:12:34.765+0000] {crawler.py:252} INFO - Không có bài viết mới nào trong danh mục doi-song cần crawl.
[2025-05-17T21:12:34.873+0000] {crawler.py:294} INFO - Không có bài viết để lưu vào collection 'doi-song'
[2025-05-17T21:12:34.940+0000] {python.py:237} INFO - Done. Returned value was: None
[2025-05-17T21:12:34.941+0000] {taskinstance.py:441} INFO - ::group::Post task execution logs
[2025-05-17T21:12:34.949+0000] {taskinstance.py:1206} INFO - Marking task as SUCCESS. dag_id=vietnamnet_crawler_24h, task_id=crawl_doi-song, run_id=manual__2025-05-17T21:09:51.309657+00:00, execution_date=20250517T210951, start_date=20250517T211229, end_date=20250517T211234
[2025-05-17T21:12:35.004+0000] {local_task_job_runner.py:240} INFO - Task exited with return code 0
[2025-05-17T21:12:35.024+0000] {taskinstance.py:3503} INFO - 0 downstream tasks scheduled from follow-on schedule check
[2025-05-17T21:12:35.026+0000] {local_task_job_runner.py:222} INFO - ::endgroup::
