[2025-05-17T23:30:07.452+0000] {local_task_job_runner.py:120} INFO - ::group::Pre task execution logs
[2025-05-17T23:30:07.473+0000] {taskinstance.py:2076} INFO - Dependencies all met for dep_context=non-requeueable deps ti=<TaskInstance: vietnamnet_crawler_24h.crawl_chinh-tri scheduled__2025-05-17T23:00:00+00:00 [queued]>
[2025-05-17T23:30:07.482+0000] {taskinstance.py:2076} INFO - Dependencies all met for dep_context=requeueable deps ti=<TaskInstance: vietnamnet_crawler_24h.crawl_chinh-tri scheduled__2025-05-17T23:00:00+00:00 [queued]>
[2025-05-17T23:30:07.483+0000] {taskinstance.py:2306} INFO - Starting attempt 1 of 2
[2025-05-17T23:30:07.498+0000] {taskinstance.py:2330} INFO - Executing <Task(PythonOperator): crawl_chinh-tri> on 2025-05-17 23:00:00+00:00
[2025-05-17T23:30:07.503+0000] {warnings.py:112} WARNING - /home/***/.local/lib/python3.12/site-packages/***/task/task_runner/standard_task_runner.py:61: DeprecationWarning: This process (pid=2062) is multi-threaded, use of fork() may lead to deadlocks in the child.
  pid = os.fork()

[2025-05-17T23:30:07.505+0000] {standard_task_runner.py:63} INFO - Started process 2063 to run task
[2025-05-17T23:30:07.505+0000] {standard_task_runner.py:90} INFO - Running: ['***', 'tasks', 'run', 'vietnamnet_crawler_24h', 'crawl_chinh-tri', 'scheduled__2025-05-17T23:00:00+00:00', '--job-id', '266', '--raw', '--subdir', 'DAGS_FOLDER/dags.py', '--cfg-path', '/tmp/tmpctgc0z3i']
[2025-05-17T23:30:07.507+0000] {standard_task_runner.py:91} INFO - Job 266: Subtask crawl_chinh-tri
[2025-05-17T23:30:07.550+0000] {task_command.py:426} INFO - Running <TaskInstance: vietnamnet_crawler_24h.crawl_chinh-tri scheduled__2025-05-17T23:00:00+00:00 [running]> on host 60d771d880eb
[2025-05-17T23:30:07.636+0000] {taskinstance.py:2648} INFO - Exporting env vars: AIRFLOW_CTX_DAG_OWNER='***' AIRFLOW_CTX_DAG_ID='vietnamnet_crawler_24h' AIRFLOW_CTX_TASK_ID='crawl_chinh-tri' AIRFLOW_CTX_EXECUTION_DATE='2025-05-17T23:00:00+00:00' AIRFLOW_CTX_TRY_NUMBER='1' AIRFLOW_CTX_DAG_RUN_ID='scheduled__2025-05-17T23:00:00+00:00'
[2025-05-17T23:30:07.637+0000] {taskinstance.py:430} INFO - ::endgroup::
[2025-05-17T23:30:07.813+0000] {crawler.py:55} INFO - Đã kết nối thành công với MongoDB: News
[2025-05-17T23:30:08.841+0000] {logging_mixin.py:188} INFO - [INIT].... → Crawl4AI 0.6.2
[2025-05-17T23:30:16.710+0000] {logging_mixin.py:188} INFO - [FETCH]... ↓ https://vietnamnet.vn/tin-tuc-24h?bydaterang=&cate=000001                                            | 
[2025-05-17T23:30:16.710+0000] {logging_mixin.py:188} INFO - ✓
[2025-05-17T23:30:16.711+0000] {logging_mixin.py:188} INFO -  | ⏱: 7.81s
[2025-05-17T23:30:16.912+0000] {logging_mixin.py:188} INFO - [SCRAPE].. ◆ https://vietnamnet.vn/tin-tuc-24h?bydaterang=&cate=000001                                            | 
[2025-05-17T23:30:16.913+0000] {logging_mixin.py:188} INFO - ✓
[2025-05-17T23:30:16.914+0000] {logging_mixin.py:188} INFO -  | ⏱: 
[2025-05-17T23:30:16.914+0000] {logging_mixin.py:188} INFO - 0.2
[2025-05-17T23:30:16.915+0000] {logging_mixin.py:188} INFO - 0s
[2025-05-17T23:30:16.916+0000] {logging_mixin.py:188} INFO - [COMPLETE] ● https://vietnamnet.vn/tin-tuc-24h?bydaterang=&cate=000001                                            | 
[2025-05-17T23:30:16.917+0000] {logging_mixin.py:188} INFO - ✓
[2025-05-17T23:30:16.917+0000] {logging_mixin.py:188} INFO -  | ⏱: 8.02s
[2025-05-17T23:30:17.171+0000] {crawler.py:85} INFO - Tìm thấy 25 link bài viết cho danh mục chinh-tri
[2025-05-17T23:30:18.442+0000] {crawler.py:110} INFO - Đã lọc: 25 URLs ban đầu -> 2 URLs sau xử lý live
[2025-05-17T23:30:18.443+0000] {crawler.py:255} INFO - Đang crawl 2 bài viết mới từ danh mục chinh-tri...
[2025-05-17T23:30:18.443+0000] {crawler.py:258} INFO - --> Crawl: https://vietnamnet.vn/bai-tho-viet-chu-rat-to-va-thong-diep-quy-bac-ho-gui-dai-tuong-vo-nguyen-giap-2402225.html
[2025-05-17T23:30:19.009+0000] {logging_mixin.py:188} INFO - [INIT].... → Crawl4AI 0.6.2
[2025-05-17T23:30:22.280+0000] {logging_mixin.py:188} INFO - [FETCH]... ↓ https://vietnamnet.vn/bai-tho-viet-chu-rat-to-va...bac-ho-gui-dai-tuong-vo-nguyen-giap-2402225.html  | 
[2025-05-17T23:30:22.281+0000] {logging_mixin.py:188} INFO - ✓
[2025-05-17T23:30:22.281+0000] {logging_mixin.py:188} INFO -  | ⏱: 3.21s
[2025-05-17T23:30:22.565+0000] {logging_mixin.py:188} INFO - [SCRAPE].. ◆ https://vietnamnet.vn/bai-tho-viet-chu-rat-to-va...bac-ho-gui-dai-tuong-vo-nguyen-giap-2402225.html  | 
[2025-05-17T23:30:22.566+0000] {logging_mixin.py:188} INFO - ✓
[2025-05-17T23:30:22.567+0000] {logging_mixin.py:188} INFO -  | ⏱: 0.28s
[2025-05-17T23:30:22.568+0000] {logging_mixin.py:188} INFO - [COMPLETE] ● https://vietnamnet.vn/bai-tho-viet-chu-rat-to-va...bac-ho-gui-dai-tuong-vo-nguyen-giap-2402225.html  | 
[2025-05-17T23:30:22.568+0000] {logging_mixin.py:188} INFO - ✓
[2025-05-17T23:30:22.569+0000] {logging_mixin.py:188} INFO -  | ⏱: 3.50s
[2025-05-17T23:30:23.503+0000] {crawler.py:262} INFO -     ✓ Bài thơ viết chữ rất to và thông điệp quý Bác Hồ nhắn nhủ Đạ...

[2025-05-17T23:30:23.504+0000] {crawler.py:258} INFO - --> Crawl: https://vietnamnet.vn/bao-chung-toi-truc-thuoc-vao-mat-tran-het-the-thi-hanh-chinh-qua-2402213.html
[2025-05-17T23:30:24.229+0000] {logging_mixin.py:188} INFO - [INIT].... → Crawl4AI 0.6.2
[2025-05-17T23:30:27.667+0000] {logging_mixin.py:188} INFO - [FETCH]... ↓ https://vietnamnet.vn/bao-chung-toi-truc-thuoc-vao-mat-tran-het-the-thi-hanh-chinh-qua-2402213.html  | 
[2025-05-17T23:30:27.668+0000] {logging_mixin.py:188} INFO - ✓
[2025-05-17T23:30:27.668+0000] {logging_mixin.py:188} INFO -  | ⏱: 3.47s
[2025-05-17T23:30:27.906+0000] {logging_mixin.py:188} INFO - [SCRAPE].. ◆ https://vietnamnet.vn/bao-chung-toi-truc-thuoc-vao-mat-tran-het-the-thi-hanh-chinh-qua-2402213.html  | 
[2025-05-17T23:30:27.907+0000] {logging_mixin.py:188} INFO - ✓
[2025-05-17T23:30:27.908+0000] {logging_mixin.py:188} INFO -  | ⏱: 0.24s
[2025-05-17T23:30:27.909+0000] {logging_mixin.py:188} INFO - [COMPLETE] ● https://vietnamnet.vn/bao-chung-toi-truc-thuoc-vao-mat-tran-het-the-thi-hanh-chinh-qua-2402213.html  | 
[2025-05-17T23:30:27.909+0000] {logging_mixin.py:188} INFO - ✓
[2025-05-17T23:30:27.910+0000] {logging_mixin.py:188} INFO -  | ⏱: 3.71s
[2025-05-17T23:30:28.605+0000] {crawler.py:262} INFO -     ✓ 'Bảo chúng tôi trực thuộc Mặt trận hết thì hành chính quá'...

[2025-05-17T23:30:28.605+0000] {crawler.py:265} INFO - ⏱️  Tổng thời gian crawl: 20.79 giây
[2025-05-17T23:30:28.797+0000] {crawler.py:292} INFO - Đã lưu 2 bài viết vào collection 'chinh-tri'
[2025-05-17T23:30:28.863+0000] {python.py:237} INFO - Done. Returned value was: None
[2025-05-17T23:30:28.863+0000] {taskinstance.py:441} INFO - ::group::Post task execution logs
[2025-05-17T23:30:28.870+0000] {taskinstance.py:1206} INFO - Marking task as SUCCESS. dag_id=vietnamnet_crawler_24h, task_id=crawl_chinh-tri, run_id=scheduled__2025-05-17T23:00:00+00:00, execution_date=20250517T230000, start_date=20250517T233007, end_date=20250517T233028
[2025-05-17T23:30:28.965+0000] {local_task_job_runner.py:240} INFO - Task exited with return code 0
[2025-05-17T23:30:28.987+0000] {taskinstance.py:3503} INFO - 1 downstream tasks scheduled from follow-on schedule check
[2025-05-17T23:30:29.010+0000] {local_task_job_runner.py:222} INFO - ::endgroup::
