[2025-06-28T22:30:03.089+0000] {local_task_job_runner.py:120} INFO - ::group::Pre task execution logs
[2025-06-28T22:30:03.107+0000] {taskinstance.py:2076} INFO - Dependencies all met for dep_context=non-requeueable deps ti=<TaskInstance: deepai_crawler_10min.crawl_hardware scheduled__2025-06-28T22:20:00+00:00 [queued]>
[2025-06-28T22:30:03.118+0000] {taskinstance.py:2076} INFO - Dependencies all met for dep_context=requeueable deps ti=<TaskInstance: deepai_crawler_10min.crawl_hardware scheduled__2025-06-28T22:20:00+00:00 [queued]>
[2025-06-28T22:30:03.119+0000] {taskinstance.py:2306} INFO - Starting attempt 1 of 3
[2025-06-28T22:30:03.138+0000] {taskinstance.py:2330} INFO - Executing <Task(PythonOperator): crawl_hardware> on 2025-06-28 22:20:00+00:00
[2025-06-28T22:30:03.147+0000] {warnings.py:112} WARNING - /home/***/.local/lib/python3.12/site-packages/***/task/task_runner/standard_task_runner.py:61: DeprecationWarning: This process (pid=42022) is multi-threaded, use of fork() may lead to deadlocks in the child.
  pid = os.fork()

[2025-06-28T22:30:03.149+0000] {standard_task_runner.py:63} INFO - Started process 42029 to run task
[2025-06-28T22:30:03.151+0000] {standard_task_runner.py:90} INFO - Running: ['***', 'tasks', 'run', 'deepai_crawler_10min', 'crawl_hardware', 'scheduled__2025-06-28T22:20:00+00:00', '--job-id', '1515', '--raw', '--subdir', 'DAGS_FOLDER/dags.py', '--cfg-path', '/tmp/tmpwtz2hkex']
[2025-06-28T22:30:03.154+0000] {standard_task_runner.py:91} INFO - Job 1515: Subtask crawl_hardware
[2025-06-28T22:30:03.210+0000] {task_command.py:426} INFO - Running <TaskInstance: deepai_crawler_10min.crawl_hardware scheduled__2025-06-28T22:20:00+00:00 [running]> on host 13e6c13b5a13
[2025-06-28T22:30:03.322+0000] {taskinstance.py:2648} INFO - Exporting env vars: AIRFLOW_CTX_DAG_OWNER='***' AIRFLOW_CTX_DAG_ID='deepai_crawler_10min' AIRFLOW_CTX_TASK_ID='crawl_hardware' AIRFLOW_CTX_EXECUTION_DATE='2025-06-28T22:20:00+00:00' AIRFLOW_CTX_TRY_NUMBER='1' AIRFLOW_CTX_DAG_RUN_ID='scheduled__2025-06-28T22:20:00+00:00'
[2025-06-28T22:30:03.324+0000] {taskinstance.py:430} INFO - ::endgroup::
[2025-06-28T22:30:03.340+0000] {dags.py:178} INFO - Bắt đầu crawl category: hardware
[2025-06-28T22:30:03.569+0000] {crawler_deeplai.py:51} INFO - Đã kết nối thành công với MongoDB: deeplearning_ai_news
[2025-06-28T22:30:03.609+0000] {client.py:1980} DEBUG - Getting prompt '3 Points-label:production'
[2025-06-28T22:30:03.610+0000] {client.py:1984} DEBUG - Prompt '3 Points-label:production' not found in cache or caching disabled.
[2025-06-28T22:30:03.611+0000] {client.py:2068} DEBUG - Fetching prompt '3 Points-label:production' from server...
[2025-06-28T22:30:03.653+0000] {log.py:232} WARNING - 2025-06-28 22:30:03,653 - httpx - INFO - HTTP Request: GET http://host.docker.internal:4000/api/public/v2/prompts/3%20Points?label=production "HTTP/1.1 200 OK"
[2025-06-28T22:30:03.653+0000] {_client.py:1025} INFO - HTTP Request: GET http://host.docker.internal:4000/api/public/v2/prompts/3%20Points?label=production "HTTP/1.1 200 OK"
[2025-06-28T22:30:03.658+0000] {crawler_deeplai.py:465} INFO - 🚀 Đang bắt đầu quá trình crawl với Load More...
[2025-06-28T22:30:03.846+0000] {media_manager.py:52} DEBUG - Queue: Media upload queue is empty, waiting for new jobs
[2025-06-28T22:30:04.544+0000] {logging_mixin.py:188} INFO - [INIT].... → Crawl4AI 0.6.3
[2025-06-28T22:30:04.545+0000] {crawler_deeplai.py:179} INFO - 🌐 Đang truy cập: https://www.deeplearning.ai/the-batch/tag/hardware/
[2025-06-28T22:30:04.548+0000] {crawler_deeplai.py:180} INFO - ⚙️ Cấu hình: max_articles=100, min_threshold=5, max_clicks=1
[2025-06-28T22:30:04.847+0000] {media_manager.py:52} DEBUG - Queue: Media upload queue is empty, waiting for new jobs
[2025-06-28T22:30:05.848+0000] {media_manager.py:52} DEBUG - Queue: Media upload queue is empty, waiting for new jobs
[2025-06-28T22:30:06.848+0000] {media_manager.py:52} DEBUG - Queue: Media upload queue is empty, waiting for new jobs
[2025-06-28T22:30:07.849+0000] {media_manager.py:52} DEBUG - Queue: Media upload queue is empty, waiting for new jobs
[2025-06-28T22:30:08.422+0000] {logging_mixin.py:188} INFO - [FETCH]... ↓ https://www.deeplearning.ai/the-batch/tag/hardware/                
| ✓ | ⏱: 3.87s
[2025-06-28T22:30:08.536+0000] {logging_mixin.py:188} INFO - [SCRAPE].. ◆ https://www.deeplearning.ai/the-batch/tag/hardware/                
| ✓ | ⏱: 0.11s
[2025-06-28T22:30:08.538+0000] {logging_mixin.py:188} INFO - [COMPLETE] ● https://www.deeplearning.ai/the-batch/tag/hardware/                
| ✓ | ⏱: 3.99s
[2025-06-28T22:30:08.539+0000] {crawler_deeplai.py:184} INFO - 📋 JavaScript execution result: {'success': True, 'results': [{'success': True, 'result': {}}]}
[2025-06-28T22:30:08.584+0000] {crawler_deeplai.py:204} INFO - 🎯 Tổng cộng tìm thấy 30 link bài viết unique
[2025-06-28T22:30:08.584+0000] {crawler_deeplai.py:208} INFO - 🔍 Một vài URL đầu tiên:
[2025-06-28T22:30:08.585+0000] {crawler_deeplai.py:210} INFO -   1. https://www.deeplearning.ai/the-batch/ai-creates-an-interactive-minecraft-like-world-in-real-time/
[2025-06-28T22:30:08.585+0000] {crawler_deeplai.py:210} INFO -   2. https://www.deeplearning.ai/the-batch/ai-electricity-demands-spur-an-expansion-of-power-sources/
[2025-06-28T22:30:08.586+0000] {crawler_deeplai.py:210} INFO -   3. https://www.deeplearning.ai/the-batch/all-about-nvidia-gpu-shortage/
[2025-06-28T22:30:08.586+0000] {crawler_deeplai.py:210} INFO -   4. https://www.deeplearning.ai/the-batch/all-about-nvidias-new-blackwell-architecture-and-b200-gpu/
[2025-06-28T22:30:08.587+0000] {crawler_deeplai.py:210} INFO -   5. https://www.deeplearning.ai/the-batch/amazon-google-and-microsoft-bet-on-nuclear-power-to-meet-ai-energy-demands/
[2025-06-28T22:30:08.587+0000] {crawler_deeplai.py:214} INFO - 📊 Sẽ crawl 30 bài viết
[2025-06-28T22:30:08.850+0000] {media_manager.py:52} DEBUG - Queue: Media upload queue is empty, waiting for new jobs
[2025-06-28T22:30:09.172+0000] {crawler_deeplai.py:458} INFO - Đã lọc: 30 URLs ban đầu -> 0 URLs mới
[2025-06-28T22:30:09.173+0000] {crawler_deeplai.py:476} INFO - ℹ️ Không có bài viết mới nào trong danh mục hardware cần crawl.
[2025-06-28T22:30:09.173+0000] {crawler_deeplai.py:533} INFO - ℹ️ Không có bài viết để lưu vào collection 'hardware'
[2025-06-28T22:30:09.226+0000] {dags.py:183} INFO - Hoàn thành crawl category: hardware
[2025-06-28T22:30:09.227+0000] {python.py:237} INFO - Done. Returned value was: None
[2025-06-28T22:30:09.227+0000] {taskinstance.py:441} INFO - ::group::Post task execution logs
[2025-06-28T22:30:09.235+0000] {taskinstance.py:1206} INFO - Marking task as SUCCESS. dag_id=deepai_crawler_10min, task_id=crawl_hardware, run_id=scheduled__2025-06-28T22:20:00+00:00, execution_date=20250628T222000, start_date=20250628T223003, end_date=20250628T223009
[2025-06-28T22:30:09.266+0000] {local_task_job_runner.py:240} INFO - Task exited with return code 0
[2025-06-28T22:30:09.289+0000] {taskinstance.py:3503} INFO - 1 downstream tasks scheduled from follow-on schedule check
[2025-06-28T22:30:09.292+0000] {local_task_job_runner.py:222} INFO - ::endgroup::
