[2025-05-17T21:30:02.021+0000] {local_task_job_runner.py:120} INFO - ::group::Pre task execution logs
[2025-05-17T21:30:02.052+0000] {taskinstance.py:2076} INFO - Dependencies all met for dep_context=non-requeueable deps ti=<TaskInstance: vietnamnet_crawler_24h.clean_old_articles scheduled__2025-05-17T21:00:00+00:00 [queued]>
[2025-05-17T21:30:02.063+0000] {taskinstance.py:2076} INFO - Dependencies all met for dep_context=requeueable deps ti=<TaskInstance: vietnamnet_crawler_24h.clean_old_articles scheduled__2025-05-17T21:00:00+00:00 [queued]>
[2025-05-17T21:30:02.063+0000] {taskinstance.py:2306} INFO - Starting attempt 1 of 2
[2025-05-17T21:30:02.082+0000] {taskinstance.py:2330} INFO - Executing <Task(PythonOperator): clean_old_articles> on 2025-05-17 21:00:00+00:00
[2025-05-17T21:30:02.094+0000] {warnings.py:112} WARNING - /home/***/.local/lib/python3.12/site-packages/***/task/task_runner/standard_task_runner.py:61: DeprecationWarning: This process (pid=22349) is multi-threaded, use of fork() may lead to deadlocks in the child.
  pid = os.fork()

[2025-05-17T21:30:02.096+0000] {standard_task_runner.py:63} INFO - Started process 22350 to run task
[2025-05-17T21:30:02.097+0000] {standard_task_runner.py:90} INFO - Running: ['***', 'tasks', 'run', 'vietnamnet_crawler_24h', 'clean_old_articles', 'scheduled__2025-05-17T21:00:00+00:00', '--job-id', '235', '--raw', '--subdir', 'DAGS_FOLDER/dags.py', '--cfg-path', '/tmp/tmp6lg3pp6m']
[2025-05-17T21:30:02.100+0000] {standard_task_runner.py:91} INFO - Job 235: Subtask clean_old_articles
[2025-05-17T21:30:02.157+0000] {task_command.py:426} INFO - Running <TaskInstance: vietnamnet_crawler_24h.clean_old_articles scheduled__2025-05-17T21:00:00+00:00 [running]> on host 60d771d880eb
[2025-05-17T21:30:02.281+0000] {taskinstance.py:2648} INFO - Exporting env vars: AIRFLOW_CTX_DAG_OWNER='***' AIRFLOW_CTX_DAG_ID='vietnamnet_crawler_24h' AIRFLOW_CTX_TASK_ID='clean_old_articles' AIRFLOW_CTX_EXECUTION_DATE='2025-05-17T21:00:00+00:00' AIRFLOW_CTX_TRY_NUMBER='1' AIRFLOW_CTX_DAG_RUN_ID='scheduled__2025-05-17T21:00:00+00:00'
[2025-05-17T21:30:02.283+0000] {taskinstance.py:430} INFO - ::endgroup::
[2025-05-17T21:30:02.588+0000] {database_cleaner.py:33} INFO - Đã kết nối MongoDB: News
[2025-05-17T21:30:02.589+0000] {database_cleaner.py:102} INFO - Xóa các bài viết trước: 2025-04-17T04:30:02.589854+07:00
[2025-05-17T21:30:03.894+0000] {database_cleaner.py:125} INFO - Collection 'the-gioi': 0 bài bị xóa
[2025-05-17T21:30:04.307+0000] {database_cleaner.py:125} INFO - Collection 'chinh-tri': 0 bài bị xóa
[2025-05-17T21:30:04.384+0000] {database_cleaner.py:125} INFO - Collection 'cong-nghe': 0 bài bị xóa
[2025-05-17T21:30:04.573+0000] {database_cleaner.py:125} INFO - Collection 'phap-luat': 0 bài bị xóa
[2025-05-17T21:30:04.785+0000] {database_cleaner.py:125} INFO - Collection 'doi-song': 0 bài bị xóa
[2025-05-17T21:30:05.007+0000] {database_cleaner.py:125} INFO - Collection 'giao-duc': 0 bài bị xóa
[2025-05-17T21:30:05.072+0000] {database_cleaner.py:42} INFO - Đã đóng kết nối MongoDB
[2025-05-17T21:30:05.073+0000] {database_cleaner.py:142} INFO - Đã xóa tổng cộng 0 bài, còn lại 1740
[2025-05-17T21:30:05.073+0000] {python.py:237} INFO - Done. Returned value was: {'the-gioi': {'total': 405, 'deleted': 0, 'remaining': 405}, 'chinh-tri': {'total': 512, 'deleted': 0, 'remaining': 512}, 'cong-nghe': {'total': 25, 'deleted': 0, 'remaining': 25}, 'phap-luat': {'total': 210, 'deleted': 0, 'remaining': 210}, 'doi-song': {'total': 289, 'deleted': 0, 'remaining': 289}, 'giao-duc': {'total': 299, 'deleted': 0, 'remaining': 299}}
[2025-05-17T21:30:05.074+0000] {taskinstance.py:441} INFO - ::group::Post task execution logs
[2025-05-17T21:30:05.093+0000] {taskinstance.py:1206} INFO - Marking task as SUCCESS. dag_id=vietnamnet_crawler_24h, task_id=clean_old_articles, run_id=scheduled__2025-05-17T21:00:00+00:00, execution_date=20250517T210000, start_date=20250517T213002, end_date=20250517T213005
[2025-05-17T21:30:05.131+0000] {local_task_job_runner.py:240} INFO - Task exited with return code 0
[2025-05-17T21:30:05.156+0000] {taskinstance.py:3503} INFO - 1 downstream tasks scheduled from follow-on schedule check
[2025-05-17T21:30:05.158+0000] {local_task_job_runner.py:222} INFO - ::endgroup::
