[2025-05-18T01:30:08.245+0000] {local_task_job_runner.py:120} INFO - ::group::Pre task execution logs
[2025-05-18T01:30:08.263+0000] {taskinstance.py:2076} INFO - Dependencies all met for dep_context=non-requeueable deps ti=<TaskInstance: vietnamnet_crawler_24h.crawl_giao-duc scheduled__2025-05-18T01:00:00+00:00 [queued]>
[2025-05-18T01:30:08.274+0000] {taskinstance.py:2076} INFO - Dependencies all met for dep_context=requeueable deps ti=<TaskInstance: vietnamnet_crawler_24h.crawl_giao-duc scheduled__2025-05-18T01:00:00+00:00 [queued]>
[2025-05-18T01:30:08.275+0000] {taskinstance.py:2306} INFO - Starting attempt 1 of 2
[2025-05-18T01:30:08.287+0000] {taskinstance.py:2330} INFO - Executing <Task(PythonOperator): crawl_giao-duc> on 2025-05-18 01:00:00+00:00
[2025-05-18T01:30:08.292+0000] {warnings.py:112} WARNING - /home/***/.local/lib/python3.12/site-packages/***/task/task_runner/standard_task_runner.py:61: DeprecationWarning: This process (pid=2735) is multi-threaded, use of fork() may lead to deadlocks in the child.
  pid = os.fork()

[2025-05-18T01:30:08.294+0000] {standard_task_runner.py:63} INFO - Started process 2736 to run task
[2025-05-18T01:30:08.294+0000] {standard_task_runner.py:90} INFO - Running: ['***', 'tasks', 'run', 'vietnamnet_crawler_24h', 'crawl_giao-duc', 'scheduled__2025-05-18T01:00:00+00:00', '--job-id', '20', '--raw', '--subdir', 'DAGS_FOLDER/dags.py', '--cfg-path', '/tmp/tmpet4chwdj']
[2025-05-18T01:30:08.296+0000] {standard_task_runner.py:91} INFO - Job 20: Subtask crawl_giao-duc
[2025-05-18T01:30:08.337+0000] {task_command.py:426} INFO - Running <TaskInstance: vietnamnet_crawler_24h.crawl_giao-duc scheduled__2025-05-18T01:00:00+00:00 [running]> on host fa0f5fb7e7ff
[2025-05-18T01:30:08.419+0000] {taskinstance.py:2648} INFO - Exporting env vars: AIRFLOW_CTX_DAG_OWNER='***' AIRFLOW_CTX_DAG_ID='vietnamnet_crawler_24h' AIRFLOW_CTX_TASK_ID='crawl_giao-duc' AIRFLOW_CTX_EXECUTION_DATE='2025-05-18T01:00:00+00:00' AIRFLOW_CTX_TRY_NUMBER='1' AIRFLOW_CTX_DAG_RUN_ID='scheduled__2025-05-18T01:00:00+00:00'
[2025-05-18T01:30:08.421+0000] {taskinstance.py:430} INFO - ::endgroup::
[2025-05-18T01:30:08.653+0000] {crawler.py:55} INFO - Đã kết nối thành công với MongoDB: News
[2025-05-18T01:30:09.290+0000] {logging_mixin.py:188} INFO - [INIT].... → Crawl4AI 0.6.3
[2025-05-18T01:30:11.536+0000] {logging_mixin.py:188} INFO - [FETCH]... ↓ https://vietnamnet.vn/tin-tuc-24h?bydaterang=&cate=000006          
| ✓ | ⏱: 2.18s
[2025-05-18T01:30:11.723+0000] {logging_mixin.py:188} INFO - [SCRAPE].. ◆ https://vietnamnet.vn/tin-tuc-24h?bydaterang=&cate=000006          
| ✓ | ⏱: 0.18s
[2025-05-18T01:30:11.725+0000] {logging_mixin.py:188} INFO - [COMPLETE] ● https://vietnamnet.vn/tin-tuc-24h?bydaterang=&cate=000006          
| ✓ | ⏱: 2.37s
[2025-05-18T01:30:11.970+0000] {crawler.py:85} INFO - Tìm thấy 25 link bài viết cho danh mục giao-duc
[2025-05-18T01:30:12.576+0000] {crawler.py:110} INFO - Đã lọc: 25 URLs ban đầu -> 2 URLs sau xử lý live
[2025-05-18T01:30:12.577+0000] {crawler.py:255} INFO - Đang crawl 2 bài viết mới từ danh mục giao-duc...
[2025-05-18T01:30:12.578+0000] {crawler.py:258} INFO - --> Crawl: https://vietnamnet.vn/gianh-tam-ve-du-hoc-hoc-sinh-va-phu-huynh-chua-the-tho-phao-2402284.html
[2025-05-18T01:30:13.083+0000] {logging_mixin.py:188} INFO - [INIT].... → Crawl4AI 0.6.3
[2025-05-18T01:30:15.668+0000] {logging_mixin.py:188} INFO - [FETCH]... ↓ 
https://vietnamnet.vn/gianh-tam-ve-du-hoc-hoc-sinh-va-phu-huynh-chua-the-tho-pha
o-2402284.html       | ✓ | ⏱: 2.53s
[2025-05-18T01:30:15.895+0000] {logging_mixin.py:188} INFO - [SCRAPE].. ◆ 
https://vietnamnet.vn/gianh-tam-ve-du-hoc-hoc-sinh-va-phu-huynh-chua-the-tho-pha
o-2402284.html       | ✓ | ⏱: 0.23s
[2025-05-18T01:30:15.897+0000] {logging_mixin.py:188} INFO - [COMPLETE] ● 
https://vietnamnet.vn/gianh-tam-ve-du-hoc-hoc-sinh-va-phu-huynh-chua-the-tho-pha
o-2402284.html       | ✓ | ⏱: 2.76s
[2025-05-18T01:30:16.300+0000] {crawler.py:262} INFO -     ✓ Giành tấm vé du học, học sinh và phụ huynh chưa thể 'thở phà...

[2025-05-18T01:30:16.300+0000] {crawler.py:258} INFO - --> Crawl: https://vietnamnet.vn/37-tien-si-tot-nghiep-o-nuoc-ngoai-muon-ve-viet-nam-day-hoc-2402280.html
[2025-05-18T01:30:16.802+0000] {logging_mixin.py:188} INFO - [INIT].... → Crawl4AI 0.6.3
[2025-05-18T01:30:19.900+0000] {logging_mixin.py:188} INFO - [FETCH]... ↓ 
https://vietnamnet.vn/37-tien-si-tot-nghiep-o-nuoc-ngoai-muon-ve-viet-nam-day-ho
c-2402280.html       | ✓ | ⏱: 3.05s
[2025-05-18T01:30:20.151+0000] {logging_mixin.py:188} INFO - [SCRAPE].. ◆ 
https://vietnamnet.vn/37-tien-si-tot-nghiep-o-nuoc-ngoai-muon-ve-viet-nam-day-ho
c-2402280.html       | ✓ | ⏱: 0.25s
[2025-05-18T01:30:20.153+0000] {logging_mixin.py:188} INFO - [COMPLETE] ● 
https://vietnamnet.vn/37-tien-si-tot-nghiep-o-nuoc-ngoai-muon-ve-viet-nam-day-ho
c-2402280.html       | ✓ | ⏱: 3.30s
[2025-05-18T01:30:20.621+0000] {crawler.py:262} INFO -     ✓ 37 tiến sĩ tốt nghiệp ở nước ngoài muốn về Việt Nam dạy học...

[2025-05-18T01:30:20.621+0000] {crawler.py:265} INFO - ⏱️  Tổng thời gian crawl: 11.97 giây
[2025-05-18T01:30:20.763+0000] {crawler.py:292} INFO - Đã lưu 2 bài viết vào collection 'giao-duc'
[2025-05-18T01:30:20.826+0000] {python.py:237} INFO - Done. Returned value was: None
[2025-05-18T01:30:20.827+0000] {taskinstance.py:441} INFO - ::group::Post task execution logs
[2025-05-18T01:30:20.834+0000] {taskinstance.py:1206} INFO - Marking task as SUCCESS. dag_id=vietnamnet_crawler_24h, task_id=crawl_giao-duc, run_id=scheduled__2025-05-18T01:00:00+00:00, execution_date=20250518T010000, start_date=20250518T013008, end_date=20250518T013020
[2025-05-18T01:30:20.880+0000] {local_task_job_runner.py:240} INFO - Task exited with return code 0
[2025-05-18T01:30:20.908+0000] {taskinstance.py:3503} INFO - 1 downstream tasks scheduled from follow-on schedule check
[2025-05-18T01:30:20.910+0000] {local_task_job_runner.py:222} INFO - ::endgroup::
