[2025-05-18T11:10:21.925+0000] {local_task_job_runner.py:120} INFO - ::group::Pre task execution logs
[2025-05-18T11:10:21.948+0000] {taskinstance.py:2076} INFO - Dependencies all met for dep_context=non-requeueable deps ti=<TaskInstance: vietnamnet_crawler_24h.crawl_doi-song manual__2025-05-18T11:09:19.316219+00:00 [queued]>
[2025-05-18T11:10:21.958+0000] {taskinstance.py:2076} INFO - Dependencies all met for dep_context=requeueable deps ti=<TaskInstance: vietnamnet_crawler_24h.crawl_doi-song manual__2025-05-18T11:09:19.316219+00:00 [queued]>
[2025-05-18T11:10:21.959+0000] {taskinstance.py:2306} INFO - Starting attempt 1 of 2
[2025-05-18T11:10:21.975+0000] {taskinstance.py:2330} INFO - Executing <Task(PythonOperator): crawl_doi-song> on 2025-05-18 11:09:19.316219+00:00
[2025-05-18T11:10:21.983+0000] {warnings.py:112} WARNING - /home/***/.local/lib/python3.12/site-packages/***/task/task_runner/standard_task_runner.py:61: DeprecationWarning: This process (pid=33688) is multi-threaded, use of fork() may lead to deadlocks in the child.
  pid = os.fork()

[2025-05-18T11:10:21.985+0000] {standard_task_runner.py:63} INFO - Started process 33689 to run task
[2025-05-18T11:10:21.986+0000] {standard_task_runner.py:90} INFO - Running: ['***', 'tasks', 'run', 'vietnamnet_crawler_24h', 'crawl_doi-song', 'manual__2025-05-18T11:09:19.316219+00:00', '--job-id', '26', '--raw', '--subdir', 'DAGS_FOLDER/dags.py', '--cfg-path', '/tmp/tmpl4quqrde']
[2025-05-18T11:10:21.989+0000] {standard_task_runner.py:91} INFO - Job 26: Subtask crawl_doi-song
[2025-05-18T11:10:22.036+0000] {task_command.py:426} INFO - Running <TaskInstance: vietnamnet_crawler_24h.crawl_doi-song manual__2025-05-18T11:09:19.316219+00:00 [running]> on host cc92a118fd3e
[2025-05-18T11:10:22.210+0000] {taskinstance.py:2648} INFO - Exporting env vars: AIRFLOW_CTX_DAG_OWNER='***' AIRFLOW_CTX_DAG_ID='vietnamnet_crawler_24h' AIRFLOW_CTX_TASK_ID='crawl_doi-song' AIRFLOW_CTX_EXECUTION_DATE='2025-05-18T11:09:19.316219+00:00' AIRFLOW_CTX_TRY_NUMBER='1' AIRFLOW_CTX_DAG_RUN_ID='manual__2025-05-18T11:09:19.316219+00:00'
[2025-05-18T11:10:22.212+0000] {taskinstance.py:430} INFO - ::endgroup::
[2025-05-18T11:10:22.584+0000] {crawler.py:55} INFO - Đã kết nối thành công với MongoDB: News
[2025-05-18T11:10:23.370+0000] {logging_mixin.py:188} INFO - [INIT].... → Crawl4AI 0.6.3
[2025-05-18T11:10:26.903+0000] {logging_mixin.py:188} INFO - [FETCH]... ↓ https://vietnamnet.vn/tin-tuc-24h?bydaterang=&cate=000007          
| ✓ | ⏱: 3.40s
[2025-05-18T11:10:27.193+0000] {logging_mixin.py:188} INFO - [SCRAPE].. ◆ https://vietnamnet.vn/tin-tuc-24h?bydaterang=&cate=000007          
| ✓ | ⏱: 0.28s
[2025-05-18T11:10:27.201+0000] {logging_mixin.py:188} INFO - [COMPLETE] ● https://vietnamnet.vn/tin-tuc-24h?bydaterang=&cate=000007          
| ✓ | ⏱: 3.70s
[2025-05-18T11:10:27.799+0000] {crawler.py:85} INFO - Tìm thấy 25 link bài viết cho danh mục doi-song
[2025-05-18T11:10:28.494+0000] {crawler.py:110} INFO - Đã lọc: 25 URLs ban đầu -> 1 URLs sau xử lý live
[2025-05-18T11:10:28.496+0000] {crawler.py:255} INFO - Đang crawl 1 bài viết mới từ danh mục doi-song...
[2025-05-18T11:10:28.497+0000] {crawler.py:258} INFO - --> Crawl: https://vietnamnet.vn/phi-cong-ngat-xiu-may-bay-cho-gan-200-hanh-khach-khong-co-nguoi-dieu-khien-2402389.html
[2025-05-18T11:10:29.495+0000] {logging_mixin.py:188} INFO - [INIT].... → Crawl4AI 0.6.3
[2025-05-18T11:10:32.637+0000] {logging_mixin.py:188} INFO - [FETCH]... ↓ 
https://vietnamnet.vn/phi-cong-ngat-xiu-may-bay-...anh-khach-khong-co-nguoi-dieu
-khien-2402389.html  | ✓ | ⏱: 3.00s
[2025-05-18T11:10:32.841+0000] {logging_mixin.py:188} INFO - [SCRAPE].. ◆ 
https://vietnamnet.vn/phi-cong-ngat-xiu-may-bay-...anh-khach-khong-co-nguoi-dieu
-khien-2402389.html  | ✓ | ⏱: 0.20s
[2025-05-18T11:10:32.843+0000] {logging_mixin.py:188} INFO - [COMPLETE] ● 
https://vietnamnet.vn/phi-cong-ngat-xiu-may-bay-...anh-khach-khong-co-nguoi-dieu
-khien-2402389.html  | ✓ | ⏱: 3.21s
[2025-05-18T11:10:33.269+0000] {crawler.py:262} INFO -     ✓ Phi công ngất xỉu, máy bay chở gần 200 hành khách không có n...

[2025-05-18T11:10:33.270+0000] {crawler.py:265} INFO - ⏱️  Tổng thời gian crawl: 10.68 giây
[2025-05-18T11:10:33.399+0000] {crawler.py:292} INFO - Đã lưu 1 bài viết vào collection 'doi-song'
[2025-05-18T11:10:33.465+0000] {python.py:237} INFO - Done. Returned value was: None
[2025-05-18T11:10:33.468+0000] {taskinstance.py:441} INFO - ::group::Post task execution logs
[2025-05-18T11:10:33.477+0000] {taskinstance.py:1206} INFO - Marking task as SUCCESS. dag_id=vietnamnet_crawler_24h, task_id=crawl_doi-song, run_id=manual__2025-05-18T11:09:19.316219+00:00, execution_date=20250518T110919, start_date=20250518T111021, end_date=20250518T111033
[2025-05-18T11:10:33.531+0000] {local_task_job_runner.py:240} INFO - Task exited with return code 0
[2025-05-18T11:10:33.545+0000] {taskinstance.py:3503} INFO - 0 downstream tasks scheduled from follow-on schedule check
[2025-05-18T11:10:33.547+0000] {local_task_job_runner.py:222} INFO - ::endgroup::
