[2025-05-18T01:30:22.899+0000] {local_task_job_runner.py:120} INFO - ::group::Pre task execution logs
[2025-05-18T01:30:22.916+0000] {taskinstance.py:2076} INFO - Dependencies all met for dep_context=non-requeueable deps ti=<TaskInstance: vietnamnet_crawler_24h.crawl_the-gioi scheduled__2025-05-18T01:00:00+00:00 [queued]>
[2025-05-18T01:30:22.923+0000] {taskinstance.py:2076} INFO - Dependencies all met for dep_context=requeueable deps ti=<TaskInstance: vietnamnet_crawler_24h.crawl_the-gioi scheduled__2025-05-18T01:00:00+00:00 [queued]>
[2025-05-18T01:30:22.924+0000] {taskinstance.py:2306} INFO - Starting attempt 1 of 2
[2025-05-18T01:30:22.936+0000] {taskinstance.py:2330} INFO - Executing <Task(PythonOperator): crawl_the-gioi> on 2025-05-18 01:00:00+00:00
[2025-05-18T01:30:22.941+0000] {warnings.py:112} WARNING - /home/***/.local/lib/python3.12/site-packages/***/task/task_runner/standard_task_runner.py:61: DeprecationWarning: This process (pid=3183) is multi-threaded, use of fork() may lead to deadlocks in the child.
  pid = os.fork()

[2025-05-18T01:30:22.943+0000] {standard_task_runner.py:63} INFO - Started process 3184 to run task
[2025-05-18T01:30:22.943+0000] {standard_task_runner.py:90} INFO - Running: ['***', 'tasks', 'run', 'vietnamnet_crawler_24h', 'crawl_the-gioi', 'scheduled__2025-05-18T01:00:00+00:00', '--job-id', '21', '--raw', '--subdir', 'DAGS_FOLDER/dags.py', '--cfg-path', '/tmp/tmptv1tn2v0']
[2025-05-18T01:30:22.945+0000] {standard_task_runner.py:91} INFO - Job 21: Subtask crawl_the-gioi
[2025-05-18T01:30:22.981+0000] {task_command.py:426} INFO - Running <TaskInstance: vietnamnet_crawler_24h.crawl_the-gioi scheduled__2025-05-18T01:00:00+00:00 [running]> on host fa0f5fb7e7ff
[2025-05-18T01:30:23.055+0000] {taskinstance.py:2648} INFO - Exporting env vars: AIRFLOW_CTX_DAG_OWNER='***' AIRFLOW_CTX_DAG_ID='vietnamnet_crawler_24h' AIRFLOW_CTX_TASK_ID='crawl_the-gioi' AIRFLOW_CTX_EXECUTION_DATE='2025-05-18T01:00:00+00:00' AIRFLOW_CTX_TRY_NUMBER='1' AIRFLOW_CTX_DAG_RUN_ID='scheduled__2025-05-18T01:00:00+00:00'
[2025-05-18T01:30:23.056+0000] {taskinstance.py:430} INFO - ::endgroup::
[2025-05-18T01:30:23.227+0000] {crawler.py:55} INFO - Đã kết nối thành công với MongoDB: News
[2025-05-18T01:30:23.780+0000] {logging_mixin.py:188} INFO - [INIT].... → Crawl4AI 0.6.3
[2025-05-18T01:30:26.052+0000] {logging_mixin.py:188} INFO - [FETCH]... ↓ https://vietnamnet.vn/tin-tuc-24h?bydaterang=&cate=000005          
| ✓ | ⏱: 2.22s
[2025-05-18T01:30:26.248+0000] {logging_mixin.py:188} INFO - [SCRAPE].. ◆ https://vietnamnet.vn/tin-tuc-24h?bydaterang=&cate=000005          
| ✓ | ⏱: 0.19s
[2025-05-18T01:30:26.251+0000] {logging_mixin.py:188} INFO - [COMPLETE] ● https://vietnamnet.vn/tin-tuc-24h?bydaterang=&cate=000005          
| ✓ | ⏱: 2.42s
[2025-05-18T01:30:26.473+0000] {crawler.py:85} INFO - Tìm thấy 25 link bài viết cho danh mục the-gioi
[2025-05-18T01:30:27.162+0000] {crawler.py:110} INFO - Đã lọc: 25 URLs ban đầu -> 2 URLs sau xử lý live
[2025-05-18T01:30:27.163+0000] {crawler.py:255} INFO - Đang crawl 2 bài viết mới từ danh mục the-gioi...
[2025-05-18T01:30:27.163+0000] {crawler.py:258} INFO - --> Crawl: https://vietnamnet.vn/hang-tram-nghin-nguoi-du-le-nham-chuc-cua-giao-hoang-leo-xiv-2402282.html
[2025-05-18T01:30:27.663+0000] {logging_mixin.py:188} INFO - [INIT].... → Crawl4AI 0.6.3
[2025-05-18T01:30:30.281+0000] {logging_mixin.py:188} INFO - [FETCH]... ↓ 
https://vietnamnet.vn/hang-tram-nghin-nguoi-du-le-nham-chuc-cua-giao-hoang-leo-x
iv-2402282.html      | ✓ | ⏱: 2.57s
[2025-05-18T01:30:30.594+0000] {logging_mixin.py:188} INFO - [SCRAPE].. ◆ 
https://vietnamnet.vn/hang-tram-nghin-nguoi-du-le-nham-chuc-cua-giao-hoang-leo-x
iv-2402282.html      | ✓ | ⏱: 0.31s
[2025-05-18T01:30:30.596+0000] {logging_mixin.py:188} INFO - [COMPLETE] ● 
https://vietnamnet.vn/hang-tram-nghin-nguoi-du-le-nham-chuc-cua-giao-hoang-leo-x
iv-2402282.html      | ✓ | ⏱: 2.89s
[2025-05-18T01:30:31.026+0000] {crawler.py:262} INFO -     ✓ Hàng trăm nghìn người dự lễ nhậm chức của tân Giáo hoàng Leo...

[2025-05-18T01:30:31.027+0000] {crawler.py:258} INFO - --> Crawl: https://vietnamnet.vn/my-phu-nhan-co-ke-hoach-di-doi-vinh-vien-1-trieu-nguoi-palestine-toi-libya-2402276.html
[2025-05-18T01:30:31.604+0000] {logging_mixin.py:188} INFO - [INIT].... → Crawl4AI 0.6.3
[2025-05-18T01:30:34.177+0000] {logging_mixin.py:188} INFO - [FETCH]... ↓ 
https://vietnamnet.vn/my-phu-nhan-co-ke-hoach-di...n-1-trieu-nguoi-palestine-toi
-libya-2402276.html  | ✓ | ⏱: 2.51s
[2025-05-18T01:30:34.345+0000] {logging_mixin.py:188} INFO - [SCRAPE].. ◆ 
https://vietnamnet.vn/my-phu-nhan-co-ke-hoach-di...n-1-trieu-nguoi-palestine-toi
-libya-2402276.html  | ✓ | ⏱: 0.17s
[2025-05-18T01:30:34.347+0000] {logging_mixin.py:188} INFO - [COMPLETE] ● 
https://vietnamnet.vn/my-phu-nhan-co-ke-hoach-di...n-1-trieu-nguoi-palestine-toi
-libya-2402276.html  | ✓ | ⏱: 2.68s
[2025-05-18T01:30:34.709+0000] {crawler.py:262} INFO -     ✓ Mỹ phủ nhận có kế hoạch di dời vĩnh viễn 1 triệu người Pales...

[2025-05-18T01:30:34.710+0000] {crawler.py:265} INFO - ⏱️  Tổng thời gian crawl: 11.48 giây
[2025-05-18T01:30:34.868+0000] {crawler.py:292} INFO - Đã lưu 2 bài viết vào collection 'the-gioi'
[2025-05-18T01:30:34.937+0000] {python.py:237} INFO - Done. Returned value was: None
[2025-05-18T01:30:34.938+0000] {taskinstance.py:441} INFO - ::group::Post task execution logs
[2025-05-18T01:30:34.946+0000] {taskinstance.py:1206} INFO - Marking task as SUCCESS. dag_id=vietnamnet_crawler_24h, task_id=crawl_the-gioi, run_id=scheduled__2025-05-18T01:00:00+00:00, execution_date=20250518T010000, start_date=20250518T013022, end_date=20250518T013034
[2025-05-18T01:30:34.987+0000] {local_task_job_runner.py:240} INFO - Task exited with return code 0
[2025-05-18T01:30:35.008+0000] {taskinstance.py:3503} INFO - 1 downstream tasks scheduled from follow-on schedule check
[2025-05-18T01:30:35.011+0000] {local_task_job_runner.py:222} INFO - ::endgroup::
