[2025-05-17T20:39:21.536+0000] {local_task_job_runner.py:120} INFO - ::group::Pre task execution logs
[2025-05-17T20:39:21.555+0000] {taskinstance.py:2076} INFO - Dependencies all met for dep_context=non-requeueable deps ti=<TaskInstance: vietnamnet_crawler_24h.crawl_phap-luat manual__2025-05-17T20:36:43.323469+00:00 [queued]>
[2025-05-17T20:39:21.562+0000] {taskinstance.py:2076} INFO - Dependencies all met for dep_context=requeueable deps ti=<TaskInstance: vietnamnet_crawler_24h.crawl_phap-luat manual__2025-05-17T20:36:43.323469+00:00 [queued]>
[2025-05-17T20:39:21.563+0000] {taskinstance.py:2306} INFO - Starting attempt 1 of 2
[2025-05-17T20:39:21.600+0000] {taskinstance.py:2330} INFO - Executing <Task(PythonOperator): crawl_phap-luat> on 2025-05-17 20:36:43.323469+00:00
[2025-05-17T20:39:21.606+0000] {warnings.py:112} WARNING - /home/***/.local/lib/python3.12/site-packages/***/task/task_runner/standard_task_runner.py:61: DeprecationWarning: This process (pid=6707) is multi-threaded, use of fork() may lead to deadlocks in the child.
  pid = os.fork()

[2025-05-17T20:39:21.607+0000] {standard_task_runner.py:63} INFO - Started process 6708 to run task
[2025-05-17T20:39:21.607+0000] {standard_task_runner.py:90} INFO - Running: ['***', 'tasks', 'run', 'vietnamnet_crawler_24h', 'crawl_phap-luat', 'manual__2025-05-17T20:36:43.323469+00:00', '--job-id', '202', '--raw', '--subdir', 'DAGS_FOLDER/dags.py', '--cfg-path', '/tmp/tmpchhy2d7y']
[2025-05-17T20:39:21.609+0000] {standard_task_runner.py:91} INFO - Job 202: Subtask crawl_phap-luat
[2025-05-17T20:39:21.657+0000] {task_command.py:426} INFO - Running <TaskInstance: vietnamnet_crawler_24h.crawl_phap-luat manual__2025-05-17T20:36:43.323469+00:00 [running]> on host 60d771d880eb
[2025-05-17T20:39:21.774+0000] {taskinstance.py:2648} INFO - Exporting env vars: AIRFLOW_CTX_DAG_OWNER='***' AIRFLOW_CTX_DAG_ID='vietnamnet_crawler_24h' AIRFLOW_CTX_TASK_ID='crawl_phap-luat' AIRFLOW_CTX_EXECUTION_DATE='2025-05-17T20:36:43.323469+00:00' AIRFLOW_CTX_TRY_NUMBER='1' AIRFLOW_CTX_DAG_RUN_ID='manual__2025-05-17T20:36:43.323469+00:00'
[2025-05-17T20:39:21.775+0000] {taskinstance.py:430} INFO - ::endgroup::
[2025-05-17T20:39:22.048+0000] {crawler.py:55} INFO - Đã kết nối thành công với MongoDB: News
[2025-05-17T20:39:22.606+0000] {logging_mixin.py:188} INFO - [INIT].... → Crawl4AI 0.6.2
[2025-05-17T20:39:24.422+0000] {logging_mixin.py:188} INFO - [FETCH]... ↓ https://vietnamnet.vn/tin-tuc-24h?bydaterang=&cate=000008                                            | 
[2025-05-17T20:39:24.423+0000] {logging_mixin.py:188} INFO - ✓
[2025-05-17T20:39:24.424+0000] {logging_mixin.py:188} INFO -  | ⏱: 1.76s
[2025-05-17T20:39:24.621+0000] {logging_mixin.py:188} INFO - [SCRAPE].. ◆ https://vietnamnet.vn/tin-tuc-24h?bydaterang=&cate=000008                                            | 
[2025-05-17T20:39:24.622+0000] {logging_mixin.py:188} INFO - ✓
[2025-05-17T20:39:24.622+0000] {logging_mixin.py:188} INFO -  | ⏱: 0.20s
[2025-05-17T20:39:24.624+0000] {logging_mixin.py:188} INFO - [COMPLETE] ● https://vietnamnet.vn/tin-tuc-24h?bydaterang=&cate=000008                                            | 
[2025-05-17T20:39:24.624+0000] {logging_mixin.py:188} INFO - ✓
[2025-05-17T20:39:24.625+0000] {logging_mixin.py:188} INFO -  | ⏱: 1.96s
[2025-05-17T20:39:24.856+0000] {crawler.py:85} INFO - Tìm thấy 25 link bài viết cho danh mục phap-luat
[2025-05-17T20:39:28.709+0000] {crawler.py:110} INFO - Đã lọc: 25 URLs ban đầu -> 0 URLs sau xử lý live
[2025-05-17T20:39:28.709+0000] {crawler.py:252} INFO - Không có bài viết mới nào trong danh mục phap-luat cần crawl.
[2025-05-17T20:39:28.774+0000] {crawler.py:294} INFO - Không có bài viết để lưu vào collection 'phap-luat'
[2025-05-17T20:39:28.834+0000] {python.py:237} INFO - Done. Returned value was: None
[2025-05-17T20:39:28.835+0000] {taskinstance.py:441} INFO - ::group::Post task execution logs
[2025-05-17T20:39:28.842+0000] {taskinstance.py:1206} INFO - Marking task as SUCCESS. dag_id=vietnamnet_crawler_24h, task_id=crawl_phap-luat, run_id=manual__2025-05-17T20:36:43.323469+00:00, execution_date=20250517T203643, start_date=20250517T203921, end_date=20250517T203928
[2025-05-17T20:39:28.869+0000] {local_task_job_runner.py:240} INFO - Task exited with return code 0
[2025-05-17T20:39:28.885+0000] {taskinstance.py:3503} INFO - 1 downstream tasks scheduled from follow-on schedule check
[2025-05-17T20:39:28.888+0000] {local_task_job_runner.py:222} INFO - ::endgroup::
