[2025-05-16T11:01:06.336+0000] {local_task_job_runner.py:120} INFO - ::group::Pre task execution logs
[2025-05-16T11:01:06.364+0000] {taskinstance.py:2076} INFO - Dependencies all met for dep_context=non-requeueable deps ti=<TaskInstance: vietnamnet_crawler_24h.crawl_doi-song scheduled__2025-05-16T10:30:00+00:00 [queued]>
[2025-05-16T11:01:06.384+0000] {taskinstance.py:2076} INFO - Dependencies all met for dep_context=requeueable deps ti=<TaskInstance: vietnamnet_crawler_24h.crawl_doi-song scheduled__2025-05-16T10:30:00+00:00 [queued]>
[2025-05-16T11:01:06.385+0000] {taskinstance.py:2306} INFO - Starting attempt 1 of 2
[2025-05-16T11:01:06.413+0000] {taskinstance.py:2330} INFO - Executing <Task(PythonOperator): crawl_doi-song> on 2025-05-16 10:30:00+00:00
[2025-05-16T11:01:06.423+0000] {warnings.py:112} WARNING - /home/***/.local/lib/python3.12/site-packages/***/task/task_runner/standard_task_runner.py:61: DeprecationWarning: This process (pid=5714) is multi-threaded, use of fork() may lead to deadlocks in the child.
  pid = os.fork()

[2025-05-16T11:01:06.425+0000] {standard_task_runner.py:63} INFO - Started process 5715 to run task
[2025-05-16T11:01:06.426+0000] {standard_task_runner.py:90} INFO - Running: ['***', 'tasks', 'run', 'vietnamnet_crawler_24h', 'crawl_doi-song', 'scheduled__2025-05-16T10:30:00+00:00', '--job-id', '46', '--raw', '--subdir', 'DAGS_FOLDER/dags.py', '--cfg-path', '/tmp/tmpyrjbwn3b']
[2025-05-16T11:01:06.429+0000] {standard_task_runner.py:91} INFO - Job 46: Subtask crawl_doi-song
[2025-05-16T11:01:06.504+0000] {task_command.py:426} INFO - Running <TaskInstance: vietnamnet_crawler_24h.crawl_doi-song scheduled__2025-05-16T10:30:00+00:00 [running]> on host 71b827885e5f
[2025-05-16T11:01:06.659+0000] {taskinstance.py:2648} INFO - Exporting env vars: AIRFLOW_CTX_DAG_OWNER='***' AIRFLOW_CTX_DAG_ID='vietnamnet_crawler_24h' AIRFLOW_CTX_TASK_ID='crawl_doi-song' AIRFLOW_CTX_EXECUTION_DATE='2025-05-16T10:30:00+00:00' AIRFLOW_CTX_TRY_NUMBER='1' AIRFLOW_CTX_DAG_RUN_ID='scheduled__2025-05-16T10:30:00+00:00'
[2025-05-16T11:01:06.661+0000] {taskinstance.py:430} INFO - ::endgroup::
[2025-05-16T11:01:06.932+0000] {crawler.py:54} INFO - Đã kết nối thành công với MongoDB: News
[2025-05-16T11:01:08.041+0000] {logging_mixin.py:188} INFO - [INIT].... → Crawl4AI 0.6.2
[2025-05-16T11:01:11.717+0000] {logging_mixin.py:188} INFO - [FETCH]... ↓ https://vietnamnet.vn/tin-tuc-24h?bydaterang=&cate=000007                                            | 
[2025-05-16T11:01:11.718+0000] {logging_mixin.py:188} INFO - ✓
[2025-05-16T11:01:11.719+0000] {logging_mixin.py:188} INFO -  | ⏱: 3.63s
[2025-05-16T11:01:11.926+0000] {logging_mixin.py:188} INFO - [SCRAPE].. ◆ https://vietnamnet.vn/tin-tuc-24h?bydaterang=&cate=000007                                            | 
[2025-05-16T11:01:11.926+0000] {logging_mixin.py:188} INFO - ✓
[2025-05-16T11:01:11.927+0000] {logging_mixin.py:188} INFO -  | ⏱: 0.20s
[2025-05-16T11:01:11.929+0000] {logging_mixin.py:188} INFO - [COMPLETE] ● https://vietnamnet.vn/tin-tuc-24h?bydaterang=&cate=000007                                            | 
[2025-05-16T11:01:11.929+0000] {logging_mixin.py:188} INFO - ✓
[2025-05-16T11:01:11.930+0000] {logging_mixin.py:188} INFO -  | ⏱: 3.85s
[2025-05-16T11:01:12.262+0000] {crawler.py:84} INFO - Tìm thấy 25 link bài viết cho danh mục doi-song
[2025-05-16T11:01:13.032+0000] {crawler.py:108} INFO - Đã lọc: 25 URLs ban đầu -> 0 URLs mới
[2025-05-16T11:01:13.033+0000] {crawler.py:229} INFO - Không có bài viết mới nào trong danh mục doi-song cần crawl.
[2025-05-16T11:01:13.033+0000] {crawler.py:269} INFO - Không có bài viết để lưu vào collection 'doi-song'
[2025-05-16T11:01:13.099+0000] {python.py:237} INFO - Done. Returned value was: None
[2025-05-16T11:01:13.100+0000] {taskinstance.py:441} INFO - ::group::Post task execution logs
[2025-05-16T11:01:13.110+0000] {taskinstance.py:1206} INFO - Marking task as SUCCESS. dag_id=vietnamnet_crawler_24h, task_id=crawl_doi-song, run_id=scheduled__2025-05-16T10:30:00+00:00, execution_date=20250516T103000, start_date=20250516T110106, end_date=20250516T110113
[2025-05-16T11:01:13.149+0000] {local_task_job_runner.py:240} INFO - Task exited with return code 0
[2025-05-16T11:01:13.165+0000] {taskinstance.py:3503} INFO - 0 downstream tasks scheduled from follow-on schedule check
[2025-05-16T11:01:13.168+0000] {local_task_job_runner.py:222} INFO - ::endgroup::
