[2025-05-05T04:26:21.743+0000] {local_task_job_runner.py:120} INFO - ::group::Pre task execution logs
[2025-05-05T04:26:21.767+0000] {taskinstance.py:2076} INFO - Dependencies all met for dep_context=non-requeueable deps ti=<TaskInstance: vietnamnet_crawler_24h.crawl_chinh-tri scheduled__2025-05-05T03:30:00+00:00 [queued]>
[2025-05-05T04:26:21.776+0000] {taskinstance.py:2076} INFO - Dependencies all met for dep_context=requeueable deps ti=<TaskInstance: vietnamnet_crawler_24h.crawl_chinh-tri scheduled__2025-05-05T03:30:00+00:00 [queued]>
[2025-05-05T04:26:21.777+0000] {taskinstance.py:2306} INFO - Starting attempt 1 of 2
[2025-05-05T04:26:21.793+0000] {taskinstance.py:2330} INFO - Executing <Task(PythonOperator): crawl_chinh-tri> on 2025-05-05 03:30:00+00:00
[2025-05-05T04:26:21.800+0000] {warnings.py:112} WARNING - /home/***/.local/lib/python3.12/site-packages/***/task/task_runner/standard_task_runner.py:61: DeprecationWarning: This process (pid=692) is multi-threaded, use of fork() may lead to deadlocks in the child.
  pid = os.fork()

[2025-05-05T04:26:21.802+0000] {standard_task_runner.py:63} INFO - Started process 696 to run task
[2025-05-05T04:26:21.803+0000] {standard_task_runner.py:90} INFO - Running: ['***', 'tasks', 'run', 'vietnamnet_crawler_24h', 'crawl_chinh-tri', 'scheduled__2025-05-05T03:30:00+00:00', '--job-id', '19', '--raw', '--subdir', 'DAGS_FOLDER/dags.py', '--cfg-path', '/tmp/tmpfsj7i41k']
[2025-05-05T04:26:21.805+0000] {standard_task_runner.py:91} INFO - Job 19: Subtask crawl_chinh-tri
[2025-05-05T04:26:21.854+0000] {task_command.py:426} INFO - Running <TaskInstance: vietnamnet_crawler_24h.crawl_chinh-tri scheduled__2025-05-05T03:30:00+00:00 [running]> on host 9f13ced5b14d
[2025-05-05T04:26:21.951+0000] {taskinstance.py:2648} INFO - Exporting env vars: AIRFLOW_CTX_DAG_OWNER='***' AIRFLOW_CTX_DAG_ID='vietnamnet_crawler_24h' AIRFLOW_CTX_TASK_ID='crawl_chinh-tri' AIRFLOW_CTX_EXECUTION_DATE='2025-05-05T03:30:00+00:00' AIRFLOW_CTX_TRY_NUMBER='1' AIRFLOW_CTX_DAG_RUN_ID='scheduled__2025-05-05T03:30:00+00:00'
[2025-05-05T04:26:21.952+0000] {taskinstance.py:430} INFO - ::endgroup::
[2025-05-05T04:26:22.193+0000] {crawler.py:54} INFO - Đã kết nối thành công với MongoDB: News
[2025-05-05T04:26:22.426+0000] {crawler.py:44} INFO - ArticleSummarizer đã được khởi tạo thành công
[2025-05-05T04:26:23.461+0000] {logging_mixin.py:188} INFO - [INIT].... → Crawl4AI 0.6.2
[2025-05-05T04:26:28.646+0000] {logging_mixin.py:188} INFO - [FETCH]... ↓ https://vietnamnet.vn/tin-tuc-24h?bydaterang=&cate=000001                                            | 
[2025-05-05T04:26:28.647+0000] {logging_mixin.py:188} INFO - ✓
[2025-05-05T04:26:28.648+0000] {logging_mixin.py:188} INFO -  | ⏱: 5.04s
[2025-05-05T04:26:28.974+0000] {logging_mixin.py:188} INFO - [SCRAPE].. ◆ https://vietnamnet.vn/tin-tuc-24h?bydaterang=&cate=000001                                            | 
[2025-05-05T04:26:28.975+0000] {logging_mixin.py:188} INFO - ✓
[2025-05-05T04:26:28.976+0000] {logging_mixin.py:188} INFO -  | ⏱: 0.32s
[2025-05-05T04:26:28.978+0000] {logging_mixin.py:188} INFO - [COMPLETE] ● https://vietnamnet.vn/tin-tuc-24h?bydaterang=&cate=000001                                            | 
[2025-05-05T04:26:28.979+0000] {logging_mixin.py:188} INFO - ✓
[2025-05-05T04:26:28.979+0000] {logging_mixin.py:188} INFO -  | ⏱: 5.37s
[2025-05-05T04:26:29.500+0000] {crawler.py:84} INFO - Tìm thấy 25 link bài viết cho danh mục chinh-tri
[2025-05-05T04:26:31.623+0000] {crawler.py:103} INFO - Đã lọc: 25 URLs ban đầu -> 0 URLs mới
[2025-05-05T04:26:31.623+0000] {crawler.py:222} INFO - Không có bài viết mới nào trong danh mục chinh-tri cần crawl.
[2025-05-05T04:26:31.624+0000] {crawler.py:257} INFO - Không có bài viết để lưu vào collection 'chinh-tri'
[2025-05-05T04:26:31.685+0000] {python.py:237} INFO - Done. Returned value was: None
[2025-05-05T04:26:31.686+0000] {taskinstance.py:441} INFO - ::group::Post task execution logs
[2025-05-05T04:26:31.696+0000] {taskinstance.py:1206} INFO - Marking task as SUCCESS. dag_id=vietnamnet_crawler_24h, task_id=crawl_chinh-tri, run_id=scheduled__2025-05-05T03:30:00+00:00, execution_date=20250505T033000, start_date=20250505T042621, end_date=20250505T042631
[2025-05-05T04:26:31.758+0000] {local_task_job_runner.py:240} INFO - Task exited with return code 0
[2025-05-05T04:26:31.787+0000] {taskinstance.py:3503} INFO - 1 downstream tasks scheduled from follow-on schedule check
[2025-05-05T04:26:31.790+0000] {local_task_job_runner.py:222} INFO - ::endgroup::
