[2025-05-05T04:26:05.162+0000] {local_task_job_runner.py:120} INFO - ::group::Pre task execution logs
[2025-05-05T04:26:05.192+0000] {taskinstance.py:2076} INFO - Dependencies all met for dep_context=non-requeueable deps ti=<TaskInstance: vietnamnet_crawler_24h.crawl_doi-song manual__2025-05-04T17:46:07.642140+00:00 [queued]>
[2025-05-05T04:26:05.203+0000] {taskinstance.py:2076} INFO - Dependencies all met for dep_context=requeueable deps ti=<TaskInstance: vietnamnet_crawler_24h.crawl_doi-song manual__2025-05-04T17:46:07.642140+00:00 [queued]>
[2025-05-05T04:26:05.204+0000] {taskinstance.py:2306} INFO - Starting attempt 1 of 2
[2025-05-05T04:26:05.220+0000] {taskinstance.py:2330} INFO - Executing <Task(PythonOperator): crawl_doi-song> on 2025-05-04 17:46:07.642140+00:00
[2025-05-05T04:26:05.229+0000] {warnings.py:112} WARNING - /home/***/.local/lib/python3.12/site-packages/***/task/task_runner/standard_task_runner.py:61: DeprecationWarning: This process (pid=297) is multi-threaded, use of fork() may lead to deadlocks in the child.
  pid = os.fork()

[2025-05-05T04:26:05.231+0000] {standard_task_runner.py:63} INFO - Started process 301 to run task
[2025-05-05T04:26:05.232+0000] {standard_task_runner.py:90} INFO - Running: ['***', 'tasks', 'run', 'vietnamnet_crawler_24h', 'crawl_doi-song', 'manual__2025-05-04T17:46:07.642140+00:00', '--job-id', '15', '--raw', '--subdir', 'DAGS_FOLDER/dags.py', '--cfg-path', '/tmp/tmpirpjg8vi']
[2025-05-05T04:26:05.235+0000] {standard_task_runner.py:91} INFO - Job 15: Subtask crawl_doi-song
[2025-05-05T04:26:05.296+0000] {task_command.py:426} INFO - Running <TaskInstance: vietnamnet_crawler_24h.crawl_doi-song manual__2025-05-04T17:46:07.642140+00:00 [running]> on host 9f13ced5b14d
[2025-05-05T04:26:05.416+0000] {taskinstance.py:2648} INFO - Exporting env vars: AIRFLOW_CTX_DAG_OWNER='***' AIRFLOW_CTX_DAG_ID='vietnamnet_crawler_24h' AIRFLOW_CTX_TASK_ID='crawl_doi-song' AIRFLOW_CTX_EXECUTION_DATE='2025-05-04T17:46:07.642140+00:00' AIRFLOW_CTX_TRY_NUMBER='1' AIRFLOW_CTX_DAG_RUN_ID='manual__2025-05-04T17:46:07.642140+00:00'
[2025-05-05T04:26:05.418+0000] {taskinstance.py:430} INFO - ::endgroup::
[2025-05-05T04:26:05.855+0000] {crawler.py:54} INFO - Đã kết nối thành công với MongoDB: News
[2025-05-05T04:26:06.148+0000] {crawler.py:44} INFO - ArticleSummarizer đã được khởi tạo thành công
[2025-05-05T04:26:08.010+0000] {logging_mixin.py:188} INFO - [INIT].... → Crawl4AI 0.6.2
[2025-05-05T04:26:11.943+0000] {logging_mixin.py:188} INFO - [FETCH]... ↓ https://vietnamnet.vn/tin-tuc-24h?bydaterang=&cate=000007                                            | 
[2025-05-05T04:26:11.944+0000] {logging_mixin.py:188} INFO - ✓
[2025-05-05T04:26:11.945+0000] {logging_mixin.py:188} INFO -  | ⏱: 3.84s
[2025-05-05T04:26:12.202+0000] {logging_mixin.py:188} INFO - [SCRAPE].. ◆ https://vietnamnet.vn/tin-tuc-24h?bydaterang=&cate=000007                                            | 
[2025-05-05T04:26:12.202+0000] {logging_mixin.py:188} INFO - ✓
[2025-05-05T04:26:12.203+0000] {logging_mixin.py:188} INFO -  | ⏱: 0.26s
[2025-05-05T04:26:12.204+0000] {logging_mixin.py:188} INFO - [COMPLETE] ● https://vietnamnet.vn/tin-tuc-24h?bydaterang=&cate=000007                                            | 
[2025-05-05T04:26:12.205+0000] {logging_mixin.py:188} INFO - ✓
[2025-05-05T04:26:12.205+0000] {logging_mixin.py:188} INFO -  | ⏱: 4.10s
[2025-05-05T04:26:12.516+0000] {crawler.py:84} INFO - Tìm thấy 25 link bài viết cho danh mục doi-song
[2025-05-05T04:26:14.742+0000] {crawler.py:103} INFO - Đã lọc: 25 URLs ban đầu -> 0 URLs mới
[2025-05-05T04:26:14.743+0000] {crawler.py:222} INFO - Không có bài viết mới nào trong danh mục doi-song cần crawl.
[2025-05-05T04:26:14.744+0000] {crawler.py:257} INFO - Không có bài viết để lưu vào collection 'doi-song'
[2025-05-05T04:26:14.811+0000] {python.py:237} INFO - Done. Returned value was: None
[2025-05-05T04:26:14.812+0000] {taskinstance.py:441} INFO - ::group::Post task execution logs
[2025-05-05T04:26:14.822+0000] {taskinstance.py:1206} INFO - Marking task as SUCCESS. dag_id=vietnamnet_crawler_24h, task_id=crawl_doi-song, run_id=manual__2025-05-04T17:46:07.642140+00:00, execution_date=20250504T174607, start_date=20250505T042605, end_date=20250505T042614
[2025-05-05T04:26:14.868+0000] {local_task_job_runner.py:240} INFO - Task exited with return code 0
[2025-05-05T04:26:14.875+0000] {local_task_job_runner.py:222} INFO - ::endgroup::
