[2025-05-16T17:09:03.273+0000] {local_task_job_runner.py:120} INFO - ::group::Pre task execution logs
[2025-05-16T17:09:03.292+0000] {taskinstance.py:2076} INFO - Dependencies all met for dep_context=non-requeueable deps ti=<TaskInstance: vietnamnet_crawler_24h.crawl_the-gioi manual__2025-05-16T17:08:32.746655+00:00 [queued]>
[2025-05-16T17:09:03.300+0000] {taskinstance.py:2076} INFO - Dependencies all met for dep_context=requeueable deps ti=<TaskInstance: vietnamnet_crawler_24h.crawl_the-gioi manual__2025-05-16T17:08:32.746655+00:00 [queued]>
[2025-05-16T17:09:03.300+0000] {taskinstance.py:2306} INFO - Starting attempt 1 of 2
[2025-05-16T17:09:03.314+0000] {taskinstance.py:2330} INFO - Executing <Task(PythonOperator): crawl_the-gioi> on 2025-05-16 17:08:32.746655+00:00
[2025-05-16T17:09:03.320+0000] {warnings.py:112} WARNING - /home/***/.local/lib/python3.12/site-packages/***/task/task_runner/standard_task_runner.py:61: DeprecationWarning: This process (pid=986) is multi-threaded, use of fork() may lead to deadlocks in the child.
  pid = os.fork()

[2025-05-16T17:09:03.321+0000] {standard_task_runner.py:63} INFO - Started process 987 to run task
[2025-05-16T17:09:03.322+0000] {standard_task_runner.py:90} INFO - Running: ['***', 'tasks', 'run', 'vietnamnet_crawler_24h', 'crawl_the-gioi', 'manual__2025-05-16T17:08:32.746655+00:00', '--job-id', '84', '--raw', '--subdir', 'DAGS_FOLDER/dags.py', '--cfg-path', '/tmp/tmpmp1s3ri2']
[2025-05-16T17:09:03.324+0000] {standard_task_runner.py:91} INFO - Job 84: Subtask crawl_the-gioi
[2025-05-16T17:09:03.362+0000] {task_command.py:426} INFO - Running <TaskInstance: vietnamnet_crawler_24h.crawl_the-gioi manual__2025-05-16T17:08:32.746655+00:00 [running]> on host 60d771d880eb
[2025-05-16T17:09:03.441+0000] {taskinstance.py:2648} INFO - Exporting env vars: AIRFLOW_CTX_DAG_OWNER='***' AIRFLOW_CTX_DAG_ID='vietnamnet_crawler_24h' AIRFLOW_CTX_TASK_ID='crawl_the-gioi' AIRFLOW_CTX_EXECUTION_DATE='2025-05-16T17:08:32.746655+00:00' AIRFLOW_CTX_TRY_NUMBER='1' AIRFLOW_CTX_DAG_RUN_ID='manual__2025-05-16T17:08:32.746655+00:00'
[2025-05-16T17:09:03.443+0000] {taskinstance.py:430} INFO - ::endgroup::
[2025-05-16T17:09:03.635+0000] {crawler.py:55} INFO - Đã kết nối thành công với MongoDB: News
[2025-05-16T17:09:04.493+0000] {logging_mixin.py:188} INFO - [INIT].... → Crawl4AI 0.6.2
[2025-05-16T17:09:08.082+0000] {logging_mixin.py:188} INFO - [FETCH]... ↓ https://vietnamnet.vn/tin-tuc-24h?bydaterang=&cate=000005                                            | 
[2025-05-16T17:09:08.082+0000] {logging_mixin.py:188} INFO - ✓
[2025-05-16T17:09:08.083+0000] {logging_mixin.py:188} INFO -  | ⏱: 3.52s
[2025-05-16T17:09:08.258+0000] {logging_mixin.py:188} INFO - [SCRAPE].. ◆ https://vietnamnet.vn/tin-tuc-24h?bydaterang=&cate=000005                                            | 
[2025-05-16T17:09:08.259+0000] {logging_mixin.py:188} INFO - ✓
[2025-05-16T17:09:08.259+0000] {logging_mixin.py:188} INFO -  | ⏱: 0.17s
[2025-05-16T17:09:08.261+0000] {logging_mixin.py:188} INFO - [COMPLETE] ● https://vietnamnet.vn/tin-tuc-24h?bydaterang=&cate=000005                                            | 
[2025-05-16T17:09:08.261+0000] {logging_mixin.py:188} INFO - ✓
[2025-05-16T17:09:08.262+0000] {logging_mixin.py:188} INFO -  | ⏱: 3.70s
[2025-05-16T17:09:08.497+0000] {crawler.py:85} INFO - Tìm thấy 25 link bài viết cho danh mục the-gioi
[2025-05-16T17:09:09.110+0000] {crawler.py:110} INFO - Đã lọc: 25 URLs ban đầu -> 0 URLs sau xử lý live
[2025-05-16T17:09:09.110+0000] {crawler.py:244} INFO - Không có bài viết mới nào trong danh mục the-gioi cần crawl.
[2025-05-16T17:09:09.111+0000] {crawler.py:284} INFO - Không có bài viết để lưu vào collection 'the-gioi'
[2025-05-16T17:09:09.176+0000] {python.py:237} INFO - Done. Returned value was: None
[2025-05-16T17:09:09.178+0000] {taskinstance.py:441} INFO - ::group::Post task execution logs
[2025-05-16T17:09:09.185+0000] {taskinstance.py:1206} INFO - Marking task as SUCCESS. dag_id=vietnamnet_crawler_24h, task_id=crawl_the-gioi, run_id=manual__2025-05-16T17:08:32.746655+00:00, execution_date=20250516T170832, start_date=20250516T170903, end_date=20250516T170909
[2025-05-16T17:09:09.236+0000] {local_task_job_runner.py:240} INFO - Task exited with return code 0
[2025-05-16T17:09:09.255+0000] {taskinstance.py:3503} INFO - 1 downstream tasks scheduled from follow-on schedule check
[2025-05-16T17:09:09.258+0000] {local_task_job_runner.py:222} INFO - ::endgroup::
