[2025-05-16T09:49:46.160+0000] {local_task_job_runner.py:120} INFO - ::group::Pre task execution logs
[2025-05-16T09:49:46.198+0000] {taskinstance.py:2076} INFO - Dependencies all met for dep_context=non-requeueable deps ti=<TaskInstance: vietnamnet_crawler_24h.crawl_cong-nghe scheduled__2025-05-16T09:00:00+00:00 [queued]>
[2025-05-16T09:49:46.212+0000] {taskinstance.py:2076} INFO - Dependencies all met for dep_context=requeueable deps ti=<TaskInstance: vietnamnet_crawler_24h.crawl_cong-nghe scheduled__2025-05-16T09:00:00+00:00 [queued]>
[2025-05-16T09:49:46.213+0000] {taskinstance.py:2306} INFO - Starting attempt 1 of 2
[2025-05-16T09:49:46.238+0000] {taskinstance.py:2330} INFO - Executing <Task(PythonOperator): crawl_cong-nghe> on 2025-05-16 09:00:00+00:00
[2025-05-16T09:49:46.248+0000] {warnings.py:112} WARNING - /home/***/.local/lib/python3.12/site-packages/***/task/task_runner/standard_task_runner.py:61: DeprecationWarning: This process (pid=1393) is multi-threaded, use of fork() may lead to deadlocks in the child.
  pid = os.fork()

[2025-05-16T09:49:46.251+0000] {standard_task_runner.py:63} INFO - Started process 1489 to run task
[2025-05-16T09:49:46.252+0000] {standard_task_runner.py:90} INFO - Running: ['***', 'tasks', 'run', 'vietnamnet_crawler_24h', 'crawl_cong-nghe', 'scheduled__2025-05-16T09:00:00+00:00', '--job-id', '11', '--raw', '--subdir', 'DAGS_FOLDER/dags.py', '--cfg-path', '/tmp/tmpbcuxt811']
[2025-05-16T09:49:46.256+0000] {standard_task_runner.py:91} INFO - Job 11: Subtask crawl_cong-nghe
[2025-05-16T09:49:46.324+0000] {task_command.py:426} INFO - Running <TaskInstance: vietnamnet_crawler_24h.crawl_cong-nghe scheduled__2025-05-16T09:00:00+00:00 [running]> on host 71b827885e5f
[2025-05-16T09:49:46.448+0000] {taskinstance.py:2648} INFO - Exporting env vars: AIRFLOW_CTX_DAG_OWNER='***' AIRFLOW_CTX_DAG_ID='vietnamnet_crawler_24h' AIRFLOW_CTX_TASK_ID='crawl_cong-nghe' AIRFLOW_CTX_EXECUTION_DATE='2025-05-16T09:00:00+00:00' AIRFLOW_CTX_TRY_NUMBER='1' AIRFLOW_CTX_DAG_RUN_ID='scheduled__2025-05-16T09:00:00+00:00'
[2025-05-16T09:49:46.450+0000] {taskinstance.py:430} INFO - ::endgroup::
[2025-05-16T09:49:46.686+0000] {crawler.py:54} INFO - Đã kết nối thành công với MongoDB: News
[2025-05-16T09:49:47.664+0000] {logging_mixin.py:188} INFO - [INIT].... → Crawl4AI 0.6.2
[2025-05-16T09:49:50.949+0000] {logging_mixin.py:188} INFO - [FETCH]... ↓ https://vietnamnet.vn/tin-tuc-24h?bydaterang=&cate=00MK8V                                            | 
[2025-05-16T09:49:50.950+0000] {logging_mixin.py:188} INFO - ✓
[2025-05-16T09:49:50.950+0000] {logging_mixin.py:188} INFO -  | ⏱: 3.23s
[2025-05-16T09:49:51.132+0000] {logging_mixin.py:188} INFO - [SCRAPE].. ◆ https://vietnamnet.vn/tin-tuc-24h?bydaterang=&cate=00MK8V                                            | 
[2025-05-16T09:49:51.132+0000] {logging_mixin.py:188} INFO - ✓
[2025-05-16T09:49:51.133+0000] {logging_mixin.py:188} INFO -  | ⏱: 
[2025-05-16T09:49:51.133+0000] {logging_mixin.py:188} INFO - 0.18
[2025-05-16T09:49:51.134+0000] {logging_mixin.py:188} INFO - s
[2025-05-16T09:49:51.135+0000] {logging_mixin.py:188} INFO - [COMPLETE] ● https://vietnamnet.vn/tin-tuc-24h?bydaterang=&cate=00MK8V                                            | 
[2025-05-16T09:49:51.136+0000] {logging_mixin.py:188} INFO - ✓
[2025-05-16T09:49:51.136+0000] {logging_mixin.py:188} INFO -  | ⏱: 3.41s
[2025-05-16T09:49:51.399+0000] {crawler.py:84} INFO - Tìm thấy 25 link bài viết cho danh mục cong-nghe
[2025-05-16T09:49:53.581+0000] {crawler.py:110} INFO - Đã lọc: 25 URLs ban đầu -> 1 URLs mới
[2025-05-16T09:49:53.582+0000] {crawler.py:234} INFO - Đang crawl 1 bài viết mới từ danh mục cong-nghe...
[2025-05-16T09:49:53.582+0000] {crawler.py:237} INFO - --> Crawl: https://vietnamnet.vn/sieu-mau-lan-khue-tro-thanh-dai-su-thuong-hieu-vertu-tai-viet-nam-2401814.html
[2025-05-16T09:49:54.217+0000] {logging_mixin.py:188} INFO - [INIT].... → Crawl4AI 0.6.2
[2025-05-16T09:49:58.220+0000] {logging_mixin.py:188} INFO - [FETCH]... ↓ https://vietnamnet.vn/sieu-mau-lan-khue-tro-thanh-dai-su-thuong-hieu-vertu-tai-viet-nam-2401814.html | 
[2025-05-16T09:49:58.221+0000] {logging_mixin.py:188} INFO - ✓
[2025-05-16T09:49:58.222+0000] {logging_mixin.py:188} INFO -  | ⏱: 3.93s
[2025-05-16T09:49:58.454+0000] {logging_mixin.py:188} INFO - [SCRAPE].. ◆ https://vietnamnet.vn/sieu-mau-lan-khue-tro-thanh-dai-su-thuong-hieu-vertu-tai-viet-nam-2401814.html | 
[2025-05-16T09:49:58.455+0000] {logging_mixin.py:188} INFO - ✓
[2025-05-16T09:49:58.456+0000] {logging_mixin.py:188} INFO -  | ⏱: 
[2025-05-16T09:49:58.456+0000] {logging_mixin.py:188} INFO - 0.23
[2025-05-16T09:49:58.457+0000] {logging_mixin.py:188} INFO - s
[2025-05-16T09:49:58.458+0000] {logging_mixin.py:188} INFO - [COMPLETE] ● https://vietnamnet.vn/sieu-mau-lan-khue-tro-thanh-dai-su-thuong-hieu-vertu-tai-viet-nam-2401814.html | 
[2025-05-16T09:49:58.459+0000] {logging_mixin.py:188} INFO - ✓
[2025-05-16T09:49:58.460+0000] {logging_mixin.py:188} INFO -  | ⏱: 4.17s
[2025-05-16T09:49:58.905+0000] {crawler.py:241} INFO -     ✓ Siêu mẫu Lan Khuê trở thành đại sứ thương hiệu Vertu tại Việ...

[2025-05-16T09:49:58.906+0000] {crawler.py:244} INFO - ⏱️  Tổng thời gian crawl: 12.22 giây
[2025-05-16T09:49:58.993+0000] {crawler.py:269} INFO - Đã lưu 1 bài viết vào collection 'cong-nghe'
[2025-05-16T09:49:59.058+0000] {python.py:237} INFO - Done. Returned value was: None
[2025-05-16T09:49:59.058+0000] {taskinstance.py:441} INFO - ::group::Post task execution logs
[2025-05-16T09:49:59.066+0000] {taskinstance.py:1206} INFO - Marking task as SUCCESS. dag_id=vietnamnet_crawler_24h, task_id=crawl_cong-nghe, run_id=scheduled__2025-05-16T09:00:00+00:00, execution_date=20250516T090000, start_date=20250516T094946, end_date=20250516T094959
[2025-05-16T09:49:59.116+0000] {local_task_job_runner.py:240} INFO - Task exited with return code 0
[2025-05-16T09:49:59.138+0000] {taskinstance.py:3503} INFO - 1 downstream tasks scheduled from follow-on schedule check
[2025-05-16T09:49:59.140+0000] {local_task_job_runner.py:222} INFO - ::endgroup::
