[2025-05-18T14:00:18.743+0000] {local_task_job_runner.py:120} INFO - ::group::Pre task execution logs
[2025-05-18T14:00:18.759+0000] {taskinstance.py:2076} INFO - Dependencies all met for dep_context=non-requeueable deps ti=<TaskInstance: vietnamnet_crawler_24h.crawl_the-gioi scheduled__2025-05-18T13:30:00+00:00 [queued]>
[2025-05-18T14:00:18.765+0000] {taskinstance.py:2076} INFO - Dependencies all met for dep_context=requeueable deps ti=<TaskInstance: vietnamnet_crawler_24h.crawl_the-gioi scheduled__2025-05-18T13:30:00+00:00 [queued]>
[2025-05-18T14:00:18.766+0000] {taskinstance.py:2306} INFO - Starting attempt 1 of 2
[2025-05-18T14:00:18.777+0000] {taskinstance.py:2330} INFO - Executing <Task(PythonOperator): crawl_the-gioi> on 2025-05-18 13:30:00+00:00
[2025-05-18T14:00:18.782+0000] {warnings.py:112} WARNING - /home/***/.local/lib/python3.12/site-packages/***/task/task_runner/standard_task_runner.py:61: DeprecationWarning: This process (pid=11143) is multi-threaded, use of fork() may lead to deadlocks in the child.
  pid = os.fork()

[2025-05-18T14:00:18.783+0000] {standard_task_runner.py:63} INFO - Started process 11144 to run task
[2025-05-18T14:00:18.783+0000] {standard_task_runner.py:90} INFO - Running: ['***', 'tasks', 'run', 'vietnamnet_crawler_24h', 'crawl_the-gioi', 'scheduled__2025-05-18T13:30:00+00:00', '--job-id', '36', '--raw', '--subdir', 'DAGS_FOLDER/dags.py', '--cfg-path', '/tmp/tmp1lq595jb']
[2025-05-18T14:00:18.785+0000] {standard_task_runner.py:91} INFO - Job 36: Subtask crawl_the-gioi
[2025-05-18T14:00:18.820+0000] {task_command.py:426} INFO - Running <TaskInstance: vietnamnet_crawler_24h.crawl_the-gioi scheduled__2025-05-18T13:30:00+00:00 [running]> on host a383b65f89e1
[2025-05-18T14:00:18.892+0000] {taskinstance.py:2648} INFO - Exporting env vars: AIRFLOW_CTX_DAG_OWNER='***' AIRFLOW_CTX_DAG_ID='vietnamnet_crawler_24h' AIRFLOW_CTX_TASK_ID='crawl_the-gioi' AIRFLOW_CTX_EXECUTION_DATE='2025-05-18T13:30:00+00:00' AIRFLOW_CTX_TRY_NUMBER='1' AIRFLOW_CTX_DAG_RUN_ID='scheduled__2025-05-18T13:30:00+00:00'
[2025-05-18T14:00:18.893+0000] {taskinstance.py:430} INFO - ::endgroup::
[2025-05-18T14:00:19.034+0000] {crawler.py:55} INFO - Đã kết nối thành công với MongoDB: News
[2025-05-18T14:00:19.515+0000] {logging_mixin.py:188} INFO - [INIT].... → Crawl4AI 0.6.3
[2025-05-18T14:00:21.891+0000] {logging_mixin.py:188} INFO - [FETCH]... ↓ https://vietnamnet.vn/tin-tuc-24h?bydaterang=&cate=000005          
| ✓ | ⏱: 2.31s
[2025-05-18T14:00:22.082+0000] {logging_mixin.py:188} INFO - [SCRAPE].. ◆ https://vietnamnet.vn/tin-tuc-24h?bydaterang=&cate=000005          
| ✓ | ⏱: 0.19s
[2025-05-18T14:00:22.084+0000] {logging_mixin.py:188} INFO - [COMPLETE] ● https://vietnamnet.vn/tin-tuc-24h?bydaterang=&cate=000005          
| ✓ | ⏱: 2.51s
[2025-05-18T14:00:22.376+0000] {crawler.py:85} INFO - Tìm thấy 25 link bài viết cho danh mục the-gioi
[2025-05-18T14:00:23.459+0000] {crawler.py:110} INFO - Đã lọc: 25 URLs ban đầu -> 1 URLs sau xử lý live
[2025-05-18T14:00:23.459+0000] {crawler.py:255} INFO - Đang crawl 1 bài viết mới từ danh mục the-gioi...
[2025-05-18T14:00:23.460+0000] {crawler.py:258} INFO - --> Crawl: https://vietnamnet.vn/ong-putin-khang-dinh-nga-muon-dat-duoc-hoa-binh-lau-dai-voi-ukraine-2402405.html
[2025-05-18T14:00:23.960+0000] {logging_mixin.py:188} INFO - [INIT].... → Crawl4AI 0.6.3
[2025-05-18T14:00:26.475+0000] {logging_mixin.py:188} INFO - [FETCH]... ↓ 
https://vietnamnet.vn/ong-putin-khang-dinh-nga-m...t-duoc-hoa-binh-lau-dai-voi-u
kraine-2402405.html  | ✓ | ⏱: 2.50s
[2025-05-18T14:00:26.726+0000] {logging_mixin.py:188} INFO - [SCRAPE].. ◆ 
https://vietnamnet.vn/ong-putin-khang-dinh-nga-m...t-duoc-hoa-binh-lau-dai-voi-u
kraine-2402405.html  | ✓ | ⏱: 0.25s
[2025-05-18T14:00:26.728+0000] {logging_mixin.py:188} INFO - [COMPLETE] ● 
https://vietnamnet.vn/ong-putin-khang-dinh-nga-m...t-duoc-hoa-binh-lau-dai-voi-u
kraine-2402405.html  | ✓ | ⏱: 2.76s
[2025-05-18T14:00:27.144+0000] {crawler.py:262} INFO -     ✓ Ông Putin khẳng định Nga muốn đạt được 'hòa bình lâu dài' vớ...

[2025-05-18T14:00:27.145+0000] {crawler.py:265} INFO - ⏱️  Tổng thời gian crawl: 8.11 giây
[2025-05-18T14:00:27.279+0000] {crawler.py:292} INFO - Đã lưu 1 bài viết vào collection 'the-gioi'
[2025-05-18T14:00:27.342+0000] {python.py:237} INFO - Done. Returned value was: None
[2025-05-18T14:00:27.343+0000] {taskinstance.py:441} INFO - ::group::Post task execution logs
[2025-05-18T14:00:27.351+0000] {taskinstance.py:1206} INFO - Marking task as SUCCESS. dag_id=vietnamnet_crawler_24h, task_id=crawl_the-gioi, run_id=scheduled__2025-05-18T13:30:00+00:00, execution_date=20250518T133000, start_date=20250518T140018, end_date=20250518T140027
[2025-05-18T14:00:27.382+0000] {local_task_job_runner.py:240} INFO - Task exited with return code 0
[2025-05-18T14:00:27.405+0000] {taskinstance.py:3503} INFO - 1 downstream tasks scheduled from follow-on schedule check
[2025-05-18T14:00:27.407+0000] {local_task_job_runner.py:222} INFO - ::endgroup::
