[2025-05-17T20:15:28.808+0000] {local_task_job_runner.py:120} INFO - ::group::Pre task execution logs
[2025-05-17T20:15:28.831+0000] {taskinstance.py:2076} INFO - Dependencies all met for dep_context=non-requeueable deps ti=<TaskInstance: vietnamnet_crawler_24h.clean_old_articles scheduled__2025-05-17T19:30:00+00:00 [queued]>
[2025-05-17T20:15:28.839+0000] {taskinstance.py:2076} INFO - Dependencies all met for dep_context=requeueable deps ti=<TaskInstance: vietnamnet_crawler_24h.clean_old_articles scheduled__2025-05-17T19:30:00+00:00 [queued]>
[2025-05-17T20:15:28.840+0000] {taskinstance.py:2306} INFO - Starting attempt 1 of 2
[2025-05-17T20:15:28.855+0000] {taskinstance.py:2330} INFO - Executing <Task(PythonOperator): clean_old_articles> on 2025-05-17 19:30:00+00:00
[2025-05-17T20:15:28.865+0000] {warnings.py:112} WARNING - /home/***/.local/lib/python3.12/site-packages/***/task/task_runner/standard_task_runner.py:61: DeprecationWarning: This process (pid=135) is multi-threaded, use of fork() may lead to deadlocks in the child.
  pid = os.fork()

[2025-05-17T20:15:28.867+0000] {standard_task_runner.py:63} INFO - Started process 136 to run task
[2025-05-17T20:15:28.867+0000] {standard_task_runner.py:90} INFO - Running: ['***', 'tasks', 'run', 'vietnamnet_crawler_24h', 'clean_old_articles', 'scheduled__2025-05-17T19:30:00+00:00', '--job-id', '183', '--raw', '--subdir', 'DAGS_FOLDER/dags.py', '--cfg-path', '/tmp/tmpk7wm_680']
[2025-05-17T20:15:28.870+0000] {standard_task_runner.py:91} INFO - Job 183: Subtask clean_old_articles
[2025-05-17T20:15:28.924+0000] {task_command.py:426} INFO - Running <TaskInstance: vietnamnet_crawler_24h.clean_old_articles scheduled__2025-05-17T19:30:00+00:00 [running]> on host 60d771d880eb
[2025-05-17T20:15:29.029+0000] {taskinstance.py:2648} INFO - Exporting env vars: AIRFLOW_CTX_DAG_OWNER='***' AIRFLOW_CTX_DAG_ID='vietnamnet_crawler_24h' AIRFLOW_CTX_TASK_ID='clean_old_articles' AIRFLOW_CTX_EXECUTION_DATE='2025-05-17T19:30:00+00:00' AIRFLOW_CTX_TRY_NUMBER='1' AIRFLOW_CTX_DAG_RUN_ID='scheduled__2025-05-17T19:30:00+00:00'
[2025-05-17T20:15:29.031+0000] {taskinstance.py:430} INFO - ::endgroup::
[2025-05-17T20:15:29.502+0000] {database_cleaner.py:33} INFO - Đã kết nối MongoDB: News
[2025-05-17T20:15:29.503+0000] {database_cleaner.py:102} INFO - Xóa các bài viết trước: 2025-04-17T03:15:29.503450+07:00
[2025-05-17T20:15:30.546+0000] {database_cleaner.py:125} INFO - Collection 'cong-nghe': 0 bài bị xóa
[2025-05-17T20:15:30.898+0000] {database_cleaner.py:125} INFO - Collection 'the-gioi': 0 bài bị xóa
[2025-05-17T20:15:31.527+0000] {database_cleaner.py:125} INFO - Collection 'chinh-tri': 4 bài bị xóa
[2025-05-17T20:15:31.924+0000] {database_cleaner.py:125} INFO - Collection 'phap-luat': 3 bài bị xóa
[2025-05-17T20:15:32.211+0000] {database_cleaner.py:125} INFO - Collection 'doi-song': 1 bài bị xóa
[2025-05-17T20:15:32.717+0000] {database_cleaner.py:125} INFO - Collection 'giao-duc': 1 bài bị xóa
[2025-05-17T20:15:32.778+0000] {database_cleaner.py:42} INFO - Đã đóng kết nối MongoDB
[2025-05-17T20:15:32.779+0000] {database_cleaner.py:142} INFO - Đã xóa tổng cộng 9 bài, còn lại 1750
[2025-05-17T20:15:32.779+0000] {python.py:237} INFO - Done. Returned value was: {'cong-nghe': {'total': 37, 'deleted': 0, 'remaining': 37}, 'the-gioi': {'total': 403, 'deleted': 0, 'remaining': 403}, 'chinh-tri': {'total': 516, 'deleted': 4, 'remaining': 512}, 'phap-luat': {'total': 213, 'deleted': 3, 'remaining': 210}, 'doi-song': {'total': 290, 'deleted': 1, 'remaining': 289}, 'giao-duc': {'total': 300, 'deleted': 1, 'remaining': 299}}
[2025-05-17T20:15:32.780+0000] {taskinstance.py:441} INFO - ::group::Post task execution logs
[2025-05-17T20:15:32.797+0000] {taskinstance.py:1206} INFO - Marking task as SUCCESS. dag_id=vietnamnet_crawler_24h, task_id=clean_old_articles, run_id=scheduled__2025-05-17T19:30:00+00:00, execution_date=20250517T193000, start_date=20250517T201528, end_date=20250517T201532
[2025-05-17T20:15:32.822+0000] {local_task_job_runner.py:240} INFO - Task exited with return code 0
[2025-05-17T20:15:32.847+0000] {taskinstance.py:3503} INFO - 1 downstream tasks scheduled from follow-on schedule check
[2025-05-17T20:15:32.849+0000] {local_task_job_runner.py:222} INFO - ::endgroup::
