[2025-06-22T18:50:12.318+0000] {local_task_job_runner.py:120} INFO - ::group::Pre task execution logs
[2025-06-22T18:50:12.344+0000] {taskinstance.py:2076} INFO - Dependencies all met for dep_context=non-requeueable deps ti=<TaskInstance: deepai_crawler_10min.crawl_hardware scheduled__2025-06-22T18:40:00+00:00 [queued]>
[2025-06-22T18:50:12.357+0000] {taskinstance.py:2076} INFO - Dependencies all met for dep_context=requeueable deps ti=<TaskInstance: deepai_crawler_10min.crawl_hardware scheduled__2025-06-22T18:40:00+00:00 [queued]>
[2025-06-22T18:50:12.358+0000] {taskinstance.py:2306} INFO - Starting attempt 1 of 3
[2025-06-22T18:50:12.388+0000] {taskinstance.py:2330} INFO - Executing <Task(PythonOperator): crawl_hardware> on 2025-06-22 18:40:00+00:00
[2025-06-22T18:50:12.412+0000] {warnings.py:112} WARNING - /home/***/.local/lib/python3.12/site-packages/***/task/task_runner/standard_task_runner.py:61: DeprecationWarning: This process (pid=4883) is multi-threaded, use of fork() may lead to deadlocks in the child.
  pid = os.fork()

[2025-06-22T18:50:12.415+0000] {standard_task_runner.py:63} INFO - Started process 4912 to run task
[2025-06-22T18:50:12.417+0000] {standard_task_runner.py:90} INFO - Running: ['***', 'tasks', 'run', 'deepai_crawler_10min', 'crawl_hardware', 'scheduled__2025-06-22T18:40:00+00:00', '--job-id', '1071', '--raw', '--subdir', 'DAGS_FOLDER/dags.py', '--cfg-path', '/tmp/tmp8nphod72']
[2025-06-22T18:50:12.432+0000] {standard_task_runner.py:91} INFO - Job 1071: Subtask crawl_hardware
[2025-06-22T18:50:12.542+0000] {task_command.py:426} INFO - Running <TaskInstance: deepai_crawler_10min.crawl_hardware scheduled__2025-06-22T18:40:00+00:00 [running]> on host 1b87ed59931b
[2025-06-22T18:50:12.722+0000] {taskinstance.py:2648} INFO - Exporting env vars: AIRFLOW_CTX_DAG_OWNER='***' AIRFLOW_CTX_DAG_ID='deepai_crawler_10min' AIRFLOW_CTX_TASK_ID='crawl_hardware' AIRFLOW_CTX_EXECUTION_DATE='2025-06-22T18:40:00+00:00' AIRFLOW_CTX_TRY_NUMBER='1' AIRFLOW_CTX_DAG_RUN_ID='scheduled__2025-06-22T18:40:00+00:00'
[2025-06-22T18:50:12.734+0000] {taskinstance.py:430} INFO - ::endgroup::
[2025-06-22T18:50:12.758+0000] {media_manager.py:52} DEBUG - Queue: Media upload queue is empty, waiting for new jobs
[2025-06-22T18:50:12.761+0000] {dags.py:183} INFO - Bắt đầu crawl category: hardware
[2025-06-22T18:50:13.091+0000] {crawler_deeplai.py:51} INFO - Đã kết nối thành công với MongoDB: deeplearning_ai_news
[2025-06-22T18:50:13.139+0000] {crawler_deeplai.py:465} INFO - 🚀 Đang bắt đầu quá trình crawl với Load More...
[2025-06-22T18:50:13.760+0000] {media_manager.py:52} DEBUG - Queue: Media upload queue is empty, waiting for new jobs
[2025-06-22T18:50:14.620+0000] {logging_mixin.py:188} INFO - [INIT].... → Crawl4AI 0.6.3
[2025-06-22T18:50:14.622+0000] {crawler_deeplai.py:179} INFO - 🌐 Đang truy cập: https://www.deeplearning.ai/the-batch/tag/hardware/
[2025-06-22T18:50:14.623+0000] {crawler_deeplai.py:180} INFO - ⚙️ Cấu hình: max_articles=100, min_threshold=5, max_clicks=1
[2025-06-22T18:50:14.761+0000] {media_manager.py:52} DEBUG - Queue: Media upload queue is empty, waiting for new jobs
[2025-06-22T18:50:15.648+0000] {media_manager.py:52} DEBUG - Queue: Media upload queue is empty, waiting for new jobs
[2025-06-22T18:50:16.649+0000] {media_manager.py:52} DEBUG - Queue: Media upload queue is empty, waiting for new jobs
[2025-06-22T18:50:17.650+0000] {media_manager.py:52} DEBUG - Queue: Media upload queue is empty, waiting for new jobs
[2025-06-22T18:50:18.652+0000] {media_manager.py:52} DEBUG - Queue: Media upload queue is empty, waiting for new jobs
[2025-06-22T18:50:19.653+0000] {media_manager.py:52} DEBUG - Queue: Media upload queue is empty, waiting for new jobs
[2025-06-22T18:50:19.661+0000] {logging_mixin.py:188} INFO - [FETCH]... ↓ https://www.deeplearning.ai/the-batch/tag/hardware/                
| ✓ | ⏱: 5.15s
[2025-06-22T18:50:19.833+0000] {logging_mixin.py:188} INFO - [SCRAPE].. ◆ https://www.deeplearning.ai/the-batch/tag/hardware/                
| ✓ | ⏱: 0.17s
[2025-06-22T18:50:19.837+0000] {logging_mixin.py:188} INFO - [COMPLETE] ● https://www.deeplearning.ai/the-batch/tag/hardware/                
| ✓ | ⏱: 5.33s
[2025-06-22T18:50:19.839+0000] {crawler_deeplai.py:184} INFO - 📋 JavaScript execution result: {'success': True, 'results': [{'success': True, 'result': {}}]}
[2025-06-22T18:50:19.899+0000] {crawler_deeplai.py:204} INFO - 🎯 Tổng cộng tìm thấy 30 link bài viết unique
[2025-06-22T18:50:19.900+0000] {crawler_deeplai.py:208} INFO - 🔍 Một vài URL đầu tiên:
[2025-06-22T18:50:19.900+0000] {crawler_deeplai.py:210} INFO -   1. https://www.deeplearning.ai/the-batch/ai-creates-an-interactive-minecraft-like-world-in-real-time/
[2025-06-22T18:50:19.901+0000] {crawler_deeplai.py:210} INFO -   2. https://www.deeplearning.ai/the-batch/ai-electricity-demands-spur-an-expansion-of-power-sources/
[2025-06-22T18:50:19.901+0000] {crawler_deeplai.py:210} INFO -   3. https://www.deeplearning.ai/the-batch/all-about-nvidia-gpu-shortage/
[2025-06-22T18:50:19.902+0000] {crawler_deeplai.py:210} INFO -   4. https://www.deeplearning.ai/the-batch/all-about-nvidias-new-blackwell-architecture-and-b200-gpu/
[2025-06-22T18:50:19.902+0000] {crawler_deeplai.py:210} INFO -   5. https://www.deeplearning.ai/the-batch/amazon-google-and-microsoft-bet-on-nuclear-power-to-meet-ai-energy-demands/
[2025-06-22T18:50:19.903+0000] {crawler_deeplai.py:214} INFO - 📊 Sẽ crawl 30 bài viết
[2025-06-22T18:50:20.495+0000] {crawler_deeplai.py:458} INFO - Đã lọc: 30 URLs ban đầu -> 0 URLs mới
[2025-06-22T18:50:20.496+0000] {crawler_deeplai.py:476} INFO - ℹ️ Không có bài viết mới nào trong danh mục hardware cần crawl.
[2025-06-22T18:50:20.496+0000] {crawler_deeplai.py:533} INFO - ℹ️ Không có bài viết để lưu vào collection 'hardware'
[2025-06-22T18:50:20.570+0000] {dags.py:188} INFO - Hoàn thành crawl category: hardware
[2025-06-22T18:50:20.571+0000] {python.py:237} INFO - Done. Returned value was: None
[2025-06-22T18:50:20.571+0000] {taskinstance.py:441} INFO - ::group::Post task execution logs
[2025-06-22T18:50:20.587+0000] {taskinstance.py:1206} INFO - Marking task as SUCCESS. dag_id=deepai_crawler_10min, task_id=crawl_hardware, run_id=scheduled__2025-06-22T18:40:00+00:00, execution_date=20250622T184000, start_date=20250622T185012, end_date=20250622T185020
[2025-06-22T18:50:20.656+0000] {media_manager.py:52} DEBUG - Queue: Media upload queue is empty, waiting for new jobs
[2025-06-22T18:50:20.672+0000] {local_task_job_runner.py:240} INFO - Task exited with return code 0
[2025-06-22T18:50:20.713+0000] {taskinstance.py:3503} INFO - 1 downstream tasks scheduled from follow-on schedule check
[2025-06-22T18:50:20.719+0000] {local_task_job_runner.py:222} INFO - ::endgroup::
