[2025-05-15T10:27:18.795+0000] {local_task_job_runner.py:120} INFO - ::group::Pre task execution logs
[2025-05-15T10:27:18.824+0000] {taskinstance.py:2076} INFO - Dependencies all met for dep_context=non-requeueable deps ti=<TaskInstance: vietnamnet_crawler_24h.crawl_the-gioi scheduled__2025-05-15T08:00:00+00:00 [queued]>
[2025-05-15T10:27:18.832+0000] {taskinstance.py:2076} INFO - Dependencies all met for dep_context=requeueable deps ti=<TaskInstance: vietnamnet_crawler_24h.crawl_the-gioi scheduled__2025-05-15T08:00:00+00:00 [queued]>
[2025-05-15T10:27:18.833+0000] {taskinstance.py:2306} INFO - Starting attempt 1 of 2
[2025-05-15T10:27:18.849+0000] {taskinstance.py:2330} INFO - Executing <Task(PythonOperator): crawl_the-gioi> on 2025-05-15 08:00:00+00:00
[2025-05-15T10:27:18.858+0000] {warnings.py:112} WARNING - /home/***/.local/lib/python3.12/site-packages/***/task/task_runner/standard_task_runner.py:61: DeprecationWarning: This process (pid=4277) is multi-threaded, use of fork() may lead to deadlocks in the child.
  pid = os.fork()

[2025-05-15T10:27:18.862+0000] {standard_task_runner.py:63} INFO - Started process 4309 to run task
[2025-05-15T10:27:18.862+0000] {standard_task_runner.py:90} INFO - Running: ['***', 'tasks', 'run', 'vietnamnet_crawler_24h', 'crawl_the-gioi', 'scheduled__2025-05-15T08:00:00+00:00', '--job-id', '17', '--raw', '--subdir', 'DAGS_FOLDER/dags.py', '--cfg-path', '/tmp/tmphkfxe76b']
[2025-05-15T10:27:18.866+0000] {standard_task_runner.py:91} INFO - Job 17: Subtask crawl_the-gioi
[2025-05-15T10:27:18.932+0000] {task_command.py:426} INFO - Running <TaskInstance: vietnamnet_crawler_24h.crawl_the-gioi scheduled__2025-05-15T08:00:00+00:00 [running]> on host 45f6bdc6b965
[2025-05-15T10:27:19.050+0000] {taskinstance.py:2648} INFO - Exporting env vars: AIRFLOW_CTX_DAG_OWNER='***' AIRFLOW_CTX_DAG_ID='vietnamnet_crawler_24h' AIRFLOW_CTX_TASK_ID='crawl_the-gioi' AIRFLOW_CTX_EXECUTION_DATE='2025-05-15T08:00:00+00:00' AIRFLOW_CTX_TRY_NUMBER='1' AIRFLOW_CTX_DAG_RUN_ID='scheduled__2025-05-15T08:00:00+00:00'
[2025-05-15T10:27:19.052+0000] {taskinstance.py:430} INFO - ::endgroup::
[2025-05-15T10:27:19.349+0000] {crawler.py:54} INFO - Đã kết nối thành công với MongoDB: News
[2025-05-15T10:27:19.571+0000] {crawler.py:44} INFO - ArticleSummarizer đã được khởi tạo thành công
[2025-05-15T10:27:20.576+0000] {logging_mixin.py:188} INFO - [INIT].... → Crawl4AI 0.6.2
[2025-05-15T10:27:26.042+0000] {logging_mixin.py:188} INFO - [FETCH]... ↓ https://vietnamnet.vn/tin-tuc-24h?bydaterang=&cate=000005                                            | 
[2025-05-15T10:27:26.043+0000] {logging_mixin.py:188} INFO - ✓
[2025-05-15T10:27:26.044+0000] {logging_mixin.py:188} INFO -  | ⏱: 5.38s
[2025-05-15T10:27:26.427+0000] {logging_mixin.py:188} INFO - [SCRAPE].. ◆ https://vietnamnet.vn/tin-tuc-24h?bydaterang=&cate=000005                                            | 
[2025-05-15T10:27:26.428+0000] {logging_mixin.py:188} INFO - ✓
[2025-05-15T10:27:26.429+0000] {logging_mixin.py:188} INFO -  | ⏱: 
[2025-05-15T10:27:26.429+0000] {logging_mixin.py:188} INFO - 0.38
[2025-05-15T10:27:26.430+0000] {logging_mixin.py:188} INFO - s
[2025-05-15T10:27:26.432+0000] {logging_mixin.py:188} INFO - [COMPLETE] ● https://vietnamnet.vn/tin-tuc-24h?bydaterang=&cate=000005                                            | 
[2025-05-15T10:27:26.432+0000] {logging_mixin.py:188} INFO - ✓
[2025-05-15T10:27:26.433+0000] {logging_mixin.py:188} INFO -  | ⏱: 5.77s
[2025-05-15T10:27:26.854+0000] {crawler.py:84} INFO - Tìm thấy 25 link bài viết cho danh mục the-gioi
[2025-05-15T10:27:29.013+0000] {crawler.py:103} INFO - Đã lọc: 25 URLs ban đầu -> 0 URLs mới
[2025-05-15T10:27:29.014+0000] {crawler.py:222} INFO - Không có bài viết mới nào trong danh mục the-gioi cần crawl.
[2025-05-15T10:27:29.015+0000] {crawler.py:257} INFO - Không có bài viết để lưu vào collection 'the-gioi'
[2025-05-15T10:27:29.077+0000] {python.py:237} INFO - Done. Returned value was: None
[2025-05-15T10:27:29.078+0000] {taskinstance.py:441} INFO - ::group::Post task execution logs
[2025-05-15T10:27:29.091+0000] {taskinstance.py:1206} INFO - Marking task as SUCCESS. dag_id=vietnamnet_crawler_24h, task_id=crawl_the-gioi, run_id=scheduled__2025-05-15T08:00:00+00:00, execution_date=20250515T080000, start_date=20250515T102718, end_date=20250515T102729
[2025-05-15T10:27:29.143+0000] {local_task_job_runner.py:240} INFO - Task exited with return code 0
[2025-05-15T10:27:29.174+0000] {taskinstance.py:3503} INFO - 1 downstream tasks scheduled from follow-on schedule check
[2025-05-15T10:27:29.177+0000] {local_task_job_runner.py:222} INFO - ::endgroup::
