[2025-05-16T09:03:16.461+0000] {local_task_job_runner.py:120} INFO - ::group::Pre task execution logs
[2025-05-16T09:03:16.488+0000] {taskinstance.py:2076} INFO - Dependencies all met for dep_context=non-requeueable deps ti=<TaskInstance: vietnamnet_crawler_24h.clean_old_articles manual__2025-05-16T09:03:13.247588+00:00 [queued]>
[2025-05-16T09:03:16.501+0000] {taskinstance.py:2076} INFO - Dependencies all met for dep_context=requeueable deps ti=<TaskInstance: vietnamnet_crawler_24h.clean_old_articles manual__2025-05-16T09:03:13.247588+00:00 [queued]>
[2025-05-16T09:03:16.502+0000] {taskinstance.py:2306} INFO - Starting attempt 1 of 2
[2025-05-16T09:03:16.524+0000] {taskinstance.py:2330} INFO - Executing <Task(PythonOperator): clean_old_articles> on 2025-05-16 09:03:13.247588+00:00
[2025-05-16T09:03:16.539+0000] {warnings.py:112} WARNING - /home/***/.local/lib/python3.12/site-packages/***/task/task_runner/standard_task_runner.py:61: DeprecationWarning: This process (pid=18934) is multi-threaded, use of fork() may lead to deadlocks in the child.
  pid = os.fork()

[2025-05-16T09:03:16.542+0000] {standard_task_runner.py:63} INFO - Started process 18939 to run task
[2025-05-16T09:03:16.543+0000] {standard_task_runner.py:90} INFO - Running: ['***', 'tasks', 'run', 'vietnamnet_crawler_24h', 'clean_old_articles', 'manual__2025-05-16T09:03:13.247588+00:00', '--job-id', '44', '--raw', '--subdir', 'DAGS_FOLDER/dags.py', '--cfg-path', '/tmp/tmp58nt0gj9']
[2025-05-16T09:03:16.552+0000] {standard_task_runner.py:91} INFO - Job 44: Subtask clean_old_articles
[2025-05-16T09:03:16.617+0000] {task_command.py:426} INFO - Running <TaskInstance: vietnamnet_crawler_24h.clean_old_articles manual__2025-05-16T09:03:13.247588+00:00 [running]> on host 3e0aeda9ad24
[2025-05-16T09:03:16.743+0000] {taskinstance.py:2648} INFO - Exporting env vars: AIRFLOW_CTX_DAG_OWNER='***' AIRFLOW_CTX_DAG_ID='vietnamnet_crawler_24h' AIRFLOW_CTX_TASK_ID='clean_old_articles' AIRFLOW_CTX_EXECUTION_DATE='2025-05-16T09:03:13.247588+00:00' AIRFLOW_CTX_TRY_NUMBER='1' AIRFLOW_CTX_DAG_RUN_ID='manual__2025-05-16T09:03:13.247588+00:00'
[2025-05-16T09:03:16.746+0000] {taskinstance.py:430} INFO - ::endgroup::
[2025-05-16T09:03:17.008+0000] {database_cleaner.py:33} INFO - Đã kết nối MongoDB: News
[2025-05-16T09:03:17.009+0000] {database_cleaner.py:102} INFO - Xóa các bài viết trước: 2025-04-15T16:03:17.009403+07:00
[2025-05-16T09:03:18.701+0000] {database_cleaner.py:125} INFO - Collection 'cong-nghe': 0 bài bị xóa
[2025-05-16T09:03:19.075+0000] {database_cleaner.py:125} INFO - Collection 'the-gioi': 0 bài bị xóa
[2025-05-16T09:03:19.752+0000] {database_cleaner.py:125} INFO - Collection 'chinh-tri': 1 bài bị xóa
[2025-05-16T09:03:19.987+0000] {database_cleaner.py:125} INFO - Collection 'phap-luat': 0 bài bị xóa
[2025-05-16T09:03:20.255+0000] {database_cleaner.py:125} INFO - Collection 'doi-song': 0 bài bị xóa
[2025-05-16T09:03:20.621+0000] {database_cleaner.py:125} INFO - Collection 'giao-duc': 0 bài bị xóa
[2025-05-16T09:03:20.694+0000] {database_cleaner.py:42} INFO - Đã đóng kết nối MongoDB
[2025-05-16T09:03:20.697+0000] {database_cleaner.py:142} INFO - Đã xóa tổng cộng 1 bài, còn lại 1943
[2025-05-16T09:03:20.698+0000] {python.py:237} INFO - Done. Returned value was: {'cong-nghe': {'total': 185, 'deleted': 0, 'remaining': 185}, 'the-gioi': {'total': 413, 'deleted': 0, 'remaining': 413}, 'chinh-tri': {'total': 525, 'deleted': 1, 'remaining': 524}, 'phap-luat': {'total': 223, 'deleted': 0, 'remaining': 223}, 'doi-song': {'total': 289, 'deleted': 0, 'remaining': 289}, 'giao-duc': {'total': 309, 'deleted': 0, 'remaining': 309}}
[2025-05-16T09:03:20.699+0000] {taskinstance.py:441} INFO - ::group::Post task execution logs
[2025-05-16T09:03:20.736+0000] {taskinstance.py:1206} INFO - Marking task as SUCCESS. dag_id=vietnamnet_crawler_24h, task_id=clean_old_articles, run_id=manual__2025-05-16T09:03:13.247588+00:00, execution_date=20250516T090313, start_date=20250516T090316, end_date=20250516T090320
[2025-05-16T09:03:20.778+0000] {local_task_job_runner.py:240} INFO - Task exited with return code 0
[2025-05-16T09:03:20.827+0000] {taskinstance.py:3503} INFO - 1 downstream tasks scheduled from follow-on schedule check
[2025-05-16T09:03:20.832+0000] {local_task_job_runner.py:222} INFO - ::endgroup::
