[2025-05-18T01:18:34.404+0000] {local_task_job_runner.py:120} INFO - ::group::Pre task execution logs
[2025-05-18T01:18:34.437+0000] {taskinstance.py:2076} INFO - Dependencies all met for dep_context=non-requeueable deps ti=<TaskInstance: vietnamnet_crawler_24h.crawl_phap-luat manual__2025-05-18T01:17:35.027615+00:00 [queued]>
[2025-05-18T01:18:34.451+0000] {taskinstance.py:2076} INFO - Dependencies all met for dep_context=requeueable deps ti=<TaskInstance: vietnamnet_crawler_24h.crawl_phap-luat manual__2025-05-18T01:17:35.027615+00:00 [queued]>
[2025-05-18T01:18:34.452+0000] {taskinstance.py:2306} INFO - Starting attempt 1 of 2
[2025-05-18T01:18:34.470+0000] {taskinstance.py:2330} INFO - Executing <Task(PythonOperator): crawl_phap-luat> on 2025-05-18 01:17:35.027615+00:00
[2025-05-18T01:18:34.479+0000] {warnings.py:112} WARNING - /home/***/.local/lib/python3.12/site-packages/***/task/task_runner/standard_task_runner.py:61: DeprecationWarning: This process (pid=1684) is multi-threaded, use of fork() may lead to deadlocks in the child.
  pid = os.fork()

[2025-05-18T01:18:34.482+0000] {standard_task_runner.py:63} INFO - Started process 1685 to run task
[2025-05-18T01:18:34.481+0000] {standard_task_runner.py:90} INFO - Running: ['***', 'tasks', 'run', 'vietnamnet_crawler_24h', 'crawl_phap-luat', 'manual__2025-05-18T01:17:35.027615+00:00', '--job-id', '15', '--raw', '--subdir', 'DAGS_FOLDER/dags.py', '--cfg-path', '/tmp/tmptv87khic']
[2025-05-18T01:18:34.485+0000] {standard_task_runner.py:91} INFO - Job 15: Subtask crawl_phap-luat
[2025-05-18T01:18:34.544+0000] {task_command.py:426} INFO - Running <TaskInstance: vietnamnet_crawler_24h.crawl_phap-luat manual__2025-05-18T01:17:35.027615+00:00 [running]> on host fa0f5fb7e7ff
[2025-05-18T01:18:34.651+0000] {taskinstance.py:2648} INFO - Exporting env vars: AIRFLOW_CTX_DAG_OWNER='***' AIRFLOW_CTX_DAG_ID='vietnamnet_crawler_24h' AIRFLOW_CTX_TASK_ID='crawl_phap-luat' AIRFLOW_CTX_EXECUTION_DATE='2025-05-18T01:17:35.027615+00:00' AIRFLOW_CTX_TRY_NUMBER='1' AIRFLOW_CTX_DAG_RUN_ID='manual__2025-05-18T01:17:35.027615+00:00'
[2025-05-18T01:18:34.653+0000] {taskinstance.py:430} INFO - ::endgroup::
[2025-05-18T01:18:34.942+0000] {crawler.py:55} INFO - Đã kết nối thành công với MongoDB: News
[2025-05-18T01:18:35.971+0000] {logging_mixin.py:188} INFO - [INIT].... → Crawl4AI 0.6.3
[2025-05-18T01:18:40.563+0000] {logging_mixin.py:188} INFO - [FETCH]... ↓ https://vietnamnet.vn/tin-tuc-24h?bydaterang=&cate=000008          
| ✓ | ⏱: 4.51s
[2025-05-18T01:18:40.844+0000] {logging_mixin.py:188} INFO - [SCRAPE].. ◆ https://vietnamnet.vn/tin-tuc-24h?bydaterang=&cate=000008          
| ✓ | ⏱: 0.28s
[2025-05-18T01:18:40.848+0000] {logging_mixin.py:188} INFO - [COMPLETE] ● https://vietnamnet.vn/tin-tuc-24h?bydaterang=&cate=000008          
| ✓ | ⏱: 4.80s
[2025-05-18T01:18:40.979+0000] {crawler.py:85} INFO - Tìm thấy 25 link bài viết cho danh mục phap-luat
[2025-05-18T01:18:42.512+0000] {crawler.py:110} INFO - Đã lọc: 25 URLs ban đầu -> 0 URLs sau xử lý live
[2025-05-18T01:18:42.512+0000] {crawler.py:252} INFO - Không có bài viết mới nào trong danh mục phap-luat cần crawl.
[2025-05-18T01:18:42.582+0000] {crawler.py:294} INFO - Không có bài viết để lưu vào collection 'phap-luat'
[2025-05-18T01:18:42.647+0000] {python.py:237} INFO - Done. Returned value was: None
[2025-05-18T01:18:42.648+0000] {taskinstance.py:441} INFO - ::group::Post task execution logs
[2025-05-18T01:18:42.659+0000] {taskinstance.py:1206} INFO - Marking task as SUCCESS. dag_id=vietnamnet_crawler_24h, task_id=crawl_phap-luat, run_id=manual__2025-05-18T01:17:35.027615+00:00, execution_date=20250518T011735, start_date=20250518T011834, end_date=20250518T011842
[2025-05-18T01:18:42.750+0000] {local_task_job_runner.py:240} INFO - Task exited with return code 0
[2025-05-18T01:18:42.758+0000] {local_task_job_runner.py:222} INFO - ::endgroup::
