[2025-05-16T13:35:45.252+0000] {local_task_job_runner.py:120} INFO - ::group::Pre task execution logs
[2025-05-16T13:35:45.274+0000] {taskinstance.py:2076} INFO - Dependencies all met for dep_context=non-requeueable deps ti=<TaskInstance: vietnamnet_crawler_24h.crawl_the-gioi scheduled__2025-05-16T13:00:00+00:00 [queued]>
[2025-05-16T13:35:45.282+0000] {taskinstance.py:2076} INFO - Dependencies all met for dep_context=requeueable deps ti=<TaskInstance: vietnamnet_crawler_24h.crawl_the-gioi scheduled__2025-05-16T13:00:00+00:00 [queued]>
[2025-05-16T13:35:45.283+0000] {taskinstance.py:2306} INFO - Starting attempt 1 of 2
[2025-05-16T13:35:45.297+0000] {taskinstance.py:2330} INFO - Executing <Task(PythonOperator): crawl_the-gioi> on 2025-05-16 13:00:00+00:00
[2025-05-16T13:35:45.303+0000] {warnings.py:112} WARNING - /home/***/.local/lib/python3.12/site-packages/***/task/task_runner/standard_task_runner.py:61: DeprecationWarning: This process (pid=11061) is multi-threaded, use of fork() may lead to deadlocks in the child.
  pid = os.fork()

[2025-05-16T13:35:45.305+0000] {standard_task_runner.py:63} INFO - Started process 11064 to run task
[2025-05-16T13:35:45.305+0000] {standard_task_runner.py:90} INFO - Running: ['***', 'tasks', 'run', 'vietnamnet_crawler_24h', 'crawl_the-gioi', 'scheduled__2025-05-16T13:00:00+00:00', '--job-id', '44', '--raw', '--subdir', 'DAGS_FOLDER/dags.py', '--cfg-path', '/tmp/tmpztwwt_cr']
[2025-05-16T13:35:45.307+0000] {standard_task_runner.py:91} INFO - Job 44: Subtask crawl_the-gioi
[2025-05-16T13:35:45.350+0000] {task_command.py:426} INFO - Running <TaskInstance: vietnamnet_crawler_24h.crawl_the-gioi scheduled__2025-05-16T13:00:00+00:00 [running]> on host 60d771d880eb
[2025-05-16T13:35:45.438+0000] {taskinstance.py:2648} INFO - Exporting env vars: AIRFLOW_CTX_DAG_OWNER='***' AIRFLOW_CTX_DAG_ID='vietnamnet_crawler_24h' AIRFLOW_CTX_TASK_ID='crawl_the-gioi' AIRFLOW_CTX_EXECUTION_DATE='2025-05-16T13:00:00+00:00' AIRFLOW_CTX_TRY_NUMBER='1' AIRFLOW_CTX_DAG_RUN_ID='scheduled__2025-05-16T13:00:00+00:00'
[2025-05-16T13:35:45.439+0000] {taskinstance.py:430} INFO - ::endgroup::
[2025-05-16T13:35:45.636+0000] {crawler.py:54} INFO - Đã kết nối thành công với MongoDB: News
[2025-05-16T13:35:46.351+0000] {logging_mixin.py:188} INFO - [INIT].... → Crawl4AI 0.6.2
[2025-05-16T13:35:49.967+0000] {logging_mixin.py:188} INFO - [FETCH]... ↓ https://vietnamnet.vn/tin-tuc-24h?bydaterang=&cate=000005                                            | 
[2025-05-16T13:35:49.968+0000] {logging_mixin.py:188} INFO - ✓
[2025-05-16T13:35:49.969+0000] {logging_mixin.py:188} INFO -  | ⏱: 3.55s
[2025-05-16T13:35:50.265+0000] {logging_mixin.py:188} INFO - [SCRAPE].. ◆ https://vietnamnet.vn/tin-tuc-24h?bydaterang=&cate=000005                                            | 
[2025-05-16T13:35:50.266+0000] {logging_mixin.py:188} INFO - ✓
[2025-05-16T13:35:50.267+0000] {logging_mixin.py:188} INFO -  | ⏱: 0.29s
[2025-05-16T13:35:50.268+0000] {logging_mixin.py:188} INFO - [COMPLETE] ● https://vietnamnet.vn/tin-tuc-24h?bydaterang=&cate=000005                                            | 
[2025-05-16T13:35:50.269+0000] {logging_mixin.py:188} INFO - ✓
[2025-05-16T13:35:50.270+0000] {logging_mixin.py:188} INFO -  | ⏱: 3.85s
[2025-05-16T13:35:50.739+0000] {crawler.py:84} INFO - Tìm thấy 25 link bài viết cho danh mục the-gioi
[2025-05-16T13:35:51.387+0000] {crawler.py:108} INFO - Đã lọc: 25 URLs ban đầu -> 0 URLs mới
[2025-05-16T13:35:51.388+0000] {crawler.py:229} INFO - Không có bài viết mới nào trong danh mục the-gioi cần crawl.
[2025-05-16T13:35:51.388+0000] {crawler.py:269} INFO - Không có bài viết để lưu vào collection 'the-gioi'
[2025-05-16T13:35:51.453+0000] {python.py:237} INFO - Done. Returned value was: None
[2025-05-16T13:35:51.454+0000] {taskinstance.py:441} INFO - ::group::Post task execution logs
[2025-05-16T13:35:51.465+0000] {taskinstance.py:1206} INFO - Marking task as SUCCESS. dag_id=vietnamnet_crawler_24h, task_id=crawl_the-gioi, run_id=scheduled__2025-05-16T13:00:00+00:00, execution_date=20250516T130000, start_date=20250516T133545, end_date=20250516T133551
[2025-05-16T13:35:51.507+0000] {local_task_job_runner.py:240} INFO - Task exited with return code 0
[2025-05-16T13:35:51.534+0000] {taskinstance.py:3503} INFO - 1 downstream tasks scheduled from follow-on schedule check
[2025-05-16T13:35:51.537+0000] {local_task_job_runner.py:222} INFO - ::endgroup::
