[2025-05-16T12:20:26.400+0000] {local_task_job_runner.py:120} INFO - ::group::Pre task execution logs
[2025-05-16T12:20:26.422+0000] {taskinstance.py:2076} INFO - Dependencies all met for dep_context=non-requeueable deps ti=<TaskInstance: vietnamnet_crawler_24h.crawl_chinh-tri scheduled__2025-05-16T11:30:00+00:00 [queued]>
[2025-05-16T12:20:26.433+0000] {taskinstance.py:2076} INFO - Dependencies all met for dep_context=requeueable deps ti=<TaskInstance: vietnamnet_crawler_24h.crawl_chinh-tri scheduled__2025-05-16T11:30:00+00:00 [queued]>
[2025-05-16T12:20:26.434+0000] {taskinstance.py:2306} INFO - Starting attempt 1 of 2
[2025-05-16T12:20:26.446+0000] {taskinstance.py:2330} INFO - Executing <Task(PythonOperator): crawl_chinh-tri> on 2025-05-16 11:30:00+00:00
[2025-05-16T12:20:26.451+0000] {warnings.py:112} WARNING - /home/***/.local/lib/python3.12/site-packages/***/task/task_runner/standard_task_runner.py:61: DeprecationWarning: This process (pid=153) is multi-threaded, use of fork() may lead to deadlocks in the child.
  pid = os.fork()

[2025-05-16T12:20:26.452+0000] {standard_task_runner.py:63} INFO - Started process 154 to run task
[2025-05-16T12:20:26.453+0000] {standard_task_runner.py:90} INFO - Running: ['***', 'tasks', 'run', 'vietnamnet_crawler_24h', 'crawl_chinh-tri', 'scheduled__2025-05-16T11:30:00+00:00', '--job-id', '61', '--raw', '--subdir', 'DAGS_FOLDER/dags.py', '--cfg-path', '/tmp/tmp9giavfie']
[2025-05-16T12:20:26.456+0000] {standard_task_runner.py:91} INFO - Job 61: Subtask crawl_chinh-tri
[2025-05-16T12:20:26.492+0000] {task_command.py:426} INFO - Running <TaskInstance: vietnamnet_crawler_24h.crawl_chinh-tri scheduled__2025-05-16T11:30:00+00:00 [running]> on host 71b827885e5f
[2025-05-16T12:20:26.570+0000] {taskinstance.py:2648} INFO - Exporting env vars: AIRFLOW_CTX_DAG_OWNER='***' AIRFLOW_CTX_DAG_ID='vietnamnet_crawler_24h' AIRFLOW_CTX_TASK_ID='crawl_chinh-tri' AIRFLOW_CTX_EXECUTION_DATE='2025-05-16T11:30:00+00:00' AIRFLOW_CTX_TRY_NUMBER='1' AIRFLOW_CTX_DAG_RUN_ID='scheduled__2025-05-16T11:30:00+00:00'
[2025-05-16T12:20:26.571+0000] {taskinstance.py:430} INFO - ::endgroup::
[2025-05-16T12:20:26.725+0000] {crawler.py:54} INFO - Đã kết nối thành công với MongoDB: News
[2025-05-16T12:20:28.143+0000] {logging_mixin.py:188} INFO - [INIT].... → Crawl4AI 0.6.2
[2025-05-16T12:20:28.876+0000] {logging_mixin.py:188} INFO - [FETCH]... ↓ https://vietnamnet.vn/tin-tuc-24h?bydaterang=&cate=000001                                            | 
[2025-05-16T12:20:28.877+0000] {logging_mixin.py:188} INFO - ✓
[2025-05-16T12:20:28.877+0000] {logging_mixin.py:188} INFO -  | ⏱: 0.69s
[2025-05-16T12:20:28.883+0000] {logging_mixin.py:188} INFO - [SCRAPE].. ◆ https://vietnamnet.vn/tin-tuc-24h?bydaterang=&cate=000001                                            | 
[2025-05-16T12:20:28.884+0000] {logging_mixin.py:188} INFO - ✓
[2025-05-16T12:20:28.884+0000] {logging_mixin.py:188} INFO -  | ⏱: 0.01s
[2025-05-16T12:20:28.885+0000] {logging_mixin.py:188} INFO - [COMPLETE] ● https://vietnamnet.vn/tin-tuc-24h?bydaterang=&cate=000001                                            | 
[2025-05-16T12:20:28.885+0000] {logging_mixin.py:188} INFO - ✓
[2025-05-16T12:20:28.886+0000] {logging_mixin.py:188} INFO -  | ⏱: 0.70s
[2025-05-16T12:20:28.887+0000] {crawler.py:84} INFO - Tìm thấy 0 link bài viết cho danh mục chinh-tri
[2025-05-16T12:20:29.477+0000] {crawler.py:108} INFO - Đã lọc: 0 URLs ban đầu -> 0 URLs mới
[2025-05-16T12:20:29.477+0000] {crawler.py:229} INFO - Không có bài viết mới nào trong danh mục chinh-tri cần crawl.
[2025-05-16T12:20:29.478+0000] {crawler.py:269} INFO - Không có bài viết để lưu vào collection 'chinh-tri'
[2025-05-16T12:20:29.538+0000] {python.py:237} INFO - Done. Returned value was: None
[2025-05-16T12:20:29.539+0000] {taskinstance.py:441} INFO - ::group::Post task execution logs
[2025-05-16T12:20:29.546+0000] {taskinstance.py:1206} INFO - Marking task as SUCCESS. dag_id=vietnamnet_crawler_24h, task_id=crawl_chinh-tri, run_id=scheduled__2025-05-16T11:30:00+00:00, execution_date=20250516T113000, start_date=20250516T122026, end_date=20250516T122029
[2025-05-16T12:20:29.561+0000] {local_task_job_runner.py:240} INFO - Task exited with return code 0
[2025-05-16T12:20:29.580+0000] {taskinstance.py:3503} INFO - 1 downstream tasks scheduled from follow-on schedule check
[2025-05-16T12:20:29.582+0000] {local_task_job_runner.py:222} INFO - ::endgroup::
