[2025-05-03T15:15:15.054+0000] {local_task_job_runner.py:120} INFO - ::group::Pre task execution logs
[2025-05-03T15:15:15.076+0000] {taskinstance.py:2076} INFO - Dependencies all met for dep_context=non-requeueable deps ti=<TaskInstance: vietnamnet_multi_category_crawler.crawl_chinh-tri manual__2025-05-03T15:15:13.250242+00:00 [queued]>
[2025-05-03T15:15:15.083+0000] {taskinstance.py:2076} INFO - Dependencies all met for dep_context=requeueable deps ti=<TaskInstance: vietnamnet_multi_category_crawler.crawl_chinh-tri manual__2025-05-03T15:15:13.250242+00:00 [queued]>
[2025-05-03T15:15:15.084+0000] {taskinstance.py:2306} INFO - Starting attempt 1 of 2
[2025-05-03T15:15:15.095+0000] {taskinstance.py:2330} INFO - Executing <Task(PythonOperator): crawl_chinh-tri> on 2025-05-03 15:15:13.250242+00:00
[2025-05-03T15:15:15.101+0000] {warnings.py:112} WARNING - /home/***/.local/lib/python3.12/site-packages/***/task/task_runner/standard_task_runner.py:61: DeprecationWarning: This process (pid=199) is multi-threaded, use of fork() may lead to deadlocks in the child.
  pid = os.fork()

[2025-05-03T15:15:15.103+0000] {standard_task_runner.py:63} INFO - Started process 201 to run task
[2025-05-03T15:15:15.103+0000] {standard_task_runner.py:90} INFO - Running: ['***', 'tasks', 'run', 'vietnamnet_multi_category_crawler', 'crawl_chinh-tri', 'manual__2025-05-03T15:15:13.250242+00:00', '--job-id', '4', '--raw', '--subdir', 'DAGS_FOLDER/dags.py', '--cfg-path', '/tmp/tmpnnb2bg_k']
[2025-05-03T15:15:15.105+0000] {standard_task_runner.py:91} INFO - Job 4: Subtask crawl_chinh-tri
[2025-05-03T15:15:15.149+0000] {task_command.py:426} INFO - Running <TaskInstance: vietnamnet_multi_category_crawler.crawl_chinh-tri manual__2025-05-03T15:15:13.250242+00:00 [running]> on host fdbcedb99356
[2025-05-03T15:15:15.223+0000] {taskinstance.py:2648} INFO - Exporting env vars: AIRFLOW_CTX_DAG_OWNER='***' AIRFLOW_CTX_DAG_ID='vietnamnet_multi_category_crawler' AIRFLOW_CTX_TASK_ID='crawl_chinh-tri' AIRFLOW_CTX_EXECUTION_DATE='2025-05-03T15:15:13.250242+00:00' AIRFLOW_CTX_TRY_NUMBER='1' AIRFLOW_CTX_DAG_RUN_ID='manual__2025-05-03T15:15:13.250242+00:00'
[2025-05-03T15:15:15.224+0000] {taskinstance.py:430} INFO - ::endgroup::
[2025-05-03T15:15:15.859+0000] {logging_mixin.py:188} INFO - [INIT].... → Crawl4AI 0.6.2
[2025-05-03T15:15:18.226+0000] {logging_mixin.py:188} INFO - [FETCH]... ↓ https://vietnamnet.vn/chinh-tri                                                                      | 
[2025-05-03T15:15:18.227+0000] {logging_mixin.py:188} INFO - ✓
[2025-05-03T15:15:18.227+0000] {logging_mixin.py:188} INFO -  | ⏱: 2.31s
[2025-05-03T15:15:18.450+0000] {logging_mixin.py:188} INFO - [SCRAPE].. ◆ https://vietnamnet.vn/chinh-tri                                                                      | 
[2025-05-03T15:15:18.451+0000] {logging_mixin.py:188} INFO - ✓
[2025-05-03T15:15:18.451+0000] {logging_mixin.py:188} INFO -  | ⏱: 0.22s
[2025-05-03T15:15:18.452+0000] {logging_mixin.py:188} INFO - [COMPLETE] ● https://vietnamnet.vn/chinh-tri                                                                      | 
[2025-05-03T15:15:18.453+0000] {logging_mixin.py:188} INFO - ✓
[2025-05-03T15:15:18.453+0000] {logging_mixin.py:188} INFO -  | ⏱: 2.54s
[2025-05-03T15:15:18.559+0000] {logging_mixin.py:188} INFO - Tìm thấy 75 link bài viết
[2025-05-03T15:15:19.206+0000] {logging_mixin.py:188} INFO - Đang crawl 5 bài viết từ danh mục chinh-tri...
[2025-05-03T15:15:19.207+0000] {logging_mixin.py:188} INFO - --> Crawl: https://vietnamnet.vn/nhung-chuc-danh-nao-se-khong-con-sau-sap-nhap-xa-2396975.html
[2025-05-03T15:15:19.859+0000] {logging_mixin.py:188} INFO - [INIT].... → Crawl4AI 0.6.2
[2025-05-03T15:15:22.574+0000] {logging_mixin.py:188} INFO - [FETCH]... ↓ https://vietnamnet.vn/nhung-chuc-danh-nao-se-khong-con-sau-sap-nhap-xa-2396975.html                  | 
[2025-05-03T15:15:22.574+0000] {logging_mixin.py:188} INFO - ✓
[2025-05-03T15:15:22.575+0000] {logging_mixin.py:188} INFO -  | ⏱: 2.64s
[2025-05-03T15:15:22.783+0000] {logging_mixin.py:188} INFO - [SCRAPE].. ◆ https://vietnamnet.vn/nhung-chuc-danh-nao-se-khong-con-sau-sap-nhap-xa-2396975.html                  | 
[2025-05-03T15:15:22.784+0000] {logging_mixin.py:188} INFO - ✓
[2025-05-03T15:15:22.785+0000] {logging_mixin.py:188} INFO -  | ⏱: 0.21s
[2025-05-03T15:15:22.786+0000] {logging_mixin.py:188} INFO - [COMPLETE] ● https://vietnamnet.vn/nhung-chuc-danh-nao-se-khong-con-sau-sap-nhap-xa-2396975.html                  | 
[2025-05-03T15:15:22.787+0000] {logging_mixin.py:188} INFO - ✓
[2025-05-03T15:15:22.787+0000] {logging_mixin.py:188} INFO -  | ⏱: 2.85s
[2025-05-03T15:15:23.899+0000] {logging_mixin.py:188} INFO -     ✓ Những chức danh nào sẽ không còn sau sáp nhập xã?...
[2025-05-03T15:15:23.900+0000] {logging_mixin.py:188} INFO - --> Crawl: https://vietnamnet.vn/tien-cac-khoi-quan-doi-trung-quoc-lao-campuchia-tham-gia-dieu-binh-ve-nuoc-2396949.html#comment
[2025-05-03T15:15:24.518+0000] {logging_mixin.py:188} INFO - [INIT].... → Crawl4AI 0.6.2
[2025-05-03T15:15:27.284+0000] {logging_mixin.py:188} INFO - [FETCH]... ↓ https://vietnamnet.vn/tien-cac-khoi-quan-doi-tru...-tham-gia-dieu-binh-ve-nuoc-2396949.html#comment  | 
[2025-05-03T15:15:27.287+0000] {logging_mixin.py:188} INFO - ✓
[2025-05-03T15:15:27.287+0000] {logging_mixin.py:188} INFO -  | ⏱: 2.71s
[2025-05-03T15:15:27.478+0000] {logging_mixin.py:188} INFO - [SCRAPE].. ◆ https://vietnamnet.vn/tien-cac-khoi-quan-doi-tru...-tham-gia-dieu-binh-ve-nuoc-2396949.html#comment  | 
[2025-05-03T15:15:27.478+0000] {logging_mixin.py:188} INFO - ✓
[2025-05-03T15:15:27.479+0000] {logging_mixin.py:188} INFO -  | ⏱: 0.19s
[2025-05-03T15:15:27.480+0000] {logging_mixin.py:188} INFO - [COMPLETE] ● https://vietnamnet.vn/tien-cac-khoi-quan-doi-tru...-tham-gia-dieu-binh-ve-nuoc-2396949.html#comment  | 
[2025-05-03T15:15:27.481+0000] {logging_mixin.py:188} INFO - ✓
[2025-05-03T15:15:27.481+0000] {logging_mixin.py:188} INFO -  | ⏱: 2.91s
[2025-05-03T15:15:29.165+0000] {logging_mixin.py:188} INFO -     ✓ Tiễn các khối Quân đội Trung Quốc, Lào, Campuchia tham gia d...
[2025-05-03T15:15:29.165+0000] {logging_mixin.py:188} INFO - --> Crawl: https://vietnamnet.vn/nen-uu-dai-cho-cong-chuc-duoc-mua-nha-mua-dat-gan-noi-lam-viec-sau-sap-nhap-2395225.html
[2025-05-03T15:15:29.679+0000] {logging_mixin.py:188} INFO - [INIT].... → Crawl4AI 0.6.2
[2025-05-03T15:15:32.534+0000] {logging_mixin.py:188} INFO - [FETCH]... ↓ https://vietnamnet.vn/nen-uu-dai-cho-cong-chuc-d...a-dat-gan-noi-lam-viec-sau-sap-nhap-2395225.html  | 
[2025-05-03T15:15:32.535+0000] {logging_mixin.py:188} INFO - ✓
[2025-05-03T15:15:32.536+0000] {logging_mixin.py:188} INFO -  | ⏱: 2.80s
[2025-05-03T15:15:32.734+0000] {logging_mixin.py:188} INFO - [SCRAPE].. ◆ https://vietnamnet.vn/nen-uu-dai-cho-cong-chuc-d...a-dat-gan-noi-lam-viec-sau-sap-nhap-2395225.html  | 
[2025-05-03T15:15:32.734+0000] {logging_mixin.py:188} INFO - ✓
[2025-05-03T15:15:32.735+0000] {logging_mixin.py:188} INFO -  | ⏱: 0.20s
[2025-05-03T15:15:32.736+0000] {logging_mixin.py:188} INFO - [COMPLETE] ● https://vietnamnet.vn/nen-uu-dai-cho-cong-chuc-d...a-dat-gan-noi-lam-viec-sau-sap-nhap-2395225.html  | 
[2025-05-03T15:15:32.736+0000] {logging_mixin.py:188} INFO - ✓
[2025-05-03T15:15:32.737+0000] {logging_mixin.py:188} INFO -  | ⏱: 3.01s
[2025-05-03T15:15:33.125+0000] {logging_mixin.py:188} INFO -     ✓ Nên có ưu đãi cho công chức được mua nhà, đất gần nơi làm vi...
[2025-05-03T15:15:33.126+0000] {logging_mixin.py:188} INFO - --> Crawl: https://vietnamnet.vn/tong-bi-thu-to-lam-se-tham-4-nuoc-du-le-duyet-binh-chien-thang-tai-nga-2397143.html
[2025-05-03T15:15:33.709+0000] {logging_mixin.py:188} INFO - [INIT].... → Crawl4AI 0.6.2
[2025-05-03T15:15:36.594+0000] {logging_mixin.py:188} INFO - [FETCH]... ↓ https://vietnamnet.vn/tong-bi-thu-to-lam-se-tham...u-le-duyet-binh-chien-thang-tai-nga-2397143.html  | 
[2025-05-03T15:15:36.595+0000] {logging_mixin.py:188} INFO - ✓
[2025-05-03T15:15:36.595+0000] {logging_mixin.py:188} INFO -  | ⏱: 2.82s
[2025-05-03T15:15:36.806+0000] {logging_mixin.py:188} INFO - [SCRAPE].. ◆ https://vietnamnet.vn/tong-bi-thu-to-lam-se-tham...u-le-duyet-binh-chien-thang-tai-nga-2397143.html  | 
[2025-05-03T15:15:36.807+0000] {logging_mixin.py:188} INFO - ✓
[2025-05-03T15:15:36.808+0000] {logging_mixin.py:188} INFO -  | ⏱: 
[2025-05-03T15:15:36.808+0000] {logging_mixin.py:188} INFO - 0.21
[2025-05-03T15:15:36.809+0000] {logging_mixin.py:188} INFO - s
[2025-05-03T15:15:36.810+0000] {logging_mixin.py:188} INFO - [COMPLETE] ● https://vietnamnet.vn/tong-bi-thu-to-lam-se-tham...u-le-duyet-binh-chien-thang-tai-nga-2397143.html  | 
[2025-05-03T15:15:36.810+0000] {logging_mixin.py:188} INFO - ✓
[2025-05-03T15:15:36.811+0000] {logging_mixin.py:188} INFO -  | ⏱: 3.04s
[2025-05-03T15:15:37.194+0000] {logging_mixin.py:188} INFO -     ✓ Tổng Bí thư Tô Lâm sẽ thăm 4 nước, dự lễ duyệt binh Chiến th...
[2025-05-03T15:15:37.195+0000] {logging_mixin.py:188} INFO - --> Crawl: https://vietnamnet.vn/chinh-phu-de-xuat-tang-muc-phat-vi-pham-giao-thong-len-den-150-trieu-dong-2397017.html
[2025-05-03T15:15:37.736+0000] {logging_mixin.py:188} INFO - [INIT].... → Crawl4AI 0.6.2
[2025-05-03T15:15:40.552+0000] {logging_mixin.py:188} INFO - [FETCH]... ↓ https://vietnamnet.vn/chinh-phu-de-xuat-tang-muc...m-giao-thong-len-den-150-trieu-dong-2397017.html  | 
[2025-05-03T15:15:40.554+0000] {logging_mixin.py:188} INFO - ✓
[2025-05-03T15:15:40.554+0000] {logging_mixin.py:188} INFO -  | ⏱: 2.75s
[2025-05-03T15:15:40.974+0000] {logging_mixin.py:188} INFO - [SCRAPE].. ◆ https://vietnamnet.vn/chinh-phu-de-xuat-tang-muc...m-giao-thong-len-den-150-trieu-dong-2397017.html  | 
[2025-05-03T15:15:40.975+0000] {logging_mixin.py:188} INFO - ✓
[2025-05-03T15:15:40.975+0000] {logging_mixin.py:188} INFO -  | ⏱: 0.42s
[2025-05-03T15:15:40.976+0000] {logging_mixin.py:188} INFO - [COMPLETE] ● https://vietnamnet.vn/chinh-phu-de-xuat-tang-muc...m-giao-thong-len-den-150-trieu-dong-2397017.html  | 
[2025-05-03T15:15:40.977+0000] {logging_mixin.py:188} INFO - ✓
[2025-05-03T15:15:40.977+0000] {logging_mixin.py:188} INFO -  | ⏱: 3.17s
[2025-05-03T15:15:41.397+0000] {logging_mixin.py:188} INFO -     ✓ Chính phủ đề xuất tăng mức phạt vi phạm giao thông lên đến 1...
[2025-05-03T15:15:41.398+0000] {logging_mixin.py:188} INFO - ⏱️  Tổng thời gian crawl: 26.15 giây
[2025-05-03T15:15:42.530+0000] {logging_mixin.py:188} INFO - Đã lưu 5 bài viết vào collection 'chinh-tri'
[2025-05-03T15:15:42.590+0000] {python.py:237} INFO - Done. Returned value was: None
[2025-05-03T15:15:42.591+0000] {taskinstance.py:441} INFO - ::group::Post task execution logs
[2025-05-03T15:15:42.603+0000] {taskinstance.py:1206} INFO - Marking task as SUCCESS. dag_id=vietnamnet_multi_category_crawler, task_id=crawl_chinh-tri, run_id=manual__2025-05-03T15:15:13.250242+00:00, execution_date=20250503T151513, start_date=20250503T151515, end_date=20250503T151542
[2025-05-03T15:15:42.661+0000] {local_task_job_runner.py:240} INFO - Task exited with return code 0
[2025-05-03T15:15:42.684+0000] {taskinstance.py:3503} INFO - 1 downstream tasks scheduled from follow-on schedule check
[2025-05-03T15:15:42.687+0000] {local_task_job_runner.py:222} INFO - ::endgroup::
