[2025-05-17T20:56:34.963+0000] {local_task_job_runner.py:120} INFO - ::group::Pre task execution logs
[2025-05-17T20:56:34.985+0000] {taskinstance.py:2076} INFO - Dependencies all met for dep_context=non-requeueable deps ti=<TaskInstance: vietnamnet_crawler_24h.crawl_chinh-tri manual__2025-05-17T20:56:28.356431+00:00 [queued]>
[2025-05-17T20:56:34.995+0000] {taskinstance.py:2076} INFO - Dependencies all met for dep_context=requeueable deps ti=<TaskInstance: vietnamnet_crawler_24h.crawl_chinh-tri manual__2025-05-17T20:56:28.356431+00:00 [queued]>
[2025-05-17T20:56:34.996+0000] {taskinstance.py:2306} INFO - Starting attempt 1 of 2
[2025-05-17T20:56:35.010+0000] {taskinstance.py:2330} INFO - Executing <Task(PythonOperator): crawl_chinh-tri> on 2025-05-17 20:56:28.356431+00:00
[2025-05-17T20:56:35.015+0000] {warnings.py:112} WARNING - /home/***/.local/lib/python3.12/site-packages/***/task/task_runner/standard_task_runner.py:61: DeprecationWarning: This process (pid=11898) is multi-threaded, use of fork() may lead to deadlocks in the child.
  pid = os.fork()

[2025-05-17T20:56:35.016+0000] {standard_task_runner.py:63} INFO - Started process 11899 to run task
[2025-05-17T20:56:35.017+0000] {standard_task_runner.py:90} INFO - Running: ['***', 'tasks', 'run', 'vietnamnet_crawler_24h', 'crawl_chinh-tri', 'manual__2025-05-17T20:56:28.356431+00:00', '--job-id', '215', '--raw', '--subdir', 'DAGS_FOLDER/dags.py', '--cfg-path', '/tmp/tmp7v2jz8p3']
[2025-05-17T20:56:35.019+0000] {standard_task_runner.py:91} INFO - Job 215: Subtask crawl_chinh-tri
[2025-05-17T20:56:35.062+0000] {task_command.py:426} INFO - Running <TaskInstance: vietnamnet_crawler_24h.crawl_chinh-tri manual__2025-05-17T20:56:28.356431+00:00 [running]> on host 60d771d880eb
[2025-05-17T20:56:35.148+0000] {taskinstance.py:2648} INFO - Exporting env vars: AIRFLOW_CTX_DAG_OWNER='***' AIRFLOW_CTX_DAG_ID='vietnamnet_crawler_24h' AIRFLOW_CTX_TASK_ID='crawl_chinh-tri' AIRFLOW_CTX_EXECUTION_DATE='2025-05-17T20:56:28.356431+00:00' AIRFLOW_CTX_TRY_NUMBER='1' AIRFLOW_CTX_DAG_RUN_ID='manual__2025-05-17T20:56:28.356431+00:00'
[2025-05-17T20:56:35.149+0000] {taskinstance.py:430} INFO - ::endgroup::
[2025-05-17T20:56:35.316+0000] {crawler.py:55} INFO - Đã kết nối thành công với MongoDB: News
[2025-05-17T20:56:35.962+0000] {logging_mixin.py:188} INFO - [INIT].... → Crawl4AI 0.6.2
[2025-05-17T20:56:38.862+0000] {logging_mixin.py:188} INFO - [FETCH]... ↓ https://vietnamnet.vn/tin-tuc-24h?bydaterang=&cate=000001                                            | 
[2025-05-17T20:56:38.863+0000] {logging_mixin.py:188} INFO - ✓
[2025-05-17T20:56:38.864+0000] {logging_mixin.py:188} INFO -  | ⏱: 2.82s
[2025-05-17T20:56:39.076+0000] {logging_mixin.py:188} INFO - [SCRAPE].. ◆ https://vietnamnet.vn/tin-tuc-24h?bydaterang=&cate=000001                                            | 
[2025-05-17T20:56:39.077+0000] {logging_mixin.py:188} INFO - ✓
[2025-05-17T20:56:39.077+0000] {logging_mixin.py:188} INFO -  | ⏱: 0.21s
[2025-05-17T20:56:39.079+0000] {logging_mixin.py:188} INFO - [COMPLETE] ● https://vietnamnet.vn/tin-tuc-24h?bydaterang=&cate=000001                                            | 
[2025-05-17T20:56:39.079+0000] {logging_mixin.py:188} INFO - ✓
[2025-05-17T20:56:39.080+0000] {logging_mixin.py:188} INFO -  | ⏱: 3.04s
[2025-05-17T20:56:39.363+0000] {crawler.py:85} INFO - Tìm thấy 25 link bài viết cho danh mục chinh-tri
[2025-05-17T20:56:39.959+0000] {crawler.py:110} INFO - Đã lọc: 25 URLs ban đầu -> 0 URLs sau xử lý live
[2025-05-17T20:56:39.959+0000] {crawler.py:252} INFO - Không có bài viết mới nào trong danh mục chinh-tri cần crawl.
[2025-05-17T20:56:40.026+0000] {crawler.py:294} INFO - Không có bài viết để lưu vào collection 'chinh-tri'
[2025-05-17T20:56:40.086+0000] {python.py:237} INFO - Done. Returned value was: None
[2025-05-17T20:56:40.087+0000] {taskinstance.py:441} INFO - ::group::Post task execution logs
[2025-05-17T20:56:40.097+0000] {taskinstance.py:1206} INFO - Marking task as SUCCESS. dag_id=vietnamnet_crawler_24h, task_id=crawl_chinh-tri, run_id=manual__2025-05-17T20:56:28.356431+00:00, execution_date=20250517T205628, start_date=20250517T205634, end_date=20250517T205640
[2025-05-17T20:56:40.128+0000] {local_task_job_runner.py:240} INFO - Task exited with return code 0
[2025-05-17T20:56:40.153+0000] {taskinstance.py:3503} INFO - 1 downstream tasks scheduled from follow-on schedule check
[2025-05-17T20:56:40.156+0000] {local_task_job_runner.py:222} INFO - ::endgroup::
