[2025-05-15T10:28:15.310+0000] {local_task_job_runner.py:120} INFO - ::group::Pre task execution logs
[2025-05-15T10:28:15.350+0000] {taskinstance.py:2076} INFO - Dependencies all met for dep_context=non-requeueable deps ti=<TaskInstance: vietnamnet_crawler_24h.crawl_doi-song manual__2025-05-15T10:23:48.877890+00:00 [queued]>
[2025-05-15T10:28:15.371+0000] {taskinstance.py:2076} INFO - Dependencies all met for dep_context=requeueable deps ti=<TaskInstance: vietnamnet_crawler_24h.crawl_doi-song manual__2025-05-15T10:23:48.877890+00:00 [queued]>
[2025-05-15T10:28:15.372+0000] {taskinstance.py:2306} INFO - Starting attempt 1 of 2
[2025-05-15T10:28:15.402+0000] {taskinstance.py:2330} INFO - Executing <Task(PythonOperator): crawl_doi-song> on 2025-05-15 10:23:48.877890+00:00
[2025-05-15T10:28:15.411+0000] {warnings.py:112} WARNING - /home/***/.local/lib/python3.12/site-packages/***/task/task_runner/standard_task_runner.py:61: DeprecationWarning: This process (pid=7073) is multi-threaded, use of fork() may lead to deadlocks in the child.
  pid = os.fork()

[2025-05-15T10:28:15.413+0000] {standard_task_runner.py:63} INFO - Started process 7282 to run task
[2025-05-15T10:28:15.415+0000] {standard_task_runner.py:90} INFO - Running: ['***', 'tasks', 'run', 'vietnamnet_crawler_24h', 'crawl_doi-song', 'manual__2025-05-15T10:23:48.877890+00:00', '--job-id', '33', '--raw', '--subdir', 'DAGS_FOLDER/dags.py', '--cfg-path', '/tmp/tmpdo5n52w6']
[2025-05-15T10:28:15.421+0000] {standard_task_runner.py:91} INFO - Job 33: Subtask crawl_doi-song
[2025-05-15T10:28:15.494+0000] {task_command.py:426} INFO - Running <TaskInstance: vietnamnet_crawler_24h.crawl_doi-song manual__2025-05-15T10:23:48.877890+00:00 [running]> on host 45f6bdc6b965
[2025-05-15T10:28:15.621+0000] {taskinstance.py:2648} INFO - Exporting env vars: AIRFLOW_CTX_DAG_OWNER='***' AIRFLOW_CTX_DAG_ID='vietnamnet_crawler_24h' AIRFLOW_CTX_TASK_ID='crawl_doi-song' AIRFLOW_CTX_EXECUTION_DATE='2025-05-15T10:23:48.877890+00:00' AIRFLOW_CTX_TRY_NUMBER='1' AIRFLOW_CTX_DAG_RUN_ID='manual__2025-05-15T10:23:48.877890+00:00'
[2025-05-15T10:28:15.623+0000] {taskinstance.py:430} INFO - ::endgroup::
[2025-05-15T10:28:15.990+0000] {crawler.py:54} INFO - Đã kết nối thành công với MongoDB: News
[2025-05-15T10:28:16.316+0000] {crawler.py:44} INFO - ArticleSummarizer đã được khởi tạo thành công
[2025-05-15T10:28:17.508+0000] {logging_mixin.py:188} INFO - [INIT].... → Crawl4AI 0.6.2
[2025-05-15T10:28:20.868+0000] {logging_mixin.py:188} INFO - [FETCH]... ↓ https://vietnamnet.vn/tin-tuc-24h?bydaterang=&cate=000007                                            | 
[2025-05-15T10:28:20.869+0000] {logging_mixin.py:188} INFO - ✓
[2025-05-15T10:28:20.870+0000] {logging_mixin.py:188} INFO -  | ⏱: 3.15s
[2025-05-15T10:28:21.126+0000] {logging_mixin.py:188} INFO - [SCRAPE].. ◆ https://vietnamnet.vn/tin-tuc-24h?bydaterang=&cate=000007                                            | 
[2025-05-15T10:28:21.127+0000] {logging_mixin.py:188} INFO - ✓
[2025-05-15T10:28:21.127+0000] {logging_mixin.py:188} INFO -  | ⏱: 0.25s
[2025-05-15T10:28:21.129+0000] {logging_mixin.py:188} INFO - [COMPLETE] ● https://vietnamnet.vn/tin-tuc-24h?bydaterang=&cate=000007                                            | 
[2025-05-15T10:28:21.129+0000] {logging_mixin.py:188} INFO - ✓
[2025-05-15T10:28:21.130+0000] {logging_mixin.py:188} INFO -  | ⏱: 3.41s
[2025-05-15T10:28:21.488+0000] {crawler.py:84} INFO - Tìm thấy 25 link bài viết cho danh mục doi-song
[2025-05-15T10:28:23.503+0000] {crawler.py:103} INFO - Đã lọc: 25 URLs ban đầu -> 0 URLs mới
[2025-05-15T10:28:23.507+0000] {crawler.py:222} INFO - Không có bài viết mới nào trong danh mục doi-song cần crawl.
[2025-05-15T10:28:23.509+0000] {crawler.py:257} INFO - Không có bài viết để lưu vào collection 'doi-song'
[2025-05-15T10:28:23.576+0000] {python.py:237} INFO - Done. Returned value was: None
[2025-05-15T10:28:23.577+0000] {taskinstance.py:441} INFO - ::group::Post task execution logs
[2025-05-15T10:28:23.603+0000] {taskinstance.py:1206} INFO - Marking task as SUCCESS. dag_id=vietnamnet_crawler_24h, task_id=crawl_doi-song, run_id=manual__2025-05-15T10:23:48.877890+00:00, execution_date=20250515T102348, start_date=20250515T102815, end_date=20250515T102823
[2025-05-15T10:28:23.727+0000] {local_task_job_runner.py:240} INFO - Task exited with return code 0
[2025-05-15T10:28:23.788+0000] {taskinstance.py:3503} INFO - 0 downstream tasks scheduled from follow-on schedule check
[2025-05-15T10:28:23.793+0000] {local_task_job_runner.py:222} INFO - ::endgroup::
