[2025-05-16T12:58:40.170+0000] {local_task_job_runner.py:120} INFO - ::group::Pre task execution logs
[2025-05-16T12:58:40.192+0000] {taskinstance.py:2076} INFO - Dependencies all met for dep_context=non-requeueable deps ti=<TaskInstance: vietnamnet_crawler_24h.crawl_chinh-tri manual__2025-05-16T12:58:33.034739+00:00 [queued]>
[2025-05-16T12:58:40.205+0000] {taskinstance.py:2076} INFO - Dependencies all met for dep_context=requeueable deps ti=<TaskInstance: vietnamnet_crawler_24h.crawl_chinh-tri manual__2025-05-16T12:58:33.034739+00:00 [queued]>
[2025-05-16T12:58:40.206+0000] {taskinstance.py:2306} INFO - Starting attempt 1 of 2
[2025-05-16T12:58:40.224+0000] {taskinstance.py:2330} INFO - Executing <Task(PythonOperator): crawl_chinh-tri> on 2025-05-16 12:58:33.034739+00:00
[2025-05-16T12:58:40.229+0000] {warnings.py:112} WARNING - /home/***/.local/lib/python3.12/site-packages/***/task/task_runner/standard_task_runner.py:61: DeprecationWarning: This process (pid=6755) is multi-threaded, use of fork() may lead to deadlocks in the child.
  pid = os.fork()

[2025-05-16T12:58:40.231+0000] {standard_task_runner.py:63} INFO - Started process 6756 to run task
[2025-05-16T12:58:40.232+0000] {standard_task_runner.py:90} INFO - Running: ['***', 'tasks', 'run', 'vietnamnet_crawler_24h', 'crawl_chinh-tri', 'manual__2025-05-16T12:58:33.034739+00:00', '--job-id', '25', '--raw', '--subdir', 'DAGS_FOLDER/dags.py', '--cfg-path', '/tmp/tmpbb9d1t7o']
[2025-05-16T12:58:40.234+0000] {standard_task_runner.py:91} INFO - Job 25: Subtask crawl_chinh-tri
[2025-05-16T12:58:40.276+0000] {task_command.py:426} INFO - Running <TaskInstance: vietnamnet_crawler_24h.crawl_chinh-tri manual__2025-05-16T12:58:33.034739+00:00 [running]> on host 60d771d880eb
[2025-05-16T12:58:40.367+0000] {taskinstance.py:2648} INFO - Exporting env vars: AIRFLOW_CTX_DAG_OWNER='***' AIRFLOW_CTX_DAG_ID='vietnamnet_crawler_24h' AIRFLOW_CTX_TASK_ID='crawl_chinh-tri' AIRFLOW_CTX_EXECUTION_DATE='2025-05-16T12:58:33.034739+00:00' AIRFLOW_CTX_TRY_NUMBER='1' AIRFLOW_CTX_DAG_RUN_ID='manual__2025-05-16T12:58:33.034739+00:00'
[2025-05-16T12:58:40.368+0000] {taskinstance.py:430} INFO - ::endgroup::
[2025-05-16T12:58:40.534+0000] {crawler.py:54} INFO - Đã kết nối thành công với MongoDB: News
[2025-05-16T12:58:41.122+0000] {logging_mixin.py:188} INFO - [INIT].... → Crawl4AI 0.6.2
[2025-05-16T12:58:43.353+0000] {logging_mixin.py:188} INFO - [FETCH]... ↓ https://vietnamnet.vn/tin-tuc-24h?bydaterang=&cate=000001                                            | 
[2025-05-16T12:58:43.354+0000] {logging_mixin.py:188} INFO - ✓
[2025-05-16T12:58:43.355+0000] {logging_mixin.py:188} INFO -  | ⏱: 2.18s
[2025-05-16T12:58:43.542+0000] {logging_mixin.py:188} INFO - [SCRAPE].. ◆ https://vietnamnet.vn/tin-tuc-24h?bydaterang=&cate=000001                                            | 
[2025-05-16T12:58:43.542+0000] {logging_mixin.py:188} INFO - ✓
[2025-05-16T12:58:43.543+0000] {logging_mixin.py:188} INFO -  | ⏱: 0.18s
[2025-05-16T12:58:43.545+0000] {logging_mixin.py:188} INFO - [COMPLETE] ● https://vietnamnet.vn/tin-tuc-24h?bydaterang=&cate=000001                                            | 
[2025-05-16T12:58:43.545+0000] {logging_mixin.py:188} INFO - ✓
[2025-05-16T12:58:43.546+0000] {logging_mixin.py:188} INFO -  | ⏱: 2.37s
[2025-05-16T12:58:43.817+0000] {crawler.py:84} INFO - Tìm thấy 25 link bài viết cho danh mục chinh-tri
[2025-05-16T12:58:44.528+0000] {crawler.py:108} INFO - Đã lọc: 25 URLs ban đầu -> 1 URLs mới
[2025-05-16T12:58:44.528+0000] {crawler.py:232} INFO - Đang crawl 1 bài viết mới từ danh mục chinh-tri...
[2025-05-16T12:58:44.529+0000] {crawler.py:235} INFO - --> Crawl: https://vietnamnet.vn/bac-kan-de-nghi-giu-quyen-chat-van-chanh-an-va-vien-truong-cua-dai-bieu-hdnd-2401843.html
[2025-05-16T12:58:45.101+0000] {logging_mixin.py:188} INFO - [INIT].... → Crawl4AI 0.6.2
[2025-05-16T12:58:47.959+0000] {logging_mixin.py:188} INFO - [FETCH]... ↓ https://vietnamnet.vn/bac-kan-de-nghi-giu-quyen-...an-va-vien-truong-cua-dai-bieu-hdnd-2401843.html  | 
[2025-05-16T12:58:47.960+0000] {logging_mixin.py:188} INFO - ✓
[2025-05-16T12:58:47.960+0000] {logging_mixin.py:188} INFO -  | ⏱: 2.80s
[2025-05-16T12:58:48.159+0000] {logging_mixin.py:188} INFO - [SCRAPE].. ◆ https://vietnamnet.vn/bac-kan-de-nghi-giu-quyen-...an-va-vien-truong-cua-dai-bieu-hdnd-2401843.html  | 
[2025-05-16T12:58:48.160+0000] {logging_mixin.py:188} INFO - ✓
[2025-05-16T12:58:48.161+0000] {logging_mixin.py:188} INFO -  | ⏱: 0.20s
[2025-05-16T12:58:48.162+0000] {logging_mixin.py:188} INFO - [COMPLETE] ● https://vietnamnet.vn/bac-kan-de-nghi-giu-quyen-...an-va-vien-truong-cua-dai-bieu-hdnd-2401843.html  | 
[2025-05-16T12:58:48.163+0000] {logging_mixin.py:188} INFO - ✓
[2025-05-16T12:58:48.164+0000] {logging_mixin.py:188} INFO -  | ⏱: 3.01s
[2025-05-16T12:58:48.567+0000] {crawler.py:239} INFO -     ✓ Bắc Kạn đề nghị giữ quyền chất vấn chánh án và viện trưởng c...

[2025-05-16T12:58:48.568+0000] {crawler.py:242} INFO - ⏱️  Tổng thời gian crawl: 8.03 giây
[2025-05-16T12:58:48.642+0000] {crawler.py:267} INFO - Đã lưu 1 bài viết vào collection 'chinh-tri'
[2025-05-16T12:58:48.709+0000] {python.py:237} INFO - Done. Returned value was: None
[2025-05-16T12:58:48.710+0000] {taskinstance.py:441} INFO - ::group::Post task execution logs
[2025-05-16T12:58:48.717+0000] {taskinstance.py:1206} INFO - Marking task as SUCCESS. dag_id=vietnamnet_crawler_24h, task_id=crawl_chinh-tri, run_id=manual__2025-05-16T12:58:33.034739+00:00, execution_date=20250516T125833, start_date=20250516T125840, end_date=20250516T125848
[2025-05-16T12:58:48.742+0000] {local_task_job_runner.py:240} INFO - Task exited with return code 0
[2025-05-16T12:58:48.763+0000] {taskinstance.py:3503} INFO - 1 downstream tasks scheduled from follow-on schedule check
[2025-05-16T12:58:48.766+0000] {local_task_job_runner.py:222} INFO - ::endgroup::
