[2025-05-18T07:19:43.193+0000] {local_task_job_runner.py:120} INFO - ::group::Pre task execution logs
[2025-05-18T07:19:43.228+0000] {taskinstance.py:2076} INFO - Dependencies all met for dep_context=non-requeueable deps ti=<TaskInstance: vietnamnet_crawler_24h.crawl_giao-duc manual__2025-05-18T07:04:55.090365+00:00 [queued]>
[2025-05-18T07:19:43.241+0000] {taskinstance.py:2076} INFO - Dependencies all met for dep_context=requeueable deps ti=<TaskInstance: vietnamnet_crawler_24h.crawl_giao-duc manual__2025-05-18T07:04:55.090365+00:00 [queued]>
[2025-05-18T07:19:43.241+0000] {taskinstance.py:2306} INFO - Starting attempt 1 of 2
[2025-05-18T07:19:43.263+0000] {taskinstance.py:2330} INFO - Executing <Task(PythonOperator): crawl_giao-duc> on 2025-05-18 07:04:55.090365+00:00
[2025-05-18T07:19:43.270+0000] {warnings.py:112} WARNING - /home/***/.local/lib/python3.12/site-packages/***/task/task_runner/standard_task_runner.py:61: DeprecationWarning: This process (pid=1249) is multi-threaded, use of fork() may lead to deadlocks in the child.
  pid = os.fork()

[2025-05-18T07:19:43.272+0000] {standard_task_runner.py:63} INFO - Started process 1250 to run task
[2025-05-18T07:19:43.273+0000] {standard_task_runner.py:90} INFO - Running: ['***', 'tasks', 'run', 'vietnamnet_crawler_24h', 'crawl_giao-duc', 'manual__2025-05-18T07:04:55.090365+00:00', '--job-id', '33', '--raw', '--subdir', 'DAGS_FOLDER/dags.py', '--cfg-path', '/tmp/tmp7inrpanm']
[2025-05-18T07:19:43.277+0000] {standard_task_runner.py:91} INFO - Job 33: Subtask crawl_giao-duc
[2025-05-18T07:19:43.349+0000] {task_command.py:426} INFO - Running <TaskInstance: vietnamnet_crawler_24h.crawl_giao-duc manual__2025-05-18T07:04:55.090365+00:00 [running]> on host fa0f5fb7e7ff
[2025-05-18T07:19:43.467+0000] {taskinstance.py:2648} INFO - Exporting env vars: AIRFLOW_CTX_DAG_OWNER='***' AIRFLOW_CTX_DAG_ID='vietnamnet_crawler_24h' AIRFLOW_CTX_TASK_ID='crawl_giao-duc' AIRFLOW_CTX_EXECUTION_DATE='2025-05-18T07:04:55.090365+00:00' AIRFLOW_CTX_TRY_NUMBER='1' AIRFLOW_CTX_DAG_RUN_ID='manual__2025-05-18T07:04:55.090365+00:00'
[2025-05-18T07:19:43.469+0000] {taskinstance.py:430} INFO - ::endgroup::
[2025-05-18T07:19:43.853+0000] {crawler.py:55} INFO - Đã kết nối thành công với MongoDB: News
[2025-05-18T07:19:45.583+0000] {logging_mixin.py:188} INFO - [INIT].... → Crawl4AI 0.6.3
[2025-05-18T07:19:53.049+0000] {logging_mixin.py:188} INFO - [FETCH]... ↓ https://vietnamnet.vn/tin-tuc-24h?bydaterang=&cate=000006          
| ✓ | ⏱: 7.34s
[2025-05-18T07:19:53.540+0000] {logging_mixin.py:188} INFO - [SCRAPE].. ◆ https://vietnamnet.vn/tin-tuc-24h?bydaterang=&cate=000006          
| ✓ | ⏱: 0.49s
[2025-05-18T07:19:53.544+0000] {logging_mixin.py:188} INFO - [COMPLETE] ● https://vietnamnet.vn/tin-tuc-24h?bydaterang=&cate=000006          
| ✓ | ⏱: 7.84s
[2025-05-18T07:19:54.515+0000] {crawler.py:85} INFO - Tìm thấy 25 link bài viết cho danh mục giao-duc
[2025-05-18T07:19:55.205+0000] {crawler.py:110} INFO - Đã lọc: 25 URLs ban đầu -> 25 URLs sau xử lý live
[2025-05-18T07:19:55.206+0000] {crawler.py:255} INFO - Đang crawl 25 bài viết mới từ danh mục giao-duc...
[2025-05-18T07:19:55.207+0000] {crawler.py:258} INFO - --> Crawl: https://vietnamnet.vn/chu-tich-ho-chi-minh-da-lam-nhung-nghe-gi-trong-hanh-trinh-tim-duong-cuu-nuoc-2401852.html
[2025-05-18T07:19:56.043+0000] {logging_mixin.py:188} INFO - [INIT].... → Crawl4AI 0.6.3
[2025-05-18T07:20:03.144+0000] {logging_mixin.py:188} INFO - [FETCH]... ↓ 
https://vietnamnet.vn/chu-tich-ho-chi-minh-da-la...trong-hanh-trinh-tim-duong-cu
u-nuoc-2401852.html  | ✓ | ⏱: 6.99s
[2025-05-18T07:20:03.767+0000] {logging_mixin.py:188} INFO - [SCRAPE].. ◆ 
https://vietnamnet.vn/chu-tich-ho-chi-minh-da-la...trong-hanh-trinh-tim-duong-cu
u-nuoc-2401852.html  | ✓ | ⏱: 0.62s
[2025-05-18T07:20:03.771+0000] {logging_mixin.py:188} INFO - [COMPLETE] ● 
https://vietnamnet.vn/chu-tich-ho-chi-minh-da-la...trong-hanh-trinh-tim-duong-cu
u-nuoc-2401852.html  | ✓ | ⏱: 7.62s
[2025-05-18T07:20:04.394+0000] {crawler.py:262} INFO -     ✓ Chủ tịch Hồ Chí Minh đã làm những nghề gì trong hành trình t...

[2025-05-18T07:20:04.395+0000] {crawler.py:258} INFO - --> Crawl: https://vietnamnet.vn/cuoc-thi-viet-thu-upu-nhan-1-5-trieu-bai-thi-nu-sinh-da-nang-gianh-giai-nhat-2401594.html
[2025-05-18T07:20:05.482+0000] {logging_mixin.py:188} INFO - [INIT].... → Crawl4AI 0.6.3
[2025-05-18T07:20:13.181+0000] {logging_mixin.py:188} INFO - [FETCH]... ↓ 
https://vietnamnet.vn/cuoc-thi-viet-thu-upu-nhan...thi-nu-sinh-da-nang-gianh-gia
i-nhat-2401594.html  | ✓ | ⏱: 7.58s
[2025-05-18T07:20:13.831+0000] {logging_mixin.py:188} INFO - [SCRAPE].. ◆ 
https://vietnamnet.vn/cuoc-thi-viet-thu-upu-nhan...thi-nu-sinh-da-nang-gianh-gia
i-nhat-2401594.html  | ✓ | ⏱: 0.65s
[2025-05-18T07:20:13.835+0000] {logging_mixin.py:188} INFO - [COMPLETE] ● 
https://vietnamnet.vn/cuoc-thi-viet-thu-upu-nhan...thi-nu-sinh-da-nang-gianh-gia
i-nhat-2401594.html  | ✓ | ⏱: 8.24s
[2025-05-18T07:20:14.512+0000] {crawler.py:262} INFO -     ✓ Cuộc thi viết thư UPU nhận 1,5 triệu bài thi, nữ sinh Đà Nẵn...

[2025-05-18T07:20:14.513+0000] {crawler.py:258} INFO - --> Crawl: https://vietnamnet.vn/chia-se-cay-dang-cua-nu-sinh-vien-o-ha-noi-bi-lua-lien-hoan-mat-gan-1-ty-dong-2402106.html
[2025-05-18T07:20:15.696+0000] {logging_mixin.py:188} INFO - [INIT].... → Crawl4AI 0.6.3
[2025-05-18T07:20:21.817+0000] {logging_mixin.py:188} INFO - [FETCH]... ↓ 
https://vietnamnet.vn/chia-se-cay-dang-cua-nu-si...-bi-lua-lien-hoan-mat-gan-1-t
y-dong-2402106.html  | ✓ | ⏱: 5.95s
[2025-05-18T07:20:22.305+0000] {logging_mixin.py:188} INFO - [SCRAPE].. ◆ 
https://vietnamnet.vn/chia-se-cay-dang-cua-nu-si...-bi-lua-lien-hoan-mat-gan-1-t
y-dong-2402106.html  | ✓ | ⏱: 0.48s
[2025-05-18T07:20:22.310+0000] {logging_mixin.py:188} INFO - [COMPLETE] ● 
https://vietnamnet.vn/chia-se-cay-dang-cua-nu-si...-bi-lua-lien-hoan-mat-gan-1-t
y-dong-2402106.html  | ✓ | ⏱: 6.44s
[2025-05-18T07:20:23.115+0000] {crawler.py:262} INFO -     ✓ Chia sẻ cay đắng của nữ sinh viên ở Hà Nội bị lừa liên hoàn ...

[2025-05-18T07:20:23.116+0000] {crawler.py:258} INFO - --> Crawl: https://vietnamnet.vn/quoc-gia-nao-co-toan-trieu-phu-2401576.html
[2025-05-18T07:20:24.199+0000] {logging_mixin.py:188} INFO - [INIT].... → Crawl4AI 0.6.3
[2025-05-18T07:20:29.676+0000] {logging_mixin.py:188} INFO - [FETCH]... ↓ https://vietnamnet.vn/quoc-gia-nao-co-toan-trieu-phu-2401576.html  
| ✓ | ⏱: 5.35s
[2025-05-18T07:20:30.060+0000] {logging_mixin.py:188} INFO - [SCRAPE].. ◆ https://vietnamnet.vn/quoc-gia-nao-co-toan-trieu-phu-2401576.html  
| ✓ | ⏱: 0.38s
[2025-05-18T07:20:30.063+0000] {logging_mixin.py:188} INFO - [COMPLETE] ● https://vietnamnet.vn/quoc-gia-nao-co-toan-trieu-phu-2401576.html  
| ✓ | ⏱: 5.74s
[2025-05-18T07:20:31.116+0000] {crawler.py:262} INFO -     ✓ Quốc gia nào có toàn triệu phú?...

[2025-05-18T07:20:31.117+0000] {crawler.py:258} INFO - --> Crawl: https://vietnamnet.vn/de-thi-thu-lop-10-mon-tieng-anh-ha-noi-nam-2025-tham-khao-2402175.html
[2025-05-18T07:20:32.180+0000] {logging_mixin.py:188} INFO - [INIT].... → Crawl4AI 0.6.3
[2025-05-18T07:20:38.836+0000] {logging_mixin.py:188} INFO - [FETCH]... ↓ 
https://vietnamnet.vn/de-thi-thu-lop-10-mon-tieng-anh-ha-noi-nam-2025-tham-khao-
2402175.html         | ✓ | ⏱: 6.53s
[2025-05-18T07:20:39.356+0000] {logging_mixin.py:188} INFO - [SCRAPE].. ◆ 
https://vietnamnet.vn/de-thi-thu-lop-10-mon-tieng-anh-ha-noi-nam-2025-tham-khao-
2402175.html         | ✓ | ⏱: 0.52s
[2025-05-18T07:20:39.359+0000] {logging_mixin.py:188} INFO - [COMPLETE] ● 
https://vietnamnet.vn/de-thi-thu-lop-10-mon-tieng-anh-ha-noi-nam-2025-tham-khao-
2402175.html         | ✓ | ⏱: 7.05s
[2025-05-18T07:20:39.929+0000] {crawler.py:262} INFO -     ✓ Đề thi thử lớp 10 môn Tiếng Anh của huyện Thanh Trì, Hà Nội ...

[2025-05-18T07:20:39.930+0000] {crawler.py:258} INFO - --> Crawl: https://vietnamnet.vn/nam-sinh-bi-danh-hoi-dong-ngay-tai-truong-den-muc-gay-xuong-suon-2402097.html
[2025-05-18T07:20:40.938+0000] {logging_mixin.py:188} INFO - [INIT].... → Crawl4AI 0.6.3
[2025-05-18T07:20:46.848+0000] {logging_mixin.py:188} INFO - [FETCH]... ↓ 
https://vietnamnet.vn/nam-sinh-bi-danh-hoi-dong-ngay-tai-truong-den-muc-gay-xuon
g-suon-2402097.html  | ✓ | ⏱: 5.71s
[2025-05-18T07:20:47.456+0000] {logging_mixin.py:188} INFO - [SCRAPE].. ◆ 
https://vietnamnet.vn/nam-sinh-bi-danh-hoi-dong-ngay-tai-truong-den-muc-gay-xuon
g-suon-2402097.html  | ✓ | ⏱: 0.60s
[2025-05-18T07:20:47.460+0000] {logging_mixin.py:188} INFO - [COMPLETE] ● 
https://vietnamnet.vn/nam-sinh-bi-danh-hoi-dong-ngay-tai-truong-den-muc-gay-xuon
g-suon-2402097.html  | ✓ | ⏱: 6.33s
[2025-05-18T07:20:48.322+0000] {crawler.py:262} INFO -     ✓ Nam sinh bị đánh hội đồng ngay tại trường đến mức gãy xương ...

[2025-05-18T07:20:48.323+0000] {crawler.py:258} INFO - --> Crawl: https://vietnamnet.vn/trung-tam-anh-ngu-co-giam-doc-bien-mat-om-hang-ty-dong-cua-phu-huynh-2401858.html
[2025-05-18T07:20:49.560+0000] {logging_mixin.py:188} INFO - [INIT].... → Crawl4AI 0.6.3
[2025-05-18T07:20:56.429+0000] {logging_mixin.py:188} INFO - [FETCH]... ↓ 
https://vietnamnet.vn/trung-tam-anh-ngu-co-giam-...n-mat-om-hang-ty-dong-cua-phu
-huynh-2401858.html  | ✓ | ⏱: 6.71s
[2025-05-18T07:20:56.943+0000] {logging_mixin.py:188} INFO - [SCRAPE].. ◆ 
https://vietnamnet.vn/trung-tam-anh-ngu-co-giam-...n-mat-om-hang-ty-dong-cua-phu
-huynh-2401858.html  | ✓ | ⏱: 0.51s
[2025-05-18T07:20:56.949+0000] {logging_mixin.py:188} INFO - [COMPLETE] ● 
https://vietnamnet.vn/trung-tam-anh-ngu-co-giam-...n-mat-om-hang-ty-dong-cua-phu
-huynh-2401858.html  | ✓ | ⏱: 7.23s
[2025-05-18T07:20:57.679+0000] {crawler.py:262} INFO -     ✓ Trung tâm Anh ngữ có giám đốc biến mất 'ôm' hàng tỷ đồng của...

[2025-05-18T07:20:57.681+0000] {crawler.py:258} INFO - --> Crawl: https://vietnamnet.vn/sau-22-nam-quy-hoach-mang-luoi-truong-hoc-ha-noi-van-thieu-truong-cong-2401301.html
[2025-05-18T07:20:58.893+0000] {logging_mixin.py:188} INFO - [INIT].... → Crawl4AI 0.6.3
[2025-05-18T07:21:04.571+0000] {logging_mixin.py:188} INFO - [FETCH]... ↓ 
https://vietnamnet.vn/sau-22-nam-quy-hoach-mang-...ng-hoc-ha-noi-van-thieu-truon
g-cong-2401301.html  | ✓ | ⏱: 5.53s
[2025-05-18T07:21:05.051+0000] {logging_mixin.py:188} INFO - [SCRAPE].. ◆ 
https://vietnamnet.vn/sau-22-nam-quy-hoach-mang-...ng-hoc-ha-noi-van-thieu-truon
g-cong-2401301.html  | ✓ | ⏱: 0.47s
[2025-05-18T07:21:05.056+0000] {logging_mixin.py:188} INFO - [COMPLETE] ● 
https://vietnamnet.vn/sau-22-nam-quy-hoach-mang-...ng-hoc-ha-noi-van-thieu-truon
g-cong-2401301.html  | ✓ | ⏱: 6.01s
[2025-05-18T07:21:06.178+0000] {crawler.py:262} INFO -     ✓ Sau 22 năm quy hoạch mạng lưới trường học, Hà Nội vẫn thiếu ...

[2025-05-18T07:21:06.179+0000] {crawler.py:258} INFO - --> Crawl: https://vietnamnet.vn/pho-truong-khoa-bi-cach-chuc-vi-gian-lan-de-nang-thanh-tich-cho-con-gai-2401466.html
[2025-05-18T07:21:07.195+0000] {logging_mixin.py:188} INFO - [INIT].... → Crawl4AI 0.6.3
[2025-05-18T07:21:12.667+0000] {logging_mixin.py:188} INFO - [FETCH]... ↓ 
https://vietnamnet.vn/pho-truong-khoa-bi-cach-ch...-lan-de-nang-thanh-tich-cho-c
on-gai-2401466.html  | ✓ | ⏱: 5.34s
[2025-05-18T07:21:13.043+0000] {logging_mixin.py:188} INFO - [SCRAPE].. ◆ 
https://vietnamnet.vn/pho-truong-khoa-bi-cach-ch...-lan-de-nang-thanh-tich-cho-c
on-gai-2401466.html  | ✓ | ⏱: 0.37s
[2025-05-18T07:21:13.045+0000] {logging_mixin.py:188} INFO - [COMPLETE] ● 
https://vietnamnet.vn/pho-truong-khoa-bi-cach-ch...-lan-de-nang-thanh-tich-cho-c
on-gai-2401466.html  | ✓ | ⏱: 5.72s
[2025-05-18T07:21:13.732+0000] {crawler.py:262} INFO -     ✓ Phó trưởng khoa đại học bị cách chức vì gian lận để nâng thà...

[2025-05-18T07:21:13.732+0000] {crawler.py:258} INFO - --> Crawl: https://vietnamnet.vn/gianh-tam-ve-du-hoc-hoc-sinh-va-phu-huynh-chua-the-tho-phao-2402284.html
[2025-05-18T07:21:14.852+0000] {logging_mixin.py:188} INFO - [INIT].... → Crawl4AI 0.6.3
[2025-05-18T07:21:20.636+0000] {logging_mixin.py:188} INFO - [FETCH]... ↓ 
https://vietnamnet.vn/gianh-tam-ve-du-hoc-hoc-sinh-va-phu-huynh-chua-the-tho-pha
o-2402284.html       | ✓ | ⏱: 5.60s
[2025-05-18T07:21:21.107+0000] {logging_mixin.py:188} INFO - [SCRAPE].. ◆ 
https://vietnamnet.vn/gianh-tam-ve-du-hoc-hoc-sinh-va-phu-huynh-chua-the-tho-pha
o-2402284.html       | ✓ | ⏱: 0.47s
[2025-05-18T07:21:21.112+0000] {logging_mixin.py:188} INFO - [COMPLETE] ● 
https://vietnamnet.vn/gianh-tam-ve-du-hoc-hoc-sinh-va-phu-huynh-chua-the-tho-pha
o-2402284.html       | ✓ | ⏱: 6.08s
[2025-05-18T07:21:23.054+0000] {crawler.py:262} INFO -     ✓ Giành tấm vé du học, học sinh và phụ huynh chưa thể 'thở phà...

[2025-05-18T07:21:23.055+0000] {crawler.py:258} INFO - --> Crawl: https://vietnamnet.vn/giam-doc-trung-tam-anh-ngu-o-tphcm-bat-ngo-bien-mat-phu-huynh-hoang-mang-2401724.html
[2025-05-18T07:21:24.202+0000] {logging_mixin.py:188} INFO - [INIT].... → Crawl4AI 0.6.3
[2025-05-18T07:21:31.372+0000] {logging_mixin.py:188} INFO - [FETCH]... ↓ 
https://vietnamnet.vn/giam-doc-trung-tam-anh-ngu...t-ngo-bien-mat-phu-huynh-hoan
g-mang-2401724.html  | ✓ | ⏱: 7.03s
[2025-05-18T07:21:31.986+0000] {logging_mixin.py:188} INFO - [SCRAPE].. ◆ 
https://vietnamnet.vn/giam-doc-trung-tam-anh-ngu...t-ngo-bien-mat-phu-huynh-hoan
g-mang-2401724.html  | ✓ | ⏱: 0.61s
[2025-05-18T07:21:31.991+0000] {logging_mixin.py:188} INFO - [COMPLETE] ● 
https://vietnamnet.vn/giam-doc-trung-tam-anh-ngu...t-ngo-bien-mat-phu-huynh-hoan
g-mang-2401724.html  | ✓ | ⏱: 7.65s
[2025-05-18T07:21:32.729+0000] {crawler.py:262} INFO -     ✓ Giám đốc trung tâm Anh ngữ ở TPHCM bất ngờ biến mất, phụ huy...

[2025-05-18T07:21:32.730+0000] {crawler.py:258} INFO - --> Crawl: https://vietnamnet.vn/nguyen-giam-doc-so-y-te-lam-chu-tich-hoi-dong-giao-su-dh-y-khoa-pham-ngoc-thach-2401677.html
[2025-05-18T07:21:34.086+0000] {logging_mixin.py:188} INFO - [INIT].... → Crawl4AI 0.6.3
[2025-05-18T07:21:40.151+0000] {logging_mixin.py:188} INFO - [FETCH]... ↓ 
https://vietnamnet.vn/nguyen-giam-doc-so-y-te-la...g-giao-su-dh-y-khoa-pham-ngoc
-thach-2401677.html  | ✓ | ⏱: 5.91s
[2025-05-18T07:21:40.706+0000] {logging_mixin.py:188} INFO - [SCRAPE].. ◆ 
https://vietnamnet.vn/nguyen-giam-doc-so-y-te-la...g-giao-su-dh-y-khoa-pham-ngoc
-thach-2401677.html  | ✓ | ⏱: 0.55s
[2025-05-18T07:21:40.709+0000] {logging_mixin.py:188} INFO - [COMPLETE] ● 
https://vietnamnet.vn/nguyen-giam-doc-so-y-te-la...g-giao-su-dh-y-khoa-pham-ngoc
-thach-2401677.html  | ✓ | ⏱: 6.47s
[2025-05-18T07:21:42.533+0000] {crawler.py:262} INFO -     ✓ Nguyên Giám đốc Sở Y tế làm Chủ tịch Hội đồng giáo sư ĐH Y k...

[2025-05-18T07:21:42.534+0000] {crawler.py:258} INFO - --> Crawl: https://vietnamnet.vn/ca-si-nghe-si-san-sang-dong-hanh-khi-hoc-sinh-hoc-2-buoi-ngay-2401114.html
[2025-05-18T07:21:44.167+0000] {logging_mixin.py:188} INFO - [INIT].... → Crawl4AI 0.6.3
[2025-05-18T07:21:50.997+0000] {logging_mixin.py:188} INFO - [FETCH]... ↓ 
https://vietnamnet.vn/ca-si-nghe-si-san-sang-dong-hanh-khi-hoc-sinh-hoc-2-buoi-n
gay-2401114.html     | ✓ | ⏱: 6.66s
[2025-05-18T07:21:51.871+0000] {logging_mixin.py:188} INFO - [SCRAPE].. ◆ 
https://vietnamnet.vn/ca-si-nghe-si-san-sang-dong-hanh-khi-hoc-sinh-hoc-2-buoi-n
gay-2401114.html     | ✓ | ⏱: 0.87s
[2025-05-18T07:21:51.875+0000] {logging_mixin.py:188} INFO - [COMPLETE] ● 
https://vietnamnet.vn/ca-si-nghe-si-san-sang-dong-hanh-khi-hoc-sinh-hoc-2-buoi-n
gay-2401114.html     | ✓ | ⏱: 7.54s
[2025-05-18T07:21:53.584+0000] {crawler.py:262} INFO -     ✓ Học 2 buổi/ngày: Ca sĩ, nghệ sĩ sẵn sàng đồng hành cùng dạy ...

[2025-05-18T07:21:53.585+0000] {crawler.py:258} INFO - --> Crawl: https://vietnamnet.vn/truong-dh-nguyen-trai-to-chuc-chuong-trinh-tri-an-cac-chung-nhan-lich-su-2402139.html
[2025-05-18T07:21:54.705+0000] {logging_mixin.py:188} INFO - [INIT].... → Crawl4AI 0.6.3
[2025-05-18T07:22:00.418+0000] {logging_mixin.py:188} INFO - [FETCH]... ↓ 
https://vietnamnet.vn/truong-dh-nguyen-trai-to-c...trinh-tri-an-cac-chung-nhan-l
ich-su-2402139.html  | ✓ | ⏱: 5.59s
[2025-05-18T07:22:00.943+0000] {logging_mixin.py:188} INFO - [SCRAPE].. ◆ 
https://vietnamnet.vn/truong-dh-nguyen-trai-to-c...trinh-tri-an-cac-chung-nhan-l
ich-su-2402139.html  | ✓ | ⏱: 0.52s
[2025-05-18T07:22:00.947+0000] {logging_mixin.py:188} INFO - [COMPLETE] ● 
https://vietnamnet.vn/truong-dh-nguyen-trai-to-c...trinh-tri-an-cac-chung-nhan-l
ich-su-2402139.html  | ✓ | ⏱: 6.12s
[2025-05-18T07:22:02.142+0000] {crawler.py:262} INFO -     ✓ Trường ĐH Nguyễn Trãi tổ chức chương trình tri ân các chứng ...

[2025-05-18T07:22:02.143+0000] {crawler.py:258} INFO - --> Crawl: https://vietnamnet.vn/bo-truong-gd-dt-day-hoc-lanh-manh-la-phai-chan-viec-ep-hoc-sinh-hoc-them-2401805.html
[2025-05-18T07:22:03.645+0000] {logging_mixin.py:188} INFO - [INIT].... → Crawl4AI 0.6.3
[2025-05-18T07:22:11.037+0000] {logging_mixin.py:188} INFO - [FETCH]... ↓ 
https://vietnamnet.vn/bo-truong-gd-dt-day-hoc-la...phai-chan-viec-ep-hoc-sinh-ho
c-them-2401805.html  | ✓ | ⏱: 7.23s
[2025-05-18T07:22:11.545+0000] {logging_mixin.py:188} INFO - [SCRAPE].. ◆ 
https://vietnamnet.vn/bo-truong-gd-dt-day-hoc-la...phai-chan-viec-ep-hoc-sinh-ho
c-them-2401805.html  | ✓ | ⏱: 0.50s
[2025-05-18T07:22:11.549+0000] {logging_mixin.py:188} INFO - [COMPLETE] ● 
https://vietnamnet.vn/bo-truong-gd-dt-day-hoc-la...phai-chan-viec-ep-hoc-sinh-ho
c-them-2401805.html  | ✓ | ⏱: 7.75s
[2025-05-18T07:22:12.566+0000] {crawler.py:262} INFO -     ✓ Bộ trưởng GD-ĐT: Dạy học lành mạnh là phải chặn việc ép học ...

[2025-05-18T07:22:12.567+0000] {crawler.py:258} INFO - --> Crawl: https://vietnamnet.vn/hon-17-000-thi-sinh-du-ky-thi-danh-gia-nang-luc-spt-de-them-cua-vao-dai-hoc-2402125.html
[2025-05-18T07:22:13.791+0000] {logging_mixin.py:188} INFO - [INIT].... → Crawl4AI 0.6.3
[2025-05-18T07:22:19.229+0000] {logging_mixin.py:188} INFO - [FETCH]... ↓ 
https://vietnamnet.vn/hon-17-000-thi-sinh-du-ky-...ang-luc-spt-de-them-cua-vao-d
ai-hoc-2402125.html  | ✓ | ⏱: 5.25s
[2025-05-18T07:22:19.585+0000] {logging_mixin.py:188} INFO - [SCRAPE].. ◆ 
https://vietnamnet.vn/hon-17-000-thi-sinh-du-ky-...ang-luc-spt-de-them-cua-vao-d
ai-hoc-2402125.html  | ✓ | ⏱: 0.35s
[2025-05-18T07:22:19.588+0000] {logging_mixin.py:188} INFO - [COMPLETE] ● 
https://vietnamnet.vn/hon-17-000-thi-sinh-du-ky-...ang-luc-spt-de-them-cua-vao-d
ai-hoc-2402125.html  | ✓ | ⏱: 5.61s
[2025-05-18T07:22:20.128+0000] {crawler.py:262} INFO -     ✓ Hơn 17.000 thí sinh dự kỳ thi Đánh giá năng lực SPT để thêm ...

[2025-05-18T07:22:20.129+0000] {crawler.py:258} INFO - --> Crawl: https://vietnamnet.vn/viet-nam-lap-thanh-tich-lich-su-tai-hoi-thi-khoa-hoc-ky-thuat-quoc-te-2025-2402024.html
[2025-05-18T07:22:21.154+0000] {logging_mixin.py:188} INFO - [INIT].... → Crawl4AI 0.6.3
[2025-05-18T07:22:26.448+0000] {logging_mixin.py:188} INFO - [FETCH]... ↓ 
https://vietnamnet.vn/viet-nam-lap-thanh-tich-li...-thi-khoa-hoc-ky-thuat-quoc-t
e-2025-2402024.html  | ✓ | ⏱: 5.16s
[2025-05-18T07:22:26.822+0000] {logging_mixin.py:188} INFO - [SCRAPE].. ◆ 
https://vietnamnet.vn/viet-nam-lap-thanh-tich-li...-thi-khoa-hoc-ky-thuat-quoc-t
e-2025-2402024.html  | ✓ | ⏱: 0.37s
[2025-05-18T07:22:26.825+0000] {logging_mixin.py:188} INFO - [COMPLETE] ● 
https://vietnamnet.vn/viet-nam-lap-thanh-tich-li...-thi-khoa-hoc-ky-thuat-quoc-t
e-2025-2402024.html  | ✓ | ⏱: 5.53s
[2025-05-18T07:22:27.692+0000] {crawler.py:262} INFO -     ✓ Việt Nam lập thành tích lịch sử tại Hội thi Khoa học kỹ thuậ...

[2025-05-18T07:22:27.693+0000] {crawler.py:258} INFO - --> Crawl: https://vietnamnet.vn/tranh-luan-hoi-dong-truong-ton-tai-o-muc-hinh-thuc-can-hoat-dong-thuc-chat-hon-2401360.html
[2025-05-18T07:22:28.956+0000] {logging_mixin.py:188} INFO - [INIT].... → Crawl4AI 0.6.3
[2025-05-18T07:22:34.364+0000] {logging_mixin.py:188} INFO - [FETCH]... ↓ 
https://vietnamnet.vn/tranh-luan-hoi-dong-truong...nh-thuc-can-hoat-dong-thuc-ch
at-hon-2401360.html  | ✓ | ⏱: 5.25s
[2025-05-18T07:22:34.717+0000] {logging_mixin.py:188} INFO - [SCRAPE].. ◆ 
https://vietnamnet.vn/tranh-luan-hoi-dong-truong...nh-thuc-can-hoat-dong-thuc-ch
at-hon-2401360.html  | ✓ | ⏱: 0.35s
[2025-05-18T07:22:34.720+0000] {logging_mixin.py:188} INFO - [COMPLETE] ● 
https://vietnamnet.vn/tranh-luan-hoi-dong-truong...nh-thuc-can-hoat-dong-thuc-ch
at-hon-2401360.html  | ✓ | ⏱: 5.60s
[2025-05-18T07:22:35.431+0000] {crawler.py:262} INFO -     ✓ Tranh luận hội đồng trường tồn tại ở mức hình thức, cần hoạt...

[2025-05-18T07:22:35.432+0000] {crawler.py:258} INFO - --> Crawl: https://vietnamnet.vn/de-thi-thu-tot-nghiep-thpt-nam-2025-mon-van-tham-khao-2401282.html
[2025-05-18T07:22:36.525+0000] {logging_mixin.py:188} INFO - [INIT].... → Crawl4AI 0.6.3
[2025-05-18T07:22:41.136+0000] {logging_mixin.py:188} INFO - [FETCH]... ↓ 
https://vietnamnet.vn/de-thi-thu-tot-nghiep-thpt-nam-2025-mon-van-tham-khao-2401
282.html             | ✓ | ⏱: 4.46s
[2025-05-18T07:22:41.507+0000] {logging_mixin.py:188} INFO - [SCRAPE].. ◆ 
https://vietnamnet.vn/de-thi-thu-tot-nghiep-thpt-nam-2025-mon-van-tham-khao-2401
282.html             | ✓ | ⏱: 0.37s
[2025-05-18T07:22:41.511+0000] {logging_mixin.py:188} INFO - [COMPLETE] ● 
https://vietnamnet.vn/de-thi-thu-tot-nghiep-thpt-nam-2025-mon-van-tham-khao-2401
282.html             | ✓ | ⏱: 4.84s
[2025-05-18T07:22:42.008+0000] {crawler.py:262} INFO -     ✓ Đề thi thử tốt nghiệp THPT môn Văn năm 2025 của Hà Nội...

[2025-05-18T07:22:42.009+0000] {crawler.py:258} INFO - --> Crawl: https://vietnamnet.vn/37-tien-si-tot-nghiep-o-nuoc-ngoai-muon-ve-viet-nam-day-hoc-2402280.html
[2025-05-18T07:22:42.969+0000] {logging_mixin.py:188} INFO - [INIT].... → Crawl4AI 0.6.3
[2025-05-18T07:22:50.885+0000] {logging_mixin.py:188} INFO - [FETCH]... ↓ 
https://vietnamnet.vn/37-tien-si-tot-nghiep-o-nuoc-ngoai-muon-ve-viet-nam-day-ho
c-2402280.html       | ✓ | ⏱: 7.74s
[2025-05-18T07:22:51.346+0000] {logging_mixin.py:188} INFO - [SCRAPE].. ◆ 
https://vietnamnet.vn/37-tien-si-tot-nghiep-o-nuoc-ngoai-muon-ve-viet-nam-day-ho
c-2402280.html       | ✓ | ⏱: 0.46s
[2025-05-18T07:22:51.350+0000] {logging_mixin.py:188} INFO - [COMPLETE] ● 
https://vietnamnet.vn/37-tien-si-tot-nghiep-o-nuoc-ngoai-muon-ve-viet-nam-day-ho
c-2402280.html       | ✓ | ⏱: 8.21s
[2025-05-18T07:22:52.059+0000] {crawler.py:262} INFO -     ✓ 37 tiến sĩ tốt nghiệp ở nước ngoài muốn về Việt Nam dạy học...

[2025-05-18T07:22:52.060+0000] {crawler.py:258} INFO - --> Crawl: https://vietnamnet.vn/du-kien-bo-quy-dinh-chia-hang-chuc-danh-nha-giao-2401647.html
[2025-05-18T07:22:53.133+0000] {logging_mixin.py:188} INFO - [INIT].... → Crawl4AI 0.6.3
[2025-05-18T07:22:59.353+0000] {logging_mixin.py:188} INFO - [FETCH]... ↓ 
https://vietnamnet.vn/du-kien-bo-quy-dinh-chia-hang-chuc-danh-nha-giao-2401647.h
tml                  | ✓ | ⏱: 6.12s
[2025-05-18T07:22:59.705+0000] {logging_mixin.py:188} INFO - [SCRAPE].. ◆ 
https://vietnamnet.vn/du-kien-bo-quy-dinh-chia-hang-chuc-danh-nha-giao-2401647.h
tml                  | ✓ | ⏱: 0.35s
[2025-05-18T07:22:59.707+0000] {logging_mixin.py:188} INFO - [COMPLETE] ● 
https://vietnamnet.vn/du-kien-bo-quy-dinh-chia-hang-chuc-danh-nha-giao-2401647.h
tml                  | ✓ | ⏱: 6.48s
[2025-05-18T07:23:00.370+0000] {crawler.py:262} INFO -     ✓ Dự kiến bỏ quy định chia hạng chức danh nhà giáo...

[2025-05-18T07:23:00.371+0000] {crawler.py:258} INFO - --> Crawl: https://vietnamnet.vn/hon-1-trieu-hoc-sinh-chon-cung-nhom-nghe-hot-nhat-o-to-cong-nghe-thong-tin-2401718.html
[2025-05-18T07:23:01.838+0000] {logging_mixin.py:188} INFO - [INIT].... → Crawl4AI 0.6.3
[2025-05-18T07:23:07.434+0000] {logging_mixin.py:188} INFO - [FETCH]... ↓ 
https://vietnamnet.vn/hon-1-trieu-hoc-sinh-chon-...e-hot-nhat-o-to-cong-nghe-tho
ng-tin-2401718.html  | ✓ | ⏱: 5.52s
[2025-05-18T07:23:08.188+0000] {logging_mixin.py:188} INFO - [SCRAPE].. ◆ 
https://vietnamnet.vn/hon-1-trieu-hoc-sinh-chon-...e-hot-nhat-o-to-cong-nghe-tho
ng-tin-2401718.html  | ✓ | ⏱: 0.75s
[2025-05-18T07:23:08.192+0000] {logging_mixin.py:188} INFO - [COMPLETE] ● 
https://vietnamnet.vn/hon-1-trieu-hoc-sinh-chon-...e-hot-nhat-o-to-cong-nghe-tho
ng-tin-2401718.html  | ✓ | ⏱: 6.27s
[2025-05-18T07:23:09.216+0000] {crawler.py:262} INFO -     ✓ Hơn 1 triệu học sinh chọn cùng nhóm nghề, hot nhất ô tô, côn...

[2025-05-18T07:23:09.217+0000] {crawler.py:258} INFO - --> Crawl: https://vietnamnet.vn/nhieu-tin-vui-lien-tiep-den-voi-giao-vien-luong-cua-nha-giao-duoc-xep-cao-nhat-2401987.html
[2025-05-18T07:23:10.631+0000] {logging_mixin.py:188} INFO - [INIT].... → Crawl4AI 0.6.3
[2025-05-18T07:23:16.375+0000] {logging_mixin.py:188} INFO - [FETCH]... ↓ 
https://vietnamnet.vn/nhieu-tin-vui-lien-tiep-de...uong-cua-nha-giao-duoc-xep-ca
o-nhat-2401987.html  | ✓ | ⏱: 5.56s
[2025-05-18T07:23:17.013+0000] {logging_mixin.py:188} INFO - [SCRAPE].. ◆ 
https://vietnamnet.vn/nhieu-tin-vui-lien-tiep-de...uong-cua-nha-giao-duoc-xep-ca
o-nhat-2401987.html  | ✓ | ⏱: 0.63s
[2025-05-18T07:23:17.017+0000] {logging_mixin.py:188} INFO - [COMPLETE] ● 
https://vietnamnet.vn/nhieu-tin-vui-lien-tiep-de...uong-cua-nha-giao-duoc-xep-ca
o-nhat-2401987.html  | ✓ | ⏱: 6.20s
[2025-05-18T07:23:17.871+0000] {crawler.py:262} INFO -     ✓ Nhiều tin vui liên tiếp đến với giáo viên, lương của nhà giá...

[2025-05-18T07:23:17.874+0000] {crawler.py:258} INFO - --> Crawl: https://vietnamnet.vn/trach-dh-hut-ca-hoc-sinh-trung-binh-bo-gd-dt-noi-truong-nghe-tu-xem-lai-minh-2401817.html
[2025-05-18T07:23:19.303+0000] {logging_mixin.py:188} INFO - [INIT].... → Crawl4AI 0.6.3
[2025-05-18T07:23:25.091+0000] {logging_mixin.py:188} INFO - [FETCH]... ↓ 
https://vietnamnet.vn/trach-dh-hut-ca-hoc-sinh-t...-dt-noi-truong-nghe-tu-xem-la
i-minh-2401817.html  | ✓ | ⏱: 5.66s
[2025-05-18T07:23:25.588+0000] {logging_mixin.py:188} INFO - [SCRAPE].. ◆ 
https://vietnamnet.vn/trach-dh-hut-ca-hoc-sinh-t...-dt-noi-truong-nghe-tu-xem-la
i-minh-2401817.html  | ✓ | ⏱: 0.49s
[2025-05-18T07:23:25.591+0000] {logging_mixin.py:188} INFO - [COMPLETE] ● 
https://vietnamnet.vn/trach-dh-hut-ca-hoc-sinh-t...-dt-noi-truong-nghe-tu-xem-la
i-minh-2401817.html  | ✓ | ⏱: 6.16s
[2025-05-18T07:23:26.230+0000] {crawler.py:262} INFO -     ✓ Trường nghề trách ĐH hút cả học sinh trung bình, Bộ GD-ĐT nó...

[2025-05-18T07:23:26.231+0000] {crawler.py:258} INFO - --> Crawl: https://vietnamnet.vn/cac-thu-khoa-thi-tuyen-sinh-lop-10-chia-se-cach-giu-binh-tinh-trong-phong-thi-2399539.html
[2025-05-18T07:23:27.604+0000] {logging_mixin.py:188} INFO - [INIT].... → Crawl4AI 0.6.3
[2025-05-18T07:23:32.353+0000] {logging_mixin.py:188} INFO - [FETCH]... ↓ 
https://vietnamnet.vn/cac-thu-khoa-thi-tuyen-sin...-cach-giu-binh-tinh-trong-pho
ng-thi-2399539.html  | ✓ | ⏱: 4.60s
[2025-05-18T07:23:32.711+0000] {logging_mixin.py:188} INFO - [SCRAPE].. ◆ 
https://vietnamnet.vn/cac-thu-khoa-thi-tuyen-sin...-cach-giu-binh-tinh-trong-pho
ng-thi-2399539.html  | ✓ | ⏱: 0.35s
[2025-05-18T07:23:32.718+0000] {logging_mixin.py:188} INFO - [COMPLETE] ● 
https://vietnamnet.vn/cac-thu-khoa-thi-tuyen-sin...-cach-giu-binh-tinh-trong-pho
ng-thi-2399539.html  | ✓ | ⏱: 4.97s
[2025-05-18T07:23:33.352+0000] {crawler.py:262} INFO -     ✓ Thủ khoa thi vào lớp 10 tiết lộ bí quyết giúp thí sinh bình ...

[2025-05-18T07:23:33.354+0000] {crawler.py:265} INFO - ⏱️  Tổng thời gian crawl: 229.50 giây
[2025-05-18T07:23:33.671+0000] {crawler.py:292} INFO - Đã lưu 25 bài viết vào collection 'giao-duc'
[2025-05-18T07:23:33.730+0000] {python.py:237} INFO - Done. Returned value was: None
[2025-05-18T07:23:33.732+0000] {taskinstance.py:441} INFO - ::group::Post task execution logs
[2025-05-18T07:23:33.746+0000] {taskinstance.py:1206} INFO - Marking task as SUCCESS. dag_id=vietnamnet_crawler_24h, task_id=crawl_giao-duc, run_id=manual__2025-05-18T07:04:55.090365+00:00, execution_date=20250518T070455, start_date=20250518T071943, end_date=20250518T072333
[2025-05-18T07:23:33.817+0000] {local_task_job_runner.py:240} INFO - Task exited with return code 0
[2025-05-18T07:23:33.852+0000] {taskinstance.py:3503} INFO - 0 downstream tasks scheduled from follow-on schedule check
[2025-05-18T07:23:33.856+0000] {local_task_job_runner.py:222} INFO - ::endgroup::
