[2025-06-22T00:37:43.591+0000] {local_task_job_runner.py:120} INFO - ::group::Pre task execution logs
[2025-06-22T00:37:43.608+0000] {taskinstance.py:2076} INFO - Dependencies all met for dep_context=non-requeueable deps ti=<TaskInstance: deepai_crawler_10min.crawl_science manual__2025-06-22T00:36:59.998113+00:00 [queued]>
[2025-06-22T00:37:43.616+0000] {taskinstance.py:2076} INFO - Dependencies all met for dep_context=requeueable deps ti=<TaskInstance: deepai_crawler_10min.crawl_science manual__2025-06-22T00:36:59.998113+00:00 [queued]>
[2025-06-22T00:37:43.617+0000] {taskinstance.py:2306} INFO - Starting attempt 1 of 3
[2025-06-22T00:37:43.631+0000] {taskinstance.py:2330} INFO - Executing <Task(PythonOperator): crawl_science> on 2025-06-22 00:36:59.998113+00:00
[2025-06-22T00:37:43.642+0000] {warnings.py:112} WARNING - /home/***/.local/lib/python3.12/site-packages/***/task/task_runner/standard_task_runner.py:61: DeprecationWarning: This process (pid=1798) is multi-threaded, use of fork() may lead to deadlocks in the child.
  pid = os.fork()

[2025-06-22T00:37:43.644+0000] {standard_task_runner.py:63} INFO - Started process 1917 to run task
[2025-06-22T00:37:43.646+0000] {standard_task_runner.py:90} INFO - Running: ['***', 'tasks', 'run', 'deepai_crawler_10min', 'crawl_science', 'manual__2025-06-22T00:36:59.998113+00:00', '--job-id', '161', '--raw', '--subdir', 'DAGS_FOLDER/dags.py', '--cfg-path', '/tmp/tmp9tqbwlwr']
[2025-06-22T00:37:43.649+0000] {standard_task_runner.py:91} INFO - Job 161: Subtask crawl_science
[2025-06-22T00:37:43.701+0000] {task_command.py:426} INFO - Running <TaskInstance: deepai_crawler_10min.crawl_science manual__2025-06-22T00:36:59.998113+00:00 [running]> on host 5471b5a2dbbe
[2025-06-22T00:37:43.802+0000] {taskinstance.py:2648} INFO - Exporting env vars: AIRFLOW_CTX_DAG_OWNER='***' AIRFLOW_CTX_DAG_ID='deepai_crawler_10min' AIRFLOW_CTX_TASK_ID='crawl_science' AIRFLOW_CTX_EXECUTION_DATE='2025-06-22T00:36:59.998113+00:00' AIRFLOW_CTX_TRY_NUMBER='1' AIRFLOW_CTX_DAG_RUN_ID='manual__2025-06-22T00:36:59.998113+00:00'
[2025-06-22T00:37:43.804+0000] {taskinstance.py:430} INFO - ::endgroup::
[2025-06-22T00:37:43.819+0000] {dags.py:169} INFO - Bắt đầu crawl category: science
[2025-06-22T00:37:44.054+0000] {crawler_deeplai.py:52} INFO - Đã kết nối thành công với MongoDB: deeplearning_ai_news
[2025-06-22T00:37:44.082+0000] {crawler_deeplai.py:466} INFO - 🚀 Đang bắt đầu quá trình crawl với Load More...
[2025-06-22T00:37:44.819+0000] {logging_mixin.py:188} INFO - [INIT].... → Crawl4AI 0.6.3
[2025-06-22T00:37:44.821+0000] {crawler_deeplai.py:180} INFO - 🌐 Đang truy cập: https://www.deeplearning.ai/the-batch/tag/science/
[2025-06-22T00:37:44.821+0000] {crawler_deeplai.py:181} INFO - ⚙️ Cấu hình: max_articles=100, min_threshold=5, max_clicks=1
[2025-06-22T00:37:48.379+0000] {logging_mixin.py:188} INFO - [FETCH]... ↓ https://www.deeplearning.ai/the-batch/tag/science/                 
| ✓ | ⏱: 3.56s
[2025-06-22T00:37:48.488+0000] {logging_mixin.py:188} INFO - [SCRAPE].. ◆ https://www.deeplearning.ai/the-batch/tag/science/                 
| ✓ | ⏱: 0.11s
[2025-06-22T00:37:48.491+0000] {logging_mixin.py:188} INFO - [COMPLETE] ● https://www.deeplearning.ai/the-batch/tag/science/                 
| ✓ | ⏱: 3.67s
[2025-06-22T00:37:48.492+0000] {crawler_deeplai.py:185} INFO - 📋 JavaScript execution result: {'success': True, 'results': [{'success': True, 'result': {}}]}
[2025-06-22T00:37:48.536+0000] {crawler_deeplai.py:205} INFO - 🎯 Tổng cộng tìm thấy 30 link bài viết unique
[2025-06-22T00:37:48.537+0000] {crawler_deeplai.py:209} INFO - 🔍 Một vài URL đầu tiên:
[2025-06-22T00:37:48.537+0000] {crawler_deeplai.py:211} INFO -   1. https://www.deeplearning.ai/the-batch/a-neural-network-shows-remarkable-accuracy-in-forecasting-risk-of-pancreatic-cancer/
[2025-06-22T00:37:48.538+0000] {crawler_deeplai.py:211} INFO -   2. https://www.deeplearning.ai/the-batch/a-roadmap-explores-how-ai-can-detect-and-mitigate-greenhouse-gases/
[2025-06-22T00:37:48.538+0000] {crawler_deeplai.py:211} INFO -   3. https://www.deeplearning.ai/the-batch/agentic-workflow-generates-novel-scientific-research-papers/
[2025-06-22T00:37:48.539+0000] {crawler_deeplai.py:211} INFO -   4. https://www.deeplearning.ai/the-batch/ai-and-data-center-boom-challenges-big-techs-emissions-targets/
[2025-06-22T00:37:48.539+0000] {crawler_deeplai.py:211} INFO -   5. https://www.deeplearning.ai/the-batch/ai-co-scientist-an-agent-that-generates-research-hypotheses-aiding-drug-discovery/
[2025-06-22T00:37:48.540+0000] {crawler_deeplai.py:215} INFO - 📊 Sẽ crawl 30 bài viết
[2025-06-22T00:37:49.117+0000] {crawler_deeplai.py:459} INFO - Đã lọc: 30 URLs ban đầu -> 0 URLs mới
[2025-06-22T00:37:49.118+0000] {crawler_deeplai.py:477} INFO - ℹ️ Không có bài viết mới nào trong danh mục science cần crawl.
[2025-06-22T00:37:49.118+0000] {crawler_deeplai.py:534} INFO - ℹ️ Không có bài viết để lưu vào collection 'science'
[2025-06-22T00:37:49.172+0000] {dags.py:174} INFO - Hoàn thành crawl category: science
[2025-06-22T00:37:49.173+0000] {python.py:237} INFO - Done. Returned value was: None
[2025-06-22T00:37:49.173+0000] {taskinstance.py:441} INFO - ::group::Post task execution logs
[2025-06-22T00:37:49.184+0000] {taskinstance.py:1206} INFO - Marking task as SUCCESS. dag_id=deepai_crawler_10min, task_id=crawl_science, run_id=manual__2025-06-22T00:36:59.998113+00:00, execution_date=20250622T003659, start_date=20250622T003743, end_date=20250622T003749
[2025-06-22T00:37:49.250+0000] {local_task_job_runner.py:240} INFO - Task exited with return code 0
[2025-06-22T00:37:49.275+0000] {taskinstance.py:3503} INFO - 1 downstream tasks scheduled from follow-on schedule check
[2025-06-22T00:37:49.278+0000] {local_task_job_runner.py:222} INFO - ::endgroup::
