[2025-05-18T10:24:30.689+0000] {local_task_job_runner.py:120} INFO - ::group::Pre task execution logs
[2025-05-18T10:24:30.737+0000] {taskinstance.py:2076} INFO - Dependencies all met for dep_context=non-requeueable deps ti=<TaskInstance: vietnamnet_crawler_24h.crawl_giao-duc scheduled__2025-05-18T09:30:00+00:00 [queued]>
[2025-05-18T10:24:30.755+0000] {taskinstance.py:2076} INFO - Dependencies all met for dep_context=requeueable deps ti=<TaskInstance: vietnamnet_crawler_24h.crawl_giao-duc scheduled__2025-05-18T09:30:00+00:00 [queued]>
[2025-05-18T10:24:30.756+0000] {taskinstance.py:2306} INFO - Starting attempt 1 of 2
[2025-05-18T10:24:30.779+0000] {taskinstance.py:2330} INFO - Executing <Task(PythonOperator): crawl_giao-duc> on 2025-05-18 09:30:00+00:00
[2025-05-18T10:24:30.792+0000] {warnings.py:112} WARNING - /home/***/.local/lib/python3.12/site-packages/***/task/task_runner/standard_task_runner.py:61: DeprecationWarning: This process (pid=7609) is multi-threaded, use of fork() may lead to deadlocks in the child.
  pid = os.fork()

[2025-05-18T10:24:30.795+0000] {standard_task_runner.py:63} INFO - Started process 7610 to run task
[2025-05-18T10:24:30.795+0000] {standard_task_runner.py:90} INFO - Running: ['***', 'tasks', 'run', 'vietnamnet_crawler_24h', 'crawl_giao-duc', 'scheduled__2025-05-18T09:30:00+00:00', '--job-id', '5', '--raw', '--subdir', 'DAGS_FOLDER/dags.py', '--cfg-path', '/tmp/tmpvktxox4c']
[2025-05-18T10:24:30.799+0000] {standard_task_runner.py:91} INFO - Job 5: Subtask crawl_giao-duc
[2025-05-18T10:24:30.869+0000] {task_command.py:426} INFO - Running <TaskInstance: vietnamnet_crawler_24h.crawl_giao-duc scheduled__2025-05-18T09:30:00+00:00 [running]> on host cc92a118fd3e
[2025-05-18T10:24:30.989+0000] {taskinstance.py:2648} INFO - Exporting env vars: AIRFLOW_CTX_DAG_OWNER='***' AIRFLOW_CTX_DAG_ID='vietnamnet_crawler_24h' AIRFLOW_CTX_TASK_ID='crawl_giao-duc' AIRFLOW_CTX_EXECUTION_DATE='2025-05-18T09:30:00+00:00' AIRFLOW_CTX_TRY_NUMBER='1' AIRFLOW_CTX_DAG_RUN_ID='scheduled__2025-05-18T09:30:00+00:00'
[2025-05-18T10:24:30.992+0000] {taskinstance.py:430} INFO - ::endgroup::
[2025-05-18T10:24:31.562+0000] {crawler.py:55} INFO - Đã kết nối thành công với MongoDB: News
[2025-05-18T10:24:33.010+0000] {logging_mixin.py:188} INFO - [INIT].... → Crawl4AI 0.6.3
[2025-05-18T10:24:38.648+0000] {logging_mixin.py:188} INFO - [FETCH]... ↓ https://vietnamnet.vn/tin-tuc-24h?bydaterang=&cate=000006          
| ✓ | ⏱: 5.42s
[2025-05-18T10:24:39.097+0000] {logging_mixin.py:188} INFO - [SCRAPE].. ◆ https://vietnamnet.vn/tin-tuc-24h?bydaterang=&cate=000006          
| ✓ | ⏱: 0.44s
[2025-05-18T10:24:39.102+0000] {logging_mixin.py:188} INFO - [COMPLETE] ● https://vietnamnet.vn/tin-tuc-24h?bydaterang=&cate=000006          
| ✓ | ⏱: 5.87s
[2025-05-18T10:24:39.649+0000] {crawler.py:85} INFO - Tìm thấy 25 link bài viết cho danh mục giao-duc
[2025-05-18T10:24:40.417+0000] {crawler.py:110} INFO - Đã lọc: 25 URLs ban đầu -> 25 URLs sau xử lý live
[2025-05-18T10:24:40.418+0000] {crawler.py:255} INFO - Đang crawl 25 bài viết mới từ danh mục giao-duc...
[2025-05-18T10:24:40.419+0000] {crawler.py:258} INFO - --> Crawl: https://vietnamnet.vn/37-tien-si-tot-nghiep-o-nuoc-ngoai-muon-ve-viet-nam-day-hoc-2402280.html
[2025-05-18T10:24:41.509+0000] {logging_mixin.py:188} INFO - [INIT].... → Crawl4AI 0.6.3
[2025-05-18T10:24:45.514+0000] {logging_mixin.py:188} INFO - [FETCH]... ↓ 
https://vietnamnet.vn/37-tien-si-tot-nghiep-o-nuoc-ngoai-muon-ve-viet-nam-day-ho
c-2402280.html       | ✓ | ⏱: 3.86s
[2025-05-18T10:24:45.802+0000] {logging_mixin.py:188} INFO - [SCRAPE].. ◆ 
https://vietnamnet.vn/37-tien-si-tot-nghiep-o-nuoc-ngoai-muon-ve-viet-nam-day-ho
c-2402280.html       | ✓ | ⏱: 0.29s
[2025-05-18T10:24:45.804+0000] {logging_mixin.py:188} INFO - [COMPLETE] ● 
https://vietnamnet.vn/37-tien-si-tot-nghiep-o-nuoc-ngoai-muon-ve-viet-nam-day-ho
c-2402280.html       | ✓ | ⏱: 4.15s
[2025-05-18T10:24:46.223+0000] {crawler.py:262} INFO -     ✓ 37 tiến sĩ tốt nghiệp ở nước ngoài muốn về Việt Nam dạy học...

[2025-05-18T10:24:46.224+0000] {crawler.py:258} INFO - --> Crawl: https://vietnamnet.vn/cac-thu-khoa-thi-tuyen-sinh-lop-10-chia-se-cach-giu-binh-tinh-trong-phong-thi-2399539.html
[2025-05-18T10:24:46.846+0000] {logging_mixin.py:188} INFO - [INIT].... → Crawl4AI 0.6.3
[2025-05-18T10:24:49.977+0000] {logging_mixin.py:188} INFO - [FETCH]... ↓ 
https://vietnamnet.vn/cac-thu-khoa-thi-tuyen-sin...-cach-giu-binh-tinh-trong-pho
ng-thi-2399539.html  | ✓ | ⏱: 3.07s
[2025-05-18T10:24:50.147+0000] {logging_mixin.py:188} INFO - [SCRAPE].. ◆ 
https://vietnamnet.vn/cac-thu-khoa-thi-tuyen-sin...-cach-giu-binh-tinh-trong-pho
ng-thi-2399539.html  | ✓ | ⏱: 0.17s
[2025-05-18T10:24:50.149+0000] {logging_mixin.py:188} INFO - [COMPLETE] ● 
https://vietnamnet.vn/cac-thu-khoa-thi-tuyen-sin...-cach-giu-binh-tinh-trong-pho
ng-thi-2399539.html  | ✓ | ⏱: 3.24s
[2025-05-18T10:24:50.562+0000] {crawler.py:262} INFO -     ✓ Thủ khoa thi vào lớp 10 tiết lộ bí quyết giúp thí sinh bình ...

[2025-05-18T10:24:50.563+0000] {crawler.py:258} INFO - --> Crawl: https://vietnamnet.vn/tranh-luan-hoi-dong-truong-ton-tai-o-muc-hinh-thuc-can-hoat-dong-thuc-chat-hon-2401360.html
[2025-05-18T10:24:51.481+0000] {logging_mixin.py:188} INFO - [INIT].... → Crawl4AI 0.6.3
[2025-05-18T10:24:54.873+0000] {logging_mixin.py:188} INFO - [FETCH]... ↓ 
https://vietnamnet.vn/tranh-luan-hoi-dong-truong...nh-thuc-can-hoat-dong-thuc-ch
at-hon-2401360.html  | ✓ | ⏱: 3.25s
[2025-05-18T10:24:55.249+0000] {logging_mixin.py:188} INFO - [SCRAPE].. ◆ 
https://vietnamnet.vn/tranh-luan-hoi-dong-truong...nh-thuc-can-hoat-dong-thuc-ch
at-hon-2401360.html  | ✓ | ⏱: 0.37s
[2025-05-18T10:24:55.252+0000] {logging_mixin.py:188} INFO - [COMPLETE] ● 
https://vietnamnet.vn/tranh-luan-hoi-dong-truong...nh-thuc-can-hoat-dong-thuc-ch
at-hon-2401360.html  | ✓ | ⏱: 3.63s
[2025-05-18T10:24:56.083+0000] {crawler.py:262} INFO -     ✓ Tranh luận hội đồng trường tồn tại ở mức hình thức, cần hoạt...

[2025-05-18T10:24:56.084+0000] {crawler.py:258} INFO - --> Crawl: https://vietnamnet.vn/giam-doc-trung-tam-anh-ngu-o-tphcm-bat-ngo-bien-mat-phu-huynh-hoang-mang-2401724.html
[2025-05-18T10:24:57.215+0000] {logging_mixin.py:188} INFO - [INIT].... → Crawl4AI 0.6.3
[2025-05-18T10:25:00.936+0000] {logging_mixin.py:188} INFO - [FETCH]... ↓ 
https://vietnamnet.vn/giam-doc-trung-tam-anh-ngu...t-ngo-bien-mat-phu-huynh-hoan
g-mang-2401724.html  | ✓ | ⏱: 3.58s
[2025-05-18T10:25:01.146+0000] {logging_mixin.py:188} INFO - [SCRAPE].. ◆ 
https://vietnamnet.vn/giam-doc-trung-tam-anh-ngu...t-ngo-bien-mat-phu-huynh-hoan
g-mang-2401724.html  | ✓ | ⏱: 0.21s
[2025-05-18T10:25:01.148+0000] {logging_mixin.py:188} INFO - [COMPLETE] ● 
https://vietnamnet.vn/giam-doc-trung-tam-anh-ngu...t-ngo-bien-mat-phu-huynh-hoan
g-mang-2401724.html  | ✓ | ⏱: 3.79s
[2025-05-18T10:25:01.543+0000] {crawler.py:262} INFO -     ✓ Giám đốc trung tâm Anh ngữ ở TPHCM bất ngờ biến mất, phụ huy...

[2025-05-18T10:25:01.544+0000] {crawler.py:258} INFO - --> Crawl: https://vietnamnet.vn/viet-nam-lap-thanh-tich-lich-su-tai-hoi-thi-khoa-hoc-ky-thuat-quoc-te-2025-2402024.html
[2025-05-18T10:25:02.126+0000] {logging_mixin.py:188} INFO - [INIT].... → Crawl4AI 0.6.3
[2025-05-18T10:25:04.679+0000] {logging_mixin.py:188} INFO - [FETCH]... ↓ 
https://vietnamnet.vn/viet-nam-lap-thanh-tich-li...-thi-khoa-hoc-ky-thuat-quoc-t
e-2025-2402024.html  | ✓ | ⏱: 2.48s
[2025-05-18T10:25:05.052+0000] {logging_mixin.py:188} INFO - [SCRAPE].. ◆ 
https://vietnamnet.vn/viet-nam-lap-thanh-tich-li...-thi-khoa-hoc-ky-thuat-quoc-t
e-2025-2402024.html  | ✓ | ⏱: 0.37s
[2025-05-18T10:25:05.054+0000] {logging_mixin.py:188} INFO - [COMPLETE] ● 
https://vietnamnet.vn/viet-nam-lap-thanh-tich-li...-thi-khoa-hoc-ky-thuat-quoc-t
e-2025-2402024.html  | ✓ | ⏱: 2.86s
[2025-05-18T10:25:05.506+0000] {crawler.py:262} INFO -     ✓ Việt Nam lập thành tích lịch sử tại Hội thi Khoa học kỹ thuậ...

[2025-05-18T10:25:05.506+0000] {crawler.py:258} INFO - --> Crawl: https://vietnamnet.vn/danh-sach-852-hoc-sinh-tieu-bieu-xuat-sac-cua-ha-noi-nam-2025-2402327.html
[2025-05-18T10:25:06.242+0000] {logging_mixin.py:188} INFO - [INIT].... → Crawl4AI 0.6.3
[2025-05-18T10:25:10.226+0000] {logging_mixin.py:188} INFO - [FETCH]... ↓ 
https://vietnamnet.vn/danh-sach-852-hoc-sinh-tieu-bieu-xuat-sac-cua-ha-noi-nam-2
025-2402327.html     | ✓ | ⏱: 3.86s
[2025-05-18T10:25:10.714+0000] {logging_mixin.py:188} INFO - [SCRAPE].. ◆ 
https://vietnamnet.vn/danh-sach-852-hoc-sinh-tieu-bieu-xuat-sac-cua-ha-noi-nam-2
025-2402327.html     | ✓ | ⏱: 0.48s
[2025-05-18T10:25:10.720+0000] {logging_mixin.py:188} INFO - [COMPLETE] ● 
https://vietnamnet.vn/danh-sach-852-hoc-sinh-tieu-bieu-xuat-sac-cua-ha-noi-nam-2
025-2402327.html     | ✓ | ⏱: 4.35s
[2025-05-18T10:25:11.538+0000] {crawler.py:262} INFO -     ✓ Danh sách 852 học sinh được tuyên dương tiêu biểu, xuất sắc ...

[2025-05-18T10:25:11.539+0000] {crawler.py:258} INFO - --> Crawl: https://vietnamnet.vn/de-thi-thu-tot-nghiep-thpt-nam-2025-mon-van-tham-khao-2401282.html
[2025-05-18T10:25:12.940+0000] {logging_mixin.py:188} INFO - [INIT].... → Crawl4AI 0.6.3
[2025-05-18T10:25:17.445+0000] {logging_mixin.py:188} INFO - [FETCH]... ↓ 
https://vietnamnet.vn/de-thi-thu-tot-nghiep-thpt-nam-2025-mon-van-tham-khao-2401
282.html             | ✓ | ⏱: 4.35s
[2025-05-18T10:25:17.646+0000] {logging_mixin.py:188} INFO - [SCRAPE].. ◆ 
https://vietnamnet.vn/de-thi-thu-tot-nghiep-thpt-nam-2025-mon-van-tham-khao-2401
282.html             | ✓ | ⏱: 0.20s
[2025-05-18T10:25:17.648+0000] {logging_mixin.py:188} INFO - [COMPLETE] ● 
https://vietnamnet.vn/de-thi-thu-tot-nghiep-thpt-nam-2025-mon-van-tham-khao-2401
282.html             | ✓ | ⏱: 4.56s
[2025-05-18T10:25:17.999+0000] {crawler.py:262} INFO -     ✓ Đề thi thử tốt nghiệp THPT môn Văn năm 2025 của Hà Nội...

[2025-05-18T10:25:18.000+0000] {crawler.py:258} INFO - --> Crawl: https://vietnamnet.vn/nam-sinh-bi-danh-hoi-dong-ngay-tai-truong-den-muc-gay-xuong-suon-2402097.html
[2025-05-18T10:25:18.610+0000] {logging_mixin.py:188} INFO - [INIT].... → Crawl4AI 0.6.3
[2025-05-18T10:25:21.330+0000] {logging_mixin.py:188} INFO - [FETCH]... ↓ 
https://vietnamnet.vn/nam-sinh-bi-danh-hoi-dong-ngay-tai-truong-den-muc-gay-xuon
g-suon-2402097.html  | ✓ | ⏱: 2.66s
[2025-05-18T10:25:21.623+0000] {logging_mixin.py:188} INFO - [SCRAPE].. ◆ 
https://vietnamnet.vn/nam-sinh-bi-danh-hoi-dong-ngay-tai-truong-den-muc-gay-xuon
g-suon-2402097.html  | ✓ | ⏱: 0.29s
[2025-05-18T10:25:21.626+0000] {logging_mixin.py:188} INFO - [COMPLETE] ● 
https://vietnamnet.vn/nam-sinh-bi-danh-hoi-dong-ngay-tai-truong-den-muc-gay-xuon
g-suon-2402097.html  | ✓ | ⏱: 2.95s
[2025-05-18T10:25:22.216+0000] {crawler.py:262} INFO -     ✓ Nam sinh bị đánh hội đồng ngay tại trường đến mức gãy xương ...

[2025-05-18T10:25:22.217+0000] {crawler.py:258} INFO - --> Crawl: https://vietnamnet.vn/hon-17-000-thi-sinh-du-ky-thi-danh-gia-nang-luc-spt-de-them-cua-vao-dai-hoc-2402125.html
[2025-05-18T10:25:23.153+0000] {logging_mixin.py:188} INFO - [INIT].... → Crawl4AI 0.6.3
[2025-05-18T10:25:26.430+0000] {logging_mixin.py:188} INFO - [FETCH]... ↓ 
https://vietnamnet.vn/hon-17-000-thi-sinh-du-ky-...ang-luc-spt-de-them-cua-vao-d
ai-hoc-2402125.html  | ✓ | ⏱: 3.19s
[2025-05-18T10:25:26.883+0000] {logging_mixin.py:188} INFO - [SCRAPE].. ◆ 
https://vietnamnet.vn/hon-17-000-thi-sinh-du-ky-...ang-luc-spt-de-them-cua-vao-d
ai-hoc-2402125.html  | ✓ | ⏱: 0.45s
[2025-05-18T10:25:26.886+0000] {logging_mixin.py:188} INFO - [COMPLETE] ● 
https://vietnamnet.vn/hon-17-000-thi-sinh-du-ky-...ang-luc-spt-de-them-cua-vao-d
ai-hoc-2402125.html  | ✓ | ⏱: 3.64s
[2025-05-18T10:25:27.844+0000] {crawler.py:262} INFO -     ✓ Hơn 17.000 thí sinh dự kỳ thi Đánh giá năng lực SPT để thêm ...

[2025-05-18T10:25:27.845+0000] {crawler.py:258} INFO - --> Crawl: https://vietnamnet.vn/bo-gd-dt-ly-giai-chuyen-hoc-sinh-dat-8-diem-toan-moi-duoc-hoc-vi-mach-ban-dan-2402381.html
[2025-05-18T10:25:28.388+0000] {logging_mixin.py:188} INFO - [INIT].... → Crawl4AI 0.6.3
[2025-05-18T10:25:31.148+0000] {logging_mixin.py:188} INFO - [FETCH]... ↓ 
https://vietnamnet.vn/bo-gd-dt-ly-giai-chuyen-ho...m-toan-moi-duoc-hoc-vi-mach-b
an-dan-2402381.html  | ✓ | ⏱: 2.69s
[2025-05-18T10:25:31.391+0000] {logging_mixin.py:188} INFO - [SCRAPE].. ◆ 
https://vietnamnet.vn/bo-gd-dt-ly-giai-chuyen-ho...m-toan-moi-duoc-hoc-vi-mach-b
an-dan-2402381.html  | ✓ | ⏱: 0.24s
[2025-05-18T10:25:31.393+0000] {logging_mixin.py:188} INFO - [COMPLETE] ● 
https://vietnamnet.vn/bo-gd-dt-ly-giai-chuyen-ho...m-toan-moi-duoc-hoc-vi-mach-b
an-dan-2402381.html  | ✓ | ⏱: 2.94s
[2025-05-18T10:25:31.969+0000] {crawler.py:262} INFO -     ✓ Bộ GD-ĐT lý giải chuyện học sinh đạt 8 điểm Toán mới được họ...

[2025-05-18T10:25:31.969+0000] {crawler.py:258} INFO - --> Crawl: https://vietnamnet.vn/ca-si-nghe-si-san-sang-dong-hanh-khi-hoc-sinh-hoc-2-buoi-ngay-2401114.html
[2025-05-18T10:25:32.533+0000] {logging_mixin.py:188} INFO - [INIT].... → Crawl4AI 0.6.3
[2025-05-18T10:25:35.846+0000] {logging_mixin.py:188} INFO - [FETCH]... ↓ 
https://vietnamnet.vn/ca-si-nghe-si-san-sang-dong-hanh-khi-hoc-sinh-hoc-2-buoi-n
gay-2401114.html     | ✓ | ⏱: 3.22s
[2025-05-18T10:25:36.049+0000] {logging_mixin.py:188} INFO - [SCRAPE].. ◆ 
https://vietnamnet.vn/ca-si-nghe-si-san-sang-dong-hanh-khi-hoc-sinh-hoc-2-buoi-n
gay-2401114.html     | ✓ | ⏱: 0.20s
[2025-05-18T10:25:36.051+0000] {logging_mixin.py:188} INFO - [COMPLETE] ● 
https://vietnamnet.vn/ca-si-nghe-si-san-sang-dong-hanh-khi-hoc-sinh-hoc-2-buoi-n
gay-2401114.html     | ✓ | ⏱: 3.43s
[2025-05-18T10:25:36.427+0000] {crawler.py:262} INFO -     ✓ Học 2 buổi/ngày: Ca sĩ, nghệ sĩ sẵn sàng đồng hành cùng dạy ...

[2025-05-18T10:25:36.427+0000] {crawler.py:258} INFO - --> Crawl: https://vietnamnet.vn/trung-tam-anh-ngu-co-giam-doc-bien-mat-om-hang-ty-dong-cua-phu-huynh-2401858.html
[2025-05-18T10:25:37.350+0000] {logging_mixin.py:188} INFO - [INIT].... → Crawl4AI 0.6.3
[2025-05-18T10:25:42.780+0000] {logging_mixin.py:188} INFO - [FETCH]... ↓ 
https://vietnamnet.vn/trung-tam-anh-ngu-co-giam-...n-mat-om-hang-ty-dong-cua-phu
-huynh-2401858.html  | ✓ | ⏱: 5.30s
[2025-05-18T10:25:43.314+0000] {logging_mixin.py:188} INFO - [SCRAPE].. ◆ 
https://vietnamnet.vn/trung-tam-anh-ngu-co-giam-...n-mat-om-hang-ty-dong-cua-phu
-huynh-2401858.html  | ✓ | ⏱: 0.52s
[2025-05-18T10:25:43.317+0000] {logging_mixin.py:188} INFO - [COMPLETE] ● 
https://vietnamnet.vn/trung-tam-anh-ngu-co-giam-...n-mat-om-hang-ty-dong-cua-phu
-huynh-2401858.html  | ✓ | ⏱: 5.84s
[2025-05-18T10:25:44.031+0000] {crawler.py:262} INFO -     ✓ Trung tâm Anh ngữ có giám đốc biến mất 'ôm' hàng tỷ đồng của...

[2025-05-18T10:25:44.032+0000] {crawler.py:258} INFO - --> Crawl: https://vietnamnet.vn/de-thi-thu-tot-nghiep-thpt-nam-2025-mon-toan-kem-dap-an-cua-hai-phong-2401449.html
[2025-05-18T10:25:45.182+0000] {logging_mixin.py:188} INFO - [INIT].... → Crawl4AI 0.6.3
[2025-05-18T10:25:47.805+0000] {logging_mixin.py:188} INFO - [FETCH]... ↓ 
https://vietnamnet.vn/de-thi-thu-tot-nghiep-thpt...5-mon-toan-kem-dap-an-cua-hai
-phong-2401449.html  | ✓ | ⏱: 2.50s
[2025-05-18T10:25:48.007+0000] {logging_mixin.py:188} INFO - [SCRAPE].. ◆ 
https://vietnamnet.vn/de-thi-thu-tot-nghiep-thpt...5-mon-toan-kem-dap-an-cua-hai
-phong-2401449.html  | ✓ | ⏱: 0.20s
[2025-05-18T10:25:48.010+0000] {logging_mixin.py:188} INFO - [COMPLETE] ● 
https://vietnamnet.vn/de-thi-thu-tot-nghiep-thpt...5-mon-toan-kem-dap-an-cua-hai
-phong-2401449.html  | ✓ | ⏱: 2.70s
[2025-05-18T10:25:48.390+0000] {crawler.py:262} INFO -     ✓ Đề thi thử tốt nghiệp THPT năm 2025 môn Toán kèm đáp án của ...

[2025-05-18T10:25:48.390+0000] {crawler.py:258} INFO - --> Crawl: https://vietnamnet.vn/gianh-tam-ve-du-hoc-hoc-sinh-va-phu-huynh-chua-the-tho-phao-2402284.html
[2025-05-18T10:25:49.250+0000] {logging_mixin.py:188} INFO - [INIT].... → Crawl4AI 0.6.3
[2025-05-18T10:25:52.885+0000] {logging_mixin.py:188} INFO - [FETCH]... ↓ 
https://vietnamnet.vn/gianh-tam-ve-du-hoc-hoc-sinh-va-phu-huynh-chua-the-tho-pha
o-2402284.html       | ✓ | ⏱: 3.55s
[2025-05-18T10:25:53.194+0000] {logging_mixin.py:188} INFO - [SCRAPE].. ◆ 
https://vietnamnet.vn/gianh-tam-ve-du-hoc-hoc-sinh-va-phu-huynh-chua-the-tho-pha
o-2402284.html       | ✓ | ⏱: 0.31s
[2025-05-18T10:25:53.196+0000] {logging_mixin.py:188} INFO - [COMPLETE] ● 
https://vietnamnet.vn/gianh-tam-ve-du-hoc-hoc-sinh-va-phu-huynh-chua-the-tho-pha
o-2402284.html       | ✓ | ⏱: 3.86s
[2025-05-18T10:25:53.662+0000] {crawler.py:262} INFO -     ✓ Giành tấm vé du học, học sinh và phụ huynh chưa thể 'thở phà...

[2025-05-18T10:25:53.663+0000] {crawler.py:258} INFO - --> Crawl: https://vietnamnet.vn/nhieu-tin-vui-lien-tiep-den-voi-giao-vien-luong-cua-nha-giao-duoc-xep-cao-nhat-2401987.html
[2025-05-18T10:25:54.391+0000] {logging_mixin.py:188} INFO - [INIT].... → Crawl4AI 0.6.3
[2025-05-18T10:25:58.384+0000] {logging_mixin.py:188} INFO - [FETCH]... ↓ 
https://vietnamnet.vn/nhieu-tin-vui-lien-tiep-de...uong-cua-nha-giao-duoc-xep-ca
o-nhat-2401987.html  | ✓ | ⏱: 3.91s
[2025-05-18T10:25:58.897+0000] {logging_mixin.py:188} INFO - [SCRAPE].. ◆ 
https://vietnamnet.vn/nhieu-tin-vui-lien-tiep-de...uong-cua-nha-giao-duoc-xep-ca
o-nhat-2401987.html  | ✓ | ⏱: 0.51s
[2025-05-18T10:25:58.901+0000] {logging_mixin.py:188} INFO - [COMPLETE] ● 
https://vietnamnet.vn/nhieu-tin-vui-lien-tiep-de...uong-cua-nha-giao-duoc-xep-ca
o-nhat-2401987.html  | ✓ | ⏱: 4.43s
[2025-05-18T10:25:59.638+0000] {crawler.py:262} INFO -     ✓ Nhiều tin vui liên tiếp đến với giáo viên, lương của nhà giá...

[2025-05-18T10:25:59.639+0000] {crawler.py:258} INFO - --> Crawl: https://vietnamnet.vn/chia-se-cay-dang-cua-nu-sinh-vien-o-ha-noi-bi-lua-lien-hoan-mat-gan-1-ty-dong-2402106.html
[2025-05-18T10:26:00.666+0000] {logging_mixin.py:188} INFO - [INIT].... → Crawl4AI 0.6.3
[2025-05-18T10:26:05.208+0000] {logging_mixin.py:188} INFO - [FETCH]... ↓ 
https://vietnamnet.vn/chia-se-cay-dang-cua-nu-si...-bi-lua-lien-hoan-mat-gan-1-t
y-dong-2402106.html  | ✓ | ⏱: 4.45s
[2025-05-18T10:26:05.540+0000] {logging_mixin.py:188} INFO - [SCRAPE].. ◆ 
https://vietnamnet.vn/chia-se-cay-dang-cua-nu-si...-bi-lua-lien-hoan-mat-gan-1-t
y-dong-2402106.html  | ✓ | ⏱: 0.33s
[2025-05-18T10:26:05.544+0000] {logging_mixin.py:188} INFO - [COMPLETE] ● 
https://vietnamnet.vn/chia-se-cay-dang-cua-nu-si...-bi-lua-lien-hoan-mat-gan-1-t
y-dong-2402106.html  | ✓ | ⏱: 4.78s
[2025-05-18T10:26:06.145+0000] {crawler.py:262} INFO -     ✓ Chia sẻ cay đắng của nữ sinh viên ở Hà Nội bị lừa liên hoàn ...

[2025-05-18T10:26:06.146+0000] {crawler.py:258} INFO - --> Crawl: https://vietnamnet.vn/bo-truong-gd-dt-day-hoc-lanh-manh-la-phai-chan-viec-ep-hoc-sinh-hoc-them-2401805.html
[2025-05-18T10:26:07.122+0000] {logging_mixin.py:188} INFO - [INIT].... → Crawl4AI 0.6.3
[2025-05-18T10:26:11.795+0000] {logging_mixin.py:188} INFO - [FETCH]... ↓ 
https://vietnamnet.vn/bo-truong-gd-dt-day-hoc-la...phai-chan-viec-ep-hoc-sinh-ho
c-them-2401805.html  | ✓ | ⏱: 4.55s
[2025-05-18T10:26:12.128+0000] {logging_mixin.py:188} INFO - [SCRAPE].. ◆ 
https://vietnamnet.vn/bo-truong-gd-dt-day-hoc-la...phai-chan-viec-ep-hoc-sinh-ho
c-them-2401805.html  | ✓ | ⏱: 0.33s
[2025-05-18T10:26:12.132+0000] {logging_mixin.py:188} INFO - [COMPLETE] ● 
https://vietnamnet.vn/bo-truong-gd-dt-day-hoc-la...phai-chan-viec-ep-hoc-sinh-ho
c-them-2401805.html  | ✓ | ⏱: 4.89s
[2025-05-18T10:26:12.727+0000] {crawler.py:262} INFO -     ✓ Bộ trưởng GD-ĐT: Dạy học lành mạnh là phải chặn việc ép học ...

[2025-05-18T10:26:12.728+0000] {crawler.py:258} INFO - --> Crawl: https://vietnamnet.vn/nguyen-giam-doc-so-y-te-lam-chu-tich-hoi-dong-giao-su-dh-y-khoa-pham-ngoc-thach-2401677.html
[2025-05-18T10:26:13.766+0000] {logging_mixin.py:188} INFO - [INIT].... → Crawl4AI 0.6.3
[2025-05-18T10:26:17.779+0000] {logging_mixin.py:188} INFO - [FETCH]... ↓ 
https://vietnamnet.vn/nguyen-giam-doc-so-y-te-la...g-giao-su-dh-y-khoa-pham-ngoc
-thach-2401677.html  | ✓ | ⏱: 3.91s
[2025-05-18T10:26:18.013+0000] {logging_mixin.py:188} INFO - [SCRAPE].. ◆ 
https://vietnamnet.vn/nguyen-giam-doc-so-y-te-la...g-giao-su-dh-y-khoa-pham-ngoc
-thach-2401677.html  | ✓ | ⏱: 0.23s
[2025-05-18T10:26:18.015+0000] {logging_mixin.py:188} INFO - [COMPLETE] ● 
https://vietnamnet.vn/nguyen-giam-doc-so-y-te-la...g-giao-su-dh-y-khoa-pham-ngoc
-thach-2401677.html  | ✓ | ⏱: 4.14s
[2025-05-18T10:26:18.528+0000] {crawler.py:262} INFO -     ✓ Nguyên Giám đốc Sở Y tế làm Chủ tịch Hội đồng giáo sư ĐH Y k...

[2025-05-18T10:26:18.529+0000] {crawler.py:258} INFO - --> Crawl: https://vietnamnet.vn/tphcm-thi-tuyen-sinh-vao-lop-10-nhu-the-nao-2391198.html
[2025-05-18T10:26:19.143+0000] {logging_mixin.py:188} INFO - [INIT].... → Crawl4AI 0.6.3
[2025-05-18T10:26:22.271+0000] {logging_mixin.py:188} INFO - [FETCH]... ↓ 
https://vietnamnet.vn/tphcm-thi-tuyen-sinh-vao-lop-10-nhu-the-nao-2391198.html  
| ✓ | ⏱: 3.04s
[2025-05-18T10:26:22.440+0000] {logging_mixin.py:188} INFO - [SCRAPE].. ◆ 
https://vietnamnet.vn/tphcm-thi-tuyen-sinh-vao-lop-10-nhu-the-nao-2391198.html  
| ✓ | ⏱: 0.17s
[2025-05-18T10:26:22.443+0000] {logging_mixin.py:188} INFO - [COMPLETE] ● 
https://vietnamnet.vn/tphcm-thi-tuyen-sinh-vao-lop-10-nhu-the-nao-2391198.html  
| ✓ | ⏱: 3.21s
[2025-05-18T10:26:22.818+0000] {crawler.py:262} INFO -     ✓ Thành phố đông học sinh thứ 2 cả nước tuyển sinh và thi vào ...

[2025-05-18T10:26:22.818+0000] {crawler.py:258} INFO - --> Crawl: https://vietnamnet.vn/trach-dh-hut-ca-hoc-sinh-trung-binh-bo-gd-dt-noi-truong-nghe-tu-xem-lai-minh-2401817.html
[2025-05-18T10:26:23.751+0000] {logging_mixin.py:188} INFO - [INIT].... → Crawl4AI 0.6.3
[2025-05-18T10:26:27.395+0000] {logging_mixin.py:188} INFO - [FETCH]... ↓ 
https://vietnamnet.vn/trach-dh-hut-ca-hoc-sinh-t...-dt-noi-truong-nghe-tu-xem-la
i-minh-2401817.html  | ✓ | ⏱: 3.50s
[2025-05-18T10:26:27.694+0000] {logging_mixin.py:188} INFO - [SCRAPE].. ◆ 
https://vietnamnet.vn/trach-dh-hut-ca-hoc-sinh-t...-dt-noi-truong-nghe-tu-xem-la
i-minh-2401817.html  | ✓ | ⏱: 0.29s
[2025-05-18T10:26:27.697+0000] {logging_mixin.py:188} INFO - [COMPLETE] ● 
https://vietnamnet.vn/trach-dh-hut-ca-hoc-sinh-t...-dt-noi-truong-nghe-tu-xem-la
i-minh-2401817.html  | ✓ | ⏱: 3.80s
[2025-05-18T10:26:28.368+0000] {crawler.py:262} INFO -     ✓ Trường nghề trách ĐH hút cả học sinh trung bình, Bộ GD-ĐT nó...

[2025-05-18T10:26:28.369+0000] {crawler.py:258} INFO - --> Crawl: https://vietnamnet.vn/de-thi-thu-lop-10-mon-tieng-anh-ha-noi-nam-2025-tham-khao-2402175.html
[2025-05-18T10:26:29.599+0000] {logging_mixin.py:188} INFO - [INIT].... → Crawl4AI 0.6.3
[2025-05-18T10:26:35.815+0000] {logging_mixin.py:188} INFO - [FETCH]... ↓ 
https://vietnamnet.vn/de-thi-thu-lop-10-mon-tieng-anh-ha-noi-nam-2025-tham-khao-
2402175.html         | ✓ | ⏱: 6.05s
[2025-05-18T10:26:36.158+0000] {logging_mixin.py:188} INFO - [SCRAPE].. ◆ 
https://vietnamnet.vn/de-thi-thu-lop-10-mon-tieng-anh-ha-noi-nam-2025-tham-khao-
2402175.html         | ✓ | ⏱: 0.34s
[2025-05-18T10:26:36.160+0000] {logging_mixin.py:188} INFO - [COMPLETE] ● 
https://vietnamnet.vn/de-thi-thu-lop-10-mon-tieng-anh-ha-noi-nam-2025-tham-khao-
2402175.html         | ✓ | ⏱: 6.40s
[2025-05-18T10:26:36.757+0000] {crawler.py:262} INFO -     ✓ Đề thi thử lớp 10 môn Tiếng Anh của huyện Thanh Trì, Hà Nội ...

[2025-05-18T10:26:36.758+0000] {crawler.py:258} INFO - --> Crawl: https://vietnamnet.vn/truong-dh-nguyen-trai-to-chuc-chuong-trinh-tri-an-cac-chung-nhan-lich-su-2402139.html
[2025-05-18T10:26:37.662+0000] {logging_mixin.py:188} INFO - [INIT].... → Crawl4AI 0.6.3
[2025-05-18T10:26:40.727+0000] {logging_mixin.py:188} INFO - [FETCH]... ↓ 
https://vietnamnet.vn/truong-dh-nguyen-trai-to-c...trinh-tri-an-cac-chung-nhan-l
ich-su-2402139.html  | ✓ | ⏱: 3.00s
[2025-05-18T10:26:40.927+0000] {logging_mixin.py:188} INFO - [SCRAPE].. ◆ 
https://vietnamnet.vn/truong-dh-nguyen-trai-to-c...trinh-tri-an-cac-chung-nhan-l
ich-su-2402139.html  | ✓ | ⏱: 0.20s
[2025-05-18T10:26:40.929+0000] {logging_mixin.py:188} INFO - [COMPLETE] ● 
https://vietnamnet.vn/truong-dh-nguyen-trai-to-c...trinh-tri-an-cac-chung-nhan-l
ich-su-2402139.html  | ✓ | ⏱: 3.20s
[2025-05-18T10:26:41.314+0000] {crawler.py:262} INFO -     ✓ Trường ĐH Nguyễn Trãi tổ chức chương trình tri ân các chứng ...

[2025-05-18T10:26:41.315+0000] {crawler.py:258} INFO - --> Crawl: https://vietnamnet.vn/chu-tich-ho-chi-minh-da-lam-nhung-nghe-gi-trong-hanh-trinh-tim-duong-cuu-nuoc-2401852.html
[2025-05-18T10:26:41.849+0000] {logging_mixin.py:188} INFO - [INIT].... → Crawl4AI 0.6.3
[2025-05-18T10:26:45.453+0000] {logging_mixin.py:188} INFO - [FETCH]... ↓ 
https://vietnamnet.vn/chu-tich-ho-chi-minh-da-la...trong-hanh-trinh-tim-duong-cu
u-nuoc-2401852.html  | ✓ | ⏱: 3.57s
[2025-05-18T10:26:45.726+0000] {logging_mixin.py:188} INFO - [SCRAPE].. ◆ 
https://vietnamnet.vn/chu-tich-ho-chi-minh-da-la...trong-hanh-trinh-tim-duong-cu
u-nuoc-2401852.html  | ✓ | ⏱: 0.27s
[2025-05-18T10:26:45.728+0000] {logging_mixin.py:188} INFO - [COMPLETE] ● 
https://vietnamnet.vn/chu-tich-ho-chi-minh-da-la...trong-hanh-trinh-tim-duong-cu
u-nuoc-2401852.html  | ✓ | ⏱: 3.84s
[2025-05-18T10:26:46.337+0000] {crawler.py:262} INFO -     ✓ Chủ tịch Hồ Chí Minh đã làm những nghề gì trong hành trình t...

[2025-05-18T10:26:46.338+0000] {crawler.py:258} INFO - --> Crawl: https://vietnamnet.vn/hon-1-trieu-hoc-sinh-chon-cung-nhom-nghe-hot-nhat-o-to-cong-nghe-thong-tin-2401718.html
[2025-05-18T10:26:46.969+0000] {logging_mixin.py:188} INFO - [INIT].... → Crawl4AI 0.6.3
[2025-05-18T10:26:52.329+0000] {logging_mixin.py:188} INFO - [FETCH]... ↓ 
https://vietnamnet.vn/hon-1-trieu-hoc-sinh-chon-...e-hot-nhat-o-to-cong-nghe-tho
ng-tin-2401718.html  | ✓ | ⏱: 5.29s
[2025-05-18T10:26:52.770+0000] {logging_mixin.py:188} INFO - [SCRAPE].. ◆ 
https://vietnamnet.vn/hon-1-trieu-hoc-sinh-chon-...e-hot-nhat-o-to-cong-nghe-tho
ng-tin-2401718.html  | ✓ | ⏱: 0.43s
[2025-05-18T10:26:52.775+0000] {logging_mixin.py:188} INFO - [COMPLETE] ● 
https://vietnamnet.vn/hon-1-trieu-hoc-sinh-chon-...e-hot-nhat-o-to-cong-nghe-tho
ng-tin-2401718.html  | ✓ | ⏱: 5.74s
[2025-05-18T10:26:53.448+0000] {crawler.py:262} INFO -     ✓ Hơn 1 triệu học sinh chọn cùng nhóm nghề, hot nhất ô tô, côn...

[2025-05-18T10:26:53.449+0000] {crawler.py:258} INFO - --> Crawl: https://vietnamnet.vn/cuoc-thi-viet-thu-upu-nhan-1-5-trieu-bai-thi-nu-sinh-da-nang-gianh-giai-nhat-2401594.html
[2025-05-18T10:26:54.522+0000] {logging_mixin.py:188} INFO - [INIT].... → Crawl4AI 0.6.3
[2025-05-18T10:26:58.869+0000] {logging_mixin.py:188} INFO - [FETCH]... ↓ 
https://vietnamnet.vn/cuoc-thi-viet-thu-upu-nhan...thi-nu-sinh-da-nang-gianh-gia
i-nhat-2401594.html  | ✓ | ⏱: 4.22s
[2025-05-18T10:26:59.137+0000] {logging_mixin.py:188} INFO - [SCRAPE].. ◆ 
https://vietnamnet.vn/cuoc-thi-viet-thu-upu-nhan...thi-nu-sinh-da-nang-gianh-gia
i-nhat-2401594.html  | ✓ | ⏱: 0.27s
[2025-05-18T10:26:59.139+0000] {logging_mixin.py:188} INFO - [COMPLETE] ● 
https://vietnamnet.vn/cuoc-thi-viet-thu-upu-nhan...thi-nu-sinh-da-nang-gianh-gia
i-nhat-2401594.html  | ✓ | ⏱: 4.49s
[2025-05-18T10:26:59.609+0000] {crawler.py:262} INFO -     ✓ Cuộc thi viết thư UPU nhận 1,5 triệu bài thi, nữ sinh Đà Nẵn...

[2025-05-18T10:26:59.609+0000] {crawler.py:265} INFO - ⏱️  Tổng thời gian crawl: 148.05 giây
[2025-05-18T10:26:59.948+0000] {crawler.py:292} INFO - Đã lưu 25 bài viết vào collection 'giao-duc'
[2025-05-18T10:27:00.011+0000] {python.py:237} INFO - Done. Returned value was: None
[2025-05-18T10:27:00.013+0000] {taskinstance.py:441} INFO - ::group::Post task execution logs
[2025-05-18T10:27:00.022+0000] {taskinstance.py:1206} INFO - Marking task as SUCCESS. dag_id=vietnamnet_crawler_24h, task_id=crawl_giao-duc, run_id=scheduled__2025-05-18T09:30:00+00:00, execution_date=20250518T093000, start_date=20250518T102430, end_date=20250518T102700
[2025-05-18T10:27:00.065+0000] {local_task_job_runner.py:240} INFO - Task exited with return code 0
[2025-05-18T10:27:00.095+0000] {taskinstance.py:3503} INFO - 1 downstream tasks scheduled from follow-on schedule check
[2025-05-18T10:27:00.097+0000] {local_task_job_runner.py:222} INFO - ::endgroup::
