[2025-05-16T17:42:56.003+0000] {local_task_job_runner.py:120} INFO - ::group::Pre task execution logs
[2025-05-16T17:42:56.023+0000] {taskinstance.py:2076} INFO - Dependencies all met for dep_context=non-requeueable deps ti=<TaskInstance: vietnamnet_crawler_24h.crawl_doi-song manual__2025-05-16T17:41:55.982804+00:00 [queued]>
[2025-05-16T17:42:56.031+0000] {taskinstance.py:2076} INFO - Dependencies all met for dep_context=requeueable deps ti=<TaskInstance: vietnamnet_crawler_24h.crawl_doi-song manual__2025-05-16T17:41:55.982804+00:00 [queued]>
[2025-05-16T17:42:56.032+0000] {taskinstance.py:2306} INFO - Starting attempt 1 of 2
[2025-05-16T17:42:56.044+0000] {taskinstance.py:2330} INFO - Executing <Task(PythonOperator): crawl_doi-song> on 2025-05-16 17:41:55.982804+00:00
[2025-05-16T17:42:56.050+0000] {warnings.py:112} WARNING - /home/***/.local/lib/python3.12/site-packages/***/task/task_runner/standard_task_runner.py:61: DeprecationWarning: This process (pid=1634) is multi-threaded, use of fork() may lead to deadlocks in the child.
  pid = os.fork()

[2025-05-16T17:42:56.051+0000] {standard_task_runner.py:63} INFO - Started process 1635 to run task
[2025-05-16T17:42:56.051+0000] {standard_task_runner.py:90} INFO - Running: ['***', 'tasks', 'run', 'vietnamnet_crawler_24h', 'crawl_doi-song', 'manual__2025-05-16T17:41:55.982804+00:00', '--job-id', '143', '--raw', '--subdir', 'DAGS_FOLDER/dags.py', '--cfg-path', '/tmp/tmp9ecwkkaq']
[2025-05-16T17:42:56.053+0000] {standard_task_runner.py:91} INFO - Job 143: Subtask crawl_doi-song
[2025-05-16T17:42:56.090+0000] {task_command.py:426} INFO - Running <TaskInstance: vietnamnet_crawler_24h.crawl_doi-song manual__2025-05-16T17:41:55.982804+00:00 [running]> on host 60d771d880eb
[2025-05-16T17:42:56.167+0000] {taskinstance.py:2648} INFO - Exporting env vars: AIRFLOW_CTX_DAG_OWNER='***' AIRFLOW_CTX_DAG_ID='vietnamnet_crawler_24h' AIRFLOW_CTX_TASK_ID='crawl_doi-song' AIRFLOW_CTX_EXECUTION_DATE='2025-05-16T17:41:55.982804+00:00' AIRFLOW_CTX_TRY_NUMBER='1' AIRFLOW_CTX_DAG_RUN_ID='manual__2025-05-16T17:41:55.982804+00:00'
[2025-05-16T17:42:56.168+0000] {taskinstance.py:430} INFO - ::endgroup::
[2025-05-16T17:42:56.347+0000] {crawler.py:55} INFO - Đã kết nối thành công với MongoDB: News
[2025-05-16T17:42:57.058+0000] {logging_mixin.py:188} INFO - [INIT].... → Crawl4AI 0.6.2
[2025-05-16T17:42:59.650+0000] {logging_mixin.py:188} INFO - [FETCH]... ↓ https://vietnamnet.vn/tin-tuc-24h?bydaterang=&cate=000007                                            | 
[2025-05-16T17:42:59.651+0000] {logging_mixin.py:188} INFO - ✓
[2025-05-16T17:42:59.651+0000] {logging_mixin.py:188} INFO -  | ⏱: 2.53s
[2025-05-16T17:42:59.845+0000] {logging_mixin.py:188} INFO - [SCRAPE].. ◆ https://vietnamnet.vn/tin-tuc-24h?bydaterang=&cate=000007                                            | 
[2025-05-16T17:42:59.846+0000] {logging_mixin.py:188} INFO - ✓
[2025-05-16T17:42:59.847+0000] {logging_mixin.py:188} INFO -  | ⏱: 0.19s
[2025-05-16T17:42:59.848+0000] {logging_mixin.py:188} INFO - [COMPLETE] ● https://vietnamnet.vn/tin-tuc-24h?bydaterang=&cate=000007                                            | 
[2025-05-16T17:42:59.849+0000] {logging_mixin.py:188} INFO - ✓
[2025-05-16T17:42:59.850+0000] {logging_mixin.py:188} INFO -  | ⏱: 2.73s
[2025-05-16T17:43:00.116+0000] {crawler.py:85} INFO - Tìm thấy 25 link bài viết cho danh mục doi-song
[2025-05-16T17:43:00.843+0000] {crawler.py:110} INFO - Đã lọc: 25 URLs ban đầu -> 0 URLs sau xử lý live
[2025-05-16T17:43:00.844+0000] {crawler.py:252} INFO - Không có bài viết mới nào trong danh mục doi-song cần crawl.
[2025-05-16T17:43:00.913+0000] {crawler.py:294} INFO - Không có bài viết để lưu vào collection 'doi-song'
[2025-05-16T17:43:00.983+0000] {python.py:237} INFO - Done. Returned value was: None
[2025-05-16T17:43:00.984+0000] {taskinstance.py:441} INFO - ::group::Post task execution logs
[2025-05-16T17:43:00.993+0000] {taskinstance.py:1206} INFO - Marking task as SUCCESS. dag_id=vietnamnet_crawler_24h, task_id=crawl_doi-song, run_id=manual__2025-05-16T17:41:55.982804+00:00, execution_date=20250516T174155, start_date=20250516T174256, end_date=20250516T174300
[2025-05-16T17:43:01.036+0000] {local_task_job_runner.py:240} INFO - Task exited with return code 0
[2025-05-16T17:43:01.050+0000] {taskinstance.py:3503} INFO - 0 downstream tasks scheduled from follow-on schedule check
[2025-05-16T17:43:01.052+0000] {local_task_job_runner.py:222} INFO - ::endgroup::
