[2025-06-21T15:43:35.537+0000] {local_task_job_runner.py:120} INFO - ::group::Pre task execution logs
[2025-06-21T15:43:35.551+0000] {taskinstance.py:2076} INFO - Dependencies all met for dep_context=non-requeueable deps ti=<TaskInstance: deepai_monthly_insights.generate_monthly_insights_per_collection manual__2025-06-21T15:19:58.552895+00:00 [queued]>
[2025-06-21T15:43:35.558+0000] {taskinstance.py:2076} INFO - Dependencies all met for dep_context=requeueable deps ti=<TaskInstance: deepai_monthly_insights.generate_monthly_insights_per_collection manual__2025-06-21T15:19:58.552895+00:00 [queued]>
[2025-06-21T15:43:35.559+0000] {taskinstance.py:2306} INFO - Starting attempt 2 of 3
[2025-06-21T15:43:35.572+0000] {taskinstance.py:2330} INFO - Executing <Task(PythonOperator): generate_monthly_insights_per_collection> on 2025-06-21 15:19:58.552895+00:00
[2025-06-21T15:43:35.580+0000] {warnings.py:112} WARNING - /home/***/.local/lib/python3.12/site-packages/***/task/task_runner/standard_task_runner.py:61: DeprecationWarning: This process (pid=650) is multi-threaded, use of fork() may lead to deadlocks in the child.
  pid = os.fork()

[2025-06-21T15:43:35.583+0000] {standard_task_runner.py:63} INFO - Started process 652 to run task
[2025-06-21T15:43:35.582+0000] {standard_task_runner.py:90} INFO - Running: ['***', 'tasks', 'run', 'deepai_monthly_insights', 'generate_monthly_insights_per_collection', 'manual__2025-06-21T15:19:58.552895+00:00', '--job-id', '73', '--raw', '--subdir', 'DAGS_FOLDER/dags.py', '--cfg-path', '/tmp/tmpxbmu80lg']
[2025-06-21T15:43:35.585+0000] {standard_task_runner.py:91} INFO - Job 73: Subtask generate_monthly_insights_per_collection
[2025-06-21T15:43:35.630+0000] {task_command.py:426} INFO - Running <TaskInstance: deepai_monthly_insights.generate_monthly_insights_per_collection manual__2025-06-21T15:19:58.552895+00:00 [running]> on host d4e9928a73da
[2025-06-21T15:43:35.708+0000] {taskinstance.py:2648} INFO - Exporting env vars: AIRFLOW_CTX_DAG_OWNER='***' AIRFLOW_CTX_DAG_ID='deepai_monthly_insights' AIRFLOW_CTX_TASK_ID='generate_monthly_insights_per_collection' AIRFLOW_CTX_EXECUTION_DATE='2025-06-21T15:19:58.552895+00:00' AIRFLOW_CTX_TRY_NUMBER='2' AIRFLOW_CTX_DAG_RUN_ID='manual__2025-06-21T15:19:58.552895+00:00'
[2025-06-21T15:43:35.710+0000] {taskinstance.py:430} INFO - ::endgroup::
[2025-06-21T15:43:35.753+0000] {dags.py:199} INFO - Bắt đầu tạo insights cho từng category từ dữ liệu tháng qua
[2025-06-21T15:43:36.134+0000] {dags.py:213} INFO - Tạo insights riêng cho từng category và lưu vào database...
[2025-06-21T15:44:01.908+0000] {logging_mixin.py:188} INFO - ✅ Đã lưu insight cho collection 'hardware' (ID: 2025-06)
[2025-06-21T15:44:01.968+0000] {logging_mixin.py:188} INFO - ✅ Đã lưu insight cho collection 'culture' (ID: 2025-06)
[2025-06-21T15:44:02.027+0000] {logging_mixin.py:188} INFO - ✅ Đã lưu insight cho collection 'science' (ID: 2025-06)
[2025-06-21T15:44:02.088+0000] {logging_mixin.py:188} INFO - ✅ Đã lưu insight cho collection 'business' (ID: 2025-06)
[2025-06-21T15:44:02.149+0000] {logging_mixin.py:188} INFO - ✅ Đã lưu insight cho collection 'ml-research' (ID: 2025-06)
[2025-06-21T15:44:02.209+0000] {logging_mixin.py:188} INFO - ✅ Đã lưu insight cho collection 'data-points' (ID: 2025-06)
[2025-06-21T15:44:02.210+0000] {logging_mixin.py:188} INFO - 
📊 Tổng kết: Đã lưu thành công 6/6 insights vào database 'deeplearning_ai_insight'
[2025-06-21T15:44:02.210+0000] {dags.py:221} INFO - Đã tạo và lưu thành công 6 insights vào database 'deeplearning_ai_insight'
[2025-06-21T15:44:02.604+0000] {dags.py:225} INFO - Thống kê Insight Database: 6 insights trong 6 collections
[2025-06-21T15:44:02.605+0000] {dags.py:230} INFO - Hoàn thành tạo insights tháng
[2025-06-21T15:44:02.606+0000] {python.py:237} INFO - Done. Returned value was: None
[2025-06-21T15:44:02.606+0000] {taskinstance.py:441} INFO - ::group::Post task execution logs
[2025-06-21T15:44:02.614+0000] {taskinstance.py:1206} INFO - Marking task as SUCCESS. dag_id=deepai_monthly_insights, task_id=generate_monthly_insights_per_collection, run_id=manual__2025-06-21T15:19:58.552895+00:00, execution_date=20250621T151958, start_date=20250621T154335, end_date=20250621T154402
[2025-06-21T15:44:02.663+0000] {local_task_job_runner.py:240} INFO - Task exited with return code 0
[2025-06-21T15:44:02.675+0000] {taskinstance.py:3503} INFO - 0 downstream tasks scheduled from follow-on schedule check
[2025-06-21T15:44:02.677+0000] {local_task_job_runner.py:222} INFO - ::endgroup::
