[2025-05-18T01:31:04.950+0000] {local_task_job_runner.py:120} INFO - ::group::Pre task execution logs
[2025-05-18T01:31:04.971+0000] {taskinstance.py:2076} INFO - Dependencies all met for dep_context=non-requeueable deps ti=<TaskInstance: vietnamnet_crawler_24h.crawl_doi-song scheduled__2025-05-18T01:00:00+00:00 [queued]>
[2025-05-18T01:31:04.980+0000] {taskinstance.py:2076} INFO - Dependencies all met for dep_context=requeueable deps ti=<TaskInstance: vietnamnet_crawler_24h.crawl_doi-song scheduled__2025-05-18T01:00:00+00:00 [queued]>
[2025-05-18T01:31:04.980+0000] {taskinstance.py:2306} INFO - Starting attempt 1 of 2
[2025-05-18T01:31:05.001+0000] {taskinstance.py:2330} INFO - Executing <Task(PythonOperator): crawl_doi-song> on 2025-05-18 01:00:00+00:00
[2025-05-18T01:31:05.006+0000] {warnings.py:112} WARNING - /home/***/.local/lib/python3.12/site-packages/***/task/task_runner/standard_task_runner.py:61: DeprecationWarning: This process (pid=4409) is multi-threaded, use of fork() may lead to deadlocks in the child.
  pid = os.fork()

[2025-05-18T01:31:05.007+0000] {standard_task_runner.py:63} INFO - Started process 4410 to run task
[2025-05-18T01:31:05.008+0000] {standard_task_runner.py:90} INFO - Running: ['***', 'tasks', 'run', 'vietnamnet_crawler_24h', 'crawl_doi-song', 'scheduled__2025-05-18T01:00:00+00:00', '--job-id', '24', '--raw', '--subdir', 'DAGS_FOLDER/dags.py', '--cfg-path', '/tmp/tmpoqh1qtf8']
[2025-05-18T01:31:05.010+0000] {standard_task_runner.py:91} INFO - Job 24: Subtask crawl_doi-song
[2025-05-18T01:31:05.050+0000] {task_command.py:426} INFO - Running <TaskInstance: vietnamnet_crawler_24h.crawl_doi-song scheduled__2025-05-18T01:00:00+00:00 [running]> on host fa0f5fb7e7ff
[2025-05-18T01:31:05.131+0000] {taskinstance.py:2648} INFO - Exporting env vars: AIRFLOW_CTX_DAG_OWNER='***' AIRFLOW_CTX_DAG_ID='vietnamnet_crawler_24h' AIRFLOW_CTX_TASK_ID='crawl_doi-song' AIRFLOW_CTX_EXECUTION_DATE='2025-05-18T01:00:00+00:00' AIRFLOW_CTX_TRY_NUMBER='1' AIRFLOW_CTX_DAG_RUN_ID='scheduled__2025-05-18T01:00:00+00:00'
[2025-05-18T01:31:05.133+0000] {taskinstance.py:430} INFO - ::endgroup::
[2025-05-18T01:31:05.361+0000] {crawler.py:55} INFO - Đã kết nối thành công với MongoDB: News
[2025-05-18T01:31:05.916+0000] {logging_mixin.py:188} INFO - [INIT].... → Crawl4AI 0.6.3
[2025-05-18T01:31:08.513+0000] {logging_mixin.py:188} INFO - [FETCH]... ↓ https://vietnamnet.vn/tin-tuc-24h?bydaterang=&cate=000007          
| ✓ | ⏱: 2.54s
[2025-05-18T01:31:08.716+0000] {logging_mixin.py:188} INFO - [SCRAPE].. ◆ https://vietnamnet.vn/tin-tuc-24h?bydaterang=&cate=000007          
| ✓ | ⏱: 0.20s
[2025-05-18T01:31:08.718+0000] {logging_mixin.py:188} INFO - [COMPLETE] ● https://vietnamnet.vn/tin-tuc-24h?bydaterang=&cate=000007          
| ✓ | ⏱: 2.74s
[2025-05-18T01:31:08.923+0000] {crawler.py:85} INFO - Tìm thấy 25 link bài viết cho danh mục doi-song
[2025-05-18T01:31:09.525+0000] {crawler.py:110} INFO - Đã lọc: 25 URLs ban đầu -> 2 URLs sau xử lý live
[2025-05-18T01:31:09.527+0000] {crawler.py:255} INFO - Đang crawl 2 bài viết mới từ danh mục doi-song...
[2025-05-18T01:31:09.528+0000] {crawler.py:258} INFO - --> Crawl: https://vietnamnet.vn/cach-nau-canh-chua-ngao-dua-thanh-ngot-2399488.html
[2025-05-18T01:31:10.012+0000] {logging_mixin.py:188} INFO - [INIT].... → Crawl4AI 0.6.3
[2025-05-18T01:31:13.496+0000] {logging_mixin.py:188} INFO - [FETCH]... ↓ 
https://vietnamnet.vn/cach-nau-canh-chua-ngao-dua-thanh-ngot-2399488.html       
| ✓ | ⏱: 3.41s
[2025-05-18T01:31:13.798+0000] {logging_mixin.py:188} INFO - [SCRAPE].. ◆ 
https://vietnamnet.vn/cach-nau-canh-chua-ngao-dua-thanh-ngot-2399488.html       
| ✓ | ⏱: 0.30s
[2025-05-18T01:31:13.800+0000] {logging_mixin.py:188} INFO - [COMPLETE] ● 
https://vietnamnet.vn/cach-nau-canh-chua-ngao-dua-thanh-ngot-2399488.html       
| ✓ | ⏱: 3.71s
[2025-05-18T01:31:14.253+0000] {crawler.py:262} INFO -     ✓ Cách nấu canh chua ngao dứa thanh ngọt cho ngày hè...

[2025-05-18T01:31:14.254+0000] {crawler.py:258} INFO - --> Crawl: https://vietnamnet.vn/to-gia-dinh-trieu-phu-quyt-tien-bua-toi-nha-hang-tra-gia-dat-2401502.html
[2025-05-18T01:31:14.865+0000] {logging_mixin.py:188} INFO - [INIT].... → Crawl4AI 0.6.3
[2025-05-18T01:31:18.191+0000] {logging_mixin.py:188} INFO - [FETCH]... ↓ 
https://vietnamnet.vn/to-gia-dinh-trieu-phu-quyt-tien-bua-toi-nha-hang-tra-gia-d
at-2401502.html      | ✓ | ⏱: 3.22s
[2025-05-18T01:31:18.391+0000] {logging_mixin.py:188} INFO - [SCRAPE].. ◆ 
https://vietnamnet.vn/to-gia-dinh-trieu-phu-quyt-tien-bua-toi-nha-hang-tra-gia-d
at-2401502.html      | ✓ | ⏱: 0.20s
[2025-05-18T01:31:18.393+0000] {logging_mixin.py:188} INFO - [COMPLETE] ● 
https://vietnamnet.vn/to-gia-dinh-trieu-phu-quyt-tien-bua-toi-nha-hang-tra-gia-d
at-2401502.html      | ✓ | ⏱: 3.42s
[2025-05-18T01:31:18.781+0000] {crawler.py:262} INFO -     ✓ Tố gia đình triệu phú quỵt tiền bữa tối, nhà hàng trả giá đắ...

[2025-05-18T01:31:18.782+0000] {crawler.py:265} INFO - ⏱️  Tổng thời gian crawl: 13.42 giây
[2025-05-18T01:31:18.930+0000] {crawler.py:292} INFO - Đã lưu 2 bài viết vào collection 'doi-song'
[2025-05-18T01:31:18.996+0000] {python.py:237} INFO - Done. Returned value was: None
[2025-05-18T01:31:18.997+0000] {taskinstance.py:441} INFO - ::group::Post task execution logs
[2025-05-18T01:31:19.006+0000] {taskinstance.py:1206} INFO - Marking task as SUCCESS. dag_id=vietnamnet_crawler_24h, task_id=crawl_doi-song, run_id=scheduled__2025-05-18T01:00:00+00:00, execution_date=20250518T010000, start_date=20250518T013104, end_date=20250518T013119
[2025-05-18T01:31:19.070+0000] {local_task_job_runner.py:240} INFO - Task exited with return code 0
[2025-05-18T01:31:19.082+0000] {taskinstance.py:3503} INFO - 0 downstream tasks scheduled from follow-on schedule check
[2025-05-18T01:31:19.084+0000] {local_task_job_runner.py:222} INFO - ::endgroup::
