[2025-05-16T13:00:07.579+0000] {local_task_job_runner.py:120} INFO - ::group::Pre task execution logs
[2025-05-16T13:00:07.605+0000] {taskinstance.py:2076} INFO - Dependencies all met for dep_context=non-requeueable deps ti=<TaskInstance: vietnamnet_crawler_24h.crawl_chinh-tri scheduled__2025-05-16T12:30:00+00:00 [queued]>
[2025-05-16T13:00:07.616+0000] {taskinstance.py:2076} INFO - Dependencies all met for dep_context=requeueable deps ti=<TaskInstance: vietnamnet_crawler_24h.crawl_chinh-tri scheduled__2025-05-16T12:30:00+00:00 [queued]>
[2025-05-16T13:00:07.617+0000] {taskinstance.py:2306} INFO - Starting attempt 1 of 2
[2025-05-16T13:00:07.635+0000] {taskinstance.py:2330} INFO - Executing <Task(PythonOperator): crawl_chinh-tri> on 2025-05-16 12:30:00+00:00
[2025-05-16T13:00:07.641+0000] {warnings.py:112} WARNING - /home/***/.local/lib/python3.12/site-packages/***/task/task_runner/standard_task_runner.py:61: DeprecationWarning: This process (pid=8521) is multi-threaded, use of fork() may lead to deadlocks in the child.
  pid = os.fork()

[2025-05-16T13:00:07.643+0000] {standard_task_runner.py:63} INFO - Started process 8522 to run task
[2025-05-16T13:00:07.644+0000] {standard_task_runner.py:90} INFO - Running: ['***', 'tasks', 'run', 'vietnamnet_crawler_24h', 'crawl_chinh-tri', 'scheduled__2025-05-16T12:30:00+00:00', '--job-id', '32', '--raw', '--subdir', 'DAGS_FOLDER/dags.py', '--cfg-path', '/tmp/tmpt2kxarxn']
[2025-05-16T13:00:07.646+0000] {standard_task_runner.py:91} INFO - Job 32: Subtask crawl_chinh-tri
[2025-05-16T13:00:07.694+0000] {task_command.py:426} INFO - Running <TaskInstance: vietnamnet_crawler_24h.crawl_chinh-tri scheduled__2025-05-16T12:30:00+00:00 [running]> on host 60d771d880eb
[2025-05-16T13:00:07.808+0000] {taskinstance.py:2648} INFO - Exporting env vars: AIRFLOW_CTX_DAG_OWNER='***' AIRFLOW_CTX_DAG_ID='vietnamnet_crawler_24h' AIRFLOW_CTX_TASK_ID='crawl_chinh-tri' AIRFLOW_CTX_EXECUTION_DATE='2025-05-16T12:30:00+00:00' AIRFLOW_CTX_TRY_NUMBER='1' AIRFLOW_CTX_DAG_RUN_ID='scheduled__2025-05-16T12:30:00+00:00'
[2025-05-16T13:00:07.810+0000] {taskinstance.py:430} INFO - ::endgroup::
[2025-05-16T13:00:08.039+0000] {crawler.py:54} INFO - Đã kết nối thành công với MongoDB: News
[2025-05-16T13:00:08.818+0000] {logging_mixin.py:188} INFO - [INIT].... → Crawl4AI 0.6.2
[2025-05-16T13:00:11.919+0000] {logging_mixin.py:188} INFO - [FETCH]... ↓ https://vietnamnet.vn/tin-tuc-24h?bydaterang=&cate=000001                                            | 
[2025-05-16T13:00:11.920+0000] {logging_mixin.py:188} INFO - ✓
[2025-05-16T13:00:11.920+0000] {logging_mixin.py:188} INFO -  | ⏱: 3.03s
[2025-05-16T13:00:12.169+0000] {logging_mixin.py:188} INFO - [SCRAPE].. ◆ https://vietnamnet.vn/tin-tuc-24h?bydaterang=&cate=000001                                            | 
[2025-05-16T13:00:12.169+0000] {logging_mixin.py:188} INFO - ✓
[2025-05-16T13:00:12.170+0000] {logging_mixin.py:188} INFO -  | ⏱: 0.25s
[2025-05-16T13:00:12.171+0000] {logging_mixin.py:188} INFO - [COMPLETE] ● https://vietnamnet.vn/tin-tuc-24h?bydaterang=&cate=000001                                            | 
[2025-05-16T13:00:12.172+0000] {logging_mixin.py:188} INFO - ✓
[2025-05-16T13:00:12.172+0000] {logging_mixin.py:188} INFO -  | ⏱: 3.29s
[2025-05-16T13:00:12.450+0000] {crawler.py:84} INFO - Tìm thấy 25 link bài viết cho danh mục chinh-tri
[2025-05-16T13:00:13.064+0000] {crawler.py:108} INFO - Đã lọc: 25 URLs ban đầu -> 0 URLs mới
[2025-05-16T13:00:13.065+0000] {crawler.py:229} INFO - Không có bài viết mới nào trong danh mục chinh-tri cần crawl.
[2025-05-16T13:00:13.065+0000] {crawler.py:269} INFO - Không có bài viết để lưu vào collection 'chinh-tri'
[2025-05-16T13:00:13.129+0000] {python.py:237} INFO - Done. Returned value was: None
[2025-05-16T13:00:13.130+0000] {taskinstance.py:441} INFO - ::group::Post task execution logs
[2025-05-16T13:00:13.139+0000] {taskinstance.py:1206} INFO - Marking task as SUCCESS. dag_id=vietnamnet_crawler_24h, task_id=crawl_chinh-tri, run_id=scheduled__2025-05-16T12:30:00+00:00, execution_date=20250516T123000, start_date=20250516T130007, end_date=20250516T130013
[2025-05-16T13:00:13.192+0000] {local_task_job_runner.py:240} INFO - Task exited with return code 0
[2025-05-16T13:00:13.232+0000] {taskinstance.py:3503} INFO - 1 downstream tasks scheduled from follow-on schedule check
[2025-05-16T13:00:13.234+0000] {local_task_job_runner.py:222} INFO - ::endgroup::
