[2025-05-16T11:30:08.660+0000] {local_task_job_runner.py:120} INFO - ::group::Pre task execution logs
[2025-05-16T11:30:08.686+0000] {taskinstance.py:2076} INFO - Dependencies all met for dep_context=non-requeueable deps ti=<TaskInstance: vietnamnet_crawler_24h.crawl_chinh-tri scheduled__2025-05-16T11:00:00+00:00 [queued]>
[2025-05-16T11:30:08.695+0000] {taskinstance.py:2076} INFO - Dependencies all met for dep_context=requeueable deps ti=<TaskInstance: vietnamnet_crawler_24h.crawl_chinh-tri scheduled__2025-05-16T11:00:00+00:00 [queued]>
[2025-05-16T11:30:08.696+0000] {taskinstance.py:2306} INFO - Starting attempt 1 of 2
[2025-05-16T11:30:08.714+0000] {taskinstance.py:2330} INFO - Executing <Task(PythonOperator): crawl_chinh-tri> on 2025-05-16 11:00:00+00:00
[2025-05-16T11:30:08.724+0000] {warnings.py:112} WARNING - /home/***/.local/lib/python3.12/site-packages/***/task/task_runner/standard_task_runner.py:61: DeprecationWarning: This process (pid=430) is multi-threaded, use of fork() may lead to deadlocks in the child.
  pid = os.fork()

[2025-05-16T11:30:08.726+0000] {standard_task_runner.py:63} INFO - Started process 431 to run task
[2025-05-16T11:30:08.726+0000] {standard_task_runner.py:90} INFO - Running: ['***', 'tasks', 'run', 'vietnamnet_crawler_24h', 'crawl_chinh-tri', 'scheduled__2025-05-16T11:00:00+00:00', '--job-id', '52', '--raw', '--subdir', 'DAGS_FOLDER/dags.py', '--cfg-path', '/tmp/tmpcys1icpd']
[2025-05-16T11:30:08.729+0000] {standard_task_runner.py:91} INFO - Job 52: Subtask crawl_chinh-tri
[2025-05-16T11:30:08.793+0000] {task_command.py:426} INFO - Running <TaskInstance: vietnamnet_crawler_24h.crawl_chinh-tri scheduled__2025-05-16T11:00:00+00:00 [running]> on host 71b827885e5f
[2025-05-16T11:30:08.908+0000] {taskinstance.py:2648} INFO - Exporting env vars: AIRFLOW_CTX_DAG_OWNER='***' AIRFLOW_CTX_DAG_ID='vietnamnet_crawler_24h' AIRFLOW_CTX_TASK_ID='crawl_chinh-tri' AIRFLOW_CTX_EXECUTION_DATE='2025-05-16T11:00:00+00:00' AIRFLOW_CTX_TRY_NUMBER='1' AIRFLOW_CTX_DAG_RUN_ID='scheduled__2025-05-16T11:00:00+00:00'
[2025-05-16T11:30:08.910+0000] {taskinstance.py:430} INFO - ::endgroup::
[2025-05-16T11:30:09.149+0000] {crawler.py:54} INFO - Đã kết nối thành công với MongoDB: News
[2025-05-16T11:30:10.187+0000] {logging_mixin.py:188} INFO - [INIT].... → Crawl4AI 0.6.2
[2025-05-16T11:30:13.922+0000] {logging_mixin.py:188} INFO - [FETCH]... ↓ https://vietnamnet.vn/tin-tuc-24h?bydaterang=&cate=000001                                            | 
[2025-05-16T11:30:13.928+0000] {logging_mixin.py:188} INFO - ✓
[2025-05-16T11:30:13.929+0000] {logging_mixin.py:188} INFO -  | ⏱: 3.63s
[2025-05-16T11:30:14.335+0000] {logging_mixin.py:188} INFO - [SCRAPE].. ◆ https://vietnamnet.vn/tin-tuc-24h?bydaterang=&cate=000001                                            | 
[2025-05-16T11:30:14.336+0000] {logging_mixin.py:188} INFO - ✓
[2025-05-16T11:30:14.337+0000] {logging_mixin.py:188} INFO -  | ⏱: 0.40s
[2025-05-16T11:30:14.339+0000] {logging_mixin.py:188} INFO - [COMPLETE] ● https://vietnamnet.vn/tin-tuc-24h?bydaterang=&cate=000001                                            | 
[2025-05-16T11:30:14.340+0000] {logging_mixin.py:188} INFO - ✓
[2025-05-16T11:30:14.340+0000] {logging_mixin.py:188} INFO -  | ⏱: 4.05s
[2025-05-16T11:30:14.942+0000] {crawler.py:84} INFO - Tìm thấy 25 link bài viết cho danh mục chinh-tri
[2025-05-16T11:30:15.754+0000] {crawler.py:108} INFO - Đã lọc: 25 URLs ban đầu -> 1 URLs mới
[2025-05-16T11:30:15.756+0000] {crawler.py:232} INFO - Đang crawl 1 bài viết mới từ danh mục chinh-tri...
[2025-05-16T11:30:15.757+0000] {crawler.py:235} INFO - --> Crawl: https://vietnamnet.vn/de-xuat-tang-muc-phat-vi-pham-giao-thong-toi-da-len-200-trieu-dong-de-ran-de-2401801.html
[2025-05-16T11:30:17.490+0000] {logging_mixin.py:188} INFO - [INIT].... → Crawl4AI 0.6.2
[2025-05-16T11:30:23.336+0000] {logging_mixin.py:188} INFO - [FETCH]... ↓ https://vietnamnet.vn/de-xuat-tang-muc-phat-vi-p...toi-da-len-200-trieu-dong-de-ran-de-2401801.html  | 
[2025-05-16T11:30:23.338+0000] {logging_mixin.py:188} INFO - ✓
[2025-05-16T11:30:23.339+0000] {logging_mixin.py:188} INFO -  | ⏱: 5.64s
[2025-05-16T11:30:23.769+0000] {logging_mixin.py:188} INFO - [SCRAPE].. ◆ https://vietnamnet.vn/de-xuat-tang-muc-phat-vi-p...toi-da-len-200-trieu-dong-de-ran-de-2401801.html  | 
[2025-05-16T11:30:23.770+0000] {logging_mixin.py:188} INFO - ✓
[2025-05-16T11:30:23.771+0000] {logging_mixin.py:188} INFO -  | ⏱: 0.43s
[2025-05-16T11:30:23.773+0000] {logging_mixin.py:188} INFO - [COMPLETE] ● https://vietnamnet.vn/de-xuat-tang-muc-phat-vi-p...toi-da-len-200-trieu-dong-de-ran-de-2401801.html  | 
[2025-05-16T11:30:23.774+0000] {logging_mixin.py:188} INFO - ✓
[2025-05-16T11:30:23.775+0000] {logging_mixin.py:188} INFO -  | ⏱: 6.08s
[2025-05-16T11:30:24.540+0000] {crawler.py:239} INFO -     ✓ Đề xuất tăng mức phạt vi phạm giao thông tối đa lên 200 triệ...

[2025-05-16T11:30:24.541+0000] {crawler.py:242} INFO - ⏱️  Tổng thời gian crawl: 15.39 giây
[2025-05-16T11:30:24.625+0000] {crawler.py:267} INFO - Đã lưu 1 bài viết vào collection 'chinh-tri'
[2025-05-16T11:30:24.690+0000] {python.py:237} INFO - Done. Returned value was: None
[2025-05-16T11:30:24.692+0000] {taskinstance.py:441} INFO - ::group::Post task execution logs
[2025-05-16T11:30:24.705+0000] {taskinstance.py:1206} INFO - Marking task as SUCCESS. dag_id=vietnamnet_crawler_24h, task_id=crawl_chinh-tri, run_id=scheduled__2025-05-16T11:00:00+00:00, execution_date=20250516T110000, start_date=20250516T113008, end_date=20250516T113024
[2025-05-16T11:30:24.759+0000] {local_task_job_runner.py:240} INFO - Task exited with return code 0
[2025-05-16T11:30:24.800+0000] {taskinstance.py:3503} INFO - 1 downstream tasks scheduled from follow-on schedule check
[2025-05-16T11:30:24.803+0000] {local_task_job_runner.py:222} INFO - ::endgroup::
