[2025-05-16T10:59:56.805+0000] {local_task_job_runner.py:120} INFO - ::group::Pre task execution logs
[2025-05-16T10:59:56.839+0000] {taskinstance.py:2076} INFO - Dependencies all met for dep_context=non-requeueable deps ti=<TaskInstance: vietnamnet_crawler_24h.crawl_phap-luat scheduled__2025-05-16T10:00:00+00:00 [queued]>
[2025-05-16T10:59:56.850+0000] {taskinstance.py:2076} INFO - Dependencies all met for dep_context=requeueable deps ti=<TaskInstance: vietnamnet_crawler_24h.crawl_phap-luat scheduled__2025-05-16T10:00:00+00:00 [queued]>
[2025-05-16T10:59:56.851+0000] {taskinstance.py:2306} INFO - Starting attempt 1 of 2
[2025-05-16T10:59:56.871+0000] {taskinstance.py:2330} INFO - Executing <Task(PythonOperator): crawl_phap-luat> on 2025-05-16 10:00:00+00:00
[2025-05-16T10:59:56.884+0000] {warnings.py:112} WARNING - /home/***/.local/lib/python3.12/site-packages/***/task/task_runner/standard_task_runner.py:61: DeprecationWarning: This process (pid=4176) is multi-threaded, use of fork() may lead to deadlocks in the child.
  pid = os.fork()

[2025-05-16T10:59:56.887+0000] {standard_task_runner.py:63} INFO - Started process 4190 to run task
[2025-05-16T10:59:56.888+0000] {standard_task_runner.py:90} INFO - Running: ['***', 'tasks', 'run', 'vietnamnet_crawler_24h', 'crawl_phap-luat', 'scheduled__2025-05-16T10:00:00+00:00', '--job-id', '36', '--raw', '--subdir', 'DAGS_FOLDER/dags.py', '--cfg-path', '/tmp/tmpkmre37za']
[2025-05-16T10:59:56.893+0000] {standard_task_runner.py:91} INFO - Job 36: Subtask crawl_phap-luat
[2025-05-16T10:59:56.966+0000] {task_command.py:426} INFO - Running <TaskInstance: vietnamnet_crawler_24h.crawl_phap-luat scheduled__2025-05-16T10:00:00+00:00 [running]> on host 71b827885e5f
[2025-05-16T10:59:57.131+0000] {taskinstance.py:2648} INFO - Exporting env vars: AIRFLOW_CTX_DAG_OWNER='***' AIRFLOW_CTX_DAG_ID='vietnamnet_crawler_24h' AIRFLOW_CTX_TASK_ID='crawl_phap-luat' AIRFLOW_CTX_EXECUTION_DATE='2025-05-16T10:00:00+00:00' AIRFLOW_CTX_TRY_NUMBER='1' AIRFLOW_CTX_DAG_RUN_ID='scheduled__2025-05-16T10:00:00+00:00'
[2025-05-16T10:59:57.133+0000] {taskinstance.py:430} INFO - ::endgroup::
[2025-05-16T10:59:57.560+0000] {crawler.py:54} INFO - Đã kết nối thành công với MongoDB: News
[2025-05-16T10:59:58.888+0000] {logging_mixin.py:188} INFO - [INIT].... → Crawl4AI 0.6.2
[2025-05-16T11:00:04.599+0000] {logging_mixin.py:188} INFO - [FETCH]... ↓ https://vietnamnet.vn/tin-tuc-24h?bydaterang=&cate=000008                                            | 
[2025-05-16T11:00:04.600+0000] {logging_mixin.py:188} INFO - ✓
[2025-05-16T11:00:04.601+0000] {logging_mixin.py:188} INFO -  | ⏱: 5.52s
[2025-05-16T11:00:05.082+0000] {logging_mixin.py:188} INFO - [SCRAPE].. ◆ https://vietnamnet.vn/tin-tuc-24h?bydaterang=&cate=000008                                            | 
[2025-05-16T11:00:05.084+0000] {logging_mixin.py:188} INFO - ✓
[2025-05-16T11:00:05.085+0000] {logging_mixin.py:188} INFO -  | ⏱: 0.48s
[2025-05-16T11:00:05.094+0000] {logging_mixin.py:188} INFO - [COMPLETE] ● https://vietnamnet.vn/tin-tuc-24h?bydaterang=&cate=000008                                            | 
[2025-05-16T11:00:05.098+0000] {logging_mixin.py:188} INFO - ✓
[2025-05-16T11:00:05.099+0000] {logging_mixin.py:188} INFO -  | ⏱: 6.01s
[2025-05-16T11:00:05.664+0000] {crawler.py:84} INFO - Tìm thấy 25 link bài viết cho danh mục phap-luat
[2025-05-16T11:00:06.506+0000] {crawler.py:108} INFO - Đã lọc: 25 URLs ban đầu -> 0 URLs mới
[2025-05-16T11:00:06.508+0000] {crawler.py:229} INFO - Không có bài viết mới nào trong danh mục phap-luat cần crawl.
[2025-05-16T11:00:06.525+0000] {crawler.py:269} INFO - Không có bài viết để lưu vào collection 'phap-luat'
[2025-05-16T11:00:06.607+0000] {python.py:237} INFO - Done. Returned value was: None
[2025-05-16T11:00:06.609+0000] {taskinstance.py:441} INFO - ::group::Post task execution logs
[2025-05-16T11:00:06.630+0000] {taskinstance.py:1206} INFO - Marking task as SUCCESS. dag_id=vietnamnet_crawler_24h, task_id=crawl_phap-luat, run_id=scheduled__2025-05-16T10:00:00+00:00, execution_date=20250516T100000, start_date=20250516T105956, end_date=20250516T110006
[2025-05-16T11:00:06.742+0000] {local_task_job_runner.py:240} INFO - Task exited with return code 0
[2025-05-16T11:00:06.811+0000] {taskinstance.py:3503} INFO - 1 downstream tasks scheduled from follow-on schedule check
[2025-05-16T11:00:06.824+0000] {local_task_job_runner.py:222} INFO - ::endgroup::
