[2025-05-15T12:06:30.090+0000] {local_task_job_runner.py:120} INFO - ::group::Pre task execution logs
[2025-05-15T12:06:30.111+0000] {taskinstance.py:2076} INFO - Dependencies all met for dep_context=non-requeueable deps ti=<TaskInstance: vietnamnet_crawler_24h.clean_old_articles scheduled__2025-05-15T11:30:00+00:00 [queued]>
[2025-05-15T12:06:30.118+0000] {taskinstance.py:2076} INFO - Dependencies all met for dep_context=requeueable deps ti=<TaskInstance: vietnamnet_crawler_24h.clean_old_articles scheduled__2025-05-15T11:30:00+00:00 [queued]>
[2025-05-15T12:06:30.119+0000] {taskinstance.py:2306} INFO - Starting attempt 1 of 2
[2025-05-15T12:06:30.132+0000] {taskinstance.py:2330} INFO - Executing <Task(PythonOperator): clean_old_articles> on 2025-05-15 11:30:00+00:00
[2025-05-15T12:06:30.138+0000] {warnings.py:112} WARNING - /home/***/.local/lib/python3.12/site-packages/***/task/task_runner/standard_task_runner.py:61: DeprecationWarning: This process (pid=163) is multi-threaded, use of fork() may lead to deadlocks in the child.
  pid = os.fork()

[2025-05-15T12:06:30.140+0000] {standard_task_runner.py:63} INFO - Started process 164 to run task
[2025-05-15T12:06:30.140+0000] {standard_task_runner.py:90} INFO - Running: ['***', 'tasks', 'run', 'vietnamnet_crawler_24h', 'clean_old_articles', 'scheduled__2025-05-15T11:30:00+00:00', '--job-id', '3', '--raw', '--subdir', 'DAGS_FOLDER/dags.py', '--cfg-path', '/tmp/tmpoz2_0o9r']
[2025-05-15T12:06:30.142+0000] {standard_task_runner.py:91} INFO - Job 3: Subtask clean_old_articles
[2025-05-15T12:06:30.188+0000] {task_command.py:426} INFO - Running <TaskInstance: vietnamnet_crawler_24h.clean_old_articles scheduled__2025-05-15T11:30:00+00:00 [running]> on host 3e0aeda9ad24
[2025-05-15T12:06:30.262+0000] {taskinstance.py:2648} INFO - Exporting env vars: AIRFLOW_CTX_DAG_OWNER='***' AIRFLOW_CTX_DAG_ID='vietnamnet_crawler_24h' AIRFLOW_CTX_TASK_ID='clean_old_articles' AIRFLOW_CTX_EXECUTION_DATE='2025-05-15T11:30:00+00:00' AIRFLOW_CTX_TRY_NUMBER='1' AIRFLOW_CTX_DAG_RUN_ID='scheduled__2025-05-15T11:30:00+00:00'
[2025-05-15T12:06:30.264+0000] {taskinstance.py:430} INFO - ::endgroup::
[2025-05-15T12:06:30.617+0000] {database_cleaner.py:33} INFO - Đã kết nối MongoDB: News
[2025-05-15T12:06:30.619+0000] {database_cleaner.py:102} INFO - Xóa các bài viết trước: 2025-04-14T19:06:30.619030+07:00
[2025-05-15T12:06:31.957+0000] {database_cleaner.py:125} INFO - Collection 'cong-nghe': 0 bài bị xóa
[2025-05-15T12:06:32.257+0000] {database_cleaner.py:125} INFO - Collection 'the-gioi': 0 bài bị xóa
[2025-05-15T12:06:32.822+0000] {database_cleaner.py:125} INFO - Collection 'chinh-tri': 0 bài bị xóa
[2025-05-15T12:06:33.005+0000] {database_cleaner.py:125} INFO - Collection 'phap-luat': 0 bài bị xóa
[2025-05-15T12:06:33.224+0000] {database_cleaner.py:125} INFO - Collection 'doi-song': 0 bài bị xóa
[2025-05-15T12:06:33.459+0000] {database_cleaner.py:125} INFO - Collection 'giao-duc': 0 bài bị xóa
[2025-05-15T12:06:33.525+0000] {database_cleaner.py:42} INFO - Đã đóng kết nối MongoDB
[2025-05-15T12:06:33.527+0000] {database_cleaner.py:142} INFO - Đã xóa tổng cộng 0 bài, còn lại 1815
[2025-05-15T12:06:33.527+0000] {python.py:237} INFO - Done. Returned value was: {'cong-nghe': {'total': 161, 'deleted': 0, 'remaining': 161}, 'the-gioi': {'total': 389, 'deleted': 0, 'remaining': 389}, 'chinh-tri': {'total': 519, 'deleted': 0, 'remaining': 519}, 'phap-luat': {'total': 193, 'deleted': 0, 'remaining': 193}, 'doi-song': {'total': 269, 'deleted': 0, 'remaining': 269}, 'giao-duc': {'total': 284, 'deleted': 0, 'remaining': 284}}
[2025-05-15T12:06:33.528+0000] {taskinstance.py:441} INFO - ::group::Post task execution logs
[2025-05-15T12:06:33.546+0000] {taskinstance.py:1206} INFO - Marking task as SUCCESS. dag_id=vietnamnet_crawler_24h, task_id=clean_old_articles, run_id=scheduled__2025-05-15T11:30:00+00:00, execution_date=20250515T113000, start_date=20250515T120630, end_date=20250515T120633
[2025-05-15T12:06:33.569+0000] {local_task_job_runner.py:240} INFO - Task exited with return code 0
[2025-05-15T12:06:33.591+0000] {taskinstance.py:3503} INFO - 1 downstream tasks scheduled from follow-on schedule check
[2025-05-15T12:06:33.594+0000] {local_task_job_runner.py:222} INFO - ::endgroup::
