[2025-07-12T21:03:49.019+0000] {local_task_job_runner.py:120} INFO - ::group::Pre task execution logs
[2025-07-12T21:03:49.054+0000] {taskinstance.py:2076} INFO - Dependencies all met for dep_context=non-requeueable deps ti=<TaskInstance: deepai_crawler_10min.crawl_hardware scheduled__2025-07-11T07:40:00+00:00 [queued]>
[2025-07-12T21:03:49.073+0000] {taskinstance.py:2076} INFO - Dependencies all met for dep_context=requeueable deps ti=<TaskInstance: deepai_crawler_10min.crawl_hardware scheduled__2025-07-11T07:40:00+00:00 [queued]>
[2025-07-12T21:03:49.075+0000] {taskinstance.py:2306} INFO - Starting attempt 2 of 3
[2025-07-12T21:03:49.109+0000] {taskinstance.py:2330} INFO - Executing <Task(PythonOperator): crawl_hardware> on 2025-07-11 07:40:00+00:00
[2025-07-12T21:03:49.122+0000] {warnings.py:112} WARNING - /home/***/.local/lib/python3.12/site-packages/***/task/task_runner/standard_task_runner.py:61: DeprecationWarning: This process (pid=2988) is multi-threaded, use of fork() may lead to deadlocks in the child.
  pid = os.fork()

[2025-07-12T21:03:49.125+0000] {standard_task_runner.py:63} INFO - Started process 3093 to run task
[2025-07-12T21:03:49.126+0000] {standard_task_runner.py:90} INFO - Running: ['***', 'tasks', 'run', 'deepai_crawler_10min', 'crawl_hardware', 'scheduled__2025-07-11T07:40:00+00:00', '--job-id', '1564', '--raw', '--subdir', 'DAGS_FOLDER/dags.py', '--cfg-path', '/tmp/tmpjhccom35']
[2025-07-12T21:03:49.131+0000] {standard_task_runner.py:91} INFO - Job 1564: Subtask crawl_hardware
[2025-07-12T21:03:49.206+0000] {task_command.py:426} INFO - Running <TaskInstance: deepai_crawler_10min.crawl_hardware scheduled__2025-07-11T07:40:00+00:00 [running]> on host 0eb58692feb3
[2025-07-12T21:03:49.374+0000] {taskinstance.py:2648} INFO - Exporting env vars: AIRFLOW_CTX_DAG_OWNER='***' AIRFLOW_CTX_DAG_ID='deepai_crawler_10min' AIRFLOW_CTX_TASK_ID='crawl_hardware' AIRFLOW_CTX_EXECUTION_DATE='2025-07-11T07:40:00+00:00' AIRFLOW_CTX_TRY_NUMBER='2' AIRFLOW_CTX_DAG_RUN_ID='scheduled__2025-07-11T07:40:00+00:00'
[2025-07-12T21:03:49.377+0000] {taskinstance.py:430} INFO - ::endgroup::
[2025-07-12T21:03:49.404+0000] {dags.py:178} INFO - Bắt đầu crawl category: hardware
[2025-07-12T21:03:49.427+0000] {media_manager.py:52} DEBUG - Queue: Media upload queue is empty, waiting for new jobs
[2025-07-12T21:03:49.618+0000] {crawler_deeplai.py:51} INFO - Đã kết nối thành công với MongoDB: deeplearning_ai_news
[2025-07-12T21:03:49.705+0000] {client.py:1980} DEBUG - Getting prompt '3 Points-label:production'
[2025-07-12T21:03:49.707+0000] {client.py:1984} DEBUG - Prompt '3 Points-label:production' not found in cache or caching disabled.
[2025-07-12T21:03:49.708+0000] {client.py:2068} DEBUG - Fetching prompt '3 Points-label:production' from server...
[2025-07-12T21:03:49.771+0000] {log.py:232} WARNING - 2025-07-12 21:03:49,771 - httpx - INFO - HTTP Request: GET http://host.docker.internal:4000/api/public/v2/prompts/3%20Points?label=production "HTTP/1.1 200 OK"
[2025-07-12T21:03:49.771+0000] {_client.py:1025} INFO - HTTP Request: GET http://host.docker.internal:4000/api/public/v2/prompts/3%20Points?label=production "HTTP/1.1 200 OK"
[2025-07-12T21:03:49.787+0000] {crawler_deeplai.py:465} INFO - 🚀 Đang bắt đầu quá trình crawl với Load More...
[2025-07-12T21:03:50.429+0000] {media_manager.py:52} DEBUG - Queue: Media upload queue is empty, waiting for new jobs
[2025-07-12T21:03:51.430+0000] {media_manager.py:52} DEBUG - Queue: Media upload queue is empty, waiting for new jobs
[2025-07-12T21:03:51.611+0000] {logging_mixin.py:188} INFO - [INIT].... → Crawl4AI 0.6.3
[2025-07-12T21:03:51.613+0000] {crawler_deeplai.py:179} INFO - 🌐 Đang truy cập: https://www.deeplearning.ai/the-batch/tag/hardware/
[2025-07-12T21:03:51.614+0000] {crawler_deeplai.py:180} INFO - ⚙️ Cấu hình: max_articles=100, min_threshold=5, max_clicks=1
[2025-07-12T21:03:52.431+0000] {media_manager.py:52} DEBUG - Queue: Media upload queue is empty, waiting for new jobs
[2025-07-12T21:03:53.432+0000] {media_manager.py:52} DEBUG - Queue: Media upload queue is empty, waiting for new jobs
[2025-07-12T21:03:54.446+0000] {media_manager.py:52} DEBUG - Queue: Media upload queue is empty, waiting for new jobs
[2025-07-12T21:03:55.457+0000] {media_manager.py:52} DEBUG - Queue: Media upload queue is empty, waiting for new jobs
[2025-07-12T21:03:56.460+0000] {media_manager.py:52} DEBUG - Queue: Media upload queue is empty, waiting for new jobs
[2025-07-12T21:03:57.467+0000] {media_manager.py:52} DEBUG - Queue: Media upload queue is empty, waiting for new jobs
[2025-07-12T21:03:58.413+0000] {logging_mixin.py:188} INFO - [FETCH]... ↓ https://www.deeplearning.ai/the-batch/tag/hardware/                
| ✓ | ⏱: 6.79s
[2025-07-12T21:03:58.483+0000] {media_manager.py:52} DEBUG - Queue: Media upload queue is empty, waiting for new jobs
[2025-07-12T21:03:58.736+0000] {logging_mixin.py:188} INFO - [SCRAPE].. ◆ https://www.deeplearning.ai/the-batch/tag/hardware/                
| ✓ | ⏱: 0.28s
[2025-07-12T21:03:58.739+0000] {logging_mixin.py:188} INFO - [COMPLETE] ● https://www.deeplearning.ai/the-batch/tag/hardware/                
| ✓ | ⏱: 7.12s
[2025-07-12T21:03:58.741+0000] {crawler_deeplai.py:184} INFO - 📋 JavaScript execution result: {'success': True, 'results': [{'success': True, 'result': {}}]}
[2025-07-12T21:03:58.828+0000] {crawler_deeplai.py:204} INFO - 🎯 Tổng cộng tìm thấy 30 link bài viết unique
[2025-07-12T21:03:58.830+0000] {crawler_deeplai.py:208} INFO - 🔍 Một vài URL đầu tiên:
[2025-07-12T21:03:58.831+0000] {crawler_deeplai.py:210} INFO -   1. https://www.deeplearning.ai/the-batch/ai-creates-an-interactive-minecraft-like-world-in-real-time/
[2025-07-12T21:03:58.832+0000] {crawler_deeplai.py:210} INFO -   2. https://www.deeplearning.ai/the-batch/ai-electricity-demands-spur-an-expansion-of-power-sources/
[2025-07-12T21:03:58.834+0000] {crawler_deeplai.py:210} INFO -   3. https://www.deeplearning.ai/the-batch/all-about-nvidia-gpu-shortage/
[2025-07-12T21:03:58.836+0000] {crawler_deeplai.py:210} INFO -   4. https://www.deeplearning.ai/the-batch/all-about-nvidias-new-blackwell-architecture-and-b200-gpu/
[2025-07-12T21:03:58.837+0000] {crawler_deeplai.py:210} INFO -   5. https://www.deeplearning.ai/the-batch/amazon-google-and-microsoft-bet-on-nuclear-power-to-meet-ai-energy-demands/
[2025-07-12T21:03:58.837+0000] {crawler_deeplai.py:214} INFO - 📊 Sẽ crawl 30 bài viết
[2025-07-12T21:03:59.492+0000] {media_manager.py:52} DEBUG - Queue: Media upload queue is empty, waiting for new jobs
[2025-07-12T21:03:59.814+0000] {crawler_deeplai.py:458} INFO - Đã lọc: 30 URLs ban đầu -> 0 URLs mới
[2025-07-12T21:03:59.815+0000] {crawler_deeplai.py:476} INFO - ℹ️ Không có bài viết mới nào trong danh mục hardware cần crawl.
[2025-07-12T21:03:59.817+0000] {crawler_deeplai.py:533} INFO - ℹ️ Không có bài viết để lưu vào collection 'hardware'
[2025-07-12T21:03:59.872+0000] {dags.py:183} INFO - Hoàn thành crawl category: hardware
[2025-07-12T21:03:59.874+0000] {python.py:237} INFO - Done. Returned value was: None
[2025-07-12T21:03:59.874+0000] {taskinstance.py:441} INFO - ::group::Post task execution logs
[2025-07-12T21:03:59.893+0000] {taskinstance.py:1206} INFO - Marking task as SUCCESS. dag_id=deepai_crawler_10min, task_id=crawl_hardware, run_id=scheduled__2025-07-11T07:40:00+00:00, execution_date=20250711T074000, start_date=20250712T210349, end_date=20250712T210359
[2025-07-12T21:03:59.998+0000] {local_task_job_runner.py:240} INFO - Task exited with return code 0
[2025-07-12T21:04:00.051+0000] {taskinstance.py:3503} INFO - 1 downstream tasks scheduled from follow-on schedule check
[2025-07-12T21:04:00.056+0000] {local_task_job_runner.py:222} INFO - ::endgroup::
