[2025-05-16T10:59:32.387+0000] {local_task_job_runner.py:120} INFO - ::group::Pre task execution logs
[2025-05-16T10:59:32.412+0000] {taskinstance.py:2076} INFO - Dependencies all met for dep_context=non-requeueable deps ti=<TaskInstance: vietnamnet_crawler_24h.crawl_the-gioi scheduled__2025-05-16T10:00:00+00:00 [queued]>
[2025-05-16T10:59:32.424+0000] {taskinstance.py:2076} INFO - Dependencies all met for dep_context=requeueable deps ti=<TaskInstance: vietnamnet_crawler_24h.crawl_the-gioi scheduled__2025-05-16T10:00:00+00:00 [queued]>
[2025-05-16T10:59:32.425+0000] {taskinstance.py:2306} INFO - Starting attempt 1 of 2
[2025-05-16T10:59:32.444+0000] {taskinstance.py:2330} INFO - Executing <Task(PythonOperator): crawl_the-gioi> on 2025-05-16 10:00:00+00:00
[2025-05-16T10:59:32.454+0000] {warnings.py:112} WARNING - /home/***/.local/lib/python3.12/site-packages/***/task/task_runner/standard_task_runner.py:61: DeprecationWarning: This process (pid=3373) is multi-threaded, use of fork() may lead to deadlocks in the child.
  pid = os.fork()

[2025-05-16T10:59:32.456+0000] {standard_task_runner.py:63} INFO - Started process 3473 to run task
[2025-05-16T10:59:32.457+0000] {standard_task_runner.py:90} INFO - Running: ['***', 'tasks', 'run', 'vietnamnet_crawler_24h', 'crawl_the-gioi', 'scheduled__2025-05-16T10:00:00+00:00', '--job-id', '32', '--raw', '--subdir', 'DAGS_FOLDER/dags.py', '--cfg-path', '/tmp/tmpzn9nd12b']
[2025-05-16T10:59:32.461+0000] {standard_task_runner.py:91} INFO - Job 32: Subtask crawl_the-gioi
[2025-05-16T10:59:32.524+0000] {task_command.py:426} INFO - Running <TaskInstance: vietnamnet_crawler_24h.crawl_the-gioi scheduled__2025-05-16T10:00:00+00:00 [running]> on host 71b827885e5f
[2025-05-16T10:59:32.663+0000] {taskinstance.py:2648} INFO - Exporting env vars: AIRFLOW_CTX_DAG_OWNER='***' AIRFLOW_CTX_DAG_ID='vietnamnet_crawler_24h' AIRFLOW_CTX_TASK_ID='crawl_the-gioi' AIRFLOW_CTX_EXECUTION_DATE='2025-05-16T10:00:00+00:00' AIRFLOW_CTX_TRY_NUMBER='1' AIRFLOW_CTX_DAG_RUN_ID='scheduled__2025-05-16T10:00:00+00:00'
[2025-05-16T10:59:32.666+0000] {taskinstance.py:430} INFO - ::endgroup::
[2025-05-16T10:59:32.936+0000] {crawler.py:54} INFO - Đã kết nối thành công với MongoDB: News
[2025-05-16T10:59:33.882+0000] {logging_mixin.py:188} INFO - [INIT].... → Crawl4AI 0.6.2
[2025-05-16T10:59:37.242+0000] {logging_mixin.py:188} INFO - [FETCH]... ↓ https://vietnamnet.vn/tin-tuc-24h?bydaterang=&cate=000005                                            | 
[2025-05-16T10:59:37.242+0000] {logging_mixin.py:188} INFO - ✓
[2025-05-16T10:59:37.243+0000] {logging_mixin.py:188} INFO -  | ⏱: 3.25s
[2025-05-16T10:59:37.468+0000] {logging_mixin.py:188} INFO - [SCRAPE].. ◆ https://vietnamnet.vn/tin-tuc-24h?bydaterang=&cate=000005                                            | 
[2025-05-16T10:59:37.469+0000] {logging_mixin.py:188} INFO - ✓
[2025-05-16T10:59:37.470+0000] {logging_mixin.py:188} INFO -  | ⏱: 0.22s
[2025-05-16T10:59:37.471+0000] {logging_mixin.py:188} INFO - [COMPLETE] ● https://vietnamnet.vn/tin-tuc-24h?bydaterang=&cate=000005                                            | 
[2025-05-16T10:59:37.472+0000] {logging_mixin.py:188} INFO - ✓
[2025-05-16T10:59:37.473+0000] {logging_mixin.py:188} INFO -  | ⏱: 3.48s
[2025-05-16T10:59:37.703+0000] {crawler.py:84} INFO - Tìm thấy 25 link bài viết cho danh mục the-gioi
[2025-05-16T10:59:38.331+0000] {crawler.py:108} INFO - Đã lọc: 25 URLs ban đầu -> 1 URLs mới
[2025-05-16T10:59:38.332+0000] {crawler.py:232} INFO - Đang crawl 1 bài viết mới từ danh mục the-gioi...
[2025-05-16T10:59:38.332+0000] {crawler.py:235} INFO - --> Crawl: https://vietnamnet.vn/ong-zelensky-tuyen-bo-xung-dot-se-khong-keo-dai-hang-thap-ky-2401762.html
[2025-05-16T10:59:39.108+0000] {logging_mixin.py:188} INFO - [INIT].... → Crawl4AI 0.6.2
[2025-05-16T10:59:43.114+0000] {logging_mixin.py:188} INFO - [FETCH]... ↓ https://vietnamnet.vn/ong-zelensky-tuyen-bo-xung-dot-se-khong-keo-dai-hang-thap-ky-2401762.html      | 
[2025-05-16T10:59:43.115+0000] {logging_mixin.py:188} INFO - ✓
[2025-05-16T10:59:43.116+0000] {logging_mixin.py:188} INFO -  | ⏱: 3.97s
[2025-05-16T10:59:43.523+0000] {logging_mixin.py:188} INFO - [SCRAPE].. ◆ https://vietnamnet.vn/ong-zelensky-tuyen-bo-xung-dot-se-khong-keo-dai-hang-thap-ky-2401762.html      | 
[2025-05-16T10:59:43.524+0000] {logging_mixin.py:188} INFO - ✓
[2025-05-16T10:59:43.525+0000] {logging_mixin.py:188} INFO -  | ⏱: 0.41s
[2025-05-16T10:59:43.526+0000] {logging_mixin.py:188} INFO - [COMPLETE] ● https://vietnamnet.vn/ong-zelensky-tuyen-bo-xung-dot-se-khong-keo-dai-hang-thap-ky-2401762.html      | 
[2025-05-16T10:59:43.527+0000] {logging_mixin.py:188} INFO - ✓
[2025-05-16T10:59:43.528+0000] {logging_mixin.py:188} INFO -  | ⏱: 4.38s
[2025-05-16T10:59:44.182+0000] {crawler.py:239} INFO -     ✓ Ông Zelensky tuyên bố xung đột sẽ không kéo dài hàng thập kỷ...

[2025-05-16T10:59:44.183+0000] {crawler.py:242} INFO - ⏱️  Tổng thời gian crawl: 11.25 giây
[2025-05-16T10:59:44.255+0000] {crawler.py:267} INFO - Đã lưu 1 bài viết vào collection 'the-gioi'
[2025-05-16T10:59:44.319+0000] {python.py:237} INFO - Done. Returned value was: None
[2025-05-16T10:59:44.320+0000] {taskinstance.py:441} INFO - ::group::Post task execution logs
[2025-05-16T10:59:44.334+0000] {taskinstance.py:1206} INFO - Marking task as SUCCESS. dag_id=vietnamnet_crawler_24h, task_id=crawl_the-gioi, run_id=scheduled__2025-05-16T10:00:00+00:00, execution_date=20250516T100000, start_date=20250516T105932, end_date=20250516T105944
[2025-05-16T10:59:44.387+0000] {local_task_job_runner.py:240} INFO - Task exited with return code 0
[2025-05-16T10:59:44.438+0000] {taskinstance.py:3503} INFO - 1 downstream tasks scheduled from follow-on schedule check
[2025-05-16T10:59:44.441+0000] {local_task_job_runner.py:222} INFO - ::endgroup::
