[2025-05-16T12:51:13.016+0000] {local_task_job_runner.py:120} INFO - ::group::Pre task execution logs
[2025-05-16T12:51:13.036+0000] {taskinstance.py:2076} INFO - Dependencies all met for dep_context=non-requeueable deps ti=<TaskInstance: vietnamnet_crawler_24h.crawl_cong-nghe scheduled__2025-05-16T12:00:00+00:00 [queued]>
[2025-05-16T12:51:13.044+0000] {taskinstance.py:2076} INFO - Dependencies all met for dep_context=requeueable deps ti=<TaskInstance: vietnamnet_crawler_24h.crawl_cong-nghe scheduled__2025-05-16T12:00:00+00:00 [queued]>
[2025-05-16T12:51:13.044+0000] {taskinstance.py:2306} INFO - Starting attempt 1 of 2
[2025-05-16T12:51:13.057+0000] {taskinstance.py:2330} INFO - Executing <Task(PythonOperator): crawl_cong-nghe> on 2025-05-16 12:00:00+00:00
[2025-05-16T12:51:13.063+0000] {warnings.py:112} WARNING - /home/***/.local/lib/python3.12/site-packages/***/task/task_runner/standard_task_runner.py:61: DeprecationWarning: This process (pid=1443) is multi-threaded, use of fork() may lead to deadlocks in the child.
  pid = os.fork()

[2025-05-16T12:51:13.064+0000] {standard_task_runner.py:63} INFO - Started process 1445 to run task
[2025-05-16T12:51:13.064+0000] {standard_task_runner.py:90} INFO - Running: ['***', 'tasks', 'run', 'vietnamnet_crawler_24h', 'crawl_cong-nghe', 'scheduled__2025-05-16T12:00:00+00:00', '--job-id', '12', '--raw', '--subdir', 'DAGS_FOLDER/dags.py', '--cfg-path', '/tmp/tmpmxqfhqy0']
[2025-05-16T12:51:13.066+0000] {standard_task_runner.py:91} INFO - Job 12: Subtask crawl_cong-nghe
[2025-05-16T12:51:13.106+0000] {task_command.py:426} INFO - Running <TaskInstance: vietnamnet_crawler_24h.crawl_cong-nghe scheduled__2025-05-16T12:00:00+00:00 [running]> on host 60d771d880eb
[2025-05-16T12:51:13.181+0000] {taskinstance.py:2648} INFO - Exporting env vars: AIRFLOW_CTX_DAG_OWNER='***' AIRFLOW_CTX_DAG_ID='vietnamnet_crawler_24h' AIRFLOW_CTX_TASK_ID='crawl_cong-nghe' AIRFLOW_CTX_EXECUTION_DATE='2025-05-16T12:00:00+00:00' AIRFLOW_CTX_TRY_NUMBER='1' AIRFLOW_CTX_DAG_RUN_ID='scheduled__2025-05-16T12:00:00+00:00'
[2025-05-16T12:51:13.182+0000] {taskinstance.py:430} INFO - ::endgroup::
[2025-05-16T12:51:13.349+0000] {crawler.py:54} INFO - Đã kết nối thành công với MongoDB: News
[2025-05-16T12:51:13.354+0000] {logging_mixin.py:188} INFO - [INIT].... → Crawl4AI 0.6.2
[2025-05-16T12:51:16.353+0000] {logging_mixin.py:188} INFO - [FETCH]... ↓ https://vietnamnet.vn/tin-tuc-24h?bydaterang=&cate=00MK8V                                            | 
[2025-05-16T12:51:16.354+0000] {logging_mixin.py:188} INFO - ✓
[2025-05-16T12:51:16.355+0000] {logging_mixin.py:188} INFO -  | ⏱: 2.93s
[2025-05-16T12:51:16.548+0000] {logging_mixin.py:188} INFO - [SCRAPE].. ◆ https://vietnamnet.vn/tin-tuc-24h?bydaterang=&cate=00MK8V                                            | 
[2025-05-16T12:51:16.549+0000] {logging_mixin.py:188} INFO - ✓
[2025-05-16T12:51:16.550+0000] {logging_mixin.py:188} INFO -  | ⏱: 0.19s
[2025-05-16T12:51:16.551+0000] {logging_mixin.py:188} INFO - [COMPLETE] ● https://vietnamnet.vn/tin-tuc-24h?bydaterang=&cate=00MK8V                                            | 
[2025-05-16T12:51:16.551+0000] {logging_mixin.py:188} INFO - ✓
[2025-05-16T12:51:16.552+0000] {logging_mixin.py:188} INFO -  | ⏱: 3.12s
[2025-05-16T12:51:16.640+0000] {crawler.py:84} INFO - Tìm thấy 25 link bài viết cho danh mục cong-nghe
[2025-05-16T12:51:17.251+0000] {crawler.py:108} INFO - Đã lọc: 25 URLs ban đầu -> 0 URLs mới
[2025-05-16T12:51:17.252+0000] {crawler.py:229} INFO - Không có bài viết mới nào trong danh mục cong-nghe cần crawl.
[2025-05-16T12:51:17.252+0000] {crawler.py:269} INFO - Không có bài viết để lưu vào collection 'cong-nghe'
[2025-05-16T12:51:17.320+0000] {python.py:237} INFO - Done. Returned value was: None
[2025-05-16T12:51:17.324+0000] {taskinstance.py:441} INFO - ::group::Post task execution logs
[2025-05-16T12:51:17.346+0000] {taskinstance.py:1206} INFO - Marking task as SUCCESS. dag_id=vietnamnet_crawler_24h, task_id=crawl_cong-nghe, run_id=scheduled__2025-05-16T12:00:00+00:00, execution_date=20250516T120000, start_date=20250516T125113, end_date=20250516T125117
[2025-05-16T12:51:17.408+0000] {local_task_job_runner.py:240} INFO - Task exited with return code 0
[2025-05-16T12:51:17.453+0000] {taskinstance.py:3503} INFO - 1 downstream tasks scheduled from follow-on schedule check
[2025-05-16T12:51:17.456+0000] {local_task_job_runner.py:222} INFO - ::endgroup::
