[2025-05-17T12:39:12.077+0000] {local_task_job_runner.py:120} INFO - ::group::Pre task execution logs
[2025-05-17T12:39:12.098+0000] {taskinstance.py:2076} INFO - Dependencies all met for dep_context=non-requeueable deps ti=<TaskInstance: vietnamnet_crawler_24h.crawl_doi-song scheduled__2025-05-17T12:00:00+00:00 [queued]>
[2025-05-17T12:39:12.107+0000] {taskinstance.py:2076} INFO - Dependencies all met for dep_context=requeueable deps ti=<TaskInstance: vietnamnet_crawler_24h.crawl_doi-song scheduled__2025-05-17T12:00:00+00:00 [queued]>
[2025-05-17T12:39:12.108+0000] {taskinstance.py:2306} INFO - Starting attempt 1 of 2
[2025-05-17T12:39:12.121+0000] {taskinstance.py:2330} INFO - Executing <Task(PythonOperator): crawl_doi-song> on 2025-05-17 12:00:00+00:00
[2025-05-17T12:39:12.127+0000] {warnings.py:112} WARNING - /home/***/.local/lib/python3.12/site-packages/***/task/task_runner/standard_task_runner.py:61: DeprecationWarning: This process (pid=10315) is multi-threaded, use of fork() may lead to deadlocks in the child.
  pid = os.fork()

[2025-05-17T12:39:12.128+0000] {standard_task_runner.py:63} INFO - Started process 10328 to run task
[2025-05-17T12:39:12.129+0000] {standard_task_runner.py:90} INFO - Running: ['***', 'tasks', 'run', 'vietnamnet_crawler_24h', 'crawl_doi-song', 'scheduled__2025-05-17T12:00:00+00:00', '--job-id', '158', '--raw', '--subdir', 'DAGS_FOLDER/dags.py', '--cfg-path', '/tmp/tmp1c5br6nl']
[2025-05-17T12:39:12.131+0000] {standard_task_runner.py:91} INFO - Job 158: Subtask crawl_doi-song
[2025-05-17T12:39:12.170+0000] {task_command.py:426} INFO - Running <TaskInstance: vietnamnet_crawler_24h.crawl_doi-song scheduled__2025-05-17T12:00:00+00:00 [running]> on host 60d771d880eb
[2025-05-17T12:39:12.260+0000] {taskinstance.py:2648} INFO - Exporting env vars: AIRFLOW_CTX_DAG_OWNER='***' AIRFLOW_CTX_DAG_ID='vietnamnet_crawler_24h' AIRFLOW_CTX_TASK_ID='crawl_doi-song' AIRFLOW_CTX_EXECUTION_DATE='2025-05-17T12:00:00+00:00' AIRFLOW_CTX_TRY_NUMBER='1' AIRFLOW_CTX_DAG_RUN_ID='scheduled__2025-05-17T12:00:00+00:00'
[2025-05-17T12:39:12.261+0000] {taskinstance.py:430} INFO - ::endgroup::
[2025-05-17T12:39:12.439+0000] {crawler.py:55} INFO - Đã kết nối thành công với MongoDB: News
[2025-05-17T12:39:13.074+0000] {logging_mixin.py:188} INFO - [INIT].... → Crawl4AI 0.6.2
[2025-05-17T12:39:16.528+0000] {logging_mixin.py:188} INFO - [FETCH]... ↓ https://vietnamnet.vn/tin-tuc-24h?bydaterang=&cate=000007                                            | 
[2025-05-17T12:39:16.529+0000] {logging_mixin.py:188} INFO - ✓
[2025-05-17T12:39:16.530+0000] {logging_mixin.py:188} INFO -  | ⏱: 3.36s
[2025-05-17T12:39:16.851+0000] {logging_mixin.py:188} INFO - [SCRAPE].. ◆ https://vietnamnet.vn/tin-tuc-24h?bydaterang=&cate=000007                                            | 
[2025-05-17T12:39:16.852+0000] {logging_mixin.py:188} INFO - ✓
[2025-05-17T12:39:16.852+0000] {logging_mixin.py:188} INFO -  | ⏱: 0.32s
[2025-05-17T12:39:16.854+0000] {logging_mixin.py:188} INFO - [COMPLETE] ● https://vietnamnet.vn/tin-tuc-24h?bydaterang=&cate=000007                                            | 
[2025-05-17T12:39:16.855+0000] {logging_mixin.py:188} INFO - ✓
[2025-05-17T12:39:16.855+0000] {logging_mixin.py:188} INFO -  | ⏱: 3.69s
[2025-05-17T12:39:17.276+0000] {crawler.py:85} INFO - Tìm thấy 25 link bài viết cho danh mục doi-song
[2025-05-17T12:39:17.961+0000] {crawler.py:110} INFO - Đã lọc: 25 URLs ban đầu -> 0 URLs sau xử lý live
[2025-05-17T12:39:17.962+0000] {crawler.py:252} INFO - Không có bài viết mới nào trong danh mục doi-song cần crawl.
[2025-05-17T12:39:18.032+0000] {crawler.py:294} INFO - Không có bài viết để lưu vào collection 'doi-song'
[2025-05-17T12:39:18.097+0000] {python.py:237} INFO - Done. Returned value was: None
[2025-05-17T12:39:18.098+0000] {taskinstance.py:441} INFO - ::group::Post task execution logs
[2025-05-17T12:39:18.109+0000] {taskinstance.py:1206} INFO - Marking task as SUCCESS. dag_id=vietnamnet_crawler_24h, task_id=crawl_doi-song, run_id=scheduled__2025-05-17T12:00:00+00:00, execution_date=20250517T120000, start_date=20250517T123912, end_date=20250517T123918
[2025-05-17T12:39:18.178+0000] {local_task_job_runner.py:240} INFO - Task exited with return code 0
[2025-05-17T12:39:18.203+0000] {taskinstance.py:3503} INFO - 0 downstream tasks scheduled from follow-on schedule check
[2025-05-17T12:39:18.206+0000] {local_task_job_runner.py:222} INFO - ::endgroup::
