[2025-05-11T18:00:14.304+0000] {local_task_job_runner.py:120} INFO - ::group::Pre task execution logs
[2025-05-11T18:00:14.322+0000] {taskinstance.py:2076} INFO - Dependencies all met for dep_context=non-requeueable deps ti=<TaskInstance: vietnamnet_crawler_24h.crawl_giao-duc scheduled__2025-05-11T17:30:00+00:00 [queued]>
[2025-05-11T18:00:14.329+0000] {taskinstance.py:2076} INFO - Dependencies all met for dep_context=requeueable deps ti=<TaskInstance: vietnamnet_crawler_24h.crawl_giao-duc scheduled__2025-05-11T17:30:00+00:00 [queued]>
[2025-05-11T18:00:14.330+0000] {taskinstance.py:2306} INFO - Starting attempt 1 of 2
[2025-05-11T18:00:14.343+0000] {taskinstance.py:2330} INFO - Executing <Task(PythonOperator): crawl_giao-duc> on 2025-05-11 17:30:00+00:00
[2025-05-11T18:00:14.348+0000] {warnings.py:112} WARNING - /home/***/.local/lib/python3.12/site-packages/***/task/task_runner/standard_task_runner.py:61: DeprecationWarning: This process (pid=25905) is multi-threaded, use of fork() may lead to deadlocks in the child.
  pid = os.fork()

[2025-05-11T18:00:14.350+0000] {standard_task_runner.py:63} INFO - Started process 25906 to run task
[2025-05-11T18:00:14.350+0000] {standard_task_runner.py:90} INFO - Running: ['***', 'tasks', 'run', 'vietnamnet_crawler_24h', 'crawl_giao-duc', 'scheduled__2025-05-11T17:30:00+00:00', '--job-id', '19', '--raw', '--subdir', 'DAGS_FOLDER/dags.py', '--cfg-path', '/tmp/tmprug8j_qi']
[2025-05-11T18:00:14.353+0000] {standard_task_runner.py:91} INFO - Job 19: Subtask crawl_giao-duc
[2025-05-11T18:00:14.392+0000] {task_command.py:426} INFO - Running <TaskInstance: vietnamnet_crawler_24h.crawl_giao-duc scheduled__2025-05-11T17:30:00+00:00 [running]> on host 2e5e0a2a1f8e
[2025-05-11T18:00:14.472+0000] {taskinstance.py:2648} INFO - Exporting env vars: AIRFLOW_CTX_DAG_OWNER='***' AIRFLOW_CTX_DAG_ID='vietnamnet_crawler_24h' AIRFLOW_CTX_TASK_ID='crawl_giao-duc' AIRFLOW_CTX_EXECUTION_DATE='2025-05-11T17:30:00+00:00' AIRFLOW_CTX_TRY_NUMBER='1' AIRFLOW_CTX_DAG_RUN_ID='scheduled__2025-05-11T17:30:00+00:00'
[2025-05-11T18:00:14.473+0000] {taskinstance.py:430} INFO - ::endgroup::
[2025-05-11T18:00:14.621+0000] {crawler.py:54} INFO - Đã kết nối thành công với MongoDB: News
[2025-05-11T18:00:14.744+0000] {crawler.py:44} INFO - ArticleSummarizer đã được khởi tạo thành công
[2025-05-11T18:00:15.305+0000] {logging_mixin.py:188} INFO - [INIT].... → Crawl4AI 0.6.2
[2025-05-11T18:00:17.862+0000] {logging_mixin.py:188} INFO - [FETCH]... ↓ https://vietnamnet.vn/tin-tuc-24h?bydaterang=&cate=000006                                            | 
[2025-05-11T18:00:17.863+0000] {logging_mixin.py:188} INFO - ✓
[2025-05-11T18:00:17.863+0000] {logging_mixin.py:188} INFO -  | ⏱: 2.48s
[2025-05-11T18:00:18.199+0000] {logging_mixin.py:188} INFO - [SCRAPE].. ◆ https://vietnamnet.vn/tin-tuc-24h?bydaterang=&cate=000006                                            | 
[2025-05-11T18:00:18.200+0000] {logging_mixin.py:188} INFO - ✓
[2025-05-11T18:00:18.200+0000] {logging_mixin.py:188} INFO -  | ⏱: 0.34s
[2025-05-11T18:00:18.201+0000] {logging_mixin.py:188} INFO - [COMPLETE] ● https://vietnamnet.vn/tin-tuc-24h?bydaterang=&cate=000006                                            | 
[2025-05-11T18:00:18.202+0000] {logging_mixin.py:188} INFO - ✓
[2025-05-11T18:00:18.202+0000] {logging_mixin.py:188} INFO -  | ⏱: 2.82s
[2025-05-11T18:00:18.289+0000] {crawler.py:84} INFO - Tìm thấy 25 link bài viết cho danh mục giao-duc
[2025-05-11T18:00:20.306+0000] {crawler.py:103} INFO - Đã lọc: 25 URLs ban đầu -> 0 URLs mới
[2025-05-11T18:00:20.306+0000] {crawler.py:222} INFO - Không có bài viết mới nào trong danh mục giao-duc cần crawl.
[2025-05-11T18:00:20.307+0000] {crawler.py:257} INFO - Không có bài viết để lưu vào collection 'giao-duc'
[2025-05-11T18:00:20.365+0000] {python.py:237} INFO - Done. Returned value was: None
[2025-05-11T18:00:20.367+0000] {taskinstance.py:441} INFO - ::group::Post task execution logs
[2025-05-11T18:00:20.375+0000] {taskinstance.py:1206} INFO - Marking task as SUCCESS. dag_id=vietnamnet_crawler_24h, task_id=crawl_giao-duc, run_id=scheduled__2025-05-11T17:30:00+00:00, execution_date=20250511T173000, start_date=20250511T180014, end_date=20250511T180020
[2025-05-11T18:00:20.428+0000] {local_task_job_runner.py:240} INFO - Task exited with return code 0
[2025-05-11T18:00:20.448+0000] {taskinstance.py:3503} INFO - 1 downstream tasks scheduled from follow-on schedule check
[2025-05-11T18:00:20.451+0000] {local_task_job_runner.py:222} INFO - ::endgroup::
