[2025-06-21T23:50:35.420+0000] {local_task_job_runner.py:120} INFO - ::group::Pre task execution logs
[2025-06-21T23:50:35.435+0000] {taskinstance.py:2076} INFO - Dependencies all met for dep_context=non-requeueable deps ti=<TaskInstance: deepai_crawler_10min.crawl_science scheduled__2025-06-21T23:40:00+00:00 [queued]>
[2025-06-21T23:50:35.442+0000] {taskinstance.py:2076} INFO - Dependencies all met for dep_context=requeueable deps ti=<TaskInstance: deepai_crawler_10min.crawl_science scheduled__2025-06-21T23:40:00+00:00 [queued]>
[2025-06-21T23:50:35.443+0000] {taskinstance.py:2306} INFO - Starting attempt 1 of 3
[2025-06-21T23:50:35.456+0000] {taskinstance.py:2330} INFO - Executing <Task(PythonOperator): crawl_science> on 2025-06-21 23:40:00+00:00
[2025-06-21T23:50:35.465+0000] {warnings.py:112} WARNING - /home/***/.local/lib/python3.12/site-packages/***/task/task_runner/standard_task_runner.py:61: DeprecationWarning: This process (pid=4084) is multi-threaded, use of fork() may lead to deadlocks in the child.
  pid = os.fork()

[2025-06-21T23:50:35.468+0000] {standard_task_runner.py:63} INFO - Started process 4102 to run task
[2025-06-21T23:50:35.469+0000] {standard_task_runner.py:90} INFO - Running: ['***', 'tasks', 'run', 'deepai_crawler_10min', 'crawl_science', 'scheduled__2025-06-21T23:40:00+00:00', '--job-id', '104', '--raw', '--subdir', 'DAGS_FOLDER/dags.py', '--cfg-path', '/tmp/tmp0bwstaz0']
[2025-06-21T23:50:35.473+0000] {standard_task_runner.py:91} INFO - Job 104: Subtask crawl_science
[2025-06-21T23:50:35.523+0000] {task_command.py:426} INFO - Running <TaskInstance: deepai_crawler_10min.crawl_science scheduled__2025-06-21T23:40:00+00:00 [running]> on host 5471b5a2dbbe
[2025-06-21T23:50:35.617+0000] {taskinstance.py:2648} INFO - Exporting env vars: AIRFLOW_CTX_DAG_OWNER='***' AIRFLOW_CTX_DAG_ID='deepai_crawler_10min' AIRFLOW_CTX_TASK_ID='crawl_science' AIRFLOW_CTX_EXECUTION_DATE='2025-06-21T23:40:00+00:00' AIRFLOW_CTX_TRY_NUMBER='1' AIRFLOW_CTX_DAG_RUN_ID='scheduled__2025-06-21T23:40:00+00:00'
[2025-06-21T23:50:35.619+0000] {taskinstance.py:430} INFO - ::endgroup::
[2025-06-21T23:50:35.634+0000] {dags.py:167} INFO - Bắt đầu crawl category: science
[2025-06-21T23:50:35.761+0000] {crawler_deeplai.py:49} INFO - Đã kết nối thành công với MongoDB: deeplearning_ai_news
[2025-06-21T23:50:35.796+0000] {crawler_deeplai.py:463} INFO - 🚀 Đang bắt đầu quá trình crawl với Load More...
[2025-06-21T23:50:36.463+0000] {logging_mixin.py:188} INFO - [INIT].... → Crawl4AI 0.6.3
[2025-06-21T23:50:36.464+0000] {crawler_deeplai.py:177} INFO - 🌐 Đang truy cập: https://www.deeplearning.ai/the-batch/tag/science/
[2025-06-21T23:50:36.465+0000] {crawler_deeplai.py:178} INFO - ⚙️ Cấu hình: max_articles=100, min_threshold=5, max_clicks=1
[2025-06-21T23:50:40.030+0000] {logging_mixin.py:188} INFO - [FETCH]... ↓ https://www.deeplearning.ai/the-batch/tag/science/                 
| ✓ | ⏱: 3.56s
[2025-06-21T23:50:40.128+0000] {logging_mixin.py:188} INFO - [SCRAPE].. ◆ https://www.deeplearning.ai/the-batch/tag/science/                 
| ✓ | ⏱: 0.10s
[2025-06-21T23:50:40.131+0000] {logging_mixin.py:188} INFO - [COMPLETE] ● https://www.deeplearning.ai/the-batch/tag/science/                 
| ✓ | ⏱: 3.66s
[2025-06-21T23:50:40.132+0000] {crawler_deeplai.py:182} INFO - 📋 JavaScript execution result: {'success': True, 'results': [{'success': True, 'result': {}}]}
[2025-06-21T23:50:40.167+0000] {crawler_deeplai.py:202} INFO - 🎯 Tổng cộng tìm thấy 30 link bài viết unique
[2025-06-21T23:50:40.167+0000] {crawler_deeplai.py:206} INFO - 🔍 Một vài URL đầu tiên:
[2025-06-21T23:50:40.168+0000] {crawler_deeplai.py:208} INFO -   1. https://www.deeplearning.ai/the-batch/a-neural-network-shows-remarkable-accuracy-in-forecasting-risk-of-pancreatic-cancer/
[2025-06-21T23:50:40.168+0000] {crawler_deeplai.py:208} INFO -   2. https://www.deeplearning.ai/the-batch/a-roadmap-explores-how-ai-can-detect-and-mitigate-greenhouse-gases/
[2025-06-21T23:50:40.169+0000] {crawler_deeplai.py:208} INFO -   3. https://www.deeplearning.ai/the-batch/agentic-workflow-generates-novel-scientific-research-papers/
[2025-06-21T23:50:40.169+0000] {crawler_deeplai.py:208} INFO -   4. https://www.deeplearning.ai/the-batch/ai-and-data-center-boom-challenges-big-techs-emissions-targets/
[2025-06-21T23:50:40.170+0000] {crawler_deeplai.py:208} INFO -   5. https://www.deeplearning.ai/the-batch/ai-co-scientist-an-agent-that-generates-research-hypotheses-aiding-drug-discovery/
[2025-06-21T23:50:40.170+0000] {crawler_deeplai.py:212} INFO - 📊 Sẽ crawl 30 bài viết
[2025-06-21T23:50:40.697+0000] {crawler_deeplai.py:456} INFO - Đã lọc: 30 URLs ban đầu -> 0 URLs mới
[2025-06-21T23:50:40.698+0000] {crawler_deeplai.py:474} INFO - ℹ️ Không có bài viết mới nào trong danh mục science cần crawl.
[2025-06-21T23:50:40.699+0000] {crawler_deeplai.py:531} INFO - ℹ️ Không có bài viết để lưu vào collection 'science'
[2025-06-21T23:50:40.748+0000] {dags.py:172} INFO - Hoàn thành crawl category: science
[2025-06-21T23:50:40.748+0000] {python.py:237} INFO - Done. Returned value was: None
[2025-06-21T23:50:40.749+0000] {taskinstance.py:441} INFO - ::group::Post task execution logs
[2025-06-21T23:50:40.758+0000] {taskinstance.py:1206} INFO - Marking task as SUCCESS. dag_id=deepai_crawler_10min, task_id=crawl_science, run_id=scheduled__2025-06-21T23:40:00+00:00, execution_date=20250621T234000, start_date=20250621T235035, end_date=20250621T235040
[2025-06-21T23:50:40.829+0000] {local_task_job_runner.py:240} INFO - Task exited with return code 0
[2025-06-21T23:50:40.851+0000] {taskinstance.py:3503} INFO - 1 downstream tasks scheduled from follow-on schedule check
[2025-06-21T23:50:40.854+0000] {local_task_job_runner.py:222} INFO - ::endgroup::
