[2025-05-17T13:00:27.352+0000] {local_task_job_runner.py:120} INFO - ::group::Pre task execution logs
[2025-05-17T13:00:27.372+0000] {taskinstance.py:2076} INFO - Dependencies all met for dep_context=non-requeueable deps ti=<TaskInstance: vietnamnet_crawler_24h.crawl_cong-nghe scheduled__2025-05-17T12:30:00+00:00 [queued]>
[2025-05-17T13:00:27.380+0000] {taskinstance.py:2076} INFO - Dependencies all met for dep_context=requeueable deps ti=<TaskInstance: vietnamnet_crawler_24h.crawl_cong-nghe scheduled__2025-05-17T12:30:00+00:00 [queued]>
[2025-05-17T13:00:27.381+0000] {taskinstance.py:2306} INFO - Starting attempt 1 of 2
[2025-05-17T13:00:27.407+0000] {taskinstance.py:2330} INFO - Executing <Task(PythonOperator): crawl_cong-nghe> on 2025-05-17 12:30:00+00:00
[2025-05-17T13:00:27.413+0000] {warnings.py:112} WARNING - /home/***/.local/lib/python3.12/site-packages/***/task/task_runner/standard_task_runner.py:61: DeprecationWarning: This process (pid=24368) is multi-threaded, use of fork() may lead to deadlocks in the child.
  pid = os.fork()

[2025-05-17T13:00:27.415+0000] {standard_task_runner.py:63} INFO - Started process 24369 to run task
[2025-05-17T13:00:27.415+0000] {standard_task_runner.py:90} INFO - Running: ['***', 'tasks', 'run', 'vietnamnet_crawler_24h', 'crawl_cong-nghe', 'scheduled__2025-05-17T12:30:00+00:00', '--job-id', '178', '--raw', '--subdir', 'DAGS_FOLDER/dags.py', '--cfg-path', '/tmp/tmp4lqm9qr_']
[2025-05-17T13:00:27.417+0000] {standard_task_runner.py:91} INFO - Job 178: Subtask crawl_cong-nghe
[2025-05-17T13:00:27.514+0000] {task_command.py:426} INFO - Running <TaskInstance: vietnamnet_crawler_24h.crawl_cong-nghe scheduled__2025-05-17T12:30:00+00:00 [running]> on host 60d771d880eb
[2025-05-17T13:00:27.639+0000] {taskinstance.py:2648} INFO - Exporting env vars: AIRFLOW_CTX_DAG_OWNER='***' AIRFLOW_CTX_DAG_ID='vietnamnet_crawler_24h' AIRFLOW_CTX_TASK_ID='crawl_cong-nghe' AIRFLOW_CTX_EXECUTION_DATE='2025-05-17T12:30:00+00:00' AIRFLOW_CTX_TRY_NUMBER='1' AIRFLOW_CTX_DAG_RUN_ID='scheduled__2025-05-17T12:30:00+00:00'
[2025-05-17T13:00:27.641+0000] {taskinstance.py:430} INFO - ::endgroup::
[2025-05-17T13:00:27.788+0000] {crawler.py:55} INFO - Đã kết nối thành công với MongoDB: News
[2025-05-17T13:00:28.366+0000] {logging_mixin.py:188} INFO - [INIT].... → Crawl4AI 0.6.2
[2025-05-17T13:00:30.749+0000] {logging_mixin.py:188} INFO - [FETCH]... ↓ https://vietnamnet.vn/tin-tuc-24h?bydaterang=&cate=00MK8V                                            | 
[2025-05-17T13:00:30.750+0000] {logging_mixin.py:188} INFO - ✓
[2025-05-17T13:00:30.750+0000] {logging_mixin.py:188} INFO -  | ⏱: 2.32s
[2025-05-17T13:00:30.909+0000] {logging_mixin.py:188} INFO - [SCRAPE].. ◆ https://vietnamnet.vn/tin-tuc-24h?bydaterang=&cate=00MK8V                                            | 
[2025-05-17T13:00:30.910+0000] {logging_mixin.py:188} INFO - ✓
[2025-05-17T13:00:30.910+0000] {logging_mixin.py:188} INFO -  | ⏱: 0.16s
[2025-05-17T13:00:30.911+0000] {logging_mixin.py:188} INFO - [COMPLETE] ● https://vietnamnet.vn/tin-tuc-24h?bydaterang=&cate=00MK8V                                            | 
[2025-05-17T13:00:30.911+0000] {logging_mixin.py:188} INFO - ✓
[2025-05-17T13:00:30.912+0000] {logging_mixin.py:188} INFO -  | ⏱: 2.48s
[2025-05-17T13:00:31.120+0000] {crawler.py:85} INFO - Tìm thấy 25 link bài viết cho danh mục cong-nghe
[2025-05-17T13:00:32.198+0000] {crawler.py:110} INFO - Đã lọc: 25 URLs ban đầu -> 0 URLs sau xử lý live
[2025-05-17T13:00:32.199+0000] {crawler.py:252} INFO - Không có bài viết mới nào trong danh mục cong-nghe cần crawl.
[2025-05-17T13:00:32.268+0000] {crawler.py:294} INFO - Không có bài viết để lưu vào collection 'cong-nghe'
[2025-05-17T13:00:32.333+0000] {python.py:237} INFO - Done. Returned value was: None
[2025-05-17T13:00:32.334+0000] {taskinstance.py:441} INFO - ::group::Post task execution logs
[2025-05-17T13:00:32.341+0000] {taskinstance.py:1206} INFO - Marking task as SUCCESS. dag_id=vietnamnet_crawler_24h, task_id=crawl_cong-nghe, run_id=scheduled__2025-05-17T12:30:00+00:00, execution_date=20250517T123000, start_date=20250517T130027, end_date=20250517T130032
[2025-05-17T13:00:32.407+0000] {local_task_job_runner.py:240} INFO - Task exited with return code 0
[2025-05-17T13:00:32.426+0000] {taskinstance.py:3503} INFO - 1 downstream tasks scheduled from follow-on schedule check
[2025-05-17T13:00:32.458+0000] {local_task_job_runner.py:222} INFO - ::endgroup::
